Exp 1
[sudo] password for ubuntu:
Connecting at 2023-05-27T12:51:46.922711065Z
Received at 2023-05-27T12:51:51.360410980Z
Duration  51.820384576
Exp 2
Connecting at 2023-05-27T12:52:37.434402152Z
Received at 2023-05-27T12:52:42.314710841Z
Duration  48.931158581
Exp 3
Connecting at 2023-05-27T12:53:27.996509363Z
Received at 2023-05-27T12:53:32.433727404Z
Duration  50.069858727
Exp 4
Connecting at 2023-05-27T12:54:15.724415814Z
Received at 2023-05-27T12:54:20.165573265Z
Duration  47.736343565
Exp 5
Connecting at 2023-05-27T12:55:02.669486683Z
Received at 2023-05-27T12:55:08.460452863Z
Duration  48.307379327
Exp 6
Connecting at 2023-05-27T12:55:51.098130102Z
Received at 2023-05-27T12:55:55.622557020Z
Duration  47.137459670
Exp 7
Connecting at 2023-05-27T12:56:38.408308208Z
Received at 2023-05-27T12:56:44.405050052Z
Duration  48.803820739
Exp 8
Connecting at 2023-05-27T12:57:27.380200982Z
Received at 2023-05-27T12:57:31.817561223Z
Duration  47.370848981
Exp 9
Connecting at 2023-05-27T12:58:15.348745006Z
Received at 2023-05-27T12:58:19.785736721Z
Duration  47.976768837
Exp 10
Connecting at 2023-05-27T12:59:03.024374443Z
Received at 2023-05-27T12:59:07.460318928Z
Duration  47.676703105
Exp 11
Connecting at 2023-05-27T12:59:50.847769009Z
Received at 2023-05-27T12:59:55.280202357Z
Duration  47.811908248
Exp 12
Connecting at 2023-05-27T13:00:40.331211375Z
Received at 2023-05-27T13:00:44.835962395Z
Duration  49.548424454
Exp 13
Connecting at 2023-05-27T13:01:27.760794044Z
Received at 2023-05-27T13:01:32.195250332Z
Duration  47.341929641
Exp 14
Connecting at 2023-05-27T13:02:16.819736184Z
Received at 2023-05-27T13:02:21.254165436Z
Duration  49.062652623
Exp 15
Connecting at 2023-05-27T13:03:06.984363773Z
Received at 2023-05-27T13:03:11.420411904Z
Duration  50.171106036
Exp 16
Connecting at 2023-05-27T13:03:57.269888829Z
Received at 2023-05-27T13:04:01.702408844Z
Duration  50.284967938
Exp 17
Connecting at 2023-05-27T13:04:44.348382311Z
Received at 2023-05-27T13:04:48.780812883Z
Duration  47.076722550
Exp 18
Connecting at 2023-05-27T13:05:31.275976493Z
Received at 2023-05-27T13:05:35.709109724Z
Duration  46.912826492
Exp 19
Connecting at 2023-05-27T13:06:18.146292642Z
Received at 2023-05-27T13:06:22.578006775Z
Duration  46.854441547
Exp 20
Connecting at 2023-05-27T13:07:05.911975581Z
Received at 2023-05-27T13:07:10.341239148Z
Duration  47.776382436