Exp 1
Connecting at 2023-05-25T14:18:46.045255711Z
Received at 2023-05-25T14:18:47.384438330Z
Duration  6.534937565
Exp 2
Connecting at 2023-05-25T14:18:52.461377327Z
Received at 2023-05-25T14:18:53.797462370Z
Duration  5.818915476
Exp 3
Connecting at 2023-05-25T14:18:58.290740221Z
Received at 2023-05-25T14:18:59.627557122Z
Duration  5.838181246
Exp 4
Connecting at 2023-05-25T14:19:04.165164699Z
Received at 2023-05-25T14:19:05.798517283Z
Duration  6.166594919
Exp 5
Connecting at 2023-05-25T14:19:10.224370762Z
Received at 2023-05-25T14:19:11.564678478Z
Duration  5.749064609
Exp 6
Connecting at 2023-05-25T14:19:15.986175137Z
Received at 2023-05-25T14:19:17.322547648Z
Duration  5.750381372
Exp 7
Connecting at 2023-05-25T14:19:21.813619027Z
Received at 2023-05-25T14:19:23.148685704Z
Duration  5.834981821
Exp 8
Connecting at 2023-05-25T14:19:27.573975884Z
Received at 2023-05-25T14:19:29.188837969Z
Duration  6.042448766
Exp 9
Connecting at 2023-05-25T14:19:33.642606349Z
Received at 2023-05-25T14:19:35.847096409Z
Duration  6.654776121
Exp 10
Connecting at 2023-05-25T14:19:40.341484688Z
Received at 2023-05-25T14:19:41.679711489Z
Duration  5.816954445
Exp 11
Connecting at 2023-05-25T14:19:46.141891723Z
Received at 2023-05-25T14:19:48.239780068Z
Duration  6.563082871
Exp 12
Connecting at 2023-05-25T14:19:52.746555474Z
Received at 2023-05-25T14:19:54.954058777Z
Duration  6.710306871
Exp 13
Connecting at 2023-05-25T14:19:59.465208669Z
Received at 2023-05-25T14:20:01.382184474Z
Duration  6.407900757
Exp 14
Connecting at 2023-05-25T14:20:05.828991607Z
Received at 2023-05-25T14:20:07.167755140Z
Duration  5.793556750
Exp 15
Connecting at 2023-05-25T14:20:11.562862689Z
Received at 2023-05-25T14:20:12.896760310Z
Duration  5.732016535
Exp 16
Connecting at 2023-05-25T14:20:17.308192822Z
Received at 2023-05-25T14:20:18.643720945Z
Duration  5.739471811
Exp 17
Connecting at 2023-05-25T14:20:23.056842940Z
Received at 2023-05-25T14:20:24.391561965Z
Duration  5.734985253
Exp 18
Connecting at 2023-05-25T14:20:28.802830081Z
Received at 2023-05-25T14:20:30.807006413Z
Duration  6.421609016
Exp 19
Connecting at 2023-05-25T14:20:35.323821037Z
Received at 2023-05-25T14:20:36.742118474Z
Duration  5.928552783
Exp 20
Connecting at 2023-05-25T14:20:41.295626616Z
Received at 2023-05-25T14:20:42.629688433Z
Duration  5.881174876
Exp 21
Connecting at 2023-05-25T14:20:47.054537311Z
Received at 2023-05-25T14:20:48.392432994Z
Duration  5.752362386
Exp 22
Connecting at 2023-05-25T14:20:52.886625460Z
Received at 2023-05-25T14:20:54.223138039Z
Duration  5.832881585
Exp 23
Connecting at 2023-05-25T14:20:58.685957185Z
Received at 2023-05-25T14:21:00.023475291Z
Duration  5.800538964
Exp 24
Connecting at 2023-05-25T14:21:04.534271905Z
Received at 2023-05-25T14:21:05.871807435Z
Duration  5.839271417
Exp 25
Connecting at 2023-05-25T14:21:10.383203597Z
Received at 2023-05-25T14:21:12.378556841Z
Duration  6.493789802
Exp 26
Connecting at 2023-05-25T14:21:16.824914220Z
Received at 2023-05-25T14:21:18.180116711Z
Duration  5.797267832
Exp 27
Connecting at 2023-05-25T14:21:22.635900674Z
Received at 2023-05-25T14:21:23.970447033Z
Duration  5.793306746
Exp 28
Connecting at 2023-05-25T14:21:28.477199263Z
Received at 2023-05-25T14:21:29.814543342Z
Duration  5.846192834
Exp 29
Connecting at 2023-05-25T14:21:34.276005895Z
Received at 2023-05-25T14:21:35.611425010Z
Duration  5.773567834
Exp 30
Connecting at 2023-05-25T14:21:40.015692302Z
Received at 2023-05-25T14:21:41.353704207Z
Duration  5.744343670
Exp 31
Connecting at 2023-05-25T14:21:45.865600851Z
Received at 2023-05-25T14:21:47.204954352Z
Duration  5.846345949
Exp 32
Connecting at 2023-05-25T14:21:51.678277642Z
Received at 2023-05-25T14:21:53.036495057Z
Duration  5.843544049
Exp 33
Connecting at 2023-05-25T14:21:57.505870606Z
Received at 2023-05-25T14:21:59.161886359Z
Duration  6.119056697
Exp 34
Connecting at 2023-05-25T14:22:03.645386740Z
Received at 2023-05-25T14:22:04.981476302Z
Duration  5.802371280
Exp 35
Connecting at 2023-05-25T14:22:09.377032703Z
Received at 2023-05-25T14:22:10.716453474Z
Duration  5.735522134
Exp 36
Connecting at 2023-05-25T14:22:15.117077009Z
Received at 2023-05-25T14:22:16.458542366Z
Duration  5.736025058
Exp 37
Connecting at 2023-05-25T14:22:21.096268376Z
Received at 2023-05-25T14:22:22.432536662Z
Duration  5.963644955
Exp 38
Connecting at 2023-05-25T14:22:26.966040257Z
Received at 2023-05-25T14:22:28.301870211Z
Duration  5.884678193
Exp 39
Connecting at 2023-05-25T14:22:32.852395011Z
Received at 2023-05-25T14:22:34.887322889Z
Duration  6.573019866
Exp 40
Connecting at 2023-05-25T14:22:39.377161057Z
Received at 2023-05-25T14:22:41.580756806Z
Duration  6.686553120
Exp 41
Connecting at 2023-05-25T14:22:46.005638875Z
Received at 2023-05-25T14:22:47.340687085Z
Duration  5.744691908
Exp 42
Connecting at 2023-05-25T14:22:51.918486686Z
Received at 2023-05-25T14:22:53.815183073Z
Duration  6.483334256
Exp 43
Connecting at 2023-05-25T14:22:58.335153817Z
Received at 2023-05-25T14:22:59.671192123Z
Duration  5.849840681
Exp 44
Connecting at 2023-05-25T14:23:04.120114065Z
Received at 2023-05-25T14:23:05.454155039Z
Duration  5.780827003
Exp 45
Connecting at 2023-05-25T14:23:09.915012659Z
Received at 2023-05-25T14:23:11.256097259Z
Duration  5.794377515
Exp 46
Connecting at 2023-05-25T14:23:15.746069020Z
Received at 2023-05-25T14:23:17.332369552Z
Duration  6.067221394
Exp 47
Connecting at 2023-05-25T14:23:21.752669620Z
Received at 2023-05-25T14:23:23.093627338Z
Duration  5.768928341
Exp 48
Connecting at 2023-05-25T14:23:27.524421701Z
Received at 2023-05-25T14:23:29.732846917Z
Duration  6.631043205
Exp 49
Connecting at 2023-05-25T14:23:34.344790078Z
Received at 2023-05-25T14:23:36.538797376Z
Duration  6.799036194
Exp 50
Connecting at 2023-05-25T14:23:41.049116658Z
Received at 2023-05-25T14:23:42.384269658Z
Duration  5.845567181%