Exp 0
Connecting to queue "" at 2023-05-29T19:44:42.047422151Z
Received from client at : 2023-05-29T19:44:45.605793871Z
throughput: 0.2810274701541801 index 0
Result  1 sent, Duration 3558 ms
throughput: 0.2810274701541801
Exp 1
Connecting to queue "" at 2023-05-29T19:44:48.785334471Z
Received from client at : 2023-05-29T19:44:51.739579878Z
throughput: 0.3384959608969466 index 0
Result  1 sent, Duration 2954 ms
throughput: 0.3384959608969466
Exp 2
Connecting to queue "" at 2023-05-29T19:44:55.017069426Z
Received from client at : 2023-05-29T19:44:57.517186674Z
throughput: 0.399981280876055 index 0
Result  1 sent, Duration 2500 ms
throughput: 0.399981280876055
Exp 3
Connecting to queue "" at 2023-05-29T19:45:00.647769011Z
Received from client at : 2023-05-29T19:45:03.304340936Z
throughput: 0.37642509836928884 index 0
Result  1 sent, Duration 2656 ms
throughput: 0.37642509836928884
Exp 4
Connecting to queue "" at 2023-05-29T19:45:06.499915218Z
Received from client at : 2023-05-29T19:45:09.427373262Z
throughput: 0.3415932867354544 index 0
Result  1 sent, Duration 2927 ms
throughput: 0.3415932867354544
Exp 5
Connecting to queue "" at 2023-05-29T19:45:12.682765145Z
Received from client at : 2023-05-29T19:45:15.288550896Z
throughput: 0.3837615152439668 index 0
Result  1 sent, Duration 2605 ms
throughput: 0.3837615152439668
Exp 6
Connecting to queue "" at 2023-05-29T19:45:18.592198832Z
Received from client at : 2023-05-29T19:45:21.446707692Z
throughput: 0.350323067933248 index 0
Result  1 sent, Duration 2854 ms
throughput: 0.350323067933248
Exp 7
Connecting to queue "" at 2023-05-29T19:45:24.631370416Z
Received from client at : 2023-05-29T19:45:27.887322919Z
throughput: 0.30712983483786 index 0
Result  1 sent, Duration 3255 ms
throughput: 0.30712983483786
Exp 8
Connecting to queue "" at 2023-05-29T19:45:31.084793348Z
Received from client at : 2023-05-29T19:45:33.836721406Z
throughput: 0.36338160010000264 index 0
Result  1 sent, Duration 2751 ms
throughput: 0.36338160010000264
Exp 9
Connecting to queue "" at 2023-05-29T19:45:37.143867691Z
Received from client at : 2023-05-29T19:45:39.774441801Z
throughput: 0.3801451698374575 index 0
Result  1 sent, Duration 2630 ms
throughput: 0.3801451698374575
Exp 10
Connecting to queue "" at 2023-05-29T19:45:42.947419402Z
Received from client at : 2023-05-29T19:45:45.838271463Z
throughput: 0.34591878103756263 index 0
Result  1 sent, Duration 2890 ms
throughput: 0.34591878103756263