Exp 0
Connecting to queue "" at 2023-05-29T19:50:50.103949365Z
Received from client at : 2023-05-29T19:50:55.502783206Z
throughput: 0.1852252144120776 index 0
Result  1 sent, Duration 5398 ms
throughput: 0.1852252144120776
Exp 1
Connecting to queue "" at 2023-05-29T19:51:00.524873062Z
Received from client at : 2023-05-29T19:51:05.178608632Z
throughput: 0.21488116534353588 index 0
Result  1 sent, Duration 4653 ms
throughput: 0.21488116534353588
Exp 2
Connecting to queue "" at 2023-05-29T19:51:11.054913268Z
Received from client at : 2023-05-29T19:51:16.034976076Z
throughput: 0.20080071292285115 index 0
Result  1 sent, Duration 4980 ms
throughput: 0.20080071292285115
Exp 3
Connecting to queue "" at 2023-05-29T19:51:20.939001209Z
Received from client at : 2023-05-29T19:51:26.534758057Z
throughput: 0.17870686284391243 index 0
Result  1 sent, Duration 5595 ms
throughput: 0.17870686284391243
Exp 4
Connecting to queue "" at 2023-05-29T19:51:31.549940049Z
Received from client at : 2023-05-29T19:51:36.456102430Z
throughput: 0.2038253119240661 index 0
Result  1 sent, Duration 4906 ms
throughput: 0.2038253119240661
Exp 5
Connecting to queue "" at 2023-05-29T19:52:22.349053545Z
Received from client at : 2023-05-29T19:52:26.951418096Z
throughput: 0.2172796415059739 index 0
Result  1 sent, Duration 4602 ms
throughput: 0.2172796415059739
Exp 7
Connecting to queue "" at 2023-05-29T19:53:59.273560848Z
Received from client at : 2023-05-29T19:54:05.930767425Z
throughput: 0.15021316750600777 index 0
Result  1 sent, Duration 6657 ms
throughput: 0.15021316750600777
Exp 8
Connecting to queue "" at 2023-05-29T19:54:10.770994200Z
Received from client at : 2023-05-29T19:54:16.055297340Z
throughput: 0.18923971619341282 index 0
Result  1 sent, Duration 5284 ms
throughput: 0.18923971619341282
Exp 9
Connecting to queue "" at 2023-05-29T19:54:20.861128668Z
Received from client at : 2023-05-29T19:54:25.986540874Z
throughput: 0.195106266579155 index 0
Result  1 sent, Duration 5125 ms
throughput: 0.195106266579155
Exp 10
Connecting to queue "" at 2023-05-29T19:54:30.691033479Z
Received from client at : 2023-05-29T19:54:35.770030254Z
throughput: 0.1968893064692313 index 0
Result  1 sent, Duration 5078 ms
throughput: 0.1968893064692313