Exp 0
Connecting to queue "" at 2023-05-29T19:41:25.189001590Z
Received from client at : 2023-05-29T19:41:27.125256245Z
throughput: 0.5164611667684096 index 0
Result  1 sent, Duration 1936 ms
throughput: 0.5164611667684096
Exp 1
Connecting to queue "" at 2023-05-29T19:41:29.625739543Z
Received from client at : 2023-05-29T19:41:32.260974864Z
throughput: 0.3794727984411257 index 0
Result  1 sent, Duration 2635 ms
throughput: 0.3794727984411257
Exp 2
Connecting to queue "" at 2023-05-29T19:41:34.703049985Z
Received from client at : 2023-05-29T19:41:36.701599916Z
throughput: 0.5003630133661972 index 0
Result  1 sent, Duration 1998 ms
throughput: 0.5003630133661972
Exp 3
Connecting to queue "" at 2023-05-29T19:41:39.268002243Z
Received from client at : 2023-05-29T19:41:41.398458894Z
throughput: 0.4693830804297296 index 0
Result  1 sent, Duration 2130 ms
throughput: 0.4693830804297296
Exp 4
Connecting to queue "" at 2023-05-29T19:41:43.798451335Z
Received from client at : 2023-05-29T19:41:45.830130349Z
throughput: 0.49220373887804125 index 0
Result  1 sent, Duration 2031 ms
throughput: 0.49220373887804125
Exp 5
Connecting to queue "" at 2023-05-29T19:42:18.920684587Z
Received from client at : 2023-05-29T19:42:20.883504105Z
throughput: 0.5094713266989976 index 0
Result  1 sent, Duration 1962 ms
throughput: 0.5094713266989976
Exp 6
Connecting to queue "" at 2023-05-29T19:42:50.663593454Z
Received from client at : 2023-05-29T19:42:52.592543659Z
throughput: 0.518416755229529 index 0
Result  1 sent, Duration 1928 ms
throughput: 0.518416755229529
Exp 7
Connecting to queue "" at 2023-05-29T19:42:55.032483173Z
Received from client at : 2023-05-29T19:42:56.859667745Z
throughput: 0.5472902564821058 index 0
Result  1 sent, Duration 1827 ms
throughput: 0.5472902564821058
Exp 8
Connecting to queue "" at 2023-05-29T19:42:59.273127789Z
Received from client at : 2023-05-29T19:43:02.980540670Z
throughput: 0.26972993559928055 index 0
Result  1 sent, Duration 3707 ms
throughput: 0.26972993559928055
Exp 9
Connecting to queue "" at 2023-05-29T19:43:17.965667938Z
Received from client at : 2023-05-29T19:43:19.913064698Z
throughput: 0.513506241154855 index 0
Result  1 sent, Duration 1947 ms
throughput: 0.513506241154855
Exp 10
Connecting to queue "" at 2023-05-29T19:43:28.119897462Z
Received from client at : 2023-05-29T19:43:31.812443155Z
throughput: 0.27081592776797575 index 0
Result  1 sent, Duration 3692 ms
throughput: 0.27081592776797575