Downloading file
args: ["main"]
Value of STORAGE_IP: 192.168.0.213:8888
Downloading file file_40M.txt
GET
Status: 200 OK
Connecting at 2023-05-28T12:20:20.123342331Z

Received at 2023-05-28T12:20:20.295468781Z

duration PT0.172126450S
Connecting at 2023-05-28T12:20:20.328116522Z

Received at 2023-05-28T12:20:20.488570014Z

duration PT0.160453492S
Connecting at 2023-05-28T12:20:20.520719101Z

Received at 2023-05-28T12:20:20.683055094Z

duration PT0.162335993S
Connecting at 2023-05-28T12:20:20.715838883Z

Received at 2023-05-28T12:20:20.876938005Z

duration PT0.161099122S
Connecting at 2023-05-28T12:20:20.908879783Z

Received at 2023-05-28T12:20:21.069474539Z

duration PT0.160594756S
Connecting at 2023-05-28T12:20:21.101954320Z

Received at 2023-05-28T12:20:21.263532488Z

duration PT0.161578168S
Connecting at 2023-05-28T12:20:21.296449868Z

Received at 2023-05-28T12:20:21.461795510Z

duration PT0.165345642S
Connecting at 2023-05-28T12:20:21.494258386Z

Received at 2023-05-28T12:20:21.659480221Z

duration PT0.165221835S
Connecting at 2023-05-28T12:20:21.692139297Z

Received at 2023-05-28T12:20:21.855050855Z

duration PT0.162911558S
Connecting at 2023-05-28T12:20:21.887296934Z

Received at 2023-05-28T12:20:22.050628700Z

duration PT0.163331766S
Result  10 sent, Duration 1634 ms
throughput: 6.116215432679429
Finished
Duration  13.905059976