Downloading file
args: ["main"]
Value of STORAGE_IP: 192.168.0.213:8888
Downloading file file_4M.txt
GET
Status: 200 OK
Connecting at 2023-05-28T12:12:53.482667255Z

Received at 2023-05-28T12:12:53.528059678Z

duration PT0.045392423S
Connecting at 2023-05-28T12:12:53.533688889Z

Received at 2023-05-28T12:12:53.566569779Z

duration PT0.032880890S
Connecting at 2023-05-28T12:12:53.571960043Z

Received at 2023-05-28T12:12:53.605423546Z

duration PT0.033463503S
Connecting at 2023-05-28T12:12:53.610846249Z

Received at 2023-05-28T12:12:53.643733444Z

duration PT0.032887195S
Connecting at 2023-05-28T12:12:53.649392225Z

Received at 2023-05-28T12:12:53.683878980Z

duration PT0.034486755S
Connecting at 2023-05-28T12:12:53.689422123Z

Received at 2023-05-28T12:12:53.721431860Z

duration PT0.032009737S
Connecting at 2023-05-28T12:12:53.726750373Z

Received at 2023-05-28T12:12:53.760751498Z

duration PT0.034001125S
Connecting at 2023-05-28T12:12:53.766639481Z

Received at 2023-05-28T12:12:53.799311920Z

duration PT0.032672439S
Connecting at 2023-05-28T12:12:53.804779217Z

Received at 2023-05-28T12:12:53.839075539Z

duration PT0.034296322S
Connecting at 2023-05-28T12:12:53.844749448Z

Received at 2023-05-28T12:12:53.877775396Z

duration PT0.033025948S
Result  10 sent, Duration 345 ms
throughput: 28.975764670429655
Finished
Duration  1.681987635
