Downloading file
args: ["main"]
Value of STORAGE_IP: 192.168.0.213:8888
Downloading file file_6M.txt
GET
Status: 200 OK
Connecting at 2023-05-28T12:13:16.226454143Z

Received at 2023-05-28T12:13:16.276537001Z

duration PT0.050082858S
Connecting at 2023-05-28T12:13:16.283504513Z

Received at 2023-05-28T12:13:16.320271590Z

duration PT0.036767077S
Connecting at 2023-05-28T12:13:16.327248781Z

Received at 2023-05-28T12:13:16.363458432Z

duration PT0.036209651S
Connecting at 2023-05-28T12:13:16.370127727Z

Received at 2023-05-28T12:13:16.407923540Z

duration PT0.037795813S
Connecting at 2023-05-28T12:13:16.414637604Z

Received at 2023-05-28T12:13:16.451210404Z

duration PT0.036572800S
Connecting at 2023-05-28T12:13:16.457969859Z

Received at 2023-05-28T12:13:16.494830195Z

duration PT0.036860336S
Connecting at 2023-05-28T12:13:16.501652790Z

Received at 2023-05-28T12:13:16.542621749Z

duration PT0.040968959S
Connecting at 2023-05-28T12:13:16.549402362Z

Received at 2023-05-28T12:13:16.589049791Z

duration PT0.039647429S
Connecting at 2023-05-28T12:13:16.595941217Z

Received at 2023-05-28T12:13:16.632618556Z

duration PT0.036677339S
Connecting at 2023-05-28T12:13:16.639587244Z

Received at 2023-05-28T12:13:16.676224470Z

duration PT0.036637226S
Result  10 sent, Duration 388 ms
throughput: 25.758656840597705
Finished
Duration  2.342247281