Downloading file
args: ["main"]
Value of STORAGE_IP: 192.168.0.213:8888
Downloading file file_100M.txt
GET
Status: 200 OK
Connecting at 2023-05-28T12:24:16.446403286Z

Received at 2023-05-28T12:24:16.809372844Z

duration PT0.362969558S
Connecting at 2023-05-28T12:24:16.878256182Z

Received at 2023-05-28T12:24:17.223677040Z

duration PT0.345420858S
Connecting at 2023-05-28T12:24:17.294114057Z

Received at 2023-05-28T12:24:17.641971871Z

duration PT0.347857814S
Connecting at 2023-05-28T12:24:17.711761890Z

Received at 2023-05-28T12:24:18.077181744Z

duration PT0.365419854S
Connecting at 2023-05-28T12:24:18.147478468Z

Received at 2023-05-28T12:24:18.572375913Z

duration PT0.424897445S
Connecting at 2023-05-28T12:24:18.644455415Z

Received at 2023-05-28T12:24:19.049717819Z

duration PT0.405262404S
Connecting at 2023-05-28T12:24:19.118870430Z

Received at 2023-05-28T12:24:19.545298502Z

duration PT0.426428072S
Connecting at 2023-05-28T12:24:19.615237301Z

Received at 2023-05-28T12:24:19.969280927Z

duration PT0.354043626S
Connecting at 2023-05-28T12:24:20.038294132Z

Received at 2023-05-28T12:24:20.392097366Z

duration PT0.353803234S
Connecting at 2023-05-28T12:24:20.461236807Z

Received at 2023-05-28T12:24:20.845317366Z

duration PT0.384080559S
Result  10 sent, Duration 3770 ms
throughput: 2.652391143878162
Finished
Duration  33.585794542