Telemetry(timestamp='29.05.2023 20:18:25.311372', value='941952.000000', node='ubuntu', metric='ram', subsystem=None)
Telemetry(timestamp='29.05.2023 20:18:25.311546', value='1.005025', node='ubuntu', metric='cpu', subsystem=None)
Telemetry(timestamp='29.05.2023 20:18:25.313132', value='8.000000', node='ubuntu', metric='tx', subsystem='enp0s25')
Telemetry(timestamp='29.05.2023 20:18:25.531939', value='3.000000', node='ubuntu', metric='rx', subsystem='enp0s25')
Telemetry(timestamp='29.05.2023 20:18:25.811301', value='1.500000', node='ubuntu', metric='cpu', subsystem=None)
Telemetry(timestamp='29.05.2023 20:18:25.812329', value='8.000000', node='ubuntu', metric='tx', subsystem='enp0s25')
Telemetry(timestamp='29.05.2023 20:18:26.571011', value='3.000000', node='ubuntu', metric='rx', subsystem='enp0s25')
Telemetry(timestamp='29.05.2023 20:18:26.311399', value='941952.000000', node='ubuntu', metric='ram', subsystem=None)
Telemetry(timestamp='29.05.2023 20:18:26.311904', value='1.492537', node='ubuntu', metric='cpu', subsystem=None)
Telemetry(timestamp='29.05.2023 20:18:26.312128', value='8.000000', node='ubuntu', metric='tx', subsystem='enp0s25')
Telemetry(timestamp='29.05.2023 20:18:26.463698', value='3.000000', node='ubuntu', metric='rx', subsystem='enp0s25')
Telemetry(timestamp='29.05.2023 20:18:26.810968', value='5.699482', node='ubuntu', metric='cpu', subsystem=None)
Telemetry(timestamp='29.05.2023 20:18:26.812630', value='8.000000', node='ubuntu', metric='tx', subsystem='enp0s25')
Telemetry(timestamp='29.05.2023 20:18:26.954942', value='3.000000', node='ubuntu', metric='rx', subsystem='enp0s25')
Telemetry(timestamp='29.05.2023 20:18:27.310655', value='935780.000000', node='ubuntu', metric='ram', subsystem=None)
Telemetry(timestamp='29.05.2023 20:18:27.310788', value='5.527638', node='ubuntu', metric='cpu', subsystem=None)
Telemetry(timestamp='29.05.2023 20:18:27.312011', value='8.000000', node='ubuntu', metric='tx', subsystem='enp0s25')
Telemetry(timestamp='29.05.2023 20:18:27.479030', value='3.000000', node='ubuntu', metric='rx', subsystem='enp0s25')
Telemetry(timestamp='29.05.2023 20:18:27.811597', value='8.000000', node='ubuntu', metric='tx', subsystem='enp0s25')
Telemetry(timestamp='29.05.2023 20:18:27.811755', value='8.500000', node='ubuntu', metric='cpu', subsystem=None)
Telemetry(timestamp='29.05.2023 20:18:27.976788', value='3.000000', node='ubuntu', metric='rx', subsystem='enp0s25')
Telemetry(timestamp='29.05.2023 20:18:28.310840', value='936992.000000', node='ubuntu', metric='ram', subsystem=None)
Telemetry(timestamp='29.05.2023 20:18:28.311583', value='4.000000', node='ubuntu', metric='cpu', subsystem=None)
Telemetry(timestamp='29.05.2023 20:18:28.311670', value='8.000000', node='ubuntu', metric='tx', subsystem='enp0s25')
Telemetry(timestamp='29.05.2023 20:18:28.356137', value='4.000000', node='ubuntu', metric='rx', subsystem='enp0s25')
Telemetry(timestamp='29.05.2023 20:18:28.810822', value='1.500000', node='ubuntu', metric='cpu', subsystem=None)
Telemetry(timestamp='29.05.2023 20:18:28.813192', value='8.000000', node='ubuntu', metric='tx', subsystem='enp0s25')
Telemetry(timestamp='29.05.2023 20:18:28.861311', value='4.000000', node='ubuntu', metric='rx', subsystem='enp0s25')
Telemetry(timestamp='29.05.2023 20:18:29.310674', value='0.060000', node='ubuntu', metric='load1', subsystem=None)
Telemetry(timestamp='29.05.2023 20:18:29.310695', value='936988.000000', node='ubuntu', metric='ram', subsystem=None)
Telemetry(timestamp='29.05.2023 20:18:29.311140', value='1.990050', node='ubuntu', metric='cpu', subsystem=None)
Telemetry(timestamp='29.05.2023 20:18:29.311951', value='8.000000', node='ubuntu', metric='tx', subsystem='enp0s25')
Telemetry(timestamp='29.05.2023 20:18:29.498525', value='0.100000', node='ubuntu', metric='load5', subsystem=None)
Telemetry(timestamp='29.05.2023 20:18:29.525170', value='4.000000', node='ubuntu', metric='rx', subsystem='enp0s25')
Telemetry(timestamp='29.05.2023 20:18:29.810947', value='1.500000', node='ubuntu', metric='cpu', subsystem=None)
Telemetry(timestamp='29.05.2023 20:18:29.811974', value='9.000000', node='ubuntu', metric='tx', subsystem='enp0s25')
Telemetry(timestamp='29.05.2023 20:18:29.859723', value='4.000000', node='ubuntu', metric='rx', subsystem='enp0s25')
Telemetry(timestamp='29.05.2023 20:18:30.311103', value='936988.000000', node='ubuntu', metric='ram', subsystem=None)
Telemetry(timestamp='29.05.2023 20:18:30.311229', value='1.500000', node='ubuntu', metric='cpu', subsystem=None)
Telemetry(timestamp='29.05.2023 20:18:30.312168', value='9.000000', node='ubuntu', metric='tx', subsystem='enp0s25')
Telemetry(timestamp='29.05.2023 20:18:30.551064', value='4.000000', node='ubuntu', metric='rx', subsystem='enp0s25')
Telemetry(timestamp='29.05.2023 20:18:30.810907', value='1.492537', node='ubuntu', metric='cpu', subsystem=None)
Telemetry(timestamp='29.05.2023 20:18:30.812505', value='8.000000', node='ubuntu', metric='tx', subsystem='enp0s25')
Telemetry(timestamp='29.05.2023 20:18:30.943512', value='4.000000', node='ubuntu', metric='rx', subsystem='enp0s25')
Telemetry(timestamp='29.05.2023 20:18:31.311458', value='1.492537', node='ubuntu', metric='cpu', subsystem=None)
Telemetry(timestamp='29.05.2023 20:18:31.311897', value='8.000000', node='ubuntu', metric='tx', subsystem='enp0s25')
Telemetry(timestamp='29.05.2023 20:18:31.312729', value='936988.000000', node='ubuntu', metric='ram', subsystem=None)
Telemetry(timestamp='29.05.2023 20:18:31.329198', value='4.000000', node='ubuntu', metric='rx', subsystem='enp0s25')
Telemetry(timestamp='29.05.2023 20:18:31.823555', value='9.547739', node='ubuntu', metric='cpu', subsystem=None)
Telemetry(timestamp='29.05.2023 20:18:31.826090', value='8.000000', node='ubuntu', metric='tx', subsystem='enp0s25')
Telemetry(timestamp='29.05.2023 20:18:31.842552', value='4.000000', node='ubuntu', metric='rx', subsystem='enp0s25')
Telemetry(timestamp='29.05.2023 20:18:32.311751', value='945516.000000', node='ubuntu', metric='ram', subsystem=None)
Telemetry(timestamp='29.05.2023 20:18:32.312957', value='9.000000', node='ubuntu', metric='tx', subsystem='enp0s25')
Telemetry(timestamp='29.05.2023 20:18:32.324412', value='13.684211', node='ubuntu', metric='cpu', subsystem=None)
Telemetry(timestamp='29.05.2023 20:18:32.490786', value='4.000000', node='ubuntu', metric='rx', subsystem='enp0s25')
Telemetry(timestamp='29.05.2023 20:18:32.811660', value='1.010101', node='ubuntu', metric='cpu', subsystem=None)
Telemetry(timestamp='29.05.2023 20:18:32.827434', value='9.000000', node='ubuntu', metric='tx', subsystem='enp0s25')
Telemetry(timestamp='29.05.2023 20:18:32.986609', value='4.000000', node='ubuntu', metric='rx', subsystem='enp0s25')
Telemetry(timestamp='29.05.2023 20:18:33.311218', value='1.990050', node='ubuntu', metric='cpu', subsystem=None)
Telemetry(timestamp='29.05.2023 20:18:33.311565', value='945268.000000', node='ubuntu', metric='ram', subsystem=None)
Telemetry(timestamp='29.05.2023 20:18:33.312946', value='8.000000', node='ubuntu', metric='tx', subsystem='enp0s25')
Telemetry(timestamp='29.05.2023 20:18:33.508025', value='3.000000', node='ubuntu', metric='rx', subsystem='enp0s25')
Telemetry(timestamp='29.05.2023 20:18:33.810905', value='0.507614', node='ubuntu', metric='cpu', subsystem=None)
Telemetry(timestamp='29.05.2023 20:18:33.812073', value='8.000000', node='ubuntu', metric='tx', subsystem='enp0s25')
Telemetry(timestamp='29.05.2023 20:18:34.340583', value='5.000000', node='ubuntu', metric='rx', subsystem='enp0s25')
Telemetry(timestamp='29.05.2023 20:18:34.311332', value='2.475248', node='ubuntu', metric='cpu', subsystem=None)
Telemetry(timestamp='29.05.2023 20:18:34.311852', value='8.000000', node='ubuntu', metric='tx', subsystem='enp0s25')
Telemetry(timestamp='29.05.2023 20:18:34.311973', value='0.050000', node='ubuntu', metric='load1', subsystem=None)
Telemetry(timestamp='29.05.2023 20:18:34.312235', value='945520.000000', node='ubuntu', metric='ram', subsystem=None)
Telemetry(timestamp='29.05.2023 20:18:34.533586', value='6.000000', node='ubuntu', metric='rx', subsystem='enp0s25')
Telemetry(timestamp='29.05.2023 20:18:34.537555', value='0.100000', node='ubuntu', metric='load5', subsystem=None)
Telemetry(timestamp='29.05.2023 20:18:34.812075', value='8.000000', node='ubuntu', metric='tx', subsystem='enp0s25')
Telemetry(timestamp='29.05.2023 20:18:34.812164', value='2.000000', node='ubuntu', metric='cpu', subsystem=None)
Telemetry(timestamp='29.05.2023 20:18:34.942443', value='7.000000', node='ubuntu', metric='rx', subsystem='enp0s25')
Telemetry(timestamp='29.05.2023 20:18:35.311041', value='1.500000', node='ubuntu', metric='cpu', subsystem=None)
Telemetry(timestamp='29.05.2023 20:18:35.311427', value='945772.000000', node='ubuntu', metric='ram', subsystem=None)
Telemetry(timestamp='29.05.2023 20:18:35.313119', value='8.000000', node='ubuntu', metric='tx', subsystem='enp0s25')
Telemetry(timestamp='29.05.2023 20:18:35.460330', value='6.000000', node='ubuntu', metric='rx', subsystem='enp0s25')
Telemetry(timestamp='29.05.2023 20:18:35.811117', value='1.507538', node='ubuntu', metric='cpu', subsystem=None)
Telemetry(timestamp='29.05.2023 20:18:35.812365', value='8.000000', node='ubuntu', metric='tx', subsystem='enp0s25')
Telemetry(timestamp='29.05.2023 20:18:35.836513', value='5.000000', node='ubuntu', metric='rx', subsystem='enp0s25')
Telemetry(timestamp='29.05.2023 20:18:36.310722', value='0.000000', node='ubuntu', metric='cpu', subsystem=None)
Telemetry(timestamp='29.05.2023 20:18:36.311556', value='945772.000000', node='ubuntu', metric='ram', subsystem=None)
Telemetry(timestamp='29.05.2023 20:18:36.312346', value='9.000000', node='ubuntu', metric='tx', subsystem='enp0s25')
Telemetry(timestamp='29.05.2023 20:18:36.390600', value='5.000000', node='ubuntu', metric='rx', subsystem='enp0s25')
Telemetry(timestamp='29.05.2023 20:18:36.811198', value='8.000000', node='ubuntu', metric='tx', subsystem='enp0s25')
Telemetry(timestamp='29.05.2023 20:18:36.811503', value='2.475248', node='ubuntu', metric='cpu', subsystem=None)
Telemetry(timestamp='29.05.2023 20:18:36.979819', value='6.000000', node='ubuntu', metric='rx', subsystem='enp0s25')
Telemetry(timestamp='29.05.2023 20:18:37.311156', value='5.076142', node='ubuntu', metric='cpu', subsystem=None)
Telemetry(timestamp='29.05.2023 20:18:37.311451', value='945776.000000', node='ubuntu', metric='ram', subsystem=None)
Telemetry(timestamp='29.05.2023 20:18:37.311870', value='8.000000', node='ubuntu', metric='tx', subsystem='enp0s25')
Telemetry(timestamp='29.05.2023 20:18:37.336415', value='5.000000', node='ubuntu', metric='rx', subsystem='enp0s25')
Telemetry(timestamp='29.05.2023 20:18:37.810742', value='1.005025', node='ubuntu', metric='cpu', subsystem=None)
Telemetry(timestamp='29.05.2023 20:18:37.812664', value='8.000000', node='ubuntu', metric='tx', subsystem='enp0s25')
Telemetry(timestamp='29.05.2023 20:18:38.154791', value='4.000000', node='ubuntu', metric='rx', subsystem='enp0s25')
Telemetry(timestamp='29.05.2023 20:18:38.311667', value='2.487562', node='ubuntu', metric='cpu', subsystem=None)
Telemetry(timestamp='29.05.2023 20:18:38.312014', value='945776.000000', node='ubuntu', metric='ram', subsystem=None)
Telemetry(timestamp='29.05.2023 20:18:38.312254', value='8.000000', node='ubuntu', metric='tx', subsystem='enp0s25')
Telemetry(timestamp='29.05.2023 20:18:38.487844', value='4.000000', node='ubuntu', metric='rx', subsystem='enp0s25')
Telemetry(timestamp='29.05.2023 20:18:38.811490', value='8.000000', node='ubuntu', metric='tx', subsystem='enp0s25')
Telemetry(timestamp='29.05.2023 20:18:38.811714', value='1.500000', node='ubuntu', metric='cpu', subsystem=None)
Telemetry(timestamp='29.05.2023 20:18:38.836120', value='4.000000', node='ubuntu', metric='rx', subsystem='enp0s25')
Telemetry(timestamp='29.05.2023 20:18:39.310215', value='0.050000', node='ubuntu', metric='load1', subsystem=None)
Telemetry(timestamp='29.05.2023 20:18:39.310248', value='943604.000000', node='ubuntu', metric='ram', subsystem=None)
Telemetry(timestamp='29.05.2023 20:18:39.312178', value='3.553299', node='ubuntu', metric='cpu', subsystem=None)
Telemetry(timestamp='29.05.2023 20:18:39.312762', value='9.000000', node='ubuntu', metric='tx', subsystem='enp0s25')
Telemetry(timestamp='29.05.2023 20:18:39.315881', value='0.090000', node='ubuntu', metric='load5', subsystem=None)
Telemetry(timestamp='29.05.2023 20:18:39.345504', value='5.000000', node='ubuntu', metric='rx', subsystem='enp0s25')
Telemetry(timestamp='29.05.2023 20:18:39.810368', value='0.505051', node='ubuntu', metric='cpu', subsystem=None)
Telemetry(timestamp='29.05.2023 20:18:39.812488', value='9.000000', node='ubuntu', metric='tx', subsystem='enp0s25')
Telemetry(timestamp='29.05.2023 20:18:39.966356', value='6.000000', node='ubuntu', metric='rx', subsystem='enp0s25')
Telemetry(timestamp='29.05.2023 20:18:40.311323', value='8.000000', node='ubuntu', metric='tx', subsystem='enp0s25')
Telemetry(timestamp='29.05.2023 20:18:40.311713', value='1.005025', node='ubuntu', metric='cpu', subsystem=None)
Telemetry(timestamp='29.05.2023 20:18:40.312349', value='943492.000000', node='ubuntu', metric='ram', subsystem=None)
Telemetry(timestamp='29.05.2023 20:18:40.453331', value='5.000000', node='ubuntu', metric='rx', subsystem='enp0s25')
Telemetry(timestamp='29.05.2023 20:18:40.811439', value='8.000000', node='ubuntu', metric='tx', subsystem='enp0s25')
Telemetry(timestamp='29.05.2023 20:18:40.811771', value='1.492537', node='ubuntu', metric='cpu', subsystem=None)
Telemetry(timestamp='29.05.2023 20:18:40.992986', value='3.000000', node='ubuntu', metric='rx', subsystem='enp0s25')
Telemetry(timestamp='29.05.2023 20:18:41.310950', value='1.005025', node='ubuntu', metric='cpu', subsystem=None)
Telemetry(timestamp='29.05.2023 20:18:41.311600', value='943492.000000', node='ubuntu', metric='ram', subsystem=None)
Telemetry(timestamp='29.05.2023 20:18:41.313501', value='8.000000', node='ubuntu', metric='tx', subsystem='enp0s25')
Telemetry(timestamp='29.05.2023 20:18:41.513938', value='3.000000', node='ubuntu', metric='rx', subsystem='enp0s25')
Telemetry(timestamp='29.05.2023 20:18:41.811393', value='2.487562', node='ubuntu', metric='cpu', subsystem=None)
Telemetry(timestamp='29.05.2023 20:18:41.812030', value='8.000000', node='ubuntu', metric='tx', subsystem='enp0s25')
Telemetry(timestamp='29.05.2023 20:18:42.159547', value='4.000000', node='ubuntu', metric='rx', subsystem='enp0s25')
Telemetry(timestamp='29.05.2023 20:18:42.310952', value='4.568528', node='ubuntu', metric='cpu', subsystem=None)
Telemetry(timestamp='29.05.2023 20:18:42.311300', value='943492.000000', node='ubuntu', metric='ram', subsystem=None)
Telemetry(timestamp='29.05.2023 20:18:42.312278', value='9.000000', node='ubuntu', metric='tx', subsystem='enp0s25')
Telemetry(timestamp='29.05.2023 20:18:42.528186', value='4.000000', node='ubuntu', metric='rx', subsystem='enp0s25')
Telemetry(timestamp='29.05.2023 20:18:42.811023', value='1.500000', node='ubuntu', metric='cpu', subsystem=None)
Telemetry(timestamp='29.05.2023 20:18:42.811857', value='8.000000', node='ubuntu', metric='tx', subsystem='enp0s25')
Telemetry(timestamp='29.05.2023 20:18:42.999393', value='4.000000', node='ubuntu', metric='rx', subsystem='enp0s25')
Telemetry(timestamp='29.05.2023 20:18:43.311227', value='1.990050', node='ubuntu', metric='cpu', subsystem=None)
Telemetry(timestamp='29.05.2023 20:18:43.311973', value='8.000000', node='ubuntu', metric='tx', subsystem='enp0s25')
Telemetry(timestamp='29.05.2023 20:18:43.312269', value='943488.000000', node='ubuntu', metric='ram', subsystem=None)
Telemetry(timestamp='29.05.2023 20:18:43.444583', value='3.000000', node='ubuntu', metric='rx', subsystem='enp0s25')
Telemetry(timestamp='29.05.2023 20:18:43.811397', value='1.500000', node='ubuntu', metric='cpu', subsystem=None)
Telemetry(timestamp='29.05.2023 20:18:43.811403', value='8.000000', node='ubuntu', metric='tx', subsystem='enp0s25')
Telemetry(timestamp='29.05.2023 20:18:43.938074', value='3.000000', node='ubuntu', metric='rx', subsystem='enp0s25')
Telemetry(timestamp='29.05.2023 20:18:44.310980', value='0.040000', node='ubuntu', metric='load1', subsystem=None)
Telemetry(timestamp='29.05.2023 20:18:44.310984', value='0.090000', node='ubuntu', metric='load5', subsystem=None)
Telemetry(timestamp='29.05.2023 20:18:44.311435', value='943488.000000', node='ubuntu', metric='ram', subsystem=None)
Telemetry(timestamp='29.05.2023 20:18:44.312072', value='1.492537', node='ubuntu', metric='cpu', subsystem=None)
Telemetry(timestamp='29.05.2023 20:18:44.312646', value='8.000000', node='ubuntu', metric='tx', subsystem='enp0s25')
Telemetry(timestamp='29.05.2023 20:18:44.475548', value='3.000000', node='ubuntu', metric='rx', subsystem='enp0s25')
Telemetry(timestamp='29.05.2023 20:18:44.811178', value='2.000000', node='ubuntu', metric='cpu', subsystem=None)
Telemetry(timestamp='29.05.2023 20:18:44.812897', value='8.000000', node='ubuntu', metric='tx', subsystem='enp0s25')
Telemetry(timestamp='29.05.2023 20:18:45.266298', value='4.000000', node='ubuntu', metric='rx', subsystem='enp0s25')
Telemetry(timestamp='29.05.2023 20:18:45.310926', value='3.482587', node='ubuntu', metric='cpu', subsystem=None)
Telemetry(timestamp='29.05.2023 20:18:45.311246', value='943480.000000', node='ubuntu', metric='ram', subsystem=None)
Telemetry(timestamp='29.05.2023 20:18:45.312541', value='8.000000', node='ubuntu', metric='tx', subsystem='enp0s25')
Telemetry(timestamp='29.05.2023 20:18:45.517660', value='3.000000', node='ubuntu', metric='rx', subsystem='enp0s25')
Telemetry(timestamp='29.05.2023 20:18:45.811451', value='1.000000', node='ubuntu', metric='cpu', subsystem=None)
Telemetry(timestamp='29.05.2023 20:18:45.811485', value='8.000000', node='ubuntu', metric='tx', subsystem='enp0s25')
Telemetry(timestamp='29.05.2023 20:18:46.103695', value='3.000000', node='ubuntu', metric='rx', subsystem='enp0s25')
Telemetry(timestamp='29.05.2023 20:18:46.310686', value='943732.000000', node='ubuntu', metric='ram', subsystem=None)
Telemetry(timestamp='29.05.2023 20:18:46.311748', value='8.000000', node='ubuntu', metric='tx', subsystem='enp0s25')
Telemetry(timestamp='29.05.2023 20:18:46.311883', value='1.005025', node='ubuntu', metric='cpu', subsystem=None)
Telemetry(timestamp='29.05.2023 20:18:46.342597', value='3.000000', node='ubuntu', metric='rx', subsystem='enp0s25')
Telemetry(timestamp='29.05.2023 20:18:46.810555', value='1.005025', node='ubuntu', metric='cpu', subsystem=None)
Telemetry(timestamp='29.05.2023 20:18:46.812700', value='8.000000', node='ubuntu', metric='tx', subsystem='enp0s25')
Telemetry(timestamp='29.05.2023 20:18:47.250356', value='4.000000', node='ubuntu', metric='rx', subsystem='enp0s25')
Telemetry(timestamp='29.05.2023 20:18:47.310930', value='4.568528', node='ubuntu', metric='cpu', subsystem=None)
Telemetry(timestamp='29.05.2023 20:18:47.311604', value='943732.000000', node='ubuntu', metric='ram', subsystem=None)
Telemetry(timestamp='29.05.2023 20:18:47.311648', value='8.000000', node='ubuntu', metric='tx', subsystem='enp0s25')
Telemetry(timestamp='29.05.2023 20:18:47.536421', value='4.000000', node='ubuntu', metric='rx', subsystem='enp0s25')
Telemetry(timestamp='29.05.2023 20:18:47.811267', value='1.507538', node='ubuntu', metric='cpu', subsystem=None)
Telemetry(timestamp='29.05.2023 20:18:47.811659', value='8.000000', node='ubuntu', metric='tx', subsystem='enp0s25')
Telemetry(timestamp='29.05.2023 20:18:47.952976', value='4.000000', node='ubuntu', metric='rx', subsystem='enp0s25')
Telemetry(timestamp='29.05.2023 20:18:48.310797', value='0.502513', node='ubuntu', metric='cpu', subsystem=None)
Telemetry(timestamp='29.05.2023 20:18:48.311279', value='943732.000000', node='ubuntu', metric='ram', subsystem=None)
Telemetry(timestamp='29.05.2023 20:18:48.311947', value='8.000000', node='ubuntu', metric='tx', subsystem='enp0s25')
Telemetry(timestamp='29.05.2023 20:18:48.384819', value='4.000000', node='ubuntu', metric='rx', subsystem='enp0s25')
Telemetry(timestamp='29.05.2023 20:18:48.811643', value='8.000000', node='ubuntu', metric='tx', subsystem='enp0s25')
Telemetry(timestamp='29.05.2023 20:18:48.811692', value='1.507538', node='ubuntu', metric='cpu', subsystem=None)
Telemetry(timestamp='29.05.2023 20:18:48.969256', value='4.000000', node='ubuntu', metric='rx', subsystem='enp0s25')
Telemetry(timestamp='29.05.2023 20:18:49.311158', value='3.061224', node='ubuntu', metric='cpu', subsystem=None)
Telemetry(timestamp='29.05.2023 20:18:49.311352', value='0.040000', node='ubuntu', metric='load1', subsystem=None)
Telemetry(timestamp='29.05.2023 20:18:49.312298', value='945588.000000', node='ubuntu', metric='ram', subsystem=None)
Telemetry(timestamp='29.05.2023 20:18:49.312439', value='8.000000', node='ubuntu', metric='tx', subsystem='enp0s25')
Telemetry(timestamp='29.05.2023 20:18:49.475554', value='0.090000', node='ubuntu', metric='load5', subsystem=None)
Telemetry(timestamp='29.05.2023 20:18:49.500590', value='4.000000', node='ubuntu', metric='rx', subsystem='enp0s25')
Telemetry(timestamp='29.05.2023 20:18:49.810966', value='8.000000', node='ubuntu', metric='tx', subsystem='enp0s25')
Telemetry(timestamp='29.05.2023 20:18:49.811499', value='1.500000', node='ubuntu', metric='cpu', subsystem=None)
Telemetry(timestamp='29.05.2023 20:18:49.976488', value='4.000000', node='ubuntu', metric='rx', subsystem='enp0s25')
Telemetry(timestamp='29.05.2023 20:18:50.311150', value='1.500000', node='ubuntu', metric='cpu', subsystem=None)
Telemetry(timestamp='29.05.2023 20:18:50.311347', value='945496.000000', node='ubuntu', metric='ram', subsystem=None)
Telemetry(timestamp='29.05.2023 20:18:50.313434', value='12.000000', node='ubuntu', metric='tx', subsystem='enp0s25')
Telemetry(timestamp='29.05.2023 20:18:50.521500', value='110.000000', node='ubuntu', metric='rx', subsystem='enp0s25')
Telemetry(timestamp='29.05.2023 20:18:50.811275', value='6.914894', node='ubuntu', metric='cpu', subsystem=None)
Telemetry(timestamp='29.05.2023 20:18:50.812341', value='55.000000', node='ubuntu', metric='tx', subsystem='enp0s25')
Telemetry(timestamp='29.05.2023 20:18:51.303361', value='1981.000000', node='ubuntu', metric='rx', subsystem='enp0s25')
Telemetry(timestamp='29.05.2023 20:18:51.311359', value='5.376344', node='ubuntu', metric='cpu', subsystem=None)
Telemetry(timestamp='29.05.2023 20:18:51.311663', value='949440.000000', node='ubuntu', metric='ram', subsystem=None)
Telemetry(timestamp='29.05.2023 20:18:51.312392', value='95.000000', node='ubuntu', metric='tx', subsystem='enp0s25')
Telemetry(timestamp='29.05.2023 20:18:51.544778', value='3836.000000', node='ubuntu', metric='rx', subsystem='enp0s25')
Telemetry(timestamp='29.05.2023 20:18:51.811168', value='5.464481', node='ubuntu', metric='cpu', subsystem=None)
Telemetry(timestamp='29.05.2023 20:18:51.812602', value='94.000000', node='ubuntu', metric='tx', subsystem='enp0s25')
Telemetry(timestamp='29.05.2023 20:18:51.926723', value='3940.000000', node='ubuntu', metric='rx', subsystem='enp0s25')
Telemetry(timestamp='29.05.2023 20:18:52.310679', value='11.351351', node='ubuntu', metric='cpu', subsystem=None)
Telemetry(timestamp='29.05.2023 20:18:52.311701', value='953472.000000', node='ubuntu', metric='ram', subsystem=None)
Telemetry(timestamp='29.05.2023 20:18:52.312299', value='94.000000', node='ubuntu', metric='tx', subsystem='enp0s25')
Telemetry(timestamp='29.05.2023 20:18:52.456968', value='3975.000000', node='ubuntu', metric='rx', subsystem='enp0s25')
Telemetry(timestamp='29.05.2023 20:18:52.811205', value='5.913978', node='ubuntu', metric='cpu', subsystem=None)
Telemetry(timestamp='29.05.2023 20:18:52.811450', value='93.000000', node='ubuntu', metric='tx', subsystem='enp0s25')
Telemetry(timestamp='29.05.2023 20:18:52.957670', value='3864.000000', node='ubuntu', metric='rx', subsystem='enp0s25')
Telemetry(timestamp='29.05.2023 20:18:53.311584', value='960780.000000', node='ubuntu', metric='ram', subsystem=None)
Telemetry(timestamp='29.05.2023 20:18:53.311792', value='5.405405', node='ubuntu', metric='cpu', subsystem=None)
Telemetry(timestamp='29.05.2023 20:18:53.312017', value='92.000000', node='ubuntu', metric='tx', subsystem='enp0s25')
Telemetry(timestamp='29.05.2023 20:18:53.478252', value='3725.000000', node='ubuntu', metric='rx', subsystem='enp0s25')
Telemetry(timestamp='29.05.2023 20:18:53.811234', value='6.417112', node='ubuntu', metric='cpu', subsystem=None)
Telemetry(timestamp='29.05.2023 20:18:53.812881', value='94.000000', node='ubuntu', metric='tx', subsystem='enp0s25')
Telemetry(timestamp='29.05.2023 20:18:54.185715', value='3762.000000', node='ubuntu', metric='rx', subsystem='enp0s25')
Telemetry(timestamp='29.05.2023 20:18:54.310800', value='0.040000', node='ubuntu', metric='load1', subsystem=None)
Telemetry(timestamp='29.05.2023 20:18:54.310826', value='5.882353', node='ubuntu', metric='cpu', subsystem=None)
Telemetry(timestamp='29.05.2023 20:18:54.311162', value='960780.000000', node='ubuntu', metric='ram', subsystem=None)
Telemetry(timestamp='29.05.2023 20:18:54.312205', value='94.000000', node='ubuntu', metric='tx', subsystem='enp0s25')
Telemetry(timestamp='29.05.2023 20:18:54.483845', value='0.090000', node='ubuntu', metric='load5', subsystem=None)
Telemetry(timestamp='29.05.2023 20:18:54.504541', value='3785.000000', node='ubuntu', metric='rx', subsystem='enp0s25')
Telemetry(timestamp='29.05.2023 20:18:54.811621', value='91.000000', node='ubuntu', metric='tx', subsystem='enp0s25')
Telemetry(timestamp='29.05.2023 20:18:54.811765', value='6.878307', node='ubuntu', metric='cpu', subsystem=None)
Telemetry(timestamp='29.05.2023 20:18:55.497594', value='3707.000000', node='ubuntu', metric='rx', subsystem='enp0s25')
Telemetry(timestamp='29.05.2023 20:18:55.311213', value='977820.000000', node='ubuntu', metric='ram', subsystem=None)
Telemetry(timestamp='29.05.2023 20:18:55.311510', value='6.349206', node='ubuntu', metric='cpu', subsystem=None)
Telemetry(timestamp='29.05.2023 20:18:55.311942', value='85.000000', node='ubuntu', metric='tx', subsystem='enp0s25')
Telemetry(timestamp='29.05.2023 20:18:55.337596', value='3798.000000', node='ubuntu', metric='rx', subsystem='enp0s25')
Telemetry(timestamp='29.05.2023 20:18:55.810878', value='5.347594', node='ubuntu', metric='cpu', subsystem=None)
Telemetry(timestamp='29.05.2023 20:18:55.812982', value='93.000000', node='ubuntu', metric='tx', subsystem='enp0s25')
Telemetry(timestamp='29.05.2023 20:18:56.380292', value='3890.000000', node='ubuntu', metric='rx', subsystem='enp0s25')
Telemetry(timestamp='29.05.2023 20:18:56.310776', value='980228.000000', node='ubuntu', metric='ram', subsystem=None)
Telemetry(timestamp='29.05.2023 20:18:56.310910', value='3.703704', node='ubuntu', metric='cpu', subsystem=None)
Telemetry(timestamp='29.05.2023 20:18:56.312202', value='90.000000', node='ubuntu', metric='tx', subsystem='enp0s25')
Telemetry(timestamp='29.05.2023 20:18:56.492681', value='3800.000000', node='ubuntu', metric='rx', subsystem='enp0s25')
Telemetry(timestamp='29.05.2023 20:18:56.810974', value='7.446809', node='ubuntu', metric='cpu', subsystem=None)
Telemetry(timestamp='29.05.2023 20:18:56.811943', value='82.000000', node='ubuntu', metric='tx', subsystem='enp0s25')
Telemetry(timestamp='29.05.2023 20:18:56.986530', value='3840.000000', node='ubuntu', metric='rx', subsystem='enp0s25')
Telemetry(timestamp='29.05.2023 20:18:57.311912', value='10.326087', node='ubuntu', metric='cpu', subsystem=None)
Telemetry(timestamp='29.05.2023 20:18:57.312451', value='86.000000', node='ubuntu', metric='tx', subsystem='enp0s25')
Telemetry(timestamp='29.05.2023 20:18:57.312653', value='980984.000000', node='ubuntu', metric='ram', subsystem=None)
Telemetry(timestamp='29.05.2023 20:18:57.497756', value='3908.000000', node='ubuntu', metric='rx', subsystem='enp0s25')
Telemetry(timestamp='29.05.2023 20:18:57.811742', value='5.882353', node='ubuntu', metric='cpu', subsystem=None)
Telemetry(timestamp='29.05.2023 20:18:57.812942', value='82.000000', node='ubuntu', metric='tx', subsystem='enp0s25')
Telemetry(timestamp='29.05.2023 20:18:57.984491', value='3718.000000', node='ubuntu', metric='rx', subsystem='enp0s25')
Telemetry(timestamp='29.05.2023 20:18:58.311190', value='6.250000', node='ubuntu', metric='cpu', subsystem=None)
Telemetry(timestamp='29.05.2023 20:18:58.311804', value='980984.000000', node='ubuntu', metric='ram', subsystem=None)
Telemetry(timestamp='29.05.2023 20:18:58.313226', value='78.000000', node='ubuntu', metric='tx', subsystem='enp0s25')
Telemetry(timestamp='29.05.2023 20:18:58.510363', value='3559.000000', node='ubuntu', metric='rx', subsystem='enp0s25')
Telemetry(timestamp='29.05.2023 20:18:58.811024', value='80.000000', node='ubuntu', metric='tx', subsystem='enp0s25')
Telemetry(timestamp='29.05.2023 20:18:58.811588', value='8.947368', node='ubuntu', metric='cpu', subsystem=None)
Telemetry(timestamp='29.05.2023 20:18:58.988267', value='3710.000000', node='ubuntu', metric='rx', subsystem='enp0s25')
Telemetry(timestamp='29.05.2023 20:18:59.310579', value='52.910053', node='ubuntu', metric='cpu', subsystem=None)
Telemetry(timestamp='29.05.2023 20:18:59.310742', value='1184744.000000', node='ubuntu', metric='ram', subsystem=None)
Telemetry(timestamp='29.05.2023 20:18:59.311145', value='0.190000', node='ubuntu', metric='load1', subsystem=None)
Telemetry(timestamp='29.05.2023 20:18:59.312592', value='46.000000', node='ubuntu', metric='tx', subsystem='enp0s25')
Telemetry(timestamp='29.05.2023 20:18:59.329262', value='0.120000', node='ubuntu', metric='load5', subsystem=None)
Telemetry(timestamp='29.05.2023 20:18:59.340670', value='1921.000000', node='ubuntu', metric='rx', subsystem='enp0s25')
Telemetry(timestamp='29.05.2023 20:18:59.810645', value='51.666667', node='ubuntu', metric='cpu', subsystem=None)
Telemetry(timestamp='29.05.2023 20:18:59.811748', value='8.000000', node='ubuntu', metric='tx', subsystem='enp0s25')
Telemetry(timestamp='29.05.2023 20:19:00.372113', value='4.000000', node='ubuntu', metric='rx', subsystem='enp0s25')
Telemetry(timestamp='29.05.2023 20:19:00.311761', value='1118268.000000', node='ubuntu', metric='ram', subsystem=None)
Telemetry(timestamp='29.05.2023 20:19:00.312830', value='8.000000', node='ubuntu', metric='tx', subsystem='enp0s25')
Telemetry(timestamp='29.05.2023 20:19:00.312936', value='49.180328', node='ubuntu', metric='cpu', subsystem=None)
Telemetry(timestamp='29.05.2023 20:19:00.456594', value='4.000000', node='ubuntu', metric='rx', subsystem='enp0s25')
Telemetry(timestamp='29.05.2023 20:19:00.811452', value='10.000000', node='ubuntu', metric='tx', subsystem='enp0s25')
Telemetry(timestamp='29.05.2023 20:19:00.814005', value='8.163265', node='ubuntu', metric='cpu', subsystem=None)
Telemetry(timestamp='29.05.2023 20:19:00.948562', value='4.000000', node='ubuntu', metric='rx', subsystem='enp0s25')
Telemetry(timestamp='29.05.2023 20:19:01.311138', value='1.500000', node='ubuntu', metric='cpu', subsystem=None)
Telemetry(timestamp='29.05.2023 20:19:01.311806', value='1040296.000000', node='ubuntu', metric='ram', subsystem=None)
Telemetry(timestamp='29.05.2023 20:19:01.312589', value='10.000000', node='ubuntu', metric='tx', subsystem='enp0s25')