Connecting at 2023-05-29T16:56:56.769056823Z
Received at 2023-05-29T16:56:57.708735443Z
throughput: 0.8871610933728179 index 0
Connecting at 2023-05-29T16:56:57.795396664Z
Received at 2023-05-29T16:56:58.716769368Z
throughput: 0.9372962845106634 index 1
Connecting at 2023-05-29T16:56:58.751186791Z
Received at 2023-05-29T16:56:59.590866735Z
throughput: 0.9978609188103768 index 2
Connecting at 2023-05-29T16:56:59.622835453Z
Received at 2023-05-29T16:57:00.299703791Z
throughput: 1.0770743644453444 index 3
Connecting at 2023-05-29T16:57:00.333892388Z
Received at 2023-05-29T16:57:02.235215755Z
throughput: 0.8852984332165388 index 4
Connecting at 2023-05-29T16:57:02.268555908Z
Received at 2023-05-29T16:57:02.960524236Z
throughput: 0.941676482336111 index 5
Connecting at 2023-05-29T16:57:03.117862377Z
Received at 2023-05-29T16:57:03.877917861Z
throughput: 0.9605458535087985 index 6
Connecting at 2023-05-29T16:57:03.909495478Z
Received at 2023-05-29T16:57:04.691989091Z
throughput: 0.9876332270928041 index 7
Connecting at 2023-05-29T16:57:04.724236023Z
Received at 2023-05-29T16:57:05.418943490Z
throughput: 1.019750759317746 index 8
Connecting at 2023-05-29T16:57:05.450072118Z
Received at 2023-05-29T16:57:06.129217254Z
throughput: 1.0488170864050126 index 9
Result  10 sent, Duration 9534 ms
throughput: 1.0488170864050126