Connecting at 2023-05-29T16:39:53.167590156Z
                                            Received at 2023-05-29T16:40:07.257564971Z
                                                                                      throughput: 0.06798254588923822 index 0
                                                                                                                             Connecting at 2023-05-29T16:40:07.684668800Z
           Received at 2023-05-29T16:40:21.272848336Z
                                                     throughput: 0.06962947025550882 index 1
                                                                                            Connecting at 2023-05-29T16:40:21.739265318Z
                                                                                                                                        Received at 2023-05-29T16:40:35.802513617Z
                    throughput: 0.06936135852821486 index 2
                                                           Connecting at 2023-05-29T16:40:36.383550817Z
                                                                                                       Received at 2023-05-29T16:40:50.429069011Z
                                                                                                                                                 throughput: 0.06911224372640086 index 3
                          Connecting at 2023-05-29T16:40:51.024621442Z
                                                                      Received at 2023-05-29T16:41:04.455194229Z
                                                                                                                throughput: 0.06953956394381954 index 4
                                                                                                                                                       Connecting at 2023-05-29T16:41:04.951645310Z
                                     Received at 2023-05-29T16:41:19.800976315Z
                                                                               throughput: 0.0687711770094104 index 5
                                                                                                                     Connecting at 2023-05-29T16:41:20.235596626Z
   Received at 2023-05-29T16:41:33.827548874Z
                                             throughput: 0.06912147435551828 index 6
                                                                                    Connecting at 2023-05-29T16:41:34.442790267Z
                                                                                                                                Received at 2023-05-29T16:41:49.162074269Z
            throughput: 0.06860822276925273 index 7
                                                   Connecting at 2023-05-29T16:41:49.700965374Z
                                                                                               Received at 2023-05-29T16:42:03.653790025Z
                                                                                                                                         throughput: 0.06865283016677366 index 8
                  Connecting at 2023-05-29T16:42:04.240811555Z
                                                              Received at 2023-05-29T16:42:17.929466553Z
                                                                                                        throughput: 0.06879064383406139 index 9
                                                                                                                                               Result  10 sent, Duration 145368 ms
                    throughput: 0.06879064383406139