Connecting at 2023-05-29T16:35:20.986319332Z
                                            Received at 2023-05-29T16:35:39.914460316Z
                                                                                      throughput: 0.050916865081203744 index 0
                                                                                                                              Connecting at 2023-05-29T16:35:40.647270653Z
            Received at 2023-05-29T16:35:59.577262567Z
                                                      throughput: 0.05088889930415028 index 1
                                                                                             Connecting at 2023-05-29T16:36:00.140181702Z
                                                                                                                                         Received at 2023-05-29T16:36:20.325719879Z
                     throughput: 0.04995979319110302 index 2
                                                            Connecting at 2023-05-29T16:36:20.995836671Z
                                                                                                        Received at 2023-05-29T16:36:40.232642189Z
                                                                                                                                                  throughput: 0.05002892985404973 index 3
                           Connecting at 2023-05-29T16:36:40.962340539Z
                                                                       Received at 2023-05-29T16:37:00.022570501Z
                                                                                                                 throughput: 0.05012935680004825 index 4
                                                                                                                                                        Connecting at 2023-05-29T16:37:00.724277889Z
                                      Received at 2023-05-29T16:37:20.753877141Z
                                                                                throughput: 0.04980416380240845 index 5
                                                                                                                       Connecting at 2023-05-29T16:37:21.513316395Z
     Received at 2023-05-29T16:37:42.036978626Z
                                               throughput: 0.0493814835154238 index 6
                                                                                     Connecting at 2023-05-29T16:37:42.594264450Z
                                                                                                                                 Received at 2023-05-29T16:38:02.198423012Z
             throughput: 0.04940908342024597 index 7
                                                    Connecting at 2023-05-29T16:38:02.881959612Z
                                                                                                Received at 2023-05-29T16:38:23.464475646Z
                                                                                                                                          throughput: 0.049132485714975443 index 8
                    Connecting at 2023-05-29T16:38:24.181552422Z
                                                                Received at 2023-05-29T16:38:43.541176500Z
                                                                                                          throughput: 0.04919965252450207 index 9
                                                                                                                                                 Result  10 sent, Duration 203253 ms
                      throughput: 0.04919965252450207