Connecting at 2023-05-29T16:53:08.623582714Z
                                            Received at 2023-05-29T16:53:11.217825629Z
                                                                                      throughput: 0.346136699074292 index 0
                                                                                                                           Connecting at 2023-05-29T16:53:11.277626349Z
         Received at 2023-05-29T16:53:12.885888444Z
                                                   throughput: 0.4390236728149737 index 1
                                                                                         Connecting at 2023-05-29T16:53:12.950374353Z
                                                                                                                                     Received at 2023-05-29T16:53:14.963496336Z
                 throughput: 0.45236839736281287 index 2
                                                        Connecting at 2023-05-29T16:53:15.029303737Z
                                                                                                    Received at 2023-05-29T16:53:16.557348566Z
                                                                                                                                              throughput: 0.4863733980988151 index 3
                      Connecting at 2023-05-29T16:53:16.617322335Z
                                                                  Received at 2023-05-29T16:53:19.287087444Z
                                                                                                            throughput: 0.4565224457477856 index 4
                                                                                                                                                  Connecting at 2023-05-29T16:53:19.580115119Z
                                Received at 2023-05-29T16:53:21.012256012Z
                                                                          throughput: 0.47333147892578364 index 5
                                                                                                                 Connecting at 2023-05-29T16:53:21.098709833Z
                                                                                                                                                             Received at 2023-05-29T16:53:23.887657412Z
                                         throughput: 0.4501589768580987 index 6
                                                                               Connecting at 2023-05-29T16:53:23.982778117Z
                                                                                                                           Received at 2023-05-29T16:53:25.395314870Z
       throughput: 0.46903616702706236 index 7
                                              Connecting at 2023-05-29T16:53:25.454869901Z
                                                                                          Received at 2023-05-29T16:53:26.872111486Z
                                                                                                                                    throughput: 0.48565853057320285 index 8
             Connecting at 2023-05-29T16:53:27.051745572Z
                                                         Received at 2023-05-29T16:53:28.693171041Z
                                                                                                   throughput: 0.4913719749237157 index 9
                                                                                                                                         Result  10 sent, Duration 20351 ms
             throughput: 0.4913719749237157