Connecting at 2023-05-29T16:25:14.260957501Z
                                            Received at 2023-05-29T16:25:59.456803422Z
                                                                                      throughput: 0.021408771220668407 index 0
                                                                                                                              Connecting at 2023-05-29T16:26:00.820974404Z
            Received at 2023-05-29T16:26:44.071688080Z
                                                      throughput: 0.021900224199165194 index 1
                                                                                              Connecting at 2023-05-29T16:26:45.604256210Z
                                                                                                                                          Received at 2023-05-29T16:27:29.629326067Z
                      throughput: 0.021917091180023347 index 2
                                                              Connecting at 2023-05-29T16:27:31.170080185Z
                                                                                                          Received at 2023-05-29T16:28:13.921809630Z
                                                                                                                                                    throughput: 0.022078642601520277 index 3
                              Connecting at 2023-05-29T16:28:15.409147772Z
                                                                          Received at 2023-05-29T16:29:01.910131021Z
                                                                                                                    throughput: 0.02181905943629177 index 4
                                                                                                                                                           Connecting at 2023-05-29T16:29:03.393815136Z
                                         Received at 2023-05-29T16:29:46.932879381Z
                                                                                   throughput: 0.0218835442246843 index 5
                                                                                                                         Connecting at 2023-05-29T16:29:48.299728137Z
       Received at 2023-05-29T16:30:30.792254241Z
                                                 throughput: 0.022010044623447456 index 6
                                                                                         Connecting at 2023-05-29T16:30:35.293600705Z
                                                                                                                                     Received at 2023-05-29T16:31:18.073110730Z
                 throughput: 0.021898847537015265 index 7
                                                         Connecting at 2023-05-29T16:31:19.739845227Z
                                                                                                     Received at 2023-05-29T16:32:00.388653963Z
                                                                                                                                               throughput: 0.022078848341364667 index 8
                         Connecting at 2023-05-29T16:32:01.754501041Z
                                                                     Received at 2023-05-29T16:32:44.578841973Z
                                                                                                               throughput: 0.022132771005135093 index 9
                                                                                                                                                       Result  10 sent, Duration 451818 ms
                            throughput: 0.022132771005135093