Connecting at 2023-05-29T16:43:39.480996571Z
                                            Received at 2023-05-29T16:43:48.154642272Z
                                                                                      throughput: 0.11026250635939004 index 0
                                                                                                                             Connecting at 2023-05-29T16:43:48.431396284Z
           Received at 2023-05-29T16:43:58.249950691Z
                                                     throughput: 0.10436701872793094 index 1
                                                                                            Connecting at 2023-05-29T16:43:58.521076716Z
                                                                                                                                        Received at 2023-05-29T16:44:07.491385464Z
                    throughput: 0.10562217693925662 index 2
                                                           Connecting at 2023-05-29T16:44:07.941730773Z
                                                                                                       Received at 2023-05-29T16:44:18.576423549Z
                                                                                                                                                 throughput: 0.10130001346277179 index 3
                          Connecting at 2023-05-29T16:44:19.000972858Z
                                                                      Received at 2023-05-29T16:44:28.043435925Z
                                                                                                                throughput: 0.10214050545985943 index 4
                                                                                                                                                       Connecting at 2023-05-29T16:44:28.320825543Z
                                     Received at 2023-05-29T16:44:38.073441079Z
                                                                               throughput: 0.10172820451601 index 5
                                                                                                                   Connecting at 2023-05-29T16:44:38.354158191Z
 Received at 2023-05-29T16:44:47.132813Z
                                        throughput: 0.10288274058691635 index 6
                                                                               Connecting at 2023-05-29T16:44:47.403468270Z
                                                                                                                           Received at 2023-05-29T16:44:57.372360936Z
       throughput: 0.10220149036600844 index 7
                                              Connecting at 2023-05-29T16:44:57.645486700Z
                                                                                          Received at 2023-05-29T16:45:07.372554525Z
                                                                                                                                    throughput: 0.10195353739409364 index 8
             Connecting at 2023-05-29T16:45:07.848010066Z
                                                         Received at 2023-05-29T16:45:16.010520371Z
                                                                                                   throughput: 0.10318631072617572 index 9
                                                                                                                                          Result  10 sent, Duration 96912 ms
              throughput: 0.10318631072617572