Connecting at 2023-05-29T16:48:42.014572963Z
                                            Received at 2023-05-29T16:48:46.218675676Z
                                                                                      throughput: 0.2291922645777167 index 0
                                                                                                                            Connecting at 2023-05-29T16:48:46.371066633Z
          Received at 2023-05-29T16:48:50.412011742Z
                                                    throughput: 0.2337820155703498 index 1
                                                                                          Connecting at 2023-05-29T16:48:50.553355910Z
                                                                                                                                      Received at 2023-05-29T16:48:55.277263136Z
                  throughput: 0.22356663604797383 index 2
                                                         Connecting at 2023-05-29T16:48:55.419399791Z
                                                                                                     Received at 2023-05-29T16:48:59.201995146Z
                                                                                                                                               throughput: 0.23065244079296002 index 3
                        Connecting at 2023-05-29T16:48:59.376830550Z
                                                                    Received at 2023-05-29T16:49:05.315590133Z
                                                                                                              throughput: 0.21318095272529036 index 4
                                                                                                                                                     Connecting at 2023-05-29T16:49:06.653423055Z
                                   Received at 2023-05-29T16:49:11.324340727Z
                                                                             throughput: 0.20365534875825733 index 5
                                                                                                                    Connecting at 2023-05-29T16:49:11.467703197Z
  Received at 2023-05-29T16:49:15.814704679Z
                                            throughput: 0.20618296770809486 index 6
                                                                                   Connecting at 2023-05-29T16:49:15.957508878Z
                                                                                                                               Received at 2023-05-29T16:49:20.249543601Z
           throughput: 0.20842094611750597 index 7
                                                  Connecting at 2023-05-29T16:49:20.391735663Z
                                                                                              Received at 2023-05-29T16:49:24.391682697Z
                                                                                                                                        throughput: 0.2116422720729133 index 8
                Connecting at 2023-05-29T16:49:24.533350503Z
                                                            Received at 2023-05-29T16:49:28.819834552Z
                                                                                                      throughput: 0.21298648002292245 index 9
                                                                                                                                             Result  10 sent, Duration 46951 ms
                 throughput: 0.21298648002292245