Connecting to "/run/containerd/io.containerd.runtime.v2.task/k8s.io/6128" at 2023-05-28T15:10:45.019618129Z
Received from client at : 2023-05-28T15:10:45.041999000Z
response string "22380"
throughput: 44.68275245755138 index 0
Connecting to "/run/containerd/io.containerd.runtime.v2.task/k8s.io/16872" at 2023-05-28T15:10:45.573148297Z
Received from client at : 2023-05-28T15:10:45.593173000Z
response string "20024"
throughput: 47.16536175832469 index 1
Connecting to "/run/containerd/io.containerd.runtime.v2.task/k8s.io/2210" at 2023-05-28T15:10:46.134624104Z
Received from client at : 2023-05-28T15:10:46.152950000Z
response string "18325"
throughput: 49.399792520871415 index 2
Connecting to "/run/containerd/io.containerd.runtime.v2.task/k8s.io/32680" at 2023-05-28T15:10:46.692727857Z
Received from client at : 2023-05-28T15:10:46.711193000Z
response string "18465"
throughput: 50.50887693512135 index 3
Connecting to "/run/containerd/io.containerd.runtime.v2.task/k8s.io/31372" at 2023-05-28T15:10:47.252565560Z
Received from client at : 2023-05-28T15:10:47.270715000Z
response string "18149"
throughput: 51.36476171887038 index 4
Connecting to "/run/containerd/io.containerd.runtime.v2.task/k8s.io/543" at 2023-05-28T15:10:47.818774374Z
Received from client at : 2023-05-28T15:10:47.836949000Z
response string "18174"
throughput: 51.940407039656506 index 5
Connecting to "/run/containerd/io.containerd.runtime.v2.task/k8s.io/1235" at 2023-05-28T15:10:48.371672531Z
Received from client at : 2023-05-28T15:10:48.390287000Z
response string "18614"
throughput: 52.187786566863736 index 6
Connecting to "/run/containerd/io.containerd.runtime.v2.task/k8s.io/11190" at 2023-05-28T15:10:48.941119324Z
Received from client at : 2023-05-28T15:10:48.959776000Z
response string "18656"
throughput: 52.36047569492169 index 7
Connecting to "/run/containerd/io.containerd.runtime.v2.task/k8s.io/12516" at 2023-05-28T15:10:49.511060197Z
Received from client at : 2023-05-28T15:10:49.530072000Z
response string "19011"
throughput: 52.38710578702895 index 8
Connecting to "/run/containerd/io.containerd.runtime.v2.task/k8s.io/13670" at 2023-05-28T15:10:50.076596706Z
Received from client at : 2023-05-28T15:10:50.095008000Z
response string "18411"
throughput: 52.573747824761185 index 9
Result  10 sent, Duration 190 ms
throughput: 52.573747824761185