Connecting to "/run/containerd/io.containerd.runtime.v2.task/k8s.io/25269" at 2023-05-28T15:27:17.489862700Z
Received from client at : 2023-05-28T15:27:17.523318000Z
response string "33455"
throughput: 29.890898221491558 index 0
Connecting to "/run/containerd/io.containerd.runtime.v2.task/k8s.io/23252" at 2023-05-28T15:27:18.555862930Z
Received from client at : 2023-05-28T15:27:18.590209000Z
response string "34346"
throughput: 29.498089998672587 index 1
Connecting to "/run/containerd/io.containerd.runtime.v2.task/k8s.io/19267" at 2023-05-28T15:27:19.637136615Z
Received from client at : 2023-05-28T15:27:19.671284000Z
response string "34147"
throughput: 29.426766586887435 index 2
Connecting to "/run/containerd/io.containerd.runtime.v2.task/k8s.io/16102" at 2023-05-28T15:27:20.717185680Z
Received from client at : 2023-05-28T15:27:20.750844000Z
response string "33658"
throughput: 29.497219887025647 index 3
Connecting to "/run/containerd/io.containerd.runtime.v2.task/k8s.io/28526" at 2023-05-28T15:27:21.802972936Z
Received from client at : 2023-05-28T15:27:21.836687000Z
response string "33714"
throughput: 29.52988424285377 index 4
Connecting to "/run/containerd/io.containerd.runtime.v2.task/k8s.io/14632" at 2023-05-28T15:27:22.885072501Z
Received from client at : 2023-05-28T15:27:22.918824000Z
response string "33751"
throughput: 29.546316313013676 index 5
Connecting to "/run/containerd/io.containerd.runtime.v2.task/k8s.io/10671" at 2023-05-28T15:27:23.961862200Z
Received from client at : 2023-05-28T15:27:23.995036000Z
response string "33173"
throughput: 29.630382147271465 index 6
Connecting to "/run/containerd/io.containerd.runtime.v2.task/k8s.io/25816" at 2023-05-28T15:27:25.044228833Z
Received from client at : 2023-05-28T15:27:25.079088000Z
response string "34859"
throughput: 29.50907957492171 index 7
Connecting to "/run/containerd/io.containerd.runtime.v2.task/k8s.io/27131" at 2023-05-28T15:27:26.133097504Z
Received from client at : 2023-05-28T15:27:26.168552000Z
response string "35454"
throughput: 29.35832487922311 index 8
Connecting to "/run/containerd/io.containerd.runtime.v2.task/k8s.io/6967" at 2023-05-28T15:27:27.221273301Z
Received from client at : 2023-05-28T15:27:27.256373000Z
response string "35099"
throughput: 29.269206453274638 index 9
Result  10 sent, Duration 341 ms
throughput: 29.269206453274638