Connecting to "/run/containerd/io.containerd.runtime.v2.task/k8s.io/28100" at 2023-05-28T15:10:05.534706062Z
Received from client at : 2023-05-28T15:10:05.552893000Z
response string "18186"
throughput: 54.987352908830964 index 0
Connecting to "/run/containerd/io.containerd.runtime.v2.task/k8s.io/2947" at 2023-05-28T15:10:05.987079301Z
Received from client at : 2023-05-28T15:10:05.998175000Z
response string "11095"
throughput: 68.30367815306855 index 1
Connecting to "/run/containerd/io.containerd.runtime.v2.task/k8s.io/23183" at 2023-05-28T15:10:06.439810618Z
Received from client at : 2023-05-28T15:10:06.454040000Z
response string "14229"
throughput: 68.9496667432774 index 2
Connecting to "/run/containerd/io.containerd.runtime.v2.task/k8s.io/7445" at 2023-05-28T15:10:06.899884021Z
Received from client at : 2023-05-28T15:10:06.914546000Z
response string "14661"
throughput: 68.76278558044386 index 3
Connecting to "/run/containerd/io.containerd.runtime.v2.task/k8s.io/14718" at 2023-05-28T15:10:07.360442432Z
Received from client at : 2023-05-28T15:10:07.374780000Z
response string "14337"
throughput: 68.95790809290008 index 4
Connecting to "/run/containerd/io.containerd.runtime.v2.task/k8s.io/17576" at 2023-05-28T15:10:07.818189886Z
Received from client at : 2023-05-28T15:10:07.832668000Z
response string "14478"
throughput: 68.9766169268618 index 5
Connecting to "/run/containerd/io.containerd.runtime.v2.task/k8s.io/17843" at 2023-05-28T15:10:08.283391756Z
Received from client at : 2023-05-28T15:10:08.297221000Z
response string "13829"
throughput: 69.43411198730348 index 6
Connecting to "/run/containerd/io.containerd.runtime.v2.task/k8s.io/26590" at 2023-05-28T15:10:08.740676486Z
Received from client at : 2023-05-28T15:10:08.755052000Z
response string "14375"
throughput: 69.4504731313482 index 7
Connecting to "/run/containerd/io.containerd.runtime.v2.task/k8s.io/26269" at 2023-05-28T15:10:09.196945996Z
Received from client at : 2023-05-28T15:10:09.211057000Z
response string "14111"
throughput: 69.60503012351026 index 8
Connecting to "/run/containerd/io.containerd.runtime.v2.task/k8s.io/15306" at 2023-05-28T15:10:09.654305757Z
Received from client at : 2023-05-28T15:10:09.671128000Z
response string "16822"
throughput: 68.43549612312914 index 9
Result  10 sent, Duration 146 ms
throughput: 68.43549612312914