Connecting to "/run/containerd/io.containerd.runtime.v2.task/k8s.io/26188" at 2023-05-28T15:08:13.847098395Z
Received from client at : 2023-05-28T15:08:13.857829000Z
response string "10730"
throughput: 93.19664492078286 index 0
Connecting to "/run/containerd/io.containerd.runtime.v2.task/k8s.io/2312" at 2023-05-28T15:08:14.096234470Z
Received from client at : 2023-05-28T15:08:14.102739000Z
response string "6504"
throughput: 116.04966925844262 index 1
Connecting to "/run/containerd/io.containerd.runtime.v2.task/k8s.io/23699" at 2023-05-28T15:08:14.345972298Z
Received from client at : 2023-05-28T15:08:14.354344000Z
response string "8371"
throughput: 117.16461628588166 index 2
Connecting to "/run/containerd/io.containerd.runtime.v2.task/k8s.io/10987" at 2023-05-28T15:08:14.600705009Z
Received from client at : 2023-05-28T15:08:14.609438000Z
response string "8732"
throughput: 116.49241343157527 index 3
Connecting to "/run/containerd/io.containerd.runtime.v2.task/k8s.io/3207" at 2023-05-28T15:08:14.847563417Z
Received from client at : 2023-05-28T15:08:14.856093000Z
response string "8529"
throughput: 116.64256053748892 index 4
Connecting to "/run/containerd/io.containerd.runtime.v2.task/k8s.io/1833" at 2023-05-28T15:08:15.101869069Z
Received from client at : 2023-05-28T15:08:15.110205000Z
response string "8335"
throughput: 117.18521122634323 index 5
Connecting to "/run/containerd/io.containerd.runtime.v2.task/k8s.io/3991" at 2023-05-28T15:08:15.356005210Z
Received from client at : 2023-05-28T15:08:15.364377000Z
response string "8371"
throughput: 117.50486805881958 index 6
Connecting to "/run/containerd/io.containerd.runtime.v2.task/k8s.io/8132" at 2023-05-28T15:08:15.610228916Z
Received from client at : 2023-05-28T15:08:15.618436000Z
response string "8207"
throughput: 118.0306584635359 index 7
Connecting to "/run/containerd/io.containerd.runtime.v2.task/k8s.io/24748" at 2023-05-28T15:08:15.867250727Z
Received from client at : 2023-05-28T15:08:15.875457000Z
response string "8206"
throughput: 118.44442982167534 index 8
Connecting to "/run/containerd/io.containerd.runtime.v2.task/k8s.io/7302" at 2023-05-28T15:08:16.125361936Z
Received from client at : 2023-05-28T15:08:16.133793000Z
response string "8431"
throughput: 118.46095526914328 index 9
Result  10 sent, Duration 84 ms
throughput: 118.46095526914328