Connecting to "/run/containerd/io.containerd.runtime.v2.task/k8s.io/8503" at 2023-05-28T15:17:26.594255498Z
Received from client at : 2023-05-28T15:17:26.653834000Z
response string "59578"
throughput: 16.784719191647923 index 0
Connecting to "/run/containerd/io.containerd.runtime.v2.task/k8s.io/18786" at 2023-05-28T15:17:28.850020442Z
Received from client at : 2023-05-28T15:17:28.911527000Z
response string "61506"
throughput: 16.5174589541145 index 1
Connecting to "/run/containerd/io.containerd.runtime.v2.task/k8s.io/2666" at 2023-05-28T15:17:31.098344451Z
Received from client at : 2023-05-28T15:17:31.158849000Z
response string "60504"
throughput: 16.52091547899641 index 2
Connecting to "/run/containerd/io.containerd.runtime.v2.task/k8s.io/3060" at 2023-05-28T15:17:33.355696431Z
Received from client at : 2023-05-28T15:17:33.416329000Z
response string "60632"
throughput: 16.51391297167864 index 3
Connecting to "/run/containerd/io.containerd.runtime.v2.task/k8s.io/6241" at 2023-05-28T15:17:35.612882672Z
Received from client at : 2023-05-28T15:17:35.674600000Z
response string "61717"
throughput: 16.450777628258486 index 4
Connecting to "/run/containerd/io.containerd.runtime.v2.task/k8s.io/5207" at 2023-05-28T15:17:37.872426827Z
Received from client at : 2023-05-28T15:17:37.933744000Z
response string "61317"
throughput: 16.42692482491636 index 5
Connecting to "/run/containerd/io.containerd.runtime.v2.task/k8s.io/26599" at 2023-05-28T15:17:40.120513302Z
Received from client at : 2023-05-28T15:17:40.181936000Z
response string "61422"
throughput: 16.405891121131724 index 6
Connecting to "/run/containerd/io.containerd.runtime.v2.task/k8s.io/12453" at 2023-05-28T15:17:42.376247321Z
Received from client at : 2023-05-28T15:17:42.440057000Z
response string "63809"
throughput: 16.310386658103713 index 7
Connecting to "/run/containerd/io.containerd.runtime.v2.task/k8s.io/3224" at 2023-05-28T15:17:44.630465291Z
Received from client at : 2023-05-28T15:17:44.695289000Z
response string "64823"
throughput: 16.207221938095614 index 8
Connecting to "/run/containerd/io.containerd.runtime.v2.task/k8s.io/19435" at 2023-05-28T15:17:46.882731493Z
Received from client at : 2023-05-28T15:17:46.944173000Z
response string "61441"
throughput: 16.214051421242676 index 9
Result  10 sent, Duration 616 ms
throughput: 16.214051421242676