Connecting to "/run/containerd/io.containerd.runtime.v2.task/k8s.io/6484" at 2023-05-28T15:15:21.607223181Z
Received from client at : 2023-05-28T15:15:21.698773000Z
response string "91549"
throughput: 10.923112213131764 index 0
Connecting to "/run/containerd/io.containerd.runtime.v2.task/k8s.io/24142" at 2023-05-28T15:15:24.909921963Z
Received from client at : 2023-05-28T15:15:25.001542000Z
response string "91620"
throughput: 10.918878194454301 index 1
Connecting to "/run/containerd/io.containerd.runtime.v2.task/k8s.io/27633" at 2023-05-28T15:15:28.221821077Z
Received from client at : 2023-05-28T15:15:28.314661000Z
response string "92839"
throughput: 10.869250166661837 index 2
Connecting to "/run/containerd/io.containerd.runtime.v2.task/k8s.io/32490" at 2023-05-28T15:15:31.524864155Z
Received from client at : 2023-05-28T15:15:31.614899000Z
response string "90034"
throughput: 10.92770774938395 index 3
Connecting to "/run/containerd/io.containerd.runtime.v2.task/k8s.io/5215" at 2023-05-28T15:15:34.824816736Z
Received from client at : 2023-05-28T15:15:34.916440000Z
response string "91623"
throughput: 10.925021576917615 index 4
Connecting to "/run/containerd/io.containerd.runtime.v2.task/k8s.io/13272" at 2023-05-28T15:15:38.123112601Z
Received from client at : 2023-05-28T15:15:38.215279000Z
response string "92166"
throughput: 10.912444005521698 index 5
Connecting to "/run/containerd/io.containerd.runtime.v2.task/k8s.io/2813" at 2023-05-28T15:15:41.443340172Z
Received from client at : 2023-05-28T15:15:41.530336000Z
response string "86995"
throughput: 10.992013517036051 index 6
Connecting to "/run/containerd/io.containerd.runtime.v2.task/k8s.io/15031" at 2023-05-28T15:15:44.756647984Z
Received from client at : 2023-05-28T15:15:44.844854000Z
response string "88206"
throughput: 11.033995740877645 index 7
Connecting to "/run/containerd/io.containerd.runtime.v2.task/k8s.io/27725" at 2023-05-28T15:15:48.065359371Z
Received from client at : 2023-05-28T15:15:48.153625000Z
response string "88265"
throughput: 11.066068115337938 index 8
Connecting to "/run/containerd/io.containerd.runtime.v2.task/k8s.io/30792" at 2023-05-28T15:15:51.390036886Z
Received from client at : 2023-05-28T15:15:51.479228000Z
response string "89191"
throughput: 11.080479740450842 index 9
Result  10 sent, Duration 902 ms
throughput: 11.080479740450842