Exp 0
Connecting at 2023-05-29T14:51:09.769997494Z
Received at 2023-05-29T14:52:08.599714924Z
throughput: 0.01674711702567182 index 0
Result  1 sent, Duration 59711 ms
throughput: 0.01674711702567182
Exp 1
Connecting at 2023-05-29T14:52:28.374700962Z
Received at 2023-05-29T14:52:56.968371578Z
throughput: 0.03396829358714623 index 0
Result  1 sent, Duration 29439 ms
throughput: 0.03396829358714623
Exp 2
Connecting at 2023-05-29T14:53:17.093471115Z
Received at 2023-05-29T14:53:45.278158226Z
throughput: 0.03427133285942934 index 0
Result  1 sent, Duration 29178 ms
throughput: 0.03427133285942934
Exp 3
Connecting at 2023-05-29T14:54:05.563174145Z
Received at 2023-05-29T14:54:33.724501348Z
throughput: 0.03450308926860075 index 0
Result  1 sent, Duration 28982 ms
throughput: 0.03450308926860075
Exp 4
Connecting at 2023-05-29T14:54:53.977260995Z
Received at 2023-05-29T14:55:23.618097133Z
throughput: 0.03282728540934837 index 0
Result  1 sent, Duration 30462 ms
throughput: 0.03282728540934837
Exp 5
Connecting at 2023-05-29T14:55:43.559555386Z
Received at 2023-05-29T14:56:11.261921894Z
throughput: 0.035059049606662 index 0
Result  1 sent, Duration 28523 ms
throughput: 0.035059049606662
Exp 6
Connecting at 2023-05-29T14:56:33.236443036Z
Received at 2023-05-29T14:57:00.929546722Z
throughput: 0.03468764177489587 index 0
Result  1 sent, Duration 28828 ms
throughput: 0.03468764177489587
Exp 7
Connecting at 2023-05-29T14:57:21.111252838Z
Received at 2023-05-29T14:57:48.097585048Z
throughput: 0.03596052023940788 index 0
Result  1 sent, Duration 27808 ms
throughput: 0.03596052023940788
Exp 8
Connecting at 2023-05-29T14:58:08.009790495Z
Received at 2023-05-29T14:58:36.180045289Z
throughput: 0.03440447065453473 index 0
Result  1 sent, Duration 29065 ms
throughput: 0.03440447065453473
Exp 9
Connecting at 2023-05-29T14:58:56.603320114Z
Received at 2023-05-29T14:59:27.541720897Z
throughput: 0.031499933267391374 index 0
Result  1 sent, Duration 31746 ms
throughput: 0.031499933267391374
Exp 10
Connecting at 2023-05-29T14:59:47.087116768Z
Received at 2023-05-29T15:00:15.034829589Z
throughput: 0.03475975310008334 index 0
Result  1 sent, Duration 28768 ms
throughput: 0.03475975310008334