Exp 0
Connecting at 2023-05-29T15:19:19.114395385Z
                                            Received at 2023-05-29T15:19:27.870349633Z
                                                                                      throughput: 0.10834787903609393 index 0
                                                                                                                             Result  1 sent, Duration 9229 ms
                                                                                                                                                             throughput: 0.10834787903609393
                              Exp 1
Connecting at 2023-05-29T15:19:34.625157209Z
                                            Received at 2023-05-29T15:19:43.799132151Z
                                                                                      throughput: 0.1058895222847147 index 0
                                                                                                                            Result  1 sent, Duration 9443 ms
                                                                                                                                                            throughput: 0.1058895222847147
                            Exp 2
Connecting at 2023-05-29T15:19:50.599185589Z
                                            Received at 2023-05-29T15:19:59.818194723Z
                                                                                      throughput: 0.10536829326862035 index 0
                                                                                                                             Result  1 sent, Duration 9490 ms
                                                                                                                                                             throughput: 0.10536829326862035
                              Exp 3
Connecting at 2023-05-29T15:20:06.423815515Z
                                            Received at 2023-05-29T15:20:15.010596838Z
                                                                                      throughput: 0.1118588127014787 index 0
                                                                                                                            Result  1 sent, Duration 8939 ms
                                                                                                                                                            throughput: 0.1118588127014787
                            Exp 4
Connecting at 2023-05-29T15:20:21.886339415Z
                                            Received at 2023-05-29T15:20:30.920831444Z
                                                                                      throughput: 0.10724220555606852 index 0
                                                                                                                             Result  1 sent, Duration 9324 ms
                                                                                                                                                             throughput: 0.10724220555606852
                              Exp 5
Connecting at 2023-05-29T15:20:37.862740603Z
                                            Received at 2023-05-29T15:20:46.876142283Z
                                                                                      throughput: 0.10591910936434024 index 0
                                                                                                                             Result  1 sent, Duration 9441 ms
                                                                                                                                                             throughput: 0.10591910936434024
                              Exp 6
Connecting at 2023-05-29T15:20:54.666958597Z
                                            Received at 2023-05-29T15:21:03.378170695Z
                                                                                      throughput: 0.11134095595786013 index 0
                                                                                                                             Result  1 sent, Duration 8981 ms
                                                                                                                                                             throughput: 0.11134095595786013
                              Exp 7
Connecting at 2023-05-29T15:21:10.426778473Z
                                            Received at 2023-05-29T15:21:18.927061423Z
                                                                                      throughput: 0.11161185148212727 index 0
                                                                                                                             Result  1 sent, Duration 8959 ms
                                                                                                                                                             throughput: 0.11161185148212727
                              Exp 8
Connecting at 2023-05-29T15:21:25.785643326Z
                                            Received at 2023-05-29T15:21:34.623558765Z
                                                                                      throughput: 0.10827219022297792 index 0
                                                                                                                             Result  1 sent, Duration 9235 ms
                                                                                                                                                             throughput: 0.10827219022297792
                              Exp 9
Connecting at 2023-05-29T15:21:41.555453332Z
                                            Received at 2023-05-29T15:21:50.455491016Z
                                                                                      throughput: 0.10750820072555135 index 0
                                                                                                                             Result  1 sent, Duration 9301 ms
                                                                                                                                                             throughput: 0.10750820072555135
                              Exp 10
Connecting at 2023-05-29T15:21:57.122246899Z
                                            Received at 2023-05-29T15:22:05.854837424Z
                                                                                      throughput: 0.11047171311026369 index 0
                                                                                                                             Result  1 sent, Duration 9052 ms
                                                                                                                                                             throughput: 0.11047171311026369