Exp 0
Connecting at 2023-05-29T16:18:33.156482476Z
                                            Received at 2023-05-29T16:18:46.144603142Z
                                                                                      throughput: 0.0740497254273206 index 0
                                                                                                                            Result  1 sent, Duration 13504 ms
                                                                                                                                                             throughput: 0.0740497254273206
                             Exp 1
Connecting at 2023-05-29T16:18:57.219016698Z
                                            Received at 2023-05-29T16:19:10.853781133Z
                                                                                      throughput: 0.07082032098460643 index 0
                                                                                                                             Result  1 sent, Duration 14120 ms
                                                                                                                                                             throughput: 0.07082032098460643
                              Exp 2
Connecting at 2023-05-29T16:19:22.196272357Z
                                            Received at 2023-05-29T16:19:37.327389800Z
                                                                                      throughput: 0.0636173472545902 index 0
                                                                                                                            Result  1 sent, Duration 15718 ms
                                                                                                                                                             throughput: 0.0636173472545902
                             Exp 3
Connecting at 2023-05-29T16:19:47.296884267Z
                                            Received at 2023-05-29T16:20:01.389633748Z
                                                                                      throughput: 0.06825928316012085 index 0
                                                                                                                             Result  1 sent, Duration 14650 ms
                                                                                                                                                             throughput: 0.06825928316012085
                              Exp 4
Connecting at 2023-05-29T16:20:11.256372161Z
                                            Received at 2023-05-29T16:20:25.301235081Z
                                                                                      throughput: 0.06870795717158198 index 0
                                                                                                                             Result  1 sent, Duration 14554 ms
                                                                                                                                                             throughput: 0.06870795717158198
                              Exp 5
Connecting at 2023-05-29T16:20:35.217201426Z
                                            Received at 2023-05-29T16:20:49.032448443Z
                                                                                      throughput: 0.07029168871775518 index 0
                                                                                                                             Result  1 sent, Duration 14226 ms
                                                                                                                                                             throughput: 0.07029168871775518
                              Exp 6
Connecting at 2023-05-29T16:20:59.076028546Z
                                            Received at 2023-05-29T16:21:13.476007059Z
                                                                                      throughput: 0.06684720760496615 index 0
                                                                                                                             Result  1 sent, Duration 14959 ms
                                                                                                                                                             throughput: 0.06684720760496615
                              Exp 7
Connecting at 2023-05-29T16:21:25.188585950Z
                                            Received at 2023-05-29T16:21:38.833243954Z
                                                                                      throughput: 0.07023127369120334 index 0
                                                                                                                             Result  1 sent, Duration 14238 ms
                                                                                                                                                             throughput: 0.07023127369120334
                              Exp 8
Connecting at 2023-05-29T16:21:48.779461938Z
                                            Received at 2023-05-29T16:22:02.848105785Z
                                                                                      throughput: 0.06909011292157147 index 0
                                                                                                                             Result  1 sent, Duration 14473 ms
                                                                                                                                                             throughput: 0.06909011292157147
                              Exp 9
Connecting at 2023-05-29T16:22:13.112246218Z
                                            Received at 2023-05-29T16:22:26.898998060Z
                                                                                      throughput: 0.06981750750800021 index 0
                                                                                                                             Result  1 sent, Duration 14323 ms
                                                                                                                                                             throughput: 0.06981750750800021
                              Exp 10
Connecting at 2023-05-29T16:22:36.664283449Z
                                            Received at 2023-05-29T16:22:50.202592083Z
                                                                                      throughput: 0.07104676105986706 index 0
                                                                                                                             Result  1 sent, Duration 14075 ms
                                                                                                                                                             throughput: 0.07104676105986706