Exp 0
Connecting at 2023-05-29T15:01:26.619022395Z
Received at 2023-05-29T15:01:47.136659557Z
throughput: 0.04734349719312241 index 0
Result  1 sent, Duration 21122 ms
throughput: 0.04734349719312241
Exp 1
Connecting at 2023-05-29T15:02:00.561874125Z
Received at 2023-05-29T15:02:19.107307911Z
throughput: 0.05185846207715128 index 0
Result  1 sent, Duration 19283 ms
throughput: 0.05185846207715128
Exp 2
Connecting at 2023-05-29T15:02:32.921110062Z
Received at 2023-05-29T15:02:52.175126749Z
throughput: 0.05018947530717966 index 0
Result  1 sent, Duration 19924 ms
throughput: 0.05018947530717966
Exp 3
Connecting at 2023-05-29T15:03:05.896133239Z
Received at 2023-05-29T15:03:24.728606220Z
throughput: 0.051188751251437 index 0
Result  1 sent, Duration 19535 ms
throughput: 0.051188751251437
Exp 4
Connecting at 2023-05-29T15:03:38.457705852Z
Received at 2023-05-29T15:03:57.810255558Z
throughput: 0.04985321468733535 index 0
Result  1 sent, Duration 20058 ms
throughput: 0.04985321468733535
Exp 5
Connecting at 2023-05-29T15:04:11.162365940Z
Received at 2023-05-29T15:04:30.810434003Z
throughput: 0.0494976434666922 index 0
Result  1 sent, Duration 20202 ms
throughput: 0.0494976434666922
Exp 6
Connecting at 2023-05-29T15:04:44.402863764Z
Received at 2023-05-29T15:05:03.435421875Z
throughput: 0.05056144694726416 index 0
Result  1 sent, Duration 19777 ms
throughput: 0.05056144694726416
Exp 7
Connecting at 2023-05-29T15:05:17.188901172Z
Received at 2023-05-29T15:05:36.775061779Z
throughput: 0.04965059880608184 index 0
Result  1 sent, Duration 20140 ms
throughput: 0.04965059880608184
Exp 8
Connecting at 2023-05-29T15:05:51.475606627Z
Received at 2023-05-29T15:06:11.722080705Z
throughput: 0.04782113289507178 index 0
Result  1 sent, Duration 20911 ms
throughput: 0.04782113289507178
Exp 9
Connecting at 2023-05-29T15:06:25.112685715Z
Received at 2023-05-29T15:06:44.730992377Z
throughput: 0.049557589487130495 index 0
Result  1 sent, Duration 20178 ms
throughput: 0.049557589487130495
Exp 10
Connecting at 2023-05-29T15:06:58.036207764Z
Received at 2023-05-29T15:07:18.305918929Z
throughput: 0.04797316496287573 index 0
Result  1 sent, Duration 20844 ms
throughput: 0.04797316496287573