Exp 1
Connecting to "/run/containerd/io.containerd.runtime.v2.task/k8s.io/29619" at 2023-05-21T14:05:58.072193555Z
Received from client at : 2023-05-21T14:05:58.107775800Z
Duration  9.960995374
Exp 2
Connecting to "/run/containerd/io.containerd.runtime.v2.task/k8s.io/7716" at 2023-05-21T14:06:10.868860120Z
Received from client at : 2023-05-21T14:06:10.901162872Z
Duration  9.698985114
Exp 3
Connecting to "/run/containerd/io.containerd.runtime.v2.task/k8s.io/14681" at 2023-05-21T14:06:23.762620600Z
Received from client at : 2023-05-21T14:06:23.797483564Z
Duration  9.864006599
Exp 4
Connecting to "/run/containerd/io.containerd.runtime.v2.task/k8s.io/9397" at 2023-05-21T14:06:36.645129890Z
Received from client at : 2023-05-21T14:06:36.677388160Z
Duration  9.853580366
Exp 5
Connecting to "/run/containerd/io.containerd.runtime.v2.task/k8s.io/21968" at 2023-05-21T14:06:49.490827548Z
Received from client at : 2023-05-21T14:06:49.525370569Z
Duration  9.803541647
Exp 6
Connecting to "/run/containerd/io.containerd.runtime.v2.task/k8s.io/8864" at 2023-05-21T14:07:02.285652161Z
Received from client at : 2023-05-21T14:07:02.318648128Z
Duration  9.783797867
Exp 7
Connecting to "/run/containerd/io.containerd.runtime.v2.task/k8s.io/19563" at 2023-05-21T14:07:15.125152407Z
Received from client at : 2023-05-21T14:07:15.158164993Z
Duration  9.790976490
Exp 8
Connecting to "/run/containerd/io.containerd.runtime.v2.task/k8s.io/10604" at 2023-05-21T14:07:28.095010182Z
Received from client at : 2023-05-21T14:07:28.129078653Z
Duration  9.968345437
Exp 9
Connecting to "/run/containerd/io.containerd.runtime.v2.task/k8s.io/13309" at 2023-05-21T14:07:40.840560044Z
Received from client at : 2023-05-21T14:07:40.875089006Z
Duration  9.671975857
Exp 10
Connecting to "/run/containerd/io.containerd.runtime.v2.task/k8s.io/12388" at 2023-05-21T14:07:53.693500665Z
Received from client at : 2023-05-21T14:07:53.726202440Z
Duration  9.830713394
Exp 11
Connecting to "/run/containerd/io.containerd.runtime.v2.task/k8s.io/3147" at 2023-05-21T14:08:06.478012236Z
Received from client at : 2023-05-21T14:08:06.512379294Z
Duration  9.757702770
Exp 12
Connecting to "/run/containerd/io.containerd.runtime.v2.task/k8s.io/6146" at 2023-05-21T14:08:19.304073031Z
Received from client at : 2023-05-21T14:08:19.338837174Z
Duration  9.802567546
Exp 13
Connecting to "/run/containerd/io.containerd.runtime.v2.task/k8s.io/11285" at 2023-05-21T14:08:32.125117355Z
Received from client at : 2023-05-21T14:08:32.157899244Z
Duration  9.786266703
Exp 14
Connecting to "/run/containerd/io.containerd.runtime.v2.task/k8s.io/31260" at 2023-05-21T14:08:44.878255775Z
Received from client at : 2023-05-21T14:08:44.912560173Z
Duration  9.804531244
Exp 15
Connecting to "/run/containerd/io.containerd.runtime.v2.task/k8s.io/382" at 2023-05-21T14:08:57.826897292Z
Received from client at : 2023-05-21T14:08:57.862054Z
Duration  9.843823868
Exp 16
Connecting to "/run/containerd/io.containerd.runtime.v2.task/k8s.io/20473" at 2023-05-21T14:09:10.618651997Z
Received from client at : 2023-05-21T14:09:10.651199282Z
Duration  9.785581238
Exp 17
Connecting to "/run/containerd/io.containerd.runtime.v2.task/k8s.io/8554" at 2023-05-21T14:09:23.558014552Z
Received from client at : 2023-05-21T14:09:23.590651074Z
Duration  9.877242706
Exp 18
Connecting to "/run/containerd/io.containerd.runtime.v2.task/k8s.io/28943" at 2023-05-21T14:09:36.448468633Z
Received from client at : 2023-05-21T14:09:36.481001745Z
Duration  9.843127534
Exp 19
Connecting to "/run/containerd/io.containerd.runtime.v2.task/k8s.io/31136" at 2023-05-21T14:09:49.321703025Z
Received from client at : 2023-05-21T14:09:49.355941054Z
Duration  9.835991174
Exp 20
Connecting to "/run/containerd/io.containerd.runtime.v2.task/k8s.io/16778" at 2023-05-21T14:10:02.075521448Z
Received from client at : 2023-05-21T14:10:02.109831381Z
Duration  9.742870840
Exp 21
Connecting to "/run/containerd/io.containerd.runtime.v2.task/k8s.io/22125" at 2023-05-21T14:10:14.863266034Z
Received from client at : 2023-05-21T14:10:14.906463103Z
Duration  9.758721494
Exp 22
Connecting to "/run/containerd/io.containerd.runtime.v2.task/k8s.io/20571" at 2023-05-21T14:10:27.676883229Z
Received from client at : 2023-05-21T14:10:27.709741184Z
Duration  9.774882215
Exp 23
Connecting to "/run/containerd/io.containerd.runtime.v2.task/k8s.io/29156" at 2023-05-21T14:10:40.400750678Z
Received from client at : 2023-05-21T14:10:40.442231555Z
Duration  9.694524591
Exp 24
Connecting to "/run/containerd/io.containerd.runtime.v2.task/k8s.io/25643" at 2023-05-21T14:10:53.179101751Z
Received from client at : 2023-05-21T14:10:53.211946939Z
Duration  9.742886528
Exp 25
Connecting to "/run/containerd/io.containerd.runtime.v2.task/k8s.io/10758" at 2023-05-21T14:11:05.936400945Z
Received from client at : 2023-05-21T14:11:05.977103808Z
Duration  9.717566021
Exp 26
Connecting to "/run/containerd/io.containerd.runtime.v2.task/k8s.io/30765" at 2023-05-21T14:11:18.730215767Z
Received from client at : 2023-05-21T14:11:18.764898459Z
Duration  9.765449800
Exp 27
Connecting to "/run/containerd/io.containerd.runtime.v2.task/k8s.io/8563" at 2023-05-21T14:11:31.524371350Z
Received from client at : 2023-05-21T14:11:31.557712796Z
Duration  9.793379243
Exp 28
Connecting to "/run/containerd/io.containerd.runtime.v2.task/k8s.io/13550" at 2023-05-21T14:11:44.564693241Z
Received from client at : 2023-05-21T14:11:44.599718870Z
Duration  10.130629565
Exp 29
Connecting to "/run/containerd/io.containerd.runtime.v2.task/k8s.io/21878" at 2023-05-21T14:11:57.478146139Z
Received from client at : 2023-05-21T14:11:57.512285115Z
Duration  9.731067247
Exp 30
Connecting to "/run/containerd/io.containerd.runtime.v2.task/k8s.io/29746" at 2023-05-21T14:12:10.295863165Z
Received from client at : 2023-05-21T14:12:10.328648082Z
Duration  9.872732747
Exp 31
Connecting to "/run/containerd/io.containerd.runtime.v2.task/k8s.io/25590" at 2023-05-21T14:12:23.234795755Z
Received from client at : 2023-05-21T14:12:23.269734732Z
Exp 32
Connecting to "/run/containerd/io.containerd.runtime.v2.task/k8s.io/25413" at 2023-05-21T14:21:06.711450925Z
Received from client at : 2023-05-21T14:21:06.752584605Z
Duration  9.830878937
Exp 33
Connecting to "/run/containerd/io.containerd.runtime.v2.task/k8s.io/8236" at 2023-05-21T14:21:19.575372779Z
Received from client at : 2023-05-21T14:21:19.608170636Z
Duration  9.733671282
Exp 34
Connecting to "/run/containerd/io.containerd.runtime.v2.task/k8s.io/8274" at 2023-05-21T14:21:32.415925390Z
Received from client at : 2023-05-21T14:21:32.450254861Z
Duration  9.802964509
Exp 35
Connecting to "/run/containerd/io.containerd.runtime.v2.task/k8s.io/649" at 2023-05-21T14:21:45.489043850Z
Received from client at : 2023-05-21T14:21:45.530139308Z
Duration  10.120267335
Exp 36
Connecting to "/run/containerd/io.containerd.runtime.v2.task/k8s.io/6546" at 2023-05-21T14:21:58.341899423Z
Received from client at : 2023-05-21T14:21:58.376048252Z
Duration  9.796250990
Exp 37
Connecting to "/run/containerd/io.containerd.runtime.v2.task/k8s.io/4512" at 2023-05-21T14:22:11.237720630Z
Received from client at : 2023-05-21T14:22:11.272478951Z
Duration  9.805626412
Exp 38
Connecting to "/run/containerd/io.containerd.runtime.v2.task/k8s.io/449" at 2023-05-21T14:22:24.197072133Z
Received from client at : 2023-05-21T14:22:24.231279703Z
Duration  9.941524663
Exp 39
Connecting to "/run/containerd/io.containerd.runtime.v2.task/k8s.io/4879" at 2023-05-21T14:22:36.981177373Z
Received from client at : 2023-05-21T14:22:37.015195278Z
Duration  9.741997503
Exp 40
Connecting to "/run/containerd/io.containerd.runtime.v2.task/k8s.io/881" at 2023-05-21T14:22:49.838740007Z
Received from client at : 2023-05-21T14:22:49.871741452Z
Duration  9.842194131
Exp 41
Connecting to "/run/containerd/io.containerd.runtime.v2.task/k8s.io/17416" at 2023-05-21T14:23:02.622182697Z
Received from client at : 2023-05-21T14:23:02.657083900Z
Duration  9.745595838
Exp 42
Connecting to "/run/containerd/io.containerd.runtime.v2.task/k8s.io/10202" at 2023-05-21T14:23:15.415206251Z
Received from client at : 2023-05-21T14:23:15.449593580Z
Duration  9.770853768
Exp 43
Connecting to "/run/containerd/io.containerd.runtime.v2.task/k8s.io/26366" at 2023-05-21T14:23:28.395531810Z
Received from client at : 2023-05-21T14:23:28.428223872Z
Duration  9.935309535
Exp 44
Connecting to "/run/containerd/io.containerd.runtime.v2.task/k8s.io/10362" at 2023-05-21T14:23:41.145971505Z
Received from client at : 2023-05-21T14:23:41.180460523Z
Duration  9.718830224
Exp 45
Connecting to "/run/containerd/io.containerd.runtime.v2.task/k8s.io/19717" at 2023-05-21T14:23:53.882300152Z
Received from client at : 2023-05-21T14:23:53.917201534Z
Duration  9.716805618
Exp 46
Connecting to "/run/containerd/io.containerd.runtime.v2.task/k8s.io/3088" at 2023-05-21T14:24:06.666635596Z
Received from client at : 2023-05-21T14:24:06.700989740Z
Duration  9.773191647
Exp 47
Connecting to "/run/containerd/io.containerd.runtime.v2.task/k8s.io/27230" at 2023-05-21T14:24:19.426027072Z
Received from client at : 2023-05-21T14:24:19.458717588Z
Duration  9.702993517
Exp 48
Connecting to "/run/containerd/io.containerd.runtime.v2.task/k8s.io/3709" at 2023-05-21T14:24:32.218205396Z
Received from client at : 2023-05-21T14:24:32.250867348Z
Duration  9.779725099
Exp 49
Connecting to "/run/containerd/io.containerd.runtime.v2.task/k8s.io/5619" at 2023-05-21T14:24:44.998966391Z
Received from client at : 2023-05-21T14:24:45.040229467Z
Duration  9.820359091
Exp 50
Connecting to "/run/containerd/io.containerd.runtime.v2.task/k8s.io/23442" at 2023-05-21T14:24:57.804656315Z
Received from client at : 2023-05-21T14:24:57.838657415Z
Duration  9.679307609%