Exp 1
[sudo] password for ubuntu: 
Connecting to "/run/containerd/io.containerd.runtime.v2.task/k8s.io/31872" at 2023-05-22T05:33:47.952198642Z
Received from client at : 2023-05-22 05:33:48.014758283 UTC
Duration  24.149879454
Exp 2
Connecting to "/run/containerd/io.containerd.runtime.v2.task/k8s.io/26868" at 2023-05-22T05:34:11.276218578Z
Received from client at : 2023-05-22 05:34:11.336537402 UTC
Duration  20.268692131
Exp 3
Connecting to "/run/containerd/io.containerd.runtime.v2.task/k8s.io/17146" at 2023-05-22T05:34:33.964221983Z
Received from client at : 2023-05-22 05:34:34.026554840 UTC
Duration  19.767529496
Exp 4
Connecting to "/run/containerd/io.containerd.runtime.v2.task/k8s.io/13570" at 2023-05-22T05:34:56.594780274Z
Received from client at : 2023-05-22 05:34:56.657576237 UTC
Duration  19.670290994
Exp 5
Connecting to "/run/containerd/io.containerd.runtime.v2.task/k8s.io/17458" at 2023-05-22T05:35:19.218251829Z
Received from client at : 2023-05-22 05:35:19.278859695 UTC
Duration  19.525365452
Exp 6
Connecting to "/run/containerd/io.containerd.runtime.v2.task/k8s.io/7437" at 2023-05-22T05:35:41.711484058Z
Received from client at : 2023-05-22 05:35:41.772815123 UTC
Duration  19.458948549
Exp 7
Connecting to "/run/containerd/io.containerd.runtime.v2.task/k8s.io/5219" at 2023-05-22T05:36:04.479596785Z
Received from client at : 2023-05-22 05:36:04.540066886 UTC
Duration  19.607270244
Exp 8
Connecting to "/run/containerd/io.containerd.runtime.v2.task/k8s.io/31259" at 2023-05-22T05:36:27.164528872Z
Received from client at : 2023-05-22 05:36:27.228343485 UTC
Duration  19.707508124
Exp 9
Connecting to "/run/containerd/io.containerd.runtime.v2.task/k8s.io/16876" at 2023-05-22T05:36:49.717607188Z
Received from client at : 2023-05-22 05:36:49.779133811 UTC
Duration  19.484829469
Exp 10
Connecting to "/run/containerd/io.containerd.runtime.v2.task/k8s.io/16467" at 2023-05-22T05:37:12.306597144Z
Received from client at : 2023-05-22 05:37:12.369231296 UTC
Duration  19.594263410
Exp 11
Connecting to "/run/containerd/io.containerd.runtime.v2.task/k8s.io/3551" at 2023-05-22T05:37:34.879964646Z
Received from client at : 2023-05-22 05:37:34.942503528 UTC
Duration  19.494519376
Exp 12
Connecting to "/run/containerd/io.containerd.runtime.v2.task/k8s.io/15073" at 2023-05-22T05:37:57.454731985Z
Received from client at : 2023-05-22 05:37:57.514289874 UTC
Duration  19.712654193
Exp 13
Connecting to "/run/containerd/io.containerd.runtime.v2.task/k8s.io/52" at 2023-05-22T05:38:20.000403367Z
Received from client at : 2023-05-22 05:38:20.059919021 UTC
Duration  19.453841578
Exp 14
Connecting to "/run/containerd/io.containerd.runtime.v2.task/k8s.io/7025" at 2023-05-22T05:38:42.627351382Z
Received from client at : 2023-05-22 05:38:42.689791706 UTC
Duration  19.632815224
Exp 15
Connecting to "/run/containerd/io.containerd.runtime.v2.task/k8s.io/24539" at 2023-05-22T05:39:05.248069786Z
Received from client at : 2023-05-22 05:39:05.310779213 UTC
Duration  19.472133071
Exp 16
Connecting to "/run/containerd/io.containerd.runtime.v2.task/k8s.io/19084" at 2023-05-22T05:39:27.791063704Z
Received from client at : 2023-05-22 05:39:27.851356132 UTC
Duration  19.511959361
Exp 17
Connecting to "/run/containerd/io.containerd.runtime.v2.task/k8s.io/16572" at 2023-05-22T05:39:50.409096172Z
Received from client at : 2023-05-22 05:39:50.468944553 UTC
Duration  19.592586051
Exp 18
Connecting to "/run/containerd/io.containerd.runtime.v2.task/k8s.io/23404" at 2023-05-22T05:40:13.056260039Z
Received from client at : 2023-05-22 05:40:13.115709596 UTC
Duration  19.587343235
Exp 19
Connecting to "/run/containerd/io.containerd.runtime.v2.task/k8s.io/11136" at 2023-05-22T05:40:35.603362833Z
Received from client at : 2023-05-22 05:40:35.663531847 UTC
Duration  19.521734017
Exp 20
Connecting to "/run/containerd/io.containerd.runtime.v2.task/k8s.io/1687" at 2023-05-22T05:40:58.179750379Z
Received from client at : 2023-05-22 05:40:58.241666513 UTC
Duration  19.589930658
Exp 21
Connecting to "/run/containerd/io.containerd.runtime.v2.task/k8s.io/20185" at 2023-05-22T05:41:20.792680415Z
Received from client at : 2023-05-22 05:41:20.854821967 UTC
Exp 22
Connecting to "/run/containerd/io.containerd.runtime.v2.task/k8s.io/22637" at 2023-05-22T05:49:01.850634445Z
Received from client at : 2023-05-22 05:49:01.913326827 UTC
Duration  19.521800379
Exp 23
Connecting to "/run/containerd/io.containerd.runtime.v2.task/k8s.io/19206" at 2023-05-22T05:49:24.517026669Z
Received from client at : 2023-05-22 05:49:24.576904473 UTC
Duration  19.620410655
Exp 24
Connecting to "/run/containerd/io.containerd.runtime.v2.task/k8s.io/15141" at 2023-05-22T05:49:47.000065413Z
Received from client at : 2023-05-22 05:49:47.062393034 UTC
Duration  19.462494206
Exp 25
Connecting to "/run/containerd/io.containerd.runtime.v2.task/k8s.io/25429" at 2023-05-22T05:50:09.462317431Z
Received from client at : 2023-05-22 05:50:09.522923286 UTC
Duration  19.429758610
Exp 26
Connecting to "/run/containerd/io.containerd.runtime.v2.task/k8s.io/17718" at 2023-05-22T05:50:31.974554053Z
Received from client at : 2023-05-22 05:50:32.037089691 UTC
Duration  19.482907321
Exp 27
Connecting to "/run/containerd/io.containerd.runtime.v2.task/k8s.io/20315" at 2023-05-22T05:50:54.539609399Z
Received from client at : 2023-05-22 05:50:54.601557315 UTC
Duration  19.528738155
Exp 28
Connecting to "/run/containerd/io.containerd.runtime.v2.task/k8s.io/10406" at 2023-05-22T05:51:16.934603260Z
Received from client at : 2023-05-22 05:51:16.997615377 UTC
Duration  19.487048728
Exp 29
Connecting to "/run/containerd/io.containerd.runtime.v2.task/k8s.io/30691" at 2023-05-22T05:51:39.659459483Z
Received from client at : 2023-05-22 05:51:39.722944568 UTC
Duration  19.586128787
Exp 30
Connecting to "/run/containerd/io.containerd.runtime.v2.task/k8s.io/7907" at 2023-05-22T05:52:02.124766316Z
Received from client at : 2023-05-22 05:52:02.186821444 UTC
Duration  19.410253225
Exp 31
Connecting to "/run/containerd/io.containerd.runtime.v2.task/k8s.io/19459" at 2023-05-22T05:52:24.655990598Z
Received from client at : 2023-05-22 05:52:24.715874010 UTC
Duration  19.505711070
Exp 32
Connecting to "/run/containerd/io.containerd.runtime.v2.task/k8s.io/12296" at 2023-05-22T05:52:47.198450292Z
Received from client at : 2023-05-22 05:52:47.260945904 UTC
Duration  19.555435463
Exp 33
Connecting to "/run/containerd/io.containerd.runtime.v2.task/k8s.io/12513" at 2023-05-22T05:53:09.711491262Z
Received from client at : 2023-05-22 05:53:09.771577911 UTC
Duration  19.430238663
Exp 34
Connecting to "/run/containerd/io.containerd.runtime.v2.task/k8s.io/13877" at 2023-05-22T05:53:32.214516589Z
Received from client at : 2023-05-22 05:53:32.275308342 UTC
Duration  19.522302023
Exp 35
Connecting to "/run/containerd/io.containerd.runtime.v2.task/k8s.io/29093" at 2023-05-22T05:53:54.766516751Z
Received from client at : 2023-05-22 05:53:54.829246757 UTC
Duration  19.469768043
Exp 36
Connecting to "/run/containerd/io.containerd.runtime.v2.task/k8s.io/2166" at 2023-05-22T05:54:17.238766204Z
Received from client at : 2023-05-22 05:54:17.298195732 UTC
Duration  19.456317546
Exp 37
Connecting to "/run/containerd/io.containerd.runtime.v2.task/k8s.io/19358" at 2023-05-22T05:54:39.644050658Z
Received from client at : 2023-05-22 05:54:39.703451151 UTC
Duration  19.357921952
Exp 38
Connecting to "/run/containerd/io.containerd.runtime.v2.task/k8s.io/20736" at 2023-05-22T05:55:02.060289847Z
Received from client at : 2023-05-22 05:55:02.122309371 UTC
Duration  19.393660430
Exp 39
Connecting to "/run/containerd/io.containerd.runtime.v2.task/k8s.io/27850" at 2023-05-22T05:55:24.615955244Z
Received from client at : 2023-05-22 05:55:24.675953437 UTC
Duration  19.520497696
Exp 40
Connecting to "/run/containerd/io.containerd.runtime.v2.task/k8s.io/8076" at 2023-05-22T05:55:47.186818176Z
Received from client at : 2023-05-22 05:55:47.249928311 UTC
Duration  19.538623908
Exp 41
Connecting to "/run/containerd/io.containerd.runtime.v2.task/k8s.io/3815" at 2023-05-22T05:56:09.662814388Z
Received from client at : 2023-05-22 05:56:09.724121151 UTC
Duration  19.463011476
Exp 42
Connecting to "/run/containerd/io.containerd.runtime.v2.task/k8s.io/21051" at 2023-05-22T05:56:32.196225555Z
Received from client at : 2023-05-22 05:56:32.259443458 UTC
Duration  19.478091933
Exp 43
Connecting to "/run/containerd/io.containerd.runtime.v2.task/k8s.io/447" at 2023-05-22T05:56:55.293549658Z
Received from client at : 2023-05-22 05:56:55.355772812 UTC
Duration  20.179294047
Exp 44
Connecting to "/run/containerd/io.containerd.runtime.v2.task/k8s.io/27074" at 2023-05-22T05:57:17.818849981Z
Received from client at : 2023-05-22 05:57:17.879380337 UTC
Duration  19.388931398
Exp 45
Connecting to "/run/containerd/io.containerd.runtime.v2.task/k8s.io/10297" at 2023-05-22T05:57:40.184178603Z
Received from client at : 2023-05-22 05:57:40.247273803 UTC
Duration  19.352802624
Exp 46
Connecting to "/run/containerd/io.containerd.runtime.v2.task/k8s.io/18395" at 2023-05-22T05:58:02.746969358Z
Received from client at : 2023-05-22 05:58:02.809345802 UTC
Duration  19.554495467
Exp 47
Connecting to "/run/containerd/io.containerd.runtime.v2.task/k8s.io/7856" at 2023-05-22T05:58:25.261627430Z
Received from client at : 2023-05-22 05:58:25.321613685 UTC
Duration  19.438699632
Exp 48
Connecting to "/run/containerd/io.containerd.runtime.v2.task/k8s.io/21009" at 2023-05-22T05:58:47.823291508Z
Received from client at : 2023-05-22 05:58:47.883221837 UTC
Duration  19.538042618
Exp 49
Connecting to "/run/containerd/io.containerd.runtime.v2.task/k8s.io/17417" at 2023-05-22T05:59:10.444214366Z
Received from client at : 2023-05-22 05:59:10.504082117 UTC
Duration  19.622478428
Exp 50
Connecting to "/run/containerd/io.containerd.runtime.v2.task/k8s.io/20883" at 2023-05-22T05:59:33.025511629Z
Received from client at : 2023-05-22 05:59:33.085780175 UTC
Duration  19.514154151%