Exp 1
Connecting at 2023-05-21T19:51:08.265780045Z
Received at 2023-05-21T19:51:10.067033601Z
Duration  21.557977883
Exp 2
Connecting at 2023-05-21T19:51:29.937519167Z
Received at 2023-05-21T19:51:32.829257382Z
Duration  21.616523536
Exp 3
Connecting at 2023-05-21T19:51:51.562710924Z
Received at 2023-05-21T19:51:53.361957512Z
Duration  20.517544622
Exp 4
Connecting at 2023-05-21T19:52:11.994355959Z
Received at 2023-05-21T19:52:13.794393328Z
Duration  20.420620735
Exp 5
Connecting at 2023-05-21T19:52:32.536506417Z
Received at 2023-05-21T19:52:34.748135217Z
Duration  20.941291972
Exp 6
Connecting at 2023-05-21T19:52:53.634638421Z
Received at 2023-05-21T19:52:56.029449498Z
Duration  21.333447255
Exp 7
Connecting at 2023-05-21T19:53:14.725120438Z
Received at 2023-05-21T19:53:16.516072566Z
Duration  20.455911228
Exp 8
Connecting at 2023-05-21T19:53:35.436761013Z
Received at 2023-05-21T19:53:37.274232802Z
Duration  20.736442705
Exp 9
Connecting at 2023-05-21T19:53:56.091141930Z
Received at 2023-05-21T19:53:57.895802251Z
Duration  20.658828423
Exp 10
Connecting at 2023-05-21T19:54:16.757068870Z
Received at 2023-05-21T19:54:18.815866122Z
Duration  21.005286544
Exp 11
Connecting at 2023-05-21T19:54:37.658455411Z
Received at 2023-05-21T19:54:39.464598119Z
Duration  20.499993149
Exp 12
Connecting at 2023-05-21T19:54:58.201265205Z
Received at 2023-05-21T19:55:00.569870255Z
Duration  21.111984090
Exp 13
Connecting at 2023-05-21T19:55:19.442681895Z
Received at 2023-05-21T19:55:22.328956891Z
Duration  21.848687409
Exp 14
Connecting at 2023-05-21T19:55:41.196055101Z
Received at 2023-05-21T19:55:42.991018986Z
Duration  20.667858900
Exp 15
Connecting at 2023-05-21T19:56:01.868922112Z
Received at 2023-05-21T19:56:03.671657013Z
Duration  20.565485666
Exp 16
Connecting at 2023-05-21T19:56:22.561393606Z
Received at 2023-05-21T19:56:24.445782320Z
Duration  20.762422719
Exp 17
Connecting at 2023-05-21T19:56:43.219459704Z
Received at 2023-05-21T19:56:45.024722465Z
Duration  20.676158959
Exp 18
Connecting at 2023-05-21T19:57:04.005749360Z
Received at 2023-05-21T19:57:05.802725327Z
Duration  20.681408323
Exp 19
Connecting at 2023-05-21T19:57:24.575968024Z
Received at 2023-05-21T19:57:26.381419932Z
Duration  20.571712732
Exp 20
Connecting at 2023-05-21T19:57:45.012098396Z
Received at 2023-05-21T19:57:46.895342547Z
Duration  20.510156183
Exp 21
Connecting at 2023-05-21T19:58:05.578240135Z
Received at 2023-05-21T19:58:07.513946682Z
Duration  20.607370648
Exp 22
Connecting at 2023-05-21T19:58:26.290552002Z
Received at 2023-05-21T19:58:28.803147763Z
Duration  21.293955214
Exp 23
Connecting at 2023-05-21T19:58:47.582974487Z
Received at 2023-05-21T19:58:49.390861630Z
Duration  20.589761520
Exp 24
Connecting at 2023-05-21T19:59:08.280603878Z
Received at 2023-05-21T19:59:10.084286590Z
Duration  20.691058549
Exp 25
Connecting at 2023-05-21T19:59:28.875311987Z
Received at 2023-05-21T19:59:30.681564915Z
Duration  20.583272677
Exp 26
Connecting at 2023-05-21T19:59:49.335771240Z
Received at 2023-05-21T19:59:51.143262625Z
Duration  20.459179703
Exp 27
Connecting at 2023-05-21T20:00:09.760664169Z
Received at 2023-05-21T20:00:11.567451153Z
Duration  20.421747549
Exp 28
Connecting at 2023-05-21T20:00:30.268346022Z
Received at 2023-05-21T20:00:32.223344408Z
Duration  20.652681185
Exp 29
Connecting at 2023-05-21T20:00:50.994039174Z
Received at 2023-05-21T20:00:52.793114682Z
Duration  20.563168087
Exp 30
Connecting at 2023-05-21T20:01:11.438868827Z
Received at 2023-05-21T20:01:14.391465855Z
Duration  21.594972272
Exp 31
Connecting at 2023-05-21T20:01:33.110812815Z
Received at 2023-05-21T20:01:34.918111612Z
Duration  20.515495667
Exp 32
Connecting at 2023-05-21T20:01:53.691138967Z
Received at 2023-05-21T20:01:55.496042624Z
Duration  20.577076259
Exp 33
Connecting at 2023-05-21T20:02:14.223005977Z
Received at 2023-05-21T20:02:16.025531291Z
Duration  20.518499477
Exp 34
Connecting at 2023-05-21T20:02:35.008434205Z
Received at 2023-05-21T20:02:37.193941654Z
Duration  21.176601225
Exp 35
Connecting at 2023-05-21T20:02:55.974636690Z
Received at 2023-05-21T20:02:58.959688793Z
Duration  21.802552761
Exp 36
Connecting at 2023-05-21T20:03:17.673126293Z
Received at 2023-05-21T20:03:19.474953622Z
Duration  20.548065886
Exp 37
Connecting at 2023-05-21T20:03:38.201206834Z
Received at 2023-05-21T20:03:40.003090596Z
Duration  20.440162246
Exp 38
Connecting at 2023-05-21T20:03:58.710520882Z
Received at 2023-05-21T20:04:00.558314786Z
Duration  20.548018455
Exp 39
Connecting at 2023-05-21T20:04:19.176589479Z
Received at 2023-05-21T20:04:21.471260530Z
Duration  21.003758288
Exp 40
Connecting at 2023-05-21T20:04:40.304898651Z
Received at 2023-05-21T20:04:42.108501853Z
Duration  20.644858135
Exp 41
Connecting at 2023-05-21T20:05:00.902301850Z
Received at 2023-05-21T20:05:02.694300463Z
Duration  20.477360739
Exp 42
Connecting at 2023-05-21T20:05:21.356415171Z
Received at 2023-05-21T20:05:23.238306862Z
Duration  20.529563376
Exp 43
Connecting at 2023-05-21T20:05:41.806901199Z
Received at 2023-05-21T20:05:44.062402549Z
Duration  20.925407566
Exp 44
Connecting at 2023-05-21T20:06:02.823630017Z
Received at 2023-05-21T20:06:04.627482631Z
Duration  20.445669947
Exp 45
Connecting at 2023-05-21T20:06:23.318470314Z
Received at 2023-05-21T20:06:25.127770188Z
Duration  20.507209441
Exp 46
Connecting at 2023-05-21T20:06:43.981132807Z
Received at 2023-05-21T20:06:45.874022049Z
Duration  20.737018144
Exp 47
Connecting at 2023-05-21T20:07:04.652593613Z
Received at 2023-05-21T20:07:06.457058913Z
Duration  20.583691955
Exp 48
Connecting at 2023-05-21T20:07:25.172249591Z
Received at 2023-05-21T20:07:26.972506962Z
Duration  20.504255943
Exp 49
Connecting at 2023-05-21T20:07:45.678047967Z
Received at 2023-05-21T20:07:47.531314864Z
Duration  20.560208252
Exp 50
Connecting at 2023-05-21T20:08:06.296104302Z
Received at 2023-05-21T20:08:08.098411743Z
Duration  20.572543773%