Exp 1
Connecting at 2023-05-21T18:53:03.293151667Z
Received at 2023-05-21T18:53:04.163455282Z
Duration  10.093618989
Exp 2
Connecting at 2023-05-21T18:53:13.283852330Z
Received at 2023-05-21T18:53:14.156547857Z
Duration  9.984043390
Exp 3
Connecting at 2023-05-21T18:53:23.404716368Z
Received at 2023-05-21T18:53:24.286841069Z
Duration  10.125235445
Exp 4
Connecting at 2023-05-21T18:53:33.464078631Z
Received at 2023-05-21T18:53:34.912716141Z
Duration  10.614654744
Exp 5
Connecting at 2023-05-21T18:53:44.139915261Z
Received at 2023-05-21T18:53:45.039362159Z
Duration  10.229790078
Exp 6
Connecting at 2023-05-21T18:53:54.300568641Z
Received at 2023-05-21T18:53:55.180058880Z
Duration  10.038048926
Exp 7
Connecting at 2023-05-21T18:54:04.327513509Z
Received at 2023-05-21T18:54:05.508963439Z
Duration  10.324105554
Exp 8
Connecting at 2023-05-21T18:54:14.651209600Z
Received at 2023-05-21T18:54:15.524578312Z
Duration  10.007105009
Exp 9
Connecting at 2023-05-21T18:54:24.765607801Z
Received at 2023-05-21T18:54:25.638163650Z
Duration  10.093921071
Exp 10
Connecting at 2023-05-21T18:54:34.763791877Z
Received at 2023-05-21T18:54:35.633906135Z
Duration  10.014481036
Exp 11
Connecting at 2023-05-21T18:54:44.771240270Z
Received at 2023-05-21T18:54:45.727056618Z
Duration  10.079269210
Exp 12
Connecting at 2023-05-21T18:54:54.918702059Z
Received at 2023-05-21T18:54:56.350332747Z
Duration  10.623219980
Exp 13
Connecting at 2023-05-21T18:55:05.601630426Z
Received at 2023-05-21T18:55:06.477863762Z
Duration  10.122407845
Exp 14
Connecting at 2023-05-21T18:55:15.850925595Z
Received at 2023-05-21T18:55:17.285848761Z
Duration  10.804483275
Exp 15
Connecting at 2023-05-21T18:55:26.537918633Z
Received at 2023-05-21T18:55:27.959325245Z
Duration  10.661618100
Exp 16
Connecting at 2023-05-21T18:55:37.148288492Z
Received at 2023-05-21T18:55:38.321865254Z
Duration  10.364347022
Exp 17
Connecting at 2023-05-21T18:55:47.655714426Z
Received at 2023-05-21T18:55:48.532053545Z
Duration  10.201656998
Exp 18
Connecting at 2023-05-21T18:55:57.641683883Z
Received at 2023-05-21T18:55:58.513424340Z
Duration  10.037979537
Exp 19
Connecting at 2023-05-21T18:56:07.720176537Z
Received at 2023-05-21T18:56:08.594987404Z
Duration  10.027764695
Exp 20
Connecting at 2023-05-21T18:56:17.879338486Z
Received at 2023-05-21T18:56:18.753431754Z
Duration  10.152964050
Exp 21
Connecting at 2023-05-21T18:56:28.099679070Z
Received at 2023-05-21T18:56:28.976126059Z
Duration  10.214391053
Exp 22
Connecting at 2023-05-21T18:56:38.150067060Z
Received at 2023-05-21T18:56:39.026389516Z
Duration  10.038892084
Exp 23
Connecting at 2023-05-21T18:56:48.291980669Z
Received at 2023-05-21T18:56:49.162611335Z
Duration  10.128490296
Exp 24
Connecting at 2023-05-21T18:56:58.295229073Z
Received at 2023-05-21T18:56:59.170070624Z
Duration  10.053657547
Exp 25
Connecting at 2023-05-21T18:57:08.479135851Z
Received at 2023-05-21T18:57:09.354472934Z
Duration  10.129391216
Exp 26
Connecting at 2023-05-21T18:57:18.497992215Z
Received at 2023-05-21T18:57:19.377976227Z
Duration  10.023573019
Exp 27
Connecting at 2023-05-21T18:57:28.657050205Z
Received at 2023-05-21T18:57:29.533745066Z
Duration  10.137934170
Exp 28
Connecting at 2023-05-21T18:57:38.796407305Z
Received at 2023-05-21T18:57:39.672942076Z
Duration  10.140894578
Exp 29
Connecting at 2023-05-21T18:57:48.883171547Z
Received at 2023-05-21T18:57:49.762361895Z
Duration  10.083332830
Exp 30
Connecting at 2023-05-21T18:57:58.986677622Z
Received at 2023-05-21T18:57:59.864524933Z
Duration  10.151551193
Exp 31
Connecting at 2023-05-21T18:58:09.043135254Z
Received at 2023-05-21T18:58:09.921577812Z
Duration  9.995179745
Exp 32
Connecting at 2023-05-21T18:58:19.169459813Z
Received at 2023-05-21T18:58:20.046693538Z
Duration  10.137997743
Exp 33
Connecting at 2023-05-21T18:58:29.198441742Z
Received at 2023-05-21T18:58:30.076140443Z
Duration  10.021169894
Exp 34
Connecting at 2023-05-21T18:58:39.210794066Z
Received at 2023-05-21T18:58:40.088184191Z
Duration  10.025980526
Exp 35
Connecting at 2023-05-21T18:58:49.355187585Z
Received at 2023-05-21T18:58:50.228861947Z
Duration  10.099876370
Exp 36
Connecting at 2023-05-21T18:58:59.347695534Z
Received at 2023-05-21T18:59:00.267556783Z
Duration  10.038041785
Exp 37
Connecting at 2023-05-21T18:59:09.374866602Z
Received at 2023-05-21T18:59:10.250051899Z
Duration  9.998678019
Exp 38
Connecting at 2023-05-21T18:59:19.440160832Z
Received at 2023-05-21T18:59:20.891361372Z
Duration  10.716672056
Exp 39
Connecting at 2023-05-21T18:59:30.181477248Z
Received at 2023-05-21T18:59:31.617263722Z
Duration  10.633079342
Exp 40
Connecting at 2023-05-21T18:59:40.765581792Z
Received at 2023-05-21T18:59:41.717883471Z
Duration  10.091291623
Exp 41
Connecting at 2023-05-21T18:59:51.064249538Z
Received at 2023-05-21T18:59:51.939477034Z
Duration  10.217599716
Exp 42
Connecting at 2023-05-21T19:00:01.193599619Z
Received at 2023-05-21T19:00:02.625952204Z
Duration  10.697031164
Exp 43
Connecting at 2023-05-21T19:00:11.822142595Z
Received at 2023-05-21T19:00:13.228235336Z
Duration  10.594850573
Exp 44
Connecting at 2023-05-21T19:00:22.401925709Z
Received at 2023-05-21T19:00:23.359692184Z
Duration  10.116784428
Exp 45
Connecting at 2023-05-21T19:00:32.469873100Z
Received at 2023-05-21T19:00:33.342975995Z
Duration  9.975348853
Exp 46
Connecting at 2023-05-21T19:00:42.524019438Z
Received at 2023-05-21T19:00:43.399131317Z
Duration  10.155170321
Exp 47
Connecting at 2023-05-21T19:00:52.643321207Z
Received at 2023-05-21T19:00:53.519236803Z
Duration  10.017391207
Exp 48
Connecting at 2023-05-21T19:01:02.680993350Z
Received at 2023-05-21T19:01:03.555730621Z
Duration  10.040487930
Exp 49
Connecting at 2023-05-21T19:01:12.744518034Z
Received at 2023-05-21T19:01:14.169995476Z
Duration  10.609204247
Exp 50
Connecting at 2023-05-21T19:01:23.390815137Z
Received at 2023-05-21T19:01:24.265426421Z
Duration  10.080567974%