Exp 1
Connecting at 2023-05-21T16:05:08.183255425Z
Received at 2023-05-21T16:05:08.246237750Z
Duration  2.193187616
Exp 2
Connecting at 2023-05-21T16:05:10.403365454Z
Received at 2023-05-21T16:05:10.465614787Z
Duration  2.217522917
Exp 3
Connecting at 2023-05-21T16:05:12.603897567Z
Received at 2023-05-21T16:05:12.702593262Z
Duration  2.226181545
Exp 4
Connecting at 2023-05-21T16:05:14.865467520Z
Received at 2023-05-21T16:05:14.962783580Z
Duration  2.255522289
Exp 5
Connecting at 2023-05-21T16:05:17.093361155Z
Received at 2023-05-21T16:05:17.155674825Z
Duration  2.193902102
Exp 6
Connecting at 2023-05-21T16:05:19.275707603Z
Received at 2023-05-21T16:05:19.337807141Z
Duration  2.180736283
Exp 7
Connecting at 2023-05-21T16:05:21.482344569Z
Received at 2023-05-21T16:05:21.544283176Z
Duration  2.192359043
Exp 8
Connecting at 2023-05-21T16:05:23.788209435Z
Received at 2023-05-21T16:05:23.850524052Z
Duration  2.309316394
Exp 9
Connecting at 2023-05-21T16:05:25.983857887Z
Received at 2023-05-21T16:05:26.045915921Z
Duration  2.186454385
Exp 10
Connecting at 2023-05-21T16:05:28.180542169Z
Received at 2023-05-21T16:05:28.243697762Z
Duration  2.197406281
Exp 11
Connecting at 2023-05-21T16:05:30.397490583Z
Received at 2023-05-21T16:05:30.495023589Z
Duration  2.247264317
Exp 12
Connecting at 2023-05-21T16:05:32.651100144Z
Received at 2023-05-21T16:05:32.713386407Z
Duration  2.208250565
Exp 13
Connecting at 2023-05-21T16:05:34.885083130Z
Received at 2023-05-21T16:05:34.947357868Z
Duration  2.230384843
Exp 14
Connecting at 2023-05-21T16:05:37.063516208Z
Received at 2023-05-21T16:05:37.161194056Z
Duration  2.215437610
Exp 15
Connecting at 2023-05-21T16:05:39.300043083Z
Received at 2023-05-21T16:05:39.362739926Z
Duration  2.193084889
Exp 16
Connecting at 2023-05-21T16:05:41.550107986Z
Received at 2023-05-21T16:05:41.612293501Z
Duration  2.241113545
Exp 17
Connecting at 2023-05-21T16:05:43.753256165Z
Received at 2023-05-21T16:05:43.851094786Z
Duration  2.245243449
Exp 18
Connecting at 2023-05-21T16:05:46.080551078Z
Received at 2023-05-21T16:05:46.142720793Z
Duration  2.283228810
Exp 19
Connecting at 2023-05-21T16:05:48.294418036Z
Received at 2023-05-21T16:05:48.393072768Z
Duration  2.242103017
Exp 20
Connecting at 2023-05-21T16:05:50.522801001Z
Received at 2023-05-21T16:05:50.585060046Z
Duration  2.186929927
Exp 21
Connecting at 2023-05-21T16:05:52.713077935Z
Received at 2023-05-21T16:05:52.811777532Z
Duration  2.225572664
Exp 22
Connecting at 2023-05-21T16:05:54.962527621Z
Received at 2023-05-21T16:05:55.042684894Z
Duration  2.226914803
Exp 23
Connecting at 2023-05-21T16:05:57.185988046Z
Received at 2023-05-21T16:05:57.284508789Z
Duration  2.234233089
Exp 24
Connecting at 2023-05-21T16:05:59.450937292Z
Received at 2023-05-21T16:05:59.513338408Z
Duration  2.273640256
Exp 25
Connecting at 2023-05-21T16:06:01.703030094Z
Received at 2023-05-21T16:06:01.801404310Z
Duration  2.236307157
Exp 26
Connecting at 2023-05-21T16:06:03.934886970Z
Received at 2023-05-21T16:06:03.997093421Z
Duration  2.196661527
Exp 27
Connecting at 2023-05-21T16:06:06.147033082Z
Received at 2023-05-21T16:06:06.245252122Z
Duration  2.231787677
Exp 28
Connecting at 2023-05-21T16:06:08.389858367Z
Received at 2023-05-21T16:06:08.452165287Z
Duration  2.208952745
Exp 29
Connecting at 2023-05-21T16:06:10.595945812Z
Received at 2023-05-21T16:06:10.660010188Z
Duration  2.207318728
Exp 30
Connecting at 2023-05-21T16:06:12.859158173Z
Received at 2023-05-21T16:06:12.921216583Z
Duration  2.250522662
Exp 31
Connecting at 2023-05-21T16:06:15.073996608Z
Received at 2023-05-21T16:06:15.136143470Z
Duration  2.205498649
Exp 32
Connecting at 2023-05-21T16:06:17.249399458Z
Received at 2023-05-21T16:06:17.311487161Z
Duration  2.179939455
Exp 33
Connecting at 2023-05-21T16:06:19.437282974Z
Received at 2023-05-21T16:06:19.499544754Z
Duration  2.184988854
Exp 34
Connecting at 2023-05-21T16:06:21.642537538Z
Received at 2023-05-21T16:06:21.704646988Z
Duration  2.195377800
Exp 35
Connecting at 2023-05-21T16:06:23.948244411Z
Received at 2023-05-21T16:06:24.010360675Z
Duration  2.308885642
Exp 36
Connecting at 2023-05-21T16:06:26.159936391Z
Received at 2023-05-21T16:06:26.222528106Z
Duration  2.206554325
Exp 37
Connecting at 2023-05-21T16:06:28.366829781Z
Received at 2023-05-21T16:06:28.429067338Z
Duration  2.200446578
Exp 38
Connecting at 2023-05-21T16:06:30.569084492Z
Received at 2023-05-21T16:06:30.636451202Z
Duration  2.197312037
Exp 39
Connecting at 2023-05-21T16:06:32.771617695Z
Received at 2023-05-21T16:06:32.833843650Z
Duration  2.193409723
Exp 40
Connecting at 2023-05-21T16:06:34.971996502Z
Received at 2023-05-21T16:06:35.034215133Z
Duration  2.197834558
Exp 41
Connecting at 2023-05-21T16:06:37.188364907Z
Received at 2023-05-21T16:06:37.252127872Z
Duration  2.217484997
Exp 42
Connecting at 2023-05-21T16:06:39.403121675Z
Received at 2023-05-21T16:06:39.501478472Z
Duration  2.241851619
Exp 43
Connecting at 2023-05-21T16:06:41.645710031Z
Received at 2023-05-21T16:06:41.708002653Z
Duration  2.204043141
Exp 44
Connecting at 2023-05-21T16:06:43.863686496Z
Received at 2023-05-21T16:06:43.961787962Z
Duration  2.257076707
Exp 45
Connecting at 2023-05-21T16:06:46.210282914Z
Received at 2023-05-21T16:06:46.273267346Z
Duration  2.298846917
Exp 46
Connecting at 2023-05-21T16:06:48.412063679Z
Received at 2023-05-21T16:06:48.474066178Z
Duration  2.195093771
Exp 47
Connecting at 2023-05-21T16:06:50.615935429Z
Received at 2023-05-21T16:06:50.677965729Z
Duration  2.205051068
Exp 48
Connecting at 2023-05-21T16:06:52.813732526Z
Received at 2023-05-21T16:06:52.875886128Z
Duration  2.192250888
Exp 49
Connecting at 2023-05-21T16:06:55.015751734Z
Received at 2023-05-21T16:06:55.077761849Z
Duration  2.194438462
Exp 50
Connecting at 2023-05-21T16:06:57.270975408Z
Received at 2023-05-21T16:06:57.333121389Z
Duration  2.248287341%