Exp 1
Connecting at 2023-05-21T16:09:21.769549977Z
Received at 2023-05-21T16:09:22.212092133Z
Duration  5.437302633
Exp 2
Connecting at 2023-05-21T16:09:27.190721368Z
Received at 2023-05-21T16:09:27.635040901Z
Duration  5.185336908
Exp 3
Connecting at 2023-05-21T16:09:32.345703568Z
Received at 2023-05-21T16:09:32.789278746Z
Duration  5.136795313
Exp 4
Connecting at 2023-05-21T16:09:37.542305263Z
Received at 2023-05-21T16:09:37.987336419Z
Duration  5.193182785
Exp 5
Connecting at 2023-05-21T16:09:42.697240793Z
Received at 2023-05-21T16:09:43.141844850Z
Duration  5.198197050
Exp 6
Connecting at 2023-05-21T16:09:48.006472940Z
Received at 2023-05-21T16:09:48.740332197Z
Duration  5.550899289
Exp 7
Connecting at 2023-05-21T16:09:53.473806069Z
Received at 2023-05-21T16:09:53.918456419Z
Duration  5.176590903
Exp 8
Connecting at 2023-05-21T16:09:58.609445441Z
Received at 2023-05-21T16:09:59.053834216Z
Duration  5.182082855
Exp 9
Connecting at 2023-05-21T16:10:03.839385893Z
Received at 2023-05-21T16:10:04.424048386Z
Duration  5.313276382
Exp 10
Connecting at 2023-05-21T16:10:09.214429485Z
Received at 2023-05-21T16:10:09.661675080Z
Duration  5.236734950
Exp 11
Connecting at 2023-05-21T16:10:14.362961051Z
Received at 2023-05-21T16:10:14.809247390Z
Duration  5.148848214
Exp 12
Connecting at 2023-05-21T16:10:19.547409202Z
Received at 2023-05-21T16:10:19.992207360Z
Duration  5.172445382
Exp 13
Connecting at 2023-05-21T16:10:24.847937100Z
Received at 2023-05-21T16:10:25.292496565Z
Duration  5.290876390
Exp 14
Connecting at 2023-05-21T16:10:30.012544532Z
Received at 2023-05-21T16:10:30.457384469Z
Duration  5.159944738
Exp 15
Connecting at 2023-05-21T16:10:35.204434993Z
Received at 2023-05-21T16:10:35.648092540Z
Duration  5.185707077
Exp 16
Connecting at 2023-05-21T16:10:40.382150420Z
Received at 2023-05-21T16:10:40.835826182Z
Duration  5.184851132
Exp 17
Connecting at 2023-05-21T16:10:45.570897011Z
Received at 2023-05-21T16:10:46.079716075Z
Duration  5.236404257
Exp 18
Connecting at 2023-05-21T16:10:50.811699011Z
Received at 2023-05-21T16:10:51.253022532Z
Duration  5.162050203
Exp 19
Connecting at 2023-05-21T16:10:56.043001302Z
Received at 2023-05-21T16:10:56.775885851Z
Duration  5.526577655
Exp 20
Connecting at 2023-05-21T16:11:01.604873643Z
Received at 2023-05-21T16:11:02.210654543Z
Duration  5.444660516
Exp 21
Connecting at 2023-05-21T16:11:06.993146568Z
Received at 2023-05-21T16:11:07.726275321Z
Duration  5.497330045
Exp 22
Connecting at 2023-05-21T16:11:12.484144296Z
Received at 2023-05-21T16:11:12.929631335Z
Duration  5.197006425
Exp 23
Connecting at 2023-05-21T16:11:17.655499760Z
Received at 2023-05-21T16:11:18.099406185Z
Duration  5.169693370
Exp 24
Connecting at 2023-05-21T16:11:22.955658382Z
Received at 2023-05-21T16:11:23.398565898Z
Duration  5.300953664
Exp 25
Connecting at 2023-05-21T16:11:28.099505190Z
Received at 2023-05-21T16:11:28.542548205Z
Duration  5.134906985
Exp 26
Connecting at 2023-05-21T16:11:33.343283346Z
Received at 2023-05-21T16:11:33.791108806Z
Duration  5.251260937
Exp 27
Connecting at 2023-05-21T16:11:38.488463796Z
Received at 2023-05-21T16:11:38.932656399Z
Duration  5.128480405
Exp 28
Connecting at 2023-05-21T16:11:43.666933052Z
Received at 2023-05-21T16:11:44.112808983Z
Duration  5.176518088
Exp 29
Connecting at 2023-05-21T16:11:48.904777292Z
Received at 2023-05-21T16:11:49.348549661Z
Duration  5.233255782
Exp 30
Connecting at 2023-05-21T16:11:54.033227430Z
Received at 2023-05-21T16:11:54.480973070Z
Duration  5.130021574
Exp 31
Connecting at 2023-05-21T16:11:59.237166680Z
Received at 2023-05-21T16:11:59.705497058Z
Duration  5.262120183
Exp 32
Connecting at 2023-05-21T16:12:04.505945691Z
Received at 2023-05-21T16:12:04.948911546Z
Duration  5.187733637
Exp 33
Connecting at 2023-05-21T16:12:09.662522933Z
Received at 2023-05-21T16:12:10.400919211Z
Duration  5.456405357
Exp 34
Connecting at 2023-05-21T16:12:15.143984203Z
Received at 2023-05-21T16:12:15.589639986Z
Duration  5.183500441
Exp 35
Connecting at 2023-05-21T16:12:20.330941706Z
Received at 2023-05-21T16:12:20.775838198Z
Duration  5.180764561
Exp 36
Connecting at 2023-05-21T16:12:25.679590018Z
Received at 2023-05-21T16:12:26.123382201Z
Duration  5.339086183
Exp 37
Connecting at 2023-05-21T16:12:30.837659573Z
Received at 2023-05-21T16:12:31.281437049Z
Duration  5.146773997
Exp 38
Connecting at 2023-05-21T16:12:36.012834813Z
Received at 2023-05-21T16:12:36.455441942Z
Duration  5.182385843
Exp 39
Connecting at 2023-05-21T16:12:41.207767859Z
Received at 2023-05-21T16:12:41.651971192Z
Duration  5.187022595
Exp 40
Connecting at 2023-05-21T16:12:46.496681394Z
Received at 2023-05-21T16:12:46.940266775Z
Duration  5.277377020
Exp 41
Connecting at 2023-05-21T16:12:51.658184315Z
Received at 2023-05-21T16:12:52.103555511Z
Duration  5.163604143
Exp 42
Connecting at 2023-05-21T16:12:56.840047110Z
Received at 2023-05-21T16:12:57.393251891Z
Duration  5.286662846
Exp 43
Connecting at 2023-05-21T16:13:02.178595793Z
Received at 2023-05-21T16:13:02.892980631Z
Duration  5.494541236
Exp 44
Connecting at 2023-05-21T16:13:07.584708261Z
Received at 2023-05-21T16:13:08.028024272Z
Duration  5.137203751
Exp 45
Connecting at 2023-05-21T16:13:12.797274666Z
Received at 2023-05-21T16:13:13.242494511Z
Duration  5.205878172
Exp 46
Connecting at 2023-05-21T16:13:17.961903747Z
Received at 2023-05-21T16:13:18.406231293Z
Duration  5.158829236
Exp 47
Connecting at 2023-05-21T16:13:23.237447556Z
Received at 2023-05-21T16:13:23.680909345Z
Duration  5.282390242
Exp 48
Connecting at 2023-05-21T16:13:28.459483583Z
Received at 2023-05-21T16:13:28.904415642Z
Duration  5.211217360
Exp 49
Connecting at 2023-05-21T16:13:33.626590891Z
Received at 2023-05-21T16:13:34.357253069Z
Duration  5.453208164
Exp 50
Connecting at 2023-05-21T16:13:39.092849226Z
Received at 2023-05-21T16:13:39.828999318Z
Duration  5.463548661%