Connecting at 2023-05-28T12:33:39.926522824Z
Received at 2023-05-28T12:33:40.017183416Z
throughput: 5.835088722524026 index 0
Connecting at 2023-05-28T12:33:40.858922354Z
Received at 2023-05-28T12:33:40.946615818Z
throughput: 5.876096626532926 index 1
Connecting at 2023-05-28T12:33:41.782697190Z
Received at 2023-05-28T12:33:41.871009909Z
throughput: 5.876165684367637 index 2
Connecting at 2023-05-28T12:33:42.708692011Z
Received at 2023-05-28T12:33:42.796342409Z
throughput: 5.8905043597095395 index 3
Connecting at 2023-05-28T12:33:43.635192047Z
Received at 2023-05-28T12:33:43.722917813Z
throughput: 5.887201224537854 index 4
Connecting at 2023-05-28T12:33:44.562484971Z
Received at 2023-05-28T12:33:44.651202762Z
throughput: 5.889616801898812 index 5
Connecting at 2023-05-28T12:33:45.486264902Z
Received at 2023-05-28T12:33:45.573937368Z
throughput: 5.898089440313441 index 6
Connecting at 2023-05-28T12:33:46.409171255Z
Received at 2023-05-28T12:33:46.497017003Z
throughput: 5.8997485232191975 index 7
Connecting at 2023-05-28T12:33:47.335886255Z
Received at 2023-05-28T12:33:47.423615849Z
throughput: 5.887170416576179 index 8
Connecting at 2023-05-28T12:33:48.259286262Z
Received at 2023-05-28T12:33:48.346986015Z
throughput: 5.891304258175805 index 9
throughput: 5.891304258175805
Duration  11.431766371