Connecting at 2023-05-28T12:46:49.537362458Z
Received at 2023-05-28T12:46:52.202740731Z
throughput: 0.28756331784804867 index 0
Connecting at 2023-05-28T12:46:58.912043887Z
Received at 2023-05-28T12:47:01.537905212Z
throughput: 0.2885862965374262 index 1
Connecting at 2023-05-28T12:47:08.197949315Z
Received at 2023-05-28T12:47:10.828627860Z
throughput: 0.2892014213671457 index 2
Connecting at 2023-05-28T12:47:17.480561026Z
Received at 2023-05-28T12:47:20.105049805Z
throughput: 0.28956022461765746 index 3
Connecting at 2023-05-28T12:47:26.757798919Z
Received at 2023-05-28T12:47:29.405682991Z
throughput: 0.28946294665869443 index 4
Connecting at 2023-05-28T12:47:36.068510898Z
Received at 2023-05-28T12:47:38.696652282Z
throughput: 0.2896734597989724 index 5
Connecting at 2023-05-28T12:47:45.353140900Z
Received at 2023-05-28T12:47:47.980063726Z
throughput: 0.2897926500469754 index 6
Connecting at 2023-05-28T12:47:54.640389434Z
Received at 2023-05-28T12:47:57.272472052Z
throughput: 0.28982854685111065 index 7
Connecting at 2023-05-28T12:48:03.935924271Z
Received at 2023-05-28T12:48:06.561303731Z
throughput: 0.28994555788908033 index 8
Connecting at 2023-05-28T12:48:13.216642280Z
Received at 2023-05-28T12:48:16.597093398Z
throughput: 0.2838099372530286 index 9
throughput: 0.2838099372530286
Duration  113.831743230