Connecting at 2023-05-28T12:35:10.308246204Z
Received at 2023-05-28T12:35:10.428206817Z
throughput: 4.380316609284519 index 0
Connecting at 2023-05-28T12:35:11.543045768Z
Received at 2023-05-28T12:35:11.660056510Z
throughput: 4.411962595381116 index 1
Connecting at 2023-05-28T12:35:12.779128879Z
Received at 2023-05-28T12:35:12.896642308Z
throughput: 4.4241131865117636 index 2
Connecting at 2023-05-28T12:35:14.010501895Z
Received at 2023-05-28T12:35:14.127236950Z
throughput: 4.432422729020512 index 3
Connecting at 2023-05-28T12:35:15.241039052Z
Received at 2023-05-28T12:35:15.357655328Z
throughput: 4.440032039271196 index 4
Connecting at 2023-05-28T12:35:16.470478773Z
Received at 2023-05-28T12:35:16.586942079Z
throughput: 4.437512064485925 index 5
Connecting at 2023-05-28T12:35:17.703995243Z
Received at 2023-05-28T12:35:17.820666939Z
throughput: 4.43985800065583 index 6
Connecting at 2023-05-28T12:35:18.932271011Z
Received at 2023-05-28T12:35:19.048335268Z
throughput: 4.443721105397843 index 7
Connecting at 2023-05-28T12:35:20.160205476Z
Received at 2023-05-28T12:35:20.276839164Z
throughput: 4.444672714055438 index 8
Connecting at 2023-05-28T12:35:21.385407999Z
Received at 2023-05-28T12:35:21.501637770Z
throughput: 4.447585428109007 index 9
throughput: 4.447585428109007
Duration  15.445358736