Telemetry(timestamp='29.05.2023 20:21:35.310851', value='1004428.000000', node='ubuntu', metric='ram', subsystem=None)
Telemetry(timestamp='29.05.2023 20:21:35.310977', value='1.500000', node='ubuntu', metric='cpu', subsystem=None)
Telemetry(timestamp='29.05.2023 20:21:35.312353', value='8.000000', node='ubuntu', metric='tx', subsystem='enp0s25')
Telemetry(timestamp='29.05.2023 20:21:35.480579', value='4.000000', node='ubuntu', metric='rx', subsystem='enp0s25')
Telemetry(timestamp='29.05.2023 20:21:35.810744', value='0.505051', node='ubuntu', metric='cpu', subsystem=None)
Telemetry(timestamp='29.05.2023 20:21:35.812610', value='8.000000', node='ubuntu', metric='tx', subsystem='enp0s25')
Telemetry(timestamp='29.05.2023 20:21:35.987296', value='3.000000', node='ubuntu', metric='rx', subsystem='enp0s25')
Telemetry(timestamp='29.05.2023 20:21:36.310451', value='1.000000', node='ubuntu', metric='cpu', subsystem=None)
Telemetry(timestamp='29.05.2023 20:21:36.310752', value='1000332.000000', node='ubuntu', metric='ram', subsystem=None)
Telemetry(timestamp='29.05.2023 20:21:36.311725', value='8.000000', node='ubuntu', metric='tx', subsystem='enp0s25')
Telemetry(timestamp='29.05.2023 20:21:36.504827', value='3.000000', node='ubuntu', metric='rx', subsystem='enp0s25')
Telemetry(timestamp='29.05.2023 20:21:36.810546', value='1.500000', node='ubuntu', metric='cpu', subsystem=None)
Telemetry(timestamp='29.05.2023 20:21:36.811425', value='8.000000', node='ubuntu', metric='tx', subsystem='enp0s25')
Telemetry(timestamp='29.05.2023 20:21:37.278330', value='3.000000', node='ubuntu', metric='rx', subsystem='enp0s25')
Telemetry(timestamp='29.05.2023 20:21:37.310645', value='1000332.000000', node='ubuntu', metric='ram', subsystem=None)
Telemetry(timestamp='29.05.2023 20:21:37.310994', value='4.591837', node='ubuntu', metric='cpu', subsystem=None)
Telemetry(timestamp='29.05.2023 20:21:37.311686', value='8.000000', node='ubuntu', metric='tx', subsystem='enp0s25')
Telemetry(timestamp='29.05.2023 20:21:37.532606', value='3.000000', node='ubuntu', metric='rx', subsystem='enp0s25')
Telemetry(timestamp='29.05.2023 20:21:37.810539', value='1.005025', node='ubuntu', metric='cpu', subsystem=None)
Telemetry(timestamp='29.05.2023 20:21:37.811862', value='8.000000', node='ubuntu', metric='tx', subsystem='enp0s25')
Telemetry(timestamp='29.05.2023 20:21:38.480340', value='3.000000', node='ubuntu', metric='rx', subsystem='enp0s25')
Telemetry(timestamp='29.05.2023 20:21:38.310707', value='0.505051', node='ubuntu', metric='cpu', subsystem=None)
Telemetry(timestamp='29.05.2023 20:21:38.311218', value='1000332.000000', node='ubuntu', metric='ram', subsystem=None)
Telemetry(timestamp='29.05.2023 20:21:38.311930', value='8.000000', node='ubuntu', metric='tx', subsystem='enp0s25')
Telemetry(timestamp='29.05.2023 20:21:38.365114', value='3.000000', node='ubuntu', metric='rx', subsystem='enp0s25')
Telemetry(timestamp='29.05.2023 20:21:38.811496', value='9.000000', node='ubuntu', metric='tx', subsystem='enp0s25')
Telemetry(timestamp='29.05.2023 20:21:38.811648', value='1.500000', node='ubuntu', metric='cpu', subsystem=None)
Telemetry(timestamp='29.05.2023 20:21:38.828543', value='4.000000', node='ubuntu', metric='rx', subsystem='enp0s25')
Telemetry(timestamp='29.05.2023 20:21:39.310623', value='0.010000', node='ubuntu', metric='load1', subsystem=None)
Telemetry(timestamp='29.05.2023 20:21:39.310969', value='1000332.000000', node='ubuntu', metric='ram', subsystem=None)
Telemetry(timestamp='29.05.2023 20:21:39.312129', value='1.500000', node='ubuntu', metric='cpu', subsystem=None)
Telemetry(timestamp='29.05.2023 20:21:39.312268', value='9.000000', node='ubuntu', metric='tx', subsystem='enp0s25')
Telemetry(timestamp='29.05.2023 20:21:39.449907', value='0.060000', node='ubuntu', metric='load5', subsystem=None)
Telemetry(timestamp='29.05.2023 20:21:39.482398', value='5.000000', node='ubuntu', metric='rx', subsystem='enp0s25')
Telemetry(timestamp='29.05.2023 20:21:39.811278', value='2.475248', node='ubuntu', metric='cpu', subsystem=None)
Telemetry(timestamp='29.05.2023 20:21:39.812294', value='8.000000', node='ubuntu', metric='tx', subsystem='enp0s25')
Telemetry(timestamp='29.05.2023 20:21:39.980293', value='4.000000', node='ubuntu', metric='rx', subsystem='enp0s25')
Telemetry(timestamp='29.05.2023 20:21:40.311647', value='1.500000', node='ubuntu', metric='cpu', subsystem=None)
Telemetry(timestamp='29.05.2023 20:21:40.311742', value='8.000000', node='ubuntu', metric='tx', subsystem='enp0s25')
Telemetry(timestamp='29.05.2023 20:21:40.312046', value='1000332.000000', node='ubuntu', metric='ram', subsystem=None)
Telemetry(timestamp='29.05.2023 20:21:40.328775', value='4.000000', node='ubuntu', metric='rx', subsystem='enp0s25')
Telemetry(timestamp='29.05.2023 20:21:40.812788', value='1.000000', node='ubuntu', metric='cpu', subsystem=None)
Telemetry(timestamp='29.05.2023 20:21:40.812849', value='8.000000', node='ubuntu', metric='tx', subsystem='enp0s25')
Telemetry(timestamp='29.05.2023 20:21:40.917705', value='4.000000', node='ubuntu', metric='rx', subsystem='enp0s25')
Telemetry(timestamp='29.05.2023 20:21:41.310805', value='996236.000000', node='ubuntu', metric='ram', subsystem=None)
Telemetry(timestamp='29.05.2023 20:21:41.310920', value='1.000000', node='ubuntu', metric='cpu', subsystem=None)
Telemetry(timestamp='29.05.2023 20:21:41.312950', value='8.000000', node='ubuntu', metric='tx', subsystem='enp0s25')
Telemetry(timestamp='29.05.2023 20:21:41.530080', value='4.000000', node='ubuntu', metric='rx', subsystem='enp0s25')
Telemetry(timestamp='29.05.2023 20:21:41.811159', value='2.000000', node='ubuntu', metric='cpu', subsystem=None)
Telemetry(timestamp='29.05.2023 20:21:41.811696', value='8.000000', node='ubuntu', metric='tx', subsystem='enp0s25')
Telemetry(timestamp='29.05.2023 20:21:41.859009', value='4.000000', node='ubuntu', metric='rx', subsystem='enp0s25')
Telemetry(timestamp='29.05.2023 20:21:42.310686', value='992140.000000', node='ubuntu', metric='ram', subsystem=None)
Telemetry(timestamp='29.05.2023 20:21:42.311844', value='4.615385', node='ubuntu', metric='cpu', subsystem=None)
Telemetry(timestamp='29.05.2023 20:21:42.311855', value='8.000000', node='ubuntu', metric='tx', subsystem='enp0s25')
Telemetry(timestamp='29.05.2023 20:21:42.349752', value='4.000000', node='ubuntu', metric='rx', subsystem='enp0s25')
Telemetry(timestamp='29.05.2023 20:21:42.811038', value='1.492537', node='ubuntu', metric='cpu', subsystem=None)
Telemetry(timestamp='29.05.2023 20:21:42.812511', value='8.000000', node='ubuntu', metric='tx', subsystem='enp0s25')
Telemetry(timestamp='29.05.2023 20:21:42.974095', value='4.000000', node='ubuntu', metric='rx', subsystem='enp0s25')
Telemetry(timestamp='29.05.2023 20:21:43.311280', value='2.500000', node='ubuntu', metric='cpu', subsystem=None)
Telemetry(timestamp='29.05.2023 20:21:43.311523', value='8.000000', node='ubuntu', metric='tx', subsystem='enp0s25')
Telemetry(timestamp='29.05.2023 20:21:43.312467', value='985996.000000', node='ubuntu', metric='ram', subsystem=None)
Telemetry(timestamp='29.05.2023 20:21:43.446654', value='4.000000', node='ubuntu', metric='rx', subsystem='enp0s25')
Telemetry(timestamp='29.05.2023 20:21:43.811994', value='9.000000', node='ubuntu', metric='tx', subsystem='enp0s25')
Telemetry(timestamp='29.05.2023 20:21:43.811994', value='3.500000', node='ubuntu', metric='cpu', subsystem=None)
Telemetry(timestamp='29.05.2023 20:21:43.972724', value='4.000000', node='ubuntu', metric='rx', subsystem='enp0s25')
Telemetry(timestamp='29.05.2023 20:21:44.310474', value='0.010000', node='ubuntu', metric='load1', subsystem=None)
Telemetry(timestamp='29.05.2023 20:21:44.310877', value='983908.000000', node='ubuntu', metric='ram', subsystem=None)
Telemetry(timestamp='29.05.2023 20:21:44.311516', value='0.505051', node='ubuntu', metric='cpu', subsystem=None)
Telemetry(timestamp='29.05.2023 20:21:44.313066', value='8.000000', node='ubuntu', metric='tx', subsystem='enp0s25')
Telemetry(timestamp='29.05.2023 20:21:44.467832', value='0.060000', node='ubuntu', metric='load5', subsystem=None)
Telemetry(timestamp='29.05.2023 20:21:44.503199', value='4.000000', node='ubuntu', metric='rx', subsystem='enp0s25')
Telemetry(timestamp='29.05.2023 20:21:44.810686', value='5.208333', node='ubuntu', metric='cpu', subsystem=None)
Telemetry(timestamp='29.05.2023 20:21:44.813102', value='38.000000', node='ubuntu', metric='tx', subsystem='enp0s25')
Telemetry(timestamp='29.05.2023 20:21:45.297326', value='1271.000000', node='ubuntu', metric='rx', subsystem='enp0s25')
Telemetry(timestamp='29.05.2023 20:21:45.310846', value='6.382979', node='ubuntu', metric='cpu', subsystem=None)
Telemetry(timestamp='29.05.2023 20:21:45.311445', value='978716.000000', node='ubuntu', metric='ram', subsystem=None)
Telemetry(timestamp='29.05.2023 20:21:45.311766', value='81.000000', node='ubuntu', metric='tx', subsystem='enp0s25')
Telemetry(timestamp='29.05.2023 20:21:45.507666', value='3115.000000', node='ubuntu', metric='rx', subsystem='enp0s25')
Telemetry(timestamp='29.05.2023 20:21:45.810983', value='5.913978', node='ubuntu', metric='cpu', subsystem=None)
Telemetry(timestamp='29.05.2023 20:21:45.811667', value='92.000000', node='ubuntu', metric='tx', subsystem='enp0s25')
Telemetry(timestamp='29.05.2023 20:21:46.228547', value='3794.000000', node='ubuntu', metric='rx', subsystem='enp0s25')
Telemetry(timestamp='29.05.2023 20:21:46.310788', value='4.838710', node='ubuntu', metric='cpu', subsystem=None)
Telemetry(timestamp='29.05.2023 20:21:46.314555', value='88.000000', node='ubuntu', metric='tx', subsystem='enp0s25')
Telemetry(timestamp='29.05.2023 20:21:46.315330', value='975368.000000', node='ubuntu', metric='ram', subsystem=None)
Telemetry(timestamp='29.05.2023 20:21:46.540953', value='3757.000000', node='ubuntu', metric='rx', subsystem='enp0s25')
Telemetry(timestamp='29.05.2023 20:21:46.810976', value='4.945055', node='ubuntu', metric='cpu', subsystem=None)
Telemetry(timestamp='29.05.2023 20:21:46.811764', value='92.000000', node='ubuntu', metric='tx', subsystem='enp0s25')
Telemetry(timestamp='29.05.2023 20:21:46.946040', value='3751.000000', node='ubuntu', metric='rx', subsystem='enp0s25')
Telemetry(timestamp='29.05.2023 20:21:47.310827', value='983232.000000', node='ubuntu', metric='ram', subsystem=None)
Telemetry(timestamp='29.05.2023 20:21:47.310909', value='11.891892', node='ubuntu', metric='cpu', subsystem=None)
Telemetry(timestamp='29.05.2023 20:21:47.314850', value='91.000000', node='ubuntu', metric='tx', subsystem='enp0s25')
Telemetry(timestamp='29.05.2023 20:21:47.468156', value='3905.000000', node='ubuntu', metric='rx', subsystem='enp0s25')
Telemetry(timestamp='29.05.2023 20:21:47.811908', value='7.407407', node='ubuntu', metric='cpu', subsystem=None)
Telemetry(timestamp='29.05.2023 20:21:47.812212', value='84.000000', node='ubuntu', metric='tx', subsystem='enp0s25')
Telemetry(timestamp='29.05.2023 20:21:47.971330', value='3915.000000', node='ubuntu', metric='rx', subsystem='enp0s25')
Telemetry(timestamp='29.05.2023 20:21:48.310709', value='983148.000000', node='ubuntu', metric='ram', subsystem=None)
Telemetry(timestamp='29.05.2023 20:21:48.311399', value='5.405405', node='ubuntu', metric='cpu', subsystem=None)
Telemetry(timestamp='29.05.2023 20:21:48.311865', value='86.000000', node='ubuntu', metric='tx', subsystem='enp0s25')
Telemetry(timestamp='29.05.2023 20:21:48.489487', value='3987.000000', node='ubuntu', metric='rx', subsystem='enp0s25')
Telemetry(timestamp='29.05.2023 20:21:48.811016', value='4.891304', node='ubuntu', metric='cpu', subsystem=None)
Telemetry(timestamp='29.05.2023 20:21:48.812721', value='88.000000', node='ubuntu', metric='tx', subsystem='enp0s25')
Telemetry(timestamp='29.05.2023 20:21:48.999205', value='4055.000000', node='ubuntu', metric='rx', subsystem='enp0s25')
Telemetry(timestamp='29.05.2023 20:21:49.310538', value='0.010000', node='ubuntu', metric='load1', subsystem=None)
Telemetry(timestamp='29.05.2023 20:21:49.311243', value='999528.000000', node='ubuntu', metric='ram', subsystem=None)
Telemetry(timestamp='29.05.2023 20:21:49.311642', value='85.000000', node='ubuntu', metric='tx', subsystem='enp0s25')
Telemetry(timestamp='29.05.2023 20:21:49.311746', value='6.451613', node='ubuntu', metric='cpu', subsystem=None)
Telemetry(timestamp='29.05.2023 20:21:49.484672', value='0.060000', node='ubuntu', metric='load5', subsystem=None)
Telemetry(timestamp='29.05.2023 20:21:49.506450', value='3968.000000', node='ubuntu', metric='rx', subsystem='enp0s25')
Telemetry(timestamp='29.05.2023 20:21:49.810739', value='5.405405', node='ubuntu', metric='cpu', subsystem=None)
Telemetry(timestamp='29.05.2023 20:21:49.812264', value='83.000000', node='ubuntu', metric='tx', subsystem='enp0s25')
Telemetry(timestamp='29.05.2023 20:21:50.260029', value='3871.000000', node='ubuntu', metric='rx', subsystem='enp0s25')
Telemetry(timestamp='29.05.2023 20:21:50.311163', value='5.978261', node='ubuntu', metric='cpu', subsystem=None)
Telemetry(timestamp='29.05.2023 20:21:50.311504', value='999528.000000', node='ubuntu', metric='ram', subsystem=None)
Telemetry(timestamp='29.05.2023 20:21:50.311820', value='85.000000', node='ubuntu', metric='tx', subsystem='enp0s25')
Telemetry(timestamp='29.05.2023 20:21:50.526814', value='3912.000000', node='ubuntu', metric='rx', subsystem='enp0s25')
Telemetry(timestamp='29.05.2023 20:21:50.811426', value='6.878307', node='ubuntu', metric='cpu', subsystem=None)
Telemetry(timestamp='29.05.2023 20:21:50.811609', value='84.000000', node='ubuntu', metric='tx', subsystem='enp0s25')
Telemetry(timestamp='29.05.2023 20:21:51.427072', value='3855.000000', node='ubuntu', metric='rx', subsystem='enp0s25')
Telemetry(timestamp='29.05.2023 20:21:51.310863', value='999528.000000', node='ubuntu', metric='ram', subsystem=None)
Telemetry(timestamp='29.05.2023 20:21:51.310995', value='5.945946', node='ubuntu', metric='cpu', subsystem=None)
Telemetry(timestamp='29.05.2023 20:21:51.313113', value='84.000000', node='ubuntu', metric='tx', subsystem='enp0s25')
Telemetry(timestamp='29.05.2023 20:21:51.466530', value='3824.000000', node='ubuntu', metric='rx', subsystem='enp0s25')
Telemetry(timestamp='29.05.2023 20:21:51.810730', value='5.434783', node='ubuntu', metric='cpu', subsystem=None)
Telemetry(timestamp='29.05.2023 20:21:51.811929', value='84.000000', node='ubuntu', metric='tx', subsystem='enp0s25')
Telemetry(timestamp='29.05.2023 20:21:51.963509', value='3938.000000', node='ubuntu', metric='rx', subsystem='enp0s25')
Telemetry(timestamp='29.05.2023 20:21:52.310984', value='11.351351', node='ubuntu', metric='cpu', subsystem=None)
Telemetry(timestamp='29.05.2023 20:21:52.311794', value='85.000000', node='ubuntu', metric='tx', subsystem='enp0s25')
Telemetry(timestamp='29.05.2023 20:21:52.312107', value='999780.000000', node='ubuntu', metric='ram', subsystem=None)
Telemetry(timestamp='29.05.2023 20:21:52.463987', value='3944.000000', node='ubuntu', metric='rx', subsystem='enp0s25')
Telemetry(timestamp='29.05.2023 20:21:52.811059', value='5.882353', node='ubuntu', metric='cpu', subsystem=None)
Telemetry(timestamp='29.05.2023 20:21:52.811674', value='83.000000', node='ubuntu', metric='tx', subsystem='enp0s25')
Telemetry(timestamp='29.05.2023 20:21:52.981580', value='3809.000000', node='ubuntu', metric='rx', subsystem='enp0s25')
Telemetry(timestamp='29.05.2023 20:21:53.311210', value='5.376344', node='ubuntu', metric='cpu', subsystem=None)
Telemetry(timestamp='29.05.2023 20:21:53.312081', value='999780.000000', node='ubuntu', metric='ram', subsystem=None)
Telemetry(timestamp='29.05.2023 20:21:53.313510', value='83.000000', node='ubuntu', metric='tx', subsystem='enp0s25')
Telemetry(timestamp='29.05.2023 20:21:53.495768', value='3845.000000', node='ubuntu', metric='rx', subsystem='enp0s25')
Telemetry(timestamp='29.05.2023 20:21:53.811680', value='8.152174', node='ubuntu', metric='cpu', subsystem=None)
Telemetry(timestamp='29.05.2023 20:21:53.813284', value='84.000000', node='ubuntu', metric='tx', subsystem='enp0s25')
Telemetry(timestamp='29.05.2023 20:21:54.310558', value='3944.000000', node='ubuntu', metric='rx', subsystem='enp0s25')
Telemetry(timestamp='29.05.2023 20:21:54.310928', value='6.914894', node='ubuntu', metric='cpu', subsystem=None)
Telemetry(timestamp='29.05.2023 20:21:54.311164', value='0.010000', node='ubuntu', metric='load1', subsystem=None)
Telemetry(timestamp='29.05.2023 20:21:54.311661', value='1032540.000000', node='ubuntu', metric='ram', subsystem=None)
Telemetry(timestamp='29.05.2023 20:21:54.313393', value='83.000000', node='ubuntu', metric='tx', subsystem='enp0s25')
Telemetry(timestamp='29.05.2023 20:21:54.502081', value='0.060000', node='ubuntu', metric='load5', subsystem=None)
Telemetry(timestamp='29.05.2023 20:21:54.531412', value='3908.000000', node='ubuntu', metric='rx', subsystem='enp0s25')
Telemetry(timestamp='29.05.2023 20:21:54.811336', value='5.945946', node='ubuntu', metric='cpu', subsystem=None)
Telemetry(timestamp='29.05.2023 20:21:54.811599', value='86.000000', node='ubuntu', metric='tx', subsystem='enp0s25')
Telemetry(timestamp='29.05.2023 20:21:55.475856', value='4008.000000', node='ubuntu', metric='rx', subsystem='enp0s25')
Telemetry(timestamp='29.05.2023 20:21:55.310958', value='1032540.000000', node='ubuntu', metric='ram', subsystem=None)
Telemetry(timestamp='29.05.2023 20:21:55.311761', value='5.434783', node='ubuntu', metric='cpu', subsystem=None)
Telemetry(timestamp='29.05.2023 20:21:55.312474', value='87.000000', node='ubuntu', metric='tx', subsystem='enp0s25')
Telemetry(timestamp='29.05.2023 20:21:55.455641', value='3997.000000', node='ubuntu', metric='rx', subsystem='enp0s25')
Telemetry(timestamp='29.05.2023 20:21:55.811228', value='3.867403', node='ubuntu', metric='cpu', subsystem=None)
Telemetry(timestamp='29.05.2023 20:21:55.812361', value='85.000000', node='ubuntu', metric='tx', subsystem='enp0s25')
Telemetry(timestamp='29.05.2023 20:21:55.963925', value='3900.000000', node='ubuntu', metric='rx', subsystem='enp0s25')
Telemetry(timestamp='29.05.2023 20:21:56.311595', value='4.864865', node='ubuntu', metric='cpu', subsystem=None)
Telemetry(timestamp='29.05.2023 20:21:56.312462', value='1033536.000000', node='ubuntu', metric='ram', subsystem=None)
Telemetry(timestamp='29.05.2023 20:21:56.312688', value='85.000000', node='ubuntu', metric='tx', subsystem='enp0s25')
Telemetry(timestamp='29.05.2023 20:21:56.485349', value='3919.000000', node='ubuntu', metric='rx', subsystem='enp0s25')
Telemetry(timestamp='29.05.2023 20:21:56.811317', value='9.574468', node='ubuntu', metric='cpu', subsystem=None)
Telemetry(timestamp='29.05.2023 20:21:56.812369', value='87.000000', node='ubuntu', metric='tx', subsystem='enp0s25')
Telemetry(timestamp='29.05.2023 20:21:56.992618', value='4028.000000', node='ubuntu', metric='rx', subsystem='enp0s25')
Telemetry(timestamp='29.05.2023 20:21:57.311158', value='11.229947', node='ubuntu', metric='cpu', subsystem=None)
Telemetry(timestamp='29.05.2023 20:21:57.312485', value='87.000000', node='ubuntu', metric='tx', subsystem='enp0s25')
Telemetry(timestamp='29.05.2023 20:21:57.313164', value='1034544.000000', node='ubuntu', metric='ram', subsystem=None)
Telemetry(timestamp='29.05.2023 20:21:57.502483', value='3927.000000', node='ubuntu', metric='rx', subsystem='enp0s25')
Telemetry(timestamp='29.05.2023 20:21:57.812066', value='85.000000', node='ubuntu', metric='tx', subsystem='enp0s25')
Telemetry(timestamp='29.05.2023 20:21:57.812342', value='5.851064', node='ubuntu', metric='cpu', subsystem=None)
Telemetry(timestamp='29.05.2023 20:21:57.999280', value='3810.000000', node='ubuntu', metric='rx', subsystem='enp0s25')
Telemetry(timestamp='29.05.2023 20:21:58.311162', value='1034544.000000', node='ubuntu', metric='ram', subsystem=None)
Telemetry(timestamp='29.05.2023 20:21:58.311337', value='5.434783', node='ubuntu', metric='cpu', subsystem=None)
Telemetry(timestamp='29.05.2023 20:21:58.312699', value='83.000000', node='ubuntu', metric='tx', subsystem='enp0s25')
Telemetry(timestamp='29.05.2023 20:21:58.516943', value='3800.000000', node='ubuntu', metric='rx', subsystem='enp0s25')
Telemetry(timestamp='29.05.2023 20:21:58.811212', value='4.371585', node='ubuntu', metric='cpu', subsystem=None)
Telemetry(timestamp='29.05.2023 20:21:58.813352', value='83.000000', node='ubuntu', metric='tx', subsystem='enp0s25')
Telemetry(timestamp='29.05.2023 20:21:59.217779', value='3815.000000', node='ubuntu', metric='rx', subsystem='enp0s25')
Telemetry(timestamp='29.05.2023 20:21:59.311135', value='7.978723', node='ubuntu', metric='cpu', subsystem=None)
Telemetry(timestamp='29.05.2023 20:21:59.311549', value='1034544.000000', node='ubuntu', metric='ram', subsystem=None)
Telemetry(timestamp='29.05.2023 20:21:59.311581', value='0.010000', node='ubuntu', metric='load1', subsystem=None)
Telemetry(timestamp='29.05.2023 20:21:59.312393', value='85.000000', node='ubuntu', metric='tx', subsystem='enp0s25')
Telemetry(timestamp='29.05.2023 20:21:59.529486', value='0.060000', node='ubuntu', metric='load5', subsystem=None)
Telemetry(timestamp='29.05.2023 20:21:59.545650', value='3905.000000', node='ubuntu', metric='rx', subsystem='enp0s25')
Telemetry(timestamp='29.05.2023 20:21:59.810912', value='5.913978', node='ubuntu', metric='cpu', subsystem=None)
Telemetry(timestamp='29.05.2023 20:21:59.812338', value='86.000000', node='ubuntu', metric='tx', subsystem='enp0s25')
Telemetry(timestamp='29.05.2023 20:21:59.959977', value='3899.000000', node='ubuntu', metric='rx', subsystem='enp0s25')
Telemetry(timestamp='29.05.2023 20:22:00.310436', value='4.371585', node='ubuntu', metric='cpu', subsystem=None)
Telemetry(timestamp='29.05.2023 20:22:00.310504', value='1034544.000000', node='ubuntu', metric='ram', subsystem=None)
Telemetry(timestamp='29.05.2023 20:22:00.313704', value='84.000000', node='ubuntu', metric='tx', subsystem='enp0s25')
Telemetry(timestamp='29.05.2023 20:22:00.475983', value='3777.000000', node='ubuntu', metric='rx', subsystem='enp0s25')
Telemetry(timestamp='29.05.2023 20:22:00.810574', value='5.405405', node='ubuntu', metric='cpu', subsystem=None)
Telemetry(timestamp='29.05.2023 20:22:00.811216', value='82.000000', node='ubuntu', metric='tx', subsystem='enp0s25')
Telemetry(timestamp='29.05.2023 20:22:00.968289', value='3700.000000', node='ubuntu', metric='rx', subsystem='enp0s25')
Telemetry(timestamp='29.05.2023 20:22:01.311358', value='5.882353', node='ubuntu', metric='cpu', subsystem=None)
Telemetry(timestamp='29.05.2023 20:22:01.311498', value='84.000000', node='ubuntu', metric='tx', subsystem='enp0s25')
Telemetry(timestamp='29.05.2023 20:22:01.312482', value='1034532.000000', node='ubuntu', metric='ram', subsystem=None)
Telemetry(timestamp='29.05.2023 20:22:01.478312', value='3741.000000', node='ubuntu', metric='rx', subsystem='enp0s25')
Telemetry(timestamp='29.05.2023 20:22:01.811412', value='8.602151', node='ubuntu', metric='cpu', subsystem=None)
Telemetry(timestamp='29.05.2023 20:22:01.812130', value='85.000000', node='ubuntu', metric='tx', subsystem='enp0s25')
Telemetry(timestamp='29.05.2023 20:22:01.904114', value='3874.000000', node='ubuntu', metric='rx', subsystem='enp0s25')
Telemetry(timestamp='29.05.2023 20:22:02.311397', value='11.891892', node='ubuntu', metric='cpu', subsystem=None)
Telemetry(timestamp='29.05.2023 20:22:02.311498', value='1034532.000000', node='ubuntu', metric='ram', subsystem=None)
Telemetry(timestamp='29.05.2023 20:22:02.312936', value='84.000000', node='ubuntu', metric='tx', subsystem='enp0s25')
Telemetry(timestamp='29.05.2023 20:22:02.518881', value='3950.000000', node='ubuntu', metric='rx', subsystem='enp0s25')
Telemetry(timestamp='29.05.2023 20:22:02.811952', value='9.574468', node='ubuntu', metric='cpu', subsystem=None)
Telemetry(timestamp='29.05.2023 20:22:02.812302', value='85.000000', node='ubuntu', metric='tx', subsystem='enp0s25')
Telemetry(timestamp='29.05.2023 20:22:02.991253', value='3853.000000', node='ubuntu', metric='rx', subsystem='enp0s25')
Telemetry(timestamp='29.05.2023 20:22:03.310940', value='1099996.000000', node='ubuntu', metric='ram', subsystem=None)
Telemetry(timestamp='29.05.2023 20:22:03.311656', value='5.405405', node='ubuntu', metric='cpu', subsystem=None)
Telemetry(timestamp='29.05.2023 20:22:03.312281', value='88.000000', node='ubuntu', metric='tx', subsystem='enp0s25')
Telemetry(timestamp='29.05.2023 20:22:03.539005', value='3817.000000', node='ubuntu', metric='rx', subsystem='enp0s25')
Telemetry(timestamp='29.05.2023 20:22:03.811222', value='6.382979', node='ubuntu', metric='cpu', subsystem=None)
Telemetry(timestamp='29.05.2023 20:22:03.812574', value='89.000000', node='ubuntu', metric='tx', subsystem='enp0s25')
Telemetry(timestamp='29.05.2023 20:22:03.939360', value='3786.000000', node='ubuntu', metric='rx', subsystem='enp0s25')
Telemetry(timestamp='29.05.2023 20:22:04.310551', value='0.090000', node='ubuntu', metric='load1', subsystem=None)
Telemetry(timestamp='29.05.2023 20:22:04.310686', value='6.417112', node='ubuntu', metric='cpu', subsystem=None)
Telemetry(timestamp='29.05.2023 20:22:04.310805', value='1099996.000000', node='ubuntu', metric='ram', subsystem=None)
Telemetry(timestamp='29.05.2023 20:22:04.311935', value='90.000000', node='ubuntu', metric='tx', subsystem='enp0s25')
Telemetry(timestamp='29.05.2023 20:22:04.439988', value='0.070000', node='ubuntu', metric='load5', subsystem=None)
Telemetry(timestamp='29.05.2023 20:22:04.481388', value='3786.000000', node='ubuntu', metric='rx', subsystem='enp0s25')
Telemetry(timestamp='29.05.2023 20:22:04.811225', value='6.951872', node='ubuntu', metric='cpu', subsystem=None)
Telemetry(timestamp='29.05.2023 20:22:04.811459', value='89.000000', node='ubuntu', metric='tx', subsystem='enp0s25')
Telemetry(timestamp='29.05.2023 20:22:04.957090', value='3758.000000', node='ubuntu', metric='rx', subsystem='enp0s25')
Telemetry(timestamp='29.05.2023 20:22:05.311799', value='3.867403', node='ubuntu', metric='cpu', subsystem=None)
Telemetry(timestamp='29.05.2023 20:22:05.311912', value='89.000000', node='ubuntu', metric='tx', subsystem='enp0s25')
Telemetry(timestamp='29.05.2023 20:22:05.312210', value='1099996.000000', node='ubuntu', metric='ram', subsystem=None)
Telemetry(timestamp='29.05.2023 20:22:05.483990', value='3715.000000', node='ubuntu', metric='rx', subsystem='enp0s25')
Telemetry(timestamp='29.05.2023 20:22:05.812161', value='6.486486', node='ubuntu', metric='cpu', subsystem=None)
Telemetry(timestamp='29.05.2023 20:22:05.812452', value='91.000000', node='ubuntu', metric='tx', subsystem='enp0s25')
Telemetry(timestamp='29.05.2023 20:22:05.994773', value='3824.000000', node='ubuntu', metric='rx', subsystem='enp0s25')
Telemetry(timestamp='29.05.2023 20:22:06.311516', value='1099996.000000', node='ubuntu', metric='ram', subsystem=None)
Telemetry(timestamp='29.05.2023 20:22:06.311656', value='5.945946', node='ubuntu', metric='cpu', subsystem=None)
Telemetry(timestamp='29.05.2023 20:22:06.312438', value='91.000000', node='ubuntu', metric='tx', subsystem='enp0s25')
Telemetry(timestamp='29.05.2023 20:22:06.503473', value='3862.000000', node='ubuntu', metric='rx', subsystem='enp0s25')
Telemetry(timestamp='29.05.2023 20:22:06.811664', value='6.417112', node='ubuntu', metric='cpu', subsystem=None)
Telemetry(timestamp='29.05.2023 20:22:06.812500', value='90.000000', node='ubuntu', metric='tx', subsystem='enp0s25')
Telemetry(timestamp='29.05.2023 20:22:07.247398', value='3788.000000', node='ubuntu', metric='rx', subsystem='enp0s25')
Telemetry(timestamp='29.05.2023 20:22:07.311278', value='10.497238', node='ubuntu', metric='cpu', subsystem=None)
Telemetry(timestamp='29.05.2023 20:22:07.311954', value='1099968.000000', node='ubuntu', metric='ram', subsystem=None)
Telemetry(timestamp='29.05.2023 20:22:07.312905', value='89.000000', node='ubuntu', metric='tx', subsystem='enp0s25')
Telemetry(timestamp='29.05.2023 20:22:07.546214', value='3732.000000', node='ubuntu', metric='rx', subsystem='enp0s25')
Telemetry(timestamp='29.05.2023 20:22:07.811389', value='8.947368', node='ubuntu', metric='cpu', subsystem=None)
Telemetry(timestamp='29.05.2023 20:22:07.812333', value='91.000000', node='ubuntu', metric='tx', subsystem='enp0s25')
Telemetry(timestamp='29.05.2023 20:22:08.469252', value='3845.000000', node='ubuntu', metric='rx', subsystem='enp0s25')
Telemetry(timestamp='29.05.2023 20:22:08.311322', value='4.864865', node='ubuntu', metric='cpu', subsystem=None)
Telemetry(timestamp='29.05.2023 20:22:08.311553', value='1099968.000000', node='ubuntu', metric='ram', subsystem=None)
Telemetry(timestamp='29.05.2023 20:22:08.313828', value='90.000000', node='ubuntu', metric='tx', subsystem='enp0s25')
Telemetry(timestamp='29.05.2023 20:22:08.453740', value='3770.000000', node='ubuntu', metric='rx', subsystem='enp0s25')
Telemetry(timestamp='29.05.2023 20:22:08.810810', value='3.867403', node='ubuntu', metric='cpu', subsystem=None)
Telemetry(timestamp='29.05.2023 20:22:08.812375', value='88.000000', node='ubuntu', metric='tx', subsystem='enp0s25')
Telemetry(timestamp='29.05.2023 20:22:08.971543', value='3683.000000', node='ubuntu', metric='rx', subsystem='enp0s25')
Telemetry(timestamp='29.05.2023 20:22:09.311410', value='6.417112', node='ubuntu', metric='cpu', subsystem=None)
Telemetry(timestamp='29.05.2023 20:22:09.311478', value='0.160000', node='ubuntu', metric='load1', subsystem=None)
Telemetry(timestamp='29.05.2023 20:22:09.311908', value='1099968.000000', node='ubuntu', metric='ram', subsystem=None)
Telemetry(timestamp='29.05.2023 20:22:09.313758', value='90.000000', node='ubuntu', metric='tx', subsystem='enp0s25')
Telemetry(timestamp='29.05.2023 20:22:09.459111', value='0.090000', node='ubuntu', metric='load5', subsystem=None)
Telemetry(timestamp='29.05.2023 20:22:09.484539', value='3763.000000', node='ubuntu', metric='rx', subsystem='enp0s25')
Telemetry(timestamp='29.05.2023 20:22:09.811518', value='6.451613', node='ubuntu', metric='cpu', subsystem=None)
Telemetry(timestamp='29.05.2023 20:22:09.812191', value='89.000000', node='ubuntu', metric='tx', subsystem='enp0s25')
Telemetry(timestamp='29.05.2023 20:22:09.990406', value='3659.000000', node='ubuntu', metric='rx', subsystem='enp0s25')
Telemetry(timestamp='29.05.2023 20:22:10.311503', value='1100220.000000', node='ubuntu', metric='ram', subsystem=None)
Telemetry(timestamp='29.05.2023 20:22:10.311741', value='6.417112', node='ubuntu', metric='cpu', subsystem=None)
Telemetry(timestamp='29.05.2023 20:22:10.312829', value='87.000000', node='ubuntu', metric='tx', subsystem='enp0s25')
Telemetry(timestamp='29.05.2023 20:22:10.505871', value='3559.000000', node='ubuntu', metric='rx', subsystem='enp0s25')
Telemetry(timestamp='29.05.2023 20:22:10.811262', value='6.914894', node='ubuntu', metric='cpu', subsystem=None)
Telemetry(timestamp='29.05.2023 20:22:10.812781', value='87.000000', node='ubuntu', metric='tx', subsystem='enp0s25')
Telemetry(timestamp='29.05.2023 20:22:11.530164', value='3669.000000', node='ubuntu', metric='rx', subsystem='enp0s25')
Telemetry(timestamp='29.05.2023 20:22:11.310590', value='7.446809', node='ubuntu', metric='cpu', subsystem=None)
Telemetry(timestamp='29.05.2023 20:22:11.310786', value='1100220.000000', node='ubuntu', metric='ram', subsystem=None)
Telemetry(timestamp='29.05.2023 20:22:11.312527', value='90.000000', node='ubuntu', metric='tx', subsystem='enp0s25')
Telemetry(timestamp='29.05.2023 20:22:11.538402', value='3852.000000', node='ubuntu', metric='rx', subsystem='enp0s25')
Telemetry(timestamp='29.05.2023 20:22:11.811816', value='7.486631', node='ubuntu', metric='cpu', subsystem=None)
Telemetry(timestamp='29.05.2023 20:22:11.812606', value='91.000000', node='ubuntu', metric='tx', subsystem='enp0s25')
Telemetry(timestamp='29.05.2023 20:22:12.392199', value='3868.000000', node='ubuntu', metric='rx', subsystem='enp0s25')
Telemetry(timestamp='29.05.2023 20:22:12.311820', value='12.698413', node='ubuntu', metric='cpu', subsystem=None)
Telemetry(timestamp='29.05.2023 20:22:12.311964', value='1100472.000000', node='ubuntu', metric='ram', subsystem=None)
Telemetry(timestamp='29.05.2023 20:22:12.312361', value='90.000000', node='ubuntu', metric='tx', subsystem='enp0s25')
Telemetry(timestamp='29.05.2023 20:22:12.452771', value='3759.000000', node='ubuntu', metric='rx', subsystem='enp0s25')
Telemetry(timestamp='29.05.2023 20:22:12.811408', value='7.486631', node='ubuntu', metric='cpu', subsystem=None)
Telemetry(timestamp='29.05.2023 20:22:12.813520', value='90.000000', node='ubuntu', metric='tx', subsystem='enp0s25')
Telemetry(timestamp='29.05.2023 20:22:12.951213', value='3830.000000', node='ubuntu', metric='rx', subsystem='enp0s25')
Telemetry(timestamp='29.05.2023 20:22:13.310267', value='1358040.000000', node='ubuntu', metric='ram', subsystem=None)
Telemetry(timestamp='29.05.2023 20:22:13.312022', value='41.935484', node='ubuntu', metric='cpu', subsystem=None)
Telemetry(timestamp='29.05.2023 20:22:13.313439', value='59.000000', node='ubuntu', metric='tx', subsystem='enp0s25')
Telemetry(timestamp='29.05.2023 20:22:13.475844', value='2388.000000', node='ubuntu', metric='rx', subsystem='enp0s25')
Telemetry(timestamp='29.05.2023 20:22:13.810790', value='48.128342', node='ubuntu', metric='cpu', subsystem=None)
Telemetry(timestamp='29.05.2023 20:22:13.812382', value='17.000000', node='ubuntu', metric='tx', subsystem='enp0s25')
Telemetry(timestamp='29.05.2023 20:22:13.984700', value='416.000000', node='ubuntu', metric='rx', subsystem='enp0s25')
Telemetry(timestamp='29.05.2023 20:22:14.310690', value='0.150000', node='ubuntu', metric='load1', subsystem=None)
Telemetry(timestamp='29.05.2023 20:22:14.310865', value='45.355191', node='ubuntu', metric='cpu', subsystem=None)
Telemetry(timestamp='29.05.2023 20:22:14.311110', value='1338192.000000', node='ubuntu', metric='ram', subsystem=None)
Telemetry(timestamp='29.05.2023 20:22:14.311384', value='8.000000', node='ubuntu', metric='tx', subsystem='enp0s25')
Telemetry(timestamp='29.05.2023 20:22:14.476944', value='0.090000', node='ubuntu', metric='load5', subsystem=None)
Telemetry(timestamp='29.05.2023 20:22:14.498727', value='3.000000', node='ubuntu', metric='rx', subsystem='enp0s25')
Telemetry(timestamp='29.05.2023 20:22:14.810906', value='46.739130', node='ubuntu', metric='cpu', subsystem=None)
Telemetry(timestamp='29.05.2023 20:22:14.811656', value='8.000000', node='ubuntu', metric='tx', subsystem='enp0s25')
Telemetry(timestamp='29.05.2023 20:22:15.247044', value='4.000000', node='ubuntu', metric='rx', subsystem='enp0s25')
Telemetry(timestamp='29.05.2023 20:22:15.311283', value='8.000000', node='ubuntu', metric='tx', subsystem='enp0s25')
Telemetry(timestamp='29.05.2023 20:22:15.311372', value='53.591160', node='ubuntu', metric='cpu', subsystem=None)
Telemetry(timestamp='29.05.2023 20:22:15.311481', value='1558300.000000', node='ubuntu', metric='ram', subsystem=None)
Telemetry(timestamp='29.05.2023 20:22:15.503165', value='4.000000', node='ubuntu', metric='rx', subsystem='enp0s25')
Telemetry(timestamp='29.05.2023 20:22:15.810966', value='50.555556', node='ubuntu', metric='cpu', subsystem=None)
Telemetry(timestamp='29.05.2023 20:22:15.811649', value='8.000000', node='ubuntu', metric='tx', subsystem='enp0s25')
Telemetry(timestamp='29.05.2023 20:22:16.290334', value='3.000000', node='ubuntu', metric='rx', subsystem='enp0s25')
Telemetry(timestamp='29.05.2023 20:22:16.310804', value='44.943820', node='ubuntu', metric='cpu', subsystem=None)
Telemetry(timestamp='29.05.2023 20:22:16.310990', value='1548348.000000', node='ubuntu', metric='ram', subsystem=None)
Telemetry(timestamp='29.05.2023 20:22:16.311517', value='8.000000', node='ubuntu', metric='tx', subsystem='enp0s25')
Telemetry(timestamp='29.05.2023 20:22:16.540814', value='3.000000', node='ubuntu', metric='rx', subsystem='enp0s25')
Telemetry(timestamp='29.05.2023 20:22:16.810882', value='47.120419', node='ubuntu', metric='cpu', subsystem=None)
Telemetry(timestamp='29.05.2023 20:22:16.812433', value='8.000000', node='ubuntu', metric='tx', subsystem='enp0s25')
Telemetry(timestamp='29.05.2023 20:22:16.948886', value='4.000000', node='ubuntu', metric='rx', subsystem='enp0s25')
Telemetry(timestamp='29.05.2023 20:22:17.310465', value='1146000.000000', node='ubuntu', metric='ram', subsystem=None)
Telemetry(timestamp='29.05.2023 20:22:17.311172', value='44.559585', node='ubuntu', metric='cpu', subsystem=None)
Telemetry(timestamp='29.05.2023 20:22:17.312463', value='11.000000', node='ubuntu', metric='tx', subsystem='enp0s25')