Telemetry(timestamp='29.05.2023 20:20:12.393919', value='3.000000', node='ubuntu', metric='rx', subsystem='enp0s25')
Telemetry(timestamp='29.05.2023 20:20:12.310709', value='1038088.000000', node='ubuntu', metric='ram', subsystem=None)
Telemetry(timestamp='29.05.2023 20:20:12.311765', value='5.500000', node='ubuntu', metric='cpu', subsystem=None)
Telemetry(timestamp='29.05.2023 20:20:12.311836', value='8.000000', node='ubuntu', metric='tx', subsystem='enp0s25')
Telemetry(timestamp='29.05.2023 20:20:12.536361', value='3.000000', node='ubuntu', metric='rx', subsystem='enp0s25')
Telemetry(timestamp='29.05.2023 20:20:12.810667', value='1.005025', node='ubuntu', metric='cpu', subsystem=None)
Telemetry(timestamp='29.05.2023 20:20:12.811492', value='8.000000', node='ubuntu', metric='tx', subsystem='enp0s25')
Telemetry(timestamp='29.05.2023 20:20:12.957382', value='3.000000', node='ubuntu', metric='rx', subsystem='enp0s25')
Telemetry(timestamp='29.05.2023 20:20:13.310637', value='1038080.000000', node='ubuntu', metric='ram', subsystem=None)
Telemetry(timestamp='29.05.2023 20:20:13.310766', value='2.487562', node='ubuntu', metric='cpu', subsystem=None)
Telemetry(timestamp='29.05.2023 20:20:13.311651', value='8.000000', node='ubuntu', metric='tx', subsystem='enp0s25')
Telemetry(timestamp='29.05.2023 20:20:13.451173', value='3.000000', node='ubuntu', metric='rx', subsystem='enp0s25')
Telemetry(timestamp='29.05.2023 20:20:13.810800', value='1.005025', node='ubuntu', metric='cpu', subsystem=None)
Telemetry(timestamp='29.05.2023 20:20:13.811491', value='8.000000', node='ubuntu', metric='tx', subsystem='enp0s25')
Telemetry(timestamp='29.05.2023 20:20:13.961826', value='3.000000', node='ubuntu', metric='rx', subsystem='enp0s25')
Telemetry(timestamp='29.05.2023 20:20:14.310875', value='0.050000', node='ubuntu', metric='load1', subsystem=None)
Telemetry(timestamp='29.05.2023 20:20:14.311354', value='1038076.000000', node='ubuntu', metric='ram', subsystem=None)
Telemetry(timestamp='29.05.2023 20:20:14.311803', value='8.000000', node='ubuntu', metric='tx', subsystem='enp0s25')
Telemetry(timestamp='29.05.2023 20:20:14.311935', value='2.463054', node='ubuntu', metric='cpu', subsystem=None)
Telemetry(timestamp='29.05.2023 20:20:14.435704', value='0.090000', node='ubuntu', metric='load5', subsystem=None)
Telemetry(timestamp='29.05.2023 20:20:14.459874', value='3.000000', node='ubuntu', metric='rx', subsystem='enp0s25')
Telemetry(timestamp='29.05.2023 20:20:14.811140', value='2.000000', node='ubuntu', metric='cpu', subsystem=None)
Telemetry(timestamp='29.05.2023 20:20:14.812231', value='9.000000', node='ubuntu', metric='tx', subsystem='enp0s25')
Telemetry(timestamp='29.05.2023 20:20:14.864266', value='4.000000', node='ubuntu', metric='rx', subsystem='enp0s25')
Telemetry(timestamp='29.05.2023 20:20:15.311316', value='1.990050', node='ubuntu', metric='cpu', subsystem=None)
Telemetry(timestamp='29.05.2023 20:20:15.311713', value='1038068.000000', node='ubuntu', metric='ram', subsystem=None)
Telemetry(timestamp='29.05.2023 20:20:15.313207', value='9.000000', node='ubuntu', metric='tx', subsystem='enp0s25')
Telemetry(timestamp='29.05.2023 20:20:15.488269', value='4.000000', node='ubuntu', metric='rx', subsystem='enp0s25')
Telemetry(timestamp='29.05.2023 20:20:15.811516', value='1.500000', node='ubuntu', metric='cpu', subsystem=None)
Telemetry(timestamp='29.05.2023 20:20:15.812799', value='8.000000', node='ubuntu', metric='tx', subsystem='enp0s25')
Telemetry(timestamp='29.05.2023 20:20:15.829688', value='4.000000', node='ubuntu', metric='rx', subsystem='enp0s25')
Telemetry(timestamp='29.05.2023 20:20:16.310819', value='1038068.000000', node='ubuntu', metric='ram', subsystem=None)
Telemetry(timestamp='29.05.2023 20:20:16.310939', value='1.005025', node='ubuntu', metric='cpu', subsystem=None)
Telemetry(timestamp='29.05.2023 20:20:16.312051', value='8.000000', node='ubuntu', metric='tx', subsystem='enp0s25')
Telemetry(timestamp='29.05.2023 20:20:16.346066', value='4.000000', node='ubuntu', metric='rx', subsystem='enp0s25')
Telemetry(timestamp='29.05.2023 20:20:16.811421', value='1.990050', node='ubuntu', metric='cpu', subsystem=None)
Telemetry(timestamp='29.05.2023 20:20:16.814664', value='8.000000', node='ubuntu', metric='tx', subsystem='enp0s25')
Telemetry(timestamp='29.05.2023 20:20:16.873501', value='4.000000', node='ubuntu', metric='rx', subsystem='enp0s25')
Telemetry(timestamp='29.05.2023 20:20:17.311577', value='4.081633', node='ubuntu', metric='cpu', subsystem=None)
Telemetry(timestamp='29.05.2023 20:20:17.311865', value='8.000000', node='ubuntu', metric='tx', subsystem='enp0s25')
Telemetry(timestamp='29.05.2023 20:20:17.312499', value='1038068.000000', node='ubuntu', metric='ram', subsystem=None)
Telemetry(timestamp='29.05.2023 20:20:17.365209', value='4.000000', node='ubuntu', metric='rx', subsystem='enp0s25')
Telemetry(timestamp='29.05.2023 20:20:17.811528', value='1.500000', node='ubuntu', metric='cpu', subsystem=None)
Telemetry(timestamp='29.05.2023 20:20:17.812300', value='8.000000', node='ubuntu', metric='tx', subsystem='enp0s25')
Telemetry(timestamp='29.05.2023 20:20:17.960867', value='4.000000', node='ubuntu', metric='rx', subsystem='enp0s25')
Telemetry(timestamp='29.05.2023 20:20:18.311171', value='1038068.000000', node='ubuntu', metric='ram', subsystem=None)
Telemetry(timestamp='29.05.2023 20:20:18.311502', value='0.502513', node='ubuntu', metric='cpu', subsystem=None)
Telemetry(timestamp='29.05.2023 20:20:18.313297', value='8.000000', node='ubuntu', metric='tx', subsystem='enp0s25')
Telemetry(timestamp='29.05.2023 20:20:18.482787', value='4.000000', node='ubuntu', metric='rx', subsystem='enp0s25')
Telemetry(timestamp='29.05.2023 20:20:18.811263', value='1.500000', node='ubuntu', metric='cpu', subsystem=None)
Telemetry(timestamp='29.05.2023 20:20:18.812363', value='8.000000', node='ubuntu', metric='tx', subsystem='enp0s25')
Telemetry(timestamp='29.05.2023 20:20:18.950352', value='4.000000', node='ubuntu', metric='rx', subsystem='enp0s25')
Telemetry(timestamp='29.05.2023 20:20:19.310639', value='1038068.000000', node='ubuntu', metric='ram', subsystem=None)
Telemetry(timestamp='29.05.2023 20:20:19.311012', value='0.050000', node='ubuntu', metric='load1', subsystem=None)
Telemetry(timestamp='29.05.2023 20:20:19.311402', value='1.500000', node='ubuntu', metric='cpu', subsystem=None)
Telemetry(timestamp='29.05.2023 20:20:19.312601', value='8.000000', node='ubuntu', metric='tx', subsystem='enp0s25')
Telemetry(timestamp='29.05.2023 20:20:19.341789', value='0.090000', node='ubuntu', metric='load5', subsystem=None)
Telemetry(timestamp='29.05.2023 20:20:19.358416', value='4.000000', node='ubuntu', metric='rx', subsystem='enp0s25')
Telemetry(timestamp='29.05.2023 20:20:19.810563', value='7.407407', node='ubuntu', metric='cpu', subsystem=None)
Telemetry(timestamp='29.05.2023 20:20:19.812948', value='50.000000', node='ubuntu', metric='tx', subsystem='enp0s25')
Telemetry(timestamp='29.05.2023 20:20:20.548487', value='1690.000000', node='ubuntu', metric='rx', subsystem='enp0s25')
Telemetry(timestamp='29.05.2023 20:20:20.310314', value='1037252.000000', node='ubuntu', metric='ram', subsystem=None)
Telemetry(timestamp='29.05.2023 20:20:20.311142', value='25.789474', node='ubuntu', metric='cpu', subsystem=None)
Telemetry(timestamp='29.05.2023 20:20:20.311143', value='63.000000', node='ubuntu', metric='tx', subsystem='enp0s25')
Telemetry(timestamp='29.05.2023 20:20:20.434078', value='2168.000000', node='ubuntu', metric='rx', subsystem='enp0s25')
Telemetry(timestamp='29.05.2023 20:20:20.811247', value='1.980198', node='ubuntu', metric='cpu', subsystem=None)
Telemetry(timestamp='29.05.2023 20:20:20.811830', value='22.000000', node='ubuntu', metric='tx', subsystem='enp0s25')
Telemetry(timestamp='29.05.2023 20:20:21.329555', value='485.000000', node='ubuntu', metric='rx', subsystem='enp0s25')
Telemetry(timestamp='29.05.2023 20:20:21.310946', value='8.000000', node='ubuntu', metric='tx', subsystem='enp0s25')
Telemetry(timestamp='29.05.2023 20:20:21.311595', value='1.005025', node='ubuntu', metric='cpu', subsystem=None)
Telemetry(timestamp='29.05.2023 20:20:21.311707', value='1037216.000000', node='ubuntu', metric='ram', subsystem=None)
Telemetry(timestamp='29.05.2023 20:20:21.420901', value='4.000000', node='ubuntu', metric='rx', subsystem='enp0s25')
Telemetry(timestamp='29.05.2023 20:20:21.811441', value='0.502513', node='ubuntu', metric='cpu', subsystem=None)
Telemetry(timestamp='29.05.2023 20:20:21.813093', value='8.000000', node='ubuntu', metric='tx', subsystem='enp0s25')
Telemetry(timestamp='29.05.2023 20:20:21.949899', value='3.000000', node='ubuntu', metric='rx', subsystem='enp0s25')
Telemetry(timestamp='29.05.2023 20:20:22.311060', value='6.030151', node='ubuntu', metric='cpu', subsystem=None)
Telemetry(timestamp='29.05.2023 20:20:22.311636', value='1037216.000000', node='ubuntu', metric='ram', subsystem=None)
Telemetry(timestamp='29.05.2023 20:20:22.312419', value='8.000000', node='ubuntu', metric='tx', subsystem='enp0s25')
Telemetry(timestamp='29.05.2023 20:20:22.475054', value='3.000000', node='ubuntu', metric='rx', subsystem='enp0s25')
Telemetry(timestamp='29.05.2023 20:20:22.811260', value='1.492537', node='ubuntu', metric='cpu', subsystem=None)
Telemetry(timestamp='29.05.2023 20:20:22.812021', value='8.000000', node='ubuntu', metric='tx', subsystem='enp0s25')
Telemetry(timestamp='29.05.2023 20:20:22.975209', value='3.000000', node='ubuntu', metric='rx', subsystem='enp0s25')
Telemetry(timestamp='29.05.2023 20:20:23.313609', value='1.500000', node='ubuntu', metric='cpu', subsystem=None)
Telemetry(timestamp='29.05.2023 20:20:23.313937', value='1037216.000000', node='ubuntu', metric='ram', subsystem=None)
Telemetry(timestamp='29.05.2023 20:20:23.314620', value='8.000000', node='ubuntu', metric='tx', subsystem='enp0s25')
Telemetry(timestamp='29.05.2023 20:20:23.500677', value='3.000000', node='ubuntu', metric='rx', subsystem='enp0s25')
Telemetry(timestamp='29.05.2023 20:20:23.811430', value='1.990050', node='ubuntu', metric='cpu', subsystem=None)
Telemetry(timestamp='29.05.2023 20:20:23.812624', value='8.000000', node='ubuntu', metric='tx', subsystem='enp0s25')
Telemetry(timestamp='29.05.2023 20:20:24.118650', value='3.000000', node='ubuntu', metric='rx', subsystem='enp0s25')