100   297  100   284  100    13    163      7  0:00:01  0:00:01 --:--:--   171
Connecting at 2023-05-20T11:04:25.444674773Z
Received at 2023-05-20T11:04:25.995418115Z
  % Total    % Received % Xferd  Average Speed   Time    Time     Time  Current
                                 Dload  Upload   Total   Spent    Left  Speed
100   297  100   284  100    13    156      7  0:00:01  0:00:01 --:--:--   163
Connecting at 2023-05-20T11:04:27.218108886Z
Received at 2023-05-20T11:04:27.821157443Z
  % Total    % Received % Xferd  Average Speed   Time    Time     Time  Current
                                 Dload  Upload   Total   Spent    Left  Speed
100   297  100   284  100    13    159      7  0:00:01  0:00:01 --:--:--   167
Connecting at 2023-05-20T11:04:29.040425196Z
Received at 2023-05-20T11:04:29.606794851Z
  % Total    % Received % Xferd  Average Speed   Time    Time     Time  Current
                                 Dload  Upload   Total   Spent    Left  Speed
100   297  100   284  100    13    167      7  0:00:01  0:00:01 --:--:--   174
Connecting at 2023-05-20T11:04:30.790407727Z
Received at 2023-05-20T11:04:31.314699096Z
  % Total    % Received % Xferd  Average Speed   Time    Time     Time  Current
                                 Dload  Upload   Total   Spent    Left  Speed
100   297  100   284  100    13    161      7  0:00:01  0:00:01 --:--:--   169
Connecting at 2023-05-20T11:04:32.515541674Z
Received at 2023-05-20T11:04:33.080729067Z
  % Total    % Received % Xferd  Average Speed   Time    Time     Time  Current
                                 Dload  Upload   Total   Spent    Left  Speed
100   297  100   284  100    13    125      5  0:00:02  0:00:02 --:--:--   130
Connecting at 2023-05-20T11:04:34.469804721Z
Received at 2023-05-20T11:04:35.350444594Z
  % Total    % Received % Xferd  Average Speed   Time    Time     Time  Current
                                 Dload  Upload   Total   Spent    Left  Speed
100   297  100   284  100    13     70      3  0:00:04  0:00:04 --:--:--    73
Connecting at 2023-05-20T11:04:38.268280379Z
Received at 2023-05-20T11:04:39.411203818Z
  % Total    % Received % Xferd  Average Speed   Time    Time     Time  Current
                                 Dload  Upload   Total   Spent    Left  Speed
100   297  100   284  100    13     75      3  0:00:04  0:00:03  0:00:01    79
Connecting at 2023-05-20T11:04:42.177425940Z
Received at 2023-05-20T11:04:43.192369934Z
  % Total    % Received % Xferd  Average Speed   Time    Time     Time  Current
                                 Dload  Upload   Total   Spent    Left  Speed
100   297  100   284  100    13     79      3  0:00:04  0:00:03  0:00:01    82
Connecting at 2023-05-20T11:04:45.745907806Z
Received at 2023-05-20T11:04:46.803019229Z
  % Total    % Received % Xferd  Average Speed   Time    Time     Time  Current
                                 Dload  Upload   Total   Spent    Left  Speed
100   297  100   284  100    13     81      3  0:00:04  0:00:03  0:00:01    84
Connecting at 2023-05-20T11:04:49.398470121Z
Received at 2023-05-20T11:04:50.319670083Z
  % Total    % Received % Xferd  Average Speed   Time    Time     Time  Current
                                 Dload  Upload   Total   Spent    Left  Speed
100   297  100   284  100    13     83      3  0:00:04  0:00:03  0:00:01    87
Connecting at 2023-05-20T11:04:52.838869447Z
Received at 2023-05-20T11:04:53.735793549Z
  % Total    % Received % Xferd  Average Speed   Time    Time     Time  Current
                                 Dload  Upload   Total   Spent    Left  Speed
100   297  100   284  100    13     83      3  0:00:04  0:00:03  0:00:01    86
Connecting at 2023-05-20T11:04:56.246356486Z
Received at 2023-05-20T11:04:57.170047443Z
  % Total    % Received % Xferd  Average Speed   Time    Time     Time  Current
                                 Dload  Upload   Total   Spent    Left  Speed
100   297  100   284  100    13     84      3  0:00:04  0:00:03  0:00:01    88
Connecting at 2023-05-20T11:04:59.588624055Z
Received at 2023-05-20T11:05:00.534765157Z
  % Total    % Received % Xferd  Average Speed   Time    Time     Time  Current
                                 Dload  Upload   Total   Spent    Left  Speed
100   297  100   284  100    13     86      3  0:00:04  0:00:03  0:00:01    90
Connecting at 2023-05-20T11:05:02.959861688Z
Received at 2023-05-20T11:05:03.849468622Z
  % Total    % Received % Xferd  Average Speed   Time    Time     Time  Current
                                 Dload  Upload   Total   Spent    Left  Speed
100   297  100   284  100    13     84      3  0:00:04  0:00:03  0:00:01    88
Connecting at 2023-05-20T11:05:06.287619188Z
Received at 2023-05-20T11:05:07.214067405Z
  % Total    % Received % Xferd  Average Speed   Time    Time     Time  Current
                                 Dload  Upload   Total   Spent    Left  Speed
100   297  100   284  100    13     86      3  0:00:04  0:00:03  0:00:01    90
Connecting at 2023-05-20T11:05:09.600865648Z
Received at 2023-05-20T11:05:10.533883406Z
  % Total    % Received % Xferd  Average Speed   Time    Time     Time  Current
                                 Dload  Upload   Total   Spent    Left  Speed
100   297  100   284  100    13     86      3  0:00:04  0:00:03  0:00:01    90
Connecting at 2023-05-20T11:05:12.954262510Z
Received at 2023-05-20T11:05:13.842795433Z
  % Total    % Received % Xferd  Average Speed   Time    Time     Time  Current
                                 Dload  Upload   Total   Spent    Left  Speed
100   297  100   284  100    13     86      3  0:00:04  0:00:03  0:00:01    90
Connecting at 2023-05-20T11:05:16.243212056Z
Received at 2023-05-20T11:05:17.154965930Z
  % Total    % Received % Xferd  Average Speed   Time    Time     Time  Current
                                 Dload  Upload   Total   Spent    Left  Speed
100   297  100   284  100    13     85      3  0:00:04  0:00:03  0:00:01    89
Connecting at 2023-05-20T11:05:19.604645503Z
Received at 2023-05-20T11:05:20.501573998Z
  % Total    % Received % Xferd  Average Speed   Time    Time     Time  Current
                                 Dload  Upload   Total   Spent    Left  Speed
100   297  100   284  100    13     86      3  0:00:04  0:00:03  0:00:01    90
Connecting at 2023-05-20T11:05:22.910382216Z
Received at 2023-05-20T11:05:23.791541961Z
  % Total    % Received % Xferd  Average Speed   Time    Time     Time  Current
                                 Dload  Upload   Total   Spent    Left  Speed
100   297  100   284  100    13     85      3  0:00:04  0:00:03  0:00:01    88
Connecting at 2023-05-20T11:05:26.252055161Z
Received at 2023-05-20T11:05:27.150487303Z
  % Total    % Received % Xferd  Average Speed   Time    Time     Time  Current
                                 Dload  Upload   Total   Spent    Left  Speed
100   297  100   284  100    13     82      3  0:00:04  0:00:03  0:00:01    86
Connecting at 2023-05-20T11:05:29.728657879Z
Received at 2023-05-20T11:05:30.623456315Z
  % Total    % Received % Xferd  Average Speed   Time    Time     Time  Current
                                 Dload  Upload   Total   Spent    Left  Speed
100   297  100   284  100    13     86      3  0:00:04  0:00:03  0:00:01    90
Connecting at 2023-05-20T11:05:32.993592262Z
Received at 2023-05-20T11:05:33.926331782Z
  % Total    % Received % Xferd  Average Speed   Time    Time     Time  Current
                                 Dload  Upload   Total   Spent    Left  Speed
100   297  100   284  100    13     83      3  0:00:04  0:00:03  0:00:01    87
Connecting at 2023-05-20T11:05:36.453342795Z
Received at 2023-05-20T11:05:37.342978703Z
  % Total    % Received % Xferd  Average Speed   Time    Time     Time  Current
                                 Dload  Upload   Total   Spent    Left  Speed
100   297  100   284  100    13     84      3  0:00:04  0:00:03  0:00:01    88
Connecting at 2023-05-20T11:05:39.826614855Z
Received at 2023-05-20T11:05:40.732036918Z
  % Total    % Received % Xferd  Average Speed   Time    Time     Time  Current
                                 Dload  Upload   Total   Spent    Left  Speed
100   297  100   284  100    13     86      3  0:00:04  0:00:03  0:00:01    90
Connecting at 2023-05-20T11:05:43.165303645Z
Received at 2023-05-20T11:05:44.023950775Z
  % Total    % Received % Xferd  Average Speed   Time    Time     Time  Current
                                 Dload  Upload   Total   Spent    Left  Speed
100   297  100   284  100    13     85      3  0:00:04  0:00:03  0:00:01    89
Connecting at 2023-05-20T11:05:46.431650045Z
Received at 2023-05-20T11:05:47.361434325Z
  % Total    % Received % Xferd  Average Speed   Time    Time     Time  Current
                                 Dload  Upload   Total   Spent    Left  Speed
100   297  100   284  100    13     83      3  0:00:04  0:00:03  0:00:01    86
Connecting at 2023-05-20T11:05:49.894623149Z
Received at 2023-05-20T11:05:50.798966807Z
  % Total    % Received % Xferd  Average Speed   Time    Time     Time  Current
                                 Dload  Upload   Total   Spent    Left  Speed
100   297  100   284  100    13     86      3  0:00:04  0:00:03  0:00:01    90
Connecting at 2023-05-20T11:05:53.174072925Z
Received at 2023-05-20T11:05:54.109105816Z
  % Total    % Received % Xferd  Average Speed   Time    Time     Time  Current
                                 Dload  Upload   Total   Spent    Left  Speed
100   297  100   284  100    13     83      3  0:00:04  0:00:03  0:00:01    87
Connecting at 2023-05-20T11:05:56.656084208Z
Received at 2023-05-20T11:05:57.521981388Z
  % Total    % Received % Xferd  Average Speed   Time    Time     Time  Current
                                 Dload  Upload   Total   Spent    Left  Speed
100   297  100   284  100    13     86      3  0:00:04  0:00:03  0:00:01    90
Connecting at 2023-05-20T11:05:59.892899506Z
Received at 2023-05-20T11:06:00.832809219Z
  % Total    % Received % Xferd  Average Speed   Time    Time     Time  Current
                                 Dload  Upload   Total   Spent    Left  Speed
100   297  100   284  100    13     89      4  0:00:03  0:00:03 --:--:--    93
Connecting at 2023-05-20T11:06:03.167819972Z
Received at 2023-05-20T11:06:04.020631578Z
  % Total    % Received % Xferd  Average Speed   Time    Time     Time  Current
                                 Dload  Upload   Total   Spent    Left  Speed
100   297  100   284  100    13     85      3  0:00:04  0:00:03  0:00:01    89
Connecting at 2023-05-20T11:06:06.432388512Z
Received at 2023-05-20T11:06:07.355725613Z
  % Total    % Received % Xferd  Average Speed   Time    Time     Time  Current
                                 Dload  Upload   Total   Spent    Left  Speed
100   297  100   284  100    13     85      3  0:00:04  0:00:03  0:00:01    89
Connecting at 2023-05-20T11:06:09.804515158Z
Received at 2023-05-20T11:06:10.710235329Z
  % Total    % Received % Xferd  Average Speed   Time    Time     Time  Current
                                 Dload  Upload   Total   Spent    Left  Speed
100   297  100   284  100    13     84      3  0:00:04  0:00:03  0:00:01    87
Connecting at 2023-05-20T11:06:13.185456646Z
Received at 2023-05-20T11:06:14.103210210Z
  % Total    % Received % Xferd  Average Speed   Time    Time     Time  Current
                                 Dload  Upload   Total   Spent    Left  Speed
100   297  100   284  100    13     85      3  0:00:04  0:00:03  0:00:01    89
Connecting at 2023-05-20T11:06:16.559794799Z
Received at 2023-05-20T11:06:17.447782391Z
  % Total    % Received % Xferd  Average Speed   Time    Time     Time  Current
                                 Dload  Upload   Total   Spent    Left  Speed
100   297  100   284  100    13     83      3  0:00:04  0:00:03  0:00:01    87
Connecting at 2023-05-20T11:06:19.928513924Z
Received at 2023-05-20T11:06:20.850578091Z
  % Total    % Received % Xferd  Average Speed   Time    Time     Time  Current
                                 Dload  Upload   Total   Spent    Left  Speed
100   297  100   284  100    13     85      3  0:00:04  0:00:03  0:00:01    89
Connecting at 2023-05-20T11:06:23.233305004Z
Received at 2023-05-20T11:06:24.171913273Z
  % Total    % Received % Xferd  Average Speed   Time    Time     Time  Current
                                 Dload  Upload   Total   Spent    Left  Speed
100   297  100   284  100    13     86      3  0:00:04  0:00:03  0:00:01    90
Connecting at 2023-05-20T11:06:26.559946645Z
Received at 2023-05-20T11:06:27.459996845Z
  % Total    % Received % Xferd  Average Speed   Time    Time     Time  Current
                                 Dload  Upload   Total   Spent    Left  Speed
100   297  100   284  100    13     84      3  0:00:04  0:00:03  0:00:01    88
Connecting at 2023-05-20T11:06:29.869087083Z
Received at 2023-05-20T11:06:30.826549511Z
  % Total    % Received % Xferd  Average Speed   Time    Time     Time  Current
                                 Dload  Upload   Total   Spent    Left  Speed
100   297  100   284  100    13     87      4  0:00:03  0:00:03 --:--:--    91
Connecting at 2023-05-20T11:06:33.185501262Z
Received at 2023-05-20T11:06:34.086875601Z
  % Total    % Received % Xferd  Average Speed   Time    Time     Time  Current
                                 Dload  Upload   Total   Spent    Left  Speed
100   297  100   284  100    13     86      3  0:00:04  0:00:03  0:00:01    90
Connecting at 2023-05-20T11:06:36.468455274Z
Received at 2023-05-20T11:06:37.373742862Z
  % Total    % Received % Xferd  Average Speed   Time    Time     Time  Current
                                 Dload  Upload   Total   Spent    Left  Speed
100   297  100   284  100    13     85      3  0:00:04  0:00:03  0:00:01    89
Connecting at 2023-05-20T11:06:39.814410402Z
Received at 2023-05-20T11:06:40.716542002Z
  % Total    % Received % Xferd  Average Speed   Time    Time     Time  Current
                                 Dload  Upload   Total   Spent    Left  Speed
100   297  100   284  100    13     86      3  0:00:04  0:00:03  0:00:01    90
Connecting at 2023-05-20T11:06:43.112148118Z
Received at 2023-05-20T11:06:44.019228645Z
  % Total    % Received % Xferd  Average Speed   Time    Time     Time  Current
                                 Dload  Upload   Total   Spent    Left  Speed
100   297  100   284  100    13     84      3  0:00:04  0:00:03  0:00:01    88
Connecting at 2023-05-20T11:06:46.438402583Z
Received at 2023-05-20T11:06:47.397786156Z
  % Total    % Received % Xferd  Average Speed   Time    Time     Time  Current
                                 Dload  Upload   Total   Spent    Left  Speed
100   297  100   284  100    13     84      3  0:00:04  0:00:03  0:00:01    88
Connecting at 2023-05-20T11:06:49.805465276Z
Received at 2023-05-20T11:06:50.759889860Z
  % Total    % Received % Xferd  Average Speed   Time    Time     Time  Current
                                 Dload  Upload   Total   Spent    Left  Speed
100   297  100   284  100    13     87      4  0:00:03  0:00:03 --:--:--    91
Connecting at 2023-05-20T11:06:53.101104080Z
Received at 2023-05-20T11:06:54.018921205Z
  % Total    % Received % Xferd  Average Speed   Time    Time     Time  Current
                                 Dload  Upload   Total   Spent    Left  Speed
100   297  100   284  100    13     87      4  0:00:03  0:00:03 --:--:--    91
Connecting at 2023-05-20T11:06:56.389341868Z
Received at 2023-05-20T11:06:57.283377401Z
  % Total    % Received % Xferd  Average Speed   Time    Time     Time  Current
                                 Dload  Upload   Total   Spent    Left  Speed
100   297  100   284  100    13     87      4  0:00:03  0:00:03 --:--:--    91
Connecting at 2023-05-20T11:06:59.589714235Z
Received at 2023-05-20T11:07:00.543731037Z
  % Total    % Received % Xferd  Average Speed   Time    Time     Time  Current
                                 Dload  Upload   Total   Spent    Left  Speed
100   297  100   284  100    13     85      3  0:00:04  0:00:03  0:00:01    89
Connecting at 2023-05-20T11:07:03.001214393Z
Received at 2023-05-20T11:07:03.873423126Z
