 % Total    % Received % Xferd  Average Speed   Time    Time     Time  Current
                                 Dload  Upload   Total   Spent    Left  Speed
100   293  100   282  100    11   6429    250 --:--:-- --:--:-- --:--:--  6813
Connecting at 2023-05-20T10:55:40.240939339Z
Received at 2023-05-20T10:55:40.256126748Z
  % Total    % Received % Xferd  Average Speed   Time    Time     Time  Current
                                 Dload  Upload   Total   Spent    Left  Speed
100   293  100   282  100    11   7204    281 --:--:-- --:--:-- --:--:--  7512
Connecting at 2023-05-20T10:55:40.290133074Z
Received at 2023-05-20T10:55:40.304792494Z
  % Total    % Received % Xferd  Average Speed   Time    Time     Time  Current
                                 Dload  Upload   Total   Spent    Left  Speed
100   293  100   282  100    11   7161    279 --:--:-- --:--:-- --:--:--  7512
Connecting at 2023-05-20T10:55:40.339170581Z
Received at 2023-05-20T10:55:40.354096129Z
  % Total    % Received % Xferd  Average Speed   Time    Time     Time  Current
                                 Dload  Upload   Total   Spent    Left  Speed
100   293  100   282  100    11   6722    262 --:--:-- --:--:-- --:--:--  7146
Connecting at 2023-05-20T10:55:40.390118768Z
Received at 2023-05-20T10:55:40.405630003Z
  % Total    % Received % Xferd  Average Speed   Time    Time     Time  Current
                                 Dload  Upload   Total   Spent    Left  Speed
100   293  100   282  100    11   7267    283 --:--:-- --:--:-- --:--:--  7710
Connecting at 2023-05-20T10:55:40.439372729Z
Received at 2023-05-20T10:55:40.453725477Z
  % Total    % Received % Xferd  Average Speed   Time    Time     Time  Current
                                 Dload  Upload   Total   Spent    Left  Speed
100   293  100   282  100    11   6657    259 --:--:-- --:--:-- --:--:--  6976
Connecting at 2023-05-20T10:55:40.490323971Z
Received at 2023-05-20T10:55:40.505967038Z
  % Total    % Received % Xferd  Average Speed   Time    Time     Time  Current
                                 Dload  Upload   Total   Spent    Left  Speed
100   293  100   282  100    11   6887    268 --:--:-- --:--:-- --:--:--  7325
Connecting at 2023-05-20T10:55:40.541167880Z
Received at 2023-05-20T10:55:40.556293051Z
  % Total    % Received % Xferd  Average Speed   Time    Time     Time  Current
                                 Dload  Upload   Total   Spent    Left  Speed
100   293  100   282  100    11   6659    259 --:--:-- --:--:-- --:--:--  6976
Connecting at 2023-05-20T10:55:40.592670693Z
Received at 2023-05-20T10:55:40.607888165Z
  % Total    % Received % Xferd  Average Speed   Time    Time     Time  Current
                                 Dload  Upload   Total   Spent    Left  Speed
100   293  100   282  100    11   7020    273 --:--:-- --:--:-- --:--:--  7325
Connecting at 2023-05-20T10:55:40.641576214Z
Received at 2023-05-20T10:55:40.657430503Z
  % Total    % Received % Xferd  Average Speed   Time    Time     Time  Current
                                 Dload  Upload   Total   Spent    Left  Speed
100   293  100   282  100    11   6765    263 --:--:-- --:--:-- --:--:--  7146
Connecting at 2023-05-20T10:55:40.692487472Z
Received at 2023-05-20T10:55:40.708205924Z
  % Total    % Received % Xferd  Average Speed   Time    Time     Time  Current
                                 Dload  Upload   Total   Spent    Left  Speed
100   293  100   282  100    11   6472    252 --:--:-- --:--:-- --:--:--  6813
Connecting at 2023-05-20T10:55:40.746004541Z
Received at 2023-05-20T10:55:40.761490438Z
  % Total    % Received % Xferd  Average Speed   Time    Time     Time  Current
                                 Dload  Upload   Total   Spent    Left  Speed
100   293  100   282  100    11   7032    274 --:--:-- --:--:-- --:--:--  7325
Connecting at 2023-05-20T10:55:40.796693695Z
Received at 2023-05-20T10:55:40.811126401Z
  % Total    % Received % Xferd  Average Speed   Time    Time     Time  Current
                                 Dload  Upload   Total   Spent    Left  Speed
100   293  100   282  100    11   7055    275 --:--:-- --:--:-- --:--:--  7512
Connecting at 2023-05-20T10:55:40.845392785Z
Received at 2023-05-20T10:55:40.860706420Z
  % Total    % Received % Xferd  Average Speed   Time    Time     Time  Current
                                 Dload  Upload   Total   Spent    Left  Speed
100   293  100   282  100    11   7092    276 --:--:-- --:--:-- --:--:--  7512
Connecting at 2023-05-20T10:55:40.894845945Z
Received at 2023-05-20T10:55:40.909917452Z
  % Total    % Received % Xferd  Average Speed   Time    Time     Time  Current
                                 Dload  Upload   Total   Spent    Left  Speed
100   293  100   282  100    11   7195    280 --:--:-- --:--:-- --:--:--  7325
Connecting at 2023-05-20T10:55:40.943828824Z
Received at 2023-05-20T10:55:40.958430651Z
  % Total    % Received % Xferd  Average Speed   Time    Time     Time  Current
                                 Dload  Upload   Total   Spent    Left  Speed
100   293  100   282  100    11   6743    263 --:--:-- --:--:-- --:--:--  7146
Connecting at 2023-05-20T10:55:40.995333634Z
Received at 2023-05-20T10:55:41.009880817Z
  % Total    % Received % Xferd  Average Speed   Time    Time     Time  Current
                                 Dload  Upload   Total   Spent    Left  Speed
100   293  100   282  100    11   7103    277 --:--:-- --:--:-- --:--:--  7512
Connecting at 2023-05-20T10:55:41.043654373Z
Received at 2023-05-20T10:55:41.059125790Z
  % Total    % Received % Xferd  Average Speed   Time    Time     Time  Current
                                 Dload  Upload   Total   Spent    Left  Speed
100   293  100   282  100    11   6986    272 --:--:-- --:--:-- --:--:--  7325
Connecting at 2023-05-20T10:55:41.093689271Z
Received at 2023-05-20T10:55:41.108593304Z
  % Total    % Received % Xferd  Average Speed   Time    Time     Time  Current
                                 Dload  Upload   Total   Spent    Left  Speed
100   293  100   282  100    11   7175    279 --:--:-- --:--:-- --:--:--  7512
Connecting at 2023-05-20T10:55:41.142774769Z
Received at 2023-05-20T10:55:41.157589307Z
  % Total    % Received % Xferd  Average Speed   Time    Time     Time  Current
                                 Dload  Upload   Total   Spent    Left  Speed
100   293  100   282  100    11   7161    279 --:--:-- --:--:-- --:--:--  7512
Connecting at 2023-05-20T10:55:41.191490562Z
Received at 2023-05-20T10:55:41.206474682Z
  % Total    % Received % Xferd  Average Speed   Time    Time     Time  Current
                                 Dload  Upload   Total   Spent    Left  Speed
100   293  100   282  100    11   7127    278 --:--:-- --:--:-- --:--:--  7512
Connecting at 2023-05-20T10:55:41.240575385Z
Received at 2023-05-20T10:55:41.255538381Z
  % Total    % Received % Xferd  Average Speed   Time    Time     Time  Current
                                 Dload  Upload   Total   Spent    Left  Speed
100   293  100   282  100    11   6751    263 --:--:-- --:--:-- --:--:--  7146
Connecting at 2023-05-20T10:55:41.291337155Z
Received at 2023-05-20T10:55:41.306570203Z
  % Total    % Received % Xferd  Average Speed   Time    Time     Time  Current
                                 Dload  Upload   Total   Spent    Left  Speed
100   293  100   282  100    11   6507    253 --:--:-- --:--:-- --:--:--  6813
Connecting at 2023-05-20T10:55:41.344514194Z
Received at 2023-05-20T10:55:41.359232189Z
  % Total    % Received % Xferd  Average Speed   Time    Time     Time  Current
                                 Dload  Upload   Total   Spent    Left  Speed
100   293  100   282  100    11   6616    258 --:--:-- --:--:-- --:--:--  6976
Connecting at 2023-05-20T10:55:41.396968093Z
Received at 2023-05-20T10:55:41.411855777Z
  % Total    % Received % Xferd  Average Speed   Time    Time     Time  Current
                                 Dload  Upload   Total   Spent    Left  Speed
100   293  100   282  100    11   6871    268 --:--:-- --:--:-- --:--:--  7146
Connecting at 2023-05-20T10:55:41.446730784Z
Received at 2023-05-20T10:55:41.461904962Z
  % Total    % Received % Xferd  Average Speed   Time    Time     Time  Current
                                 Dload  Upload   Total   Spent    Left  Speed
100   293  100   282  100    11   6616    258 --:--:-- --:--:-- --:--:--  6976
Connecting at 2023-05-20T10:55:41.498534492Z
Received at 2023-05-20T10:55:41.514297579Z
  % Total    % Received % Xferd  Average Speed   Time    Time     Time  Current
                                 Dload  Upload   Total   Spent    Left  Speed
100   293  100   282  100    11   7163    279 --:--:-- --:--:-- --:--:--  7512
Connecting at 2023-05-20T10:55:41.548318751Z
Received at 2023-05-20T10:55:41.563215275Z
  % Total    % Received % Xferd  Average Speed   Time    Time     Time  Current
                                 Dload  Upload   Total   Spent    Left  Speed
100   293  100   282  100    11   7020    273 --:--:-- --:--:-- --:--:--  7325
Connecting at 2023-05-20T10:55:41.597690462Z
Received at 2023-05-20T10:55:41.613256061Z
  % Total    % Received % Xferd  Average Speed   Time    Time     Time  Current
                                 Dload  Upload   Total   Spent    Left  Speed
100   293  100   282  100    11   7002    273 --:--:-- --:--:-- --:--:--  7325
Connecting at 2023-05-20T10:55:41.647991149Z
Received at 2023-05-20T10:55:41.662442787Z
  % Total    % Received % Xferd  Average Speed   Time    Time     Time  Current
                                 Dload  Upload   Total   Spent    Left  Speed
100   293  100   282  100    11   6741    262 --:--:-- --:--:-- --:--:--  7146
Connecting at 2023-05-20T10:55:41.698004490Z
Received at 2023-05-20T10:55:41.714080469Z
  % Total    % Received % Xferd  Average Speed   Time    Time     Time  Current
                                 Dload  Upload   Total   Spent    Left  Speed
100   293  100   282  100    11   7122    277 --:--:-- --:--:-- --:--:--  7512
Connecting at 2023-05-20T10:55:41.748212597Z
Received at 2023-05-20T10:55:41.762943711Z
  % Total    % Received % Xferd  Average Speed   Time    Time     Time  Current
                                 Dload  Upload   Total   Spent    Left  Speed
100   293  100   282  100    11   7156    279 --:--:-- --:--:-- --:--:--  7512
Connecting at 2023-05-20T10:55:41.796718056Z
Received at 2023-05-20T10:55:41.811911698Z
  % Total    % Received % Xferd  Average Speed   Time    Time     Time  Current
                                 Dload  Upload   Total   Spent    Left  Speed
100   293  100   282  100    11   6646    259 --:--:-- --:--:-- --:--:--  6976
Connecting at 2023-05-20T10:55:41.848479374Z
Received at 2023-05-20T10:55:41.863793187Z
  % Total    % Received % Xferd  Average Speed   Time    Time     Time  Current
                                 Dload  Upload   Total   Spent    Left  Speed
100   293  100   282  100    11   7149    278 --:--:-- --:--:-- --:--:--  7512
Connecting at 2023-05-20T10:55:41.897576747Z
Received at 2023-05-20T10:55:41.912619336Z
  % Total    % Received % Xferd  Average Speed   Time    Time     Time  Current
                                 Dload  Upload   Total   Spent    Left  Speed
100   293  100   282  100    11   6662    259 --:--:-- --:--:-- --:--:--  6813
Connecting at 2023-05-20T10:55:41.949323064Z
Received at 2023-05-20T10:55:41.964500124Z
  % Total    % Received % Xferd  Average Speed   Time    Time     Time  Current
                                 Dload  Upload   Total   Spent    Left  Speed
100   293  100   282  100    11   7205    281 --:--:-- --:--:-- --:--:--  7512
Connecting at 2023-05-20T10:55:41.998172517Z
Received at 2023-05-20T10:55:42.013031745Z
  % Total    % Received % Xferd  Average Speed   Time    Time     Time  Current
                                 Dload  Upload   Total   Spent    Left  Speed
100   293  100   282  100    11   6953    271 --:--:-- --:--:-- --:--:--  7325
Connecting at 2023-05-20T10:55:42.047377143Z
Received at 2023-05-20T10:55:42.063294986Z
  % Total    % Received % Xferd  Average Speed   Time    Time     Time  Current
                                 Dload  Upload   Total   Spent    Left  Speed
100   293  100   282  100    11   7093    276 --:--:-- --:--:-- --:--:--  7512
Connecting at 2023-05-20T10:55:42.097119788Z
Received at 2023-05-20T10:55:42.112019844Z
  % Total    % Received % Xferd  Average Speed   Time    Time     Time  Current
                                 Dload  Upload   Total   Spent    Left  Speed
100   293  100   282  100    11   7170    279 --:--:-- --:--:-- --:--:--  7512
Connecting at 2023-05-20T10:55:42.145857092Z
Received at 2023-05-20T10:55:42.160971079Z
  % Total    % Received % Xferd  Average Speed   Time    Time     Time  Current
                                 Dload  Upload   Total   Spent    Left  Speed
100   293  100   282  100    11   7206    281 --:--:-- --:--:-- --:--:--  7512
Connecting at 2023-05-20T10:55:42.194780475Z
Received at 2023-05-20T10:55:42.209137018Z
  % Total    % Received % Xferd  Average Speed   Time    Time     Time  Current
                                 Dload  Upload   Total   Spent    Left  Speed
100   293  100   282  100    11   7033    274 --:--:-- --:--:-- --:--:--  7325
Connecting at 2023-05-20T10:55:42.243240654Z
Received at 2023-05-20T10:55:42.259079906Z
  % Total    % Received % Xferd  Average Speed   Time    Time     Time  Current
                                 Dload  Upload   Total   Spent    Left  Speed
100   293  100   282  100    11   6970    271 --:--:-- --:--:-- --:--:--  7325
Connecting at 2023-05-20T10:55:42.292579711Z
Received at 2023-05-20T10:55:42.308667635Z
  % Total    % Received % Xferd  Average Speed   Time    Time     Time  Current
                                 Dload  Upload   Total   Spent    Left  Speed
100   293  100   282  100    11   7192    280 --:--:-- --:--:-- --:--:--  7512
Connecting at 2023-05-20T10:55:42.342706334Z
Received at 2023-05-20T10:55:42.357404303Z
  % Total    % Received % Xferd  Average Speed   Time    Time     Time  Current
                                 Dload  Upload   Total   Spent    Left  Speed
100   293  100   282  100    11   7060    275 --:--:-- --:--:-- --:--:--  7512
Connecting at 2023-05-20T10:55:42.392010276Z
Received at 2023-05-20T10:55:42.407015745Z
  % Total    % Received % Xferd  Average Speed   Time    Time     Time  Current
                                 Dload  Upload   Total   Spent    Left  Speed
100   293  100   282  100    11   7229    281 --:--:-- --:--:-- --:--:--  7710
Connecting at 2023-05-20T10:55:42.440607392Z
Received at 2023-05-20T10:55:42.455110262Z
  % Total    % Received % Xferd  Average Speed   Time    Time     Time  Current
                                 Dload  Upload   Total   Spent    Left  Speed
100   293  100   282  100    11   6667    260 --:--:-- --:--:-- --:--:--  6976
Connecting at 2023-05-20T10:55:42.491548973Z
Received at 2023-05-20T10:55:42.507086110Z
  % Total    % Received % Xferd  Average Speed   Time    Time     Time  Current
                                 Dload  Upload   Total   Spent    Left  Speed
100   293  100   282  100    11   6560    255 --:--:-- --:--:-- --:--:--  6976
Connecting at 2023-05-20T10:55:42.544019072Z
Received at 2023-05-20T10:55:42.559423832Z
  % Total    % Received % Xferd  Average Speed   Time    Time     Time  Current
                                 Dload  Upload   Total   Spent    Left  Speed
100   293  100   282  100    11   7267    283 --:--:-- --:--:-- --:--:--  7710
Connecting at 2023-05-20T10:55:42.593048679Z
Received at 2023-05-20T10:55:42.607819659Z
  % Total    % Received % Xferd  Average Speed   Time    Time     Time  Current
                                 Dload  Upload   Total   Spent    Left  Speed
100   293  100   282  100    11   7157    279 --:--:-- --:--:-- --:--:--  7512
Connecting at 2023-05-20T10:55:42.641553352Z
Received at 2023-05-20T10:55:42.656492461Z
  % Total    % Received % Xferd  Average Speed   Time    Time     Time  Current
                                 Dload  Upload   Total   Spent    Left  Speed
100   293  100   282  100    11   7207    281 --:--:-- --:--:-- --:--:--  7512
Connecting at 2023-05-20T10:55:42.690239995Z
Received at 2023-05-20T10:55:42.705105335Z
