Connecting at 2023-05-20T11:00:08.794854449Z
Received at 2023-05-20T11:00:08.868139850Z
  % Total    % Received % Xferd  Average Speed   Time    Time     Time  Current
                                 Dload  Upload   Total   Spent    Left  Speed
100   295  100   283  100    12   1348     57 --:--:-- --:--:-- --:--:--  1404
Connecting at 2023-05-20T11:00:09.009219876Z
Received at 2023-05-20T11:00:09.087582256Z
  % Total    % Received % Xferd  Average Speed   Time    Time     Time  Current
                                 Dload  Upload   Total   Spent    Left  Speed
100   295  100   283  100    12   1379     58 --:--:-- --:--:-- --:--:--  1439
Connecting at 2023-05-20T11:00:09.237303826Z
Received at 2023-05-20T11:00:09.302082822Z
  % Total    % Received % Xferd  Average Speed   Time    Time     Time  Current
                                 Dload  Upload   Total   Spent    Left  Speed
100   295  100   283  100    12   1442     61 --:--:-- --:--:-- --:--:--  1505
Connecting at 2023-05-20T11:00:09.435951274Z
Received at 2023-05-20T11:00:09.508025478Z
  % Total    % Received % Xferd  Average Speed   Time    Time     Time  Current
                                 Dload  Upload   Total   Spent    Left  Speed
100   295  100   283  100    12   1309     55 --:--:-- --:--:-- --:--:--  1365
Connecting at 2023-05-20T11:00:09.667485312Z
Received at 2023-05-20T11:00:09.733809719Z
  % Total    % Received % Xferd  Average Speed   Time    Time     Time  Current
                                 Dload  Upload   Total   Spent    Left  Speed
100   295  100   283  100    12   1412     59 --:--:-- --:--:-- --:--:--  1475
Connecting at 2023-05-20T11:00:09.875993131Z
Received at 2023-05-20T11:00:09.943699357Z
  % Total    % Received % Xferd  Average Speed   Time    Time     Time  Current
                                 Dload  Upload   Total   Spent    Left  Speed
100   295  100   283  100    12   1523     64 --:--:-- --:--:-- --:--:--  1594
Connecting at 2023-05-20T11:00:10.075013113Z
Received at 2023-05-20T11:00:10.139310337Z
  % Total    % Received % Xferd  Average Speed   Time    Time     Time  Current
                                 Dload  Upload   Total   Spent    Left  Speed
100   295  100   283  100    12   1380     58 --:--:-- --:--:-- --:--:--  1439
Connecting at 2023-05-20T11:00:10.283161110Z
Received at 2023-05-20T11:00:10.353781033Z
  % Total    % Received % Xferd  Average Speed   Time    Time     Time  Current
                                 Dload  Upload   Total   Spent    Left  Speed
100   295  100   283  100    12   1467     62 --:--:-- --:--:-- --:--:--  1536
Connecting at 2023-05-20T11:00:10.493527716Z
Received at 2023-05-20T11:00:10.556633224Z
  % Total    % Received % Xferd  Average Speed   Time    Time     Time  Current
                                 Dload  Upload   Total   Spent    Left  Speed
100   295  100   283  100    12   1433     60 --:--:-- --:--:-- --:--:--  1497
Connecting at 2023-05-20T11:00:10.703219247Z
Received at 2023-05-20T11:00:10.763822321Z
  % Total    % Received % Xferd  Average Speed   Time    Time     Time  Current
                                 Dload  Upload   Total   Spent    Left  Speed
100   295  100   283  100    12   1390     58 --:--:-- --:--:-- --:--:--  1446
Connecting at 2023-05-20T11:00:10.912892943Z
Received at 2023-05-20T11:00:10.976568881Z
  % Total    % Received % Xferd  Average Speed   Time    Time     Time  Current
                                 Dload  Upload   Total   Spent    Left  Speed
100   295  100   283  100    12   1439     61 --:--:-- --:--:-- --:--:--  1505
Connecting at 2023-05-20T11:00:11.117823810Z
Received at 2023-05-20T11:00:11.182740831Z
  % Total    % Received % Xferd  Average Speed   Time    Time     Time  Current
                                 Dload  Upload   Total   Spent    Left  Speed
100   295  100   283  100    12   1344     56 --:--:-- --:--:-- --:--:--  1404
Connecting at 2023-05-20T11:00:11.341518911Z
Received at 2023-05-20T11:00:11.402781425Z
  % Total    % Received % Xferd  Average Speed   Time    Time     Time  Current
                                 Dload  Upload   Total   Spent    Left  Speed
100   295  100   283  100    12   1473     62 --:--:-- --:--:-- --:--:--  1536
Connecting at 2023-05-20T11:00:11.537211649Z
Received at 2023-05-20T11:00:11.604272152Z
  % Total    % Received % Xferd  Average Speed   Time    Time     Time  Current
                                 Dload  Upload   Total   Spent    Left  Speed
100   295  100   283  100    12   1392     59 --:--:-- --:--:-- --:--:--  1453
Connecting at 2023-05-20T11:00:11.750228071Z
Received at 2023-05-20T11:00:11.817294767Z
  % Total    % Received % Xferd  Average Speed   Time    Time     Time  Current
                                 Dload  Upload   Total   Spent    Left  Speed
100   295  100   283  100    12   1396     59 --:--:-- --:--:-- --:--:--  1453
Connecting at 2023-05-20T11:00:11.960410550Z
Received at 2023-05-20T11:00:12.029660444Z
  % Total    % Received % Xferd  Average Speed   Time    Time     Time  Current
                                 Dload  Upload   Total   Spent    Left  Speed
100   295  100   283  100    12   1463     62 --:--:-- --:--:-- --:--:--  1528
Connecting at 2023-05-20T11:00:12.167731259Z
Received at 2023-05-20T11:00:12.232704349Z
  % Total    % Received % Xferd  Average Speed   Time    Time     Time  Current
                                 Dload  Upload   Total   Spent    Left  Speed
100   295  100   283  100    12   1409     59 --:--:-- --:--:-- --:--:--  1475
Connecting at 2023-05-20T11:00:12.372655267Z
Received at 2023-05-20T11:00:12.443129446Z
  % Total    % Received % Xferd  Average Speed   Time    Time     Time  Current
                                 Dload  Upload   Total   Spent    Left  Speed
100   295  100   283  100    12   1466     62 --:--:-- --:--:-- --:--:--  1536
Connecting at 2023-05-20T11:00:12.583991242Z
Received at 2023-05-20T11:00:12.645052672Z
  % Total    % Received % Xferd  Average Speed   Time    Time     Time  Current
                                 Dload  Upload   Total   Spent    Left  Speed
100   295  100   283  100    12   1458     61 --:--:-- --:--:-- --:--:--  1520
Connecting at 2023-05-20T11:00:12.783480467Z
Received at 2023-05-20T11:00:12.848559070Z
  % Total    % Received % Xferd  Average Speed   Time    Time     Time  Current
                                 Dload  Upload   Total   Spent    Left  Speed
100   295  100   283  100    12   1409     59 --:--:-- --:--:-- --:--:--  1467
Connecting at 2023-05-20T11:00:12.996430361Z
Received at 2023-05-20T11:00:13.058953106Z
  % Total    % Received % Xferd  Average Speed   Time    Time     Time  Current
                                 Dload  Upload   Total   Spent    Left  Speed
100   295  100   283  100    12   1326     56 --:--:-- --:--:-- --:--:--  1384
Connecting at 2023-05-20T11:00:13.215574161Z
Received at 2023-05-20T11:00:13.282266969Z
  % Total    % Received % Xferd  Average Speed   Time    Time     Time  Current
                                 Dload  Upload   Total   Spent    Left  Speed
100   295  100   283  100    12   1493     63 --:--:-- --:--:-- --:--:--  1560
Connecting at 2023-05-20T11:00:13.419210874Z
Received at 2023-05-20T11:00:13.481263826Z
  % Total    % Received % Xferd  Average Speed   Time    Time     Time  Current
                                 Dload  Upload   Total   Spent    Left  Speed
100   295  100   283  100    12   1452     61 --:--:-- --:--:-- --:--:--  1520
Connecting at 2023-05-20T11:00:13.614327776Z
Received at 2023-05-20T11:00:13.685239801Z
  % Total    % Received % Xferd  Average Speed   Time    Time     Time  Current
                                 Dload  Upload   Total   Spent    Left  Speed
100   295  100   283  100    12   1505     63 --:--:-- --:--:-- --:--:--  1577
Connecting at 2023-05-20T11:00:13.819501661Z
Received at 2023-05-20T11:00:13.883101330Z
  % Total    % Received % Xferd  Average Speed   Time    Time     Time  Current
                                 Dload  Upload   Total   Spent    Left  Speed
100   295  100   283  100    12   1422     60 --:--:-- --:--:-- --:--:--  1482
Connecting at 2023-05-20T11:00:14.027518599Z
Received at 2023-05-20T11:00:14.091346776Z
  % Total    % Received % Xferd  Average Speed   Time    Time     Time  Current
                                 Dload  Upload   Total   Spent    Left  Speed
100   295  100   283  100    12   1445     61 --:--:-- --:--:-- --:--:--  1512
Connecting at 2023-05-20T11:00:14.230796238Z
Received at 2023-05-20T11:00:14.296960879Z
  % Total    % Received % Xferd  Average Speed   Time    Time     Time  Current
                                 Dload  Upload   Total   Spent    Left  Speed
100   295  100   283  100    12   1370     58 --:--:-- --:--:-- --:--:--  1432
Connecting at 2023-05-20T11:00:14.444265886Z
Received at 2023-05-20T11:00:14.512981928Z
  % Total    % Received % Xferd  Average Speed   Time    Time     Time  Current
                                 Dload  Upload   Total   Spent    Left  Speed
100   295  100   283  100    12   1500     63 --:--:-- --:--:-- --:--:--  1569
Connecting at 2023-05-20T11:00:14.646236410Z
Received at 2023-05-20T11:00:14.711091277Z
  % Total    % Received % Xferd  Average Speed   Time    Time     Time  Current
                                 Dload  Upload   Total   Spent    Left  Speed
100   295  100   283  100    12   1514     64 --:--:-- --:--:-- --:--:--  1586
Connecting at 2023-05-20T11:00:14.843950366Z
Received at 2023-05-20T11:00:14.907438928Z
  % Total    % Received % Xferd  Average Speed   Time    Time     Time  Current
                                 Dload  Upload   Total   Spent    Left  Speed
100   295  100   283  100    12   1494     63 --:--:-- --:--:-- --:--:--  1552
Connecting at 2023-05-20T11:00:15.042434211Z
Received at 2023-05-20T11:00:15.106180921Z
  % Total    % Received % Xferd  Average Speed   Time    Time     Time  Current
                                 Dload  Upload   Total   Spent    Left  Speed
100   295  100   283  100    12   1399     59 --:--:-- --:--:-- --:--:--  1460
Connecting at 2023-05-20T11:00:15.254342208Z
Received at 2023-05-20T11:00:15.317950468Z
  % Total    % Received % Xferd  Average Speed   Time    Time     Time  Current
                                 Dload  Upload   Total   Spent    Left  Speed
100   295  100   283  100    12   1454     61 --:--:-- --:--:-- --:--:--  1520
Connecting at 2023-05-20T11:00:15.458508900Z
Received at 2023-05-20T11:00:15.522319094Z
  % Total    % Received % Xferd  Average Speed   Time    Time     Time  Current
                                 Dload  Upload   Total   Spent    Left  Speed
100   295  100   283  100    12   1352     57 --:--:-- --:--:-- --:--:--  1411
Connecting at 2023-05-20T11:00:15.669784076Z
Received at 2023-05-20T11:00:15.741209087Z
  % Total    % Received % Xferd  Average Speed   Time    Time     Time  Current
                                 Dload  Upload   Total   Spent    Left  Speed
100   295  100   283  100    12   1483     62 --:--:-- --:--:-- --:--:--  1552
Connecting at 2023-05-20T11:00:15.878703656Z
Received at 2023-05-20T11:00:15.941557208Z
  % Total    % Received % Xferd  Average Speed   Time    Time     Time  Current
                                 Dload  Upload   Total   Spent    Left  Speed
100   295  100   283  100    12   1502     63 --:--:-- --:--:-- --:--:--  1560
Connecting at 2023-05-20T11:00:16.076079509Z
Received at 2023-05-20T11:00:16.139359900Z
  % Total    % Received % Xferd  Average Speed   Time    Time     Time  Current
                                 Dload  Upload   Total   Spent    Left  Speed
100   295  100   283  100    12   1370     58 --:--:-- --:--:-- --:--:--  1432
Connecting at 2023-05-20T11:00:16.292976073Z
Received at 2023-05-20T11:00:16.355608248Z
  % Total    % Received % Xferd  Average Speed   Time    Time     Time  Current
                                 Dload  Upload   Total   Spent    Left  Speed
100   295  100   283  100    12   1485     63 --:--:-- --:--:-- --:--:--  1552
Connecting at 2023-05-20T11:00:16.489448184Z
Received at 2023-05-20T11:00:16.555228959Z
  % Total    % Received % Xferd  Average Speed   Time    Time     Time  Current
                                 Dload  Upload   Total   Spent    Left  Speed
100   295  100   283  100    12   1351     57 --:--:-- --:--:-- --:--:--  1411
Connecting at 2023-05-20T11:00:16.707411031Z
Received at 2023-05-20T11:00:16.774331202Z
  % Total    % Received % Xferd  Average Speed   Time    Time     Time  Current
                                 Dload  Upload   Total   Spent    Left  Speed
100   295  100   283  100    12   1461     61 --:--:-- --:--:-- --:--:--  1520
Connecting at 2023-05-20T11:00:16.905787333Z
Received at 2023-05-20T11:00:16.977467659Z
  % Total    % Received % Xferd  Average Speed   Time    Time     Time  Current
                                 Dload  Upload   Total   Spent    Left  Speed
100   295  100   283  100    12   1395     59 --:--:-- --:--:-- --:--:--  1460
Connecting at 2023-05-20T11:00:17.127394379Z
Received at 2023-05-20T11:00:17.189694596Z
  % Total    % Received % Xferd  Average Speed   Time    Time     Time  Current
                                 Dload  Upload   Total   Spent    Left  Speed
100   295  100   283  100    12   1408     59 --:--:-- --:--:-- --:--:--  1475
Connecting at 2023-05-20T11:00:17.334894531Z
Received at 2023-05-20T11:00:17.400393465Z
  % Total    % Received % Xferd  Average Speed   Time    Time     Time  Current
                                 Dload  Upload   Total   Spent    Left  Speed
100   295  100   283  100    12   1485     63 --:--:-- --:--:-- --:--:--  1552
Connecting at 2023-05-20T11:00:17.536651111Z
Received at 2023-05-20T11:00:17.600128648Z
  % Total    % Received % Xferd  Average Speed   Time    Time     Time  Current
                                 Dload  Upload   Total   Spent    Left  Speed
100   295  100   283  100    12   1393     59 --:--:-- --:--:-- --:--:--  1453
Connecting at 2023-05-20T11:00:17.746303733Z
Received at 2023-05-20T11:00:17.812760960Z
  % Total    % Received % Xferd  Average Speed   Time    Time     Time  Current
                                 Dload  Upload   Total   Spent    Left  Speed
100   295  100   283  100    12   1491     63 --:--:-- --:--:-- --:--:--  1552
Connecting at 2023-05-20T11:00:17.945600249Z
Received at 2023-05-20T11:00:18.012087379Z
  % Total    % Received % Xferd  Average Speed   Time    Time     Time  Current
                                 Dload  Upload   Total   Spent    Left  Speed
100   295  100   283  100    12   1439     61 --:--:-- --:--:-- --:--:--  1505
Connecting at 2023-05-20T11:00:18.147448935Z
Received at 2023-05-20T11:00:18.218017731Z
  % Total    % Received % Xferd  Average Speed   Time    Time     Time  Current
                                 Dload  Upload   Total   Spent    Left  Speed
100   295  100   283  100    12   1400     59 --:--:-- --:--:-- --:--:--  1460
Connecting at 2023-05-20T11:00:18.364676374Z
Received at 2023-05-20T11:00:18.429679155Z
  % Total    % Received % Xferd  Average Speed   Time    Time     Time  Current
                                 Dload  Upload   Total   Spent    Left  Speed
100   295  100   283  100    12   1492     63 --:--:-- --:--:-- --:--:--  1560
Connecting at 2023-05-20T11:00:18.565507882Z
Received at 2023-05-20T11:00:18.628475911Z
  % Total    % Received % Xferd  Average Speed   Time    Time     Time  Current
                                 Dload  Upload   Total   Spent    Left  Speed
100   295  100   283  100    12   1326     56 --:--:-- --:--:-- --:--:--  1384
Connecting at 2023-05-20T11:00:18.786669183Z
Received at 2023-05-20T11:00:18.851353689Z
  % Total    % Received % Xferd  Average Speed   Time    Time     Time  Current
                                 Dload  Upload   Total   Spent    Left  Speed
100   295  100   283  100    12   1174     49 --:--:-- --:--:-- --:--:--  1224
Connecting at 2023-05-20T11:00:19.028754014Z
Received at 2023-05-20T11:00:19.101950449Z
