Exp 0
Connecting at 2023-05-29T15:23:16.276825273Z
                                            Received at 2023-05-29T15:23:20.482986785Z
                                                                                      throughput: 0.2240354657103638 index 0
                                                                                                                            Result  1 sent, Duration 4463 ms
                                                                                                                                                            throughput: 0.2240354657103638
                            Exp 1
Connecting at 2023-05-29T15:23:24.059094727Z
                                            Received at 2023-05-29T15:23:28.317850512Z
                                                                                      throughput: 0.22168623417160288 index 0
                                                                                                                             Result  1 sent, Duration 4510 ms
                                                                                                                                                             throughput: 0.22168623417160288
                              Exp 2
Connecting at 2023-05-29T15:23:31.944248408Z
                                            Received at 2023-05-29T15:23:36.319741037Z
                                                                                      throughput: 0.2145381797508139 index 0
                                                                                                                            Result  1 sent, Duration 4661 ms
                                                                                                                                                            throughput: 0.2145381797508139
                            Exp 3
Connecting at 2023-05-29T15:23:40.444146160Z
                                            Received at 2023-05-29T15:23:44.470458626Z
                                                                                      throughput: 0.2300516995184328 index 0
                                                                                                                            Result  1 sent, Duration 4346 ms
                                                                                                                                                            throughput: 0.2300516995184328
                            Exp 4
Connecting at 2023-05-29T15:23:47.998900833Z
                                            Received at 2023-05-29T15:23:52.282945998Z
                                                                                      throughput: 0.22606206217430108 index 0
                                                                                                                             Result  1 sent, Duration 4423 ms
                                                                                                                                                             throughput: 0.22606206217430108
                              Exp 5
Connecting at 2023-05-29T15:23:56.417848841Z
                                            Received at 2023-05-29T15:24:01.327508427Z
                                                                                      throughput: 0.19040372825732224 index 0
                                                                                                                             Result  1 sent, Duration 5251 ms
                                                                                                                                                             throughput: 0.19040372825732224
                              Exp 6
Connecting at 2023-05-29T15:24:05.114886470Z
                                            Received at 2023-05-29T15:24:09.578030103Z
                                                                                      throughput: 0.21732143078345026 index 0
                                                                                                                             Result  1 sent, Duration 4601 ms
                                                                                                                                                             throughput: 0.21732143078345026
                              Exp 7
Connecting at 2023-05-29T15:24:13.254152063Z
                                            Received at 2023-05-29T15:24:17.346103236Z
                                                                                      throughput: 0.23638940710700024 index 0
                                                                                                                             Result  1 sent, Duration 4230 ms
                                                                                                                                                             throughput: 0.23638940710700024
                              Exp 8
Connecting at 2023-05-29T15:24:20.949632764Z
                                            Received at 2023-05-29T15:24:25.506931335Z
                                                                                      throughput: 0.21289958591030542 index 0
                                                                                                                             Result  1 sent, Duration 4697 ms
                                                                                                                                                             throughput: 0.21289958591030542
                              Exp 9
Connecting at 2023-05-29T15:24:29.186968448Z
                                            Received at 2023-05-29T15:24:33.375982592Z
                                                                                      throughput: 0.2252299428794342 index 0
                                                                                                                            Result  1 sent, Duration 4439 ms
                                                                                                                                                            throughput: 0.2252299428794342
                            Exp 10
Connecting at 2023-05-29T15:24:37.990334180Z
                                            Received at 2023-05-29T15:24:41.984258521Z
                                                                                      throughput: 0.24196085073435117 index 0
                                                                                                                             Result  1 sent, Duration 4132 ms
                                                                                                                                                             throughput: 0.24196085073435117