Exp 0
Connecting at 2023-05-29T15:25:26.616668350Z
                                            Received at 2023-05-29T15:25:29.532144868Z
                                                                                      throughput: 0.3304560524843521 index 0
                                                                                                                            Result  1 sent, Duration 3026 ms
                                                                                                                                                            throughput: 0.3304560524843521
                            Exp 1
Connecting at 2023-05-29T15:25:33.598482100Z
                                            Received at 2023-05-29T15:25:36.612873876Z
                                                                                      throughput: 0.30908671675107824 index 0
                                                                                                                             Result  1 sent, Duration 3235 ms
                                                                                                                                                             throughput: 0.30908671675107824
                              Exp 2
Connecting at 2023-05-29T15:25:39.536467892Z
                                            Received at 2023-05-29T15:25:44.539489653Z
                                                                                      throughput: 0.19439277916358227 index 0
                                                                                                                             Result  1 sent, Duration 5144 ms
                                                                                                                                                             throughput: 0.19439277916358227
                              Exp 3
Connecting at 2023-05-29T15:25:47.524215081Z
                                            Received at 2023-05-29T15:25:50.684567785Z
                                                                                      throughput: 0.3003049897475877 index 0
                                                                                                                            Result  1 sent, Duration 3329 ms
                                                                                                                                                            throughput: 0.3003049897475877
                            Exp 4
Connecting at 2023-05-29T15:25:53.836158527Z
                                            Received at 2023-05-29T15:25:57.393318027Z
                                                                                      throughput: 0.2727071667716135 index 0
                                                                                                                            Result  1 sent, Duration 3666 ms
                                                                                                                                                            throughput: 0.2727071667716135
                            Exp 5
Connecting at 2023-05-29T15:26:01.147920397Z
                                            Received at 2023-05-29T15:26:04.125216101Z
                                                                                      throughput: 0.3134303985486919 index 0
                                                                                                                            Result  1 sent, Duration 3190 ms
                                                                                                                                                            throughput: 0.3134303985486919
                            Exp 6
Connecting at 2023-05-29T15:26:07.018366704Z
                                            Received at 2023-05-29T15:26:09.993083545Z
                                                                                      throughput: 0.32219525805906996 index 0
                                                                                                                             Result  1 sent, Duration 3103 ms
                                                                                                                                                             throughput: 0.32219525805906996
                              Exp 7
Connecting at 2023-05-29T15:26:13.022125848Z
                                            Received at 2023-05-29T15:26:16.046721784Z
                                                                                      throughput: 0.3052770496072153 index 0
                                                                                                                            Result  1 sent, Duration 3275 ms
                                                                                                                                                            throughput: 0.3052770496072153
                            Exp 8
Connecting at 2023-05-29T15:26:19.176681911Z
                                            Received at 2023-05-29T15:26:22.174883278Z
                                                                                      throughput: 0.32169701609932716 index 0
                                                                                                                             Result  1 sent, Duration 3108 ms
                                                                                                                                                             throughput: 0.32169701609932716
                              Exp 9
Connecting at 2023-05-29T15:26:25.254374560Z
                                            Received at 2023-05-29T15:26:28.160847459Z
                                                                                      throughput: 0.32226399479737006 index 0
                                                                                                                             Result  1 sent, Duration 3103 ms
                                                                                                                                                             throughput: 0.32226399479737006
                              Exp 10
Connecting at 2023-05-29T15:26:32.173860079Z
                                            Received at 2023-05-29T15:26:35.179071151Z
                                                                                      throughput: 0.32095773788986337 index 0
                                                                                                                             Result  1 sent, Duration 3115 ms
                                                                                                                                                             throughput: 0.32095773788986337