Telemetry(timestamp='22.05.2023 08:52:35.220918', value='4.347826', node='ubuntu', metric='cpu', subsystem=None)
Telemetry(timestamp='22.05.2023 08:52:35.222431', value='0.000000', node='ubuntu', metric='tx', subsystem='lo')
Telemetry(timestamp='22.05.2023 08:52:35.222779', value='289.000000', node='ubuntu', metric='tx', subsystem='enp0s25')
Telemetry(timestamp='22.05.2023 08:52:35.227673', value='0.000000', node='ubuntu', metric='rx', subsystem='lo')
Telemetry(timestamp='22.05.2023 08:52:35.229089', value='41947.000000', node='ubuntu', metric='rx', subsystem='enp0s25')
Telemetry(timestamp='22.05.2023 08:52:35.720734', value='1.000000', node='ubuntu', metric='tx', subsystem='lo')
Telemetry(timestamp='22.05.2023 08:52:35.720852', value='1256812.000000', node='ubuntu', metric='ram', subsystem=None)
Telemetry(timestamp='22.05.2023 08:52:35.721272', value='328.000000', node='ubuntu', metric='tx', subsystem='enp0s25')
Telemetry(timestamp='22.05.2023 08:52:35.721706', value='23.756906', node='ubuntu', metric='cpu', subsystem=None)
Telemetry(timestamp='22.05.2023 08:52:35.722735', value='1.000000', node='ubuntu', metric='rx', subsystem='lo')
Telemetry(timestamp='22.05.2023 08:52:35.725323', value='39117.000000', node='ubuntu', metric='rx', subsystem='enp0s25')
Telemetry(timestamp='22.05.2023 08:52:36.220810', value='10.270270', node='ubuntu', metric='cpu', subsystem=None)
Telemetry(timestamp='22.05.2023 08:52:36.221479', value='1.000000', node='ubuntu', metric='tx', subsystem='lo')
Telemetry(timestamp='22.05.2023 08:52:36.221539', value='540.000000', node='ubuntu', metric='tx', subsystem='enp0s25')
Telemetry(timestamp='22.05.2023 08:52:36.223689', value='1.000000', node='ubuntu', metric='rx', subsystem='lo')
Telemetry(timestamp='22.05.2023 08:52:36.224180', value='36020.000000', node='ubuntu', metric='rx', subsystem='enp0s25')
Telemetry(timestamp='22.05.2023 08:52:36.720876', value='22.651934', node='ubuntu', metric='cpu', subsystem=None)
Telemetry(timestamp='22.05.2023 08:52:36.721251', value='585.000000', node='ubuntu', metric='tx', subsystem='enp0s25')
Telemetry(timestamp='22.05.2023 08:52:36.721404', value='1252108.000000', node='ubuntu', metric='ram', subsystem=None)
Telemetry(timestamp='22.05.2023 08:52:36.721600', value='1.000000', node='ubuntu', metric='tx', subsystem='lo')
Telemetry(timestamp='22.05.2023 08:52:36.724374', value='38173.000000', node='ubuntu', metric='rx', subsystem='enp0s25')
Telemetry(timestamp='22.05.2023 08:52:36.725632', value='1.000000', node='ubuntu', metric='rx', subsystem='lo')
Telemetry(timestamp='22.05.2023 08:52:37.220996', value='1.000000', node='ubuntu', metric='tx', subsystem='lo')
Telemetry(timestamp='22.05.2023 08:52:37.221195', value='500.000000', node='ubuntu', metric='tx', subsystem='enp0s25')
Telemetry(timestamp='22.05.2023 08:52:37.221555', value='13.095238', node='ubuntu', metric='cpu', subsystem=None)
Telemetry(timestamp='22.05.2023 08:52:37.222078', value='1.000000', node='ubuntu', metric='rx', subsystem='lo')
Telemetry(timestamp='22.05.2023 08:52:37.224753', value='40454.000000', node='ubuntu', metric='rx', subsystem='enp0s25')
Telemetry(timestamp='22.05.2023 08:52:37.720889', value='1370344.000000', node='ubuntu', metric='ram', subsystem=None)
Telemetry(timestamp='22.05.2023 08:52:37.721411', value='0.000000', node='ubuntu', metric='tx', subsystem='lo')
Telemetry(timestamp='22.05.2023 08:52:37.721525', value='367.000000', node='ubuntu', metric='tx', subsystem='enp0s25')
Telemetry(timestamp='22.05.2023 08:52:37.721713', value='24.324324', node='ubuntu', metric='cpu', subsystem=None)
Telemetry(timestamp='22.05.2023 08:52:37.724375', value='0.000000', node='ubuntu', metric='rx', subsystem='lo')
Telemetry(timestamp='22.05.2023 08:52:37.724982', value='41090.000000', node='ubuntu', metric='rx', subsystem='enp0s25')
Telemetry(timestamp='22.05.2023 08:52:38.221648', value='15.217391', node='ubuntu', metric='cpu', subsystem=None)
Telemetry(timestamp='22.05.2023 08:52:38.221692', value='1.000000', node='ubuntu', metric='tx', subsystem='lo')
Telemetry(timestamp='22.05.2023 08:52:38.221912', value='368.000000', node='ubuntu', metric='tx', subsystem='enp0s25')
Telemetry(timestamp='22.05.2023 08:52:38.224517', value='1.000000', node='ubuntu', metric='rx', subsystem='lo')
Telemetry(timestamp='22.05.2023 08:52:38.224882', value='35665.000000', node='ubuntu', metric='rx', subsystem='enp0s25')
Telemetry(timestamp='22.05.2023 08:52:38.721349', value='1328800.000000', node='ubuntu', metric='ram', subsystem=None)
Telemetry(timestamp='22.05.2023 08:52:38.721631', value='543.000000', node='ubuntu', metric='tx', subsystem='enp0s25')
Telemetry(timestamp='22.05.2023 08:52:38.722058', value='13.966480', node='ubuntu', metric='cpu', subsystem=None)
Telemetry(timestamp='22.05.2023 08:52:38.724037', value='40403.000000', node='ubuntu', metric='rx', subsystem='enp0s25')
Telemetry(timestamp='22.05.2023 08:52:38.724770', value='1.000000', node='ubuntu', metric='tx', subsystem='lo')
Telemetry(timestamp='22.05.2023 08:52:38.730727', value='1.000000', node='ubuntu', metric='rx', subsystem='lo')
Telemetry(timestamp='22.05.2023 08:52:39.221787', value='29.670330', node='ubuntu', metric='cpu', subsystem=None)
Telemetry(timestamp='22.05.2023 08:52:39.221861', value='1.000000', node='ubuntu', metric='tx', subsystem='lo')
Telemetry(timestamp='22.05.2023 08:52:39.222351', value='454.000000', node='ubuntu', metric='tx', subsystem='enp0s25')
Telemetry(timestamp='22.05.2023 08:52:39.225099', value='1.000000', node='ubuntu', metric='rx', subsystem='lo')
Telemetry(timestamp='22.05.2023 08:52:39.226163', value='32995.000000', node='ubuntu', metric='rx', subsystem='enp0s25')
Telemetry(timestamp='22.05.2023 08:52:39.720935', value='1304656.000000', node='ubuntu', metric='ram', subsystem=None)
Telemetry(timestamp='22.05.2023 08:52:39.721523', value='6.486486', node='ubuntu', metric='cpu', subsystem=None)
Telemetry(timestamp='22.05.2023 08:52:39.724380', value='439.000000', node='ubuntu', metric='tx', subsystem='enp0s25')
Telemetry(timestamp='22.05.2023 08:52:39.725121', value='1.000000', node='ubuntu', metric='tx', subsystem='lo')
Telemetry(timestamp='22.05.2023 08:52:39.727422', value='39371.000000', node='ubuntu', metric='rx', subsystem='enp0s25')
Telemetry(timestamp='22.05.2023 08:52:39.728282', value='1.000000', node='ubuntu', metric='rx', subsystem='lo')
Telemetry(timestamp='22.05.2023 08:52:40.221172', value='25.806452', node='ubuntu', metric='cpu', subsystem=None)
Telemetry(timestamp='22.05.2023 08:52:40.221346', value='1.000000', node='ubuntu', metric='tx', subsystem='lo')
Telemetry(timestamp='22.05.2023 08:52:40.221740', value='438.000000', node='ubuntu', metric='tx', subsystem='enp0s25')
Telemetry(timestamp='22.05.2023 08:52:40.223583', value='1.000000', node='ubuntu', metric='rx', subsystem='lo')
Telemetry(timestamp='22.05.2023 08:52:40.225196', value='39654.000000', node='ubuntu', metric='rx', subsystem='enp0s25')
Telemetry(timestamp='22.05.2023 08:52:40.721030', value='1292200.000000', node='ubuntu', metric='ram', subsystem=None)
Telemetry(timestamp='22.05.2023 08:52:40.721474', value='1.000000', node='ubuntu', metric='tx', subsystem='lo')
Telemetry(timestamp='22.05.2023 08:52:40.721557', value='457.000000', node='ubuntu', metric='tx', subsystem='enp0s25')
Telemetry(timestamp='22.05.2023 08:52:40.722138', value='6.557377', node='ubuntu', metric='cpu', subsystem=None)
Telemetry(timestamp='22.05.2023 08:52:40.726753', value='1.000000', node='ubuntu', metric='rx', subsystem='lo')
Telemetry(timestamp='22.05.2023 08:52:40.727315', value='37766.000000', node='ubuntu', metric='rx', subsystem='enp0s25')
Telemetry(timestamp='22.05.2023 08:52:41.221910', value='409.000000', node='ubuntu', metric='tx', subsystem='enp0s25')
Telemetry(timestamp='22.05.2023 08:52:41.222706', value='24.431818', node='ubuntu', metric='cpu', subsystem=None)
Telemetry(timestamp='22.05.2023 08:52:41.223113', value='0.000000', node='ubuntu', metric='tx', subsystem='lo')
Telemetry(timestamp='22.05.2023 08:52:41.225087', value='39920.000000', node='ubuntu', metric='rx', subsystem='enp0s25')
Telemetry(timestamp='22.05.2023 08:52:41.228304', value='0.000000', node='ubuntu', metric='rx', subsystem='lo')
Telemetry(timestamp='22.05.2023 08:52:41.720846', value='6.557377', node='ubuntu', metric='cpu', subsystem=None)
Telemetry(timestamp='22.05.2023 08:52:41.721171', value='1279024.000000', node='ubuntu', metric='ram', subsystem=None)
Telemetry(timestamp='22.05.2023 08:52:41.722136', value='303.000000', node='ubuntu', metric='tx', subsystem='enp0s25')
Telemetry(timestamp='22.05.2023 08:52:41.722140', value='1.000000', node='ubuntu', metric='tx', subsystem='lo')
Telemetry(timestamp='22.05.2023 08:52:41.728640', value='36889.000000', node='ubuntu', metric='rx', subsystem='enp0s25')
Telemetry(timestamp='22.05.2023 08:52:41.728896', value='1.000000', node='ubuntu', metric='rx', subsystem='lo')
Telemetry(timestamp='22.05.2023 08:52:42.221326', value='1.000000', node='ubuntu', metric='tx', subsystem='lo')
Telemetry(timestamp='22.05.2023 08:52:42.221691', value='12.154696', node='ubuntu', metric='cpu', subsystem=None)
Telemetry(timestamp='22.05.2023 08:52:42.221758', value='341.000000', node='ubuntu', metric='tx', subsystem='enp0s25')
Telemetry(timestamp='22.05.2023 08:52:42.226085', value='1.000000', node='ubuntu', metric='rx', subsystem='lo')
Telemetry(timestamp='22.05.2023 08:52:42.228137', value='44416.000000', node='ubuntu', metric='rx', subsystem='enp0s25')
Telemetry(timestamp='22.05.2023 08:52:42.721029', value='1268936.000000', node='ubuntu', metric='ram', subsystem=None)
Telemetry(timestamp='22.05.2023 08:52:42.721384', value='1.000000', node='ubuntu', metric='tx', subsystem='lo')
Telemetry(timestamp='22.05.2023 08:52:42.721392', value='411.000000', node='ubuntu', metric='tx', subsystem='enp0s25')
Telemetry(timestamp='22.05.2023 08:52:42.721781', value='18.333333', node='ubuntu', metric='cpu', subsystem=None)
Telemetry(timestamp='22.05.2023 08:52:42.724333', value='1.000000', node='ubuntu', metric='rx', subsystem='lo')
Telemetry(timestamp='22.05.2023 08:52:42.724574', value='36874.000000', node='ubuntu', metric='rx', subsystem='enp0s25')
Telemetry(timestamp='22.05.2023 08:52:43.221726', value='1.000000', node='ubuntu', metric='tx', subsystem='lo')
Telemetry(timestamp='22.05.2023 08:52:43.221971', value='604.000000', node='ubuntu', metric='tx', subsystem='enp0s25')
Telemetry(timestamp='22.05.2023 08:52:43.222161', value='10.000000', node='ubuntu', metric='cpu', subsystem=None)
Telemetry(timestamp='22.05.2023 08:52:43.224688', value='1.000000', node='ubuntu', metric='rx', subsystem='lo')
Telemetry(timestamp='22.05.2023 08:52:43.225898', value='39263.000000', node='ubuntu', metric='rx', subsystem='enp0s25')
Telemetry(timestamp='22.05.2023 08:52:43.720455', value='1258208.000000', node='ubuntu', metric='ram', subsystem=None)
Telemetry(timestamp='22.05.2023 08:52:43.721966', value='1.000000', node='ubuntu', metric='tx', subsystem='lo')
Telemetry(timestamp='22.05.2023 08:52:43.722077', value='26.256983', node='ubuntu', metric='cpu', subsystem=None)
Telemetry(timestamp='22.05.2023 08:52:43.722104', value='563.000000', node='ubuntu', metric='tx', subsystem='enp0s25')
Telemetry(timestamp='22.05.2023 08:52:43.723880', value='1.000000', node='ubuntu', metric='rx', subsystem='lo')
Telemetry(timestamp='22.05.2023 08:52:43.725963', value='36763.000000', node='ubuntu', metric='rx', subsystem='enp0s25')
Telemetry(timestamp='22.05.2023 08:52:44.220648', value='9.289617', node='ubuntu', metric='cpu', subsystem=None)
Telemetry(timestamp='22.05.2023 08:52:44.221810', value='567.000000', node='ubuntu', metric='tx', subsystem='enp0s25')
Telemetry(timestamp='22.05.2023 08:52:44.221841', value='1.000000', node='ubuntu', metric='tx', subsystem='lo')
Telemetry(timestamp='22.05.2023 08:52:44.225020', value='36210.000000', node='ubuntu', metric='rx', subsystem='enp0s25')
Telemetry(timestamp='22.05.2023 08:52:44.225533', value='1.000000', node='ubuntu', metric='rx', subsystem='lo')
Telemetry(timestamp='22.05.2023 08:52:44.720150', value='1256620.000000', node='ubuntu', metric='ram', subsystem=None)
Telemetry(timestamp='22.05.2023 08:52:44.720832', value='26.842105', node='ubuntu', metric='cpu', subsystem=None)
Telemetry(timestamp='22.05.2023 08:52:44.721011', value='1.000000', node='ubuntu', metric='tx', subsystem='lo')
Telemetry(timestamp='22.05.2023 08:52:44.721292', value='465.000000', node='ubuntu', metric='tx', subsystem='enp0s25')
Telemetry(timestamp='22.05.2023 08:52:44.725356', value='1.000000', node='ubuntu', metric='rx', subsystem='lo')
Telemetry(timestamp='22.05.2023 08:52:44.725902', value='39416.000000', node='ubuntu', metric='rx', subsystem='enp0s25')
Telemetry(timestamp='22.05.2023 08:52:45.221423', value='5.434783', node='ubuntu', metric='cpu', subsystem=None)
Telemetry(timestamp='22.05.2023 08:52:45.221626', value='242.000000', node='ubuntu', metric='tx', subsystem='enp0s25')
Telemetry(timestamp='22.05.2023 08:52:45.222860', value='1.000000', node='ubuntu', metric='tx', subsystem='lo')
Telemetry(timestamp='22.05.2023 08:52:45.227346', value='40901.000000', node='ubuntu', metric='rx', subsystem='enp0s25')
Telemetry(timestamp='22.05.2023 08:52:45.230990', value='1.000000', node='ubuntu', metric='rx', subsystem='lo')
Telemetry(timestamp='22.05.2023 08:52:45.720702', value='0.000000', node='ubuntu', metric='tx', subsystem='lo')
Telemetry(timestamp='22.05.2023 08:52:45.721061', value='269.000000', node='ubuntu', metric='tx', subsystem='enp0s25')
Telemetry(timestamp='22.05.2023 08:52:45.721072', value='1341324.000000', node='ubuntu', metric='ram', subsystem=None)
Telemetry(timestamp='22.05.2023 08:52:45.721734', value='27.906977', node='ubuntu', metric='cpu', subsystem=None)
Telemetry(timestamp='22.05.2023 08:52:45.721789', value='0.000000', node='ubuntu', metric='rx', subsystem='lo')
Telemetry(timestamp='22.05.2023 08:52:45.724259', value='43457.000000', node='ubuntu', metric='rx', subsystem='enp0s25')
Telemetry(timestamp='22.05.2023 08:52:46.221158', value='9.574468', node='ubuntu', metric='cpu', subsystem=None)
Telemetry(timestamp='22.05.2023 08:52:46.222188', value='1.000000', node='ubuntu', metric='tx', subsystem='lo')
Telemetry(timestamp='22.05.2023 08:52:46.222271', value='261.000000', node='ubuntu', metric='tx', subsystem='enp0s25')
Telemetry(timestamp='22.05.2023 08:52:46.225398', value='1.000000', node='ubuntu', metric='rx', subsystem='lo')
Telemetry(timestamp='22.05.2023 08:52:46.227105', value='37851.000000', node='ubuntu', metric='rx', subsystem='enp0s25')
Telemetry(timestamp='22.05.2023 08:52:46.720896', value='11.956522', node='ubuntu', metric='cpu', subsystem=None)
Telemetry(timestamp='22.05.2023 08:52:46.721440', value='1330900.000000', node='ubuntu', metric='ram', subsystem=None)
Telemetry(timestamp='22.05.2023 08:52:46.722551', value='1.000000', node='ubuntu', metric='tx', subsystem='lo')
Telemetry(timestamp='22.05.2023 08:52:46.722659', value='356.000000', node='ubuntu', metric='tx', subsystem='enp0s25')
Telemetry(timestamp='22.05.2023 08:52:46.727224', value='1.000000', node='ubuntu', metric='rx', subsystem='lo')
Telemetry(timestamp='22.05.2023 08:52:46.728178', value='44415.000000', node='ubuntu', metric='rx', subsystem='enp0s25')
Telemetry(timestamp='22.05.2023 08:52:47.220980', value='1.000000', node='ubuntu', metric='tx', subsystem='lo')
Telemetry(timestamp='22.05.2023 08:52:47.221506', value='20.634921', node='ubuntu', metric='cpu', subsystem=None)
Telemetry(timestamp='22.05.2023 08:52:47.221591', value='411.000000', node='ubuntu', metric='tx', subsystem='enp0s25')
Telemetry(timestamp='22.05.2023 08:52:47.223170', value='1.000000', node='ubuntu', metric='rx', subsystem='lo')
Telemetry(timestamp='22.05.2023 08:52:47.225878', value='36762.000000', node='ubuntu', metric='rx', subsystem='enp0s25')
Telemetry(timestamp='22.05.2023 08:52:47.720625', value='11.538462', node='ubuntu', metric='cpu', subsystem=None)
Telemetry(timestamp='22.05.2023 08:52:47.720827', value='1317408.000000', node='ubuntu', metric='ram', subsystem=None)
Telemetry(timestamp='22.05.2023 08:52:47.722700', value='1.000000', node='ubuntu', metric='tx', subsystem='lo')
Telemetry(timestamp='22.05.2023 08:52:47.722705', value='616.000000', node='ubuntu', metric='tx', subsystem='enp0s25')
Telemetry(timestamp='22.05.2023 08:52:47.726140', value='1.000000', node='ubuntu', metric='rx', subsystem='lo')
Telemetry(timestamp='22.05.2023 08:52:47.726390', value='40278.000000', node='ubuntu', metric='rx', subsystem='enp0s25')
Telemetry(timestamp='22.05.2023 08:52:48.220632', value='1.000000', node='ubuntu', metric='tx', subsystem='lo')
Telemetry(timestamp='22.05.2023 08:52:48.220680', value='629.000000', node='ubuntu', metric='tx', subsystem='enp0s25')
Telemetry(timestamp='22.05.2023 08:52:48.220829', value='26.086957', node='ubuntu', metric='cpu', subsystem=None)
Telemetry(timestamp='22.05.2023 08:52:48.222846', value='1.000000', node='ubuntu', metric='rx', subsystem='lo')
Telemetry(timestamp='22.05.2023 08:52:48.223267', value='41632.000000', node='ubuntu', metric='rx', subsystem='enp0s25')
Telemetry(timestamp='22.05.2023 08:52:48.720903', value='8.510638', node='ubuntu', metric='cpu', subsystem=None)
Telemetry(timestamp='22.05.2023 08:52:48.721406', value='441.000000', node='ubuntu', metric='tx', subsystem='enp0s25')
Telemetry(timestamp='22.05.2023 08:52:48.722682', value='1304288.000000', node='ubuntu', metric='ram', subsystem=None)
Telemetry(timestamp='22.05.2023 08:52:48.724012', value='1.000000', node='ubuntu', metric='tx', subsystem='lo')
Telemetry(timestamp='22.05.2023 08:52:48.724475', value='39725.000000', node='ubuntu', metric='rx', subsystem='enp0s25')
Telemetry(timestamp='22.05.2023 08:52:48.731683', value='1.000000', node='ubuntu', metric='rx', subsystem='lo')
Telemetry(timestamp='22.05.2023 08:52:49.220630', value='1.000000', node='ubuntu', metric='tx', subsystem='lo')
Telemetry(timestamp='22.05.2023 08:52:49.220684', value='316.000000', node='ubuntu', metric='tx', subsystem='enp0s25')
Telemetry(timestamp='22.05.2023 08:52:49.222446', value='28.125000', node='ubuntu', metric='cpu', subsystem=None)
Telemetry(timestamp='22.05.2023 08:52:49.223573', value='1.000000', node='ubuntu', metric='rx', subsystem='lo')
Telemetry(timestamp='22.05.2023 08:52:49.224144', value='36932.000000', node='ubuntu', metric='rx', subsystem='enp0s25')
Telemetry(timestamp='22.05.2023 08:52:49.720147', value='1274676.000000', node='ubuntu', metric='ram', subsystem=None)
Telemetry(timestamp='22.05.2023 08:52:49.720238', value='9.574468', node='ubuntu', metric='cpu', subsystem=None)
Telemetry(timestamp='22.05.2023 08:52:49.722766', value='383.000000', node='ubuntu', metric='tx', subsystem='enp0s25')
Telemetry(timestamp='22.05.2023 08:52:49.722984', value='1.000000', node='ubuntu', metric='tx', subsystem='lo')
Telemetry(timestamp='22.05.2023 08:52:49.725036', value='36366.000000', node='ubuntu', metric='rx', subsystem='enp0s25')
Telemetry(timestamp='22.05.2023 08:52:49.725294', value='1.000000', node='ubuntu', metric='rx', subsystem='lo')
Telemetry(timestamp='22.05.2023 08:52:50.220798', value='20.744681', node='ubuntu', metric='cpu', subsystem=None)
Telemetry(timestamp='22.05.2023 08:52:50.221150', value='456.000000', node='ubuntu', metric='tx', subsystem='enp0s25')
Telemetry(timestamp='22.05.2023 08:52:50.221223', value='0.000000', node='ubuntu', metric='tx', subsystem='lo')
Telemetry(timestamp='22.05.2023 08:52:50.225052', value='41550.000000', node='ubuntu', metric='rx', subsystem='enp0s25')
Telemetry(timestamp='22.05.2023 08:52:50.225629', value='0.000000', node='ubuntu', metric='rx', subsystem='lo')
Telemetry(timestamp='22.05.2023 08:52:50.720190', value='1293120.000000', node='ubuntu', metric='ram', subsystem=None)
Telemetry(timestamp='22.05.2023 08:52:50.720772', value='508.000000', node='ubuntu', metric='tx', subsystem='enp0s25')
Telemetry(timestamp='22.05.2023 08:52:50.721100', value='1.000000', node='ubuntu', metric='tx', subsystem='lo')
Telemetry(timestamp='22.05.2023 08:52:50.721122', value='12.087912', node='ubuntu', metric='cpu', subsystem=None)
Telemetry(timestamp='22.05.2023 08:52:50.723640', value='39034.000000', node='ubuntu', metric='rx', subsystem='enp0s25')
Telemetry(timestamp='22.05.2023 08:52:50.724988', value='1.000000', node='ubuntu', metric='rx', subsystem='lo')
Telemetry(timestamp='22.05.2023 08:52:51.221232', value='15.846995', node='ubuntu', metric='cpu', subsystem=None)
Telemetry(timestamp='22.05.2023 08:52:51.221341', value='672.000000', node='ubuntu', metric='tx', subsystem='enp0s25')
Telemetry(timestamp='22.05.2023 08:52:51.221379', value='1.000000', node='ubuntu', metric='tx', subsystem='lo')
Telemetry(timestamp='22.05.2023 08:52:51.223949', value='44416.000000', node='ubuntu', metric='rx', subsystem='enp0s25')
Telemetry(timestamp='22.05.2023 08:52:51.224275', value='1.000000', node='ubuntu', metric='rx', subsystem='lo')
Telemetry(timestamp='22.05.2023 08:52:51.721082', value='1.000000', node='ubuntu', metric='tx', subsystem='lo')
Telemetry(timestamp='22.05.2023 08:52:51.721083', value='1.000000', node='ubuntu', metric='rx', subsystem='lo')
Telemetry(timestamp='22.05.2023 08:52:51.721336', value='593.000000', node='ubuntu', metric='tx', subsystem='enp0s25')
Telemetry(timestamp='22.05.2023 08:52:51.721446', value='17.934783', node='ubuntu', metric='cpu', subsystem=None)
Telemetry(timestamp='22.05.2023 08:52:51.721642', value='1270760.000000', node='ubuntu', metric='ram', subsystem=None)
Telemetry(timestamp='22.05.2023 08:52:51.724178', value='38831.000000', node='ubuntu', metric='rx', subsystem='enp0s25')
Telemetry(timestamp='22.05.2023 08:52:52.221572', value='9.444444', node='ubuntu', metric='cpu', subsystem=None)
Telemetry(timestamp='22.05.2023 08:52:52.221749', value='657.000000', node='ubuntu', metric='tx', subsystem='enp0s25')
Telemetry(timestamp='22.05.2023 08:52:52.221811', value='1.000000', node='ubuntu', metric='tx', subsystem='lo')
Telemetry(timestamp='22.05.2023 08:52:52.225081', value='42817.000000', node='ubuntu', metric='rx', subsystem='enp0s25')
Telemetry(timestamp='22.05.2023 08:52:52.225957', value='1.000000', node='ubuntu', metric='rx', subsystem='lo')
Telemetry(timestamp='22.05.2023 08:52:52.720685', value='1271888.000000', node='ubuntu', metric='ram', subsystem=None)
Telemetry(timestamp='22.05.2023 08:52:52.721459', value='24.590164', node='ubuntu', metric='cpu', subsystem=None)
Telemetry(timestamp='22.05.2023 08:52:52.722085', value='611.000000', node='ubuntu', metric='tx', subsystem='enp0s25')
Telemetry(timestamp='22.05.2023 08:52:52.722121', value='1.000000', node='ubuntu', metric='tx', subsystem='lo')
Telemetry(timestamp='22.05.2023 08:52:52.724824', value='39607.000000', node='ubuntu', metric='rx', subsystem='enp0s25')
Telemetry(timestamp='22.05.2023 08:52:52.725347', value='1.000000', node='ubuntu', metric='rx', subsystem='lo')
Telemetry(timestamp='22.05.2023 08:52:53.221120', value='9.497207', node='ubuntu', metric='cpu', subsystem=None)
Telemetry(timestamp='22.05.2023 08:52:53.222108', value='386.000000', node='ubuntu', metric='tx', subsystem='enp0s25')
Telemetry(timestamp='22.05.2023 08:52:53.223143', value='1.000000', node='ubuntu', metric='tx', subsystem='lo')
Telemetry(timestamp='22.05.2023 08:52:53.226774', value='37238.000000', node='ubuntu', metric='rx', subsystem='enp0s25')
Telemetry(timestamp='22.05.2023 08:52:53.228066', value='1.000000', node='ubuntu', metric='rx', subsystem='lo')
Telemetry(timestamp='22.05.2023 08:52:53.720320', value='1257096.000000', node='ubuntu', metric='ram', subsystem=None)
Telemetry(timestamp='22.05.2023 08:52:53.721245', value='1.000000', node='ubuntu', metric='tx', subsystem='lo')
Telemetry(timestamp='22.05.2023 08:52:53.721408', value='293.000000', node='ubuntu', metric='tx', subsystem='enp0s25')
Telemetry(timestamp='22.05.2023 08:52:53.721454', value='28.947368', node='ubuntu', metric='cpu', subsystem=None)
Telemetry(timestamp='22.05.2023 08:52:53.724238', value='1.000000', node='ubuntu', metric='rx', subsystem='lo')
Telemetry(timestamp='22.05.2023 08:52:53.725634', value='38333.000000', node='ubuntu', metric='rx', subsystem='enp0s25')
Telemetry(timestamp='22.05.2023 08:52:54.220689', value='4.687500', node='ubuntu', metric='cpu', subsystem=None)
Telemetry(timestamp='22.05.2023 08:52:54.221693', value='246.000000', node='ubuntu', metric='tx', subsystem='enp0s25')
Telemetry(timestamp='22.05.2023 08:52:54.223473', value='1.000000', node='ubuntu', metric='tx', subsystem='lo')
Telemetry(timestamp='22.05.2023 08:52:54.224816', value='41373.000000', node='ubuntu', metric='rx', subsystem='enp0s25')
Telemetry(timestamp='22.05.2023 08:52:54.227275', value='1.000000', node='ubuntu', metric='rx', subsystem='lo')
Telemetry(timestamp='22.05.2023 08:52:54.720188', value='1250468.000000', node='ubuntu', metric='ram', subsystem=None)
Telemetry(timestamp='22.05.2023 08:52:54.720731', value='1.000000', node='ubuntu', metric='tx', subsystem='lo')
Telemetry(timestamp='22.05.2023 08:52:54.720785', value='299.000000', node='ubuntu', metric='tx', subsystem='enp0s25')
Telemetry(timestamp='22.05.2023 08:52:54.720956', value='30.270270', node='ubuntu', metric='cpu', subsystem=None)
Telemetry(timestamp='22.05.2023 08:52:54.723534', value='1.000000', node='ubuntu', metric='rx', subsystem='lo')
Telemetry(timestamp='22.05.2023 08:52:54.723911', value='41115.000000', node='ubuntu', metric='rx', subsystem='enp0s25')
Telemetry(timestamp='22.05.2023 08:52:55.220589', value='7.978723', node='ubuntu', metric='cpu', subsystem=None)
Telemetry(timestamp='22.05.2023 08:52:55.221387', value='1.000000', node='ubuntu', metric='tx', subsystem='lo')
Telemetry(timestamp='22.05.2023 08:52:55.221814', value='319.000000', node='ubuntu', metric='tx', subsystem='enp0s25')
Telemetry(timestamp='22.05.2023 08:52:55.226252', value='1.000000', node='ubuntu', metric='rx', subsystem='lo')
Telemetry(timestamp='22.05.2023 08:52:55.228131', value='41234.000000', node='ubuntu', metric='rx', subsystem='enp0s25')
Telemetry(timestamp='22.05.2023 08:52:55.721009', value='0.000000', node='ubuntu', metric='tx', subsystem='lo')
Telemetry(timestamp='22.05.2023 08:52:55.721280', value='1254556.000000', node='ubuntu', metric='ram', subsystem=None)
Telemetry(timestamp='22.05.2023 08:52:55.721369', value='221.000000', node='ubuntu', metric='tx', subsystem='enp0s25')
Telemetry(timestamp='22.05.2023 08:52:55.721863', value='26.344086', node='ubuntu', metric='cpu', subsystem=None)
Telemetry(timestamp='22.05.2023 08:52:55.722146', value='0.000000', node='ubuntu', metric='rx', subsystem='lo')
Telemetry(timestamp='22.05.2023 08:52:55.724769', value='42313.000000', node='ubuntu', metric='rx', subsystem='enp0s25')
Telemetry(timestamp='22.05.2023 08:52:56.221279', value='1.000000', node='ubuntu', metric='tx', subsystem='lo')
Telemetry(timestamp='22.05.2023 08:52:56.221320', value='10.270270', node='ubuntu', metric='cpu', subsystem=None)
Telemetry(timestamp='22.05.2023 08:52:56.221506', value='405.000000', node='ubuntu', metric='tx', subsystem='enp0s25')
Telemetry(timestamp='22.05.2023 08:52:56.223606', value='1.000000', node='ubuntu', metric='rx', subsystem='lo')
Telemetry(timestamp='22.05.2023 08:52:56.224103', value='36251.000000', node='ubuntu', metric='rx', subsystem='enp0s25')
Telemetry(timestamp='22.05.2023 08:52:56.721079', value='1327356.000000', node='ubuntu', metric='ram', subsystem=None)
Telemetry(timestamp='22.05.2023 08:52:56.721674', value='1.000000', node='ubuntu', metric='tx', subsystem='lo')
Telemetry(timestamp='22.05.2023 08:52:56.722748', value='686.000000', node='ubuntu', metric='tx', subsystem='enp0s25')
Telemetry(timestamp='22.05.2023 08:52:56.722885', value='12.359551', node='ubuntu', metric='cpu', subsystem=None)
Telemetry(timestamp='22.05.2023 08:52:56.724918', value='1.000000', node='ubuntu', metric='rx', subsystem='lo')
Telemetry(timestamp='22.05.2023 08:52:56.726675', value='44417.000000', node='ubuntu', metric='rx', subsystem='enp0s25')
Telemetry(timestamp='22.05.2023 08:52:57.221225', value='1.000000', node='ubuntu', metric='tx', subsystem='lo')
Telemetry(timestamp='22.05.2023 08:52:57.221318', value='22.527473', node='ubuntu', metric='cpu', subsystem=None)
Telemetry(timestamp='22.05.2023 08:52:57.221443', value='564.000000', node='ubuntu', metric='tx', subsystem='enp0s25')
Telemetry(timestamp='22.05.2023 08:52:57.222997', value='1.000000', node='ubuntu', metric='rx', subsystem='lo')
Telemetry(timestamp='22.05.2023 08:52:57.227822', value='36513.000000', node='ubuntu', metric='rx', subsystem='enp0s25')
Telemetry(timestamp='22.05.2023 08:52:57.721000', value='9.793814', node='ubuntu', metric='cpu', subsystem=None)
Telemetry(timestamp='22.05.2023 08:52:57.721126', value='1306648.000000', node='ubuntu', metric='ram', subsystem=None)
Telemetry(timestamp='22.05.2023 08:52:57.722277', value='441.000000', node='ubuntu', metric='tx', subsystem='enp0s25')
Telemetry(timestamp='22.05.2023 08:52:57.722282', value='1.000000', node='ubuntu', metric='tx', subsystem='lo')
Telemetry(timestamp='22.05.2023 08:52:57.724949', value='39635.000000', node='ubuntu', metric='rx', subsystem='enp0s25')
Telemetry(timestamp='22.05.2023 08:52:57.725224', value='1.000000', node='ubuntu', metric='rx', subsystem='lo')
Telemetry(timestamp='22.05.2023 08:52:58.220540', value='443.000000', node='ubuntu', metric='tx', subsystem='enp0s25')
Telemetry(timestamp='22.05.2023 08:52:58.220986', value='1.000000', node='ubuntu', metric='tx', subsystem='lo')
Telemetry(timestamp='22.05.2023 08:52:58.221317', value='24.864865', node='ubuntu', metric='cpu', subsystem=None)
Telemetry(timestamp='22.05.2023 08:52:58.223129', value='39886.000000', node='ubuntu', metric='rx', subsystem='enp0s25')
Telemetry(timestamp='22.05.2023 08:52:58.224134', value='1.000000', node='ubuntu', metric='rx', subsystem='lo')
Telemetry(timestamp='22.05.2023 08:52:58.720546', value='1284828.000000', node='ubuntu', metric='ram', subsystem=None)
Telemetry(timestamp='22.05.2023 08:52:58.720726', value='10.869565', node='ubuntu', metric='cpu', subsystem=None)
Telemetry(timestamp='22.05.2023 08:52:58.721538', value='1.000000', node='ubuntu', metric='tx', subsystem='lo')
Telemetry(timestamp='22.05.2023 08:52:58.721816', value='613.000000', node='ubuntu', metric='tx', subsystem='enp0s25')
Telemetry(timestamp='22.05.2023 08:52:58.723290', value='1.000000', node='ubuntu', metric='rx', subsystem='lo')
Telemetry(timestamp='22.05.2023 08:52:58.726558', value='39621.000000', node='ubuntu', metric='rx', subsystem='enp0s25')
Telemetry(timestamp='22.05.2023 08:52:59.220801', value='24.581006', node='ubuntu', metric='cpu', subsystem=None)
Telemetry(timestamp='22.05.2023 08:52:59.220916', value='559.000000', node='ubuntu', metric='tx', subsystem='enp0s25')
Telemetry(timestamp='22.05.2023 08:52:59.220917', value='1.000000', node='ubuntu', metric='tx', subsystem='lo')
Telemetry(timestamp='22.05.2023 08:52:59.223738', value='39349.000000', node='ubuntu', metric='rx', subsystem='enp0s25')
Telemetry(timestamp='22.05.2023 08:52:59.224015', value='1.000000', node='ubuntu', metric='rx', subsystem='lo')
Telemetry(timestamp='22.05.2023 08:52:59.720388', value='1284664.000000', node='ubuntu', metric='ram', subsystem=None)
Telemetry(timestamp='22.05.2023 08:52:59.721012', value='480.000000', node='ubuntu', metric='tx', subsystem='enp0s25')
Telemetry(timestamp='22.05.2023 08:52:59.721179', value='1.000000', node='ubuntu', metric='tx', subsystem='lo')
Telemetry(timestamp='22.05.2023 08:52:59.721182', value='11.111111', node='ubuntu', metric='cpu', subsystem=None)
Telemetry(timestamp='22.05.2023 08:52:59.724225', value='33843.000000', node='ubuntu', metric='rx', subsystem='enp0s25')
Telemetry(timestamp='22.05.2023 08:52:59.725037', value='1.000000', node='ubuntu', metric='rx', subsystem='lo')
Telemetry(timestamp='22.05.2023 08:53:00.220556', value='0.000000', node='ubuntu', metric='tx', subsystem='lo')
Telemetry(timestamp='22.05.2023 08:53:00.220665', value='632.000000', node='ubuntu', metric='tx', subsystem='enp0s25')
Telemetry(timestamp='22.05.2023 08:53:00.221273', value='21.195652', node='ubuntu', metric='cpu', subsystem=None)
Telemetry(timestamp='22.05.2023 08:53:00.221957', value='0.000000', node='ubuntu', metric='rx', subsystem='lo')
Telemetry(timestamp='22.05.2023 08:53:00.222817', value='40924.000000', node='ubuntu', metric='rx', subsystem='enp0s25')
Telemetry(timestamp='22.05.2023 08:53:00.721030', value='555.000000', node='ubuntu', metric='tx', subsystem='enp0s25')
Telemetry(timestamp='22.05.2023 08:53:00.721316', value='1260416.000000', node='ubuntu', metric='ram', subsystem=None)
Telemetry(timestamp='22.05.2023 08:53:00.721396', value='14.814815', node='ubuntu', metric='cpu', subsystem=None)
Telemetry(timestamp='22.05.2023 08:53:00.721888', value='1.000000', node='ubuntu', metric='tx', subsystem='lo')
Telemetry(timestamp='22.05.2023 08:53:00.722603', value='36934.000000', node='ubuntu', metric='rx', subsystem='enp0s25')
Telemetry(timestamp='22.05.2023 08:53:00.727566', value='1.000000', node='ubuntu', metric='rx', subsystem='lo')
Telemetry(timestamp='22.05.2023 08:53:01.221125', value='1.000000', node='ubuntu', metric='tx', subsystem='lo')
Telemetry(timestamp='22.05.2023 08:53:01.221271', value='9.444444', node='ubuntu', metric='cpu', subsystem=None)
Telemetry(timestamp='22.05.2023 08:53:01.221354', value='610.000000', node='ubuntu', metric='tx', subsystem='enp0s25')
Telemetry(timestamp='22.05.2023 08:53:01.224465', value='1.000000', node='ubuntu', metric='rx', subsystem='lo')
Telemetry(timestamp='22.05.2023 08:53:01.226109', value='41294.000000', node='ubuntu', metric='rx', subsystem='enp0s25')
Telemetry(timestamp='22.05.2023 08:53:01.721001', value='24.324324', node='ubuntu', metric='cpu', subsystem=None)
Telemetry(timestamp='22.05.2023 08:53:01.721090', value='1273732.000000', node='ubuntu', metric='ram', subsystem=None)
Telemetry(timestamp='22.05.2023 08:53:01.721895', value='520.000000', node='ubuntu', metric='tx', subsystem='enp0s25')
Telemetry(timestamp='22.05.2023 08:53:01.721987', value='1.000000', node='ubuntu', metric='tx', subsystem='lo')
Telemetry(timestamp='22.05.2023 08:53:01.726223', value='36819.000000', node='ubuntu', metric='rx', subsystem='enp0s25')
Telemetry(timestamp='22.05.2023 08:53:01.728097', value='1.000000', node='ubuntu', metric='rx', subsystem='lo')
Telemetry(timestamp='22.05.2023 08:53:02.221153', value='363.000000', node='ubuntu', metric='tx', subsystem='enp0s25')
Telemetry(timestamp='22.05.2023 08:53:02.221185', value='1.000000', node='ubuntu', metric='tx', subsystem='lo')
Telemetry(timestamp='22.05.2023 08:53:02.221368', value='5.347594', node='ubuntu', metric='cpu', subsystem=None)
Telemetry(timestamp='22.05.2023 08:53:02.223002', value='35250.000000', node='ubuntu', metric='rx', subsystem='enp0s25')
Telemetry(timestamp='22.05.2023 08:53:02.223300', value='1.000000', node='ubuntu', metric='rx', subsystem='lo')
Telemetry(timestamp='22.05.2023 08:53:02.720901', value='25.555556', node='ubuntu', metric='cpu', subsystem=None)
Telemetry(timestamp='22.05.2023 08:53:02.721313', value='1242108.000000', node='ubuntu', metric='ram', subsystem=None)
Telemetry(timestamp='22.05.2023 08:53:02.721555', value='407.000000', node='ubuntu', metric='tx', subsystem='enp0s25')
Telemetry(timestamp='22.05.2023 08:53:02.721651', value='0.000000', node='ubuntu', metric='tx', subsystem='lo')
Telemetry(timestamp='22.05.2023 08:53:02.723846', value='35326.000000', node='ubuntu', metric='rx', subsystem='enp0s25')
Telemetry(timestamp='22.05.2023 08:53:02.724417', value='0.000000', node='ubuntu', metric='rx', subsystem='lo')
Telemetry(timestamp='22.05.2023 08:53:03.221186', value='504.000000', node='ubuntu', metric='tx', subsystem='enp0s25')
Telemetry(timestamp='22.05.2023 08:53:03.221225', value='1.000000', node='ubuntu', metric='tx', subsystem='lo')
Telemetry(timestamp='22.05.2023 08:53:03.221294', value='9.189189', node='ubuntu', metric='cpu', subsystem=None)
Telemetry(timestamp='22.05.2023 08:53:03.225032', value='31912.000000', node='ubuntu', metric='rx', subsystem='enp0s25')
Telemetry(timestamp='22.05.2023 08:53:03.225702', value='1.000000', node='ubuntu', metric='rx', subsystem='lo')
Telemetry(timestamp='22.05.2023 08:53:03.720496', value='1308768.000000', node='ubuntu', metric='ram', subsystem=None)
Telemetry(timestamp='22.05.2023 08:53:03.720745', value='14.525140', node='ubuntu', metric='cpu', subsystem=None)
Telemetry(timestamp='22.05.2023 08:53:03.721554', value='615.000000', node='ubuntu', metric='tx', subsystem='enp0s25')
Telemetry(timestamp='22.05.2023 08:53:03.722046', value='0.000000', node='ubuntu', metric='tx', subsystem='lo')
Telemetry(timestamp='22.05.2023 08:53:03.724969', value='39703.000000', node='ubuntu', metric='rx', subsystem='enp0s25')
Telemetry(timestamp='22.05.2023 08:53:03.726332', value='0.000000', node='ubuntu', metric='rx', subsystem='lo')
Telemetry(timestamp='22.05.2023 08:53:04.220870', value='448.000000', node='ubuntu', metric='tx', subsystem='enp0s25')
Telemetry(timestamp='22.05.2023 08:53:04.220893', value='1.000000', node='ubuntu', metric='tx', subsystem='lo')
Telemetry(timestamp='22.05.2023 08:53:04.220970', value='26.775956', node='ubuntu', metric='cpu', subsystem=None)
Telemetry(timestamp='22.05.2023 08:53:04.224126', value='32593.000000', node='ubuntu', metric='rx', subsystem='enp0s25')
Telemetry(timestamp='22.05.2023 08:53:04.224679', value='1.000000', node='ubuntu', metric='rx', subsystem='lo')
Telemetry(timestamp='22.05.2023 08:53:04.720327', value='1283444.000000', node='ubuntu', metric='ram', subsystem=None)
Telemetry(timestamp='22.05.2023 08:53:04.720675', value='9.042553', node='ubuntu', metric='cpu', subsystem=None)
Telemetry(timestamp='22.05.2023 08:53:04.721467', value='413.000000', node='ubuntu', metric='tx', subsystem='enp0s25')
Telemetry(timestamp='22.05.2023 08:53:04.721559', value='1.000000', node='ubuntu', metric='tx', subsystem='lo')
Telemetry(timestamp='22.05.2023 08:53:04.723637', value='39243.000000', node='ubuntu', metric='rx', subsystem='enp0s25')
Telemetry(timestamp='22.05.2023 08:53:04.724276', value='1.000000', node='ubuntu', metric='rx', subsystem='lo')
Telemetry(timestamp='22.05.2023 08:53:05.220847', value='22.950820', node='ubuntu', metric='cpu', subsystem=None)
Telemetry(timestamp='22.05.2023 08:53:05.221016', value='390.000000', node='ubuntu', metric='tx', subsystem='enp0s25')
Telemetry(timestamp='22.05.2023 08:53:05.221589', value='1.000000', node='ubuntu', metric='tx', subsystem='lo')
Telemetry(timestamp='22.05.2023 08:53:05.224492', value='40686.000000', node='ubuntu', metric='rx', subsystem='enp0s25')
Telemetry(timestamp='22.05.2023 08:53:05.225964', value='1.000000', node='ubuntu', metric='rx', subsystem='lo')
Telemetry(timestamp='22.05.2023 08:53:05.720850', value='1.000000', node='ubuntu', metric='tx', subsystem='lo')
Telemetry(timestamp='22.05.2023 08:53:05.721022', value='406.000000', node='ubuntu', metric='tx', subsystem='enp0s25')
Telemetry(timestamp='22.05.2023 08:53:05.721070', value='9.473684', node='ubuntu', metric='cpu', subsystem=None)
Telemetry(timestamp='22.05.2023 08:53:05.721180', value='1286280.000000', node='ubuntu', metric='ram', subsystem=None)
Telemetry(timestamp='22.05.2023 08:53:05.724151', value='1.000000', node='ubuntu', metric='rx', subsystem='lo')
Telemetry(timestamp='22.05.2023 08:53:05.725640', value='38603.000000', node='ubuntu', metric='rx', subsystem='enp0s25')
Telemetry(timestamp='22.05.2023 08:53:06.221430', value='19.101124', node='ubuntu', metric='cpu', subsystem=None)
Telemetry(timestamp='22.05.2023 08:53:06.221770', value='0.000000', node='ubuntu', metric='tx', subsystem='lo')
Telemetry(timestamp='22.05.2023 08:53:06.221891', value='537.000000', node='ubuntu', metric='tx', subsystem='enp0s25')
Telemetry(timestamp='22.05.2023 08:53:06.224860', value='0.000000', node='ubuntu', metric='rx', subsystem='lo')
Telemetry(timestamp='22.05.2023 08:53:06.225411', value='40378.000000', node='ubuntu', metric='rx', subsystem='enp0s25')
Telemetry(timestamp='22.05.2023 08:53:06.721141', value='1286780.000000', node='ubuntu', metric='ram', subsystem=None)
Telemetry(timestamp='22.05.2023 08:53:06.721249', value='11.475410', node='ubuntu', metric='cpu', subsystem=None)
Telemetry(timestamp='22.05.2023 08:53:06.721552', value='575.000000', node='ubuntu', metric='tx', subsystem='enp0s25')
Telemetry(timestamp='22.05.2023 08:53:06.721619', value='1.000000', node='ubuntu', metric='tx', subsystem='lo')
Telemetry(timestamp='22.05.2023 08:53:06.725455', value='36955.000000', node='ubuntu', metric='rx', subsystem='enp0s25')
Telemetry(timestamp='22.05.2023 08:53:06.725973', value='1.000000', node='ubuntu', metric='rx', subsystem='lo')
Telemetry(timestamp='22.05.2023 08:53:07.221029', value='10.000000', node='ubuntu', metric='cpu', subsystem=None)
Telemetry(timestamp='22.05.2023 08:53:07.221435', value='1.000000', node='ubuntu', metric='tx', subsystem='lo')
Telemetry(timestamp='22.05.2023 08:53:07.221460', value='680.000000', node='ubuntu', metric='tx', subsystem='enp0s25')
Telemetry(timestamp='22.05.2023 08:53:07.224770', value='1.000000', node='ubuntu', metric='rx', subsystem='lo')
Telemetry(timestamp='22.05.2023 08:53:07.225031', value='43594.000000', node='ubuntu', metric='rx', subsystem='enp0s25')
Telemetry(timestamp='22.05.2023 08:53:07.721371', value='1.000000', node='ubuntu', metric='tx', subsystem='lo')
Telemetry(timestamp='22.05.2023 08:53:07.721380', value='23.118280', node='ubuntu', metric='cpu', subsystem=None)
Telemetry(timestamp='22.05.2023 08:53:07.721419', value='1260392.000000', node='ubuntu', metric='ram', subsystem=None)
Telemetry(timestamp='22.05.2023 08:53:07.721734', value='481.000000', node='ubuntu', metric='tx', subsystem='enp0s25')
Telemetry(timestamp='22.05.2023 08:53:07.725075', value='1.000000', node='ubuntu', metric='rx', subsystem='lo')
Telemetry(timestamp='22.05.2023 08:53:07.729407', value='35293.000000', node='ubuntu', metric='rx', subsystem='enp0s25')
Telemetry(timestamp='22.05.2023 08:53:08.222290', value='273.000000', node='ubuntu', metric='tx', subsystem='enp0s25')
Telemetry(timestamp='22.05.2023 08:53:08.222372', value='12.707182', node='ubuntu', metric='cpu', subsystem=None)
Telemetry(timestamp='22.05.2023 08:53:08.222459', value='1.000000', node='ubuntu', metric='tx', subsystem='lo')
Telemetry(timestamp='22.05.2023 08:53:08.228032', value='37460.000000', node='ubuntu', metric='rx', subsystem='enp0s25')
Telemetry(timestamp='22.05.2023 08:53:08.229452', value='1.000000', node='ubuntu', metric='rx', subsystem='lo')
Telemetry(timestamp='22.05.2023 08:53:08.720713', value='1267032.000000', node='ubuntu', metric='ram', subsystem=None)
Telemetry(timestamp='22.05.2023 08:53:08.721588', value='24.864865', node='ubuntu', metric='cpu', subsystem=None)
Telemetry(timestamp='22.05.2023 08:53:08.721595', value='276.000000', node='ubuntu', metric='tx', subsystem='enp0s25')
Telemetry(timestamp='22.05.2023 08:53:08.721709', value='1.000000', node='ubuntu', metric='tx', subsystem='lo')
Telemetry(timestamp='22.05.2023 08:53:08.723798', value='37923.000000', node='ubuntu', metric='rx', subsystem='enp0s25')
Telemetry(timestamp='22.05.2023 08:53:08.724448', value='1.000000', node='ubuntu', metric='rx', subsystem='lo')
Telemetry(timestamp='22.05.2023 08:53:09.221040', value='3.804348', node='ubuntu', metric='cpu', subsystem=None)
Telemetry(timestamp='22.05.2023 08:53:09.222037', value='1.000000', node='ubuntu', metric='tx', subsystem='lo')
Telemetry(timestamp='22.05.2023 08:53:09.222127', value='382.000000', node='ubuntu', metric='tx', subsystem='enp0s25')
Telemetry(timestamp='22.05.2023 08:53:09.225044', value='1.000000', node='ubuntu', metric='rx', subsystem='lo')
Telemetry(timestamp='22.05.2023 08:53:09.226802', value='35204.000000', node='ubuntu', metric='rx', subsystem='enp0s25')
Telemetry(timestamp='22.05.2023 08:53:09.720272', value='1321964.000000', node='ubuntu', metric='ram', subsystem=None)
Telemetry(timestamp='22.05.2023 08:53:09.721184', value='0.000000', node='ubuntu', metric='tx', subsystem='lo')
Telemetry(timestamp='22.05.2023 08:53:09.721281', value='443.000000', node='ubuntu', metric='tx', subsystem='enp0s25')
Telemetry(timestamp='22.05.2023 08:53:09.721298', value='19.786096', node='ubuntu', metric='cpu', subsystem=None)
Telemetry(timestamp='22.05.2023 08:53:09.724885', value='0.000000', node='ubuntu', metric='rx', subsystem='lo')
Telemetry(timestamp='22.05.2023 08:53:09.725197', value='38870.000000', node='ubuntu', metric='rx', subsystem='enp0s25')
Telemetry(timestamp='22.05.2023 08:53:10.220629', value='16.129032', node='ubuntu', metric='cpu', subsystem=None)
Telemetry(timestamp='22.05.2023 08:53:10.221663', value='400.000000', node='ubuntu', metric='tx', subsystem='enp0s25')
Telemetry(timestamp='22.05.2023 08:53:10.221708', value='1.000000', node='ubuntu', metric='tx', subsystem='lo')
Telemetry(timestamp='22.05.2023 08:53:10.224903', value='31658.000000', node='ubuntu', metric='rx', subsystem='enp0s25')
Telemetry(timestamp='22.05.2023 08:53:10.225642', value='1.000000', node='ubuntu', metric='rx', subsystem='lo')
Telemetry(timestamp='22.05.2023 08:53:10.721171', value='433.000000', node='ubuntu', metric='tx', subsystem='enp0s25')
Telemetry(timestamp='22.05.2023 08:53:10.721174', value='38474.000000', node='ubuntu', metric='rx', subsystem='enp0s25')
Telemetry(timestamp='22.05.2023 08:53:10.721768', value='1325436.000000', node='ubuntu', metric='ram', subsystem=None)
Telemetry(timestamp='22.05.2023 08:53:10.722304', value='13.483146', node='ubuntu', metric='cpu', subsystem=None)
Telemetry(timestamp='22.05.2023 08:53:10.722472', value='1.000000', node='ubuntu', metric='tx', subsystem='lo')
Telemetry(timestamp='22.05.2023 08:53:10.727901', value='1.000000', node='ubuntu', metric='rx', subsystem='lo')
Telemetry(timestamp='22.05.2023 08:53:11.221141', value='432.000000', node='ubuntu', metric='tx', subsystem='enp0s25')
Telemetry(timestamp='22.05.2023 08:53:11.221369', value='1.000000', node='ubuntu', metric='tx', subsystem='lo')
Telemetry(timestamp='22.05.2023 08:53:11.221814', value='26.815642', node='ubuntu', metric='cpu', subsystem=None)
Telemetry(timestamp='22.05.2023 08:53:11.223560', value='37011.000000', node='ubuntu', metric='rx', subsystem='enp0s25')
Telemetry(timestamp='22.05.2023 08:53:11.224887', value='1.000000', node='ubuntu', metric='rx', subsystem='lo')
Telemetry(timestamp='22.05.2023 08:53:11.721523', value='8.152174', node='ubuntu', metric='cpu', subsystem=None)
Telemetry(timestamp='22.05.2023 08:53:11.721576', value='1270572.000000', node='ubuntu', metric='ram', subsystem=None)
Telemetry(timestamp='22.05.2023 08:53:11.723166', value='351.000000', node='ubuntu', metric='tx', subsystem='enp0s25')
Telemetry(timestamp='22.05.2023 08:53:11.723228', value='1.000000', node='ubuntu', metric='tx', subsystem='lo')
Telemetry(timestamp='22.05.2023 08:53:11.730257', value='37943.000000', node='ubuntu', metric='rx', subsystem='enp0s25')
Telemetry(timestamp='22.05.2023 08:53:11.730631', value='1.000000', node='ubuntu', metric='rx', subsystem='lo')
Telemetry(timestamp='22.05.2023 08:53:12.220985', value='1.000000', node='ubuntu', metric='tx', subsystem='lo')
Telemetry(timestamp='22.05.2023 08:53:12.221007', value='202.000000', node='ubuntu', metric='tx', subsystem='enp0s25')
Telemetry(timestamp='22.05.2023 08:53:12.223245', value='1.000000', node='ubuntu', metric='rx', subsystem='lo')
Telemetry(timestamp='22.05.2023 08:53:12.223503', value='37475.000000', node='ubuntu', metric='rx', subsystem='enp0s25')
Telemetry(timestamp='22.05.2023 08:53:12.223776', value='25.698324', node='ubuntu', metric='cpu', subsystem=None)
Telemetry(timestamp='22.05.2023 08:53:12.720158', value='1287116.000000', node='ubuntu', metric='ram', subsystem=None)
Telemetry(timestamp='22.05.2023 08:53:12.720578', value='7.262570', node='ubuntu', metric='cpu', subsystem=None)
Telemetry(timestamp='22.05.2023 08:53:12.723643', value='443.000000', node='ubuntu', metric='tx', subsystem='enp0s25')
Telemetry(timestamp='22.05.2023 08:53:12.723997', value='1.000000', node='ubuntu', metric='tx', subsystem='lo')
Telemetry(timestamp='22.05.2023 08:53:12.726584', value='37631.000000', node='ubuntu', metric='rx', subsystem='enp0s25')
Telemetry(timestamp='22.05.2023 08:53:12.727376', value='1.000000', node='ubuntu', metric='rx', subsystem='lo')
Telemetry(timestamp='22.05.2023 08:53:13.220781', value='0.000000', node='ubuntu', metric='tx', subsystem='lo')
Telemetry(timestamp='22.05.2023 08:53:13.220786', value='526.000000', node='ubuntu', metric='tx', subsystem='enp0s25')
Telemetry(timestamp='22.05.2023 08:53:13.220828', value='17.553191', node='ubuntu', metric='cpu', subsystem=None)
Telemetry(timestamp='22.05.2023 08:53:13.223036', value='0.000000', node='ubuntu', metric='rx', subsystem='lo')
Telemetry(timestamp='22.05.2023 08:53:13.223485', value='44192.000000', node='ubuntu', metric='rx', subsystem='enp0s25')
Telemetry(timestamp='22.05.2023 08:53:13.720499', value='1292264.000000', node='ubuntu', metric='ram', subsystem=None)
Telemetry(timestamp='22.05.2023 08:53:13.720782', value='313.000000', node='ubuntu', metric='tx', subsystem='enp0s25')
Telemetry(timestamp='22.05.2023 08:53:13.721999', value='1.000000', node='ubuntu', metric='tx', subsystem='lo')
Telemetry(timestamp='22.05.2023 08:53:13.722702', value='10.695187', node='ubuntu', metric='cpu', subsystem=None)
Telemetry(timestamp='22.05.2023 08:53:13.724269', value='39319.000000', node='ubuntu', metric='rx', subsystem='enp0s25')
Telemetry(timestamp='22.05.2023 08:53:13.729053', value='1.000000', node='ubuntu', metric='rx', subsystem='lo')
Telemetry(timestamp='22.05.2023 08:53:14.221410', value='277.000000', node='ubuntu', metric='tx', subsystem='enp0s25')
Telemetry(timestamp='22.05.2023 08:53:14.221507', value='15.957447', node='ubuntu', metric='cpu', subsystem=None)
Telemetry(timestamp='22.05.2023 08:53:14.221566', value='1.000000', node='ubuntu', metric='tx', subsystem='lo')
Telemetry(timestamp='22.05.2023 08:53:14.223846', value='44416.000000', node='ubuntu', metric='rx', subsystem='enp0s25')
Telemetry(timestamp='22.05.2023 08:53:14.226055', value='1.000000', node='ubuntu', metric='rx', subsystem='lo')
Telemetry(timestamp='22.05.2023 08:53:14.721011', value='26.203209', node='ubuntu', metric='cpu', subsystem=None)
Telemetry(timestamp='22.05.2023 08:53:14.721356', value='1262264.000000', node='ubuntu', metric='ram', subsystem=None)
Telemetry(timestamp='22.05.2023 08:53:14.722546', value='294.000000', node='ubuntu', metric='tx', subsystem='enp0s25')
Telemetry(timestamp='22.05.2023 08:53:14.722716', value='1.000000', node='ubuntu', metric='tx', subsystem='lo')
Telemetry(timestamp='22.05.2023 08:53:14.726468', value='35840.000000', node='ubuntu', metric='rx', subsystem='enp0s25')
Telemetry(timestamp='22.05.2023 08:53:14.727041', value='1.000000', node='ubuntu', metric='rx', subsystem='lo')
Telemetry(timestamp='22.05.2023 08:53:15.220774', value='1.000000', node='ubuntu', metric='tx', subsystem='lo')
Telemetry(timestamp='22.05.2023 08:53:15.221048', value='468.000000', node='ubuntu', metric='tx', subsystem='enp0s25')
Telemetry(timestamp='22.05.2023 08:53:15.221369', value='11.627907', node='ubuntu', metric='cpu', subsystem=None)
Telemetry(timestamp='22.05.2023 08:53:15.223281', value='1.000000', node='ubuntu', metric='rx', subsystem='lo')
Telemetry(timestamp='22.05.2023 08:53:15.224765', value='35398.000000', node='ubuntu', metric='rx', subsystem='enp0s25')
Telemetry(timestamp='22.05.2023 08:53:15.720682', value='1263100.000000', node='ubuntu', metric='ram', subsystem=None)
Telemetry(timestamp='22.05.2023 08:53:15.721480', value='28.977273', node='ubuntu', metric='cpu', subsystem=None)
Telemetry(timestamp='22.05.2023 08:53:15.721864', value='1.000000', node='ubuntu', metric='tx', subsystem='lo')
Telemetry(timestamp='22.05.2023 08:53:15.721886', value='453.000000', node='ubuntu', metric='tx', subsystem='enp0s25')
Telemetry(timestamp='22.05.2023 08:53:15.726660', value='1.000000', node='ubuntu', metric='rx', subsystem='lo')
Telemetry(timestamp='22.05.2023 08:53:15.727576', value='35144.000000', node='ubuntu', metric='rx', subsystem='enp0s25')
Telemetry(timestamp='22.05.2023 08:53:16.220777', value='7.182320', node='ubuntu', metric='cpu', subsystem=None)
Telemetry(timestamp='22.05.2023 08:53:16.222026', value='515.000000', node='ubuntu', metric='tx', subsystem='enp0s25')
Telemetry(timestamp='22.05.2023 08:53:16.222043', value='1.000000', node='ubuntu', metric='tx', subsystem='lo')
Telemetry(timestamp='22.05.2023 08:53:16.224520', value='33027.000000', node='ubuntu', metric='rx', subsystem='enp0s25')
Telemetry(timestamp='22.05.2023 08:53:16.224821', value='1.000000', node='ubuntu', metric='rx', subsystem='lo')
Telemetry(timestamp='22.05.2023 08:53:16.720175', value='1327652.000000', node='ubuntu', metric='ram', subsystem=None)
Telemetry(timestamp='22.05.2023 08:53:16.721022', value='12.021858', node='ubuntu', metric='cpu', subsystem=None)
Telemetry(timestamp='22.05.2023 08:53:16.721189', value='568.000000', node='ubuntu', metric='tx', subsystem='enp0s25')
Telemetry(timestamp='22.05.2023 08:53:16.721215', value='0.000000', node='ubuntu', metric='tx', subsystem='lo')
Telemetry(timestamp='22.05.2023 08:53:16.725114', value='42167.000000', node='ubuntu', metric='rx', subsystem='enp0s25')
Telemetry(timestamp='22.05.2023 08:53:16.725565', value='0.000000', node='ubuntu', metric='rx', subsystem='lo')
Telemetry(timestamp='22.05.2023 08:53:17.220782', value='19.148936', node='ubuntu', metric='cpu', subsystem=None)
Telemetry(timestamp='22.05.2023 08:53:17.221259', value='401.000000', node='ubuntu', metric='tx', subsystem='enp0s25')
Telemetry(timestamp='22.05.2023 08:53:17.221284', value='1.000000', node='ubuntu', metric='tx', subsystem='lo')
Telemetry(timestamp='22.05.2023 08:53:17.225875', value='35718.000000', node='ubuntu', metric='rx', subsystem='enp0s25')
Telemetry(timestamp='22.05.2023 08:53:17.226174', value='1.000000', node='ubuntu', metric='rx', subsystem='lo')
Telemetry(timestamp='22.05.2023 08:53:17.721108', value='7.526882', node='ubuntu', metric='cpu', subsystem=None)
Telemetry(timestamp='22.05.2023 08:53:17.722861', value='1316044.000000', node='ubuntu', metric='ram', subsystem=None)
Telemetry(timestamp='22.05.2023 08:53:17.723002', value='1.000000', node='ubuntu', metric='tx', subsystem='lo')
Telemetry(timestamp='22.05.2023 08:53:17.723027', value='294.000000', node='ubuntu', metric='tx', subsystem='enp0s25')
Telemetry(timestamp='22.05.2023 08:53:17.728295', value='1.000000', node='ubuntu', metric='rx', subsystem='lo')
Telemetry(timestamp='22.05.2023 08:53:17.728629', value='40707.000000', node='ubuntu', metric='rx', subsystem='enp0s25')
Telemetry(timestamp='22.05.2023 08:53:18.221097', value='1.000000', node='ubuntu', metric='tx', subsystem='lo')
Telemetry(timestamp='22.05.2023 08:53:18.221249', value='319.000000', node='ubuntu', metric='tx', subsystem='enp0s25')
Telemetry(timestamp='22.05.2023 08:53:18.222317', value='1.000000', node='ubuntu', metric='rx', subsystem='lo')
Telemetry(timestamp='22.05.2023 08:53:18.222925', value='26.519337', node='ubuntu', metric='cpu', subsystem=None)
Telemetry(timestamp='22.05.2023 08:53:18.224487', value='39024.000000', node='ubuntu', metric='rx', subsystem='enp0s25')
Telemetry(timestamp='22.05.2023 08:53:18.721027', value='1295888.000000', node='ubuntu', metric='ram', subsystem=None)
Telemetry(timestamp='22.05.2023 08:53:18.721547', value='6.666667', node='ubuntu', metric='cpu', subsystem=None)
Telemetry(timestamp='22.05.2023 08:53:18.724106', value='1.000000', node='ubuntu', metric='tx', subsystem='lo')
Telemetry(timestamp='22.05.2023 08:53:18.724293', value='321.000000', node='ubuntu', metric='tx', subsystem='enp0s25')
Telemetry(timestamp='22.05.2023 08:53:18.728796', value='1.000000', node='ubuntu', metric='rx', subsystem='lo')
Telemetry(timestamp='22.05.2023 08:53:18.729487', value='39097.000000', node='ubuntu', metric='rx', subsystem='enp0s25')
Telemetry(timestamp='22.05.2023 08:53:19.221597', value='1.000000', node='ubuntu', metric='tx', subsystem='lo')
Telemetry(timestamp='22.05.2023 08:53:19.221742', value='214.000000', node='ubuntu', metric='tx', subsystem='enp0s25')
Telemetry(timestamp='22.05.2023 08:53:19.221776', value='25.683060', node='ubuntu', metric='cpu', subsystem=None)
Telemetry(timestamp='22.05.2023 08:53:19.226054', value='1.000000', node='ubuntu', metric='rx', subsystem='lo')
Telemetry(timestamp='22.05.2023 08:53:19.227662', value='37677.000000', node='ubuntu', metric='rx', subsystem='enp0s25')
Telemetry(timestamp='22.05.2023 08:53:19.720324', value='1276036.000000', node='ubuntu', metric='ram', subsystem=None)
Telemetry(timestamp='22.05.2023 08:53:19.720970', value='8.556150', node='ubuntu', metric='cpu', subsystem=None)
Telemetry(timestamp='22.05.2023 08:53:19.722711', value='270.000000', node='ubuntu', metric='tx', subsystem='enp0s25')
Telemetry(timestamp='22.05.2023 08:53:19.722959', value='1.000000', node='ubuntu', metric='tx', subsystem='lo')
Telemetry(timestamp='22.05.2023 08:53:19.728251', value='36068.000000', node='ubuntu', metric='rx', subsystem='enp0s25')
Telemetry(timestamp='22.05.2023 08:53:19.728809', value='1.000000', node='ubuntu', metric='rx', subsystem='lo')
Telemetry(timestamp='22.05.2023 08:53:20.221122', value='262.000000', node='ubuntu', metric='tx', subsystem='enp0s25')
Telemetry(timestamp='22.05.2023 08:53:20.221243', value='0.000000', node='ubuntu', metric='tx', subsystem='lo')
Telemetry(timestamp='22.05.2023 08:53:20.221682', value='22.282609', node='ubuntu', metric='cpu', subsystem=None)
Telemetry(timestamp='22.05.2023 08:53:20.222487', value='41263.000000', node='ubuntu', metric='rx', subsystem='enp0s25')
Telemetry(timestamp='22.05.2023 08:53:20.223819', value='0.000000', node='ubuntu', metric='rx', subsystem='lo')
Telemetry(timestamp='22.05.2023 08:53:20.721994', value='1.000000', node='ubuntu', metric='tx', subsystem='lo')
Telemetry(timestamp='22.05.2023 08:53:20.722182', value='313.000000', node='ubuntu', metric='tx', subsystem='enp0s25')
Telemetry(timestamp='22.05.2023 08:53:20.722289', value='14.285714', node='ubuntu', metric='cpu', subsystem=None)
Telemetry(timestamp='22.05.2023 08:53:20.724304', value='1271880.000000', node='ubuntu', metric='ram', subsystem=None)
Telemetry(timestamp='22.05.2023 08:53:20.725832', value='1.000000', node='ubuntu', metric='rx', subsystem='lo')
Telemetry(timestamp='22.05.2023 08:53:20.726581', value='32810.000000', node='ubuntu', metric='rx', subsystem='enp0s25')
Telemetry(timestamp='22.05.2023 08:53:21.221785', value='550.000000', node='ubuntu', metric='tx', subsystem='enp0s25')
Telemetry(timestamp='22.05.2023 08:53:21.221808', value='1.000000', node='ubuntu', metric='tx', subsystem='lo')
Telemetry(timestamp='22.05.2023 08:53:21.224319', value='17.791411', node='ubuntu', metric='cpu', subsystem=None)
Telemetry(timestamp='22.05.2023 08:53:21.225239', value='39338.000000', node='ubuntu', metric='rx', subsystem='enp0s25')
Telemetry(timestamp='22.05.2023 08:53:21.225560', value='1.000000', node='ubuntu', metric='rx', subsystem='lo')
Telemetry(timestamp='22.05.2023 08:53:21.720892', value='25.806452', node='ubuntu', metric='cpu', subsystem=None)
Telemetry(timestamp='22.05.2023 08:53:21.720979', value='1263684.000000', node='ubuntu', metric='ram', subsystem=None)
Telemetry(timestamp='22.05.2023 08:53:21.724955', value='480.000000', node='ubuntu', metric='tx', subsystem='enp0s25')
Telemetry(timestamp='22.05.2023 08:53:21.725458', value='1.000000', node='ubuntu', metric='tx', subsystem='lo')
Telemetry(timestamp='22.05.2023 08:53:21.728709', value='37396.000000', node='ubuntu', metric='rx', subsystem='enp0s25')
Telemetry(timestamp='22.05.2023 08:53:21.730396', value='1.000000', node='ubuntu', metric='rx', subsystem='lo')
Telemetry(timestamp='22.05.2023 08:53:22.220949', value='1.000000', node='ubuntu', metric='tx', subsystem='lo')
Telemetry(timestamp='22.05.2023 08:53:22.221014', value='524.000000', node='ubuntu', metric='tx', subsystem='enp0s25')
Telemetry(timestamp='22.05.2023 08:53:22.221122', value='9.782609', node='ubuntu', metric='cpu', subsystem=None)
Telemetry(timestamp='22.05.2023 08:53:22.223915', value='1.000000', node='ubuntu', metric='rx', subsystem='lo')
Telemetry(timestamp='22.05.2023 08:53:22.224825', value='37542.000000', node='ubuntu', metric='rx', subsystem='enp0s25')
Telemetry(timestamp='22.05.2023 08:53:22.720810', value='23.913043', node='ubuntu', metric='cpu', subsystem=None)
Telemetry(timestamp='22.05.2023 08:53:22.720895', value='1256624.000000', node='ubuntu', metric='ram', subsystem=None)
Telemetry(timestamp='22.05.2023 08:53:22.721367', value='1.000000', node='ubuntu', metric='tx', subsystem='lo')
Telemetry(timestamp='22.05.2023 08:53:22.721388', value='570.000000', node='ubuntu', metric='tx', subsystem='enp0s25')
Telemetry(timestamp='22.05.2023 08:53:22.724216', value='1.000000', node='ubuntu', metric='rx', subsystem='lo')
Telemetry(timestamp='22.05.2023 08:53:22.724725', value='36924.000000', node='ubuntu', metric='rx', subsystem='enp0s25')
Telemetry(timestamp='22.05.2023 08:53:23.221087', value='1.000000', node='ubuntu', metric='tx', subsystem='lo')
Telemetry(timestamp='22.05.2023 08:53:23.221339', value='494.000000', node='ubuntu', metric='tx', subsystem='enp0s25')
Telemetry(timestamp='22.05.2023 08:53:23.221833', value='5.681818', node='ubuntu', metric='cpu', subsystem=None)
Telemetry(timestamp='22.05.2023 08:53:23.223346', value='1.000000', node='ubuntu', metric='rx', subsystem='lo')
Telemetry(timestamp='22.05.2023 08:53:23.225511', value='37139.000000', node='ubuntu', metric='rx', subsystem='enp0s25')
Telemetry(timestamp='22.05.2023 08:53:23.720710', value='1334560.000000', node='ubuntu', metric='ram', subsystem=None)
Telemetry(timestamp='22.05.2023 08:53:23.722309', value='25.842697', node='ubuntu', metric='cpu', subsystem=None)
Telemetry(timestamp='22.05.2023 08:53:23.722500', value='0.000000', node='ubuntu', metric='tx', subsystem='lo')
Telemetry(timestamp='22.05.2023 08:53:23.722580', value='428.000000', node='ubuntu', metric='tx', subsystem='enp0s25')
Telemetry(timestamp='22.05.2023 08:53:23.726989', value='0.000000', node='ubuntu', metric='rx', subsystem='lo')
Telemetry(timestamp='22.05.2023 08:53:23.727927', value='43604.000000', node='ubuntu', metric='rx', subsystem='enp0s25')
Telemetry(timestamp='22.05.2023 08:53:24.221872', value='13.756614', node='ubuntu', metric='cpu', subsystem=None)
Telemetry(timestamp='22.05.2023 08:53:24.222525', value='388.000000', node='ubuntu', metric='tx', subsystem='enp0s25')
Telemetry(timestamp='22.05.2023 08:53:24.223080', value='1.000000', node='ubuntu', metric='tx', subsystem='lo')
Telemetry(timestamp='22.05.2023 08:53:24.223685', value='34829.000000', node='ubuntu', metric='rx', subsystem='enp0s25')
Telemetry(timestamp='22.05.2023 08:53:24.225578', value='1.000000', node='ubuntu', metric='rx', subsystem='lo')
Telemetry(timestamp='22.05.2023 08:53:24.721021', value='8.743169', node='ubuntu', metric='cpu', subsystem=None)
Telemetry(timestamp='22.05.2023 08:53:24.721087', value='1333168.000000', node='ubuntu', metric='ram', subsystem=None)
Telemetry(timestamp='22.05.2023 08:53:24.722277', value='1.000000', node='ubuntu', metric='tx', subsystem='lo')
Telemetry(timestamp='22.05.2023 08:53:24.722314', value='592.000000', node='ubuntu', metric='tx', subsystem='enp0s25')
Telemetry(timestamp='22.05.2023 08:53:24.724539', value='1.000000', node='ubuntu', metric='rx', subsystem='lo')
Telemetry(timestamp='22.05.2023 08:53:24.724785', value='37264.000000', node='ubuntu', metric='rx', subsystem='enp0s25')
Telemetry(timestamp='22.05.2023 08:53:25.220997', value='1.000000', node='ubuntu', metric='tx', subsystem='lo')
Telemetry(timestamp='22.05.2023 08:53:25.221253', value='529.000000', node='ubuntu', metric='tx', subsystem='enp0s25')
Telemetry(timestamp='22.05.2023 08:53:25.221268', value='23.913043', node='ubuntu', metric='cpu', subsystem=None)
Telemetry(timestamp='22.05.2023 08:53:25.223800', value='1.000000', node='ubuntu', metric='rx', subsystem='lo')
Telemetry(timestamp='22.05.2023 08:53:25.224888', value='33274.000000', node='ubuntu', metric='rx', subsystem='enp0s25')
Telemetry(timestamp='22.05.2023 08:53:25.720675', value='1293456.000000', node='ubuntu', metric='ram', subsystem=None)
Telemetry(timestamp='22.05.2023 08:53:25.721269', value='6.629834', node='ubuntu', metric='cpu', subsystem=None)
Telemetry(timestamp='22.05.2023 08:53:25.721624', value='542.000000', node='ubuntu', metric='tx', subsystem='enp0s25')
Telemetry(timestamp='22.05.2023 08:53:25.721638', value='1.000000', node='ubuntu', metric='tx', subsystem='lo')
Telemetry(timestamp='22.05.2023 08:53:25.726736', value='33955.000000', node='ubuntu', metric='rx', subsystem='enp0s25')
Telemetry(timestamp='22.05.2023 08:53:25.727058', value='1.000000', node='ubuntu', metric='rx', subsystem='lo')
Telemetry(timestamp='22.05.2023 08:53:26.221381', value='20.329670', node='ubuntu', metric='cpu', subsystem=None)
Telemetry(timestamp='22.05.2023 08:53:26.221587', value='0.000000', node='ubuntu', metric='tx', subsystem='lo')
Telemetry(timestamp='22.05.2023 08:53:26.221619', value='631.000000', node='ubuntu', metric='tx', subsystem='enp0s25')
Telemetry(timestamp='22.05.2023 08:53:26.225817', value='0.000000', node='ubuntu', metric='rx', subsystem='lo')
Telemetry(timestamp='22.05.2023 08:53:26.226137', value='40032.000000', node='ubuntu', metric='rx', subsystem='enp0s25')
Telemetry(timestamp='22.05.2023 08:53:26.720231', value='1291164.000000', node='ubuntu', metric='ram', subsystem=None)
Telemetry(timestamp='22.05.2023 08:53:26.720726', value='15.591398', node='ubuntu', metric='cpu', subsystem=None)
Telemetry(timestamp='22.05.2023 08:53:26.721322', value='1.000000', node='ubuntu', metric='tx', subsystem='lo')
Telemetry(timestamp='22.05.2023 08:53:26.721382', value='560.000000', node='ubuntu', metric='tx', subsystem='enp0s25')
Telemetry(timestamp='22.05.2023 08:53:26.724031', value='1.000000', node='ubuntu', metric='rx', subsystem='lo')
Telemetry(timestamp='22.05.2023 08:53:26.725177', value='37273.000000', node='ubuntu', metric='rx', subsystem='enp0s25')
Telemetry(timestamp='22.05.2023 08:53:27.221308', value='394.000000', node='ubuntu', metric='tx', subsystem='enp0s25')
Telemetry(timestamp='22.05.2023 08:53:27.222014', value='1.000000', node='ubuntu', metric='tx', subsystem='lo')
Telemetry(timestamp='22.05.2023 08:53:27.222148', value='11.578947', node='ubuntu', metric='cpu', subsystem=None)
Telemetry(timestamp='22.05.2023 08:53:27.223384', value='44415.000000', node='ubuntu', metric='rx', subsystem='enp0s25')
Telemetry(timestamp='22.05.2023 08:53:27.224899', value='1.000000', node='ubuntu', metric='rx', subsystem='lo')
Telemetry(timestamp='22.05.2023 08:53:27.720685', value='316.000000', node='ubuntu', metric='tx', subsystem='enp0s25')
Telemetry(timestamp='22.05.2023 08:53:27.720687', value='1.000000', node='ubuntu', metric='tx', subsystem='lo')
Telemetry(timestamp='22.05.2023 08:53:27.720693', value='25.136612', node='ubuntu', metric='cpu', subsystem=None)
Telemetry(timestamp='22.05.2023 08:53:27.721090', value='1266940.000000', node='ubuntu', metric='ram', subsystem=None)
Telemetry(timestamp='22.05.2023 08:53:27.722298', value='37235.000000', node='ubuntu', metric='rx', subsystem='enp0s25')
Telemetry(timestamp='22.05.2023 08:53:27.722560', value='1.000000', node='ubuntu', metric='rx', subsystem='lo')
Telemetry(timestamp='22.05.2023 08:53:28.221219', value='564.000000', node='ubuntu', metric='tx', subsystem='enp0s25')
Telemetry(timestamp='22.05.2023 08:53:28.221255', value='8.196721', node='ubuntu', metric='cpu', subsystem=None)
Telemetry(timestamp='22.05.2023 08:53:28.221864', value='1.000000', node='ubuntu', metric='tx', subsystem='lo')
Telemetry(timestamp='22.05.2023 08:53:28.223053', value='35436.000000', node='ubuntu', metric='rx', subsystem='enp0s25')
Telemetry(timestamp='22.05.2023 08:53:28.228430', value='1.000000', node='ubuntu', metric='rx', subsystem='lo')
Telemetry(timestamp='22.05.2023 08:53:28.720833', value='1341436.000000', node='ubuntu', metric='ram', subsystem=None)
Telemetry(timestamp='22.05.2023 08:53:28.721231', value='26.630435', node='ubuntu', metric='cpu', subsystem=None)
Telemetry(timestamp='22.05.2023 08:53:28.721318', value='1.000000', node='ubuntu', metric='tx', subsystem='lo')
Telemetry(timestamp='22.05.2023 08:53:28.721341', value='555.000000', node='ubuntu', metric='tx', subsystem='enp0s25')
Telemetry(timestamp='22.05.2023 08:53:28.725328', value='1.000000', node='ubuntu', metric='rx', subsystem='lo')
Telemetry(timestamp='22.05.2023 08:53:28.725647', value='35272.000000', node='ubuntu', metric='rx', subsystem='enp0s25')
Telemetry(timestamp='22.05.2023 08:53:29.221199', value='7.103825', node='ubuntu', metric='cpu', subsystem=None)
Telemetry(timestamp='22.05.2023 08:53:29.221677', value='313.000000', node='ubuntu', metric='tx', subsystem='enp0s25')
Telemetry(timestamp='22.05.2023 08:53:29.222795', value='1.000000', node='ubuntu', metric='tx', subsystem='lo')
Telemetry(timestamp='22.05.2023 08:53:29.225389', value='38466.000000', node='ubuntu', metric='rx', subsystem='enp0s25')
Telemetry(timestamp='22.05.2023 08:53:29.230466', value='1.000000', node='ubuntu', metric='rx', subsystem='lo')
Telemetry(timestamp='22.05.2023 08:53:29.720988', value='1325064.000000', node='ubuntu', metric='ram', subsystem=None)
Telemetry(timestamp='22.05.2023 08:53:29.721754', value='0.000000', node='ubuntu', metric='tx', subsystem='lo')
Telemetry(timestamp='22.05.2023 08:53:29.722123', value='187.000000', node='ubuntu', metric='tx', subsystem='enp0s25')
Telemetry(timestamp='22.05.2023 08:53:29.722205', value='25.423729', node='ubuntu', metric='cpu', subsystem=None)
Telemetry(timestamp='22.05.2023 08:53:29.726115', value='0.000000', node='ubuntu', metric='rx', subsystem='lo')
Telemetry(timestamp='22.05.2023 08:53:29.727336', value='41163.000000', node='ubuntu', metric='rx', subsystem='enp0s25')
Telemetry(timestamp='22.05.2023 08:53:30.222486', value='15.384615', node='ubuntu', metric='cpu', subsystem=None)
Telemetry(timestamp='22.05.2023 08:53:30.222639', value='346.000000', node='ubuntu', metric='tx', subsystem='enp0s25')
Telemetry(timestamp='22.05.2023 08:53:30.222755', value='1.000000', node='ubuntu', metric='tx', subsystem='lo')
Telemetry(timestamp='22.05.2023 08:53:30.228400', value='35060.000000', node='ubuntu', metric='rx', subsystem='enp0s25')
Telemetry(timestamp='22.05.2023 08:53:30.229202', value='1.000000', node='ubuntu', metric='rx', subsystem='lo')
Telemetry(timestamp='22.05.2023 08:53:30.721362', value='1345848.000000', node='ubuntu', metric='ram', subsystem=None)
Telemetry(timestamp='22.05.2023 08:53:30.721934', value='11.666667', node='ubuntu', metric='cpu', subsystem=None)
Telemetry(timestamp='22.05.2023 08:53:30.722665', value='462.000000', node='ubuntu', metric='tx', subsystem='enp0s25')
Telemetry(timestamp='22.05.2023 08:53:30.722874', value='1.000000', node='ubuntu', metric='tx', subsystem='lo')
Telemetry(timestamp='22.05.2023 08:53:30.726402', value='43555.000000', node='ubuntu', metric='rx', subsystem='enp0s25')
Telemetry(timestamp='22.05.2023 08:53:30.726881', value='1.000000', node='ubuntu', metric='rx', subsystem='lo')
Telemetry(timestamp='22.05.2023 08:53:31.221204', value='1.000000', node='ubuntu', metric='tx', subsystem='lo')
Telemetry(timestamp='22.05.2023 08:53:31.221414', value='337.000000', node='ubuntu', metric='tx', subsystem='enp0s25')
Telemetry(timestamp='22.05.2023 08:53:31.222013', value='25.405405', node='ubuntu', metric='cpu', subsystem=None)
Telemetry(timestamp='22.05.2023 08:53:31.224124', value='1.000000', node='ubuntu', metric='rx', subsystem='lo')
Telemetry(timestamp='22.05.2023 08:53:31.225725', value='33685.000000', node='ubuntu', metric='rx', subsystem='enp0s25')
Telemetry(timestamp='22.05.2023 08:53:31.720962', value='7.446809', node='ubuntu', metric='cpu', subsystem=None)
Telemetry(timestamp='22.05.2023 08:53:31.721398', value='1315652.000000', node='ubuntu', metric='ram', subsystem=None)
Telemetry(timestamp='22.05.2023 08:53:31.723012', value='378.000000', node='ubuntu', metric='tx', subsystem='enp0s25')
Telemetry(timestamp='22.05.2023 08:53:31.723111', value='1.000000', node='ubuntu', metric='tx', subsystem='lo')
Telemetry(timestamp='22.05.2023 08:53:31.726077', value='37597.000000', node='ubuntu', metric='rx', subsystem='enp0s25')
Telemetry(timestamp='22.05.2023 08:53:31.726340', value='1.000000', node='ubuntu', metric='rx', subsystem='lo')
Telemetry(timestamp='22.05.2023 08:53:32.221505', value='20.441989', node='ubuntu', metric='cpu', subsystem=None)
Telemetry(timestamp='22.05.2023 08:53:32.221737', value='0.000000', node='ubuntu', metric='tx', subsystem='lo')
Telemetry(timestamp='22.05.2023 08:53:32.221889', value='348.000000', node='ubuntu', metric='tx', subsystem='enp0s25')
Telemetry(timestamp='22.05.2023 08:53:32.227518', value='0.000000', node='ubuntu', metric='rx', subsystem='lo')
Telemetry(timestamp='22.05.2023 08:53:32.228254', value='35089.000000', node='ubuntu', metric='rx', subsystem='enp0s25')
Telemetry(timestamp='22.05.2023 08:53:32.721113', value='1260336.000000', node='ubuntu', metric='ram', subsystem=None)
Telemetry(timestamp='22.05.2023 08:53:32.721800', value='0.505051', node='ubuntu', metric='cpu', subsystem=None)
Telemetry(timestamp='22.05.2023 08:53:32.722105', value='128.000000', node='ubuntu', metric='tx', subsystem='enp0s25')
Telemetry(timestamp='22.05.2023 08:53:32.723088', value='0.000000', node='ubuntu', metric='tx', subsystem='lo')
Telemetry(timestamp='22.05.2023 08:53:32.726506', value='7725.000000', node='ubuntu', metric='rx', subsystem='enp0s25')