Telemetry(timestamp='28.05.2023 23:20:16.446763', value='9.000000', node='ubuntu', metric='tx', subsystem='enp0s25')
Telemetry(timestamp='28.05.2023 23:20:16.450544', value='0.000000', node='ubuntu', metric='cpu', subsystem=None)
Telemetry(timestamp='28.05.2023 23:20:16.237452', value='4.000000', node='ubuntu', metric='rx', subsystem='enp0s25')
Telemetry(timestamp='28.05.2023 23:20:16.543489', value='1087380.000000', node='ubuntu', metric='ram', subsystem=None)
Telemetry(timestamp='28.05.2023 23:20:16.544453', value='3.517588', node='ubuntu', metric='cpu', subsystem=None)
Telemetry(timestamp='28.05.2023 23:20:16.546059', value='9.000000', node='ubuntu', metric='tx', subsystem='enp0s25')
Telemetry(timestamp='28.05.2023 23:20:16.761336', value='4.000000', node='ubuntu', metric='rx', subsystem='enp0s25')
Telemetry(timestamp='28.05.2023 23:20:17.436671', value='0.505051', node='ubuntu', metric='cpu', subsystem=None)
Telemetry(timestamp='28.05.2023 23:20:17.449295', value='9.000000', node='ubuntu', metric='tx', subsystem='enp0s25')
Telemetry(timestamp='28.05.2023 23:20:17.264047', value='4.000000', node='ubuntu', metric='rx', subsystem='enp0s25')
Telemetry(timestamp='28.05.2023 23:20:17.544281', value='3.061224', node='ubuntu', metric='cpu', subsystem=None)
Telemetry(timestamp='28.05.2023 23:20:17.544768', value='0.120000', node='ubuntu', metric='load1', subsystem=None)
Telemetry(timestamp='28.05.2023 23:20:17.545287', value='9.000000', node='ubuntu', metric='tx', subsystem='enp0s25')
Telemetry(timestamp='28.05.2023 23:20:17.545544', value='1087632.000000', node='ubuntu', metric='ram', subsystem=None)
Telemetry(timestamp='28.05.2023 23:20:17.784966', value='0.060000', node='ubuntu', metric='load5', subsystem=None)
Telemetry(timestamp='28.05.2023 23:20:17.804435', value='4.000000', node='ubuntu', metric='rx', subsystem='enp0s25')
Telemetry(timestamp='28.05.2023 23:20:18.447502', value='9.000000', node='ubuntu', metric='tx', subsystem='enp0s25')
Telemetry(timestamp='28.05.2023 23:20:18.460331', value='1.005025', node='ubuntu', metric='cpu', subsystem=None)
Telemetry(timestamp='28.05.2023 23:20:18.203680', value='4.000000', node='ubuntu', metric='rx', subsystem='enp0s25')
Telemetry(timestamp='28.05.2023 23:20:18.543617', value='1087632.000000', node='ubuntu', metric='ram', subsystem=None)
Telemetry(timestamp='28.05.2023 23:20:18.543650', value='0.000000', node='ubuntu', metric='cpu', subsystem=None)
Telemetry(timestamp='28.05.2023 23:20:18.546066', value='9.000000', node='ubuntu', metric='tx', subsystem='enp0s25')
Telemetry(timestamp='28.05.2023 23:20:18.714203', value='8.000000', node='ubuntu', metric='rx', subsystem='enp0s25')
Telemetry(timestamp='28.05.2023 23:20:19.442667', value='9.000000', node='ubuntu', metric='tx', subsystem='enp0s25')
Telemetry(timestamp='28.05.2023 23:20:19.442774', value='3.535354', node='ubuntu', metric='cpu', subsystem=None)
Telemetry(timestamp='28.05.2023 23:20:19.193817', value='7.000000', node='ubuntu', metric='rx', subsystem='enp0s25')
Telemetry(timestamp='28.05.2023 23:20:19.544322', value='1087632.000000', node='ubuntu', metric='ram', subsystem=None)
Telemetry(timestamp='28.05.2023 23:20:19.544971', value='0.502513', node='ubuntu', metric='cpu', subsystem=None)
Telemetry(timestamp='28.05.2023 23:20:19.545592', value='9.000000', node='ubuntu', metric='tx', subsystem='enp0s25')
Telemetry(timestamp='28.05.2023 23:20:19.727607', value='4.000000', node='ubuntu', metric='rx', subsystem='enp0s25')
Telemetry(timestamp='28.05.2023 23:20:20.447542', value='1.500000', node='ubuntu', metric='cpu', subsystem=None)
Telemetry(timestamp='28.05.2023 23:20:20.463471', value='9.000000', node='ubuntu', metric='tx', subsystem='enp0s25')
Telemetry(timestamp='28.05.2023 23:20:20.230317', value='4.000000', node='ubuntu', metric='rx', subsystem='enp0s25')
Telemetry(timestamp='28.05.2023 23:20:20.545331', value='1087884.000000', node='ubuntu', metric='ram', subsystem=None)
Telemetry(timestamp='28.05.2023 23:20:20.545476', value='1.005025', node='ubuntu', metric='cpu', subsystem=None)
Telemetry(timestamp='28.05.2023 23:20:20.545664', value='9.000000', node='ubuntu', metric='tx', subsystem='enp0s25')
Telemetry(timestamp='28.05.2023 23:20:20.751758', value='4.000000', node='ubuntu', metric='rx', subsystem='enp0s25')
Telemetry(timestamp='28.05.2023 23:20:21.451552', value='0.505051', node='ubuntu', metric='cpu', subsystem=None)
Telemetry(timestamp='28.05.2023 23:20:21.452879', value='9.000000', node='ubuntu', metric='tx', subsystem='enp0s25')
Telemetry(timestamp='28.05.2023 23:20:21.265971', value='4.000000', node='ubuntu', metric='rx', subsystem='enp0s25')
Telemetry(timestamp='28.05.2023 23:20:21.544444', value='1.990050', node='ubuntu', metric='cpu', subsystem=None)
Telemetry(timestamp='28.05.2023 23:20:21.544810', value='1087884.000000', node='ubuntu', metric='ram', subsystem=None)
Telemetry(timestamp='28.05.2023 23:20:21.545309', value='9.000000', node='ubuntu', metric='tx', subsystem='enp0s25')
Telemetry(timestamp='28.05.2023 23:20:21.761696', value='4.000000', node='ubuntu', metric='rx', subsystem='enp0s25')
Telemetry(timestamp='28.05.2023 23:20:22.446946', value='1.005025', node='ubuntu', metric='cpu', subsystem=None)
Telemetry(timestamp='28.05.2023 23:20:22.449171', value='9.000000', node='ubuntu', metric='tx', subsystem='enp0s25')
Telemetry(timestamp='28.05.2023 23:20:22.275764', value='4.000000', node='ubuntu', metric='rx', subsystem='enp0s25')
Telemetry(timestamp='28.05.2023 23:20:22.544216', value='1087884.000000', node='ubuntu', metric='ram', subsystem=None)
Telemetry(timestamp='28.05.2023 23:20:22.544723', value='0.110000', node='ubuntu', metric='load1', subsystem=None)
Telemetry(timestamp='28.05.2023 23:20:22.545633', value='3.092784', node='ubuntu', metric='cpu', subsystem=None)
Telemetry(timestamp='28.05.2023 23:20:22.545894', value='10.000000', node='ubuntu', metric='tx', subsystem='enp0s25')
Telemetry(timestamp='28.05.2023 23:20:22.680872', value='0.060000', node='ubuntu', metric='load5', subsystem=None)
Telemetry(timestamp='28.05.2023 23:20:22.711156', value='4.000000', node='ubuntu', metric='rx', subsystem='enp0s25')
Telemetry(timestamp='28.05.2023 23:20:23.464456', value='1.005025', node='ubuntu', metric='cpu', subsystem=None)
Telemetry(timestamp='28.05.2023 23:20:23.465471', value='10.000000', node='ubuntu', metric='tx', subsystem='enp0s25')
Telemetry(timestamp='28.05.2023 23:20:23.152334', value='5.000000', node='ubuntu', metric='rx', subsystem='enp0s25')
Telemetry(timestamp='28.05.2023 23:20:23.543588', value='5.759162', node='ubuntu', metric='cpu', subsystem=None)
Telemetry(timestamp='28.05.2023 23:20:23.543891', value='1090024.000000', node='ubuntu', metric='ram', subsystem=None)
Telemetry(timestamp='28.05.2023 23:20:23.546072', value='43.000000', node='ubuntu', metric='tx', subsystem='enp0s25')
Telemetry(timestamp='28.05.2023 23:20:23.717619', value='1416.000000', node='ubuntu', metric='rx', subsystem='enp0s25')
Telemetry(timestamp='28.05.2023 23:20:24.440614', value='78.000000', node='ubuntu', metric='tx', subsystem='enp0s25')
Telemetry(timestamp='28.05.2023 23:20:24.442783', value='8.510638', node='ubuntu', metric='cpu', subsystem=None)
Telemetry(timestamp='28.05.2023 23:20:24.218615', value='2899.000000', node='ubuntu', metric='rx', subsystem='enp0s25')
Telemetry(timestamp='28.05.2023 23:20:24.544002', value='1101268.000000', node='ubuntu', metric='ram', subsystem=None)
Telemetry(timestamp='28.05.2023 23:20:24.544287', value='9.625668', node='ubuntu', metric='cpu', subsystem=None)
Telemetry(timestamp='28.05.2023 23:20:24.544680', value='85.000000', node='ubuntu', metric='tx', subsystem='enp0s25')
Telemetry(timestamp='28.05.2023 23:20:24.782007', value='3192.000000', node='ubuntu', metric='rx', subsystem='enp0s25')
Telemetry(timestamp='28.05.2023 23:20:25.438807', value='8.994709', node='ubuntu', metric='cpu', subsystem=None)
Telemetry(timestamp='28.05.2023 23:20:25.454086', value='89.000000', node='ubuntu', metric='tx', subsystem='enp0s25')
Telemetry(timestamp='28.05.2023 23:20:25.282652', value='3602.000000', node='ubuntu', metric='rx', subsystem='enp0s25')
Telemetry(timestamp='28.05.2023 23:20:25.544186', value='5.319149', node='ubuntu', metric='cpu', subsystem=None)
Telemetry(timestamp='28.05.2023 23:20:25.544334', value='1092540.000000', node='ubuntu', metric='ram', subsystem=None)
Telemetry(timestamp='28.05.2023 23:20:25.544491', value='90.000000', node='ubuntu', metric='tx', subsystem='enp0s25')
Telemetry(timestamp='28.05.2023 23:20:25.749757', value='3652.000000', node='ubuntu', metric='rx', subsystem='enp0s25')
Telemetry(timestamp='28.05.2023 23:20:26.443531', value='89.000000', node='ubuntu', metric='tx', subsystem='enp0s25')
Telemetry(timestamp='28.05.2023 23:20:26.457590', value='6.914894', node='ubuntu', metric='cpu', subsystem=None)
Telemetry(timestamp='28.05.2023 23:20:26.248345', value='3404.000000', node='ubuntu', metric='rx', subsystem='enp0s25')
Telemetry(timestamp='28.05.2023 23:20:26.544035', value='1102604.000000', node='ubuntu', metric='ram', subsystem=None)
Telemetry(timestamp='28.05.2023 23:20:26.545633', value='9.090909', node='ubuntu', metric='cpu', subsystem=None)
Telemetry(timestamp='28.05.2023 23:20:26.545702', value='88.000000', node='ubuntu', metric='tx', subsystem='enp0s25')
Telemetry(timestamp='28.05.2023 23:20:26.686585', value='3225.000000', node='ubuntu', metric='rx', subsystem='enp0s25')
Telemetry(timestamp='28.05.2023 23:20:27.449221', value='11.170213', node='ubuntu', metric='cpu', subsystem=None)
Telemetry(timestamp='28.05.2023 23:20:27.460798', value='87.000000', node='ubuntu', metric='tx', subsystem='enp0s25')
Telemetry(timestamp='28.05.2023 23:20:27.897850', value='3307.000000', node='ubuntu', metric='rx', subsystem='enp0s25')
Telemetry(timestamp='28.05.2023 23:20:27.543557', value='1100148.000000', node='ubuntu', metric='ram', subsystem=None)
Telemetry(timestamp='28.05.2023 23:20:27.543699', value='0.100000', node='ubuntu', metric='load1', subsystem=None)
Telemetry(timestamp='28.05.2023 23:20:27.543938', value='8.743169', node='ubuntu', metric='cpu', subsystem=None)
Telemetry(timestamp='28.05.2023 23:20:27.545541', value='91.000000', node='ubuntu', metric='tx', subsystem='enp0s25')
Telemetry(timestamp='28.05.2023 23:20:27.690200', value='0.060000', node='ubuntu', metric='load5', subsystem=None)
Telemetry(timestamp='28.05.2023 23:20:27.726740', value='3701.000000', node='ubuntu', metric='rx', subsystem='enp0s25')
Telemetry(timestamp='28.05.2023 23:20:28.437072', value='7.446809', node='ubuntu', metric='cpu', subsystem=None)
Telemetry(timestamp='28.05.2023 23:20:28.442230', value='94.000000', node='ubuntu', metric='tx', subsystem='enp0s25')
Telemetry(timestamp='28.05.2023 23:20:28.232193', value='3720.000000', node='ubuntu', metric='rx', subsystem='enp0s25')
Telemetry(timestamp='28.05.2023 23:20:28.544004', value='91.000000', node='ubuntu', metric='tx', subsystem='enp0s25')
Telemetry(timestamp='28.05.2023 23:20:28.544335', value='1099556.000000', node='ubuntu', metric='ram', subsystem=None)
Telemetry(timestamp='28.05.2023 23:20:28.544478', value='9.523810', node='ubuntu', metric='cpu', subsystem=None)
Telemetry(timestamp='28.05.2023 23:20:28.709518', value='3440.000000', node='ubuntu', metric='rx', subsystem='enp0s25')
Telemetry(timestamp='28.05.2023 23:20:29.449277', value='11.702128', node='ubuntu', metric='cpu', subsystem=None)
Telemetry(timestamp='28.05.2023 23:20:29.450417', value='87.000000', node='ubuntu', metric='tx', subsystem='enp0s25')
Telemetry(timestamp='28.05.2023 23:20:29.244965', value='3412.000000', node='ubuntu', metric='rx', subsystem='enp0s25')
Telemetry(timestamp='28.05.2023 23:20:29.543641', value='1093108.000000', node='ubuntu', metric='ram', subsystem=None)
Telemetry(timestamp='28.05.2023 23:20:29.545636', value='10.160428', node='ubuntu', metric='cpu', subsystem=None)
Telemetry(timestamp='28.05.2023 23:20:29.545937', value='88.000000', node='ubuntu', metric='tx', subsystem='enp0s25')
Telemetry(timestamp='28.05.2023 23:20:29.767747', value='3395.000000', node='ubuntu', metric='rx', subsystem='enp0s25')
Telemetry(timestamp='28.05.2023 23:20:30.444679', value='8.648649', node='ubuntu', metric='cpu', subsystem=None)
Telemetry(timestamp='28.05.2023 23:20:30.456320', value='88.000000', node='ubuntu', metric='tx', subsystem='enp0s25')
Telemetry(timestamp='28.05.2023 23:20:30.185539', value='3491.000000', node='ubuntu', metric='rx', subsystem='enp0s25')
Telemetry(timestamp='28.05.2023 23:20:30.544234', value='89.000000', node='ubuntu', metric='tx', subsystem='enp0s25')
Telemetry(timestamp='28.05.2023 23:20:30.544322', value='5.347594', node='ubuntu', metric='cpu', subsystem=None)
Telemetry(timestamp='28.05.2023 23:20:30.545052', value='1099768.000000', node='ubuntu', metric='ram', subsystem=None)
Telemetry(timestamp='28.05.2023 23:20:30.779217', value='3637.000000', node='ubuntu', metric='rx', subsystem='enp0s25')
Telemetry(timestamp='28.05.2023 23:20:31.447342', value='93.000000', node='ubuntu', metric='tx', subsystem='enp0s25')
Telemetry(timestamp='28.05.2023 23:20:31.449567', value='6.914894', node='ubuntu', metric='cpu', subsystem=None)
Telemetry(timestamp='28.05.2023 23:20:31.192570', value='3446.000000', node='ubuntu', metric='rx', subsystem='enp0s25')
Telemetry(timestamp='28.05.2023 23:20:31.543327', value='1085136.000000', node='ubuntu', metric='ram', subsystem=None)
Telemetry(timestamp='28.05.2023 23:20:31.545187', value='6.989247', node='ubuntu', metric='cpu', subsystem=None)
Telemetry(timestamp='28.05.2023 23:20:31.546397', value='88.000000', node='ubuntu', metric='tx', subsystem='enp0s25')
Telemetry(timestamp='28.05.2023 23:20:31.759020', value='3303.000000', node='ubuntu', metric='rx', subsystem='enp0s25')
Telemetry(timestamp='28.05.2023 23:20:32.436455', value='5.729167', node='ubuntu', metric='cpu', subsystem=None)
Telemetry(timestamp='28.05.2023 23:20:32.452775', value='87.000000', node='ubuntu', metric='tx', subsystem='enp0s25')
Telemetry(timestamp='28.05.2023 23:20:32.235345', value='3449.000000', node='ubuntu', metric='rx', subsystem='enp0s25')
Telemetry(timestamp='28.05.2023 23:20:32.543742', value='89.000000', node='ubuntu', metric='tx', subsystem='enp0s25')
Telemetry(timestamp='28.05.2023 23:20:32.543826', value='12.365591', node='ubuntu', metric='cpu', subsystem=None)
Telemetry(timestamp='28.05.2023 23:20:32.543861', value='0.090000', node='ubuntu', metric='load1', subsystem=None)
Telemetry(timestamp='28.05.2023 23:20:32.543959', value='1086868.000000', node='ubuntu', metric='ram', subsystem=None)
Telemetry(timestamp='28.05.2023 23:20:32.554612', value='3564.000000', node='ubuntu', metric='rx', subsystem='enp0s25')
Telemetry(timestamp='28.05.2023 23:20:32.577286', value='0.060000', node='ubuntu', metric='load5', subsystem=None)
Telemetry(timestamp='28.05.2023 23:20:33.442990', value='4.210526', node='ubuntu', metric='cpu', subsystem=None)
Telemetry(timestamp='28.05.2023 23:20:33.443990', value='94.000000', node='ubuntu', metric='tx', subsystem='enp0s25')
Telemetry(timestamp='28.05.2023 23:20:33.240010', value='3575.000000', node='ubuntu', metric='rx', subsystem='enp0s25')
Telemetry(timestamp='28.05.2023 23:20:33.543524', value='1092620.000000', node='ubuntu', metric='ram', subsystem=None)
Telemetry(timestamp='28.05.2023 23:20:33.544570', value='92.000000', node='ubuntu', metric='tx', subsystem='enp0s25')
Telemetry(timestamp='28.05.2023 23:20:33.545167', value='7.853403', node='ubuntu', metric='cpu', subsystem=None)
Telemetry(timestamp='28.05.2023 23:20:33.739025', value='3401.000000', node='ubuntu', metric='rx', subsystem='enp0s25')
Telemetry(timestamp='28.05.2023 23:20:34.439469', value='8.994709', node='ubuntu', metric='cpu', subsystem=None)
Telemetry(timestamp='28.05.2023 23:20:34.455685', value='87.000000', node='ubuntu', metric='tx', subsystem='enp0s25')
Telemetry(timestamp='28.05.2023 23:20:34.269694', value='3242.000000', node='ubuntu', metric='rx', subsystem='enp0s25')
Telemetry(timestamp='28.05.2023 23:20:34.543757', value='1088956.000000', node='ubuntu', metric='ram', subsystem=None)
Telemetry(timestamp='28.05.2023 23:20:34.544625', value='8.465608', node='ubuntu', metric='cpu', subsystem=None)
Telemetry(timestamp='28.05.2023 23:20:34.545819', value='88.000000', node='ubuntu', metric='tx', subsystem='enp0s25')
Telemetry(timestamp='28.05.2023 23:20:34.791332', value='3338.000000', node='ubuntu', metric='rx', subsystem='enp0s25')
Telemetry(timestamp='28.05.2023 23:20:35.438708', value='6.521739', node='ubuntu', metric='cpu', subsystem=None)
Telemetry(timestamp='28.05.2023 23:20:35.442958', value='89.000000', node='ubuntu', metric='tx', subsystem='enp0s25')
Telemetry(timestamp='28.05.2023 23:20:35.184799', value='3643.000000', node='ubuntu', metric='rx', subsystem='enp0s25')
Telemetry(timestamp='28.05.2023 23:20:35.543561', value='1085416.000000', node='ubuntu', metric='ram', subsystem=None)
Telemetry(timestamp='28.05.2023 23:20:35.543980', value='5.263158', node='ubuntu', metric='cpu', subsystem=None)
Telemetry(timestamp='28.05.2023 23:20:35.544628', value='93.000000', node='ubuntu', metric='tx', subsystem='enp0s25')
Telemetry(timestamp='28.05.2023 23:20:35.704539', value='3825.000000', node='ubuntu', metric='rx', subsystem='enp0s25')
Telemetry(timestamp='28.05.2023 23:20:36.458926', value='6.417112', node='ubuntu', metric='cpu', subsystem=None)
Telemetry(timestamp='28.05.2023 23:20:36.470512', value='89.000000', node='ubuntu', metric='tx', subsystem='enp0s25')
Telemetry(timestamp='28.05.2023 23:20:36.124209', value='3391.000000', node='ubuntu', metric='rx', subsystem='enp0s25')
Telemetry(timestamp='28.05.2023 23:20:36.543954', value='1096220.000000', node='ubuntu', metric='ram', subsystem=None)
Telemetry(timestamp='28.05.2023 23:20:36.544828', value='8.241758', node='ubuntu', metric='cpu', subsystem=None)
Telemetry(timestamp='28.05.2023 23:20:36.545003', value='84.000000', node='ubuntu', metric='tx', subsystem='enp0s25')
Telemetry(timestamp='28.05.2023 23:20:36.586041', value='3142.000000', node='ubuntu', metric='rx', subsystem='enp0s25')
Telemetry(timestamp='28.05.2023 23:20:37.436685', value='9.042553', node='ubuntu', metric='cpu', subsystem=None)
Telemetry(timestamp='28.05.2023 23:20:37.474789', value='86.000000', node='ubuntu', metric='tx', subsystem='enp0s25')
Telemetry(timestamp='28.05.2023 23:20:37.134250', value='3350.000000', node='ubuntu', metric='rx', subsystem='enp0s25')
Telemetry(timestamp='28.05.2023 23:20:37.544304', value='5.913978', node='ubuntu', metric='cpu', subsystem=None)
Telemetry(timestamp='28.05.2023 23:20:37.544325', value='91.000000', node='ubuntu', metric='tx', subsystem='enp0s25')
Telemetry(timestamp='28.05.2023 23:20:37.544617', value='1089164.000000', node='ubuntu', metric='ram', subsystem=None)
Telemetry(timestamp='28.05.2023 23:20:37.544627', value='0.080000', node='ubuntu', metric='load1', subsystem=None)
Telemetry(timestamp='28.05.2023 23:20:37.636418', value='3644.000000', node='ubuntu', metric='rx', subsystem='enp0s25')
Telemetry(timestamp='28.05.2023 23:20:37.646236', value='0.050000', node='ubuntu', metric='load5', subsystem=None)
Telemetry(timestamp='28.05.2023 23:20:38.442453', value='91.000000', node='ubuntu', metric='tx', subsystem='enp0s25')
Telemetry(timestamp='28.05.2023 23:20:38.446342', value='7.567568', node='ubuntu', metric='cpu', subsystem=None)
Telemetry(timestamp='28.05.2023 23:20:38.237786', value='3623.000000', node='ubuntu', metric='rx', subsystem='enp0s25')
Telemetry(timestamp='28.05.2023 23:20:38.544321', value='1084588.000000', node='ubuntu', metric='ram', subsystem=None)
Telemetry(timestamp='28.05.2023 23:20:38.544753', value='11.458333', node='ubuntu', metric='cpu', subsystem=None)
Telemetry(timestamp='28.05.2023 23:20:38.545980', value='89.000000', node='ubuntu', metric='tx', subsystem='enp0s25')
Telemetry(timestamp='28.05.2023 23:20:38.777605', value='3455.000000', node='ubuntu', metric='rx', subsystem='enp0s25')
Telemetry(timestamp='28.05.2023 23:20:39.456600', value='12.169312', node='ubuntu', metric='cpu', subsystem=None)
Telemetry(timestamp='28.05.2023 23:20:39.458544', value='90.000000', node='ubuntu', metric='tx', subsystem='enp0s25')
Telemetry(timestamp='28.05.2023 23:20:39.288924', value='3367.000000', node='ubuntu', metric='rx', subsystem='enp0s25')
Telemetry(timestamp='28.05.2023 23:20:39.543209', value='1094668.000000', node='ubuntu', metric='ram', subsystem=None)
Telemetry(timestamp='28.05.2023 23:20:39.545153', value='11.413043', node='ubuntu', metric='cpu', subsystem=None)
Telemetry(timestamp='28.05.2023 23:20:39.546420', value='90.000000', node='ubuntu', metric='tx', subsystem='enp0s25')
Telemetry(timestamp='28.05.2023 23:20:39.704837', value='3341.000000', node='ubuntu', metric='rx', subsystem='enp0s25')
Telemetry(timestamp='28.05.2023 23:20:40.433347', value='5.729167', node='ubuntu', metric='cpu', subsystem=None)
Telemetry(timestamp='28.05.2023 23:20:40.448794', value='92.000000', node='ubuntu', metric='tx', subsystem='enp0s25')
Telemetry(timestamp='28.05.2023 23:20:40.218697', value='3607.000000', node='ubuntu', metric='rx', subsystem='enp0s25')
Telemetry(timestamp='28.05.2023 23:20:40.544184', value='5.820106', node='ubuntu', metric='cpu', subsystem=None)
Telemetry(timestamp='28.05.2023 23:20:40.544401', value='93.000000', node='ubuntu', metric='tx', subsystem='enp0s25')
Telemetry(timestamp='28.05.2023 23:20:40.545160', value='1085144.000000', node='ubuntu', metric='ram', subsystem=None)
Telemetry(timestamp='28.05.2023 23:20:40.710171', value='3641.000000', node='ubuntu', metric='rx', subsystem='enp0s25')
Telemetry(timestamp='28.05.2023 23:20:41.438725', value='59.000000', node='ubuntu', metric='tx', subsystem='enp0s25')
Telemetry(timestamp='28.05.2023 23:20:41.448153', value='6.250000', node='ubuntu', metric='cpu', subsystem=None)
Telemetry(timestamp='28.05.2023 23:20:41.206927', value='2169.000000', node='ubuntu', metric='rx', subsystem='enp0s25')
Telemetry(timestamp='28.05.2023 23:20:41.544362', value='1090156.000000', node='ubuntu', metric='ram', subsystem=None)
Telemetry(timestamp='28.05.2023 23:20:41.544633', value='1.507538', node='ubuntu', metric='cpu', subsystem=None)
Telemetry(timestamp='28.05.2023 23:20:41.545757', value='18.000000', node='ubuntu', metric='tx', subsystem='enp0s25')
Telemetry(timestamp='28.05.2023 23:20:41.741826', value='416.000000', node='ubuntu', metric='rx', subsystem='enp0s25')
Telemetry(timestamp='28.05.2023 23:20:42.454699', value='40.000000', node='ubuntu', metric='tx', subsystem='enp0s25')
Telemetry(timestamp='28.05.2023 23:20:42.455061', value='5.263158', node='ubuntu', metric='cpu', subsystem=None)
Telemetry(timestamp='28.05.2023 23:20:42.254212', value='1320.000000', node='ubuntu', metric='rx', subsystem='enp0s25')
Telemetry(timestamp='28.05.2023 23:20:42.543417', value='1093936.000000', node='ubuntu', metric='ram', subsystem=None)
Telemetry(timestamp='28.05.2023 23:20:42.543466', value='0.240000', node='ubuntu', metric='load1', subsystem=None)
Telemetry(timestamp='28.05.2023 23:20:42.544863', value='9.574468', node='ubuntu', metric='cpu', subsystem=None)
Telemetry(timestamp='28.05.2023 23:20:42.545199', value='78.000000', node='ubuntu', metric='tx', subsystem='enp0s25')
Telemetry(timestamp='28.05.2023 23:20:42.660450', value='0.090000', node='ubuntu', metric='load5', subsystem=None)
Telemetry(timestamp='28.05.2023 23:20:42.698088', value='3036.000000', node='ubuntu', metric='rx', subsystem='enp0s25')
Telemetry(timestamp='28.05.2023 23:20:43.439607', value='5.820106', node='ubuntu', metric='cpu', subsystem=None)
Telemetry(timestamp='28.05.2023 23:20:43.452195', value='77.000000', node='ubuntu', metric='tx', subsystem='enp0s25')
Telemetry(timestamp='28.05.2023 23:20:43.305063', value='3021.000000', node='ubuntu', metric='rx', subsystem='enp0s25')
Telemetry(timestamp='28.05.2023 23:20:43.543901', value='1082800.000000', node='ubuntu', metric='ram', subsystem=None)
Telemetry(timestamp='28.05.2023 23:20:43.544072', value='39.000000', node='ubuntu', metric='tx', subsystem='enp0s25')
Telemetry(timestamp='28.05.2023 23:20:43.545345', value='0.000000', node='ubuntu', metric='cpu', subsystem=None)
Telemetry(timestamp='28.05.2023 23:20:43.699933', value='1312.000000', node='ubuntu', metric='rx', subsystem='enp0s25')
Telemetry(timestamp='28.05.2023 23:20:44.445871', value='1.990050', node='ubuntu', metric='cpu', subsystem=None)
Telemetry(timestamp='28.05.2023 23:20:44.449905', value='9.000000', node='ubuntu', metric='tx', subsystem='enp0s25')
Telemetry(timestamp='28.05.2023 23:20:44.221797', value='4.000000', node='ubuntu', metric='rx', subsystem='enp0s25')
Telemetry(timestamp='28.05.2023 23:20:44.543660', value='1082800.000000', node='ubuntu', metric='ram', subsystem=None)
Telemetry(timestamp='28.05.2023 23:20:44.543798', value='0.505051', node='ubuntu', metric='cpu', subsystem=None)
Telemetry(timestamp='28.05.2023 23:20:44.546106', value='9.000000', node='ubuntu', metric='tx', subsystem='enp0s25')
Telemetry(timestamp='28.05.2023 23:20:44.766083', value='4.000000', node='ubuntu', metric='rx', subsystem='enp0s25')
Telemetry(timestamp='28.05.2023 23:20:45.440248', value='1.005025', node='ubuntu', metric='cpu', subsystem=None)
Telemetry(timestamp='28.05.2023 23:20:45.442768', value='9.000000', node='ubuntu', metric='tx', subsystem='enp0s25')
Telemetry(timestamp='28.05.2023 23:20:45.201674', value='4.000000', node='ubuntu', metric='rx', subsystem='enp0s25')
Telemetry(timestamp='28.05.2023 23:20:45.544087', value='1082800.000000', node='ubuntu', metric='ram', subsystem=None)
Telemetry(timestamp='28.05.2023 23:20:45.544674', value='9.000000', node='ubuntu', metric='tx', subsystem='enp0s25')
Telemetry(timestamp='28.05.2023 23:20:45.544862', value='0.505051', node='ubuntu', metric='cpu', subsystem=None)
Telemetry(timestamp='28.05.2023 23:20:45.575892', value='4.000000', node='ubuntu', metric='rx', subsystem='enp0s25')
Telemetry(timestamp='28.05.2023 23:20:46.458719', value='10.000000', node='ubuntu', metric='tx', subsystem='enp0s25')
Telemetry(timestamp='28.05.2023 23:20:46.459348', value='0.000000', node='ubuntu', metric='cpu', subsystem=None)
Telemetry(timestamp='28.05.2023 23:20:46.733465', value='5.000000', node='ubuntu', metric='rx', subsystem='enp0s25')
Telemetry(timestamp='28.05.2023 23:20:46.543692', value='1086580.000000', node='ubuntu', metric='ram', subsystem=None)
Telemetry(timestamp='28.05.2023 23:20:46.543782', value='2.030457', node='ubuntu', metric='cpu', subsystem=None)
Telemetry(timestamp='28.05.2023 23:20:46.545802', value='10.000000', node='ubuntu', metric='tx', subsystem='enp0s25')
Telemetry(timestamp='28.05.2023 23:20:46.701704', value='5.000000', node='ubuntu', metric='rx', subsystem='enp0s25')
Telemetry(timestamp='28.05.2023 23:20:47.447736', value='17.000000', node='ubuntu', metric='tx', subsystem='enp0s25')
Telemetry(timestamp='28.05.2023 23:20:47.449682', value='1.005025', node='ubuntu', metric='cpu', subsystem=None)
Telemetry(timestamp='28.05.2023 23:20:47.261251', value='5.000000', node='ubuntu', metric='rx', subsystem='enp0s25')
Telemetry(timestamp='28.05.2023 23:20:47.544056', value='0.220000', node='ubuntu', metric='load1', subsystem=None)
Telemetry(timestamp='28.05.2023 23:20:47.544094', value='1087080.000000', node='ubuntu', metric='ram', subsystem=None)
Telemetry(timestamp='28.05.2023 23:20:47.544342', value='17.000000', node='ubuntu', metric='tx', subsystem='enp0s25')
Telemetry(timestamp='28.05.2023 23:20:47.545185', value='4.081633', node='ubuntu', metric='cpu', subsystem=None)
Telemetry(timestamp='28.05.2023 23:20:47.764414', value='0.090000', node='ubuntu', metric='load5', subsystem=None)
Telemetry(timestamp='28.05.2023 23:20:47.774832', value='5.000000', node='ubuntu', metric='rx', subsystem='enp0s25')
Telemetry(timestamp='28.05.2023 23:20:48.439873', value='0.505051', node='ubuntu', metric='cpu', subsystem=None)
Telemetry(timestamp='28.05.2023 23:20:48.463629', value='9.000000', node='ubuntu', metric='tx', subsystem='enp0s25')
Telemetry(timestamp='28.05.2023 23:20:48.188969', value='4.000000', node='ubuntu', metric='rx', subsystem='enp0s25')
Telemetry(timestamp='28.05.2023 23:20:48.543981', value='1087080.000000', node='ubuntu', metric='ram', subsystem=None)
Telemetry(timestamp='28.05.2023 23:20:48.545278', value='0.502513', node='ubuntu', metric='cpu', subsystem=None)
Telemetry(timestamp='28.05.2023 23:20:48.546788', value='9.000000', node='ubuntu', metric='tx', subsystem='enp0s25')
Telemetry(timestamp='28.05.2023 23:20:48.718124', value='8.000000', node='ubuntu', metric='rx', subsystem='enp0s25')
Telemetry(timestamp='28.05.2023 23:20:49.441773', value='6.091371', node='ubuntu', metric='cpu', subsystem=None)
Telemetry(timestamp='28.05.2023 23:20:49.449327', value='9.000000', node='ubuntu', metric='tx', subsystem='enp0s25')
Telemetry(timestamp='28.05.2023 23:20:49.116739', value='8.000000', node='ubuntu', metric='rx', subsystem='enp0s25')
Telemetry(timestamp='28.05.2023 23:20:49.544577', value='0.000000', node='ubuntu', metric='cpu', subsystem=None)
Telemetry(timestamp='28.05.2023 23:20:49.544618', value='10.000000', node='ubuntu', metric='tx', subsystem='enp0s25')
Telemetry(timestamp='28.05.2023 23:20:49.545196', value='1088340.000000', node='ubuntu', metric='ram', subsystem=None)
Telemetry(timestamp='28.05.2023 23:20:49.739438', value='5.000000', node='ubuntu', metric='rx', subsystem='enp0s25')
Telemetry(timestamp='28.05.2023 23:20:50.453664', value='1.005025', node='ubuntu', metric='cpu', subsystem=None)
Telemetry(timestamp='28.05.2023 23:20:50.455950', value='10.000000', node='ubuntu', metric='tx', subsystem='enp0s25')
Telemetry(timestamp='28.05.2023 23:20:50.245921', value='5.000000', node='ubuntu', metric='rx', subsystem='enp0s25')
Telemetry(timestamp='28.05.2023 23:20:50.543610', value='1088340.000000', node='ubuntu', metric='ram', subsystem=None)
Telemetry(timestamp='28.05.2023 23:20:50.544276', value='1.005025', node='ubuntu', metric='cpu', subsystem=None)
Telemetry(timestamp='28.05.2023 23:20:50.545593', value='9.000000', node='ubuntu', metric='tx', subsystem='enp0s25')
Telemetry(timestamp='28.05.2023 23:20:50.746043', value='4.000000', node='ubuntu', metric='rx', subsystem='enp0s25')
Telemetry(timestamp='28.05.2023 23:20:51.441632', value='0.505051', node='ubuntu', metric='cpu', subsystem=None)
Telemetry(timestamp='28.05.2023 23:20:51.449072', value='9.000000', node='ubuntu', metric='tx', subsystem='enp0s25')
Telemetry(timestamp='28.05.2023 23:20:51.255301', value='4.000000', node='ubuntu', metric='rx', subsystem='enp0s25')
Telemetry(timestamp='28.05.2023 23:20:51.544235', value='1088340.000000', node='ubuntu', metric='ram', subsystem=None)
Telemetry(timestamp='28.05.2023 23:20:51.544252', value='9.000000', node='ubuntu', metric='tx', subsystem='enp0s25')
Telemetry(timestamp='28.05.2023 23:20:51.546403', value='0.000000', node='ubuntu', metric='cpu', subsystem=None)
Telemetry(timestamp='28.05.2023 23:20:51.643709', value='4.000000', node='ubuntu', metric='rx', subsystem='enp0s25')
Telemetry(timestamp='28.05.2023 23:20:52.455292', value='0.505051', node='ubuntu', metric='cpu', subsystem=None)
Telemetry(timestamp='28.05.2023 23:20:52.456524', value='9.000000', node='ubuntu', metric='tx', subsystem='enp0s25')
Telemetry(timestamp='28.05.2023 23:20:52.610382', value='4.000000', node='ubuntu', metric='rx', subsystem='enp0s25')
Telemetry(timestamp='28.05.2023 23:20:52.543661', value='0.200000', node='ubuntu', metric='load1', subsystem=None)
Telemetry(timestamp='28.05.2023 23:20:52.543664', value='1088340.000000', node='ubuntu', metric='ram', subsystem=None)
Telemetry(timestamp='28.05.2023 23:20:52.544036', value='2.564103', node='ubuntu', metric='cpu', subsystem=None)
Telemetry(timestamp='28.05.2023 23:20:52.545769', value='10.000000', node='ubuntu', metric='tx', subsystem='enp0s25')
Telemetry(timestamp='28.05.2023 23:20:52.677079', value='0.080000', node='ubuntu', metric='load5', subsystem=None)
Telemetry(timestamp='28.05.2023 23:20:52.711617', value='5.000000', node='ubuntu', metric='rx', subsystem='enp0s25')
Telemetry(timestamp='28.05.2023 23:20:53.435872', value='0.000000', node='ubuntu', metric='cpu', subsystem=None)
Telemetry(timestamp='28.05.2023 23:20:53.442914', value='10.000000', node='ubuntu', metric='tx', subsystem='enp0s25')
Telemetry(timestamp='28.05.2023 23:20:53.125607', value='4.000000', node='ubuntu', metric='rx', subsystem='enp0s25')
Telemetry(timestamp='28.05.2023 23:20:53.543740', value='1088340.000000', node='ubuntu', metric='ram', subsystem=None)
Telemetry(timestamp='28.05.2023 23:20:53.543771', value='0.502513', node='ubuntu', metric='cpu', subsystem=None)
Telemetry(timestamp='28.05.2023 23:20:53.544735', value='10.000000', node='ubuntu', metric='tx', subsystem='enp0s25')
Telemetry(timestamp='28.05.2023 23:20:53.717333', value='5.000000', node='ubuntu', metric='rx', subsystem='enp0s25')
Telemetry(timestamp='28.05.2023 23:20:54.446656', value='9.000000', node='ubuntu', metric='tx', subsystem='enp0s25')
Telemetry(timestamp='28.05.2023 23:20:54.450094', value='1.010101', node='ubuntu', metric='cpu', subsystem=None)
Telemetry(timestamp='28.05.2023 23:20:54.981805', value='4.000000', node='ubuntu', metric='rx', subsystem='enp0s25')
Telemetry(timestamp='28.05.2023 23:20:54.544649', value='9.000000', node='ubuntu', metric='tx', subsystem='enp0s25')
Telemetry(timestamp='28.05.2023 23:20:54.544742', value='1.010101', node='ubuntu', metric='cpu', subsystem=None)
Telemetry(timestamp='28.05.2023 23:20:54.545508', value='1088336.000000', node='ubuntu', metric='ram', subsystem=None)
Telemetry(timestamp='28.05.2023 23:20:54.571354', value='4.000000', node='ubuntu', metric='rx', subsystem='enp0s25')
Telemetry(timestamp='28.05.2023 23:20:55.446456', value='6.701031', node='ubuntu', metric='cpu', subsystem=None)
Telemetry(timestamp='28.05.2023 23:20:55.458170', value='10.000000', node='ubuntu', metric='tx', subsystem='enp0s25')
Telemetry(timestamp='28.05.2023 23:20:55.791174', value='5.000000', node='ubuntu', metric='rx', subsystem='enp0s25')
Telemetry(timestamp='28.05.2023 23:20:55.544066', value='2.030457', node='ubuntu', metric='cpu', subsystem=None)
Telemetry(timestamp='28.05.2023 23:20:55.544591', value='1090188.000000', node='ubuntu', metric='ram', subsystem=None)
Telemetry(timestamp='28.05.2023 23:20:55.545079', value='11.000000', node='ubuntu', metric='tx', subsystem='enp0s25')
Telemetry(timestamp='28.05.2023 23:20:55.763420', value='5.000000', node='ubuntu', metric='rx', subsystem='enp0s25')
Telemetry(timestamp='28.05.2023 23:20:56.442813', value='11.000000', node='ubuntu', metric='tx', subsystem='enp0s25')
Telemetry(timestamp='28.05.2023 23:20:56.448040', value='1.005025', node='ubuntu', metric='cpu', subsystem=None)
Telemetry(timestamp='28.05.2023 23:20:56.271893', value='5.000000', node='ubuntu', metric='rx', subsystem='enp0s25')
Telemetry(timestamp='28.05.2023 23:20:56.543994', value='1090184.000000', node='ubuntu', metric='ram', subsystem=None)
Telemetry(timestamp='28.05.2023 23:20:56.544640', value='1.005025', node='ubuntu', metric='cpu', subsystem=None)
Telemetry(timestamp='28.05.2023 23:20:56.546319', value='9.000000', node='ubuntu', metric='tx', subsystem='enp0s25')
Telemetry(timestamp='28.05.2023 23:20:56.694956', value='4.000000', node='ubuntu', metric='rx', subsystem='enp0s25')
Telemetry(timestamp='28.05.2023 23:20:57.448338', value='2.500000', node='ubuntu', metric='cpu', subsystem=None)
Telemetry(timestamp='28.05.2023 23:20:57.450619', value='9.000000', node='ubuntu', metric='tx', subsystem='enp0s25')
Telemetry(timestamp='28.05.2023 23:20:57.201349', value='4.000000', node='ubuntu', metric='rx', subsystem='enp0s25')
Telemetry(timestamp='28.05.2023 23:20:57.543878', value='1090184.000000', node='ubuntu', metric='ram', subsystem=None)
Telemetry(timestamp='28.05.2023 23:20:57.544288', value='0.180000', node='ubuntu', metric='load1', subsystem=None)
Telemetry(timestamp='28.05.2023 23:20:57.544602', value='4.591837', node='ubuntu', metric='cpu', subsystem=None)
Telemetry(timestamp='28.05.2023 23:20:57.544828', value='9.000000', node='ubuntu', metric='tx', subsystem='enp0s25')
Telemetry(timestamp='28.05.2023 23:20:57.704816', value='0.080000', node='ubuntu', metric='load5', subsystem=None)
Telemetry(timestamp='28.05.2023 23:20:57.717690', value='4.000000', node='ubuntu', metric='rx', subsystem='enp0s25')
Telemetry(timestamp='28.05.2023 23:20:58.456386', value='2.010050', node='ubuntu', metric='cpu', subsystem=None)
Telemetry(timestamp='28.05.2023 23:20:58.458711', value='9.000000', node='ubuntu', metric='tx', subsystem='enp0s25')
Telemetry(timestamp='28.05.2023 23:20:58.217220', value='4.000000', node='ubuntu', metric='rx', subsystem='enp0s25')
Telemetry(timestamp='28.05.2023 23:20:58.544359', value='9.000000', node='ubuntu', metric='tx', subsystem='enp0s25')
Telemetry(timestamp='28.05.2023 23:20:58.545193', value='1090184.000000', node='ubuntu', metric='ram', subsystem=None)
Telemetry(timestamp='28.05.2023 23:20:58.545492', value='0.000000', node='ubuntu', metric='cpu', subsystem=None)
Telemetry(timestamp='28.05.2023 23:20:58.718029', value='4.000000', node='ubuntu', metric='rx', subsystem='enp0s25')
Telemetry(timestamp='28.05.2023 23:20:59.444713', value='9.000000', node='ubuntu', metric='tx', subsystem='enp0s25')
Telemetry(timestamp='28.05.2023 23:20:59.445677', value='3.045685', node='ubuntu', metric='cpu', subsystem=None)
Telemetry(timestamp='28.05.2023 23:20:59.693890', value='4.000000', node='ubuntu', metric='rx', subsystem='enp0s25')
Telemetry(timestamp='28.05.2023 23:20:59.543696', value='1090180.000000', node='ubuntu', metric='ram', subsystem=None)
Telemetry(timestamp='28.05.2023 23:20:59.545329', value='0.505051', node='ubuntu', metric='cpu', subsystem=None)
Telemetry(timestamp='28.05.2023 23:20:59.545473', value='9.000000', node='ubuntu', metric='tx', subsystem='enp0s25')
Telemetry(timestamp='28.05.2023 23:20:59.773607', value='4.000000', node='ubuntu', metric='rx', subsystem='enp0s25')
Telemetry(timestamp='28.05.2023 23:21:00.448447', value='1.010101', node='ubuntu', metric='cpu', subsystem=None)
Telemetry(timestamp='28.05.2023 23:21:00.461992', value='9.000000', node='ubuntu', metric='tx', subsystem='enp0s25')
Telemetry(timestamp='28.05.2023 23:21:00.285630', value='4.000000', node='ubuntu', metric='rx', subsystem='enp0s25')
Telemetry(timestamp='28.05.2023 23:21:00.544636', value='1090180.000000', node='ubuntu', metric='ram', subsystem=None)
Telemetry(timestamp='28.05.2023 23:21:00.544739', value='9.000000', node='ubuntu', metric='tx', subsystem='enp0s25')
Telemetry(timestamp='28.05.2023 23:21:00.545494', value='0.505051', node='ubuntu', metric='cpu', subsystem=None)
Telemetry(timestamp='28.05.2023 23:21:00.727693', value='4.000000', node='ubuntu', metric='rx', subsystem='enp0s25')
Telemetry(timestamp='28.05.2023 23:21:01.446956', value='1.005025', node='ubuntu', metric='cpu', subsystem=None)
Telemetry(timestamp='28.05.2023 23:21:01.450367', value='9.000000', node='ubuntu', metric='tx', subsystem='enp0s25')
Telemetry(timestamp='28.05.2023 23:21:01.208267', value='4.000000', node='ubuntu', metric='rx', subsystem='enp0s25')
Telemetry(timestamp='28.05.2023 23:21:01.544801', value='0.505051', node='ubuntu', metric='cpu', subsystem=None)
Telemetry(timestamp='28.05.2023 23:21:01.545626', value='9.000000', node='ubuntu', metric='tx', subsystem='enp0s25')
Telemetry(timestamp='28.05.2023 23:21:01.545878', value='1090180.000000', node='ubuntu', metric='ram', subsystem=None)
Telemetry(timestamp='28.05.2023 23:21:01.672129', value='4.000000', node='ubuntu', metric='rx', subsystem='enp0s25')
Telemetry(timestamp='28.05.2023 23:21:02.453537', value='1.500000', node='ubuntu', metric='cpu', subsystem=None)
Telemetry(timestamp='28.05.2023 23:21:02.455821', value='10.000000', node='ubuntu', metric='tx', subsystem='enp0s25')
Telemetry(timestamp='28.05.2023 23:21:02.652394', value='5.000000', node='ubuntu', metric='rx', subsystem='enp0s25')
Telemetry(timestamp='28.05.2023 23:21:02.543699', value='0.170000', node='ubuntu', metric='load1', subsystem=None)
Telemetry(timestamp='28.05.2023 23:21:02.544084', value='4.020101', node='ubuntu', metric='cpu', subsystem=None)
Telemetry(timestamp='28.05.2023 23:21:02.544376', value='1090180.000000', node='ubuntu', metric='ram', subsystem=None)
Telemetry(timestamp='28.05.2023 23:21:02.546087', value='9.000000', node='ubuntu', metric='tx', subsystem='enp0s25')
Telemetry(timestamp='28.05.2023 23:21:02.710397', value='0.080000', node='ubuntu', metric='load5', subsystem=None)
Telemetry(timestamp='28.05.2023 23:21:02.747168', value='4.000000', node='ubuntu', metric='rx', subsystem='enp0s25')
Telemetry(timestamp='28.05.2023 23:21:03.437459', value='1.010101', node='ubuntu', metric='cpu', subsystem=None)
Telemetry(timestamp='28.05.2023 23:21:03.442180', value='10.000000', node='ubuntu', metric='tx', subsystem='enp0s25')
Telemetry(timestamp='28.05.2023 23:21:03.178673', value='4.000000', node='ubuntu', metric='rx', subsystem='enp0s25')
Telemetry(timestamp='28.05.2023 23:21:03.543900', value='1.000000', node='ubuntu', metric='cpu', subsystem=None)
Telemetry(timestamp='28.05.2023 23:21:03.544442', value='1090172.000000', node='ubuntu', metric='ram', subsystem=None)
Telemetry(timestamp='28.05.2023 23:21:03.544497', value='10.000000', node='ubuntu', metric='tx', subsystem='enp0s25')
Telemetry(timestamp='28.05.2023 23:21:03.747912', value='5.000000', node='ubuntu', metric='rx', subsystem='enp0s25')
Telemetry(timestamp='28.05.2023 23:21:04.446552', value='9.000000', node='ubuntu', metric='tx', subsystem='enp0s25')
Telemetry(timestamp='28.05.2023 23:21:04.464126', value='1.500000', node='ubuntu', metric='cpu', subsystem=None)
Telemetry(timestamp='28.05.2023 23:21:04.256862', value='4.000000', node='ubuntu', metric='rx', subsystem='enp0s25')
Telemetry(timestamp='28.05.2023 23:21:04.544137', value='1090172.000000', node='ubuntu', metric='ram', subsystem=None)
Telemetry(timestamp='28.05.2023 23:21:04.544562', value='0.505051', node='ubuntu', metric='cpu', subsystem=None)
Telemetry(timestamp='28.05.2023 23:21:04.545515', value='9.000000', node='ubuntu', metric='tx', subsystem='enp0s25')
Telemetry(timestamp='28.05.2023 23:21:04.672812', value='4.000000', node='ubuntu', metric='rx', subsystem='enp0s25')
Telemetry(timestamp='28.05.2023 23:21:05.449821', value='0.507614', node='ubuntu', metric='cpu', subsystem=None)
Telemetry(timestamp='28.05.2023 23:21:05.450863', value='9.000000', node='ubuntu', metric='tx', subsystem='enp0s25')
Telemetry(timestamp='28.05.2023 23:21:05.187467', value='5.000000', node='ubuntu', metric='rx', subsystem='enp0s25')
Telemetry(timestamp='28.05.2023 23:21:05.543730', value='1090172.000000', node='ubuntu', metric='ram', subsystem=None)
Telemetry(timestamp='28.05.2023 23:21:05.544546', value='0.502513', node='ubuntu', metric='cpu', subsystem=None)
Telemetry(timestamp='28.05.2023 23:21:05.544753', value='10.000000', node='ubuntu', metric='tx', subsystem='enp0s25')
Telemetry(timestamp='28.05.2023 23:21:05.583254', value='5.000000', node='ubuntu', metric='rx', subsystem='enp0s25')
Telemetry(timestamp='28.05.2023 23:21:06.442795', value='0.000000', node='ubuntu', metric='cpu', subsystem=None)
Telemetry(timestamp='28.05.2023 23:21:06.449467', value='9.000000', node='ubuntu', metric='tx', subsystem='enp0s25')
Telemetry(timestamp='28.05.2023 23:21:06.206789', value='4.000000', node='ubuntu', metric='rx', subsystem='enp0s25')
Telemetry(timestamp='28.05.2023 23:21:06.544454', value='25.000000', node='ubuntu', metric='tx', subsystem='enp0s25')
Telemetry(timestamp='28.05.2023 23:21:06.544672', value='4.123711', node='ubuntu', metric='cpu', subsystem=None)
Telemetry(timestamp='28.05.2023 23:21:06.545733', value='1090172.000000', node='ubuntu', metric='ram', subsystem=None)
Telemetry(timestamp='28.05.2023 23:21:06.711023', value='637.000000', node='ubuntu', metric='rx', subsystem='enp0s25')
Telemetry(timestamp='28.05.2023 23:21:07.445774', value='60.000000', node='ubuntu', metric='tx', subsystem='enp0s25')
Telemetry(timestamp='28.05.2023 23:21:07.457532', value='8.947368', node='ubuntu', metric='cpu', subsystem=None)
Telemetry(timestamp='28.05.2023 23:21:07.160193', value='2169.000000', node='ubuntu', metric='rx', subsystem='enp0s25')
Telemetry(timestamp='28.05.2023 23:21:07.543873', value='4.081633', node='ubuntu', metric='cpu', subsystem=None)
Telemetry(timestamp='28.05.2023 23:21:07.544270', value='1093768.000000', node='ubuntu', metric='ram', subsystem=None)
Telemetry(timestamp='28.05.2023 23:21:07.544622', value='0.150000', node='ubuntu', metric='load1', subsystem=None)
Telemetry(timestamp='28.05.2023 23:21:07.545977', value='44.000000', node='ubuntu', metric='tx', subsystem='enp0s25')
Telemetry(timestamp='28.05.2023 23:21:07.731643', value='0.080000', node='ubuntu', metric='load5', subsystem=None)
Telemetry(timestamp='28.05.2023 23:21:07.737848', value='1535.000000', node='ubuntu', metric='rx', subsystem='enp0s25')
Telemetry(timestamp='28.05.2023 23:21:08.441406', value='10.000000', node='ubuntu', metric='tx', subsystem='enp0s25')
Telemetry(timestamp='28.05.2023 23:21:08.446219', value='1.010101', node='ubuntu', metric='cpu', subsystem=None)
Telemetry(timestamp='28.05.2023 23:21:08.532766', value='5.000000', node='ubuntu', metric='rx', subsystem='enp0s25')
Telemetry(timestamp='28.05.2023 23:21:08.543792', value='1093688.000000', node='ubuntu', metric='ram', subsystem=None)
Telemetry(timestamp='28.05.2023 23:21:08.544667', value='9.000000', node='ubuntu', metric='tx', subsystem='enp0s25')
Telemetry(timestamp='28.05.2023 23:21:08.545001', value='0.000000', node='ubuntu', metric='cpu', subsystem=None)
Telemetry(timestamp='28.05.2023 23:21:08.656685', value='4.000000', node='ubuntu', metric='rx', subsystem='enp0s25')
Telemetry(timestamp='28.05.2023 23:21:09.439027', value='4.020101', node='ubuntu', metric='cpu', subsystem=None)
Telemetry(timestamp='28.05.2023 23:21:09.463965', value='9.000000', node='ubuntu', metric='tx', subsystem='enp0s25')
Telemetry(timestamp='28.05.2023 23:21:09.788483', value='4.000000', node='ubuntu', metric='rx', subsystem='enp0s25')
Telemetry(timestamp='28.05.2023 23:21:09.543840', value='1093688.000000', node='ubuntu', metric='ram', subsystem=None)
Telemetry(timestamp='28.05.2023 23:21:09.544538', value='9.000000', node='ubuntu', metric='tx', subsystem='enp0s25')
Telemetry(timestamp='28.05.2023 23:21:09.545124', value='0.505051', node='ubuntu', metric='cpu', subsystem=None)
Telemetry(timestamp='28.05.2023 23:21:09.692023', value='4.000000', node='ubuntu', metric='rx', subsystem='enp0s25')
Telemetry(timestamp='28.05.2023 23:21:10.442558', value='2.512563', node='ubuntu', metric='cpu', subsystem=None)
Telemetry(timestamp='28.05.2023 23:21:10.450954', value='9.000000', node='ubuntu', metric='tx', subsystem='enp0s25')
Telemetry(timestamp='28.05.2023 23:21:10.220765', value='4.000000', node='ubuntu', metric='rx', subsystem='enp0s25')
Telemetry(timestamp='28.05.2023 23:21:10.544173', value='0.000000', node='ubuntu', metric='cpu', subsystem=None)
Telemetry(timestamp='28.05.2023 23:21:10.544541', value='1093688.000000', node='ubuntu', metric='ram', subsystem=None)
Telemetry(timestamp='28.05.2023 23:21:10.545353', value='9.000000', node='ubuntu', metric='tx', subsystem='enp0s25')
Telemetry(timestamp='28.05.2023 23:21:10.732373', value='4.000000', node='ubuntu', metric='rx', subsystem='enp0s25')
Telemetry(timestamp='28.05.2023 23:21:11.446290', value='10.000000', node='ubuntu', metric='tx', subsystem='enp0s25')
Telemetry(timestamp='28.05.2023 23:21:11.459551', value='2.000000', node='ubuntu', metric='cpu', subsystem=None)
Telemetry(timestamp='28.05.2023 23:21:11.235302', value='5.000000', node='ubuntu', metric='rx', subsystem='enp0s25')
Telemetry(timestamp='28.05.2023 23:21:11.543881', value='1093688.000000', node='ubuntu', metric='ram', subsystem=None)
Telemetry(timestamp='28.05.2023 23:21:11.543948', value='0.502513', node='ubuntu', metric='cpu', subsystem=None)
Telemetry(timestamp='28.05.2023 23:21:11.544754', value='10.000000', node='ubuntu', metric='tx', subsystem='enp0s25')
Telemetry(timestamp='28.05.2023 23:21:11.730639', value='5.000000', node='ubuntu', metric='rx', subsystem='enp0s25')
Telemetry(timestamp='28.05.2023 23:21:12.456729', value='9.000000', node='ubuntu', metric='tx', subsystem='enp0s25')
Telemetry(timestamp='28.05.2023 23:21:12.458296', value='0.510204', node='ubuntu', metric='cpu', subsystem=None)
Telemetry(timestamp='28.05.2023 23:21:12.250581', value='4.000000', node='ubuntu', metric='rx', subsystem='enp0s25')
Telemetry(timestamp='28.05.2023 23:21:12.544048', value='0.140000', node='ubuntu', metric='load1', subsystem=None)
Telemetry(timestamp='28.05.2023 23:21:12.544126', value='2.564103', node='ubuntu', metric='cpu', subsystem=None)
Telemetry(timestamp='28.05.2023 23:21:12.544410', value='1093688.000000', node='ubuntu', metric='ram', subsystem=None)
Telemetry(timestamp='28.05.2023 23:21:12.544676', value='9.000000', node='ubuntu', metric='tx', subsystem='enp0s25')
Telemetry(timestamp='28.05.2023 23:21:12.562906', value='0.080000', node='ubuntu', metric='load5', subsystem=None)
Telemetry(timestamp='28.05.2023 23:21:12.580254', value='4.000000', node='ubuntu', metric='rx', subsystem='enp0s25')
Telemetry(timestamp='28.05.2023 23:21:13.442838', value='1.015228', node='ubuntu', metric='cpu', subsystem=None)
Telemetry(timestamp='28.05.2023 23:21:13.443933', value='9.000000', node='ubuntu', metric='tx', subsystem='enp0s25')
Telemetry(timestamp='28.05.2023 23:21:13.280419', value='4.000000', node='ubuntu', metric='rx', subsystem='enp0s25')
Telemetry(timestamp='28.05.2023 23:21:13.544566', value='1093684.000000', node='ubuntu', metric='ram', subsystem=None)
Telemetry(timestamp='28.05.2023 23:21:13.544802', value='1.000000', node='ubuntu', metric='cpu', subsystem=None)
Telemetry(timestamp='28.05.2023 23:21:13.546087', value='10.000000', node='ubuntu', metric='tx', subsystem='enp0s25')
Telemetry(timestamp='28.05.2023 23:21:13.688273', value='4.000000', node='ubuntu', metric='rx', subsystem='enp0s25')
Telemetry(timestamp='28.05.2023 23:21:14.455619', value='9.000000', node='ubuntu', metric='tx', subsystem='enp0s25')
Telemetry(timestamp='28.05.2023 23:21:14.459022', value='1.507538', node='ubuntu', metric='cpu', subsystem=None)
Telemetry(timestamp='28.05.2023 23:21:14.156403', value='4.000000', node='ubuntu', metric='rx', subsystem='enp0s25')
Telemetry(timestamp='28.05.2023 23:21:14.544005', value='1.000000', node='ubuntu', metric='cpu', subsystem=None)
Telemetry(timestamp='28.05.2023 23:21:14.544390', value='1093684.000000', node='ubuntu', metric='ram', subsystem=None)
Telemetry(timestamp='28.05.2023 23:21:14.545503', value='9.000000', node='ubuntu', metric='tx', subsystem='enp0s25')
Telemetry(timestamp='28.05.2023 23:21:14.585258', value='4.000000', node='ubuntu', metric='rx', subsystem='enp0s25')
Telemetry(timestamp='28.05.2023 23:21:15.441609', value='10.000000', node='ubuntu', metric='tx', subsystem='enp0s25')
Telemetry(timestamp='28.05.2023 23:21:15.452284', value='1.507538', node='ubuntu', metric='cpu', subsystem=None)
Telemetry(timestamp='28.05.2023 23:21:15.208752', value='5.000000', node='ubuntu', metric='rx', subsystem='enp0s25')
Telemetry(timestamp='28.05.2023 23:21:15.544198', value='1093684.000000', node='ubuntu', metric='ram', subsystem=None)
Telemetry(timestamp='28.05.2023 23:21:15.545327', value='0.502513', node='ubuntu', metric='cpu', subsystem=None)
Telemetry(timestamp='28.05.2023 23:21:15.545403', value='9.000000', node='ubuntu', metric='tx', subsystem='enp0s25')
Telemetry(timestamp='28.05.2023 23:21:15.739106', value='4.000000', node='ubuntu', metric='rx', subsystem='enp0s25')
Telemetry(timestamp='28.05.2023 23:21:16.458131', value='1.005025', node='ubuntu', metric='cpu', subsystem=None)
Telemetry(timestamp='28.05.2023 23:21:16.459272', value='9.000000', node='ubuntu', metric='tx', subsystem='enp0s25')
Telemetry(timestamp='28.05.2023 23:21:16.236429', value='4.000000', node='ubuntu', metric='rx', subsystem='enp0s25')
Telemetry(timestamp='28.05.2023 23:21:16.544146', value='1093684.000000', node='ubuntu', metric='ram', subsystem=None)
Telemetry(timestamp='28.05.2023 23:21:16.544532', value='0.502513', node='ubuntu', metric='cpu', subsystem=None)
Telemetry(timestamp='28.05.2023 23:21:16.544911', value='9.000000', node='ubuntu', metric='tx', subsystem='enp0s25')
Telemetry(timestamp='28.05.2023 23:21:16.598540', value='4.000000', node='ubuntu', metric='rx', subsystem='enp0s25')
Telemetry(timestamp='28.05.2023 23:21:17.447000', value='1.010101', node='ubuntu', metric='cpu', subsystem=None)
Telemetry(timestamp='28.05.2023 23:21:17.448375', value='9.000000', node='ubuntu', metric='tx', subsystem='enp0s25')
Telemetry(timestamp='28.05.2023 23:21:17.284060', value='4.000000', node='ubuntu', metric='rx', subsystem='enp0s25')
Telemetry(timestamp='28.05.2023 23:21:17.544276', value='5.000000', node='ubuntu', metric='cpu', subsystem=None)
Telemetry(timestamp='28.05.2023 23:21:17.544520', value='0.130000', node='ubuntu', metric='load1', subsystem=None)
Telemetry(timestamp='28.05.2023 23:21:17.545193', value='1093676.000000', node='ubuntu', metric='ram', subsystem=None)
Telemetry(timestamp='28.05.2023 23:21:17.545557', value='9.000000', node='ubuntu', metric='tx', subsystem='enp0s25')
Telemetry(timestamp='28.05.2023 23:21:17.664552', value='0.080000', node='ubuntu', metric='load5', subsystem=None)
Telemetry(timestamp='28.05.2023 23:21:17.694082', value='4.000000', node='ubuntu', metric='rx', subsystem='enp0s25')
Telemetry(timestamp='28.05.2023 23:21:18.450514', value='1.010101', node='ubuntu', metric='cpu', subsystem=None)
Telemetry(timestamp='28.05.2023 23:21:18.452241', value='9.000000', node='ubuntu', metric='tx', subsystem='enp0s25')
Telemetry(timestamp='28.05.2023 23:21:18.222520', value='4.000000', node='ubuntu', metric='rx', subsystem='enp0s25')
Telemetry(timestamp='28.05.2023 23:21:18.544521', value='1.000000', node='ubuntu', metric='cpu', subsystem=None)
Telemetry(timestamp='28.05.2023 23:21:18.545064', value='1093668.000000', node='ubuntu', metric='ram', subsystem=None)
Telemetry(timestamp='28.05.2023 23:21:18.546604', value='9.000000', node='ubuntu', metric='tx', subsystem='enp0s25')
Telemetry(timestamp='28.05.2023 23:21:18.716369', value='8.000000', node='ubuntu', metric='rx', subsystem='enp0s25')
Telemetry(timestamp='28.05.2023 23:21:19.447472', value='7.035176', node='ubuntu', metric='cpu', subsystem=None)
Telemetry(timestamp='28.05.2023 23:21:19.450126', value='9.000000', node='ubuntu', metric='tx', subsystem='enp0s25')
Telemetry(timestamp='28.05.2023 23:21:19.218240', value='7.000000', node='ubuntu', metric='rx', subsystem='enp0s25')
Telemetry(timestamp='28.05.2023 23:21:19.544764', value='1093668.000000', node='ubuntu', metric='ram', subsystem=None)
Telemetry(timestamp='28.05.2023 23:21:19.545917', value='0.502513', node='ubuntu', metric='cpu', subsystem=None)
Telemetry(timestamp='28.05.2023 23:21:19.546535', value='9.000000', node='ubuntu', metric='tx', subsystem='enp0s25')
Telemetry(timestamp='28.05.2023 23:21:19.586874', value='4.000000', node='ubuntu', metric='rx', subsystem='enp0s25')
Telemetry(timestamp='28.05.2023 23:21:20.447633', value='1.507538', node='ubuntu', metric='cpu', subsystem=None)
Telemetry(timestamp='28.05.2023 23:21:20.455912', value='9.000000', node='ubuntu', metric='tx', subsystem='enp0s25')
Telemetry(timestamp='28.05.2023 23:21:20.267806', value='4.000000', node='ubuntu', metric='rx', subsystem='enp0s25')
Telemetry(timestamp='28.05.2023 23:21:20.543652', value='1093668.000000', node='ubuntu', metric='ram', subsystem=None)
Telemetry(timestamp='28.05.2023 23:21:20.545939', value='0.000000', node='ubuntu', metric='cpu', subsystem=None)
Telemetry(timestamp='28.05.2023 23:21:20.546031', value='9.000000', node='ubuntu', metric='tx', subsystem='enp0s25')
Telemetry(timestamp='28.05.2023 23:21:20.581932', value='4.000000', node='ubuntu', metric='rx', subsystem='enp0s25')
Telemetry(timestamp='28.05.2023 23:21:21.440372', value='1.005025', node='ubuntu', metric='cpu', subsystem=None)
Telemetry(timestamp='28.05.2023 23:21:21.451312', value='9.000000', node='ubuntu', metric='tx', subsystem='enp0s25')
Telemetry(timestamp='28.05.2023 23:21:21.286402', value='4.000000', node='ubuntu', metric='rx', subsystem='enp0s25')
Telemetry(timestamp='28.05.2023 23:21:21.544247', value='1093668.000000', node='ubuntu', metric='ram', subsystem=None)
Telemetry(timestamp='28.05.2023 23:21:21.544811', value='9.000000', node='ubuntu', metric='tx', subsystem='enp0s25')
Telemetry(timestamp='28.05.2023 23:21:21.545470', value='0.000000', node='ubuntu', metric='cpu', subsystem=None)
Telemetry(timestamp='28.05.2023 23:21:21.777269', value='4.000000', node='ubuntu', metric='rx', subsystem='enp0s25')
Telemetry(timestamp='28.05.2023 23:21:22.450487', value='0.507614', node='ubuntu', metric='cpu', subsystem=None)
Telemetry(timestamp='28.05.2023 23:21:22.454571', value='9.000000', node='ubuntu', metric='tx', subsystem='enp0s25')
Telemetry(timestamp='28.05.2023 23:21:22.189757', value='4.000000', node='ubuntu', metric='rx', subsystem='enp0s25')
Telemetry(timestamp='28.05.2023 23:21:22.544381', value='3.045685', node='ubuntu', metric='cpu', subsystem=None)
Telemetry(timestamp='28.05.2023 23:21:22.544486', value='0.120000', node='ubuntu', metric='load1', subsystem=None)
Telemetry(timestamp='28.05.2023 23:21:22.544531', value='1093668.000000', node='ubuntu', metric='ram', subsystem=None)
Telemetry(timestamp='28.05.2023 23:21:22.545965', value='9.000000', node='ubuntu', metric='tx', subsystem='enp0s25')
Telemetry(timestamp='28.05.2023 23:21:22.681401', value='0.080000', node='ubuntu', metric='load5', subsystem=None)
Telemetry(timestamp='28.05.2023 23:21:22.711489', value='4.000000', node='ubuntu', metric='rx', subsystem='enp0s25')
Telemetry(timestamp='28.05.2023 23:21:23.449650', value='1.507538', node='ubuntu', metric='cpu', subsystem=None)
Telemetry(timestamp='28.05.2023 23:21:23.454332', value='9.000000', node='ubuntu', metric='tx', subsystem='enp0s25')
Telemetry(timestamp='28.05.2023 23:21:23.206772', value='4.000000', node='ubuntu', metric='rx', subsystem='enp0s25')
Telemetry(timestamp='28.05.2023 23:21:23.544965', value='1093660.000000', node='ubuntu', metric='ram', subsystem=None)
Telemetry(timestamp='28.05.2023 23:21:23.545071', value='0.000000', node='ubuntu', metric='cpu', subsystem=None)
Telemetry(timestamp='28.05.2023 23:21:23.546679', value='10.000000', node='ubuntu', metric='tx', subsystem='enp0s25')
Telemetry(timestamp='28.05.2023 23:21:23.735180', value='4.000000', node='ubuntu', metric='rx', subsystem='enp0s25')
Telemetry(timestamp='28.05.2023 23:21:24.454458', value='9.000000', node='ubuntu', metric='tx', subsystem='enp0s25')
Telemetry(timestamp='28.05.2023 23:21:24.458131', value='1.005025', node='ubuntu', metric='cpu', subsystem=None)
Telemetry(timestamp='28.05.2023 23:21:24.158961', value='4.000000', node='ubuntu', metric='rx', subsystem='enp0s25')
Telemetry(timestamp='28.05.2023 23:21:24.543817', value='1.515152', node='ubuntu', metric='cpu', subsystem=None)
Telemetry(timestamp='28.05.2023 23:21:24.544081', value='1093660.000000', node='ubuntu', metric='ram', subsystem=None)
Telemetry(timestamp='28.05.2023 23:21:24.545246', value='9.000000', node='ubuntu', metric='tx', subsystem='enp0s25')
Telemetry(timestamp='28.05.2023 23:21:24.590922', value='4.000000', node='ubuntu', metric='rx', subsystem='enp0s25')
Telemetry(timestamp='28.05.2023 23:21:25.443746', value='10.000000', node='ubuntu', metric='tx', subsystem='enp0s25')
Telemetry(timestamp='28.05.2023 23:21:25.459462', value='1.005025', node='ubuntu', metric='cpu', subsystem=None)
Telemetry(timestamp='28.05.2023 23:21:25.102989', value='5.000000', node='ubuntu', metric='rx', subsystem='enp0s25')
Telemetry(timestamp='28.05.2023 23:21:25.543669', value='0.000000', node='ubuntu', metric='cpu', subsystem=None)
Telemetry(timestamp='28.05.2023 23:21:25.544500', value='1093660.000000', node='ubuntu', metric='ram', subsystem=None)
Telemetry(timestamp='28.05.2023 23:21:25.546231', value='10.000000', node='ubuntu', metric='tx', subsystem='enp0s25')
Telemetry(timestamp='28.05.2023 23:21:25.662406', value='5.000000', node='ubuntu', metric='rx', subsystem='enp0s25')
Telemetry(timestamp='28.05.2023 23:21:26.442056', value='1.015228', node='ubuntu', metric='cpu', subsystem=None)
Telemetry(timestamp='28.05.2023 23:21:26.444161', value='10.000000', node='ubuntu', metric='tx', subsystem='enp0s25')
Telemetry(timestamp='28.05.2023 23:21:26.173751', value='5.000000', node='ubuntu', metric='rx', subsystem='enp0s25')
Telemetry(timestamp='28.05.2023 23:21:26.544008', value='0.505051', node='ubuntu', metric='cpu', subsystem=None)
Telemetry(timestamp='28.05.2023 23:21:26.544443', value='1093660.000000', node='ubuntu', metric='ram', subsystem=None)
Telemetry(timestamp='28.05.2023 23:21:26.545734', value='10.000000', node='ubuntu', metric='tx', subsystem='enp0s25')
Telemetry(timestamp='28.05.2023 23:21:26.668407', value='5.000000', node='ubuntu', metric='rx', subsystem='enp0s25')
Telemetry(timestamp='28.05.2023 23:21:27.442502', value='9.000000', node='ubuntu', metric='tx', subsystem='enp0s25')
Telemetry(timestamp='28.05.2023 23:21:27.447211', value='0.507614', node='ubuntu', metric='cpu', subsystem=None)
Telemetry(timestamp='28.05.2023 23:21:27.224081', value='5.000000', node='ubuntu', metric='rx', subsystem='enp0s25')
Telemetry(timestamp='28.05.2023 23:21:27.543255', value='0.110000', node='ubuntu', metric='load1', subsystem=None)
Telemetry(timestamp='28.05.2023 23:21:27.544020', value='1093660.000000', node='ubuntu', metric='ram', subsystem=None)
Telemetry(timestamp='28.05.2023 23:21:27.545346', value='5.500000', node='ubuntu', metric='cpu', subsystem=None)
Telemetry(timestamp='28.05.2023 23:21:27.545974', value='9.000000', node='ubuntu', metric='tx', subsystem='enp0s25')
Telemetry(timestamp='28.05.2023 23:21:27.689585', value='0.070000', node='ubuntu', metric='load5', subsystem=None)
Telemetry(timestamp='28.05.2023 23:21:27.738927', value='5.000000', node='ubuntu', metric='rx', subsystem='enp0s25')
Telemetry(timestamp='28.05.2023 23:21:28.438864', value='1.015228', node='ubuntu', metric='cpu', subsystem=None)
Telemetry(timestamp='28.05.2023 23:21:28.449286', value='10.000000', node='ubuntu', metric='tx', subsystem='enp0s25')
Telemetry(timestamp='28.05.2023 23:21:28.237520', value='4.000000', node='ubuntu', metric='rx', subsystem='enp0s25')
Telemetry(timestamp='28.05.2023 23:21:28.543636', value='1093660.000000', node='ubuntu', metric='ram', subsystem=None)
Telemetry(timestamp='28.05.2023 23:21:28.544047', value='9.000000', node='ubuntu', metric='tx', subsystem='enp0s25')
Telemetry(timestamp='28.05.2023 23:21:28.544146', value='0.000000', node='ubuntu', metric='cpu', subsystem=None)
Telemetry(timestamp='28.05.2023 23:21:28.604392', value='4.000000', node='ubuntu', metric='rx', subsystem='enp0s25')
Telemetry(timestamp='28.05.2023 23:21:29.435150', value='4.040404', node='ubuntu', metric='cpu', subsystem=None)
Telemetry(timestamp='28.05.2023 23:21:29.458762', value='9.000000', node='ubuntu', metric='tx', subsystem='enp0s25')
Telemetry(timestamp='28.05.2023 23:21:29.928692', value='5.000000', node='ubuntu', metric='rx', subsystem='enp0s25')
Telemetry(timestamp='28.05.2023 23:21:29.544182', value='0.505051', node='ubuntu', metric='cpu', subsystem=None)
Telemetry(timestamp='28.05.2023 23:21:29.544373', value='1093660.000000', node='ubuntu', metric='ram', subsystem=None)
Telemetry(timestamp='28.05.2023 23:21:29.545018', value='10.000000', node='ubuntu', metric='tx', subsystem='enp0s25')
Telemetry(timestamp='28.05.2023 23:21:29.665979', value='5.000000', node='ubuntu', metric='rx', subsystem='enp0s25')
Telemetry(timestamp='28.05.2023 23:21:30.446061', value='10.000000', node='ubuntu', metric='tx', subsystem='enp0s25')
Telemetry(timestamp='28.05.2023 23:21:30.446307', value='1.507538', node='ubuntu', metric='cpu', subsystem=None)
Telemetry(timestamp='28.05.2023 23:21:30.272829', value='5.000000', node='ubuntu', metric='rx', subsystem='enp0s25')
Telemetry(timestamp='28.05.2023 23:21:30.544509', value='1093660.000000', node='ubuntu', metric='ram', subsystem=None)
Telemetry(timestamp='28.05.2023 23:21:30.544974', value='0.000000', node='ubuntu', metric='cpu', subsystem=None)
Telemetry(timestamp='28.05.2023 23:21:30.546866', value='10.000000', node='ubuntu', metric='tx', subsystem='enp0s25')
Telemetry(timestamp='28.05.2023 23:21:30.573532', value='5.000000', node='ubuntu', metric='rx', subsystem='enp0s25')
Telemetry(timestamp='28.05.2023 23:21:31.441622', value='1.507538', node='ubuntu', metric='cpu', subsystem=None)
Telemetry(timestamp='28.05.2023 23:21:31.455943', value='10.000000', node='ubuntu', metric='tx', subsystem='enp0s25')
Telemetry(timestamp='28.05.2023 23:21:31.697940', value='5.000000', node='ubuntu', metric='rx', subsystem='enp0s25')
^CException ignored in: <_io.TextIOWrapper name='<stdout>' mode='w' encoding='utf-8'>
BrokenPipeError: [Errno 32] Broken pipe

  ~/workspace_d/telemc-py   master !1 ?1                                                                120|INT|INT|INT  1m 19s  telemc-py  23:21:34
  ~/workspace_d/telemc-py   master !1 ?1                                                                         120|INT|INT|INT  telemc-py  23:21:35
  ~/workspace_d/telemc-py   master !1 ?1                                                                         120|INT|INT|INT  telemc-py  23:21:35
  ~/workspace_d/telemc-py   master !1 ?1                                                                         120|INT|INT|INT  telemc-py  23:21:35
  ~/workspace_d/telemc-py   master !1 ?1  telemc  follow | grep ubuntu\' | grep "ram\|cpu\|enp0s25\|lo" | grep -v psi
Telemetry(timestamp='28.05.2023 23:21:36.748484', value='4.000000', node='ubuntu', metric='rx', subsystem='enp0s25')
Telemetry(timestamp='28.05.2023 23:21:37.438828', value='1.005025', node='ubuntu', metric='cpu', subsystem=None)
Telemetry(timestamp='28.05.2023 23:21:37.450082', value='9.000000', node='ubuntu', metric='tx', subsystem='enp0s25')
Telemetry(timestamp='28.05.2023 23:21:37.257086', value='4.000000', node='ubuntu', metric='rx', subsystem='enp0s25')
Telemetry(timestamp='28.05.2023 23:21:37.544327', value='4.040404', node='ubuntu', metric='cpu', subsystem=None)
Telemetry(timestamp='28.05.2023 23:21:37.544868', value='0.090000', node='ubuntu', metric='load1', subsystem=None)
Telemetry(timestamp='28.05.2023 23:21:37.545873', value='1093640.000000', node='ubuntu', metric='ram', subsystem=None)
Telemetry(timestamp='28.05.2023 23:21:37.545971', value='9.000000', node='ubuntu', metric='tx', subsystem='enp0s25')
Telemetry(timestamp='28.05.2023 23:21:37.765769', value='0.070000', node='ubuntu', metric='load5', subsystem=None)
Telemetry(timestamp='28.05.2023 23:21:37.783027', value='4.000000', node='ubuntu', metric='rx', subsystem='enp0s25')
Telemetry(timestamp='28.05.2023 23:21:38.446786', value='9.000000', node='ubuntu', metric='tx', subsystem='enp0s25')
Telemetry(timestamp='28.05.2023 23:21:38.464380', value='0.507614', node='ubuntu', metric='cpu', subsystem=None)
Telemetry(timestamp='28.05.2023 23:21:38.247303', value='4.000000', node='ubuntu', metric='rx', subsystem='enp0s25')
Telemetry(timestamp='28.05.2023 23:21:38.544296', value='1093640.000000', node='ubuntu', metric='ram', subsystem=None)
Telemetry(timestamp='28.05.2023 23:21:38.545568', value='9.000000', node='ubuntu', metric='tx', subsystem='enp0s25')
Telemetry(timestamp='28.05.2023 23:21:38.546746', value='1.005025', node='ubuntu', metric='cpu', subsystem=None)
Telemetry(timestamp='28.05.2023 23:21:38.771537', value='4.000000', node='ubuntu', metric='rx', subsystem='enp0s25')
Telemetry(timestamp='28.05.2023 23:21:39.454168', value='6.060606', node='ubuntu', metric='cpu', subsystem=None)
Telemetry(timestamp='28.05.2023 23:21:39.454835', value='9.000000', node='ubuntu', metric='tx', subsystem='enp0s25')
Telemetry(timestamp='28.05.2023 23:21:39.191470', value='4.000000', node='ubuntu', metric='rx', subsystem='enp0s25')
Telemetry(timestamp='28.05.2023 23:21:39.543461', value='0.507614', node='ubuntu', metric='cpu', subsystem=None)
Telemetry(timestamp='28.05.2023 23:21:39.543646', value='1093640.000000', node='ubuntu', metric='ram', subsystem=None)
Telemetry(timestamp='28.05.2023 23:21:39.545851', value='9.000000', node='ubuntu', metric='tx', subsystem='enp0s25')
Telemetry(timestamp='28.05.2023 23:21:39.574797', value='5.000000', node='ubuntu', metric='rx', subsystem='enp0s25')
Telemetry(timestamp='28.05.2023 23:21:40.434130', value='2.538071', node='ubuntu', metric='cpu', subsystem=None)
Telemetry(timestamp='28.05.2023 23:21:40.447756', value='15.000000', node='ubuntu', metric='tx', subsystem='enp0s25')
Telemetry(timestamp='28.05.2023 23:21:40.877260', value='158.000000', node='ubuntu', metric='rx', subsystem='enp0s25')
Telemetry(timestamp='28.05.2023 23:21:40.544559', value='58.000000', node='ubuntu', metric='tx', subsystem='enp0s25')
Telemetry(timestamp='28.05.2023 23:21:40.545074', value='6.770833', node='ubuntu', metric='cpu', subsystem=None)
Telemetry(timestamp='28.05.2023 23:21:40.545198', value='1093888.000000', node='ubuntu', metric='ram', subsystem=None)
Telemetry(timestamp='28.05.2023 23:21:40.729109', value='2056.000000', node='ubuntu', metric='rx', subsystem='enp0s25')
Telemetry(timestamp='28.05.2023 23:21:41.437702', value='91.000000', node='ubuntu', metric='tx', subsystem='enp0s25')
Telemetry(timestamp='28.05.2023 23:21:41.459595', value='8.556150', node='ubuntu', metric='cpu', subsystem=None)
Telemetry(timestamp='28.05.2023 23:21:41.223352', value='3544.000000', node='ubuntu', metric='rx', subsystem='enp0s25')
Telemetry(timestamp='28.05.2023 23:21:41.543702', value='7.936508', node='ubuntu', metric='cpu', subsystem=None)
Telemetry(timestamp='28.05.2023 23:21:41.543851', value='1084384.000000', node='ubuntu', metric='ram', subsystem=None)
Telemetry(timestamp='28.05.2023 23:21:41.545929', value='88.000000', node='ubuntu', metric='tx', subsystem='enp0s25')
Telemetry(timestamp='28.05.2023 23:21:41.752221', value='3252.000000', node='ubuntu', metric='rx', subsystem='enp0s25')
Telemetry(timestamp='28.05.2023 23:21:42.441571', value='8.108108', node='ubuntu', metric='cpu', subsystem=None)
Telemetry(timestamp='28.05.2023 23:21:42.455614', value='86.000000', node='ubuntu', metric='tx', subsystem='enp0s25')
Telemetry(timestamp='28.05.2023 23:21:42.279032', value='3273.000000', node='ubuntu', metric='rx', subsystem='enp0s25')
Telemetry(timestamp='28.05.2023 23:21:42.543327', value='1097404.000000', node='ubuntu', metric='ram', subsystem=None)
Telemetry(timestamp='28.05.2023 23:21:42.543548', value='0.080000', node='ubuntu', metric='load1', subsystem=None)
Telemetry(timestamp='28.05.2023 23:21:42.544176', value='87.000000', node='ubuntu', metric='tx', subsystem='enp0s25')
Telemetry(timestamp='28.05.2023 23:21:42.544191', value='4.278075', node='ubuntu', metric='cpu', subsystem=None)
Telemetry(timestamp='28.05.2023 23:21:42.763794', value='0.070000', node='ubuntu', metric='load5', subsystem=None)
Telemetry(timestamp='28.05.2023 23:21:42.803478', value='3373.000000', node='ubuntu', metric='rx', subsystem='enp0s25')
Telemetry(timestamp='28.05.2023 23:21:43.436726', value='5.820106', node='ubuntu', metric='cpu', subsystem=None)
Telemetry(timestamp='28.05.2023 23:21:43.446178', value='92.000000', node='ubuntu', metric='tx', subsystem='enp0s25')
Telemetry(timestamp='28.05.2023 23:21:43.287688', value='3487.000000', node='ubuntu', metric='rx', subsystem='enp0s25')
Telemetry(timestamp='28.05.2023 23:21:43.544050', value='6.878307', node='ubuntu', metric='cpu', subsystem=None)
Telemetry(timestamp='28.05.2023 23:21:43.544482', value='91.000000', node='ubuntu', metric='tx', subsystem='enp0s25')
Telemetry(timestamp='28.05.2023 23:21:43.544514', value='1100668.000000', node='ubuntu', metric='ram', subsystem=None)
Telemetry(timestamp='28.05.2023 23:21:43.695263', value='3308.000000', node='ubuntu', metric='rx', subsystem='enp0s25')
Telemetry(timestamp='28.05.2023 23:21:44.453120', value='90.000000', node='ubuntu', metric='tx', subsystem='enp0s25')
Telemetry(timestamp='28.05.2023 23:21:44.456498', value='6.770833', node='ubuntu', metric='cpu', subsystem=None)
Telemetry(timestamp='28.05.2023 23:21:44.190684', value='3159.000000', node='ubuntu', metric='rx', subsystem='enp0s25')
Telemetry(timestamp='28.05.2023 23:21:44.543982', value='8.994709', node='ubuntu', metric='cpu', subsystem=None)
Telemetry(timestamp='28.05.2023 23:21:44.544098', value='1075208.000000', node='ubuntu', metric='ram', subsystem=None)
Telemetry(timestamp='28.05.2023 23:21:44.545014', value='86.000000', node='ubuntu', metric='tx', subsystem='enp0s25')
Telemetry(timestamp='28.05.2023 23:21:44.627301', value='3324.000000', node='ubuntu', metric='rx', subsystem='enp0s25')
Telemetry(timestamp='28.05.2023 23:21:45.440974', value='90.000000', node='ubuntu', metric='tx', subsystem='enp0s25')
Telemetry(timestamp='28.05.2023 23:21:45.442072', value='2.072539', node='ubuntu', metric='cpu', subsystem=None)
Telemetry(timestamp='28.05.2023 23:21:45.229359', value='3720.000000', node='ubuntu', metric='rx', subsystem='enp0s25')
Telemetry(timestamp='28.05.2023 23:21:45.543704', value='1086496.000000', node='ubuntu', metric='ram', subsystem=None)
Telemetry(timestamp='28.05.2023 23:21:45.544659', value='94.000000', node='ubuntu', metric='tx', subsystem='enp0s25')
Telemetry(timestamp='28.05.2023 23:21:45.545028', value='8.465608', node='ubuntu', metric='cpu', subsystem=None)
Telemetry(timestamp='28.05.2023 23:21:45.732188', value='3801.000000', node='ubuntu', metric='rx', subsystem='enp0s25')
Telemetry(timestamp='28.05.2023 23:21:46.446637', value='89.000000', node='ubuntu', metric='tx', subsystem='enp0s25')
Telemetry(timestamp='28.05.2023 23:21:46.447149', value='7.368421', node='ubuntu', metric='cpu', subsystem=None)
Telemetry(timestamp='28.05.2023 23:21:46.246708', value='3450.000000', node='ubuntu', metric='rx', subsystem='enp0s25')
Telemetry(timestamp='28.05.2023 23:21:46.543672', value='7.894737', node='ubuntu', metric='cpu', subsystem=None)
Telemetry(timestamp='28.05.2023 23:21:46.543748', value='1080076.000000', node='ubuntu', metric='ram', subsystem=None)
Telemetry(timestamp='28.05.2023 23:21:46.544652', value='88.000000', node='ubuntu', metric='tx', subsystem='enp0s25')
Telemetry(timestamp='28.05.2023 23:21:46.790975', value='3267.000000', node='ubuntu', metric='rx', subsystem='enp0s25')
Telemetry(timestamp='28.05.2023 23:21:47.437186', value='87.000000', node='ubuntu', metric='tx', subsystem='enp0s25')
Telemetry(timestamp='28.05.2023 23:21:47.439090', value='10.160428', node='ubuntu', metric='cpu', subsystem=None)
Telemetry(timestamp='28.05.2023 23:21:47.715659', value='3210.000000', node='ubuntu', metric='rx', subsystem='enp0s25')
Telemetry(timestamp='28.05.2023 23:21:47.544222', value='8.021390', node='ubuntu', metric='cpu', subsystem=None)
Telemetry(timestamp='28.05.2023 23:21:47.544473', value='92.000000', node='ubuntu', metric='tx', subsystem='enp0s25')
Telemetry(timestamp='28.05.2023 23:21:47.544475', value='0.080000', node='ubuntu', metric='load1', subsystem=None)
Telemetry(timestamp='28.05.2023 23:21:47.544733', value='1087436.000000', node='ubuntu', metric='ram', subsystem=None)
Telemetry(timestamp='28.05.2023 23:21:47.625781', value='3646.000000', node='ubuntu', metric='rx', subsystem='enp0s25')
Telemetry(timestamp='28.05.2023 23:21:47.633272', value='0.070000', node='ubuntu', metric='load5', subsystem=None)
Telemetry(timestamp='28.05.2023 23:21:48.441616', value='92.000000', node='ubuntu', metric='tx', subsystem='enp0s25')
Telemetry(timestamp='28.05.2023 23:21:48.458390', value='8.854167', node='ubuntu', metric='cpu', subsystem=None)
Telemetry(timestamp='28.05.2023 23:21:48.187255', value='3528.000000', node='ubuntu', metric='rx', subsystem='enp0s25')
Telemetry(timestamp='28.05.2023 23:21:48.543706', value='1094008.000000', node='ubuntu', metric='ram', subsystem=None)
Telemetry(timestamp='28.05.2023 23:21:48.543771', value='9.090909', node='ubuntu', metric='cpu', subsystem=None)
Telemetry(timestamp='28.05.2023 23:21:48.544439', value='86.000000', node='ubuntu', metric='tx', subsystem='enp0s25')
Telemetry(timestamp='28.05.2023 23:21:48.602947', value='3041.000000', node='ubuntu', metric='rx', subsystem='enp0s25')
Telemetry(timestamp='28.05.2023 23:21:49.433384', value='11.956522', node='ubuntu', metric='cpu', subsystem=None)
Telemetry(timestamp='28.05.2023 23:21:49.448278', value='85.000000', node='ubuntu', metric='tx', subsystem='enp0s25')
Telemetry(timestamp='28.05.2023 23:21:49.129562', value='3080.000000', node='ubuntu', metric='rx', subsystem='enp0s25')
Telemetry(timestamp='28.05.2023 23:21:49.543392', value='5.851064', node='ubuntu', metric='cpu', subsystem=None)
Telemetry(timestamp='28.05.2023 23:21:49.543432', value='1089672.000000', node='ubuntu', metric='ram', subsystem=None)
Telemetry(timestamp='28.05.2023 23:21:49.544288', value='89.000000', node='ubuntu', metric='tx', subsystem='enp0s25')
Telemetry(timestamp='28.05.2023 23:21:49.745478', value='3465.000000', node='ubuntu', metric='rx', subsystem='enp0s25')
Telemetry(timestamp='28.05.2023 23:21:50.436434', value='91.000000', node='ubuntu', metric='tx', subsystem='enp0s25')
Telemetry(timestamp='28.05.2023 23:21:50.447172', value='7.142857', node='ubuntu', metric='cpu', subsystem=None)
Telemetry(timestamp='28.05.2023 23:21:50.889002', value='3672.000000', node='ubuntu', metric='rx', subsystem='enp0s25')
Telemetry(timestamp='28.05.2023 23:21:50.544131', value='89.000000', node='ubuntu', metric='tx', subsystem='enp0s25')
Telemetry(timestamp='28.05.2023 23:21:50.545136', value='7.407407', node='ubuntu', metric='cpu', subsystem=None)
Telemetry(timestamp='28.05.2023 23:21:50.547282', value='1098732.000000', node='ubuntu', metric='ram', subsystem=None)
Telemetry(timestamp='28.05.2023 23:21:50.737328', value='3480.000000', node='ubuntu', metric='rx', subsystem='enp0s25')
Telemetry(timestamp='28.05.2023 23:21:51.436785', value='88.000000', node='ubuntu', metric='tx', subsystem='enp0s25')
Telemetry(timestamp='28.05.2023 23:21:51.452930', value='9.523810', node='ubuntu', metric='cpu', subsystem=None)
Telemetry(timestamp='28.05.2023 23:21:51.264351', value='3400.000000', node='ubuntu', metric='rx', subsystem='enp0s25')
Telemetry(timestamp='28.05.2023 23:21:51.543396', value='6.741573', node='ubuntu', metric='cpu', subsystem=None)
Telemetry(timestamp='28.05.2023 23:21:51.543460', value='1093540.000000', node='ubuntu', metric='ram', subsystem=None)
Telemetry(timestamp='28.05.2023 23:21:51.548504', value='86.000000', node='ubuntu', metric='tx', subsystem='enp0s25')
Telemetry(timestamp='28.05.2023 23:21:51.787718', value='3303.000000', node='ubuntu', metric='rx', subsystem='enp0s25')
Telemetry(timestamp='28.05.2023 23:21:52.434031', value='9.574468', node='ubuntu', metric='cpu', subsystem=None)
Telemetry(timestamp='28.05.2023 23:21:52.449482', value='88.000000', node='ubuntu', metric='tx', subsystem='enp0s25')
Telemetry(timestamp='28.05.2023 23:21:52.736305', value='3515.000000', node='ubuntu', metric='rx', subsystem='enp0s25')
Telemetry(timestamp='28.05.2023 23:21:52.544224', value='1084580.000000', node='ubuntu', metric='ram', subsystem=None)
Telemetry(timestamp='28.05.2023 23:21:52.544460', value='0.070000', node='ubuntu', metric='load1', subsystem=None)
Telemetry(timestamp='28.05.2023 23:21:52.544562', value='97.000000', node='ubuntu', metric='tx', subsystem='enp0s25')
Telemetry(timestamp='28.05.2023 23:21:52.544872', value='8.556150', node='ubuntu', metric='cpu', subsystem=None)
Telemetry(timestamp='28.05.2023 23:21:52.687111', value='0.070000', node='ubuntu', metric='load5', subsystem=None)
Telemetry(timestamp='28.05.2023 23:21:52.692088', value='3610.000000', node='ubuntu', metric='rx', subsystem='enp0s25')
Telemetry(timestamp='28.05.2023 23:21:53.443098', value='95.000000', node='ubuntu', metric='tx', subsystem='enp0s25')
Telemetry(timestamp='28.05.2023 23:21:53.461845', value='8.064516', node='ubuntu', metric='cpu', subsystem=None)
Telemetry(timestamp='28.05.2023 23:21:53.244961', value='3355.000000', node='ubuntu', metric='rx', subsystem='enp0s25')
Telemetry(timestamp='28.05.2023 23:21:53.543243', value='1096036.000000', node='ubuntu', metric='ram', subsystem=None)
Telemetry(timestamp='28.05.2023 23:21:53.545044', value='8.021390', node='ubuntu', metric='cpu', subsystem=None)
Telemetry(timestamp='28.05.2023 23:21:53.546345', value='87.000000', node='ubuntu', metric='tx', subsystem='enp0s25')
Telemetry(timestamp='28.05.2023 23:21:53.691016', value='3321.000000', node='ubuntu', metric='rx', subsystem='enp0s25')
Telemetry(timestamp='28.05.2023 23:21:54.432875', value='8.743169', node='ubuntu', metric='cpu', subsystem=None)
Telemetry(timestamp='28.05.2023 23:21:54.448343', value='86.000000', node='ubuntu', metric='tx', subsystem='enp0s25')
Telemetry(timestamp='28.05.2023 23:21:54.794630', value='3295.000000', node='ubuntu', metric='rx', subsystem='enp0s25')
Telemetry(timestamp='28.05.2023 23:21:54.543572', value='3.684211', node='ubuntu', metric='cpu', subsystem=None)
Telemetry(timestamp='28.05.2023 23:21:54.543766', value='92.000000', node='ubuntu', metric='tx', subsystem='enp0s25')
Telemetry(timestamp='28.05.2023 23:21:54.544007', value='1100292.000000', node='ubuntu', metric='ram', subsystem=None)
Telemetry(timestamp='28.05.2023 23:21:54.756587', value='3447.000000', node='ubuntu', metric='rx', subsystem='enp0s25')
Telemetry(timestamp='28.05.2023 23:21:55.436087', value='7.567568', node='ubuntu', metric='cpu', subsystem=None)
Telemetry(timestamp='28.05.2023 23:21:55.438695', value='91.000000', node='ubuntu', metric='tx', subsystem='enp0s25')
Telemetry(timestamp='28.05.2023 23:21:55.227517', value='3524.000000', node='ubuntu', metric='rx', subsystem='enp0s25')
Telemetry(timestamp='28.05.2023 23:21:55.544582', value='8.900524', node='ubuntu', metric='cpu', subsystem=None)
Telemetry(timestamp='28.05.2023 23:21:55.544640', value='1094800.000000', node='ubuntu', metric='ram', subsystem=None)
Telemetry(timestamp='28.05.2023 23:21:55.545440', value='84.000000', node='ubuntu', metric='tx', subsystem='enp0s25')
Telemetry(timestamp='28.05.2023 23:21:55.800345', value='2889.000000', node='ubuntu', metric='rx', subsystem='enp0s25')
Telemetry(timestamp='28.05.2023 23:21:56.442615', value='10.215054', node='ubuntu', metric='cpu', subsystem=None)
Telemetry(timestamp='28.05.2023 23:21:56.454698', value='82.000000', node='ubuntu', metric='tx', subsystem='enp0s25')
Telemetry(timestamp='28.05.2023 23:21:56.179510', value='2823.000000', node='ubuntu', metric='rx', subsystem='enp0s25')
Telemetry(timestamp='28.05.2023 23:21:56.543850', value='1101492.000000', node='ubuntu', metric='ram', subsystem=None)
Telemetry(timestamp='28.05.2023 23:21:56.544158', value='3.208556', node='ubuntu', metric='cpu', subsystem=None)
Telemetry(timestamp='28.05.2023 23:21:56.545091', value='91.000000', node='ubuntu', metric='tx', subsystem='enp0s25')
Telemetry(timestamp='28.05.2023 23:21:56.717351', value='3574.000000', node='ubuntu', metric='rx', subsystem='enp0s25')
Telemetry(timestamp='28.05.2023 23:21:57.453948', value='7.978723', node='ubuntu', metric='cpu', subsystem=None)
Telemetry(timestamp='28.05.2023 23:21:57.454779', value='93.000000', node='ubuntu', metric='tx', subsystem='enp0s25')
Telemetry(timestamp='28.05.2023 23:21:57.204896', value='3577.000000', node='ubuntu', metric='rx', subsystem='enp0s25')
Telemetry(timestamp='28.05.2023 23:21:57.543707', value='1102612.000000', node='ubuntu', metric='ram', subsystem=None)
Telemetry(timestamp='28.05.2023 23:21:57.543927', value='0.070000', node='ubuntu', metric='load1', subsystem=None)
Telemetry(timestamp='28.05.2023 23:21:57.544191', value='9.523810', node='ubuntu', metric='cpu', subsystem=None)
Telemetry(timestamp='28.05.2023 23:21:57.545279', value='85.000000', node='ubuntu', metric='tx', subsystem='enp0s25')
Telemetry(timestamp='28.05.2023 23:21:57.711089', value='0.070000', node='ubuntu', metric='load5', subsystem=None)
Telemetry(timestamp='28.05.2023 23:21:57.747242', value='3128.000000', node='ubuntu', metric='rx', subsystem='enp0s25')
Telemetry(timestamp='28.05.2023 23:21:58.442031', value='9.782609', node='ubuntu', metric='cpu', subsystem=None)
Telemetry(timestamp='28.05.2023 23:21:58.454692', value='88.000000', node='ubuntu', metric='tx', subsystem='enp0s25')
Telemetry(timestamp='28.05.2023 23:21:58.862339', value='3271.000000', node='ubuntu', metric='rx', subsystem='enp0s25')
Telemetry(timestamp='28.05.2023 23:21:58.544012', value='90.000000', node='ubuntu', metric='tx', subsystem='enp0s25')
Telemetry(timestamp='28.05.2023 23:21:58.544183', value='1097724.000000', node='ubuntu', metric='ram', subsystem=None)
Telemetry(timestamp='28.05.2023 23:21:58.544489', value='7.446809', node='ubuntu', metric='cpu', subsystem=None)
Telemetry(timestamp='28.05.2023 23:21:58.552887', value='3598.000000', node='ubuntu', metric='rx', subsystem='enp0s25')
Telemetry(timestamp='28.05.2023 23:21:59.446174', value='91.000000', node='ubuntu', metric='tx', subsystem='enp0s25')
Telemetry(timestamp='28.05.2023 23:21:59.450468', value='7.446809', node='ubuntu', metric='cpu', subsystem=None)
Telemetry(timestamp='28.05.2023 23:21:59.210577', value='3667.000000', node='ubuntu', metric='rx', subsystem='enp0s25')
Telemetry(timestamp='28.05.2023 23:21:59.544469', value='92.000000', node='ubuntu', metric='tx', subsystem='enp0s25')
Telemetry(timestamp='28.05.2023 23:21:59.544639', value='1095136.000000', node='ubuntu', metric='ram', subsystem=None)
Telemetry(timestamp='28.05.2023 23:21:59.544996', value='8.947368', node='ubuntu', metric='cpu', subsystem=None)
Telemetry(timestamp='28.05.2023 23:21:59.749084', value='3452.000000', node='ubuntu', metric='rx', subsystem='enp0s25')
Telemetry(timestamp='28.05.2023 23:22:00.451813', value='88.000000', node='ubuntu', metric='tx', subsystem='enp0s25')
Telemetry(timestamp='28.05.2023 23:22:00.464165', value='8.994709', node='ubuntu', metric='cpu', subsystem=None)
Telemetry(timestamp='28.05.2023 23:22:00.744107', value='3285.000000', node='ubuntu', metric='rx', subsystem='enp0s25')
Telemetry(timestamp='28.05.2023 23:22:00.543568', value='1082312.000000', node='ubuntu', metric='ram', subsystem=None)
Telemetry(timestamp='28.05.2023 23:22:00.544300', value='7.608696', node='ubuntu', metric='cpu', subsystem=None)
Telemetry(timestamp='28.05.2023 23:22:00.546737', value='91.000000', node='ubuntu', metric='tx', subsystem='enp0s25')
Telemetry(timestamp='28.05.2023 23:22:00.608881', value='3374.000000', node='ubuntu', metric='rx', subsystem='enp0s25')
Telemetry(timestamp='28.05.2023 23:22:01.443727', value='108.000000', node='ubuntu', metric='tx', subsystem='enp0s25')
Telemetry(timestamp='28.05.2023 23:22:01.448819', value='4.301075', node='ubuntu', metric='cpu', subsystem=None)
Telemetry(timestamp='28.05.2023 23:22:01.207106', value='3256.000000', node='ubuntu', metric='rx', subsystem='enp0s25')
Telemetry(timestamp='28.05.2023 23:22:01.543992', value='1081720.000000', node='ubuntu', metric='ram', subsystem=None)
Telemetry(timestamp='28.05.2023 23:22:01.544301', value='103.000000', node='ubuntu', metric='tx', subsystem='enp0s25')
Telemetry(timestamp='28.05.2023 23:22:01.545283', value='7.368421', node='ubuntu', metric='cpu', subsystem=None)
Telemetry(timestamp='28.05.2023 23:22:01.709301', value='3165.000000', node='ubuntu', metric='rx', subsystem='enp0s25')
Telemetry(timestamp='28.05.2023 23:22:02.449620', value='9.677419', node='ubuntu', metric='cpu', subsystem=None)
Telemetry(timestamp='28.05.2023 23:22:02.450335', value='89.000000', node='ubuntu', metric='tx', subsystem='enp0s25')
Telemetry(timestamp='28.05.2023 23:22:02.727432', value='3046.000000', node='ubuntu', metric='rx', subsystem='enp0s25')
Telemetry(timestamp='28.05.2023 23:22:02.543618', value='0.060000', node='ubuntu', metric='load1', subsystem=None)
Telemetry(timestamp='28.05.2023 23:22:02.543750', value='1088076.000000', node='ubuntu', metric='ram', subsystem=None)
Telemetry(timestamp='28.05.2023 23:22:02.544447', value='11.475410', node='ubuntu', metric='cpu', subsystem=None)
Telemetry(timestamp='28.05.2023 23:22:02.545754', value='88.000000', node='ubuntu', metric='tx', subsystem='enp0s25')
Telemetry(timestamp='28.05.2023 23:22:02.609529', value='0.060000', node='ubuntu', metric='load5', subsystem=None)
Telemetry(timestamp='28.05.2023 23:22:02.655140', value='3055.000000', node='ubuntu', metric='rx', subsystem='enp0s25')
Telemetry(timestamp='28.05.2023 23:22:03.440994', value='4.787234', node='ubuntu', metric='cpu', subsystem=None)
Telemetry(timestamp='28.05.2023 23:22:03.458474', value='89.000000', node='ubuntu', metric='tx', subsystem='enp0s25')
Telemetry(timestamp='28.05.2023 23:22:03.254544', value='3607.000000', node='ubuntu', metric='rx', subsystem='enp0s25')
Telemetry(timestamp='28.05.2023 23:22:03.543503', value='1094436.000000', node='ubuntu', metric='ram', subsystem=None)
Telemetry(timestamp='28.05.2023 23:22:03.543520', value='7.894737', node='ubuntu', metric='cpu', subsystem=None)
Telemetry(timestamp='28.05.2023 23:22:03.544427', value='92.000000', node='ubuntu', metric='tx', subsystem='enp0s25')
Telemetry(timestamp='28.05.2023 23:22:03.762315', value='3549.000000', node='ubuntu', metric='rx', subsystem='enp0s25')
Telemetry(timestamp='28.05.2023 23:22:04.438312', value='7.526882', node='ubuntu', metric='cpu', subsystem=None)
Telemetry(timestamp='28.05.2023 23:22:04.444136', value='88.000000', node='ubuntu', metric='tx', subsystem='enp0s25')
Telemetry(timestamp='28.05.2023 23:22:04.273192', value='3185.000000', node='ubuntu', metric='rx', subsystem='enp0s25')
Telemetry(timestamp='28.05.2023 23:22:04.543582', value='1094312.000000', node='ubuntu', metric='ram', subsystem=None)
Telemetry(timestamp='28.05.2023 23:22:04.543653', value='8.743169', node='ubuntu', metric='cpu', subsystem=None)
Telemetry(timestamp='28.05.2023 23:22:04.545600', value='87.000000', node='ubuntu', metric='tx', subsystem='enp0s25')
Telemetry(timestamp='28.05.2023 23:22:04.700746', value='3306.000000', node='ubuntu', metric='rx', subsystem='enp0s25')
Telemetry(timestamp='28.05.2023 23:22:05.437996', value='4.188482', node='ubuntu', metric='cpu', subsystem=None)
Telemetry(timestamp='28.05.2023 23:22:05.449739', value='87.000000', node='ubuntu', metric='tx', subsystem='enp0s25')
Telemetry(timestamp='28.05.2023 23:22:05.213243', value='3459.000000', node='ubuntu', metric='rx', subsystem='enp0s25')
Telemetry(timestamp='28.05.2023 23:22:05.544347', value='90.000000', node='ubuntu', metric='tx', subsystem='enp0s25')
Telemetry(timestamp='28.05.2023 23:22:05.544470', value='6.382979', node='ubuntu', metric='cpu', subsystem=None)
Telemetry(timestamp='28.05.2023 23:22:05.545251', value='1099660.000000', node='ubuntu', metric='ram', subsystem=None)
Telemetry(timestamp='28.05.2023 23:22:05.693905', value='3547.000000', node='ubuntu', metric='rx', subsystem='enp0s25')
Telemetry(timestamp='28.05.2023 23:22:06.438722', value='88.000000', node='ubuntu', metric='tx', subsystem='enp0s25')
Telemetry(timestamp='28.05.2023 23:22:06.458809', value='6.951872', node='ubuntu', metric='cpu', subsystem=None)
Telemetry(timestamp='28.05.2023 23:22:06.211112', value='3384.000000', node='ubuntu', metric='rx', subsystem='enp0s25')
Telemetry(timestamp='28.05.2023 23:22:06.543627', value='9.090909', node='ubuntu', metric='cpu', subsystem=None)
Telemetry(timestamp='28.05.2023 23:22:06.543733', value='1087928.000000', node='ubuntu', metric='ram', subsystem=None)
Telemetry(timestamp='28.05.2023 23:22:06.546363', value='89.000000', node='ubuntu', metric='tx', subsystem='enp0s25')
Telemetry(timestamp='28.05.2023 23:22:06.742439', value='3200.000000', node='ubuntu', metric='rx', subsystem='enp0s25')
Telemetry(timestamp='28.05.2023 23:22:07.448392', value='12.631579', node='ubuntu', metric='cpu', subsystem=None)
Telemetry(timestamp='28.05.2023 23:22:07.449227', value='88.000000', node='ubuntu', metric='tx', subsystem='enp0s25')
Telemetry(timestamp='28.05.2023 23:22:07.911438', value='3213.000000', node='ubuntu', metric='rx', subsystem='enp0s25')
Telemetry(timestamp='28.05.2023 23:22:07.543751', value='1085480.000000', node='ubuntu', metric='ram', subsystem=None)
Telemetry(timestamp='28.05.2023 23:22:07.543857', value='6.010929', node='ubuntu', metric='cpu', subsystem=None)
Telemetry(timestamp='28.05.2023 23:22:07.544278', value='0.140000', node='ubuntu', metric='load1', subsystem=None)
Telemetry(timestamp='28.05.2023 23:22:07.544601', value='91.000000', node='ubuntu', metric='tx', subsystem='enp0s25')
Telemetry(timestamp='28.05.2023 23:22:07.742095', value='0.080000', node='ubuntu', metric='load5', subsystem=None)
Telemetry(timestamp='28.05.2023 23:22:07.753305', value='3691.000000', node='ubuntu', metric='rx', subsystem='enp0s25')
Telemetry(timestamp='28.05.2023 23:22:08.439492', value='93.000000', node='ubuntu', metric='tx', subsystem='enp0s25')
Telemetry(timestamp='28.05.2023 23:22:08.443097', value='8.290155', node='ubuntu', metric='cpu', subsystem=None)
Telemetry(timestamp='28.05.2023 23:22:08.607588', value='3669.000000', node='ubuntu', metric='rx', subsystem='enp0s25')
Telemetry(timestamp='28.05.2023 23:22:08.543808', value='1091212.000000', node='ubuntu', metric='ram', subsystem=None)
Telemetry(timestamp='28.05.2023 23:22:08.544373', value='89.000000', node='ubuntu', metric='tx', subsystem='enp0s25')
Telemetry(timestamp='28.05.2023 23:22:08.544512', value='6.951872', node='ubuntu', metric='cpu', subsystem=None)
Telemetry(timestamp='28.05.2023 23:22:08.816760', value='3083.000000', node='ubuntu', metric='rx', subsystem='enp0s25')
Telemetry(timestamp='28.05.2023 23:22:09.440704', value='12.698413', node='ubuntu', metric='cpu', subsystem=None)
Telemetry(timestamp='28.05.2023 23:22:09.453712', value='89.000000', node='ubuntu', metric='tx', subsystem='enp0s25')
Telemetry(timestamp='28.05.2023 23:22:09.197100', value='3160.000000', node='ubuntu', metric='rx', subsystem='enp0s25')
Telemetry(timestamp='28.05.2023 23:22:09.543853', value='1093200.000000', node='ubuntu', metric='ram', subsystem=None)
Telemetry(timestamp='28.05.2023 23:22:09.544166', value='9.677419', node='ubuntu', metric='cpu', subsystem=None)
Telemetry(timestamp='28.05.2023 23:22:09.545881', value='87.000000', node='ubuntu', metric='tx', subsystem='enp0s25')
Telemetry(timestamp='28.05.2023 23:22:09.799621', value='3437.000000', node='ubuntu', metric='rx', subsystem='enp0s25')
Telemetry(timestamp='28.05.2023 23:22:10.433344', value='4.145078', node='ubuntu', metric='cpu', subsystem=None)
Telemetry(timestamp='28.05.2023 23:22:10.442640', value='92.000000', node='ubuntu', metric='tx', subsystem='enp0s25')
Telemetry(timestamp='28.05.2023 23:22:10.203295', value='3603.000000', node='ubuntu', metric='rx', subsystem='enp0s25')
Telemetry(timestamp='28.05.2023 23:22:10.544128', value='94.000000', node='ubuntu', metric='tx', subsystem='enp0s25')
Telemetry(timestamp='28.05.2023 23:22:10.544412', value='7.446809', node='ubuntu', metric='cpu', subsystem=None)
Telemetry(timestamp='28.05.2023 23:22:10.545251', value='1086800.000000', node='ubuntu', metric='ram', subsystem=None)
Telemetry(timestamp='28.05.2023 23:22:10.703356', value='3412.000000', node='ubuntu', metric='rx', subsystem='enp0s25')
Telemetry(timestamp='28.05.2023 23:22:11.443136', value='85.000000', node='ubuntu', metric='tx', subsystem='enp0s25')
Telemetry(timestamp='28.05.2023 23:22:11.450885', value='9.473684', node='ubuntu', metric='cpu', subsystem=None)
Telemetry(timestamp='28.05.2023 23:22:11.228559', value='2978.000000', node='ubuntu', metric='rx', subsystem='enp0s25')
Telemetry(timestamp='28.05.2023 23:22:11.543631', value='1086500.000000', node='ubuntu', metric='ram', subsystem=None)
Telemetry(timestamp='28.05.2023 23:22:11.545058', value='10.000000', node='ubuntu', metric='cpu', subsystem=None)
Telemetry(timestamp='28.05.2023 23:22:11.545277', value='82.000000', node='ubuntu', metric='tx', subsystem='enp0s25')
Telemetry(timestamp='28.05.2023 23:22:11.772260', value='3090.000000', node='ubuntu', metric='rx', subsystem='enp0s25')
Telemetry(timestamp='28.05.2023 23:22:12.439600', value='6.989247', node='ubuntu', metric='cpu', subsystem=None)
Telemetry(timestamp='28.05.2023 23:22:12.451162', value='90.000000', node='ubuntu', metric='tx', subsystem='enp0s25')
Telemetry(timestamp='28.05.2023 23:22:12.265171', value='3571.000000', node='ubuntu', metric='rx', subsystem='enp0s25')
Telemetry(timestamp='28.05.2023 23:22:12.543779', value='9.375000', node='ubuntu', metric='cpu', subsystem=None)
Telemetry(timestamp='28.05.2023 23:22:12.544096', value='1087384.000000', node='ubuntu', metric='ram', subsystem=None)
Telemetry(timestamp='28.05.2023 23:22:12.544131', value='0.120000', node='ubuntu', metric='load1', subsystem=None)
Telemetry(timestamp='28.05.2023 23:22:12.544185', value='91.000000', node='ubuntu', metric='tx', subsystem='enp0s25')
Telemetry(timestamp='28.05.2023 23:22:12.775144', value='0.080000', node='ubuntu', metric='load5', subsystem=None)
Telemetry(timestamp='28.05.2023 23:22:12.777786', value='3535.000000', node='ubuntu', metric='rx', subsystem='enp0s25')
Telemetry(timestamp='28.05.2023 23:22:13.443171', value='66.000000', node='ubuntu', metric='tx', subsystem='enp0s25')
Telemetry(timestamp='28.05.2023 23:22:13.448390', value='5.291005', node='ubuntu', metric='cpu', subsystem=None)
Telemetry(timestamp='28.05.2023 23:22:13.170232', value='2438.000000', node='ubuntu', metric='rx', subsystem='enp0s25')
Telemetry(timestamp='28.05.2023 23:22:13.543802', value='1082784.000000', node='ubuntu', metric='ram', subsystem=None)
Telemetry(timestamp='28.05.2023 23:22:13.543941', value='0.505051', node='ubuntu', metric='cpu', subsystem=None)
Telemetry(timestamp='28.05.2023 23:22:13.545162', value='28.000000', node='ubuntu', metric='tx', subsystem='enp0s25')
Telemetry(timestamp='28.05.2023 23:22:13.690009', value='800.000000', node='ubuntu', metric='rx', subsystem='enp0s25')
Telemetry(timestamp='28.05.2023 23:22:14.441893', value='1.005025', node='ubuntu', metric='cpu', subsystem=None)
Telemetry(timestamp='28.05.2023 23:22:14.446740', value='9.000000', node='ubuntu', metric='tx', subsystem='enp0s25')
Telemetry(timestamp='28.05.2023 23:22:14.197819', value='4.000000', node='ubuntu', metric='rx', subsystem='enp0s25')
Telemetry(timestamp='28.05.2023 23:22:14.544308', value='1082780.000000', node='ubuntu', metric='ram', subsystem=None)
Telemetry(timestamp='28.05.2023 23:22:14.545018', value='9.000000', node='ubuntu', metric='tx', subsystem='enp0s25')
Telemetry(timestamp='28.05.2023 23:22:14.545433', value='0.502513', node='ubuntu', metric='cpu', subsystem=None)
Telemetry(timestamp='28.05.2023 23:22:14.725456', value='4.000000', node='ubuntu', metric='rx', subsystem='enp0s25')
Telemetry(timestamp='28.05.2023 23:22:15.439631', value='0.507614', node='ubuntu', metric='cpu', subsystem=None)
Telemetry(timestamp='28.05.2023 23:22:15.456327', value='9.000000', node='ubuntu', metric='tx', subsystem='enp0s25')
Telemetry(timestamp='28.05.2023 23:22:15.233931', value='4.000000', node='ubuntu', metric='rx', subsystem='enp0s25')
Telemetry(timestamp='28.05.2023 23:22:15.543991', value='0.000000', node='ubuntu', metric='cpu', subsystem=None)
Telemetry(timestamp='28.05.2023 23:22:15.544853', value='1082780.000000', node='ubuntu', metric='ram', subsystem=None)
Telemetry(timestamp='28.05.2023 23:22:15.546560', value='9.000000', node='ubuntu', metric='tx', subsystem='enp0s25')