Telemetry(timestamp='27.05.2023 12:32:23.313548', value='5.945946', node='ubuntu', metric='cpu', subsystem=None)
Telemetry(timestamp='27.05.2023 12:32:23.320962', value='96.000000', node='ubuntu', metric='tx', subsystem='enp0s25')
Telemetry(timestamp='27.05.2023 12:32:23.217732', value='4140.000000', node='ubuntu', metric='rx', subsystem='enp0s25')
Telemetry(timestamp='27.05.2023 12:32:23.530694', value='1060392.000000', node='ubuntu', metric='ram', subsystem=None)
Telemetry(timestamp='27.05.2023 12:32:23.531407', value='10.695187', node='ubuntu', metric='cpu', subsystem=None)
Telemetry(timestamp='27.05.2023 12:32:23.531496', value='88.000000', node='ubuntu', metric='tx', subsystem='enp0s25')
Telemetry(timestamp='27.05.2023 12:32:23.739046', value='3604.000000', node='ubuntu', metric='rx', subsystem='enp0s25')
Telemetry(timestamp='27.05.2023 12:32:24.306541', value='4.838710', node='ubuntu', metric='cpu', subsystem=None)
Telemetry(timestamp='27.05.2023 12:32:24.321821', value='89.000000', node='ubuntu', metric='tx', subsystem='enp0s25')
Telemetry(timestamp='27.05.2023 12:32:24.227992', value='3589.000000', node='ubuntu', metric='rx', subsystem='enp0s25')
Telemetry(timestamp='27.05.2023 12:32:24.530289', value='5.434783', node='ubuntu', metric='cpu', subsystem=None)
Telemetry(timestamp='27.05.2023 12:32:24.530408', value='1063668.000000', node='ubuntu', metric='ram', subsystem=None)
Telemetry(timestamp='27.05.2023 12:32:24.531706', value='96.000000', node='ubuntu', metric='tx', subsystem='enp0s25')
Telemetry(timestamp='27.05.2023 12:32:24.751686', value='4034.000000', node='ubuntu', metric='rx', subsystem='enp0s25')
Telemetry(timestamp='27.05.2023 12:32:25.313440', value='91.000000', node='ubuntu', metric='tx', subsystem='enp0s25')
Telemetry(timestamp='27.05.2023 12:32:25.314013', value='15.789474', node='ubuntu', metric='cpu', subsystem=None)
Telemetry(timestamp='27.05.2023 12:32:25.154209', value='3733.000000', node='ubuntu', metric='rx', subsystem='enp0s25')
Telemetry(timestamp='27.05.2023 12:32:25.530480', value='0.140000', node='ubuntu', metric='load1', subsystem=None)
Telemetry(timestamp='27.05.2023 12:32:25.530483', value='0.340000', node='ubuntu', metric='load5', subsystem=None)
Telemetry(timestamp='27.05.2023 12:32:25.530511', value='5.347594', node='ubuntu', metric='cpu', subsystem=None)
Telemetry(timestamp='27.05.2023 12:32:25.530882', value='1063544.000000', node='ubuntu', metric='ram', subsystem=None)
Telemetry(timestamp='27.05.2023 12:32:25.531570', value='91.000000', node='ubuntu', metric='tx', subsystem='enp0s25')
Telemetry(timestamp='27.05.2023 12:32:25.623964', value='3587.000000', node='ubuntu', metric='rx', subsystem='enp0s25')
Telemetry(timestamp='27.05.2023 12:32:26.308681', value='95.000000', node='ubuntu', metric='tx', subsystem='enp0s25')
Telemetry(timestamp='27.05.2023 12:32:26.308841', value='4.419890', node='ubuntu', metric='cpu', subsystem=None)
Telemetry(timestamp='27.05.2023 12:32:26.162470', value='3849.000000', node='ubuntu', metric='rx', subsystem='enp0s25')
Telemetry(timestamp='27.05.2023 12:32:26.529989', value='1071704.000000', node='ubuntu', metric='ram', subsystem=None)
Telemetry(timestamp='27.05.2023 12:32:26.531227', value='6.417112', node='ubuntu', metric='cpu', subsystem=None)
Telemetry(timestamp='27.05.2023 12:32:26.532414', value='94.000000', node='ubuntu', metric='tx', subsystem='enp0s25')
Telemetry(timestamp='27.05.2023 12:32:26.701475', value='3906.000000', node='ubuntu', metric='rx', subsystem='enp0s25')
Telemetry(timestamp='27.05.2023 12:32:27.300835', value='11.111111', node='ubuntu', metric='cpu', subsystem=None)
Telemetry(timestamp='27.05.2023 12:32:27.322972', value='88.000000', node='ubuntu', metric='tx', subsystem='enp0s25')
Telemetry(timestamp='27.05.2023 12:32:27.202551', value='3493.000000', node='ubuntu', metric='rx', subsystem='enp0s25')
Telemetry(timestamp='27.05.2023 12:32:27.529981', value='1058156.000000', node='ubuntu', metric='ram', subsystem=None)
Telemetry(timestamp='27.05.2023 12:32:27.530123', value='4.324324', node='ubuntu', metric='cpu', subsystem=None)
Telemetry(timestamp='27.05.2023 12:32:27.531734', value='91.000000', node='ubuntu', metric='tx', subsystem='enp0s25')
Telemetry(timestamp='27.05.2023 12:32:27.721080', value='3583.000000', node='ubuntu', metric='rx', subsystem='enp0s25')
Telemetry(timestamp='27.05.2023 12:32:28.310647', value='100.000000', node='ubuntu', metric='tx', subsystem='enp0s25')
Telemetry(timestamp='27.05.2023 12:32:28.312255', value='8.900524', node='ubuntu', metric='cpu', subsystem=None)
Telemetry(timestamp='27.05.2023 12:32:28.109557', value='3704.000000', node='ubuntu', metric='rx', subsystem='enp0s25')
Telemetry(timestamp='27.05.2023 12:32:28.530763', value='1061180.000000', node='ubuntu', metric='ram', subsystem=None)
Telemetry(timestamp='27.05.2023 12:32:28.530970', value='7.894737', node='ubuntu', metric='cpu', subsystem=None)
Telemetry(timestamp='27.05.2023 12:32:28.531819', value='96.000000', node='ubuntu', metric='tx', subsystem='enp0s25')
Telemetry(timestamp='27.05.2023 12:32:28.771415', value='3714.000000', node='ubuntu', metric='rx', subsystem='enp0s25')
Telemetry(timestamp='27.05.2023 12:32:29.306611', value='9.743590', node='ubuntu', metric='cpu', subsystem=None)
Telemetry(timestamp='27.05.2023 12:32:29.323519', value='91.000000', node='ubuntu', metric='tx', subsystem='enp0s25')
Telemetry(timestamp='27.05.2023 12:32:29.261603', value='3490.000000', node='ubuntu', metric='rx', subsystem='enp0s25')
Telemetry(timestamp='27.05.2023 12:32:29.530374', value='4.395604', node='ubuntu', metric='cpu', subsystem=None)
Telemetry(timestamp='27.05.2023 12:32:29.530546', value='1059892.000000', node='ubuntu', metric='ram', subsystem=None)
Telemetry(timestamp='27.05.2023 12:32:29.531647', value='93.000000', node='ubuntu', metric='tx', subsystem='enp0s25')
Telemetry(timestamp='27.05.2023 12:32:29.660449', value='3607.000000', node='ubuntu', metric='rx', subsystem='enp0s25')
Telemetry(timestamp='27.05.2023 12:32:30.305372', value='9.239130', node='ubuntu', metric='cpu', subsystem=None)
Telemetry(timestamp='27.05.2023 12:32:30.312241', value='96.000000', node='ubuntu', metric='tx', subsystem='enp0s25')
Telemetry(timestamp='27.05.2023 12:32:30.185967', value='4214.000000', node='ubuntu', metric='rx', subsystem='enp0s25')
Telemetry(timestamp='27.05.2023 12:32:30.529822', value='0.130000', node='ubuntu', metric='load1', subsystem=None)
Telemetry(timestamp='27.05.2023 12:32:30.529823', value='0.340000', node='ubuntu', metric='load5', subsystem=None)
Telemetry(timestamp='27.05.2023 12:32:30.529953', value='1042484.000000', node='ubuntu', metric='ram', subsystem=None)
Telemetry(timestamp='27.05.2023 12:32:30.531840', value='13.020833', node='ubuntu', metric='cpu', subsystem=None)
Telemetry(timestamp='27.05.2023 12:32:30.533026', value='92.000000', node='ubuntu', metric='tx', subsystem='enp0s25')
Telemetry(timestamp='27.05.2023 12:32:30.705364', value='3594.000000', node='ubuntu', metric='rx', subsystem='enp0s25')
Telemetry(timestamp='27.05.2023 12:32:31.309292', value='6.417112', node='ubuntu', metric='cpu', subsystem=None)
Telemetry(timestamp='27.05.2023 12:32:31.320926', value='89.000000', node='ubuntu', metric='tx', subsystem='enp0s25')
Telemetry(timestamp='27.05.2023 12:32:31.123043', value='3492.000000', node='ubuntu', metric='rx', subsystem='enp0s25')
Telemetry(timestamp='27.05.2023 12:32:31.530674', value='93.000000', node='ubuntu', metric='tx', subsystem='enp0s25')
Telemetry(timestamp='27.05.2023 12:32:31.530813', value='1049792.000000', node='ubuntu', metric='ram', subsystem=None)
Telemetry(timestamp='27.05.2023 12:32:31.531667', value='6.989247', node='ubuntu', metric='cpu', subsystem=None)
Telemetry(timestamp='27.05.2023 12:32:31.599717', value='4123.000000', node='ubuntu', metric='rx', subsystem='enp0s25')
Telemetry(timestamp='27.05.2023 12:32:32.313301', value='10.052910', node='ubuntu', metric='cpu', subsystem=None)
Telemetry(timestamp='27.05.2023 12:32:32.328390', value='97.000000', node='ubuntu', metric='tx', subsystem='enp0s25')
Telemetry(timestamp='27.05.2023 12:32:32.246309', value='3830.000000', node='ubuntu', metric='rx', subsystem='enp0s25')
Telemetry(timestamp='27.05.2023 12:32:32.530783', value='6.914894', node='ubuntu', metric='cpu', subsystem=None)
Telemetry(timestamp='27.05.2023 12:32:32.530964', value='1049272.000000', node='ubuntu', metric='ram', subsystem=None)
Telemetry(timestamp='27.05.2023 12:32:32.532104', value='96.000000', node='ubuntu', metric='tx', subsystem='enp0s25')
Telemetry(timestamp='27.05.2023 12:32:32.745074', value='3477.000000', node='ubuntu', metric='rx', subsystem='enp0s25')
Telemetry(timestamp='27.05.2023 12:32:33.314806', value='96.000000', node='ubuntu', metric='tx', subsystem='enp0s25')
Telemetry(timestamp='27.05.2023 12:32:33.316349', value='5.882353', node='ubuntu', metric='cpu', subsystem=None)
Telemetry(timestamp='27.05.2023 12:32:33.241395', value='3781.000000', node='ubuntu', metric='rx', subsystem='enp0s25')
Telemetry(timestamp='27.05.2023 12:32:33.530783', value='5.376344', node='ubuntu', metric='cpu', subsystem=None)
Telemetry(timestamp='27.05.2023 12:32:33.530972', value='1053304.000000', node='ubuntu', metric='ram', subsystem=None)
Telemetry(timestamp='27.05.2023 12:32:33.532580', value='102.000000', node='ubuntu', metric='tx', subsystem='enp0s25')
Telemetry(timestamp='27.05.2023 12:32:33.771814', value='3946.000000', node='ubuntu', metric='rx', subsystem='enp0s25')
Telemetry(timestamp='27.05.2023 12:32:34.316427', value='10.638298', node='ubuntu', metric='cpu', subsystem=None)
Telemetry(timestamp='27.05.2023 12:32:34.332992', value='94.000000', node='ubuntu', metric='tx', subsystem='enp0s25')
Telemetry(timestamp='27.05.2023 12:32:34.166038', value='3584.000000', node='ubuntu', metric='rx', subsystem='enp0s25')
Telemetry(timestamp='27.05.2023 12:32:34.531029', value='1064580.000000', node='ubuntu', metric='ram', subsystem=None)
Telemetry(timestamp='27.05.2023 12:32:34.531895', value='4.371585', node='ubuntu', metric='cpu', subsystem=None)
Telemetry(timestamp='27.05.2023 12:32:34.532394', value='92.000000', node='ubuntu', metric='tx', subsystem='enp0s25')
Telemetry(timestamp='27.05.2023 12:32:34.695021', value='3813.000000', node='ubuntu', metric='rx', subsystem='enp0s25')
Telemetry(timestamp='27.05.2023 12:32:35.310174', value='8.695652', node='ubuntu', metric='cpu', subsystem=None)
Telemetry(timestamp='27.05.2023 12:32:35.338938', value='97.000000', node='ubuntu', metric='tx', subsystem='enp0s25')
Telemetry(timestamp='27.05.2023 12:32:35.193126', value='4102.000000', node='ubuntu', metric='rx', subsystem='enp0s25')
Telemetry(timestamp='27.05.2023 12:32:35.529722', value='0.200000', node='ubuntu', metric='load1', subsystem=None)
Telemetry(timestamp='27.05.2023 12:32:35.529723', value='0.350000', node='ubuntu', metric='load5', subsystem=None)
Telemetry(timestamp='27.05.2023 12:32:35.529778', value='1052828.000000', node='ubuntu', metric='ram', subsystem=None)
Telemetry(timestamp='27.05.2023 12:32:35.530469', value='8.839779', node='ubuntu', metric='cpu', subsystem=None)
Telemetry(timestamp='27.05.2023 12:32:35.532910', value='89.000000', node='ubuntu', metric='tx', subsystem='enp0s25')
Telemetry(timestamp='27.05.2023 12:32:35.631156', value='3628.000000', node='ubuntu', metric='rx', subsystem='enp0s25')
Telemetry(timestamp='27.05.2023 12:32:36.306750', value='2.564103', node='ubuntu', metric='cpu', subsystem=None)
Telemetry(timestamp='27.05.2023 12:32:36.316466', value='71.000000', node='ubuntu', metric='tx', subsystem='enp0s25')
Telemetry(timestamp='27.05.2023 12:32:36.232068', value='2414.000000', node='ubuntu', metric='rx', subsystem='enp0s25')
Telemetry(timestamp='27.05.2023 12:32:36.530124', value='1061548.000000', node='ubuntu', metric='ram', subsystem=None)
Telemetry(timestamp='27.05.2023 12:32:36.530490', value='79.000000', node='ubuntu', metric='tx', subsystem='enp0s25')
Telemetry(timestamp='27.05.2023 12:32:36.530948', value='5.851064', node='ubuntu', metric='cpu', subsystem=None)
Telemetry(timestamp='27.05.2023 12:32:36.715112', value='2429.000000', node='ubuntu', metric='rx', subsystem='enp0s25')
Telemetry(timestamp='27.05.2023 12:32:37.302661', value='5.405405', node='ubuntu', metric='cpu', subsystem=None)
Telemetry(timestamp='27.05.2023 12:32:37.325966', value='98.000000', node='ubuntu', metric='tx', subsystem='enp0s25')
Telemetry(timestamp='27.05.2023 12:32:37.243213', value='3612.000000', node='ubuntu', metric='rx', subsystem='enp0s25')
Telemetry(timestamp='27.05.2023 12:32:37.530125', value='1064320.000000', node='ubuntu', metric='ram', subsystem=None)
Telemetry(timestamp='27.05.2023 12:32:37.530596', value='6.010929', node='ubuntu', metric='cpu', subsystem=None)
Telemetry(timestamp='27.05.2023 12:32:37.532455', value='92.000000', node='ubuntu', metric='tx', subsystem='enp0s25')
Telemetry(timestamp='27.05.2023 12:32:37.778141', value='3986.000000', node='ubuntu', metric='rx', subsystem='enp0s25')
Telemetry(timestamp='27.05.2023 12:32:38.303275', value='10.106383', node='ubuntu', metric='cpu', subsystem=None)
Telemetry(timestamp='27.05.2023 12:32:38.311331', value='87.000000', node='ubuntu', metric='tx', subsystem='enp0s25')
Telemetry(timestamp='27.05.2023 12:32:38.161911', value='3660.000000', node='ubuntu', metric='rx', subsystem='enp0s25')
Telemetry(timestamp='27.05.2023 12:32:38.530864', value='5.347594', node='ubuntu', metric='cpu', subsystem=None)
Telemetry(timestamp='27.05.2023 12:32:38.531143', value='1062516.000000', node='ubuntu', metric='ram', subsystem=None)
Telemetry(timestamp='27.05.2023 12:32:38.531457', value='90.000000', node='ubuntu', metric='tx', subsystem='enp0s25')
Telemetry(timestamp='27.05.2023 12:32:38.680669', value='3524.000000', node='ubuntu', metric='rx', subsystem='enp0s25')
Telemetry(timestamp='27.05.2023 12:32:39.316417', value='5.978261', node='ubuntu', metric='cpu', subsystem=None)
Telemetry(timestamp='27.05.2023 12:32:39.319145', value='95.000000', node='ubuntu', metric='tx', subsystem='enp0s25')
Telemetry(timestamp='27.05.2023 12:32:39.192520', value='3987.000000', node='ubuntu', metric='rx', subsystem='enp0s25')
Telemetry(timestamp='27.05.2023 12:32:39.530420', value='1051732.000000', node='ubuntu', metric='ram', subsystem=None)
Telemetry(timestamp='27.05.2023 12:32:39.530985', value='10.215054', node='ubuntu', metric='cpu', subsystem=None)
Telemetry(timestamp='27.05.2023 12:32:39.532101', value='89.000000', node='ubuntu', metric='tx', subsystem='enp0s25')
Telemetry(timestamp='27.05.2023 12:32:39.709014', value='3731.000000', node='ubuntu', metric='rx', subsystem='enp0s25')
Telemetry(timestamp='27.05.2023 12:32:40.305587', value='9.782609', node='ubuntu', metric='cpu', subsystem=None)
Telemetry(timestamp='27.05.2023 12:32:40.321906', value='91.000000', node='ubuntu', metric='tx', subsystem='enp0s25')
Telemetry(timestamp='27.05.2023 12:32:40.213160', value='3702.000000', node='ubuntu', metric='rx', subsystem='enp0s25')
Telemetry(timestamp='27.05.2023 12:32:40.529962', value='1057508.000000', node='ubuntu', metric='ram', subsystem=None)
Telemetry(timestamp='27.05.2023 12:32:40.530301', value='0.180000', node='ubuntu', metric='load1', subsystem=None)
Telemetry(timestamp='27.05.2023 12:32:40.531259', value='96.000000', node='ubuntu', metric='tx', subsystem='enp0s25')
Telemetry(timestamp='27.05.2023 12:32:40.531850', value='5.978261', node='ubuntu', metric='cpu', subsystem=None)
Telemetry(timestamp='27.05.2023 12:32:40.700146', value='0.340000', node='ubuntu', metric='load5', subsystem=None)
Telemetry(timestamp='27.05.2023 12:32:40.722229', value='4066.000000', node='ubuntu', metric='rx', subsystem='enp0s25')
Telemetry(timestamp='27.05.2023 12:32:41.314997', value='89.000000', node='ubuntu', metric='tx', subsystem='enp0s25')
Telemetry(timestamp='27.05.2023 12:32:41.321963', value='10.270270', node='ubuntu', metric='cpu', subsystem=None)
Telemetry(timestamp='27.05.2023 12:32:41.138824', value='3777.000000', node='ubuntu', metric='rx', subsystem='enp0s25')
Telemetry(timestamp='27.05.2023 12:32:41.530269', value='4.787234', node='ubuntu', metric='cpu', subsystem=None)
Telemetry(timestamp='27.05.2023 12:32:41.530640', value='1061264.000000', node='ubuntu', metric='ram', subsystem=None)
Telemetry(timestamp='27.05.2023 12:32:41.532051', value='91.000000', node='ubuntu', metric='tx', subsystem='enp0s25')
Telemetry(timestamp='27.05.2023 12:32:41.854342', value='3580.000000', node='ubuntu', metric='rx', subsystem='enp0s25')
Telemetry(timestamp='27.05.2023 12:32:42.308307', value='5.913978', node='ubuntu', metric='cpu', subsystem=None)
Telemetry(timestamp='27.05.2023 12:32:42.315992', value='97.000000', node='ubuntu', metric='tx', subsystem='enp0s25')
Telemetry(timestamp='27.05.2023 12:32:42.687477', value='3862.000000', node='ubuntu', metric='rx', subsystem='enp0s25')
Telemetry(timestamp='27.05.2023 12:32:42.531304', value='7.368421', node='ubuntu', metric='cpu', subsystem=None)
Telemetry(timestamp='27.05.2023 12:32:42.531670', value='1068320.000000', node='ubuntu', metric='ram', subsystem=None)
Telemetry(timestamp='27.05.2023 12:32:42.532115', value='88.000000', node='ubuntu', metric='tx', subsystem='enp0s25')
Telemetry(timestamp='27.05.2023 12:32:42.679043', value='3724.000000', node='ubuntu', metric='rx', subsystem='enp0s25')
Telemetry(timestamp='27.05.2023 12:32:43.322392', value='5.641026', node='ubuntu', metric='cpu', subsystem=None)
Telemetry(timestamp='27.05.2023 12:32:43.323125', value='66.000000', node='ubuntu', metric='tx', subsystem='enp0s25')
Telemetry(timestamp='27.05.2023 12:32:43.193610', value='2653.000000', node='ubuntu', metric='rx', subsystem='enp0s25')
Telemetry(timestamp='27.05.2023 12:32:43.530567', value='1064944.000000', node='ubuntu', metric='ram', subsystem=None)
Telemetry(timestamp='27.05.2023 12:32:43.530974', value='4.736842', node='ubuntu', metric='cpu', subsystem=None)
Telemetry(timestamp='27.05.2023 12:32:43.532103', value='53.000000', node='ubuntu', metric='tx', subsystem='enp0s25')
Telemetry(timestamp='27.05.2023 12:32:43.694424', value='1662.000000', node='ubuntu', metric='rx', subsystem='enp0s25')
Telemetry(timestamp='27.05.2023 12:32:44.305263', value='5.945946', node='ubuntu', metric='cpu', subsystem=None)
Telemetry(timestamp='27.05.2023 12:32:44.314316', value='75.000000', node='ubuntu', metric='tx', subsystem='enp0s25')
Telemetry(timestamp='27.05.2023 12:32:44.203250', value='2800.000000', node='ubuntu', metric='rx', subsystem='enp0s25')
Telemetry(timestamp='27.05.2023 12:32:44.529964', value='1070992.000000', node='ubuntu', metric='ram', subsystem=None)
Telemetry(timestamp='27.05.2023 12:32:44.530651', value='5.913978', node='ubuntu', metric='cpu', subsystem=None)
Telemetry(timestamp='27.05.2023 12:32:44.531794', value='93.000000', node='ubuntu', metric='tx', subsystem='enp0s25')
Telemetry(timestamp='27.05.2023 12:32:44.722966', value='4187.000000', node='ubuntu', metric='rx', subsystem='enp0s25')
Telemetry(timestamp='27.05.2023 12:32:45.300303', value='14.285714', node='ubuntu', metric='cpu', subsystem=None)
Telemetry(timestamp='27.05.2023 12:32:45.324285', value='88.000000', node='ubuntu', metric='tx', subsystem='enp0s25')
Telemetry(timestamp='27.05.2023 12:32:45.145457', value='3870.000000', node='ubuntu', metric='rx', subsystem='enp0s25')
Telemetry(timestamp='27.05.2023 12:32:45.529920', value='0.170000', node='ubuntu', metric='load1', subsystem=None)
Telemetry(timestamp='27.05.2023 12:32:45.529923', value='0.340000', node='ubuntu', metric='load5', subsystem=None)
Telemetry(timestamp='27.05.2023 12:32:45.530063', value='1052312.000000', node='ubuntu', metric='ram', subsystem=None)
Telemetry(timestamp='27.05.2023 12:32:45.530130', value='3.763441', node='ubuntu', metric='cpu', subsystem=None)
Telemetry(timestamp='27.05.2023 12:32:45.531232', value='93.000000', node='ubuntu', metric='tx', subsystem='enp0s25')
Telemetry(timestamp='27.05.2023 12:32:45.745486', value='3855.000000', node='ubuntu', metric='rx', subsystem='enp0s25')
Telemetry(timestamp='27.05.2023 12:32:46.305075', value='99.000000', node='ubuntu', metric='tx', subsystem='enp0s25')
Telemetry(timestamp='27.05.2023 12:32:46.309452', value='5.945946', node='ubuntu', metric='cpu', subsystem=None)
Telemetry(timestamp='27.05.2023 12:32:46.231279', value='4142.000000', node='ubuntu', metric='rx', subsystem='enp0s25')
Telemetry(timestamp='27.05.2023 12:32:46.530584', value='3.825137', node='ubuntu', metric='cpu', subsystem=None)
Telemetry(timestamp='27.05.2023 12:32:46.530909', value='1056344.000000', node='ubuntu', metric='ram', subsystem=None)
Telemetry(timestamp='27.05.2023 12:32:46.531659', value='97.000000', node='ubuntu', metric='tx', subsystem='enp0s25')
Telemetry(timestamp='27.05.2023 12:32:46.560031', value='4072.000000', node='ubuntu', metric='rx', subsystem='enp0s25')
Telemetry(timestamp='27.05.2023 12:32:47.306950', value='13.333333', node='ubuntu', metric='cpu', subsystem=None)
Telemetry(timestamp='27.05.2023 12:32:47.320641', value='91.000000', node='ubuntu', metric='tx', subsystem='enp0s25')
Telemetry(timestamp='27.05.2023 12:32:47.171371', value='3671.000000', node='ubuntu', metric='rx', subsystem='enp0s25')
Telemetry(timestamp='27.05.2023 12:32:47.530398', value='4.918033', node='ubuntu', metric='cpu', subsystem=None)
Telemetry(timestamp='27.05.2023 12:32:47.530576', value='1053616.000000', node='ubuntu', metric='ram', subsystem=None)
Telemetry(timestamp='27.05.2023 12:32:47.532005', value='93.000000', node='ubuntu', metric='tx', subsystem='enp0s25')
Telemetry(timestamp='27.05.2023 12:32:47.697366', value='3765.000000', node='ubuntu', metric='rx', subsystem='enp0s25')
Telemetry(timestamp='27.05.2023 12:32:48.305329', value='6.989247', node='ubuntu', metric='cpu', subsystem=None)
Telemetry(timestamp='27.05.2023 12:32:48.316309', value='99.000000', node='ubuntu', metric='tx', subsystem='enp0s25')
Telemetry(timestamp='27.05.2023 12:32:48.193401', value='4255.000000', node='ubuntu', metric='rx', subsystem='enp0s25')
Telemetry(timestamp='27.05.2023 12:32:48.530865', value='1051300.000000', node='ubuntu', metric='ram', subsystem=None)
Telemetry(timestamp='27.05.2023 12:32:48.533380', value='93.000000', node='ubuntu', metric='tx', subsystem='enp0s25')
Telemetry(timestamp='27.05.2023 12:32:48.533987', value='12.041885', node='ubuntu', metric='cpu', subsystem=None)
Telemetry(timestamp='27.05.2023 12:32:48.711575', value='3792.000000', node='ubuntu', metric='rx', subsystem='enp0s25')
Telemetry(timestamp='27.05.2023 12:32:49.310021', value='8.021390', node='ubuntu', metric='cpu', subsystem=None)
Telemetry(timestamp='27.05.2023 12:32:49.318301', value='91.000000', node='ubuntu', metric='tx', subsystem='enp0s25')
Telemetry(timestamp='27.05.2023 12:32:49.225656', value='3712.000000', node='ubuntu', metric='rx', subsystem='enp0s25')
Telemetry(timestamp='27.05.2023 12:32:49.530881', value='5.913978', node='ubuntu', metric='cpu', subsystem=None)
Telemetry(timestamp='27.05.2023 12:32:49.530895', value='1058608.000000', node='ubuntu', metric='ram', subsystem=None)
Telemetry(timestamp='27.05.2023 12:32:49.534554', value='98.000000', node='ubuntu', metric='tx', subsystem='enp0s25')
Telemetry(timestamp='27.05.2023 12:32:49.744084', value='4088.000000', node='ubuntu', metric='rx', subsystem='enp0s25')
Telemetry(timestamp='27.05.2023 12:32:50.314882', value='99.000000', node='ubuntu', metric='tx', subsystem='enp0s25')
Telemetry(timestamp='27.05.2023 12:32:50.320310', value='11.413043', node='ubuntu', metric='cpu', subsystem=None)
Telemetry(timestamp='27.05.2023 12:32:50.227053', value='3625.000000', node='ubuntu', metric='rx', subsystem='enp0s25')
Telemetry(timestamp='27.05.2023 12:32:50.530796', value='0.230000', node='ubuntu', metric='load1', subsystem=None)
Telemetry(timestamp='27.05.2023 12:32:50.530800', value='0.350000', node='ubuntu', metric='load5', subsystem=None)
Telemetry(timestamp='27.05.2023 12:32:50.531142', value='1050952.000000', node='ubuntu', metric='ram', subsystem=None)
Telemetry(timestamp='27.05.2023 12:32:50.532128', value='93.000000', node='ubuntu', metric='tx', subsystem='enp0s25')
Telemetry(timestamp='27.05.2023 12:32:50.532327', value='9.473684', node='ubuntu', metric='cpu', subsystem=None)
Telemetry(timestamp='27.05.2023 12:32:50.772167', value='3199.000000', node='ubuntu', metric='rx', subsystem='enp0s25')
Telemetry(timestamp='27.05.2023 12:32:51.319142', value='3.846154', node='ubuntu', metric='cpu', subsystem=None)
Telemetry(timestamp='27.05.2023 12:32:51.321803', value='91.000000', node='ubuntu', metric='tx', subsystem='enp0s25')
Telemetry(timestamp='27.05.2023 12:32:51.151839', value='3591.000000', node='ubuntu', metric='rx', subsystem='enp0s25')
Telemetry(timestamp='27.05.2023 12:32:51.530416', value='5.945946', node='ubuntu', metric='cpu', subsystem=None)
Telemetry(timestamp='27.05.2023 12:32:51.530587', value='1053976.000000', node='ubuntu', metric='ram', subsystem=None)
Telemetry(timestamp='27.05.2023 12:32:51.533112', value='94.000000', node='ubuntu', metric='tx', subsystem='enp0s25')
Telemetry(timestamp='27.05.2023 12:32:51.694724', value='3984.000000', node='ubuntu', metric='rx', subsystem='enp0s25')
Telemetry(timestamp='27.05.2023 12:32:52.313185', value='86.000000', node='ubuntu', metric='tx', subsystem='enp0s25')
Telemetry(timestamp='27.05.2023 12:32:52.313365', value='10.638298', node='ubuntu', metric='cpu', subsystem=None)
Telemetry(timestamp='27.05.2023 12:32:52.186800', value='3561.000000', node='ubuntu', metric='rx', subsystem='enp0s25')
Telemetry(timestamp='27.05.2023 12:32:52.530515', value='4.324324', node='ubuntu', metric='cpu', subsystem=None)
Telemetry(timestamp='27.05.2023 12:32:52.531196', value='87.000000', node='ubuntu', metric='tx', subsystem='enp0s25')
Telemetry(timestamp='27.05.2023 12:32:52.531949', value='1061500.000000', node='ubuntu', metric='ram', subsystem=None)
Telemetry(timestamp='27.05.2023 12:32:52.682839', value='3508.000000', node='ubuntu', metric='rx', subsystem='enp0s25')
Telemetry(timestamp='27.05.2023 12:32:53.309227', value='97.000000', node='ubuntu', metric='tx', subsystem='enp0s25')
Telemetry(timestamp='27.05.2023 12:32:53.309268', value='4034.000000', node='ubuntu', metric='rx', subsystem='enp0s25')
Telemetry(timestamp='27.05.2023 12:32:53.317519', value='6.451613', node='ubuntu', metric='cpu', subsystem=None)
Telemetry(timestamp='27.05.2023 12:32:53.530278', value='1059024.000000', node='ubuntu', metric='ram', subsystem=None)
Telemetry(timestamp='27.05.2023 12:32:53.532144', value='10.752688', node='ubuntu', metric='cpu', subsystem=None)
Telemetry(timestamp='27.05.2023 12:32:53.532300', value='93.000000', node='ubuntu', metric='tx', subsystem='enp0s25')
Telemetry(timestamp='27.05.2023 12:32:53.670699', value='3924.000000', node='ubuntu', metric='rx', subsystem='enp0s25')
Telemetry(timestamp='27.05.2023 12:32:54.309771', value='4.188482', node='ubuntu', metric='cpu', subsystem=None)
Telemetry(timestamp='27.05.2023 12:32:54.324771', value='92.000000', node='ubuntu', metric='tx', subsystem='enp0s25')
Telemetry(timestamp='27.05.2023 12:32:54.304497', value='3672.000000', node='ubuntu', metric='rx', subsystem='enp0s25')
Telemetry(timestamp='27.05.2023 12:32:54.530286', value='1061472.000000', node='ubuntu', metric='ram', subsystem=None)
Telemetry(timestamp='27.05.2023 12:32:54.530347', value='4.395604', node='ubuntu', metric='cpu', subsystem=None)
Telemetry(timestamp='27.05.2023 12:32:54.531000', value='95.000000', node='ubuntu', metric='tx', subsystem='enp0s25')
Telemetry(timestamp='27.05.2023 12:32:54.748138', value='3888.000000', node='ubuntu', metric='rx', subsystem='enp0s25')
Telemetry(timestamp='27.05.2023 12:32:55.305434', value='9.340659', node='ubuntu', metric='cpu', subsystem=None)
Telemetry(timestamp='27.05.2023 12:32:55.312958', value='98.000000', node='ubuntu', metric='tx', subsystem='enp0s25')
Telemetry(timestamp='27.05.2023 12:32:55.165753', value='4254.000000', node='ubuntu', metric='rx', subsystem='enp0s25')
Telemetry(timestamp='27.05.2023 12:32:55.530696', value='11.702128', node='ubuntu', metric='cpu', subsystem=None)
Telemetry(timestamp='27.05.2023 12:32:55.530743', value='0.210000', node='ubuntu', metric='load1', subsystem=None)
Telemetry(timestamp='27.05.2023 12:32:55.531034', value='1064612.000000', node='ubuntu', metric='ram', subsystem=None)
Telemetry(timestamp='27.05.2023 12:32:55.531902', value='91.000000', node='ubuntu', metric='tx', subsystem='enp0s25')
Telemetry(timestamp='27.05.2023 12:32:55.652508', value='0.340000', node='ubuntu', metric='load5', subsystem=None)
Telemetry(timestamp='27.05.2023 12:32:55.687706', value='3763.000000', node='ubuntu', metric='rx', subsystem='enp0s25')
Telemetry(timestamp='27.05.2023 12:32:56.312540', value='5.882353', node='ubuntu', metric='cpu', subsystem=None)
Telemetry(timestamp='27.05.2023 12:32:56.313529', value='90.000000', node='ubuntu', metric='tx', subsystem='enp0s25')
Telemetry(timestamp='27.05.2023 12:32:56.196452', value='3560.000000', node='ubuntu', metric='rx', subsystem='enp0s25')
Telemetry(timestamp='27.05.2023 12:32:56.530962', value='1068896.000000', node='ubuntu', metric='ram', subsystem=None)
Telemetry(timestamp='27.05.2023 12:32:56.531137', value='6.417112', node='ubuntu', metric='cpu', subsystem=None)
Telemetry(timestamp='27.05.2023 12:32:56.533719', value='93.000000', node='ubuntu', metric='tx', subsystem='enp0s25')
Telemetry(timestamp='27.05.2023 12:32:56.708225', value='3864.000000', node='ubuntu', metric='rx', subsystem='enp0s25')
Telemetry(timestamp='27.05.2023 12:32:57.306465', value='11.413043', node='ubuntu', metric='cpu', subsystem=None)
Telemetry(timestamp='27.05.2023 12:32:57.318107', value='87.000000', node='ubuntu', metric='tx', subsystem='enp0s25')
Telemetry(timestamp='27.05.2023 12:32:57.113444', value='3525.000000', node='ubuntu', metric='rx', subsystem='enp0s25')
Telemetry(timestamp='27.05.2023 12:32:57.530430', value='1067524.000000', node='ubuntu', metric='ram', subsystem=None)
Telemetry(timestamp='27.05.2023 12:32:57.530574', value='5.263158', node='ubuntu', metric='cpu', subsystem=None)
Telemetry(timestamp='27.05.2023 12:32:57.531746', value='90.000000', node='ubuntu', metric='tx', subsystem='enp0s25')
Telemetry(timestamp='27.05.2023 12:32:57.727727', value='3561.000000', node='ubuntu', metric='rx', subsystem='enp0s25')
Telemetry(timestamp='27.05.2023 12:32:58.303366', value='7.407407', node='ubuntu', metric='cpu', subsystem=None)
Telemetry(timestamp='27.05.2023 12:32:58.310209', value='95.000000', node='ubuntu', metric='tx', subsystem='enp0s25')
Telemetry(timestamp='27.05.2023 12:32:58.236373', value='3824.000000', node='ubuntu', metric='rx', subsystem='enp0s25')
Telemetry(timestamp='27.05.2023 12:32:58.530038', value='1068280.000000', node='ubuntu', metric='ram', subsystem=None)
Telemetry(timestamp='27.05.2023 12:32:58.530366', value='6.951872', node='ubuntu', metric='cpu', subsystem=None)
Telemetry(timestamp='27.05.2023 12:32:58.531346', value='93.000000', node='ubuntu', metric='tx', subsystem='enp0s25')
Telemetry(timestamp='27.05.2023 12:32:58.749114', value='3874.000000', node='ubuntu', metric='rx', subsystem='enp0s25')
Telemetry(timestamp='27.05.2023 12:32:59.312409', value='10.880829', node='ubuntu', metric='cpu', subsystem=None)
Telemetry(timestamp='27.05.2023 12:32:59.324770', value='85.000000', node='ubuntu', metric='tx', subsystem='enp0s25')
Telemetry(timestamp='27.05.2023 12:32:59.262676', value='3467.000000', node='ubuntu', metric='rx', subsystem='enp0s25')
Telemetry(timestamp='27.05.2023 12:32:59.530283', value='2.162162', node='ubuntu', metric='cpu', subsystem=None)
Telemetry(timestamp='27.05.2023 12:32:59.530459', value='1059580.000000', node='ubuntu', metric='ram', subsystem=None)
Telemetry(timestamp='27.05.2023 12:32:59.531585', value='90.000000', node='ubuntu', metric='tx', subsystem='enp0s25')
Telemetry(timestamp='27.05.2023 12:32:59.674639', value='3384.000000', node='ubuntu', metric='rx', subsystem='enp0s25')
Telemetry(timestamp='27.05.2023 12:33:00.308130', value='96.000000', node='ubuntu', metric='tx', subsystem='enp0s25')
Telemetry(timestamp='27.05.2023 12:33:00.309666', value='8.241758', node='ubuntu', metric='cpu', subsystem=None)
Telemetry(timestamp='27.05.2023 12:33:00.162897', value='3874.000000', node='ubuntu', metric='rx', subsystem='enp0s25')
Telemetry(timestamp='27.05.2023 12:33:00.529747', value='0.200000', node='ubuntu', metric='load1', subsystem=None)
Telemetry(timestamp='27.05.2023 12:33:00.529748', value='0.340000', node='ubuntu', metric='load5', subsystem=None)
Telemetry(timestamp='27.05.2023 12:33:00.529820', value='1066692.000000', node='ubuntu', metric='ram', subsystem=None)
Telemetry(timestamp='27.05.2023 12:33:00.532008', value='87.000000', node='ubuntu', metric='tx', subsystem='enp0s25')
Telemetry(timestamp='27.05.2023 12:33:00.532012', value='11.111111', node='ubuntu', metric='cpu', subsystem=None)
Telemetry(timestamp='27.05.2023 12:33:00.704799', value='3748.000000', node='ubuntu', metric='rx', subsystem='enp0s25')
Telemetry(timestamp='27.05.2023 12:33:01.309300', value='7.936508', node='ubuntu', metric='cpu', subsystem=None)
Telemetry(timestamp='27.05.2023 12:33:01.319381', value='89.000000', node='ubuntu', metric='tx', subsystem='enp0s25')
Telemetry(timestamp='27.05.2023 12:33:01.201830', value='3621.000000', node='ubuntu', metric='rx', subsystem='enp0s25')
Telemetry(timestamp='27.05.2023 12:33:01.531009', value='95.000000', node='ubuntu', metric='tx', subsystem='enp0s25')
Telemetry(timestamp='27.05.2023 12:33:01.531044', value='1058980.000000', node='ubuntu', metric='ram', subsystem=None)
Telemetry(timestamp='27.05.2023 12:33:01.531363', value='7.368421', node='ubuntu', metric='cpu', subsystem=None)
Telemetry(timestamp='27.05.2023 12:33:01.656615', value='3870.000000', node='ubuntu', metric='rx', subsystem='enp0s25')
Telemetry(timestamp='27.05.2023 12:33:02.326935', value='7.446809', node='ubuntu', metric='cpu', subsystem=None)
Telemetry(timestamp='27.05.2023 12:33:02.329532', value='96.000000', node='ubuntu', metric='tx', subsystem='enp0s25')
Telemetry(timestamp='27.05.2023 12:33:02.228493', value='3979.000000', node='ubuntu', metric='rx', subsystem='enp0s25')
Telemetry(timestamp='27.05.2023 12:33:02.530688', value='10.471204', node='ubuntu', metric='cpu', subsystem=None)
Telemetry(timestamp='27.05.2023 12:33:02.531040', value='1062488.000000', node='ubuntu', metric='ram', subsystem=None)
Telemetry(timestamp='27.05.2023 12:33:02.532389', value='88.000000', node='ubuntu', metric='tx', subsystem='enp0s25')
Telemetry(timestamp='27.05.2023 12:33:02.750657', value='3470.000000', node='ubuntu', metric='rx', subsystem='enp0s25')
Telemetry(timestamp='27.05.2023 12:33:03.320834', value='86.000000', node='ubuntu', metric='tx', subsystem='enp0s25')
Telemetry(timestamp='27.05.2023 12:33:03.322526', value='6.417112', node='ubuntu', metric='cpu', subsystem=None)
Telemetry(timestamp='27.05.2023 12:33:03.242819', value='3385.000000', node='ubuntu', metric='rx', subsystem='enp0s25')
Telemetry(timestamp='27.05.2023 12:33:03.530499', value='1064980.000000', node='ubuntu', metric='ram', subsystem=None)
Telemetry(timestamp='27.05.2023 12:33:03.531879', value='93.000000', node='ubuntu', metric='tx', subsystem='enp0s25')
Telemetry(timestamp='27.05.2023 12:33:03.534087', value='5.945946', node='ubuntu', metric='cpu', subsystem=None)
Telemetry(timestamp='27.05.2023 12:33:03.663534', value='3879.000000', node='ubuntu', metric='rx', subsystem='enp0s25')
Telemetry(timestamp='27.05.2023 12:33:04.304876', value='12.169312', node='ubuntu', metric='cpu', subsystem=None)
Telemetry(timestamp='27.05.2023 12:33:04.339591', value='91.000000', node='ubuntu', metric='tx', subsystem='enp0s25')
Telemetry(timestamp='27.05.2023 12:33:04.187066', value='3810.000000', node='ubuntu', metric='rx', subsystem='enp0s25')
Telemetry(timestamp='27.05.2023 12:33:04.530625', value='3.191489', node='ubuntu', metric='cpu', subsystem=None)
Telemetry(timestamp='27.05.2023 12:33:04.530664', value='1052116.000000', node='ubuntu', metric='ram', subsystem=None)
Telemetry(timestamp='27.05.2023 12:33:04.531651', value='90.000000', node='ubuntu', metric='tx', subsystem='enp0s25')
Telemetry(timestamp='27.05.2023 12:33:04.685545', value='3622.000000', node='ubuntu', metric='rx', subsystem='enp0s25')
Telemetry(timestamp='27.05.2023 12:33:05.309881', value='94.000000', node='ubuntu', metric='tx', subsystem='enp0s25')
Telemetry(timestamp='27.05.2023 12:33:05.312145', value='11.827957', node='ubuntu', metric='cpu', subsystem=None)
Telemetry(timestamp='27.05.2023 12:33:05.183708', value='3846.000000', node='ubuntu', metric='rx', subsystem='enp0s25')
Telemetry(timestamp='27.05.2023 12:33:05.530865', value='0.180000', node='ubuntu', metric='load1', subsystem=None)
Telemetry(timestamp='27.05.2023 12:33:05.530947', value='1056148.000000', node='ubuntu', metric='ram', subsystem=None)
Telemetry(timestamp='27.05.2023 12:33:05.531282', value='5.405405', node='ubuntu', metric='cpu', subsystem=None)
Telemetry(timestamp='27.05.2023 12:33:05.532415', value='95.000000', node='ubuntu', metric='tx', subsystem='enp0s25')
Telemetry(timestamp='27.05.2023 12:33:05.687389', value='0.330000', node='ubuntu', metric='load5', subsystem=None)
Telemetry(timestamp='27.05.2023 12:33:05.719229', value='4046.000000', node='ubuntu', metric='rx', subsystem='enp0s25')
Telemetry(timestamp='27.05.2023 12:33:06.308412', value='11.855670', node='ubuntu', metric='cpu', subsystem=None)
Telemetry(timestamp='27.05.2023 12:33:06.322798', value='90.000000', node='ubuntu', metric='tx', subsystem='enp0s25')
Telemetry(timestamp='27.05.2023 12:33:06.229964', value='3583.000000', node='ubuntu', metric='rx', subsystem='enp0s25')
Telemetry(timestamp='27.05.2023 12:33:06.530390', value='1065872.000000', node='ubuntu', metric='ram', subsystem=None)
Telemetry(timestamp='27.05.2023 12:33:06.531041', value='3.723404', node='ubuntu', metric='cpu', subsystem=None)
Telemetry(timestamp='27.05.2023 12:33:06.532491', value='83.000000', node='ubuntu', metric='tx', subsystem='enp0s25')
Telemetry(timestamp='27.05.2023 12:33:06.748025', value='3093.000000', node='ubuntu', metric='rx', subsystem='enp0s25')
Telemetry(timestamp='27.05.2023 12:33:07.303150', value='6.382979', node='ubuntu', metric='cpu', subsystem=None)
Telemetry(timestamp='27.05.2023 12:33:07.320054', value='83.000000', node='ubuntu', metric='tx', subsystem='enp0s25')
Telemetry(timestamp='27.05.2023 12:33:07.244066', value='3425.000000', node='ubuntu', metric='rx', subsystem='enp0s25')
Telemetry(timestamp='27.05.2023 12:33:07.530570', value='5.434783', node='ubuntu', metric='cpu', subsystem=None)
Telemetry(timestamp='27.05.2023 12:33:07.531218', value='1070156.000000', node='ubuntu', metric='ram', subsystem=None)
Telemetry(timestamp='27.05.2023 12:33:07.531465', value='90.000000', node='ubuntu', metric='tx', subsystem='enp0s25')
Telemetry(timestamp='27.05.2023 12:33:07.769766', value='3953.000000', node='ubuntu', metric='rx', subsystem='enp0s25')
Telemetry(timestamp='27.05.2023 12:33:08.310451', value='86.000000', node='ubuntu', metric='tx', subsystem='enp0s25')
Telemetry(timestamp='27.05.2023 12:33:08.322877', value='10.052910', node='ubuntu', metric='cpu', subsystem=None)
Telemetry(timestamp='27.05.2023 12:33:08.172459', value='3551.000000', node='ubuntu', metric='rx', subsystem='enp0s25')
Telemetry(timestamp='27.05.2023 12:33:08.530888', value='5.913978', node='ubuntu', metric='cpu', subsystem=None)
Telemetry(timestamp='27.05.2023 12:33:08.531053', value='1056604.000000', node='ubuntu', metric='ram', subsystem=None)
Telemetry(timestamp='27.05.2023 12:33:08.532400', value='89.000000', node='ubuntu', metric='tx', subsystem='enp0s25')
Telemetry(timestamp='27.05.2023 12:33:08.568040', value='3563.000000', node='ubuntu', metric='rx', subsystem='enp0s25')
Telemetry(timestamp='27.05.2023 12:33:09.309595', value='97.000000', node='ubuntu', metric='tx', subsystem='enp0s25')
Telemetry(timestamp='27.05.2023 12:33:09.311798', value='6.451613', node='ubuntu', metric='cpu', subsystem=None)
Telemetry(timestamp='27.05.2023 12:33:09.188737', value='4105.000000', node='ubuntu', metric='rx', subsystem='enp0s25')
Telemetry(timestamp='27.05.2023 12:33:09.530510', value='12.953368', node='ubuntu', metric='cpu', subsystem=None)
Telemetry(timestamp='27.05.2023 12:33:09.530597', value='1052204.000000', node='ubuntu', metric='ram', subsystem=None)
Telemetry(timestamp='27.05.2023 12:33:09.532690', value='89.000000', node='ubuntu', metric='tx', subsystem='enp0s25')
Telemetry(timestamp='27.05.2023 12:33:09.706960', value='3651.000000', node='ubuntu', metric='rx', subsystem='enp0s25')
Telemetry(timestamp='27.05.2023 12:33:10.307564', value='8.648649', node='ubuntu', metric='cpu', subsystem=None)
Telemetry(timestamp='27.05.2023 12:33:10.316511', value='90.000000', node='ubuntu', metric='tx', subsystem='enp0s25')
Telemetry(timestamp='27.05.2023 12:33:10.209142', value='3652.000000', node='ubuntu', metric='rx', subsystem='enp0s25')
Telemetry(timestamp='27.05.2023 12:33:10.530693', value='5.945946', node='ubuntu', metric='cpu', subsystem=None)
Telemetry(timestamp='27.05.2023 12:33:10.530719', value='0.170000', node='ubuntu', metric='load1', subsystem=None)
Telemetry(timestamp='27.05.2023 12:33:10.530883', value='1058748.000000', node='ubuntu', metric='ram', subsystem=None)
Telemetry(timestamp='27.05.2023 12:33:10.531192', value='96.000000', node='ubuntu', metric='tx', subsystem='enp0s25')
Telemetry(timestamp='27.05.2023 12:33:10.703050', value='0.330000', node='ubuntu', metric='load5', subsystem=None)
Telemetry(timestamp='27.05.2023 12:33:10.714968', value='4088.000000', node='ubuntu', metric='rx', subsystem='enp0s25')
Telemetry(timestamp='27.05.2023 12:33:11.316493', value='93.000000', node='ubuntu', metric='tx', subsystem='enp0s25')
Telemetry(timestamp='27.05.2023 12:33:11.316647', value='10.695187', node='ubuntu', metric='cpu', subsystem=None)
Telemetry(timestamp='27.05.2023 12:33:11.145205', value='3912.000000', node='ubuntu', metric='rx', subsystem='enp0s25')
Telemetry(timestamp='27.05.2023 12:33:11.529995', value='1061720.000000', node='ubuntu', metric='ram', subsystem=None)
Telemetry(timestamp='27.05.2023 12:33:11.530980', value='5.181347', node='ubuntu', metric='cpu', subsystem=None)
Telemetry(timestamp='27.05.2023 12:33:11.532475', value='89.000000', node='ubuntu', metric='tx', subsystem='enp0s25')
Telemetry(timestamp='27.05.2023 12:33:11.779268', value='3449.000000', node='ubuntu', metric='rx', subsystem='enp0s25')
Telemetry(timestamp='27.05.2023 12:33:12.308887', value='73.000000', node='ubuntu', metric='tx', subsystem='enp0s25')
Telemetry(timestamp='27.05.2023 12:33:12.310252', value='2.604167', node='ubuntu', metric='cpu', subsystem=None)
Telemetry(timestamp='27.05.2023 12:33:12.247871', value='2672.000000', node='ubuntu', metric='rx', subsystem='enp0s25')
Telemetry(timestamp='27.05.2023 12:33:12.530884', value='1063736.000000', node='ubuntu', metric='ram', subsystem=None)
Telemetry(timestamp='27.05.2023 12:33:12.531121', value='5.851064', node='ubuntu', metric='cpu', subsystem=None)
Telemetry(timestamp='27.05.2023 12:33:12.531178', value='67.000000', node='ubuntu', metric='tx', subsystem='enp0s25')
Telemetry(timestamp='27.05.2023 12:33:12.660321', value='2853.000000', node='ubuntu', metric='rx', subsystem='enp0s25')
Telemetry(timestamp='27.05.2023 12:33:13.309492', value='5.376344', node='ubuntu', metric='cpu', subsystem=None)
Telemetry(timestamp='27.05.2023 12:33:13.318241', value='84.000000', node='ubuntu', metric='tx', subsystem='enp0s25')
Telemetry(timestamp='27.05.2023 12:33:13.202957', value='3768.000000', node='ubuntu', metric='rx', subsystem='enp0s25')
Telemetry(timestamp='27.05.2023 12:33:13.530107', value='1048996.000000', node='ubuntu', metric='ram', subsystem=None)
Telemetry(timestamp='27.05.2023 12:33:13.532257', value='11.111111', node='ubuntu', metric='cpu', subsystem=None)
Telemetry(timestamp='27.05.2023 12:33:13.532498', value='85.000000', node='ubuntu', metric='tx', subsystem='enp0s25')
Telemetry(timestamp='27.05.2023 12:33:13.701224', value='3504.000000', node='ubuntu', metric='rx', subsystem='enp0s25')
Telemetry(timestamp='27.05.2023 12:33:14.309428', value='4.864865', node='ubuntu', metric='cpu', subsystem=None)
Telemetry(timestamp='27.05.2023 12:33:14.322104', value='86.000000', node='ubuntu', metric='tx', subsystem='enp0s25')
Telemetry(timestamp='27.05.2023 12:33:14.211779', value='3405.000000', node='ubuntu', metric='rx', subsystem='enp0s25')
Telemetry(timestamp='27.05.2023 12:33:14.530035', value='1052020.000000', node='ubuntu', metric='ram', subsystem=None)
Telemetry(timestamp='27.05.2023 12:33:14.531124', value='93.000000', node='ubuntu', metric='tx', subsystem='enp0s25')
Telemetry(timestamp='27.05.2023 12:33:14.531310', value='10.526316', node='ubuntu', metric='cpu', subsystem=None)
Telemetry(timestamp='27.05.2023 12:33:14.715787', value='3962.000000', node='ubuntu', metric='rx', subsystem='enp0s25')
Telemetry(timestamp='27.05.2023 12:33:15.304208', value='13.513514', node='ubuntu', metric='cpu', subsystem=None)
Telemetry(timestamp='27.05.2023 12:33:15.318582', value='86.000000', node='ubuntu', metric='tx', subsystem='enp0s25')
Telemetry(timestamp='27.05.2023 12:33:15.133975', value='3475.000000', node='ubuntu', metric='rx', subsystem='enp0s25')
Telemetry(timestamp='27.05.2023 12:33:15.530153', value='0.150000', node='ubuntu', metric='load1', subsystem=None)
Telemetry(timestamp='27.05.2023 12:33:15.530478', value='1063260.000000', node='ubuntu', metric='ram', subsystem=None)
Telemetry(timestamp='27.05.2023 12:33:15.530931', value='3.225806', node='ubuntu', metric='cpu', subsystem=None)
Telemetry(timestamp='27.05.2023 12:33:15.532077', value='87.000000', node='ubuntu', metric='tx', subsystem='enp0s25')
Telemetry(timestamp='27.05.2023 12:33:15.723209', value='0.320000', node='ubuntu', metric='load5', subsystem=None)
Telemetry(timestamp='27.05.2023 12:33:15.755740', value='3408.000000', node='ubuntu', metric='rx', subsystem='enp0s25')
Telemetry(timestamp='27.05.2023 12:33:16.305052', value='6.486486', node='ubuntu', metric='cpu', subsystem=None)
Telemetry(timestamp='27.05.2023 12:33:16.310453', value='97.000000', node='ubuntu', metric='tx', subsystem='enp0s25')
Telemetry(timestamp='27.05.2023 12:33:16.264476', value='4048.000000', node='ubuntu', metric='rx', subsystem='enp0s25')
Telemetry(timestamp='27.05.2023 12:33:16.530306', value='5.913978', node='ubuntu', metric='cpu', subsystem=None)
Telemetry(timestamp='27.05.2023 12:33:16.530482', value='1067544.000000', node='ubuntu', metric='ram', subsystem=None)
Telemetry(timestamp='27.05.2023 12:33:16.531398', value='96.000000', node='ubuntu', metric='tx', subsystem='enp0s25')
Telemetry(timestamp='27.05.2023 12:33:16.674501', value='4019.000000', node='ubuntu', metric='rx', subsystem='enp0s25')
Telemetry(timestamp='27.05.2023 12:33:17.305697', value='9.793814', node='ubuntu', metric='cpu', subsystem=None)
Telemetry(timestamp='27.05.2023 12:33:17.309410', value='90.000000', node='ubuntu', metric='tx', subsystem='enp0s25')
Telemetry(timestamp='27.05.2023 12:33:17.188170', value='3624.000000', node='ubuntu', metric='rx', subsystem='enp0s25')
Telemetry(timestamp='27.05.2023 12:33:17.531171', value='5.851064', node='ubuntu', metric='cpu', subsystem=None)
Telemetry(timestamp='27.05.2023 12:33:17.531910', value='1068968.000000', node='ubuntu', metric='ram', subsystem=None)
Telemetry(timestamp='27.05.2023 12:33:17.533507', value='89.000000', node='ubuntu', metric='tx', subsystem='enp0s25')
Telemetry(timestamp='27.05.2023 12:33:17.686430', value='3613.000000', node='ubuntu', metric='rx', subsystem='enp0s25')
Telemetry(timestamp='27.05.2023 12:33:18.312705', value='95.000000', node='ubuntu', metric='tx', subsystem='enp0s25')
Telemetry(timestamp='27.05.2023 12:33:18.347766', value='6.914894', node='ubuntu', metric='cpu', subsystem=None)
Telemetry(timestamp='27.05.2023 12:33:18.726929', value='3882.000000', node='ubuntu', metric='rx', subsystem='enp0s25')
Telemetry(timestamp='27.05.2023 12:33:18.530794', value='10.160428', node='ubuntu', metric='cpu', subsystem=None)
Telemetry(timestamp='27.05.2023 12:33:18.530978', value='1048416.000000', node='ubuntu', metric='ram', subsystem=None)
Telemetry(timestamp='27.05.2023 12:33:18.533743', value='86.000000', node='ubuntu', metric='tx', subsystem='enp0s25')
Telemetry(timestamp='27.05.2023 12:33:18.560716', value='3395.000000', node='ubuntu', metric='rx', subsystem='enp0s25')
Telemetry(timestamp='27.05.2023 12:33:19.315313', value='5.154639', node='ubuntu', metric='cpu', subsystem=None)
Telemetry(timestamp='27.05.2023 12:33:19.319129', value='75.000000', node='ubuntu', metric='tx', subsystem='enp0s25')
Telemetry(timestamp='27.05.2023 12:33:19.232270', value='2332.000000', node='ubuntu', metric='rx', subsystem='enp0s25')
Telemetry(timestamp='27.05.2023 12:33:19.530085', value='1052448.000000', node='ubuntu', metric='ram', subsystem=None)
Telemetry(timestamp='27.05.2023 12:33:19.530613', value='5.376344', node='ubuntu', metric='cpu', subsystem=None)
Telemetry(timestamp='27.05.2023 12:33:19.532144', value='90.000000', node='ubuntu', metric='tx', subsystem='enp0s25')
Telemetry(timestamp='27.05.2023 12:33:19.738494', value='2467.000000', node='ubuntu', metric='rx', subsystem='enp0s25')
Telemetry(timestamp='27.05.2023 12:33:20.308186', value='9.183673', node='ubuntu', metric='cpu', subsystem=None)
Telemetry(timestamp='27.05.2023 12:33:20.317697', value='82.000000', node='ubuntu', metric='tx', subsystem='enp0s25')
Telemetry(timestamp='27.05.2023 12:33:20.266811', value='2710.000000', node='ubuntu', metric='rx', subsystem='enp0s25')
Telemetry(timestamp='27.05.2023 12:33:20.529875', value='0.220000', node='ubuntu', metric='load1', subsystem=None)
Telemetry(timestamp='27.05.2023 12:33:20.529879', value='0.330000', node='ubuntu', metric='load5', subsystem=None)
Telemetry(timestamp='27.05.2023 12:33:20.530145', value='1056732.000000', node='ubuntu', metric='ram', subsystem=None)
Telemetry(timestamp='27.05.2023 12:33:20.531461', value='5.913978', node='ubuntu', metric='cpu', subsystem=None)
Telemetry(timestamp='27.05.2023 12:33:20.531574', value='74.000000', node='ubuntu', metric='tx', subsystem='enp0s25')
Telemetry(timestamp='27.05.2023 12:33:20.672506', value='3094.000000', node='ubuntu', metric='rx', subsystem='enp0s25')
Telemetry(timestamp='27.05.2023 12:33:21.303916', value='9.090909', node='ubuntu', metric='cpu', subsystem=None)
Telemetry(timestamp='27.05.2023 12:33:21.322397', value='86.000000', node='ubuntu', metric='tx', subsystem='enp0s25')
Telemetry(timestamp='27.05.2023 12:33:21.175158', value='3493.000000', node='ubuntu', metric='rx', subsystem='enp0s25')
Telemetry(timestamp='27.05.2023 12:33:21.530802', value='1059048.000000', node='ubuntu', metric='ram', subsystem=None)
Telemetry(timestamp='27.05.2023 12:33:21.531671', value='5.789474', node='ubuntu', metric='cpu', subsystem=None)
Telemetry(timestamp='27.05.2023 12:33:21.531947', value='88.000000', node='ubuntu', metric='tx', subsystem='enp0s25')
Telemetry(timestamp='27.05.2023 12:33:21.702106', value='3460.000000', node='ubuntu', metric='rx', subsystem='enp0s25')
Telemetry(timestamp='27.05.2023 12:33:22.308176', value='4.891304', node='ubuntu', metric='cpu', subsystem=None)
Telemetry(timestamp='27.05.2023 12:33:22.314238', value='94.000000', node='ubuntu', metric='tx', subsystem='enp0s25')
Telemetry(timestamp='27.05.2023 12:33:22.197505', value='3880.000000', node='ubuntu', metric='rx', subsystem='enp0s25')
Telemetry(timestamp='27.05.2023 12:33:22.529981', value='1065012.000000', node='ubuntu', metric='ram', subsystem=None)
Telemetry(timestamp='27.05.2023 12:33:22.531523', value='91.000000', node='ubuntu', metric='tx', subsystem='enp0s25')
Telemetry(timestamp='27.05.2023 12:33:22.531861', value='9.042553', node='ubuntu', metric='cpu', subsystem=None)
Telemetry(timestamp='27.05.2023 12:33:22.690184', value='3781.000000', node='ubuntu', metric='rx', subsystem='enp0s25')
Telemetry(timestamp='27.05.2023 12:33:23.308660', value='7.853403', node='ubuntu', metric='cpu', subsystem=None)
Telemetry(timestamp='27.05.2023 12:33:23.322170', value='89.000000', node='ubuntu', metric='tx', subsystem='enp0s25')
Telemetry(timestamp='27.05.2023 12:33:23.230265', value='3546.000000', node='ubuntu', metric='rx', subsystem='enp0s25')
Telemetry(timestamp='27.05.2023 12:33:23.530815', value='1055552.000000', node='ubuntu', metric='ram', subsystem=None)
Telemetry(timestamp='27.05.2023 12:33:23.531240', value='7.446809', node='ubuntu', metric='cpu', subsystem=None)
Telemetry(timestamp='27.05.2023 12:33:23.532095', value='93.000000', node='ubuntu', metric='tx', subsystem='enp0s25')
Telemetry(timestamp='27.05.2023 12:33:23.732507', value='3817.000000', node='ubuntu', metric='rx', subsystem='enp0s25')
Telemetry(timestamp='27.05.2023 12:33:24.306405', value='6.349206', node='ubuntu', metric='cpu', subsystem=None)
Telemetry(timestamp='27.05.2023 12:33:24.327348', value='95.000000', node='ubuntu', metric='tx', subsystem='enp0s25')
Telemetry(timestamp='27.05.2023 12:33:24.244157', value='4056.000000', node='ubuntu', metric='rx', subsystem='enp0s25')
Telemetry(timestamp='27.05.2023 12:33:24.529772', value='1056620.000000', node='ubuntu', metric='ram', subsystem=None)
Telemetry(timestamp='27.05.2023 12:33:24.530767', value='9.090909', node='ubuntu', metric='cpu', subsystem=None)
Telemetry(timestamp='27.05.2023 12:33:24.531734', value='88.000000', node='ubuntu', metric='tx', subsystem='enp0s25')
Telemetry(timestamp='27.05.2023 12:33:24.796588', value='3413.000000', node='ubuntu', metric='rx', subsystem='enp0s25')
Telemetry(timestamp='27.05.2023 12:33:25.305725', value='6.593407', node='ubuntu', metric='cpu', subsystem=None)
Telemetry(timestamp='27.05.2023 12:33:25.316566', value='86.000000', node='ubuntu', metric='tx', subsystem='enp0s25')
Telemetry(timestamp='27.05.2023 12:33:25.169492', value='3375.000000', node='ubuntu', metric='rx', subsystem='enp0s25')
Telemetry(timestamp='27.05.2023 12:33:25.530621', value='92.000000', node='ubuntu', metric='tx', subsystem='enp0s25')
Telemetry(timestamp='27.05.2023 12:33:25.530791', value='1062108.000000', node='ubuntu', metric='ram', subsystem=None)
Telemetry(timestamp='27.05.2023 12:33:25.530923', value='5.405405', node='ubuntu', metric='cpu', subsystem=None)
Telemetry(timestamp='27.05.2023 12:33:25.531267', value='0.200000', node='ubuntu', metric='load1', subsystem=None)
Telemetry(timestamp='27.05.2023 12:33:25.656374', value='3797.000000', node='ubuntu', metric='rx', subsystem='enp0s25')
Telemetry(timestamp='27.05.2023 12:33:25.673397', value='0.330000', node='ubuntu', metric='load5', subsystem=None)
Telemetry(timestamp='27.05.2023 12:33:26.314289', value='5.851064', node='ubuntu', metric='cpu', subsystem=None)
Telemetry(timestamp='27.05.2023 12:33:26.316870', value='93.000000', node='ubuntu', metric='tx', subsystem='enp0s25')
Telemetry(timestamp='27.05.2023 12:33:26.198363', value='3843.000000', node='ubuntu', metric='rx', subsystem='enp0s25')
Telemetry(timestamp='27.05.2023 12:33:26.530542', value='1051408.000000', node='ubuntu', metric='ram', subsystem=None)
Telemetry(timestamp='27.05.2023 12:33:26.530805', value='10.714286', node='ubuntu', metric='cpu', subsystem=None)
Telemetry(timestamp='27.05.2023 12:33:26.533162', value='87.000000', node='ubuntu', metric='tx', subsystem='enp0s25')
Telemetry(timestamp='27.05.2023 12:33:26.726198', value='3542.000000', node='ubuntu', metric='rx', subsystem='enp0s25')
Telemetry(timestamp='27.05.2023 12:33:27.305418', value='5.181347', node='ubuntu', metric='cpu', subsystem=None)
Telemetry(timestamp='27.05.2023 12:33:27.317649', value='83.000000', node='ubuntu', metric='tx', subsystem='enp0s25')
Telemetry(timestamp='27.05.2023 12:33:27.218390', value='3079.000000', node='ubuntu', metric='rx', subsystem='enp0s25')
Telemetry(timestamp='27.05.2023 12:33:27.530812', value='1054180.000000', node='ubuntu', metric='ram', subsystem=None)
Telemetry(timestamp='27.05.2023 12:33:27.531371', value='64.000000', node='ubuntu', metric='tx', subsystem='enp0s25')
Telemetry(timestamp='27.05.2023 12:33:27.531493', value='4.081633', node='ubuntu', metric='cpu', subsystem=None)
Telemetry(timestamp='27.05.2023 12:33:27.688295', value='2274.000000', node='ubuntu', metric='rx', subsystem='enp0s25')
Telemetry(timestamp='27.05.2023 12:33:28.307120', value='5.820106', node='ubuntu', metric='cpu', subsystem=None)
Telemetry(timestamp='27.05.2023 12:33:28.314259', value='60.000000', node='ubuntu', metric='tx', subsystem='enp0s25')
Telemetry(timestamp='27.05.2023 12:33:28.246513', value='2321.000000', node='ubuntu', metric='rx', subsystem='enp0s25')
Telemetry(timestamp='27.05.2023 12:33:28.530323', value='11.578947', node='ubuntu', metric='cpu', subsystem=None)
Telemetry(timestamp='27.05.2023 12:33:28.530413', value='1063824.000000', node='ubuntu', metric='ram', subsystem=None)
Telemetry(timestamp='27.05.2023 12:33:28.532480', value='73.000000', node='ubuntu', metric='tx', subsystem='enp0s25')
Telemetry(timestamp='27.05.2023 12:33:28.581663', value='2836.000000', node='ubuntu', metric='rx', subsystem='enp0s25')
Telemetry(timestamp='27.05.2023 12:33:29.313902', value='3.684211', node='ubuntu', metric='cpu', subsystem=None)
Telemetry(timestamp='27.05.2023 12:33:29.319798', value='77.000000', node='ubuntu', metric='tx', subsystem='enp0s25')
Telemetry(timestamp='27.05.2023 12:33:29.269264', value='2901.000000', node='ubuntu', metric='rx', subsystem='enp0s25')
Telemetry(timestamp='27.05.2023 12:33:29.530931', value='85.000000', node='ubuntu', metric='tx', subsystem='enp0s25')
Telemetry(timestamp='27.05.2023 12:33:29.531266', value='1066064.000000', node='ubuntu', metric='ram', subsystem=None)
Telemetry(timestamp='27.05.2023 12:33:29.532100', value='3.804348', node='ubuntu', metric='cpu', subsystem=None)
Telemetry(timestamp='27.05.2023 12:33:29.656391', value='3334.000000', node='ubuntu', metric='rx', subsystem='enp0s25')
Telemetry(timestamp='27.05.2023 12:33:30.325214', value='8.064516', node='ubuntu', metric='cpu', subsystem=None)
Telemetry(timestamp='27.05.2023 12:33:30.326164', value='91.000000', node='ubuntu', metric='tx', subsystem='enp0s25')
Telemetry(timestamp='27.05.2023 12:33:30.183404', value='3609.000000', node='ubuntu', metric='rx', subsystem='enp0s25')
Telemetry(timestamp='27.05.2023 12:33:30.529844', value='1048824.000000', node='ubuntu', metric='ram', subsystem=None)
Telemetry(timestamp='27.05.2023 12:33:30.529853', value='0.190000', node='ubuntu', metric='load1', subsystem=None)
Telemetry(timestamp='27.05.2023 12:33:30.530453', value='10.752688', node='ubuntu', metric='cpu', subsystem=None)
Telemetry(timestamp='27.05.2023 12:33:30.532159', value='90.000000', node='ubuntu', metric='tx', subsystem='enp0s25')
Telemetry(timestamp='27.05.2023 12:33:30.671222', value='0.320000', node='ubuntu', metric='load5', subsystem=None)
Telemetry(timestamp='27.05.2023 12:33:30.712641', value='3472.000000', node='ubuntu', metric='rx', subsystem='enp0s25')
Telemetry(timestamp='27.05.2023 12:33:31.308713', value='4.864865', node='ubuntu', metric='cpu', subsystem=None)
Telemetry(timestamp='27.05.2023 12:33:31.312458', value='88.000000', node='ubuntu', metric='tx', subsystem='enp0s25')
Telemetry(timestamp='27.05.2023 12:33:31.162404', value='3439.000000', node='ubuntu', metric='rx', subsystem='enp0s25')
Telemetry(timestamp='27.05.2023 12:33:31.529960', value='1052072.000000', node='ubuntu', metric='ram', subsystem=None)
Telemetry(timestamp='27.05.2023 12:33:31.531004', value='91.000000', node='ubuntu', metric='tx', subsystem='enp0s25')
Telemetry(timestamp='27.05.2023 12:33:31.532576', value='4.864865', node='ubuntu', metric='cpu', subsystem=None)
Telemetry(timestamp='27.05.2023 12:33:31.721402', value='3815.000000', node='ubuntu', metric='rx', subsystem='enp0s25')
Telemetry(timestamp='27.05.2023 12:33:32.315448', value='5.820106', node='ubuntu', metric='cpu', subsystem=None)
Telemetry(timestamp='27.05.2023 12:33:32.331125', value='103.000000', node='ubuntu', metric='tx', subsystem='enp0s25')
Telemetry(timestamp='27.05.2023 12:33:32.230538', value='3601.000000', node='ubuntu', metric='rx', subsystem='enp0s25')
Telemetry(timestamp='27.05.2023 12:33:32.530739', value='1054280.000000', node='ubuntu', metric='ram', subsystem=None)
Telemetry(timestamp='27.05.2023 12:33:32.531079', value='98.000000', node='ubuntu', metric='tx', subsystem='enp0s25')
Telemetry(timestamp='27.05.2023 12:33:32.532823', value='10.000000', node='ubuntu', metric='cpu', subsystem=None)
Telemetry(timestamp='27.05.2023 12:33:32.754602', value='3155.000000', node='ubuntu', metric='rx', subsystem='enp0s25')
Telemetry(timestamp='27.05.2023 12:33:33.308063', value='4.324324', node='ubuntu', metric='cpu', subsystem=None)
Telemetry(timestamp='27.05.2023 12:33:33.326444', value='89.000000', node='ubuntu', metric='tx', subsystem='enp0s25')
Telemetry(timestamp='27.05.2023 12:33:33.277134', value='3504.000000', node='ubuntu', metric='rx', subsystem='enp0s25')
Telemetry(timestamp='27.05.2023 12:33:33.529962', value='1057780.000000', node='ubuntu', metric='ram', subsystem=None)
Telemetry(timestamp='27.05.2023 12:33:33.530668', value='5.945946', node='ubuntu', metric='cpu', subsystem=None)
Telemetry(timestamp='27.05.2023 12:33:33.531317', value='93.000000', node='ubuntu', metric='tx', subsystem='enp0s25')
Telemetry(timestamp='27.05.2023 12:33:33.659077', value='3896.000000', node='ubuntu', metric='rx', subsystem='enp0s25')
Telemetry(timestamp='27.05.2023 12:33:34.306453', value='9.239130', node='ubuntu', metric='cpu', subsystem=None)
Telemetry(timestamp='27.05.2023 12:33:34.314292', value='89.000000', node='ubuntu', metric='tx', subsystem='enp0s25')
Telemetry(timestamp='27.05.2023 12:33:34.183357', value='3687.000000', node='ubuntu', metric='rx', subsystem='enp0s25')
Telemetry(timestamp='27.05.2023 12:33:34.530819', value='75.000000', node='ubuntu', metric='tx', subsystem='enp0s25')
Telemetry(timestamp='27.05.2023 12:33:34.531154', value='1051040.000000', node='ubuntu', metric='ram', subsystem=None)
Telemetry(timestamp='27.05.2023 12:33:34.531893', value='5.025126', node='ubuntu', metric='cpu', subsystem=None)
Telemetry(timestamp='27.05.2023 12:33:34.671911', value='2887.000000', node='ubuntu', metric='rx', subsystem='enp0s25')
Telemetry(timestamp='27.05.2023 12:33:35.306977', value='6.382979', node='ubuntu', metric='cpu', subsystem=None)
Telemetry(timestamp='27.05.2023 12:33:35.316763', value='73.000000', node='ubuntu', metric='tx', subsystem='enp0s25')
Telemetry(timestamp='27.05.2023 12:33:35.205062', value='2179.000000', node='ubuntu', metric='rx', subsystem='enp0s25')
Telemetry(timestamp='27.05.2023 12:33:35.530615', value='0.170000', node='ubuntu', metric='load1', subsystem=None)
Telemetry(timestamp='27.05.2023 12:33:35.530619', value='0.310000', node='ubuntu', metric='load5', subsystem=None)
Telemetry(timestamp='27.05.2023 12:33:35.530741', value='1053308.000000', node='ubuntu', metric='ram', subsystem=None)
Telemetry(timestamp='27.05.2023 12:33:35.530876', value='6.315789', node='ubuntu', metric='cpu', subsystem=None)
Telemetry(timestamp='27.05.2023 12:33:35.532127', value='85.000000', node='ubuntu', metric='tx', subsystem='enp0s25')
Telemetry(timestamp='27.05.2023 12:33:35.722858', value='2715.000000', node='ubuntu', metric='rx', subsystem='enp0s25')
Telemetry(timestamp='27.05.2023 12:33:36.308197', value='6.878307', node='ubuntu', metric='cpu', subsystem=None)
Telemetry(timestamp='27.05.2023 12:33:36.317004', value='85.000000', node='ubuntu', metric='tx', subsystem='enp0s25')
Telemetry(timestamp='27.05.2023 12:33:36.236404', value='3352.000000', node='ubuntu', metric='rx', subsystem='enp0s25')
Telemetry(timestamp='27.05.2023 12:33:36.530180', value='1048948.000000', node='ubuntu', metric='ram', subsystem=None)
Telemetry(timestamp='27.05.2023 12:33:36.530311', value='11.052632', node='ubuntu', metric='cpu', subsystem=None)
Telemetry(timestamp='27.05.2023 12:33:36.531820', value='81.000000', node='ubuntu', metric='tx', subsystem='enp0s25')
Telemetry(timestamp='27.05.2023 12:33:36.743322', value='3063.000000', node='ubuntu', metric='rx', subsystem='enp0s25')
Telemetry(timestamp='27.05.2023 12:33:37.309618', value='5.347594', node='ubuntu', metric='cpu', subsystem=None)
Telemetry(timestamp='27.05.2023 12:33:37.312240', value='93.000000', node='ubuntu', metric='tx', subsystem='enp0s25')
Telemetry(timestamp='27.05.2023 12:33:37.251896', value='3040.000000', node='ubuntu', metric='rx', subsystem='enp0s25')
Telemetry(timestamp='27.05.2023 12:33:37.530516', value='1051716.000000', node='ubuntu', metric='ram', subsystem=None)
Telemetry(timestamp='27.05.2023 12:33:37.530828', value='4.864865', node='ubuntu', metric='cpu', subsystem=None)
Telemetry(timestamp='27.05.2023 12:33:37.530994', value='98.000000', node='ubuntu', metric='tx', subsystem='enp0s25')
Telemetry(timestamp='27.05.2023 12:33:37.760237', value='3577.000000', node='ubuntu', metric='rx', subsystem='enp0s25')
Telemetry(timestamp='27.05.2023 12:33:38.306992', value='5.434783', node='ubuntu', metric='cpu', subsystem=None)
Telemetry(timestamp='27.05.2023 12:33:38.320527', value='91.000000', node='ubuntu', metric='tx', subsystem='enp0s25')
Telemetry(timestamp='27.05.2023 12:33:38.174453', value='3959.000000', node='ubuntu', metric='rx', subsystem='enp0s25')
Telemetry(timestamp='27.05.2023 12:33:38.530246', value='1060608.000000', node='ubuntu', metric='ram', subsystem=None)
Telemetry(timestamp='27.05.2023 12:33:38.531066', value='8.947368', node='ubuntu', metric='cpu', subsystem=None)
Telemetry(timestamp='27.05.2023 12:33:38.532253', value='87.000000', node='ubuntu', metric='tx', subsystem='enp0s25')
Telemetry(timestamp='27.05.2023 12:33:38.689306', value='3671.000000', node='ubuntu', metric='rx', subsystem='enp0s25')
Telemetry(timestamp='27.05.2023 12:33:39.303301', value='3.825137', node='ubuntu', metric='cpu', subsystem=None)
Telemetry(timestamp='27.05.2023 12:33:39.323129', value='87.000000', node='ubuntu', metric='tx', subsystem='enp0s25')
Telemetry(timestamp='27.05.2023 12:33:39.150410', value='3574.000000', node='ubuntu', metric='rx', subsystem='enp0s25')
Telemetry(timestamp='27.05.2023 12:33:39.530349', value='1066068.000000', node='ubuntu', metric='ram', subsystem=None)
Telemetry(timestamp='27.05.2023 12:33:39.530573', value='5.882353', node='ubuntu', metric='cpu', subsystem=None)
Telemetry(timestamp='27.05.2023 12:33:39.530845', value='95.000000', node='ubuntu', metric='tx', subsystem='enp0s25')
Telemetry(timestamp='27.05.2023 12:33:39.703401', value='3896.000000', node='ubuntu', metric='rx', subsystem='enp0s25')
Telemetry(timestamp='27.05.2023 12:33:40.309345', value='15.135135', node='ubuntu', metric='cpu', subsystem=None)
Telemetry(timestamp='27.05.2023 12:33:40.309433', value='86.000000', node='ubuntu', metric='tx', subsystem='enp0s25')
Telemetry(timestamp='27.05.2023 12:33:40.205482', value='3478.000000', node='ubuntu', metric='rx', subsystem='enp0s25')
Telemetry(timestamp='27.05.2023 12:33:40.530020', value='0.160000', node='ubuntu', metric='load1', subsystem=None)
Telemetry(timestamp='27.05.2023 12:33:40.530024', value='0.310000', node='ubuntu', metric='load5', subsystem=None)
Telemetry(timestamp='27.05.2023 12:33:40.530152', value='1051420.000000', node='ubuntu', metric='ram', subsystem=None)
Telemetry(timestamp='27.05.2023 12:33:40.531235', value='3.664921', node='ubuntu', metric='cpu', subsystem=None)
Telemetry(timestamp='27.05.2023 12:33:40.534574', value='85.000000', node='ubuntu', metric='tx', subsystem='enp0s25')
Telemetry(timestamp='27.05.2023 12:33:40.744596', value='3419.000000', node='ubuntu', metric='rx', subsystem='enp0s25')
Telemetry(timestamp='27.05.2023 12:33:41.302296', value='5.434783', node='ubuntu', metric='cpu', subsystem=None)
Telemetry(timestamp='27.05.2023 12:33:41.315228', value='95.000000', node='ubuntu', metric='tx', subsystem='enp0s25')
Telemetry(timestamp='27.05.2023 12:33:41.238969', value='3809.000000', node='ubuntu', metric='rx', subsystem='enp0s25')
Telemetry(timestamp='27.05.2023 12:33:41.530488', value='5.434783', node='ubuntu', metric='cpu', subsystem=None)
Telemetry(timestamp='27.05.2023 12:33:41.531224', value='1057972.000000', node='ubuntu', metric='ram', subsystem=None)
Telemetry(timestamp='27.05.2023 12:33:41.531513', value='95.000000', node='ubuntu', metric='tx', subsystem='enp0s25')
Telemetry(timestamp='27.05.2023 12:33:41.760832', value='3894.000000', node='ubuntu', metric='rx', subsystem='enp0s25')
Telemetry(timestamp='27.05.2023 12:33:42.305711', value='10.994764', node='ubuntu', metric='cpu', subsystem=None)
Telemetry(timestamp='27.05.2023 12:33:42.314297', value='89.000000', node='ubuntu', metric='tx', subsystem='enp0s25')
Telemetry(timestamp='27.05.2023 12:33:42.177357', value='3405.000000', node='ubuntu', metric='rx', subsystem='enp0s25')
Telemetry(timestamp='27.05.2023 12:33:42.530787', value='5.913978', node='ubuntu', metric='cpu', subsystem=None)
Telemetry(timestamp='27.05.2023 12:33:42.531136', value='1070048.000000', node='ubuntu', metric='ram', subsystem=None)
Telemetry(timestamp='27.05.2023 12:33:42.532500', value='90.000000', node='ubuntu', metric='tx', subsystem='enp0s25')
Telemetry(timestamp='27.05.2023 12:33:42.688412', value='3203.000000', node='ubuntu', metric='rx', subsystem='enp0s25')
Telemetry(timestamp='27.05.2023 12:33:43.313313', value='91.000000', node='ubuntu', metric='tx', subsystem='enp0s25')
Telemetry(timestamp='27.05.2023 12:33:43.314599', value='6.417112', node='ubuntu', metric='cpu', subsystem=None)
Telemetry(timestamp='27.05.2023 12:33:43.192342', value='3469.000000', node='ubuntu', metric='rx', subsystem='enp0s25')
Telemetry(timestamp='27.05.2023 12:33:43.530283', value='1074080.000000', node='ubuntu', metric='ram', subsystem=None)
Telemetry(timestamp='27.05.2023 12:33:43.530719', value='6.486486', node='ubuntu', metric='cpu', subsystem=None)
Telemetry(timestamp='27.05.2023 12:33:43.532198', value='85.000000', node='ubuntu', metric='tx', subsystem='enp0s25')
Telemetry(timestamp='27.05.2023 12:33:43.703011', value='3575.000000', node='ubuntu', metric='rx', subsystem='enp0s25')
Telemetry(timestamp='27.05.2023 12:33:44.312057', value='9.375000', node='ubuntu', metric='cpu', subsystem=None)
Telemetry(timestamp='27.05.2023 12:33:44.324160', value='81.000000', node='ubuntu', metric='tx', subsystem='enp0s25')
Telemetry(timestamp='27.05.2023 12:33:44.213283', value='3197.000000', node='ubuntu', metric='rx', subsystem='enp0s25')
Telemetry(timestamp='27.05.2023 12:33:44.530566', value='6.735751', node='ubuntu', metric='cpu', subsystem=None)
Telemetry(timestamp='27.05.2023 12:33:44.531011', value='81.000000', node='ubuntu', metric='tx', subsystem='enp0s25')
Telemetry(timestamp='27.05.2023 12:33:44.531384', value='1054168.000000', node='ubuntu', metric='ram', subsystem=None)
Telemetry(timestamp='27.05.2023 12:33:44.717984', value='3026.000000', node='ubuntu', metric='rx', subsystem='enp0s25')
Telemetry(timestamp='27.05.2023 12:33:45.305090', value='88.000000', node='ubuntu', metric='tx', subsystem='enp0s25')
Telemetry(timestamp='27.05.2023 12:33:45.326470', value='11.052632', node='ubuntu', metric='cpu', subsystem=None)
Telemetry(timestamp='27.05.2023 12:33:45.221739', value='3540.000000', node='ubuntu', metric='rx', subsystem='enp0s25')
Telemetry(timestamp='27.05.2023 12:33:45.529833', value='0.140000', node='ubuntu', metric='load1', subsystem=None)
Telemetry(timestamp='27.05.2023 12:33:45.529837', value='0.300000', node='ubuntu', metric='load5', subsystem=None)
Telemetry(timestamp='27.05.2023 12:33:45.529956', value='1058200.000000', node='ubuntu', metric='ram', subsystem=None)
Telemetry(timestamp='27.05.2023 12:33:45.530746', value='5.405405', node='ubuntu', metric='cpu', subsystem=None)
Telemetry(timestamp='27.05.2023 12:33:45.532310', value='90.000000', node='ubuntu', metric='tx', subsystem='enp0s25')
Telemetry(timestamp='27.05.2023 12:33:45.762863', value='3669.000000', node='ubuntu', metric='rx', subsystem='enp0s25')
Telemetry(timestamp='27.05.2023 12:33:46.308552', value='9.574468', node='ubuntu', metric='cpu', subsystem=None)
Telemetry(timestamp='27.05.2023 12:33:46.316812', value='87.000000', node='ubuntu', metric='tx', subsystem='enp0s25')
Telemetry(timestamp='27.05.2023 12:33:46.255058', value='3347.000000', node='ubuntu', metric='rx', subsystem='enp0s25')
Telemetry(timestamp='27.05.2023 12:33:46.531039', value='88.000000', node='ubuntu', metric='tx', subsystem='enp0s25')
Telemetry(timestamp='27.05.2023 12:33:46.531191', value='1057828.000000', node='ubuntu', metric='ram', subsystem=None)
Telemetry(timestamp='27.05.2023 12:33:46.531320', value='6.417112', node='ubuntu', metric='cpu', subsystem=None)
Telemetry(timestamp='27.05.2023 12:33:46.663864', value='3393.000000', node='ubuntu', metric='rx', subsystem='enp0s25')
Telemetry(timestamp='27.05.2023 12:33:47.315224', value='6.451613', node='ubuntu', metric='cpu', subsystem=None)
Telemetry(timestamp='27.05.2023 12:33:47.322053', value='93.000000', node='ubuntu', metric='tx', subsystem='enp0s25')
Telemetry(timestamp='27.05.2023 12:33:47.175889', value='3859.000000', node='ubuntu', metric='rx', subsystem='enp0s25')
Telemetry(timestamp='27.05.2023 12:33:47.530807', value='1051548.000000', node='ubuntu', metric='ram', subsystem=None)
Telemetry(timestamp='27.05.2023 12:33:47.531027', value='12.834225', node='ubuntu', metric='cpu', subsystem=None)
Telemetry(timestamp='27.05.2023 12:33:47.532863', value='88.000000', node='ubuntu', metric='tx', subsystem='enp0s25')
Telemetry(timestamp='27.05.2023 12:33:47.609808', value='3579.000000', node='ubuntu', metric='rx', subsystem='enp0s25')
Telemetry(timestamp='27.05.2023 12:33:48.309514', value='2.604167', node='ubuntu', metric='cpu', subsystem=None)
Telemetry(timestamp='27.05.2023 12:33:48.321566', value='83.000000', node='ubuntu', metric='tx', subsystem='enp0s25')
Telemetry(timestamp='27.05.2023 12:33:48.208668', value='3115.000000', node='ubuntu', metric='rx', subsystem='enp0s25')
Telemetry(timestamp='27.05.2023 12:33:48.530394', value='1054824.000000', node='ubuntu', metric='ram', subsystem=None)
Telemetry(timestamp='27.05.2023 12:33:48.531668', value='5.208333', node='ubuntu', metric='cpu', subsystem=None)
Telemetry(timestamp='27.05.2023 12:33:48.531747', value='75.000000', node='ubuntu', metric='tx', subsystem='enp0s25')
Telemetry(timestamp='27.05.2023 12:33:48.721409', value='2982.000000', node='ubuntu', metric='rx', subsystem='enp0s25')
Telemetry(timestamp='27.05.2023 12:33:49.307279', value='6.417112', node='ubuntu', metric='cpu', subsystem=None)
Telemetry(timestamp='27.05.2023 12:33:49.324908', value='76.000000', node='ubuntu', metric='tx', subsystem='enp0s25')
Telemetry(timestamp='27.05.2023 12:33:49.232207', value='3446.000000', node='ubuntu', metric='rx', subsystem='enp0s25')
Telemetry(timestamp='27.05.2023 12:33:49.531014', value='11.290323', node='ubuntu', metric='cpu', subsystem=None)
Telemetry(timestamp='27.05.2023 12:33:49.531202', value='81.000000', node='ubuntu', metric='tx', subsystem='enp0s25')
Telemetry(timestamp='27.05.2023 12:33:49.531388', value='1060960.000000', node='ubuntu', metric='ram', subsystem=None)
Telemetry(timestamp='27.05.2023 12:33:49.656960', value='3598.000000', node='ubuntu', metric='rx', subsystem='enp0s25')
Telemetry(timestamp='27.05.2023 12:33:50.308154', value='8.021390', node='ubuntu', metric='cpu', subsystem=None)
Telemetry(timestamp='27.05.2023 12:33:50.310697', value='78.000000', node='ubuntu', metric='tx', subsystem='enp0s25')
Telemetry(timestamp='27.05.2023 12:33:50.258781', value='3206.000000', node='ubuntu', metric='rx', subsystem='enp0s25')
Telemetry(timestamp='27.05.2023 12:33:50.530744', value='0.130000', node='ubuntu', metric='load1', subsystem=None)
Telemetry(timestamp='27.05.2023 12:33:50.530747', value='0.300000', node='ubuntu', metric='load5', subsystem=None)
Telemetry(timestamp='27.05.2023 12:33:50.531332', value='5.820106', node='ubuntu', metric='cpu', subsystem=None)
Telemetry(timestamp='27.05.2023 12:33:50.531515', value='83.000000', node='ubuntu', metric='tx', subsystem='enp0s25')
Telemetry(timestamp='27.05.2023 12:33:50.531980', value='1061968.000000', node='ubuntu', metric='ram', subsystem=None)
Telemetry(timestamp='27.05.2023 12:33:50.659270', value='3307.000000', node='ubuntu', metric='rx', subsystem='enp0s25')
Telemetry(timestamp='27.05.2023 12:33:51.310650', value='87.000000', node='ubuntu', metric='tx', subsystem='enp0s25')
Telemetry(timestamp='27.05.2023 12:33:51.332931', value='3.783784', node='ubuntu', metric='cpu', subsystem=None)
Telemetry(timestamp='27.05.2023 12:33:51.162067', value='3453.000000', node='ubuntu', metric='rx', subsystem='enp0s25')
Telemetry(timestamp='27.05.2023 12:33:51.530542', value='1073312.000000', node='ubuntu', metric='ram', subsystem=None)
Telemetry(timestamp='27.05.2023 12:33:51.531335', value='8.465608', node='ubuntu', metric='cpu', subsystem=None)
Telemetry(timestamp='27.05.2023 12:33:51.532504', value='93.000000', node='ubuntu', metric='tx', subsystem='enp0s25')
Telemetry(timestamp='27.05.2023 12:33:51.710536', value='3009.000000', node='ubuntu', metric='rx', subsystem='enp0s25')
Telemetry(timestamp='27.05.2023 12:33:52.308239', value='7.329843', node='ubuntu', metric='cpu', subsystem=None)
Telemetry(timestamp='27.05.2023 12:33:52.322716', value='93.000000', node='ubuntu', metric='tx', subsystem='enp0s25')
Telemetry(timestamp='27.05.2023 12:33:52.213161', value='2740.000000', node='ubuntu', metric='rx', subsystem='enp0s25')
Telemetry(timestamp='27.05.2023 12:33:52.531269', value='8.333333', node='ubuntu', metric='cpu', subsystem=None)
Telemetry(timestamp='27.05.2023 12:33:52.531547', value='1062024.000000', node='ubuntu', metric='ram', subsystem=None)
Telemetry(timestamp='27.05.2023 12:33:52.531740', value='88.000000', node='ubuntu', metric='tx', subsystem='enp0s25')
Telemetry(timestamp='27.05.2023 12:33:52.719876', value='3357.000000', node='ubuntu', metric='rx', subsystem='enp0s25')