Exp 0
Connecting at 2023-05-29T17:28:05.452600726Z
Received at 2023-05-29T17:28:05.827031550Z
Result  1 sent, Duration 374 ms
throughput: 2.6707261704457443
Exp 1
Connecting at 2023-05-29T17:28:34.204747487Z
Received at 2023-05-29T17:28:34.584286454Z
Result  1 sent, Duration 379 ms
throughput: 2.6347822879395477
Exp 2
Connecting at 2023-05-29T17:29:02.953091290Z
Received at 2023-05-29T17:29:03.318901031Z
Result  1 sent, Duration 365 ms
throughput: 2.733667022954602
Exp 3
Connecting at 2023-05-29T17:29:32.437262853Z
Received at 2023-05-29T17:29:32.793071514Z
Result  1 sent, Duration 355 ms
throughput: 2.8105045417753396
Exp 4
Connecting at 2023-05-29T17:30:02.089569459Z
Received at 2023-05-29T17:30:02.441462965Z
Result  1 sent, Duration 351 ms
throughput: 2.8417729252926316
Exp 5
Connecting at 2023-05-29T17:30:31.676465844Z
Received at 2023-05-29T17:30:32.037895834Z
Result  1 sent, Duration 361 ms
throughput: 2.7667951381875833
Exp 6
Connecting at 2023-05-29T17:31:01.920456929Z
Received at 2023-05-29T17:31:02.265914421Z
Result  1 sent, Duration 345 ms
throughput: 2.894716274384366
Exp 7
Connecting at 2023-05-29T17:31:32.785639472Z
Received at 2023-05-29T17:31:33.123778910Z
Result  1 sent, Duration 338 ms
throughput: 2.9573636877142238
Exp 8
Connecting at 2023-05-29T17:32:02.616337499Z
Received at 2023-05-29T17:32:02.970054573Z
Result  1 sent, Duration 353 ms
throughput: 2.827118854903779
Exp 9
Connecting at 2023-05-29T17:32:32.334761586Z
Received at 2023-05-29T17:32:32.679604192Z
Result  1 sent, Duration 344 ms
throughput: 2.899878785066784
Exp 10
Connecting at 2023-05-29T17:33:01.845591400Z
Received at 2023-05-29T17:33:02.196261064Z
Result  1 sent, Duration 350 ms
throughput: 2.8516920514787447