Exp 0
Connecting at 2023-05-29T18:31:00.737803937Z
Received at 2023-05-29T18:31:00.868540473Z
Result  1 sent, Duration 130 ms
throughput: 7.649002570064864
Exp 1
Connecting at 2023-05-29T18:31:09.933635415Z
Received at 2023-05-29T18:31:10.058471481Z
Result  1 sent, Duration 124 ms
throughput: 8.010509788842961
Exp 2
Connecting at 2023-05-29T18:31:19.034031430Z
Received at 2023-05-29T18:31:19.152160611Z
Result  1 sent, Duration 118 ms
throughput: 8.465321809208577
Exp 3
Connecting at 2023-05-29T18:31:28.251772430Z
Received at 2023-05-29T18:31:28.376631363Z
Result  1 sent, Duration 124 ms
throughput: 8.009098335709366
Exp 4
Connecting at 2023-05-29T18:31:37.260791295Z
Received at 2023-05-29T18:31:37.382855252Z
Result  1 sent, Duration 122 ms
throughput: 8.192490762966665
Exp 5
Connecting at 2023-05-29T18:31:46.424348227Z
Received at 2023-05-29T18:31:46.556164543Z
Result  1 sent, Duration 131 ms
throughput: 7.5863324634338785
Exp 6
Connecting at 2023-05-29T18:31:55.672895613Z
Received at 2023-05-29T18:31:55.791634055Z
Result  1 sent, Duration 118 ms
throughput: 8.421903687109435
Exp 7
Connecting at 2023-05-29T18:32:04.691596884Z
Received at 2023-05-29T18:32:04.815818482Z
Result  1 sent, Duration 124 ms
throughput: 8.050168651033239
Exp 8
Connecting at 2023-05-29T18:32:13.654440615Z
Received at 2023-05-29T18:32:13.772045283Z
Result  1 sent, Duration 117 ms
throughput: 8.503112139042889
Exp 9
Connecting at 2023-05-29T18:32:22.726011180Z
Received at 2023-05-29T18:32:22.841562750Z
Result  1 sent, Duration 115 ms
throughput: 8.654187328538914
Exp 10
Connecting at 2023-05-29T18:32:31.701932748Z
Received at 2023-05-29T18:32:31.821605455Z
Result  1 sent, Duration 119 ms
throughput: 8.3561735410121