Exp 0
Connecting at 2023-05-29T17:48:16.274267354Z
Received at 2023-05-29T17:48:16.318087350Z
Result  1 sent, Duration 43 ms
throughput: 22.821150642415393
Exp 1
Connecting at 2023-05-29T17:48:17.618285545Z
Received at 2023-05-29T17:48:17.658839622Z
Result  1 sent, Duration 40 ms
throughput: 24.65848005128964
Exp 2
Connecting at 2023-05-29T17:48:18.916751727Z
Received at 2023-05-29T17:48:18.959919654Z
Result  1 sent, Duration 43 ms
throughput: 23.165844279194758
Exp 3
Connecting at 2023-05-29T17:48:20.162515924Z
Received at 2023-05-29T17:48:20.206355120Z
Result  1 sent, Duration 43 ms
throughput: 22.810739296060582
Exp 4
Connecting at 2023-05-29T17:48:21.419978152Z
Received at 2023-05-29T17:48:21.461061100Z
Result  1 sent, Duration 41 ms
throughput: 24.34156078087727
Exp 5
Connecting at 2023-05-29T17:48:22.691193459Z
Received at 2023-05-29T17:48:22.733596420Z
Result  1 sent, Duration 42 ms
throughput: 23.583793217301068
Exp 6
Connecting at 2023-05-29T17:48:23.970070475Z
Received at 2023-05-29T17:48:24.012319615Z
Result  1 sent, Duration 42 ms
throughput: 23.66919927098866
Exp 7
Connecting at 2023-05-29T17:48:25.205370487Z
Received at 2023-05-29T17:48:25.243960738Z
Result  1 sent, Duration 38 ms
throughput: 25.913449080072557
Exp 8
Connecting at 2023-05-29T17:48:26.459045554Z
Received at 2023-05-29T17:48:26.500602944Z
Result  1 sent, Duration 41 ms
throughput: 24.0633346969223
Exp 9
Connecting at 2023-05-29T17:48:27.773847765Z
Received at 2023-05-29T17:48:27.816186661Z
Result  1 sent, Duration 42 ms
throughput: 23.61944352591053
Exp 10
Connecting at 2023-05-29T17:48:29.130491001Z
Received at 2023-05-29T17:48:29.174291223Z
Result  1 sent, Duration 43 ms
throughput: 22.831050228310502