Exp 0
Connecting at 2023-05-29T17:41:49.513473963Z
Received at 2023-05-29T17:41:49.686281496Z
Result  1 sent, Duration 172 ms
throughput: 5.786802617949505
Exp 1
Connecting at 2023-05-29T17:42:01.333799355Z
Received at 2023-05-29T17:42:01.503977159Z
Result  1 sent, Duration 170 ms
throughput: 5.876234743825546
Exp 2
Connecting at 2023-05-29T17:42:13.534634175Z
Received at 2023-05-29T17:42:13.699602476Z
Result  1 sent, Duration 164 ms
throughput: 6.0617816788710535
Exp 3


Connecting at 2023-05-29T17:42:26.136262636Z
Received at 2023-05-29T17:42:26.306195150Z
Result  1 sent, Duration 169 ms
throughput: 5.884706823906033
Exp 4
Connecting at 2023-05-29T17:42:38.330156287Z
Received at 2023-05-29T17:42:38.491167063Z
Result  1 sent, Duration 161 ms
throughput: 6.2107943605987215
Exp 5
Connecting at 2023-05-29T17:42:50.360131433Z
Received at 2023-05-29T17:42:50.534798699Z
Result  1 sent, Duration 174 ms
throughput: 5.725179913778791
Exp 6
Connecting at 2023-05-29T17:43:02.506821459Z
Received at 2023-05-29T17:43:02.671013218Z
Result  1 sent, Duration 164 ms
throughput: 6.090467808832396
Exp 7
Connecting at 2023-05-29T17:43:15.087572689Z
Received at 2023-05-29T17:43:15.256877933Z
Result  1 sent, Duration 169 ms
throughput: 5.906500103363752
Exp 8
Connecting at 2023-05-29T17:43:27.525664543Z
Received at 2023-05-29T17:43:27.685486759Z
Result  1 sent, Duration 159 ms
throughput: 6.2569608689667255
Exp 9
Connecting at 2023-05-29T17:43:39.817710554Z
Received at 2023-05-29T17:43:39.992399293Z
Result  1 sent, Duration 174 ms
throughput: 5.724491665140135
Exp 10
Connecting at 2023-05-29T17:43:52.031508918Z
Received at 2023-05-29T17:43:52.213148134Z
Result  1 sent, Duration 181 ms
throughput: 5.505425596925771