Connecting at 2023-05-28T12:41:02.144919496Z
Received at 2023-05-28T12:41:03.464823Z
throughput: 0.580344318284038 index 0
Connecting at 2023-05-28T12:41:06.788020975Z
Received at 2023-05-28T12:41:08.089695916Z
throughput: 0.5832335517931807 index 1
Connecting at 2023-05-28T12:41:11.408953132Z
Received at 2023-05-28T12:41:12.711814772Z
throughput: 0.5835505275977578 index 2
Connecting at 2023-05-28T12:41:16.027678072Z
Received at 2023-05-28T12:41:17.331048829Z
throughput: 0.5841289534760273 index 3
Connecting at 2023-05-28T12:41:20.636922153Z
Received at 2023-05-28T12:41:21.935800385Z
throughput: 0.5843934913058028 index 4
Connecting at 2023-05-28T12:41:25.246759088Z
Received at 2023-05-28T12:41:26.546581076Z
throughput: 0.5849327751384853 index 5
Connecting at 2023-05-28T12:41:29.857339226Z
Received at 2023-05-28T12:41:31.156139353Z
throughput: 0.5852407304138739 index 6
Connecting at 2023-05-28T12:41:34.469332457Z
Received at 2023-05-28T12:41:35.768564829Z
throughput: 0.585405504172807 index 7
Connecting at 2023-05-28T12:41:39.082078803Z
Received at 2023-05-28T12:41:40.383648576Z
throughput: 0.5855082416465376 index 8
Connecting at 2023-05-28T12:41:43.689921091Z
Received at 2023-05-28T12:41:44.990540331Z
throughput: 0.5857171582385774 index 9
throughput: 0.5857171582385774
Duration  55.337628231