Connecting at 2023-05-28T12:38:14.254865183Z
Received at 2023-05-28T12:38:15.132004462Z
throughput: 0.8728509318992974 index 0
Connecting at 2023-05-28T12:38:17.360755843Z
Received at 2023-05-28T12:38:18.226539326Z
throughput: 0.8750828047103957 index 1
Connecting at 2023-05-28T12:38:20.435105088Z
Received at 2023-05-28T12:38:21.302144715Z
throughput: 0.876817899243686 index 2
Connecting at 2023-05-28T12:38:23.515934428Z
Received at 2023-05-28T12:38:24.382747504Z
throughput: 0.877105079600575 index 3
Connecting at 2023-05-28T12:38:26.588178968Z
Received at 2023-05-28T12:38:27.458409031Z
throughput: 0.8776550601465789 index 4
Connecting at 2023-05-28T12:38:29.688704543Z
Received at 2023-05-28T12:38:30.554015401Z
throughput: 0.8782851891548173 index 5
Connecting at 2023-05-28T12:38:32.768234215Z
Received at 2023-05-28T12:38:33.634578303Z
throughput: 0.8782301304196836 index 6
Connecting at 2023-05-28T12:38:35.850301200Z
Received at 2023-05-28T12:38:36.716158354Z
throughput: 0.8781299432541454 index 7
Connecting at 2023-05-28T12:38:38.935934137Z
Received at 2023-05-28T12:38:39.803664773Z
throughput: 0.8783157884875051 index 8
Connecting at 2023-05-28T12:38:42.007886482Z
Received at 2023-05-28T12:38:42.878465148Z
throughput: 0.8781054418477305 index 9
throughput: 0.8781054418477305
Duration  38.151850240