Connecting at 2023-05-28T12:50:08.813648450Z
Received at 2023-05-28T12:50:14.121173956Z
throughput: 0.1499577494041054 index 0
Connecting at 2023-05-28T12:50:28.048681899Z
Received at 2023-05-28T12:50:32.427643644Z
throughput: 0.16119060539242214 index 1
Connecting at 2023-05-28T12:50:46.276581126Z
Received at 2023-05-28T12:50:50.659052399Z
throughput: 0.165355735581407 index 2
Connecting at 2023-05-28T12:51:04.518432358Z
Received at 2023-05-28T12:51:08.908799988Z
throughput: 0.16741190074282336 index 3
Connecting at 2023-05-28T12:51:22.753206137Z
Received at 2023-05-28T12:51:27.130114361Z
throughput: 0.16875503839261502 index 4
Connecting at 2023-05-28T12:51:40.986800063Z
Received at 2023-05-28T12:51:45.364495207Z
throughput: 0.1696710987962571 index 5
Connecting at 2023-05-28T12:51:59.198076524Z
Received at 2023-05-28T12:52:03.573518226Z
throughput: 0.1703128332885289 index 6
Connecting at 2023-05-28T12:52:17.425765472Z
Received at 2023-05-28T12:52:21.813339611Z
throughput: 0.1707498614631671 index 7
Connecting at 2023-05-28T12:52:35.659082033Z
Received at 2023-05-28T12:52:40.049593221Z
throughput: 0.17109905745711668 index 8
Connecting at 2023-05-28T12:52:53.895197576Z
Received at 2023-05-28T12:52:58.576588837Z
throughput: 0.17053021048407455 index 9
throughput: 0.17053021048407455
Duration  215.420684804