Connecting at 2023-05-28T12:43:00.366222387Z
Received at 2023-05-28T12:43:02.167080881Z
throughput: 0.4253266721505452 index 0
Connecting at 2023-05-28T12:43:06.724350884Z
Received at 2023-05-28T12:43:08.506805306Z
throughput: 0.42670417111861353 index 1
Connecting at 2023-05-28T12:43:13.040513716Z
Received at 2023-05-28T12:43:14.827115684Z
throughput: 0.4268658555551398 index 2
Connecting at 2023-05-28T12:43:19.366808331Z
Received at 2023-05-28T12:43:21.147812476Z
throughput: 0.4270451539396357 index 3
Connecting at 2023-05-28T12:43:25.671956521Z
Received at 2023-05-28T12:43:27.458267222Z
throughput: 0.42708964714195025 index 4
Connecting at 2023-05-28T12:43:31.979481548Z
Received at 2023-05-28T12:43:33.762074369Z
throughput: 0.42724872754647714 index 5
Connecting at 2023-05-28T12:43:38.280170740Z
Received at 2023-05-28T12:43:40.083125504Z
throughput: 0.42674342520977027 index 6
Connecting at 2023-05-28T12:43:44.609087225Z
Received at 2023-05-28T12:43:46.389519123Z
throughput: 0.42695633661643184 index 7
Connecting at 2023-05-28T12:43:50.929788346Z
Received at 2023-05-28T12:43:52.712920903Z
throughput: 0.4269953480754584 index 8
Connecting at 2023-05-28T12:43:57.233520404Z
Received at 2023-05-28T12:43:59.030226702Z
throughput: 0.42674394032139623 index 9
throughput: 0.42674394032139623
Duration  76.519308582