Connecting at 2023-05-28T12:30:27.257048128Z
Received at 2023-05-28T12:30:27.288227512Z
throughput: 15.558390640072192 index 0
Connecting at 2023-05-28T12:30:27.577366562Z
Received at 2023-05-28T12:30:27.607615459Z
throughput: 16.38981536872987 index 1
Connecting at 2023-05-28T12:30:27.895454598Z
Received at 2023-05-28T12:30:27.925584471Z
throughput: 16.74209912438822 index 2
Connecting at 2023-05-28T12:30:28.211287038Z
Received at 2023-05-28T12:30:28.241513770Z
throughput: 16.920831658876033 index 3
Connecting at 2023-05-28T12:30:28.527690750Z
Received at 2023-05-28T12:30:28.557847446Z
throughput: 17.031655034046278 index 4
Connecting at 2023-05-28T12:30:28.858890193Z
Received at 2023-05-28T12:30:28.889052813Z
throughput: 17.10985955656947 index 5
Connecting at 2023-05-28T12:30:29.175523335Z
Received at 2023-05-28T12:30:29.205652489Z
throughput: 17.169866393911075 index 6
Connecting at 2023-05-28T12:30:29.492409166Z
Received at 2023-05-28T12:30:29.522595724Z
throughput: 17.208779058636765 index 7
Connecting at 2023-05-28T12:30:29.808795810Z
Received at 2023-05-28T12:30:29.839026294Z
throughput: 17.23748271463539 index 8
Connecting at 2023-05-28T12:30:30.124185883Z
Received at 2023-05-28T12:30:30.154438752Z
throughput: 17.244530897026006 index 9
throughput: 17.244530897026006
Duration  5.068447071