Connecting at 2023-05-28T12:36:45.018950576Z
Received at 2023-05-28T12:36:45.465272635Z
throughput: 1.717767383376478 index 0
Connecting at 2023-05-28T12:36:46.598130976Z
Received at 2023-05-28T12:36:47.038945543Z
throughput: 1.7249334822525906 index 1
Connecting at 2023-05-28T12:36:48.175006524Z
Received at 2023-05-28T12:36:48.616051887Z
throughput: 1.7261130408415608 index 2
Connecting at 2023-05-28T12:36:49.755805896Z
Received at 2023-05-28T12:36:50.196999240Z
throughput: 1.727549841972378 index 3
Connecting at 2023-05-28T12:36:51.328124256Z
Received at 2023-05-28T12:36:51.769070735Z
throughput: 1.7277220606610126 index 4
Connecting at 2023-05-28T12:36:52.902054171Z
Received at 2023-05-28T12:36:53.342978771Z
throughput: 1.7285004077820545 index 5
Connecting at 2023-05-28T12:36:54.476691522Z
Received at 2023-05-28T12:36:54.917714690Z
throughput: 1.7282137059691267 index 6
Connecting at 2023-05-28T12:36:56.046740746Z
Received at 2023-05-28T12:36:56.487981120Z
throughput: 1.7288979896158063 index 7
Connecting at 2023-05-28T12:36:57.623270310Z
Received at 2023-05-28T12:36:58.064722594Z
throughput: 1.7287187044290542 index 8
Connecting at 2023-05-28T12:36:59.208153376Z
Received at 2023-05-28T12:36:59.649012599Z
throughput: 1.7291315436821857 index 9
throughput: 1.7291315436821857
Duration  19.262771038