Connecting at 2023-05-28T12:32:14.456552724Z
Received at 2023-05-28T12:32:14.519266927Z
throughput: 8.386588168201413 index 0
Connecting at 2023-05-28T12:32:15.098264467Z
Received at 2023-05-28T12:32:15.159642071Z
throughput: 8.469767166100603 index 1
Connecting at 2023-05-28T12:32:15.735270273Z
Received at 2023-05-28T12:32:15.796265266Z
throughput: 8.506704701088575 index 2
Connecting at 2023-05-28T12:32:16.371639152Z
Received at 2023-05-28T12:32:16.432555330Z
throughput: 8.522460945822717 index 3
Connecting at 2023-05-28T12:32:17.009918611Z
Received at 2023-05-28T12:32:17.070579864Z
throughput: 8.537245440684073 index 4
Connecting at 2023-05-28T12:32:17.651752269Z
Received at 2023-05-28T12:32:17.712452233Z
throughput: 8.533127021284463 index 5
Connecting at 2023-05-28T12:32:18.288834247Z
Received at 2023-05-28T12:32:18.349517384Z
throughput: 8.53524262646486 index 6
Connecting at 2023-05-28T12:32:18.927323239Z
Received at 2023-05-28T12:32:18.987937424Z
throughput: 8.544534648622033 index 7
Connecting at 2023-05-28T12:32:19.563721925Z
Received at 2023-05-28T12:32:19.624777124Z
throughput: 8.54978540038645 index 8
Connecting at 2023-05-28T12:32:20.200907056Z
Received at 2023-05-28T12:32:20.261507847Z
throughput: 8.557877783235801 index 9
throughput: 8.557877783235801
Duration  7.899085321