Exp 1
Duration  .218888312
Exp 2
Duration  .011711872
Exp 3
Connecting at 2023-05-25T14:41:45.604874929Z
Received at 2023-05-25T14:41:45.914201568Z
Duration  1.003809714
Exp 4
Connecting at 2023-05-25T14:41:46.568280536Z
Received at 2023-05-25T14:41:46.689120585Z
Duration  .771276020
Exp 5
Connecting at 2023-05-25T14:41:47.400274424Z
Received at 2023-05-25T14:41:47.519527024Z
Duration  .824854440
Exp 6
Connecting at 2023-05-25T14:41:48.214912544Z
Received at 2023-05-25T14:41:48.330930752Z
Duration  .807026705
Exp 7
Connecting at 2023-05-25T14:41:48.985298500Z
Received at 2023-05-25T14:41:49.111619020Z
Duration  .777031180
Exp 8
Connecting at 2023-05-25T14:41:49.746356186Z
Received at 2023-05-25T14:41:49.862905413Z
Duration  .746914255
Exp 9
Connecting at 2023-05-25T14:41:50.615982389Z
Received at 2023-05-25T14:41:50.737172654Z
Duration  .869493188
Exp 10
Connecting at 2023-05-25T14:41:51.370344631Z
Received at 2023-05-25T14:41:51.490991270Z
Duration  .750138042
Exp 11
Connecting at 2023-05-25T14:41:52.138682426Z
Received at 2023-05-25T14:41:52.259183845Z
Duration  .763309736
Exp 12
Connecting at 2023-05-25T14:41:52.920485633Z
Received at 2023-05-25T14:41:53.045064229Z
Duration  .781492422
Exp 13
Connecting at 2023-05-25T14:41:53.749147977Z
Received at 2023-05-25T14:41:53.861463896Z
Duration  .811951258
Exp 14
Connecting at 2023-05-25T14:41:54.538703692Z
Received at 2023-05-25T14:41:54.654044264Z
Duration  .788704768
Exp 15
Connecting at 2023-05-25T14:41:55.509102105Z
Received at 2023-05-25T14:41:55.632301956Z
Duration  .973441113
Exp 16
Connecting at 2023-05-25T14:41:56.328844417Z
Received at 2023-05-25T14:41:56.450098232Z
Duration  .813836395
Exp 17
Connecting at 2023-05-25T14:41:57.116412146Z
Received at 2023-05-25T14:41:57.231321879Z
Duration  .776825611
Exp 18
Connecting at 2023-05-25T14:41:57.960376009Z
Received at 2023-05-25T14:41:58.074811336Z
Duration  .839146421
Exp 19
Connecting at 2023-05-25T14:41:58.747129558Z
Received at 2023-05-25T14:41:58.871368613Z
Duration  .792955541
Exp 20
Connecting at 2023-05-25T14:41:59.510950237Z
Received at 2023-05-25T14:41:59.620221641Z
Duration  .744194237
Exp 21
Connecting at 2023-05-25T14:42:00.378868560Z
Received at 2023-05-25T14:42:00.498625074Z
Duration  .874561221
Exp 22
Connecting at 2023-05-25T14:42:01.196587839Z
Received at 2023-05-25T14:42:01.318583439Z
Duration  .814684928
Exp 23
Connecting at 2023-05-25T14:42:01.974159624Z
Received at 2023-05-25T14:42:02.098931654Z
Duration  .775742277
Exp 24
Connecting at 2023-05-25T14:42:02.752256988Z
Received at 2023-05-25T14:42:02.866970005Z
Duration  .764267747
Exp 25
Connecting at 2023-05-25T14:42:03.552334240Z
Received at 2023-05-25T14:42:03.663995016Z
Duration  .792579796
Exp 26
Connecting at 2023-05-25T14:42:04.355718966Z
Received at 2023-05-25T14:42:04.465953620Z
Duration  .797782556
Exp 27
Connecting at 2023-05-25T14:42:05.128780455Z
Received at 2023-05-25T14:42:05.242734902Z
Duration  .772417170
Exp 28
Connecting at 2023-05-25T14:42:05.916750827Z
Received at 2023-05-25T14:42:06.038045482Z
Duration  .791282311
Exp 29
Connecting at 2023-05-25T14:42:06.683047576Z
Received at 2023-05-25T14:42:06.795499782Z
Duration  .753104734
Exp 30
Connecting at 2023-05-25T14:42:07.487363812Z
Received at 2023-05-25T14:42:07.612197868Z
Duration  .811872347
Exp 31
Connecting at 2023-05-25T14:42:08.322084283Z
Received at 2023-05-25T14:42:08.443225384Z
Duration  .827697003
Exp 32
Connecting at 2023-05-25T14:42:09.155778049Z
Received at 2023-05-25T14:42:09.272820195Z
Duration  .824680860
Exp 33
Connecting at 2023-05-25T14:42:09.933651367Z
Received at 2023-05-25T14:42:10.055423553Z
Duration  .779033726
Exp 34
Connecting at 2023-05-25T14:42:10.723507731Z
Received at 2023-05-25T14:42:10.838278410Z
Duration  .778534499
Exp 35
Connecting at 2023-05-25T14:42:11.463524888Z
Received at 2023-05-25T14:42:11.578155736Z
Duration  .735931479
Exp 36
Connecting at 2023-05-25T14:42:12.345200665Z
Received at 2023-05-25T14:42:12.467853430Z
Duration  .885642511
Exp 37
Connecting at 2023-05-25T14:42:13.205628823Z
Received at 2023-05-25T14:42:13.320997930Z
Duration  .848102108
Exp 38
Connecting at 2023-05-25T14:42:14.039904820Z
Received at 2023-05-25T14:42:14.156897946Z
Duration  .831936258
Exp 39
Connecting at 2023-05-25T14:42:14.848055744Z
Received at 2023-05-25T14:42:14.966544381Z
Duration  .805762885
Exp 40
Connecting at 2023-05-25T14:42:15.707287296Z
Received at 2023-05-25T14:42:15.818661317Z
Duration  .847493666
Exp 41
Connecting at 2023-05-25T14:42:16.531846112Z
Received at 2023-05-25T14:42:16.646397323Z
Duration  .823726015
Exp 42
Connecting at 2023-05-25T14:42:17.333140909Z
Received at 2023-05-25T14:42:17.449398344Z
Duration  .798728101
Exp 43
Connecting at 2023-05-25T14:42:18.174291378Z
Received at 2023-05-25T14:42:18.295396464Z
Duration  .841703019
Exp 44
Connecting at 2023-05-25T14:42:19.053168735Z
Received at 2023-05-25T14:42:19.174563821Z
Duration  .874657863
Exp 45
Connecting at 2023-05-25T14:42:19.874288332Z
Received at 2023-05-25T14:42:19.989843689Z
Duration  .810957490
Exp 46
Connecting at 2023-05-25T14:42:20.653178081Z
Received at 2023-05-25T14:42:20.773268897Z
Duration  .778501445
Exp 47
Connecting at 2023-05-25T14:42:21.552418280Z
Received at 2023-05-25T14:42:21.668939642Z
Duration  .891576401
Exp 48
Connecting at 2023-05-25T14:42:22.371554449Z
Received at 2023-05-25T14:42:22.495437341Z
Duration  .821908873
Exp 49
Connecting at 2023-05-25T14:42:23.186514501Z
Received at 2023-05-25T14:42:23.301743696Z
Duration  .801654809
Exp 50
Connecting at 2023-05-25T14:42:24.000794343Z
Received at 2023-05-25T14:42:24.118494722Z
Duration  .812103784