Connecting to "/run/containerd/io.containerd.runtime.v2.task/k8s.io/18855" at 2023-05-28T11:18:30.659901941Z
response string "14718"
throughput: 67.94401413235494 index 0
Connecting to "/run/containerd/io.containerd.runtime.v2.task/k8s.io/1109" at 2023-05-28T11:18:31.014799320Z
response string "8506"
throughput: 86.11780916293489 index 1
Connecting to "/run/containerd/io.containerd.runtime.v2.task/k8s.io/12829" at 2023-05-28T11:18:31.352227067Z
response string "10802"
throughput: 88.1678716275789 index 2
Connecting to "/run/containerd/io.containerd.runtime.v2.task/k8s.io/7849" at 2023-05-28T11:18:31.702162638Z
response string "10813"
throughput: 89.20805548741052 index 3
Connecting to "/run/containerd/io.containerd.runtime.v2.task/k8s.io/10663" at 2023-05-28T11:18:32.048667796Z
response string "11432"
throughput: 88.85571608821596 index 4
Connecting to "/run/containerd/io.containerd.runtime.v2.task/k8s.io/13938" at 2023-05-28T11:18:32.399503837Z
response string "11833"
throughput: 88.10055209679314 index 5
Connecting to "/run/containerd/io.containerd.runtime.v2.task/k8s.io/22591" at 2023-05-28T11:18:32.756697415Z
response string "11169"
throughput: 88.30244850075057 index 6
Connecting to "/run/containerd/io.containerd.runtime.v2.task/k8s.io/22691" at 2023-05-28T11:18:33.112634342Z
response string "10994"
throughput: 88.62596519215217 index 7
Connecting to "/run/containerd/io.containerd.runtime.v2.task/k8s.io/24116" at 2023-05-28T11:18:33.467815392Z
response string "11074"
throughput: 88.80907036638675 index 8
Connecting to "/run/containerd/io.containerd.runtime.v2.task/k8s.io/9647" at 2023-05-28T11:18:33.820994613Z
response string "11045"
throughput: 88.97905433061058 index 9
Result  10 sent, Duration 112 ms
throughput: 88.97905433061058