Connecting to "/run/containerd/io.containerd.runtime.v2.task/k8s.io/22933" at 2023-05-28T11:22:03.219588540Z
response string "32987"
throughput: 30.314972564949827 index 0
Connecting to "/run/containerd/io.containerd.runtime.v2.task/k8s.io/26649" at 2023-05-28T11:22:04.286004100Z
response string "34336"
throughput: 29.70752937331967 index 1
Connecting to "/run/containerd/io.containerd.runtime.v2.task/k8s.io/13607" at 2023-05-28T11:22:05.367528283Z
response string "34216"
throughput: 29.54529786584465 index 2
Connecting to "/run/containerd/io.containerd.runtime.v2.task/k8s.io/27419" at 2023-05-28T11:22:06.436278201Z
response string "33101"
throughput: 29.708853238265 index 3
Connecting to "/run/containerd/io.containerd.runtime.v2.task/k8s.io/6776" at 2023-05-28T11:22:07.515156530Z
response string "32708"
throughput: 29.877859311136078 index 4
Connecting to "/run/containerd/io.containerd.runtime.v2.task/k8s.io/29178" at 2023-05-28T11:22:08.586316204Z
response string "35289"
throughput: 29.609597457522565 index 5
Connecting to "/run/containerd/io.containerd.runtime.v2.task/k8s.io/25138" at 2023-05-28T11:22:09.660140245Z
response string "34360"
throughput: 29.53623885534416 index 6
Connecting to "/run/containerd/io.containerd.runtime.v2.task/k8s.io/30004" at 2023-05-28T11:22:10.739023472Z
response string "33575"
throughput: 29.566991410788997 index 7
Connecting to "/run/containerd/io.containerd.runtime.v2.task/k8s.io/6052" at 2023-05-28T11:22:11.804951776Z
response string "33451"
throughput: 29.603023455462253 index 8
Connecting to "/run/containerd/io.containerd.runtime.v2.task/k8s.io/22425" at 2023-05-28T11:22:12.891073195Z
response string "33625"
throughput: 29.616642183575795 index 9
Result  10 sent, Duration 337 ms
throughput: 29.616642183575795