Connecting to "/run/containerd/io.containerd.runtime.v2.task/k8s.io/26535" at 2023-05-28T11:19:19.080226364Z
response string "18717"
throughput: 53.42736549660736 index 0
Connecting to "/run/containerd/io.containerd.runtime.v2.task/k8s.io/28952" at 2023-05-28T11:19:19.530224314Z
response string "10752"
throughput: 67.86792901014626 index 1
Connecting to "/run/containerd/io.containerd.runtime.v2.task/k8s.io/24442" at 2023-05-28T11:19:19.984328114Z
response string "14055"
throughput: 68.92748828232699 index 2
Connecting to "/run/containerd/io.containerd.runtime.v2.task/k8s.io/1089" at 2023-05-28T11:19:20.447139329Z
response string "14126"
throughput: 69.38421509106678 index 3
Connecting to "/run/containerd/io.containerd.runtime.v2.task/k8s.io/3736" at 2023-05-28T11:19:20.900348090Z
response string "14274"
throughput: 69.51782437016851 index 4
Connecting to "/run/containerd/io.containerd.runtime.v2.task/k8s.io/1548" at 2023-05-28T11:19:21.356748293Z
response string "13673"
throughput: 70.09591457644544 index 5
Connecting to "/run/containerd/io.containerd.runtime.v2.task/k8s.io/5900" at 2023-05-28T11:19:21.814197583Z
response string "13709"
throughput: 70.48919501339294 index 6
Connecting to "/run/containerd/io.containerd.runtime.v2.task/k8s.io/20647" at 2023-05-28T11:19:22.267260741Z
response string "13812"
throughput: 70.72260824979226 index 7
Connecting to "/run/containerd/io.containerd.runtime.v2.task/k8s.io/3533" at 2023-05-28T11:19:22.725808520Z
response string "13919"
throughput: 70.8455017042279 index 8
Connecting to "/run/containerd/io.containerd.runtime.v2.task/k8s.io/16081" at 2023-05-28T11:19:23.178277892Z
response string "13820"
throughput: 70.99398680931725 index 9
Result  10 sent, Duration 140 ms
throughput: 70.99398680931725