Connecting to "/run/containerd/io.containerd.runtime.v2.task/k8s.io/6926" at 2023-05-28T11:14:57.930606733Z
response string "3994"
throughput: 250.37556334501753 index 0
Connecting to "/run/containerd/io.containerd.runtime.v2.task/k8s.io/14122" at 2023-05-28T11:14:58.067958383Z
response string "3939"
throughput: 252.111433253498 index 1
Connecting to "/run/containerd/io.containerd.runtime.v2.task/k8s.io/3246" at 2023-05-28T11:14:58.208277350Z
response string "3957"
throughput: 252.3128679562658 index 2
Connecting to "/run/containerd/io.containerd.runtime.v2.task/k8s.io/12788" at 2023-05-28T11:14:58.345123854Z
response string "4067"
throughput: 250.67368552986153 index 3
Connecting to "/run/containerd/io.containerd.runtime.v2.task/k8s.io/22728" at 2023-05-28T11:14:58.487014724Z
response string "3976"
throughput: 250.84031505543572 index 4
Connecting to "/run/containerd/io.containerd.runtime.v2.task/k8s.io/9685" at 2023-05-28T11:14:58.632849175Z
response string "5486"
throughput: 236.0439041661749 index 5
Connecting to "/run/containerd/io.containerd.runtime.v2.task/k8s.io/15298" at 2023-05-28T11:14:58.776668284Z
response string "4121"
throughput: 236.96682464454977 index 6
Connecting to "/run/containerd/io.containerd.runtime.v2.task/k8s.io/4895" at 2023-05-28T11:14:58.917878027Z
response string "3961"
throughput: 238.79884182561713 index 7
Connecting to "/run/containerd/io.containerd.runtime.v2.task/k8s.io/26916" at 2023-05-28T11:14:59.058420141Z
response string "3968"
throughput: 240.19856414636098 index 8
Connecting to "/run/containerd/io.containerd.runtime.v2.task/k8s.io/11315" at 2023-05-28T11:14:59.199595058Z
response string "4045"
throughput: 240.8825938237703 index 9
Result  10 sent, Duration 41 ms
throughput: 240.8825938237703