Connecting to "/run/containerd/io.containerd.runtime.v2.task/k8s.io/19529" at 2023-05-28T11:23:57.314591576Z
response string "59917"
throughput: 16.689754159921225 index 0
Connecting to "/run/containerd/io.containerd.runtime.v2.task/k8s.io/8293" at 2023-05-28T11:23:59.563723286Z
response string "64022"
throughput: 16.13697060650804 index 1
Connecting to "/run/containerd/io.containerd.runtime.v2.task/k8s.io/29241" at 2023-05-28T11:24:01.813763512Z
response string "62967"
throughput: 16.05084908991686 index 2
Connecting to "/run/containerd/io.containerd.runtime.v2.task/k8s.io/25673" at 2023-05-28T11:24:04.064034347Z
response string "59526"
throughput: 16.231658226204388 index 3
Connecting to "/run/containerd/io.containerd.runtime.v2.task/k8s.io/14005" at 2023-05-28T11:24:06.306346853Z
response string "60456"
throughput: 16.292588827194287 index 4
Connecting to "/run/containerd/io.containerd.runtime.v2.task/k8s.io/15719" at 2023-05-28T11:24:08.555568770Z
response string "64758"
throughput: 16.144395473111512 index 5
Connecting to "/run/containerd/io.containerd.runtime.v2.task/k8s.io/1758" at 2023-05-28T11:24:10.814453849Z
response string "59667"
throughput: 16.229513137790885 index 6
Connecting to "/run/containerd/io.containerd.runtime.v2.task/k8s.io/30779" at 2023-05-28T11:24:13.070498239Z
response string "60951"
throughput: 16.251442315505503 index 7
Connecting to "/run/containerd/io.containerd.runtime.v2.task/k8s.io/212" at 2023-05-28T11:24:15.312588965Z
response string "60064"
throughput: 16.2946654886227 index 8
Connecting to "/run/containerd/io.containerd.runtime.v2.task/k8s.io/5907" at 2023-05-28T11:24:17.574641721Z
response string "59754"
throughput: 16.337680245457307 index 9
Result  10 sent, Duration 612 ms
throughput: 16.337680245457307