Connecting to "/run/containerd/io.containerd.runtime.v2.task/k8s.io/13045" at 2023-05-28T08:06:04.196165378Z
                                                                                                            response string "Received from client at : 2023-05-28T08:06:04.218310Z" 
                      throughput: 1.4516801019660102 index 0
                                                            Connecting to "/run/containerd/io.containerd.runtime.v2.task/k8s.io/17749" at 2023-05-28T08:06:04.742693344Z
          response string "Received from client at : 2023-05-28T08:06:04.760776Z" 
                                                                                  throughput: 1.6467668614517401 index 1
                                                                                                                        Connecting to "/run/containerd/io.containerd.runtime.v2.task/k8s.io/16618" at 2023-05-28T08:06:05.287096671Z
                                                                      response string "Received from client at : 2023-05-28T08:06:05.305414Z" 
                                                                                                                                              throughput: 1.7216257426663046 index 2
                      Connecting to "/run/containerd/io.containerd.runtime.v2.task/k8s.io/10048" at 2023-05-28T08:06:05.831122606Z
                                                                                                                                  response string "Received from client at : 2023-05-28T08:06:05.849608Z" 
                                            throughput: 1.7623326940471487 index 3
                                                                                  Connecting to "/run/containerd/io.containerd.runtime.v2.task/k8s.io/31958" at 2023-05-28T08:06:06.371734209Z
                                response string "Received from client at : 2023-05-28T08:06:06.390458Z" 
                                                                                                        throughput: 1.7896624088211743 index 4
                                                                                                                                              Connecting to "/run/containerd/io.containerd.runtime.v2.task/k8s.io/7968" at 2023-05-28T08:06:06.919396399Z
                                                                                           response string "Received from client at : 2023-05-28T08:06:06.938190Z" 
     throughput: 1.8045639226166899 index 5
                                           Connecting to "/run/containerd/io.containerd.runtime.v2.task/k8s.io/7243" at 2023-05-28T08:06:07.467527514Z
                                                                                                                                                      response string "Received from client at : 2023-05-28T08:06:07.485693Z" 
                                                                throughput: 1.8154878228747835 index 6
                                                                                                      Connecting to "/run/containerd/io.containerd.runtime.v2.task/k8s.io/6249" at 2023-05-28T08:06:08.014456641Z
                                                   response string "Received from client at : 2023-05-28T08:06:08.032668Z" 
                                                                                                                           throughput: 1.8242516007807796 index 7
   Connecting to "/run/containerd/io.containerd.runtime.v2.task/k8s.io/15445" at 2023-05-28T08:06:08.557138688Z
                                                                                                               response string "Received from client at : 2023-05-28T08:06:08.575790Z" 
                         throughput: 1.8323680486318623 index 8
                                                               Connecting to "/run/containerd/io.containerd.runtime.v2.task/k8s.io/25717" at 2023-05-28T08:06:09.102268630Z
             response string "Received from client at : 2023-05-28T08:06:09.121085Z" 
                                                                                     throughput: 1.8384792981715588 index 9
                                                                                                                           Result  10 sent, Duration 5439 ms
                                                                                                                                                            throughput: 1.8384792981715588