Exp 0
Connecting at 2023-05-28T21:26:54.155246447Z
Received at 2023-05-28T21:26:54.281058461Z
Result  1 sent, Duration 125 ms
throughput: 7.948367405334944
Exp 1
Connecting at 2023-05-28T21:27:02.692140414Z
Received at 2023-05-28T21:27:02.812152268Z
Result  1 sent, Duration 120 ms
throughput: 8.332569514461174
Exp 2
Connecting at 2023-05-28T21:27:10.947551504Z
Received at 2023-05-28T21:27:11.070116400Z
Result  1 sent, Duration 122 ms
throughput: 8.159002643516857
Exp 3
Connecting at 2023-05-28T21:27:19.564435743Z
Received at 2023-05-28T21:27:19.685712761Z
Result  1 sent, Duration 121 ms
throughput: 8.24558654979922
Exp 4
Connecting at 2023-05-28T21:27:28.267544868Z
Received at 2023-05-28T21:27:28.392082011Z
Result  1 sent, Duration 124 ms
throughput: 8.029742164979083
Exp 5
Connecting at 2023-05-28T21:27:37.011427075Z
Received at 2023-05-28T21:27:37.128089359Z
Result  1 sent, Duration 116 ms
throughput: 8.571771442286263
Exp 6
Connecting at 2023-05-28T21:27:45.473228739Z
Received at 2023-05-28T21:27:45.596079415Z
Result  1 sent, Duration 122 ms
throughput: 8.14000814000814
Exp 7
Connecting at 2023-05-28T21:27:53.937942132Z
Received at 2023-05-28T21:27:54.065217143Z
Result  1 sent, Duration 127 ms
throughput: 7.85700255352583
Exp 8
Connecting at 2023-05-28T21:28:02.518982789Z
Received at 2023-05-28T21:28:02.644618096Z
Result  1 sent, Duration 125 ms
throughput: 7.959565407728738
Exp 9
Connecting at 2023-05-28T21:28:11.495019650Z
Received at 2023-05-28T21:28:11.614187468Z
Result  1 sent, Duration 119 ms
throughput: 8.391584918643584
Exp 10
Connecting at 2023-05-28T21:28:20.422561091Z
Received at 2023-05-28T21:28:20.549137952Z
Result  1 sent, Duration 126 ms
throughput: 7.900391859436229
Exp 11
Connecting at 2023-05-28T21:28:28.840318952Z
Received at 2023-05-28T21:28:28.968774311Z
Result  1 sent, Duration 128 ms
throughput: 7.784827371453037
Exp 12
Connecting at 2023-05-28T21:28:37.386805306Z
Received at 2023-05-28T21:28:37.513160259Z
Result  1 sent, Duration 126 ms
throughput: 7.9142725992054075
Exp 13
Connecting at 2023-05-28T21:28:45.773251623Z
Received at 2023-05-28T21:28:45.894174826Z
Result  1 sent, Duration 120 ms
throughput: 8.269725362420713
Exp 14
Connecting at 2023-05-28T21:28:54.227647430Z
Received at 2023-05-28T21:28:54.348403396Z
Result  1 sent, Duration 120 ms
throughput: 8.281230590865803
Exp 15
Connecting at 2023-05-28T21:29:02.659704731Z
Received at 2023-05-28T21:29:02.787794501Z
Result  1 sent, Duration 128 ms
throughput: 7.807071645496491
Exp 16
Connecting at 2023-05-28T21:29:11.071904607Z
Received at 2023-05-28T21:29:11.193632726Z
Result  1 sent, Duration 121 ms
throughput: 8.215036803364878
Exp 17
Connecting at 2023-05-28T21:29:19.377407457Z
Received at 2023-05-28T21:29:19.504832159Z
Result  1 sent, Duration 127 ms
throughput: 7.847815168257156
Exp 18
Connecting at 2023-05-28T21:29:27.847705038Z
Received at 2023-05-28T21:29:27.969729495Z
Result  1 sent, Duration 122 ms
throughput: 8.195109158853997
Exp 19
Connecting at 2023-05-28T21:29:36.391732524Z
Received at 2023-05-28T21:29:36.520164643Z
Result  1 sent, Duration 128 ms
throughput: 7.786221502429302
Exp 20
Connecting at 2023-05-28T21:29:44.826567215Z
Received at 2023-05-28T21:29:44.947759355Z
Result  1 sent, Duration 121 ms
throughput: 8.251369727374744
Exp 21
Connecting at 2023-05-28T21:29:53.246387377Z
Received at 2023-05-28T21:29:53.370634867Z
Result  1 sent, Duration 124 ms
throughput: 8.048484068025788
Exp 22
Connecting at 2023-05-28T21:30:01.776993850Z
Received at 2023-05-28T21:30:01.901177681Z
Result  1 sent, Duration 124 ms
throughput: 8.052632002770105
Exp 23
Connecting at 2023-05-28T21:30:10.336836700Z
Received at 2023-05-28T21:30:10.457772225Z
Result  1 sent, Duration 120 ms
throughput: 8.268904783561418
Exp 24
Connecting at 2023-05-28T21:30:19.497621122Z
Received at 2023-05-28T21:30:19.624785001Z
Result  1 sent, Duration 127 ms
throughput: 7.863922681912191
Exp 25
Connecting at 2023-05-28T21:30:28.354760919Z
Received at 2023-05-28T21:30:28.476181363Z
Result  1 sent, Duration 121 ms
throughput: 8.23587547356284
Exp 26
Connecting at 2023-05-28T21:30:36.760261278Z
Received at 2023-05-28T21:30:36.875133794Z
Result  1 sent, Duration 114 ms
throughput: 8.70534159760429
Exp 27