Exp 0
Connecting at 2023-05-29T08:48:28.180153634Z
Received at 2023-05-29T08:48:28.242348033Z
Result  1 sent, Duration 62 ms
throughput: 16.078721420072675
Exp 1
Connecting at 2023-05-29T08:48:31.136840559Z
Received at 2023-05-29T08:48:31.201777987Z
Result  1 sent, Duration 64 ms
throughput: 15.39954109367541
Exp 2
Connecting at 2023-05-29T08:48:34.219806431Z
Received at 2023-05-29T08:48:34.281145558Z
Result  1 sent, Duration 61 ms
throughput: 16.302841585288316
Exp 3
Connecting at 2023-05-29T08:48:37.379840417Z
Received at 2023-05-29T08:48:37.442016552Z
Result  1 sent, Duration 62 ms
throughput: 16.083376222336593
Exp 4
Connecting at 2023-05-29T08:48:40.433550218Z
Received at 2023-05-29T08:48:40.492357992Z
Result  1 sent, Duration 58 ms
throughput: 17.004778342714303
Exp 5
Connecting at 2023-05-29T08:48:43.471657495Z
Received at 2023-05-29T08:48:43.532416089Z
Result  1 sent, Duration 60 ms
throughput: 16.458737943974455
Exp 6
Connecting at 2023-05-29T08:48:46.476577867Z
Received at 2023-05-29T08:48:46.540963559Z
Result  1 sent, Duration 64 ms
throughput: 15.531567911780694
Exp 7
Connecting at 2023-05-29T08:48:49.442809495Z
Received at 2023-05-29T08:48:49.507389332Z
Result  1 sent, Duration 64 ms
throughput: 15.484909955248611
Exp 8
Connecting at 2023-05-29T08:48:52.483733429Z
Received at 2023-05-29T08:48:52.552927490Z
Result  1 sent, Duration 69 ms
throughput: 14.452120126022486
Exp 9
Connecting at 2023-05-29T08:48:56.231354033Z
Received at 2023-05-29T08:48:56.294652518Z
Result  1 sent, Duration 63 ms
throughput: 15.798287465638726
Exp 10
Connecting at 2023-05-29T08:48:59.691635877Z
Received at 2023-05-29T08:48:59.755063495Z
Result  1 sent, Duration 63 ms
throughput: 15.766156368738866