Exp 0
Connecting at 2023-05-29T08:47:45.563080776Z
Received at 2023-05-29T08:47:45.611036599Z
Result  1 sent, Duration 47 ms
throughput: 20.852882911062455
Exp 1
Connecting at 2023-05-29T08:47:47.897383810Z
Received at 2023-05-29T08:47:47.949954009Z
Result  1 sent, Duration 52 ms
throughput: 19.022256039566294
Exp 2
Connecting at 2023-05-29T08:47:50.254278648Z
Received at 2023-05-29T08:47:50.303838729Z
Result  1 sent, Duration 49 ms
throughput: 20.177562550443906
Exp 3
Connecting at 2023-05-29T08:47:53.201801451Z
Received at 2023-05-29T08:47:53.250523770Z
Result  1 sent, Duration 48 ms
throughput: 20.524609006198432
Exp 4
Connecting at 2023-05-29T08:47:55.656292730Z
Received at 2023-05-29T08:47:55.708323413Z
Result  1 sent, Duration 52 ms
throughput: 19.219680953296177
Exp 5
Connecting at 2023-05-29T08:47:58.101638404Z
Received at 2023-05-29T08:47:58.152470494Z
Result  1 sent, Duration 50 ms
throughput: 19.672647151400692
Exp 6
Connecting at 2023-05-29T08:48:00.519595675Z
Received at 2023-05-29T08:48:00.569306403Z
Result  1 sent, Duration 49 ms
throughput: 20.116676725005032
Exp 7
Connecting at 2023-05-29T08:48:03.066981380Z
Received at 2023-05-29T08:48:03.116770443Z
Result  1 sent, Duration 49 ms
throughput: 20.08475767739862
Exp 8
Connecting at 2023-05-29T08:48:05.492856863Z
Received at 2023-05-29T08:48:05.541699974Z
Result  1 sent, Duration 48 ms
throughput: 20.473762872878407
Exp 9
Connecting at 2023-05-29T08:48:07.968618908Z
Received at 2023-05-29T08:48:08.019887245Z
Result  1 sent, Duration 51 ms
throughput: 19.505344464383242
Exp 10
Connecting at 2023-05-29T08:48:10.497631032Z
Received at 2023-05-29T08:48:10.546766398Z
Result  1 sent, Duration 49 ms
throughput: 20.352091177368475