Exp 0
Connecting at 2023-05-29T08:47:18.021906190Z
Received at 2023-05-29T08:47:18.066606914Z
Result  1 sent, Duration 44 ms
throughput: 22.371364653243848
Exp 1
Connecting at 2023-05-29T08:47:19.823570519Z
Received at 2023-05-29T08:47:19.868667684Z
Result  1 sent, Duration 45 ms
throughput: 22.174424019336097
Exp 2
Connecting at 2023-05-29T08:47:21.876673678Z
Received at 2023-05-29T08:47:21.925430889Z
Result  1 sent, Duration 48 ms
throughput: 20.509875505055685
Exp 3
Connecting at 2023-05-29T08:47:23.667212892Z
Received at 2023-05-29T08:47:23.714065780Z
Result  1 sent, Duration 46 ms
throughput: 21.343806027490825
Exp 4
Connecting at 2023-05-29T08:47:25.509505155Z
Received at 2023-05-29T08:47:25.558817240Z
Result  1 sent, Duration 49 ms
throughput: 20.27903958468527
Exp 5
Connecting at 2023-05-29T08:47:27.408512108Z
Received at 2023-05-29T08:47:27.456862188Z
Result  1 sent, Duration 48 ms
throughput: 20.68252326783868
Exp 6
Connecting at 2023-05-29T08:47:29.252485953Z
Received at 2023-05-29T08:47:29.299040766Z
Result  1 sent, Duration 46 ms
throughput: 21.480431327061048
Exp 7
Connecting at 2023-05-29T08:47:31.174867951Z
Received at 2023-05-29T08:47:31.220697688Z
Result  1 sent, Duration 45 ms
throughput: 21.820244823146915
Exp 8
Connecting at 2023-05-29T08:47:33.029040137Z
Received at 2023-05-29T08:47:33.079737342Z
Result  1 sent, Duration 50 ms
throughput: 19.72503303943034
Exp 9
Connecting at 2023-05-29T08:47:34.858260561Z
Received at 2023-05-29T08:47:34.908071976Z
Result  1 sent, Duration 49 ms
throughput: 20.0758868523017
Exp 10
Connecting at 2023-05-29T08:47:36.717607430Z
Received at 2023-05-29T08:47:36.760195201Z
Result  1 sent, Duration 42 ms
throughput: 23.48134407213469