Connecting at 2023-05-29T15:47:17.582462213Z
Received at 2023-05-29T15:47:45.693208626Z
throughput: 0.03449585396056041 index 0
Connecting at 2023-05-29T15:47:46.656699828Z
Received at 2023-05-29T15:48:15.080353463Z
throughput: 0.03426139985124728 index 1
Connecting at 2023-05-29T15:48:15.965638911Z
Received at 2023-05-29T15:48:44.683691448Z
throughput: 0.034099982398725755 index 2
Connecting at 2023-05-29T15:48:45.521182502Z
Received at 2023-05-29T15:49:14.247448526Z
throughput: 0.034031290716844124 index 3
Connecting at 2023-05-29T15:49:15.076418131Z
Received at 2023-05-29T15:49:44.373731569Z
throughput: 0.03386076440133864 index 4
Connecting at 2023-05-29T15:49:45.277566570Z
Received at 2023-05-29T15:50:15.065352880Z
throughput: 0.03364102366741892 index 5
Connecting at 2023-05-29T15:50:15.889825540Z
Received at 2023-05-29T15:50:44.624203678Z
throughput: 0.03366823576357168 index 6
Connecting at 2023-05-29T15:50:45.550972220Z
Received at 2023-05-29T15:51:15.377994934Z
throughput: 0.03352000175376649 index 7
Connecting at 2023-05-29T15:51:16.376129146Z
Received at 2023-05-29T15:51:45.094996335Z
throughput: 0.03353465340857004 index 8
Connecting at 2023-05-29T15:51:45.920633352Z
Received at 2023-05-29T15:52:15.386125299Z
throughput: 0.03348194652438947 index 9
Result  10 sent, Duration 298668 ms
throughput: 0.03348194652438947