Connecting at 2023-05-29T16:50:54.612823441Z
Received at 2023-05-29T16:50:58.254224606Z
throughput: 0.266297117280446 index 0
Connecting at 2023-05-29T16:50:58.366944723Z
Received at 2023-05-29T16:51:01.458597089Z
throughput: 0.28743557311275914 index 1
Connecting at 2023-05-29T16:51:01.576403483Z
Received at 2023-05-29T16:51:04.502606274Z
throughput: 0.2999820910691631 index 2
Connecting at 2023-05-29T16:51:04.816511748Z
Received at 2023-05-29T16:51:07.963363758Z
throughput: 0.2971794254957064 index 3
Connecting at 2023-05-29T16:51:08.084251734Z
Received at 2023-05-29T16:51:11.599452213Z
throughput: 0.29249122380082987 index 4
Connecting at 2023-05-29T16:51:11.713026582Z
Received at 2023-05-29T16:51:15.618073128Z
throughput: 0.28420346012028624 index 5
Connecting at 2023-05-29T16:51:15.773475647Z
Received at 2023-05-29T16:51:18.875778079Z
throughput: 0.2872630085309316 index 6
Connecting at 2023-05-29T16:51:18.989253905Z
Received at 2023-05-29T16:51:22.010898638Z
throughput: 0.2908924624381472 index 7
Connecting at 2023-05-29T16:51:22.124633396Z
Received at 2023-05-29T16:51:26.135587246Z
throughput: 0.28458655502441516 index 8
Connecting at 2023-05-29T16:51:26.320749065Z
Received at 2023-05-29T16:51:29.261574730Z
throughput: 0.2877754154613673 index 9
Result  10 sent, Duration 34749 ms
throughput: 0.2877754154613673