Downloading file
args: ["main"]
Value of STORAGE_IP: 192.168.0.213:8888
Downloading file file_10M.txt
GET
Status: 200 OK
Connecting at 2023-05-29T17:52:15.332904868Z

Received at 2023-05-29T17:52:15.391229655Z

duration PT0.058324787S
Connecting at 2023-05-29T17:52:15.401116013Z

Received at 2023-05-29T17:52:15.455661282Z

duration PT0.054545269S
Connecting at 2023-05-29T17:52:15.465431664Z

Received at 2023-05-29T17:52:15.519491996Z

duration PT0.054060332S
Connecting at 2023-05-29T17:52:15.529087839Z

Received at 2023-05-29T17:52:15.585406496Z

duration PT0.056318657S
Connecting at 2023-05-29T17:52:15.594923441Z

Received at 2023-05-29T17:52:15.648484367Z

duration PT0.053560926S
Connecting at 2023-05-29T17:52:15.657905644Z

Received at 2023-05-29T17:52:15.714119583Z

duration PT0.056213939S
Connecting at 2023-05-29T17:52:15.723701108Z

Received at 2023-05-29T17:52:15.778145038Z

duration PT0.054443930S
Connecting at 2023-05-29T17:52:15.787547671Z

Received at 2023-05-29T17:52:15.847356997Z

duration PT0.059809326S
Connecting at 2023-05-29T17:52:15.856860846Z

Received at 2023-05-29T17:52:15.912856561Z

duration PT0.055995715S
Connecting at 2023-05-29T17:52:15.922292686Z

Received at 2023-05-29T17:52:15.976625984Z

duration PT0.054333298S
Result  10 sent, Duration 557 ms
throughput: 17.933809894441595
Finished
Duration  3.692943980