Downloading file
args: ["main"]
Value of STORAGE_IP: 192.168.0.213:8888
Downloading file file_2M.txt
GET
Status: 200 OK
Connecting at 2023-05-29T18:20:19.936253333Z

Received at 2023-05-29T18:20:19.969371568Z

duration PT0.033118235S
Connecting at 2023-05-29T18:20:19.973322623Z

Received at 2023-05-29T18:20:19.995777636Z

duration PT0.022455013S
Connecting at 2023-05-29T18:20:19.999433005Z

Received at 2023-05-29T18:20:20.022798881Z

duration PT0.023365876S
Connecting at 2023-05-29T18:20:20.026513934Z

Received at 2023-05-29T18:20:20.049720652Z

duration PT0.023206718S
Connecting at 2023-05-29T18:20:20.053365843Z

Received at 2023-05-29T18:20:20.074804783Z

duration PT0.021438940S
Connecting at 2023-05-29T18:20:20.078391776Z

Received at 2023-05-29T18:20:20.101602827Z

duration PT0.023211051S
Connecting at 2023-05-29T18:20:20.105317381Z

Received at 2023-05-29T18:20:20.130793569Z

duration PT0.025476188S
Connecting at 2023-05-29T18:20:20.134306653Z

Received at 2023-05-29T18:20:20.156596426Z

duration PT0.022289773S
Connecting at 2023-05-29T18:20:20.160108666Z

Received at 2023-05-29T18:20:20.183577766Z

duration PT0.023469100S
Connecting at 2023-05-29T18:20:20.187224612Z

Received at 2023-05-29T18:20:20.208648421Z

duration PT0.021423809S
Result  10 sent, Duration 239 ms
throughput: 41.76167447609979
Finished
Duration  .904281028