Downloading file
args: ["main"]
Value of STORAGE_IP: 192.168.0.213:8888
Downloading file file_100M.txt
GET
Status: 200 OK
Connecting at 2023-05-29T18:22:13.048117327Z

Received at 2023-05-29T18:22:13.411937765Z

duration PT0.363820438S
Connecting at 2023-05-29T18:22:13.480007147Z

Received at 2023-05-29T18:22:13.864946208Z

duration PT0.384939061S
Connecting at 2023-05-29T18:22:13.931899189Z

Received at 2023-05-29T18:22:14.281790556Z

duration PT0.349891367S
Connecting at 2023-05-29T18:22:14.349215390Z

Received at 2023-05-29T18:22:14.710725959Z

duration PT0.361510569S
Connecting at 2023-05-29T18:22:14.777681847Z

Received at 2023-05-29T18:22:15.129649046Z

duration PT0.351967199S
Connecting at 2023-05-29T18:22:15.196504633Z

Received at 2023-05-29T18:22:15.548545987Z

duration PT0.352041354S
Connecting at 2023-05-29T18:22:15.616314828Z

Received at 2023-05-29T18:22:15.967596681Z

duration PT0.351281853S
Connecting at 2023-05-29T18:22:16.038569158Z

Received at 2023-05-29T18:22:16.406320040Z

duration PT0.367750882S
Connecting at 2023-05-29T18:22:16.473462782Z

Received at 2023-05-29T18:22:16.816967596Z

duration PT0.343504814S
Connecting at 2023-05-29T18:22:16.883994964Z

Received at 2023-05-29T18:22:17.238483237Z

duration PT0.354488273S
Result  10 sent, Duration 3581 ms
throughput: 2.7923640014017668
Finished
Duration  33.817034091