Downloading file
args: ["main"]
Value of STORAGE_IP: 192.168.0.213:8888
Downloading file file_40M.txt
GET
Status: 200 OK
Connecting at 2023-05-29T17:50:07.075866159Z

Received at 2023-05-29T17:50:07.249021418Z

duration PT0.173155259S
Connecting at 2023-05-29T17:50:07.279250323Z

Received at 2023-05-29T17:50:07.434081255Z

duration PT0.154830932S
Connecting at 2023-05-29T17:50:07.464500256Z

Received at 2023-05-29T17:50:07.625648013Z

duration PT0.161147757S
Connecting at 2023-05-29T17:50:07.655644100Z

Received at 2023-05-29T17:50:07.821065854Z

duration PT0.165421754S
Connecting at 2023-05-29T17:50:07.851167240Z

Received at 2023-05-29T17:50:08.012142095Z

duration PT0.160974855S
Connecting at 2023-05-29T17:50:08.042340296Z

Received at 2023-05-29T17:50:08.201642619Z

duration PT0.159302323S
Connecting at 2023-05-29T17:50:08.231596502Z

Received at 2023-05-29T17:50:08.390450698Z

duration PT0.158854196S
Connecting at 2023-05-29T17:50:08.420374185Z

Received at 2023-05-29T17:50:08.581047519Z

duration PT0.160673334S
Connecting at 2023-05-29T17:50:08.611679923Z

Received at 2023-05-29T17:50:08.778608463Z

duration PT0.166928540S
Connecting at 2023-05-29T17:50:08.808698786Z

Received at 2023-05-29T17:50:08.965680483Z

duration PT0.156981697S
Result  10 sent, Duration 1618 ms
throughput: 6.179438536214599
Finished
Duration  13.821817826