Downloading file
args: ["main"]
Value of STORAGE_IP: 192.168.0.213:8888
Downloading file file_8M.txt
GET
Status: 200 OK
Connecting at 2023-05-29T17:52:33.714989741Z

Received at 2023-05-29T17:52:33.770693019Z

duration PT0.055703278S
Connecting at 2023-05-29T17:52:33.778357320Z

Received at 2023-05-29T17:52:33.822707066Z

duration PT0.044349746S
Connecting at 2023-05-29T17:52:33.830653232Z

Received at 2023-05-29T17:52:33.872811577Z

duration PT0.042158345S
Connecting at 2023-05-29T17:52:33.880669785Z

Received at 2023-05-29T17:52:33.923189948Z

duration PT0.042520163S
Connecting at 2023-05-29T17:52:33.930883682Z

Received at 2023-05-29T17:52:33.973138034Z

duration PT0.042254352S
Connecting at 2023-05-29T17:52:33.981031517Z

Received at 2023-05-29T17:52:34.020401169Z

duration PT0.039369652S
Connecting at 2023-05-29T17:52:34.028155990Z

Received at 2023-05-29T17:52:34.070390846Z

duration PT0.042234856S
Connecting at 2023-05-29T17:52:34.078255254Z

Received at 2023-05-29T17:52:34.121060063Z

duration PT0.042804809S
Connecting at 2023-05-29T17:52:34.128903247Z

Received at 2023-05-29T17:52:34.170745960Z

duration PT0.041842713S
Connecting at 2023-05-29T17:52:34.178420923Z

Received at 2023-05-29T17:52:34.220693883Z

duration PT0.042272960S
Result  10 sent, Duration 435 ms
throughput: 22.961585267846893
Finished
Duration  2.863578432