Downloading file
args: ["main"]
Value of STORAGE_IP: 192.168.0.213:8888
Downloading file file_6M.txt
GET
Status: 200 OK
Connecting at 2023-05-29T17:52:58.841921721Z

Received at 2023-05-29T17:52:58.889975423Z

duration PT0.048053702S
Connecting at 2023-05-29T17:52:58.896875912Z

Received at 2023-05-29T17:52:58.932745115Z

duration PT0.035869203S
Connecting at 2023-05-29T17:52:58.939415134Z

Received at 2023-05-29T17:52:58.976173109Z

duration PT0.036757975S
Connecting at 2023-05-29T17:52:58.982972354Z

Received at 2023-05-29T17:52:59.021799705Z

duration PT0.038827351S
Connecting at 2023-05-29T17:52:59.028871138Z

Received at 2023-05-29T17:52:59.065356104Z

duration PT0.036484966S
Connecting at 2023-05-29T17:52:59.072129901Z

Received at 2023-05-29T17:52:59.108935676Z

duration PT0.036805775S
Connecting at 2023-05-29T17:52:59.115268900Z

Received at 2023-05-29T17:52:59.151806093Z

duration PT0.036537193S
Connecting at 2023-05-29T17:52:59.158501689Z

Received at 2023-05-29T17:52:59.195976377Z

duration PT0.037474688S
Connecting at 2023-05-29T17:52:59.202523257Z

Received at 2023-05-29T17:52:59.238836773Z

duration PT0.036313516S
Connecting at 2023-05-29T17:52:59.245177520Z

Received at 2023-05-29T17:52:59.282961374Z

duration PT0.037783854S
Result  10 sent, Duration 380 ms
throughput: 26.253058481313072
Finished
Duration  2.902022081