Downloading file
args: ["main"]
Value of STORAGE_IP: 192.168.0.213:8888
Downloading file file_30M.txt
GET
Status: 200 OK
Connecting at 2023-05-29T18:18:58.844206463Z

Received at 2023-05-29T18:18:59.174918966Z

duration PT0.330712503S
Connecting at 2023-05-29T18:18:59.198296534Z

Received at 2023-05-29T18:18:59.311748094Z

duration PT0.113451560S
Connecting at 2023-05-29T18:18:59.334204705Z

Received at 2023-05-29T18:18:59.446272312Z

duration PT0.112067607S
Connecting at 2023-05-29T18:18:59.468587523Z

Received at 2023-05-29T18:18:59.584158926Z

duration PT0.115571403S
Connecting at 2023-05-29T18:18:59.605809505Z

Received at 2023-05-29T18:18:59.721191179Z

duration PT0.115381674S
Connecting at 2023-05-29T18:18:59.742777496Z

Received at 2023-05-29T18:18:59.854909174Z

duration PT0.112131678S
Connecting at 2023-05-29T18:18:59.876520712Z

Received at 2023-05-29T18:18:59.987267337Z

duration PT0.110746625S
Connecting at 2023-05-29T18:19:00.009133076Z

Received at 2023-05-29T18:19:00.119032274Z

duration PT0.109899198S
Connecting at 2023-05-29T18:19:00.140674003Z

Received at 2023-05-29T18:19:00.257793543Z

duration PT0.117119540S
Connecting at 2023-05-29T18:19:00.279020866Z

Received at 2023-05-29T18:19:00.390285750Z

duration PT0.111264884S
Result  10 sent, Duration 1348 ms
throughput: 7.416493985965027
Finished
Duration  11.225470155