Exp 1
Connecting to "/run/containerd/io.containerd.runtime.v2.task/k8s.io/15426" at 2023-05-25T15:05:31.020861625Z
Received from client at : 2023-05-25T15:05:31.080418511Z
Duration  11.746907329
Exp 2
Connecting to "/run/containerd/io.containerd.runtime.v2.task/k8s.io/7439" at 2023-05-25T15:05:43.575299797Z
Received from client at : 2023-05-25T15:05:43.637580146Z
Duration  9.503621200
Exp 3
Connecting to "/run/containerd/io.containerd.runtime.v2.task/k8s.io/30304" at 2023-05-25T15:05:56.061641549Z
Received from client at : 2023-05-25T15:05:56.124589512Z
Duration  9.461242747
Exp 4
Connecting to "/run/containerd/io.containerd.runtime.v2.task/k8s.io/31562" at 2023-05-25T15:06:08.509203921Z
Received from client at : 2023-05-25T15:06:08.568864985Z
Exp 5
Connecting to "/run/containerd/io.containerd.runtime.v2.task/k8s.io/15194" at 2023-05-25T15:06:40.132610817Z
Received from client at : 2023-05-25T15:06:40.191812268Z
Duration  9.503079709
Exp 6
Connecting to "/run/containerd/io.containerd.runtime.v2.task/k8s.io/8311" at 2023-05-25T15:06:52.606977539Z
Received from client at : 2023-05-25T15:06:52.669151756Z
Duration  9.462541814
Exp 7
Connecting to "/run/containerd/io.containerd.runtime.v2.task/k8s.io/14509" at 2023-05-25T15:07:05.045576117Z
Received from client at : 2023-05-25T15:07:05.108122007Z
Duration  9.448091189
Exp 8
Connecting to "/run/containerd/io.containerd.runtime.v2.task/k8s.io/18177" at 2023-05-25T15:07:17.558994150Z
Received from client at : 2023-05-25T15:07:17.621240530Z
Duration  9.513841657
Exp 9
Connecting to "/run/containerd/io.containerd.runtime.v2.task/k8s.io/14822" at 2023-05-25T15:07:30.200382013Z
Received from client at : 2023-05-25T15:07:30.259355853Z
Duration  9.620713302
Exp 10
Connecting to "/run/containerd/io.containerd.runtime.v2.task/k8s.io/30064" at 2023-05-25T15:07:42.729669540Z
Received from client at : 2023-05-25T15:07:42.791772038Z
Duration  9.535511257
Exp 11
Connecting to "/run/containerd/io.containerd.runtime.v2.task/k8s.io/9068" at 2023-05-25T15:07:55.272303557Z
Received from client at : 2023-05-25T15:07:55.331482568Z
Duration  9.520404375
Exp 12
Connecting to "/run/containerd/io.containerd.runtime.v2.task/k8s.io/5362" at 2023-05-25T15:08:07.811207355Z
Received from client at : 2023-05-25T15:08:07.870062208Z
Duration  9.520859200
Exp 13
Connecting to "/run/containerd/io.containerd.runtime.v2.task/k8s.io/3892" at 2023-05-25T15:08:20.284630937Z
Received from client at : 2023-05-25T15:08:20.343592850Z
Duration  9.498152720
Exp 14
Connecting to "/run/containerd/io.containerd.runtime.v2.task/k8s.io/30965" at 2023-05-25T15:08:32.867958461Z
Received from client at : 2023-05-25T15:08:32.930880017Z
Duration  9.560525592
Exp 15
Connecting to "/run/containerd/io.containerd.runtime.v2.task/k8s.io/4535" at 2023-05-25T15:08:45.685572554Z
Received from client at : 2023-05-25T15:08:45.744731484Z
Duration  9.823539090
Exp 16
Connecting to "/run/containerd/io.containerd.runtime.v2.task/k8s.io/28345" at 2023-05-25T15:08:58.165068659Z
Received from client at : 2023-05-25T15:08:58.223771900Z
Duration  9.524403298
Exp 17
Connecting to "/run/containerd/io.containerd.runtime.v2.task/k8s.io/6787" at 2023-05-25T15:09:10.751682097Z
Received from client at : 2023-05-25T15:09:10.814426717Z
Duration  9.531241405
Exp 18
Connecting to "/run/containerd/io.containerd.runtime.v2.task/k8s.io/12129" at 2023-05-25T15:09:23.310013113Z
Received from client at : 2023-05-25T15:09:23.369855222Z
Duration  9.527832722
Exp 19
Connecting to "/run/containerd/io.containerd.runtime.v2.task/k8s.io/14916" at 2023-05-25T15:09:35.809160034Z
Received from client at : 2023-05-25T15:09:35.868417463Z
Duration  9.492430651
Exp 20
Connecting to "/run/containerd/io.containerd.runtime.v2.task/k8s.io/20369" at 2023-05-25T15:09:48.360967490Z
Received from client at : 2023-05-25T15:09:48.419725297Z
Duration  9.617372138
Exp 21
Connecting to "/run/containerd/io.containerd.runtime.v2.task/k8s.io/30517" at 2023-05-25T15:10:00.980378068Z
Received from client at : 2023-05-25T15:10:01.041029701Z
Duration  9.535158384
Exp 22
Connecting to "/run/containerd/io.containerd.runtime.v2.task/k8s.io/17994" at 2023-05-25T15:10:13.582611998Z
Received from client at : 2023-05-25T15:10:13.644444425Z
Duration  9.617576838
Exp 23
Connecting to "/run/containerd/io.containerd.runtime.v2.task/k8s.io/25478" at 2023-05-25T15:10:26.201237652Z
Received from client at : 2023-05-25T15:10:26.263663080Z
Duration  9.602124090
Exp 24
Connecting to "/run/containerd/io.containerd.runtime.v2.task/k8s.io/16423" at 2023-05-25T15:10:38.656583183Z
Received from client at : 2023-05-25T15:10:38.718707452Z
Duration  9.451810239
Exp 25
Connecting to "/run/containerd/io.containerd.runtime.v2.task/k8s.io/2200" at 2023-05-25T15:10:51.201115464Z
Received from client at : 2023-05-25T15:10:51.265181345Z
Duration  9.516372099
Exp 26
Connecting to "/run/containerd/io.containerd.runtime.v2.task/k8s.io/22058" at 2023-05-25T15:11:03.686534872Z
Received from client at : 2023-05-25T15:11:03.748646522Z
Duration  9.495528136
Exp 27
Connecting to "/run/containerd/io.containerd.runtime.v2.task/k8s.io/2560" at 2023-05-25T15:11:16.138344767Z
Received from client at : 2023-05-25T15:11:16.198243906Z
Duration  9.446033556
Exp 28
Connecting to "/run/containerd/io.containerd.runtime.v2.task/k8s.io/31704" at 2023-05-25T15:11:28.637655438Z
Received from client at : 2023-05-25T15:11:28.697078279Z
Duration  9.513345598
Exp 29
Connecting to "/run/containerd/io.containerd.runtime.v2.task/k8s.io/23251" at 2023-05-25T15:11:41.208796696Z
Received from client at : 2023-05-25T15:11:41.267575009Z
Exp 30
Connecting to "/run/containerd/io.containerd.runtime.v2.task/k8s.io/5288" at 2023-05-25T15:13:15.035824218Z
Received from client at : 2023-05-25T15:13:15.096045265Z
Duration  9.510989132
Exp 31
Connecting to "/run/containerd/io.containerd.runtime.v2.task/k8s.io/11626" at 2023-05-25T15:13:27.514582154Z
Received from client at : 2023-05-25T15:13:27.578703393Z
Duration  9.463516279
Exp 32
Connecting to "/run/containerd/io.containerd.runtime.v2.task/k8s.io/27698" at 2023-05-25T15:13:39.990712718Z
Received from client at : 2023-05-25T15:13:40.053970958Z
Exp 33
Connecting to "/run/containerd/io.containerd.runtime.v2.task/k8s.io/18440" at 2023-05-25T15:14:20.725129241Z
Received from client at : 2023-05-25T15:14:20.784059202Z
Duration  9.502647827
Exp 34
Connecting to "/run/containerd/io.containerd.runtime.v2.task/k8s.io/12907" at 2023-05-25T15:14:33.205143244Z
Received from client at : 2023-05-25T15:14:33.267696347Z
Exp 35
Connecting to "/run/containerd/io.containerd.runtime.v2.task/k8s.io/21745" at 2023-05-25T15:14:44.917146094Z
Received from client at : 2023-05-25T15:14:44.976190084Z
Duration  9.466169423
Exp 36
Connecting to "/run/containerd/io.containerd.runtime.v2.task/k8s.io/5242" at 2023-05-25T15:14:57.443806603Z
Received from client at : 2023-05-25T15:14:57.506836908Z
Duration  9.606739504
Exp 37
Connecting to "/run/containerd/io.containerd.runtime.v2.task/k8s.io/28633" at 2023-05-25T15:15:10.033666057Z
Received from client at : 2023-05-25T15:15:10.096060285Z
Exp 38
Connecting to "/run/containerd/io.containerd.runtime.v2.task/k8s.io/10488" at 2023-05-25T15:16:19.652253337Z
Received from client at : 2023-05-25T15:16:19.711358821Z
Duration  9.493535620
Exp 39
Connecting to "/run/containerd/io.containerd.runtime.v2.task/k8s.io/7442" at 2023-05-25T15:16:32.323488215Z
Received from client at : 2023-05-25T15:16:32.382326824Z
Duration  9.678304396
Exp 40
Connecting to "/run/containerd/io.containerd.runtime.v2.task/k8s.io/13097" at 2023-05-25T15:16:44.818300661Z
Received from client at : 2023-05-25T15:16:44.880579286Z
Duration  9.476468398
Exp 41
Connecting to "/run/containerd/io.containerd.runtime.v2.task/k8s.io/1065" at 2023-05-25T15:16:57.348350506Z
Received from client at : 2023-05-25T15:16:57.407241861Z
Duration  9.505229694
Exp 42
Connecting to "/run/containerd/io.containerd.runtime.v2.task/k8s.io/19851" at 2023-05-25T15:17:09.793939352Z
Received from client at : 2023-05-25T15:17:09.856270990Z
Duration  9.466091006
Exp 43
Connecting to "/run/containerd/io.containerd.runtime.v2.task/k8s.io/20221" at 2023-05-25T15:17:22.273134810Z
Received from client at : 2023-05-25T15:17:22.332439261Z
Duration  9.457266051
Exp 44
Connecting to "/run/containerd/io.containerd.runtime.v2.task/k8s.io/28070" at 2023-05-25T15:17:34.922994730Z
Received from client at : 2023-05-25T15:17:34.984835957Z
Duration  9.663570471
Exp 45
Connecting to "/run/containerd/io.containerd.runtime.v2.task/k8s.io/13100" at 2023-05-25T15:17:47.478726135Z
Received from client at : 2023-05-25T15:17:47.538461277Z
Duration  9.540838873
Exp 46
Connecting to "/run/containerd/io.containerd.runtime.v2.task/k8s.io/3318" at 2023-05-25T15:18:00.029781499Z
Received from client at : 2023-05-25T15:18:00.088571966Z
Duration  9.548085034
Exp 47
Connecting to "/run/containerd/io.containerd.runtime.v2.task/k8s.io/20208" at 2023-05-25T15:18:12.579159956Z
Received from client at : 2023-05-25T15:18:12.639028140Z
Duration  9.533118775
Exp 48
Connecting to "/run/containerd/io.containerd.runtime.v2.task/k8s.io/27676" at 2023-05-25T15:18:25.085548446Z
Received from client at : 2023-05-25T15:18:25.147995341Z
Duration  9.494777181
Exp 49
Connecting to "/run/containerd/io.containerd.runtime.v2.task/k8s.io/21854" at 2023-05-25T15:18:37.594583468Z
Received from client at : 2023-05-25T15:18:37.656754041Z
Duration  9.516779561
Exp 50
Connecting to "/run/containerd/io.containerd.runtime.v2.task/k8s.io/9325" at 2023-05-25T15:18:50.126304119Z
Received from client at : 2023-05-25T15:18:50.185233518Z
Duration  9.515422259%