Exp 1
Connecting to "/run/containerd/io.containerd.runtime.v2.task/k8s.io/22739" at 2023-05-21T13:26:09.564581799Z
Received from client at : 2023-05-21 13:26:09.575344635 UTC
Duration  2.527568345
Exp 2
Connecting to "/run/containerd/io.containerd.runtime.v2.task/k8s.io/16584" at 2023-05-21T13:26:15.097745481Z
Received from client at : 2023-05-21 13:26:15.108577855 UTC
Duration  2.500125670
Exp 3
Connecting to "/run/containerd/io.containerd.runtime.v2.task/k8s.io/9151" at 2023-05-21T13:26:20.595703928Z
Received from client at : 2023-05-21 13:26:20.606578286 UTC
Duration  2.468639630
Exp 4
Connecting to "/run/containerd/io.containerd.runtime.v2.task/k8s.io/11370" at 2023-05-21T13:26:26.161474357Z
Received from client at : 2023-05-21 13:26:26.171817551 UTC
Duration  2.538215610
Exp 5
Connecting to "/run/containerd/io.containerd.runtime.v2.task/k8s.io/11218" at 2023-05-21T13:26:31.688173807Z
Received from client at : 2023-05-21 13:26:31.698606698 UTC
Duration  2.490824264
Exp 6
Connecting to "/run/containerd/io.containerd.runtime.v2.task/k8s.io/4535" at 2023-05-21T13:26:37.208547424Z
Received from client at : 2023-05-21 13:26:37.219308635 UTC
Duration  2.491953704
Exp 7
Connecting to "/run/containerd/io.containerd.runtime.v2.task/k8s.io/15973" at 2023-05-21T13:26:42.760786701Z
Received from client at : 2023-05-21 13:26:42.771716166 UTC
Duration  2.520561462
Exp 8
Connecting to "/run/containerd/io.containerd.runtime.v2.task/k8s.io/15966" at 2023-05-21T13:26:48.319924217Z
Received from client at : 2023-05-21 13:26:48.330664947 UTC
Duration  2.533419036
Exp 9
Connecting to "/run/containerd/io.containerd.runtime.v2.task/k8s.io/30845" at 2023-05-21T13:26:53.863476832Z
Received from client at : 2023-05-21 13:26:53.874323550 UTC
Duration  2.510608788
Exp 10
Connecting to "/run/containerd/io.containerd.runtime.v2.task/k8s.io/17669" at 2023-05-21T13:26:59.395098238Z
Received from client at : 2023-05-21 13:26:59.405818817 UTC
Duration  2.489424893
Exp 11
Connecting to "/run/containerd/io.containerd.runtime.v2.task/k8s.io/17315" at 2023-05-21T13:27:04.924651643Z
Received from client at : 2023-05-21 13:27:04.935139318 UTC
Duration  2.516088772
Exp 12
Connecting to "/run/containerd/io.containerd.runtime.v2.task/k8s.io/4772" at 2023-05-21T13:27:10.471445448Z
Received from client at : 2023-05-21 13:27:10.481919668 UTC
Duration  2.522515155
Exp 13
Connecting to "/run/containerd/io.containerd.runtime.v2.task/k8s.io/16378" at 2023-05-21T13:27:15.999133176Z
Received from client at : 2023-05-21 13:27:16.009835936 UTC
Duration  2.476244941
Exp 14
Connecting to "/run/containerd/io.containerd.runtime.v2.task/k8s.io/16961" at 2023-05-21T13:27:21.532976019Z
Received from client at : 2023-05-21 13:27:21.543700098 UTC
Duration  2.508541653
Exp 15
Connecting to "/run/containerd/io.containerd.runtime.v2.task/k8s.io/13931" at 2023-05-21T13:27:27.092747020Z
Received from client at : 2023-05-21 13:27:27.103486919 UTC
Duration  2.526510879
Exp 16
Connecting to "/run/containerd/io.containerd.runtime.v2.task/k8s.io/6074" at 2023-05-21T13:27:32.605104300Z
Received from client at : 2023-05-21 13:27:32.615779251 UTC
Duration  2.475000136
Exp 17
Connecting to "/run/containerd/io.containerd.runtime.v2.task/k8s.io/19164" at 2023-05-21T13:27:38.149754971Z
Received from client at : 2023-05-21 13:27:38.160263546 UTC
Duration  2.526316379
Exp 18
Connecting to "/run/containerd/io.containerd.runtime.v2.task/k8s.io/14309" at 2023-05-21T13:27:43.750621600Z
Received from client at : 2023-05-21 13:27:43.761606013 UTC
Duration  2.557611850
Exp 19
Connecting to "/run/containerd/io.containerd.runtime.v2.task/k8s.io/29709" at 2023-05-21T13:27:49.260921107Z
Received from client at : 2023-05-21 13:27:49.272488261 UTC
Duration  2.480700941
Exp 20
Connecting to "/run/containerd/io.containerd.runtime.v2.task/k8s.io/16635" at 2023-05-21T13:27:54.799938029Z
Received from client at : 2023-05-21 13:27:54.810790653 UTC
Duration  2.534266414
Exp 21
Connecting to "/run/containerd/io.containerd.runtime.v2.task/k8s.io/13401" at 2023-05-21T13:28:00.402179469Z
Received from client at : 2023-05-21 13:28:00.412568469 UTC
Duration  2.538761863
Exp 22
Connecting to "/run/containerd/io.containerd.runtime.v2.task/k8s.io/20867" at 2023-05-21T13:28:05.947096941Z
Received from client at : 2023-05-21 13:28:05.957776450 UTC
Duration  2.515538811
Exp 23
Connecting to "/run/containerd/io.containerd.runtime.v2.task/k8s.io/13258" at 2023-05-21T13:28:11.480114393Z
Received from client at : 2023-05-21 13:28:11.490749520 UTC
Duration  2.513538391
Exp 24
Connecting to "/run/containerd/io.containerd.runtime.v2.task/k8s.io/18016" at 2023-05-21T13:28:17.002448299Z
Received from client at : 2023-05-21 13:28:17.013173625 UTC
Duration  2.477286443
Exp 25
Connecting to "/run/containerd/io.containerd.runtime.v2.task/k8s.io/562" at 2023-05-21T13:28:22.600107253Z
Received from client at : 2023-05-21 13:28:22.610789487 UTC
Duration  2.674631063
Exp 26
Connecting to "/run/containerd/io.containerd.runtime.v2.task/k8s.io/1730" at 2023-05-21T13:28:28.219671606Z
Received from client at : 2023-05-21 13:28:28.230226473 UTC
Duration  2.497681148
Exp 27
Connecting to "/run/containerd/io.containerd.runtime.v2.task/k8s.io/15982" at 2023-05-21T13:28:33.794197334Z
Received from client at : 2023-05-21 13:28:33.804635791 UTC
Duration  2.530165174
Exp 28
Connecting to "/run/containerd/io.containerd.runtime.v2.task/k8s.io/24451" at 2023-05-21T13:28:39.365790235Z
Received from client at : 2023-05-21 13:28:39.377909618 UTC
Duration  2.540851913
Exp 29
Connecting to "/run/containerd/io.containerd.runtime.v2.task/k8s.io/1372" at 2023-05-21T13:28:45.045654011Z
Received from client at : 2023-05-21 13:28:45.056459343 UTC
Duration  2.659870095
Exp 30
Connecting to "/run/containerd/io.containerd.runtime.v2.task/k8s.io/25791" at 2023-05-21T13:28:50.595694548Z
Received from client at : 2023-05-21 13:28:50.606622227 UTC
Duration  2.501614789
Exp 31
Connecting to "/run/containerd/io.containerd.runtime.v2.task/k8s.io/10871" at 2023-05-21T13:28:56.147396009Z
Received from client at : 2023-05-21 13:28:56.158119356 UTC
Duration  2.528180092
Exp 32
Connecting to "/run/containerd/io.containerd.runtime.v2.task/k8s.io/719" at 2023-05-21T13:29:01.693900876Z
Received from client at : 2023-05-21 13:29:01.704724623 UTC
Duration  2.513674770
Exp 33
Connecting to "/run/containerd/io.containerd.runtime.v2.task/k8s.io/22934" at 2023-05-21T13:29:07.263652404Z
Received from client at : 2023-05-21 13:29:07.274489809 UTC
Exp 34
Connecting to "/run/containerd/io.containerd.runtime.v2.task/k8s.io/2954%