Exp 1
[sudo] password for ubuntu:
Connecting to "/run/containerd/io.containerd.runtime.v2.task/k8s.io/15249" at 2023-05-27T10:50:09.449461838Z
Received from client at : 2023-05-27T10:50:09.468242065Z
Duration  16.645004314
Exp 2
Connecting to "/run/containerd/io.containerd.runtime.v2.task/k8s.io/16942" at 2023-05-27T10:50:28.889166623Z
Received from client at : 2023-05-27T10:50:28.908354230Z
Duration  16.386975004
Exp 3
Connecting to "/run/containerd/io.containerd.runtime.v2.task/k8s.io/3379" at 2023-05-27T10:50:45.948434838Z
Received from client at : 2023-05-27T10:50:45.966392402Z
Duration  14.042508622
Exp 4
Connecting to "/run/containerd/io.containerd.runtime.v2.task/k8s.io/1190" at 2023-05-27T10:51:00.901386379Z
Received from client at : 2023-05-27T10:51:00.920293585Z
Duration  11.913215304
Exp 5
Connecting to "/run/containerd/io.containerd.runtime.v2.task/k8s.io/18751" at 2023-05-27T10:51:19.664543554Z
Received from client at : 2023-05-27T10:51:19.682990619Z
Duration  15.741795836
Exp 6
Connecting to "/run/containerd/io.containerd.runtime.v2.task/k8s.io/11517" at 2023-05-27T10:51:36.696294943Z
Received from client at : 2023-05-27T10:51:36.715105946Z
Duration  13.985779634
Exp 7
Connecting to "/run/containerd/io.containerd.runtime.v2.task/k8s.io/7814" at 2023-05-27T10:51:44.252781163Z
Received from client at : 2023-05-27T10:51:44.271228576Z
Duration  4.527944251
Exp 8
Connecting to "/run/containerd/io.containerd.runtime.v2.task/k8s.io/12914" at 2023-05-27T10:51:51.797976475Z
Received from client at : 2023-05-27T10:51:51.816169997Z
Duration  4.518716404
Exp 9
Connecting to "/run/containerd/io.containerd.runtime.v2.task/k8s.io/18649" at 2023-05-27T10:51:59.333182165Z
Received from client at : 2023-05-27T10:51:59.351502250Z
Duration  4.501926027
Exp 10
Connecting to "/run/containerd/io.containerd.runtime.v2.task/k8s.io/12521" at 2023-05-27T10:52:06.764432768Z
Received from client at : 2023-05-27T10:52:06.783291956Z
Duration  4.400155934
Exp 11
Connecting to "/run/containerd/io.containerd.runtime.v2.task/k8s.io/1960" at 2023-05-27T10:52:14.244506320Z
Received from client at : 2023-05-27T10:52:14.263344795Z
Duration  4.457683956
Exp 12
Connecting to "/run/containerd/io.containerd.runtime.v2.task/k8s.io/20053" at 2023-05-27T10:52:21.725341612Z
Received from client at : 2023-05-27T10:52:21.744340724Z
Duration  4.484367242
Exp 13
Connecting to "/run/containerd/io.containerd.runtime.v2.task/k8s.io/11317" at 2023-05-27T10:52:31.278371562Z
Received from client at : 2023-05-27T10:52:31.297023356Z
Duration  6.481935338
Exp 14
Connecting to "/run/containerd/io.containerd.runtime.v2.task/k8s.io/18302" at 2023-05-27T10:52:39.867604996Z
Received from client at : 2023-05-27T10:52:39.886198146Z
Duration  5.562511150
Exp 15
Connecting to "/run/containerd/io.containerd.runtime.v2.task/k8s.io/17779" at 2023-05-27T10:52:47.405977861Z
Received from client at : 2023-05-27T10:52:47.424147901Z
Duration  4.502499822
Exp 16
Connecting to "/run/containerd/io.containerd.runtime.v2.task/k8s.io/19660" at 2023-05-27T10:52:54.856428166Z
Received from client at : 2023-05-27T10:52:54.875427607Z
Duration  4.417675837
Exp 17
Connecting to "/run/containerd/io.containerd.runtime.v2.task/k8s.io/21482" at 2023-05-27T10:53:02.369889296Z
Received from client at : 2023-05-27T10:53:02.388566389Z
Duration  4.496131170
Exp 18
Connecting to "/run/containerd/io.containerd.runtime.v2.task/k8s.io/26019" at 2023-05-27T10:53:09.936093109Z
Received from client at : 2023-05-27T10:53:09.954488236Z
Duration  4.517161722
Exp 19
Connecting to "/run/containerd/io.containerd.runtime.v2.task/k8s.io/1042" at 2023-05-27T10:53:17.405097451Z
Received from client at : 2023-05-27T10:53:17.423356829Z
Duration  4.447660921
Exp 20
Connecting to "/run/containerd/io.containerd.runtime.v2.task/k8s.io/9914" at 2023-05-27T10:53:24.838939521Z
Received from client at : 2023-05-27T10:53:24.857569735Z
Duration  4.416408933
Exp 21
Connecting to "/run/containerd/io.containerd.runtime.v2.task/k8s.io/13168" at 2023-05-27T10:53:32.306149991Z
Received from client at : 2023-05-27T10:53:32.324671637Z
Duration  4.415018486
Exp 22
Connecting to "/run/containerd/io.containerd.runtime.v2.task/k8s.io/11811" at 2023-05-27T10:53:39.807597917Z
Received from client at : 2023-05-27T10:53:39.826234230Z
Duration  4.466863216
Exp 23
Connecting to "/run/containerd/io.containerd.runtime.v2.task/k8s.io/29693" at 2023-05-27T10:53:48.227424063Z
Received from client at : 2023-05-27T10:53:48.246624719Z
Duration  5.405086982
Exp 24
Connecting to "/run/containerd/io.containerd.runtime.v2.task/k8s.io/14437" at 2023-05-27T10:53:55.794455634Z
Received from client at : 2023-05-27T10:53:55.812829333Z
Duration  4.524487653
Exp 25
Connecting to "/run/containerd/io.containerd.runtime.v2.task/k8s.io/4868" at 2023-05-27T10:54:03.270024895Z
Received from client at : 2023-05-27T10:54:03.288705174Z
Duration  4.444148224
Exp 26
Connecting to "/run/containerd/io.containerd.runtime.v2.task/k8s.io/15798" at 2023-05-27T10:54:10.751355813Z
Received from client at : 2023-05-27T10:54:10.769525590Z
Duration  4.450701147
Exp 27
Connecting to "/run/containerd/io.containerd.runtime.v2.task/k8s.io/14165" at 2023-05-27T10:54:18.130707917Z
Received from client at : 2023-05-27T10:54:18.149063127Z
Duration  4.349220861
Exp 28
Connecting to "/run/containerd/io.containerd.runtime.v2.task/k8s.io/30466" at 2023-05-27T10:54:25.572033831Z
Received from client at : 2023-05-27T10:54:25.590678469Z
Duration  4.415488998
Exp 29
Connecting to "/run/containerd/io.containerd.runtime.v2.task/k8s.io/18843" at 2023-05-27T10:54:34.669523074Z
Received from client at : 2023-05-27T10:54:34.688036280Z
Duration  6.063061519
Exp 30
Connecting to "/run/containerd/io.containerd.runtime.v2.task/k8s.io/19833" at 2023-05-27T10:54:42.048535840Z
Received from client at : 2023-05-27T10:54:42.067232738Z
Duration  4.362515394
Exp 31
Connecting to "/run/containerd/io.containerd.runtime.v2.task/k8s.io/13635" at 2023-05-27T10:54:49.515958291Z
Received from client at : 2023-05-27T10:54:49.535667380Z
Duration  4.435036534
Exp 32
Connecting to "/run/containerd/io.containerd.runtime.v2.task/k8s.io/24731" at 2023-05-27T10:54:56.934173107Z
Received from client at : 2023-05-27T10:54:56.952230733Z
Duration  4.355886272
Exp 33
Connecting to "/run/containerd/io.containerd.runtime.v2.task/k8s.io/29081" at 2023-05-27T10:55:04.327630438Z
Received from client at : 2023-05-27T10:55:04.345910280Z
Duration  4.383990793
Exp 34
Connecting to "/run/containerd/io.containerd.runtime.v2.task/k8s.io/26343" at 2023-05-27T10:55:11.800174569Z
Received from client at : 2023-05-27T10:55:11.818998820Z
Duration  4.432939323
Exp 35
Connecting to "/run/containerd/io.containerd.runtime.v2.task/k8s.io/10806" at 2023-05-27T10:55:19.211958853Z
Received from client at : 2023-05-27T10:55:19.230784773Z
Duration  4.395701964
Exp 36
Connecting to "/run/containerd/io.containerd.runtime.v2.task/k8s.io/11594" at 2023-05-27T10:55:26.788777117Z
Received from client at : 2023-05-27T10:55:26.807796365Z
Duration  4.536714578
Exp 37
Connecting to "/run/containerd/io.containerd.runtime.v2.task/k8s.io/4536" at 2023-05-27T10:55:34.257480507Z
Received from client at : 2023-05-27T10:55:34.276608890Z
Duration  4.432360559
Exp 38
Connecting to "/run/containerd/io.containerd.runtime.v2.task/k8s.io/3091" at 2023-05-27T10:55:41.789233574Z
Received from client at : 2023-05-27T10:55:41.807848881Z
Duration  4.503352456
Exp 39
Connecting to "/run/containerd/io.containerd.runtime.v2.task/k8s.io/29923" at 2023-05-27T10:55:49.221600728Z
Received from client at : 2023-05-27T10:55:49.239791318Z
Duration  4.406153707
Exp 40
Connecting to "/run/containerd/io.containerd.runtime.v2.task/k8s.io/11186" at 2023-05-27T10:55:56.660321684Z
Received from client at : 2023-05-27T10:55:56.679032661Z
Duration  4.407971059
Exp 41
Connecting to "/run/containerd/io.containerd.runtime.v2.task/k8s.io/22465" at 2023-05-27T10:56:04.157555594Z
Received from client at : 2023-05-27T10:56:04.175718630Z
Duration  4.447727256
Exp 42
Connecting to "/run/containerd/io.containerd.runtime.v2.task/k8s.io/27832" at 2023-05-27T10:56:11.599377491Z
Received from client at : 2023-05-27T10:56:11.617660645Z
Duration  4.422619002
Exp 43
Connecting to "/run/containerd/io.containerd.runtime.v2.task/k8s.io/13839" at 2023-05-27T10:56:19.090286074Z
Received from client at : 2023-05-27T10:56:19.108715413Z
Duration  4.455528385
Exp 44
Connecting to "/run/containerd/io.containerd.runtime.v2.task/k8s.io/13161" at 2023-05-27T10:56:26.505026624Z
Received from client at : 2023-05-27T10:56:26.523844685Z
Duration  4.381063849
Exp 45
Connecting to "/run/containerd/io.containerd.runtime.v2.task/k8s.io/16112" at 2023-05-27T10:56:34.601228734Z
Received from client at : 2023-05-27T10:56:34.619329498Z
Duration  5.070137619
Exp 46
Connecting to "/run/containerd/io.containerd.runtime.v2.task/k8s.io/25482" at 2023-05-27T10:56:42.011547484Z
Received from client at : 2023-05-27T10:56:42.030551086Z
Duration  4.381519629
Exp 47
Connecting to "/run/containerd/io.containerd.runtime.v2.task/k8s.io/6486" at 2023-05-27T10:56:49.479016187Z
Received from client at : 2023-05-27T10:56:49.497340724Z
Duration  4.445857677
Exp 48
Connecting to "/run/containerd/io.containerd.runtime.v2.task/k8s.io/4183" at 2023-05-27T10:56:56.900593772Z
Received from client at : 2023-05-27T10:56:56.919487198Z
Duration  4.378383041
Exp 49
Connecting to "/run/containerd/io.containerd.runtime.v2.task/k8s.io/17776" at 2023-05-27T10:57:04.337380523Z
Received from client at : 2023-05-27T10:57:04.355599005Z
Duration  4.410198146
Exp 50
Connecting to "/run/containerd/io.containerd.runtime.v2.task/k8s.io/6223" at 2023-05-27T10:57:11.917936788Z
Received from client at : 2023-05-27T10:57:11.936207385Z
Duration  4.535405800