Exp 1
Connecting to "/run/containerd/io.containerd.runtime.v2.task/k8s.io/31959" at 2023-05-27T08:36:26.897686164Z
Received from client at : 2023-05-27 08:36:26.902831832 UTC
Duration  1.505868731
Exp 2
Connecting to "/run/containerd/io.containerd.runtime.v2.task/k8s.io/11488" at 2023-05-27T08:36:31.495898978Z
Received from client at : 2023-05-27 08:36:31.501074936 UTC
Duration  1.575522723
Exp 3
Connecting to "/run/containerd/io.containerd.runtime.v2.task/k8s.io/23237" at 2023-05-27T08:36:36.148498937Z
Received from client at : 2023-05-27 08:36:36.153580602 UTC
Duration  1.610910433
Exp 4
Connecting to "/run/containerd/io.containerd.runtime.v2.task/k8s.io/17120" at 2023-05-27T08:36:40.772509284Z
Received from client at : 2023-05-27 08:36:40.777705408 UTC
Duration  1.598477437
Exp 5
Connecting to "/run/containerd/io.containerd.runtime.v2.task/k8s.io/31157" at 2023-05-27T08:36:45.396708324Z
Received from client at : 2023-05-27 08:36:45.401794446 UTC
Duration  1.600715280
Exp 6
Connecting to "/run/containerd/io.containerd.runtime.v2.task/k8s.io/22304" at 2023-05-27T08:36:51.061498288Z
Received from client at : 2023-05-27 08:36:51.066433544 UTC
Duration  2.618194081
Exp 7
Connecting to "/run/containerd/io.containerd.runtime.v2.task/k8s.io/11763" at 2023-05-27T08:36:55.693679969Z
Received from client at : 2023-05-27 08:36:55.698851086 UTC
Duration  1.607815385
Exp 8
Connecting to "/run/containerd/io.containerd.runtime.v2.task/k8s.io/6580" at 2023-05-27T08:37:00.314117593Z
Received from client at : 2023-05-27 08:37:00.319433296 UTC
Duration  1.588716435
Exp 9
Connecting to "/run/containerd/io.containerd.runtime.v2.task/k8s.io/9571" at 2023-05-27T08:37:06.085381928Z
Received from client at : 2023-05-27 08:37:06.090554119 UTC
Duration  2.735017214
Exp 10
Connecting to "/run/containerd/io.containerd.runtime.v2.task/k8s.io/916" at 2023-05-27T08:37:10.653447778Z
Received from client at : 2023-05-27 08:37:10.658554358 UTC
Duration  1.546257617
Exp 11
Connecting to "/run/containerd/io.containerd.runtime.v2.task/k8s.io/19994" at 2023-05-27T08:37:15.225517507Z
Received from client at : 2023-05-27 08:37:15.230920459 UTC
Duration  1.544262423
Exp 12
Connecting to "/run/containerd/io.containerd.runtime.v2.task/k8s.io/6602" at 2023-05-27T08:37:19.797368747Z
Received from client at : 2023-05-27 08:37:19.802350244 UTC
Duration  1.540822974
Exp 13
Connecting to "/run/containerd/io.containerd.runtime.v2.task/k8s.io/18418" at 2023-05-27T08:37:24.346931501Z
Received from client at : 2023-05-27 08:37:24.352128371 UTC
Duration  1.520102872
Exp 14
Connecting to "/run/containerd/io.containerd.runtime.v2.task/k8s.io/1737" at 2023-05-27T08:37:29.047690561Z
Received from client at : 2023-05-27 08:37:29.052652973 UTC
Duration  1.664346229
Exp 15
ctr: snapshot "12695": already exists
Connecting to queue func_b 
Exp 16
Connecting to "/run/containerd/io.containerd.runtime.v2.task/k8s.io/6613" at 2023-05-27T08:37:47.492687351Z
Received from client at : 2023-05-27 08:37:47.497794805 UTC
Duration  1.549140247
Exp 17
Connecting to "/run/containerd/io.containerd.runtime.v2.task/k8s.io/21282" at 2023-05-27T08:37:52.102897091Z
Received from client at : 2023-05-27 08:37:52.108031206 UTC
Duration  1.581439136
Exp 18
Connecting to "/run/containerd/io.containerd.runtime.v2.task/k8s.io/26867" at 2023-05-27T08:37:56.686932773Z
Received from client at : 2023-05-27 08:37:56.692112182 UTC
Duration  1.556125240
Exp 19
Connecting to "/run/containerd/io.containerd.runtime.v2.task/k8s.io/450" at 2023-05-27T08:38:01.270556267Z
Received from client at : 2023-05-27 08:38:01.275549235 UTC
Duration  1.581114208
Exp 20
Connecting to "/run/containerd/io.containerd.runtime.v2.task/k8s.io/15431" at 2023-05-27T08:38:05.901561164Z
Received from client at : 2023-05-27 08:38:05.906614651 UTC
Duration  1.564427662
Exp 21
Connecting to "/run/containerd/io.containerd.runtime.v2.task/k8s.io/8639" at 2023-05-27T08:38:10.465584004Z
Received from client at : 2023-05-27 08:38:10.470749932 UTC
Duration  1.533030032
Exp 22
Connecting to "/run/containerd/io.containerd.runtime.v2.task/k8s.io/1423" at 2023-05-27T08:38:15.075941798Z
Received from client at : 2023-05-27 08:38:15.080899476 UTC
Duration  1.586073024
Exp 23
Connecting to "/run/containerd/io.containerd.runtime.v2.task/k8s.io/23621" at 2023-05-27T08:38:19.692737981Z
Received from client at : 2023-05-27 08:38:19.697772325 UTC
Duration  1.593459397
Exp 24
Connecting to "/run/containerd/io.containerd.runtime.v2.task/k8s.io/23620" at 2023-05-27T08:38:24.389376041Z
Received from client at : 2023-05-27 08:38:24.394562561 UTC
Duration  1.667045458
Exp 25
Connecting to "/run/containerd/io.containerd.runtime.v2.task/k8s.io/6029" at 2023-05-27T08:38:29.007252274Z
Received from client at : 2023-05-27 08:38:29.012401573 UTC
Duration  1.573844377
Exp 26
Connecting to "/run/containerd/io.containerd.runtime.v2.task/k8s.io/1511" at 2023-05-27T08:38:33.559398536Z
Received from client at : 2023-05-27 08:38:33.564598900 UTC
Duration  1.525707082
Exp 27
Connecting to "/run/containerd/io.containerd.runtime.v2.task/k8s.io/1357" at 2023-05-27T08:38:38.135995441Z
Received from client at : 2023-05-27 08:38:38.141101284 UTC
Duration  1.546436236
Exp 28
Connecting to "/run/containerd/io.containerd.runtime.v2.task/k8s.io/31697" at 2023-05-27T08:38:42.739062084Z
Received from client at : 2023-05-27 08:38:42.744325520 UTC
Duration  1.573007956
Exp 29
Connecting to "/run/containerd/io.containerd.runtime.v2.task/k8s.io/25271" at 2023-05-27T08:38:47.324478595Z
Received from client at : 2023-05-27 08:38:47.329567227 UTC
Duration  1.545807808
Exp 30
Connecting to "/run/containerd/io.containerd.runtime.v2.task/k8s.io/29286" at 2023-05-27T08:38:51.948458323Z
Received from client at : 2023-05-27 08:38:51.953457379 UTC
Duration  1.599586216
Exp 31
Connecting to "/run/containerd/io.containerd.runtime.v2.task/k8s.io/10809" at 2023-05-27T08:38:56.580470669Z
Received from client at : 2023-05-27 08:38:56.585538597 UTC
Duration  1.614354230
Exp 32
Connecting to "/run/containerd/io.containerd.runtime.v2.task/k8s.io/8143" at 2023-05-27T08:39:02.182217747Z
Received from client at : 2023-05-27 08:39:02.187314573 UTC
Duration  2.563100504
Exp 33
Connecting to "/run/containerd/io.containerd.runtime.v2.task/k8s.io/1228" at 2023-05-27T08:39:06.759612147Z
Received from client at : 2023-05-27 08:39:06.764766980 UTC
Duration  1.548696246
Exp 34
Connecting to "/run/containerd/io.containerd.runtime.v2.task/k8s.io/3084" at 2023-05-27T08:39:11.326233453Z
Received from client at : 2023-05-27 08:39:11.331444408 UTC
Duration  1.518787588
Exp 35
Connecting to "/run/containerd/io.containerd.runtime.v2.task/k8s.io/6055" at 2023-05-27T08:39:15.898370205Z
Received from client at : 2023-05-27 08:39:15.903732215 UTC
Duration  1.564861663
Exp 36
Connecting to "/run/containerd/io.containerd.runtime.v2.task/k8s.io/14707" at 2023-05-27T08:39:20.472414131Z
Received from client at : 2023-05-27 08:39:20.477372584 UTC
Duration  1.530872345
Exp 37
Connecting to "/run/containerd/io.containerd.runtime.v2.task/k8s.io/23263" at 2023-05-27T08:39:25.058528996Z
Received from client at : 2023-05-27 08:39:25.063552690 UTC
Duration  1.564902217
Exp 38
Connecting to "/run/containerd/io.containerd.runtime.v2.task/k8s.io/24437" at 2023-05-27T08:39:29.800810499Z
Received from client at : 2023-05-27 08:39:29.806008733 UTC
Duration  1.705452167
Exp 39
Connecting to "/run/containerd/io.containerd.runtime.v2.task/k8s.io/14324" at 2023-05-27T08:39:34.413785491Z
Received from client at : 2023-05-27 08:39:34.418859633 UTC
Duration  1.585233732
Exp 40
Connecting to "/run/containerd/io.containerd.runtime.v2.task/k8s.io/21009" at 2023-05-27T08:39:38.995946507Z
Received from client at : 2023-05-27 08:39:39.000914908 UTC
Duration  1.552836869
Exp 41
Connecting to "/run/containerd/io.containerd.runtime.v2.task/k8s.io/23841" at 2023-05-27T08:39:43.562535925Z
Received from client at : 2023-05-27 08:39:43.567501053 UTC
Duration  1.534722152
Exp 42
Connecting to "/run/containerd/io.containerd.runtime.v2.task/k8s.io/14524" at 2023-05-27T08:39:48.266425536Z
Received from client at : 2023-05-27 08:39:48.271560152 UTC
Duration  1.678678362
Exp 43
Connecting to "/run/containerd/io.containerd.runtime.v2.task/k8s.io/9078" at 2023-05-27T08:39:52.891175717Z
Received from client at : 2023-05-27 08:39:52.896105691 UTC
Duration  1.592410721
Exp 44
Connecting to "/run/containerd/io.containerd.runtime.v2.task/k8s.io/13123" at 2023-05-27T08:39:57.493239527Z
Received from client at : 2023-05-27 08:39:57.498359901 UTC
Duration  1.567179994
Exp 45
Connecting to "/run/containerd/io.containerd.runtime.v2.task/k8s.io/28441" at 2023-05-27T08:40:05.154993341Z
Received from client at : 2023-05-27 08:40:05.160192991 UTC
Duration  4.634175373
Exp 46
Connecting to "/run/containerd/io.containerd.runtime.v2.task/k8s.io/31769" at 2023-05-27T08:40:09.733631868Z
Received from client at : 2023-05-27 08:40:09.738697531 UTC
Duration  1.550217713
Exp 47
Connecting to "/run/containerd/io.containerd.runtime.v2.task/k8s.io/22366" at 2023-05-27T08:40:14.286957672Z
Received from client at : 2023-05-27 08:40:14.292126573 UTC
Duration  1.521965078
Exp 48
Connecting to "/run/containerd/io.containerd.runtime.v2.task/k8s.io/4516" at 2023-05-27T08:40:18.895801520Z
Received from client at : 2023-05-27 08:40:18.900832283 UTC
Duration  1.575503325
Exp 49
Connecting to "/run/containerd/io.containerd.runtime.v2.task/k8s.io/21669" at 2023-05-27T08:40:23.503655612Z
Received from client at : 2023-05-27 08:40:23.508828705 UTC
Exp 50
Connecting to "/run/containerd/io.containerd.runtime.v2.task/k8s.io/8843" at 2023-05-27T08:41:06.347921890Z
Received from client at : 2023-05-27 08:41:06.353051662 UTC
Duration  1.676405635