Exp 1
Connecting to "/run/containerd/io.containerd.runtime.v2.task/k8s.io/9627" at 2023-05-21T13:43:55.744599293Z
Received from client at : 2023-05-21 13:43:55.768080197 UTC
Duration  5.280951444
Exp 2
Connecting to "/run/containerd/io.containerd.runtime.v2.task/k8s.io/4628" at 2023-05-21T13:44:04.011267172Z
Received from client at : 2023-05-21 13:44:04.034174899 UTC
Duration  5.231495682
Exp 3
Connecting to "/run/containerd/io.containerd.runtime.v2.task/k8s.io/12261" at 2023-05-21T13:44:12.317767544Z
Received from client at : 2023-05-21 13:44:12.340083536 UTC
Duration  5.281850095
Exp 4
Connecting to "/run/containerd/io.containerd.runtime.v2.task/k8s.io/28411" at 2023-05-21T13:44:20.586078270Z
Received from client at : 2023-05-21 13:44:20.608969421 UTC
Duration  5.244821841
Exp 5
Connecting to "/run/containerd/io.containerd.runtime.v2.task/k8s.io/17002" at 2023-05-21T13:44:28.832056897Z
Received from client at : 2023-05-21 13:44:28.854752031 UTC
Duration  5.210260049
Exp 6
Connecting to "/run/containerd/io.containerd.runtime.v2.task/k8s.io/16962" at 2023-05-21T13:44:37.117288515Z
Received from client at : 2023-05-21 13:44:37.139641487 UTC
Duration  5.245534666
Exp 7
Connecting to "/run/containerd/io.containerd.runtime.v2.task/k8s.io/31621" at 2023-05-21T13:44:45.404796843Z
Received from client at : 2023-05-21 13:44:45.427005042 UTC
Duration  5.347145483
Exp 8
Connecting to "/run/containerd/io.containerd.runtime.v2.task/k8s.io/24205" at 2023-05-21T13:44:53.715805286Z
Received from client at : 2023-05-21 13:44:53.737647118 UTC
Duration  5.203918832
Exp 9
Connecting to "/run/containerd/io.containerd.runtime.v2.task/k8s.io/30396" at 2023-05-21T13:45:02.141678487Z
Received from client at : 2023-05-21 13:45:02.164455202 UTC
Duration  5.377447823
Exp 10
Connecting to "/run/containerd/io.containerd.runtime.v2.task/k8s.io/22338" at 2023-05-21T13:45:10.552927753Z
Received from client at : 2023-05-21 13:45:10.574845433 UTC
Duration  5.398233615
Exp 11
Connecting to "/run/containerd/io.containerd.runtime.v2.task/k8s.io/6689" at 2023-05-21T13:45:18.807269338Z
Received from client at : 2023-05-21 13:45:18.829706929 UTC
Duration  5.215082568
Exp 12
Connecting to "/run/containerd/io.containerd.runtime.v2.task/k8s.io/30089" at 2023-05-21T13:45:27.046778823Z
Received from client at : 2023-05-21 13:45:27.068848239 UTC
Duration  5.199053676
Exp 13
Connecting to "/run/containerd/io.containerd.runtime.v2.task/k8s.io/23299" at 2023-05-21T13:45:35.327317891Z
Received from client at : 2023-05-21 13:45:35.350060679 UTC
Duration  5.256598383
Exp 14
Connecting to "/run/containerd/io.containerd.runtime.v2.task/k8s.io/28188" at 2023-05-21T13:45:43.552600982Z
Received from client at : 2023-05-21 13:45:43.574746661 UTC
Duration  5.193135568
Exp 15
Connecting to "/run/containerd/io.containerd.runtime.v2.task/k8s.io/21629" at 2023-05-21T13:45:51.835189327Z
Received from client at : 2023-05-21 13:45:51.858083842 UTC
Duration  5.252794578
Exp 16
Connecting to "/run/containerd/io.containerd.runtime.v2.task/k8s.io/22628" at 2023-05-21T13:46:00.178924612Z
Received from client at : 2023-05-21 13:46:00.201726716 UTC
Duration  5.316465777
Exp 17
Connecting to "/run/containerd/io.containerd.runtime.v2.task/k8s.io/4833" at 2023-05-21T13:46:08.468874989Z
Received from client at : 2023-05-21 13:46:08.491035309 UTC
Duration  5.259793176
Exp 18
Connecting to "/run/containerd/io.containerd.runtime.v2.task/k8s.io/32189" at 2023-05-21T13:46:16.734109345Z
Received from client at : 2023-05-21 13:46:16.756521159 UTC
Duration  5.219955255
Exp 19
Connecting to "/run/containerd/io.containerd.runtime.v2.task/k8s.io/15414" at 2023-05-21T13:46:25.098344949Z
Received from client at : 2023-05-21 13:46:25.121416829 UTC
Duration  5.335568982
Exp 20
Connecting to "/run/containerd/io.containerd.runtime.v2.task/k8s.io/9497" at 2023-05-21T13:46:33.323580810Z
Received from client at : 2023-05-21 13:46:33.346573719 UTC
Duration  5.189071250
Exp 21
Connecting to "/run/containerd/io.containerd.runtime.v2.task/k8s.io/17633" at 2023-05-21T13:46:41.645587893Z
Received from client at : 2023-05-21 13:46:41.668534242 UTC
Duration  5.312079326
Exp 22
Connecting to "/run/containerd/io.containerd.runtime.v2.task/k8s.io/20019" at 2023-05-21T13:46:50.212923721Z
Received from client at : 2023-05-21 13:46:50.235374538 UTC
Duration  5.525614639
Exp 23
Connecting to "/run/containerd/io.containerd.runtime.v2.task/k8s.io/4835" at 2023-05-21T13:46:58.504924652Z
Received from client at : 2023-05-21 13:46:58.527053752 UTC
Duration  5.265086888
Exp 24
Connecting to "/run/containerd/io.containerd.runtime.v2.task/k8s.io/21406" at 2023-05-21T13:47:06.821385064Z
Received from client at : 2023-05-21 13:47:06.843672837 UTC
Duration  5.282761128
Exp 25
Connecting to "/run/containerd/io.containerd.runtime.v2.task/k8s.io/8241" at 2023-05-21T13:47:15.089441122Z
Received from client at : 2023-05-21 13:47:15.111589544 UTC
Duration  5.226998566
Exp 26
Connecting to "/run/containerd/io.containerd.runtime.v2.task/k8s.io/7950" at 2023-05-21T13:47:23.469890536Z
Received from client at : 2023-05-21 13:47:23.492605467 UTC
Duration  5.361342476
Exp 27
Connecting to "/run/containerd/io.containerd.runtime.v2.task/k8s.io/12660" at 2023-05-21T13:47:31.792266714Z
Received from client at : 2023-05-21 13:47:31.815101080 UTC
Duration  5.272434733
Exp 28
Connecting to "/run/containerd/io.containerd.runtime.v2.task/k8s.io/25289" at 2023-05-21T13:47:40.019714405Z
Received from client at : 2023-05-21 13:47:40.042557198 UTC
Duration  5.204800418
Exp 29
Connecting to "/run/containerd/io.containerd.runtime.v2.task/k8s.io/1477" at 2023-05-21T13:47:48.424696224Z
Received from client at : 2023-05-21 13:47:48.446814556 UTC
Duration  5.379826871
Exp 30
Connecting to "/run/containerd/io.containerd.runtime.v2.task/k8s.io/2461" at 2023-05-21T13:47:56.770379503Z
Received from client at : 2023-05-21 13:47:56.794107586 UTC
Duration  5.302862076
Exp 31
Connecting to "/run/containerd/io.containerd.runtime.v2.task/k8s.io/24200" at 2023-05-21T13:48:05.023987248Z
Received from client at : 2023-05-21 13:48:05.046958489 UTC
Duration  5.224947760
Exp 32
Connecting to "/run/containerd/io.containerd.runtime.v2.task/k8s.io/29920" at 2023-05-21T13:48:13.308439986Z
Received from client at : 2023-05-21 13:48:13.331735011 UTC
Duration  5.264978045
Exp 33
Connecting to "/run/containerd/io.containerd.runtime.v2.task/k8s.io/15685" at 2023-05-21T13:48:21.570840199Z
Received from client at : 2023-05-21 13:48:21.593997842 UTC
Duration  5.279878088
Exp 34
Connecting to "/run/containerd/io.containerd.runtime.v2.task/k8s.io/9166" at 2023-05-21T13:48:29.868732844Z
Received from client at : 2023-05-21 13:48:29.891471032 UTC
Duration  5.210403385
Exp 35
Connecting to "/run/containerd/io.containerd.runtime.v2.task/k8s.io/12113" at 2023-05-21T13:48:38.128434373Z
Received from client at : 2023-05-21 13:48:38.150481299 UTC
Duration  5.220102061
Exp 36
Connecting to "/run/containerd/io.containerd.runtime.v2.task/k8s.io/25330" at 2023-05-21T13:48:46.552563950Z
Received from client at : 2023-05-21 13:48:46.574816046 UTC
Duration  5.404164783
Exp 37
Connecting to "/run/containerd/io.containerd.runtime.v2.task/k8s.io/15431" at 2023-05-21T13:48:54.809349609Z
Received from client at : 2023-05-21 13:48:54.832265179 UTC
Duration  5.217806927
Exp 38
Connecting to "/run/containerd/io.containerd.runtime.v2.task/k8s.io/30427" at 2023-05-21T13:49:03.149242871Z
Received from client at : 2023-05-21 13:49:03.172300685 UTC
Duration  5.313525138
Exp 39
Connecting to "/run/containerd/io.containerd.runtime.v2.task/k8s.io/19323" at 2023-05-21T13:49:11.498839570Z
Received from client at : 2023-05-21 13:49:11.521110619 UTC
Exp 40
Connecting to "/run/containerd/io.containerd.runtime.v2.task/k8s.io/20913" at 2023-05-21T13:56:38.423075639Z
Received from client at : 2023-05-21 13:56:38.446112326 UTC
Duration  5.215648412
Exp 41
Connecting to "/run/containerd/io.containerd.runtime.v2.task/k8s.io/6936" at 2023-05-21T13:56:46.792305489Z
Received from client at : 2023-05-21 13:56:46.815401451 UTC
Duration  5.342473754
Exp 42
Connecting to "/run/containerd/io.containerd.runtime.v2.task/k8s.io/24554" at 2023-05-21T13:56:55.023069665Z
Received from client at : 2023-05-21 13:56:55.045234627 UTC
Duration  5.216190223
Exp 43
Connecting to "/run/containerd/io.containerd.runtime.v2.task/k8s.io/24812" at 2023-05-21T13:57:03.365476708Z
Received from client at : 2023-05-21 13:57:03.387763078 UTC
Duration  5.297007048
Exp 44
Connecting to "/run/containerd/io.containerd.runtime.v2.task/k8s.io/30628" at 2023-05-21T13:57:11.649421338Z
Received from client at : 2023-05-21 13:57:11.671743929 UTC
Duration  5.262856521
Exp 45
Connecting to "/run/containerd/io.containerd.runtime.v2.task/k8s.io/4664" at 2023-05-21T13:57:19.983111979Z
Received from client at : 2023-05-21 13:57:20.005826380 UTC
Duration  5.290278564
Exp 46
Connecting to "/run/containerd/io.containerd.runtime.v2.task/k8s.io/25711" at 2023-05-21T13:57:28.279884079Z
Received from client at : 2023-05-21 13:57:28.302202806 UTC
Duration  5.277122527
Exp 47
Connecting to "/run/containerd/io.containerd.runtime.v2.task/k8s.io/12328" at 2023-05-21T13:57:36.550266462Z
Received from client at : 2023-05-21 13:57:36.572322969 UTC
Exp 48
Connecting to "/run/containerd/io.containerd.runtime.v2.task/k8s.io/8403" at 2023-05-21T14:03:11.026804452Z
Received from client at : 2023-05-21 14:03:11.049899230 UTC
Duration  5.281288547
Exp 49
Connecting to "/run/containerd/io.containerd.runtime.v2.task/k8s.io/9582" at 2023-05-21T14:03:19.308843166Z
Received from client at : 2023-05-21 14:03:19.332468164 UTC
Duration  5.264922384
Exp 50
Connecting to "/run/containerd/io.containerd.runtime.v2.task/k8s.io/9334" at 2023-05-21T14:03:27.723942654Z
Received from client at : 2023-05-21 14:03:27.746410941 UTC
Duration  5.380730557%