Downloading file
args: ["main"]
Value of STORAGE_IP: 192.168.0.213:8888
Downloading file file_30M.txt
GET
Status: 200 OK
Connecting at 2023-05-28T13:38:47.286763164Z

Received at 2023-05-28T13:38:47.410529016Z

duration PT0.123765852S
Connecting at 2023-05-28T13:38:47.434658248Z

Received at 2023-05-28T13:38:47.546424154Z

duration PT0.111765906S
Connecting at 2023-05-28T13:38:47.570253497Z

Received at 2023-05-28T13:38:47.694696577Z

duration PT0.124443080S
Connecting at 2023-05-28T13:38:47.718606074Z

Received at 2023-05-28T13:38:47.835189627Z

duration PT0.116583553S
Connecting at 2023-05-28T13:38:47.859141152Z

Received at 2023-05-28T13:38:47.976599460Z

duration PT0.117458308S
Connecting at 2023-05-28T13:38:48.000192865Z

Received at 2023-05-28T13:38:48.116164251Z

duration PT0.115971386S
Connecting at 2023-05-28T13:38:48.139919080Z

Received at 2023-05-28T13:38:48.255822036Z

duration PT0.115902956S
Connecting at 2023-05-28T13:38:48.280011152Z

Received at 2023-05-28T13:38:48.396839640Z

duration PT0.116828488S
Connecting at 2023-05-28T13:38:48.420842830Z

Received at 2023-05-28T13:38:48.537688212Z

duration PT0.116845382S
Connecting at 2023-05-28T13:38:48.561656520Z

Received at 2023-05-28T13:38:48.683361211Z

duration PT0.121704691S
Result  10 sent, Duration 1181 ms
throughput: 8.465472301397904
Finished
Duration  9.893823945