Downloading file
args: ["main"]
Value of STORAGE_IP: 192.168.0.213:8888
Downloading file file_10M.txt
GET
Status: 200 OK
Connecting at 2023-05-28T12:15:04.830627652Z

Received at 2023-05-28T12:15:04.895666383Z

duration PT0.065038731S
Connecting at 2023-05-28T12:15:04.906040698Z

Received at 2023-05-28T12:15:04.958197809Z

duration PT0.052157111S
Connecting at 2023-05-28T12:15:04.968622699Z

Received at 2023-05-28T12:15:05.020754472Z

duration PT0.052131773S
Connecting at 2023-05-28T12:15:05.030685466Z

Received at 2023-05-28T12:15:05.081540133Z

duration PT0.050854667S
Connecting at 2023-05-28T12:15:05.091950527Z

Received at 2023-05-28T12:15:05.148452141Z

duration PT0.056501614S
Connecting at 2023-05-28T12:15:05.159206014Z

Received at 2023-05-28T12:15:05.213678196Z

duration PT0.054472182S
Connecting at 2023-05-28T12:15:05.223951373Z

Received at 2023-05-28T12:15:05.278207483Z

duration PT0.054256110S
Connecting at 2023-05-28T12:15:05.288610831Z

Received at 2023-05-28T12:15:05.342380318Z

duration PT0.053769487S
Connecting at 2023-05-28T12:15:05.352899581Z

Received at 2023-05-28T12:15:05.408223551Z

duration PT0.055323970S
Connecting at 2023-05-28T12:15:05.418581302Z

Received at 2023-05-28T12:15:05.472287036Z

duration PT0.053705734S
Result  10 sent, Duration 548 ms
throughput: 18.24115167335205
Finished
Duration  3.649719705