Downloading file
args: ["main"]
Value of STORAGE_IP: 192.168.0.213:8888
Downloading file file_4M.txt
GET
Status: 200 OK
Connecting at 2023-05-28T09:36:29.827055434Z

Received at 2023-05-28T09:36:29.852162530Z

Connecting at 2023-05-28T09:36:29.854593168Z

Received at 2023-05-28T09:36:29.870899798Z

Connecting at 2023-05-28T09:36:29.873143507Z

Received at 2023-05-28T09:36:29.888953215Z

Connecting at 2023-05-28T09:36:29.891172768Z

Received at 2023-05-28T09:36:29.909150096Z

Connecting at 2023-05-28T09:36:29.911408679Z

Received at 2023-05-28T09:36:29.927467505Z

Connecting at 2023-05-28T09:36:29.929627764Z

Received at 2023-05-28T09:36:29.945740321Z

Connecting at 2023-05-28T09:36:29.947958101Z

Received at 2023-05-28T09:36:29.963921744Z

Connecting at 2023-05-28T09:36:29.966161831Z

Received at 2023-05-28T09:36:29.982326496Z

Connecting at 2023-05-28T09:36:29.984604422Z

Received at 2023-05-28T09:36:30.003173488Z

Result  10 sent, Duration 158 ms
throughput: 63.26351150446957
Finished
Duration  1.371266860