Downloading file
args: ["main"]
Value of STORAGE_IP: 192.168.0.213:8888
Downloading file file_6M.txt
GET
Status: 200 OK
Connecting at 2023-05-28T09:37:50.509738785Z

Received at 2023-05-28T09:37:50.532012660Z

Connecting at 2023-05-28T09:37:50.534832825Z

Received at 2023-05-28T09:37:50.551419201Z

Connecting at 2023-05-28T09:37:50.553691894Z

Received at 2023-05-28T09:37:50.569629616Z

Connecting at 2023-05-28T09:37:50.571889752Z

Received at 2023-05-28T09:37:50.587618342Z

Connecting at 2023-05-28T09:37:50.589819781Z

Received at 2023-05-28T09:37:50.605791678Z

Connecting at 2023-05-28T09:37:50.608045702Z

Received at 2023-05-28T09:37:50.623719658Z

Connecting at 2023-05-28T09:37:50.625947353Z

Received at 2023-05-28T09:37:50.642999948Z

Connecting at 2023-05-28T09:37:50.645294599Z

Received at 2023-05-28T09:37:50.661844045Z

Connecting at 2023-05-28T09:37:50.664185725Z

Received at 2023-05-28T09:37:50.680014258Z

Result  10 sent, Duration 151 ms
throughput: 65.96219047242121
Finished
Duration  1.832113022