Downloading file
args: ["main"]
Value of STORAGE_IP: 192.168.0.213:8888
Downloading file file_20M.txt
GET
Status: 200 OK
Connecting at 2023-05-28T12:16:37.783333358Z

Received at 2023-05-28T12:16:37.880837221Z

duration PT0.097503863S
Connecting at 2023-05-28T12:16:37.899091569Z

Received at 2023-05-28T12:16:37.985981329Z

duration PT0.086889760S
Connecting at 2023-05-28T12:16:38.003551126Z

Received at 2023-05-28T12:16:38.094659896Z

duration PT0.091108770S
Connecting at 2023-05-28T12:16:38.112961796Z

Received at 2023-05-28T12:16:38.202777392Z

duration PT0.089815596S
Connecting at 2023-05-28T12:16:38.220368679Z

Received at 2023-05-28T12:16:38.306023910Z

duration PT0.085655231S
Connecting at 2023-05-28T12:16:38.323785068Z

Received at 2023-05-28T12:16:38.417046562Z

duration PT0.093261494S
Connecting at 2023-05-28T12:16:38.434585373Z

Received at 2023-05-28T12:16:38.521170767Z

duration PT0.086585394S
Connecting at 2023-05-28T12:16:38.538641347Z

Received at 2023-05-28T12:16:38.628790695Z

duration PT0.090149348S
Connecting at 2023-05-28T12:16:38.646454702Z

Received at 2023-05-28T12:16:38.741088357Z

duration PT0.094633655S
Connecting at 2023-05-28T12:16:38.759323286Z

Received at 2023-05-28T12:16:38.850232899Z

duration PT0.090909613S
Result  10 sent, Duration 906 ms
throughput: 11.031293573609616
Finished
Duration  6.760601804