Downloading file
args: ["main"]
Value of STORAGE_IP: 192.168.0.213:8888
Downloading file file_8M.txt
GET
Status: 200 OK
Connecting at 2023-05-28T12:13:47.057769389Z

Received at 2023-05-28T12:13:47.107187885Z

duration PT0.049418496S
Connecting at 2023-05-28T12:13:47.115677541Z

Received at 2023-05-28T12:13:47.159168651Z

duration PT0.043491110S
Connecting at 2023-05-28T12:13:47.167469578Z

Received at 2023-05-28T12:13:47.210868828Z

duration PT0.043399250S
Connecting at 2023-05-28T12:13:47.219036432Z

Received at 2023-05-28T12:13:47.261864953Z

duration PT0.042828521S
Connecting at 2023-05-28T12:13:47.270063868Z

Received at 2023-05-28T12:13:47.316227273Z

duration PT0.046163405S
Connecting at 2023-05-28T12:13:47.324497106Z

Received at 2023-05-28T12:13:47.366641502Z

duration PT0.042144396S
Connecting at 2023-05-28T12:13:47.374718733Z

Received at 2023-05-28T12:13:47.413888295Z

duration PT0.039169562S
Connecting at 2023-05-28T12:13:47.422019225Z

Received at 2023-05-28T12:13:47.464148763Z

duration PT0.042129538S
Connecting at 2023-05-28T12:13:47.472288891Z

Received at 2023-05-28T12:13:47.515316794Z

duration PT0.043027903S
Connecting at 2023-05-28T12:13:47.523269737Z

Received at 2023-05-28T12:13:47.566381744Z

duration PT0.043112007S
Result  10 sent, Duration 434 ms
throughput: 22.994637650499904
Finished
Duration  2.847199359
