Downloading file
args: ["main"]
Value of STORAGE_IP: 192.168.0.213:8888
Downloading file file_60M.txt
GET
Status: 200 OK
Connecting at 2023-05-28T12:22:07.924920449Z

Received at 2023-05-28T12:22:08.144798231Z

duration PT0.219877782S
Connecting at 2023-05-28T12:22:08.189550693Z

Received at 2023-05-28T12:22:08.398853988Z

duration PT0.209303295S
Connecting at 2023-05-28T12:22:08.442436363Z

Received at 2023-05-28T12:22:08.653517496Z

duration PT0.211081133S
Connecting at 2023-05-28T12:22:08.697644439Z

Received at 2023-05-28T12:22:08.901810853Z

duration PT0.204166414S
Connecting at 2023-05-28T12:22:08.946318258Z

Received at 2023-05-28T12:22:09.155819641Z

duration PT0.209501383S
Connecting at 2023-05-28T12:22:09.199995809Z

Received at 2023-05-28T12:22:09.418034161Z

duration PT0.218038352S
Connecting at 2023-05-28T12:22:09.462980929Z

Received at 2023-05-28T12:22:09.676894018Z

duration PT0.213913089S
Connecting at 2023-05-28T12:22:09.720701483Z

Received at 2023-05-28T12:22:09.919412706Z

duration PT0.198711223S
Connecting at 2023-05-28T12:22:09.963126654Z

Received at 2023-05-28T12:22:10.169674569Z

duration PT0.206547915S
Connecting at 2023-05-28T12:22:10.213992290Z

Received at 2023-05-28T12:22:10.427638082Z

duration PT0.213645792S
Result  10 sent, Duration 2104 ms
throughput: 4.751076831563874
Finished
Duration  20.498886147