Downloading file
args: ["main"]
Value of STORAGE_IP: 192.168.0.213:8888
Downloading file file_100M.txt
GET
Status: 200 OK
Connecting at 2023-05-28T09:39:21.776015772Z

Received at 2023-05-28T09:39:21.799507196Z

Connecting at 2023-05-28T09:39:21.802038293Z

Received at 2023-05-28T09:39:21.817799912Z

Connecting at 2023-05-28T09:39:21.820058424Z

Received at 2023-05-28T09:39:21.837102328Z

Connecting at 2023-05-28T09:39:21.839306118Z

Received at 2023-05-28T09:39:21.855185205Z

Connecting at 2023-05-28T09:39:21.857415753Z

Received at 2023-05-28T09:39:21.873476469Z

Connecting at 2023-05-28T09:39:21.875732908Z

Received at 2023-05-28T09:39:21.891409956Z

Connecting at 2023-05-28T09:39:21.893531647Z

Received at 2023-05-28T09:39:21.909190134Z

Connecting at 2023-05-28T09:39:21.911456861Z

Received at 2023-05-28T09:39:21.927372752Z

Connecting at 2023-05-28T09:39:21.929515626Z

Received at 2023-05-28T09:39:21.948140966Z

Result  10 sent, Duration 154 ms
throughput: 64.88745271326883
Finished
Duration  28.531771276