Downloading file
args: ["main"]
Value of STORAGE_IP: 192.168.0.213:8888
Downloading file file_2M.txt
GET
Status: 200 OK
Connecting at 2023-05-28T12:12:04.092652248Z

Received at 2023-05-28T12:12:04.128349754Z

duration PT0.035697506S
Connecting at 2023-05-28T12:12:04.132235716Z

Received at 2023-05-28T12:12:04.155050926Z

duration PT0.022815210S
Connecting at 2023-05-28T12:12:04.158779304Z

Received at 2023-05-28T12:12:04.181428067Z

duration PT0.022648763S
Connecting at 2023-05-28T12:12:04.185325290Z

Received at 2023-05-28T12:12:04.209241518Z

duration PT0.023916228S
Connecting at 2023-05-28T12:12:04.212977900Z

Received at 2023-05-28T12:12:04.235417456Z

duration PT0.022439556S
Connecting at 2023-05-28T12:12:04.239346988Z

Received at 2023-05-28T12:12:04.262424621Z

duration PT0.023077633S
Connecting at 2023-05-28T12:12:04.266296864Z

Received at 2023-05-28T12:12:04.289581860Z

duration PT0.023284996S
Connecting at 2023-05-28T12:12:04.293201779Z

Received at 2023-05-28T12:12:04.315599473Z

duration PT0.022397694S
Connecting at 2023-05-28T12:12:04.319309356Z

Received at 2023-05-28T12:12:04.342628247Z

duration PT0.023318891S
Connecting at 2023-05-28T12:12:04.346309441Z

Received at 2023-05-28T12:12:04.369224077Z

duration PT0.022914636S
Result  10 sent, Duration 242 ms
throughput: 41.23524293743377
Finished
Duration  .892827222