Exp 0
Connecting at 2023-05-29T06:59:30.714771032Z
Received at 2023-05-29T06:59:30.745758120Z
throughput: 15.822534453568775 index 0
Result  1 sent, Duration 63 ms
throughput: 15.822534453568775
Exp 1
Connecting at 2023-05-29T06:59:31.656209374Z
Received at 2023-05-29T06:59:31.705388558Z
throughput: 12.171224790350653 index 0
Result  1 sent, Duration 82 ms
throughput: 12.171224790350653
Exp 2
Connecting at 2023-05-29T06:59:32.621847752Z
Received at 2023-05-29T06:59:32.670066272Z
throughput: 12.318911993692717 index 0
Result  1 sent, Duration 81 ms
throughput: 12.318911993692717
Exp 3
Connecting at 2023-05-29T06:59:33.578453064Z
Received at 2023-05-29T06:59:33.609334280Z
throughput: 15.832304233558153 index 0
Result  1 sent, Duration 63 ms
throughput: 15.832304233558153
Exp 4
Connecting at 2023-05-29T06:59:34.494011838Z
Received at 2023-05-29T06:59:34.525087019Z
throughput: 15.6335495974361 index 0
Result  1 sent, Duration 63 ms
throughput: 15.6335495974361
Exp 5
Connecting at 2023-05-29T06:59:35.367112172Z
Received at 2023-05-29T06:59:35.398147923Z
throughput: 17.239298705328665 index 0
Result  1 sent, Duration 58 ms
throughput: 17.239298705328665
Exp 6
ctr: snapshot "8991": already exists
Exp 7
Connecting at 2023-05-29T06:59:36.385457778Z
Received at 2023-05-29T06:59:36.433676183Z
throughput: 12.276114364281417 index 0
Result  1 sent, Duration 81 ms
throughput: 12.276114364281417
Exp 8
Connecting at 2023-05-29T06:59:37.309843089Z
Received at 2023-05-29T06:59:37.358146949Z
throughput: 12.367360063320884 index 0
Result  1 sent, Duration 80 ms
throughput: 12.367360063320884
Exp 9
Connecting at 2023-05-29T06:59:38.255314397Z
Received at 2023-05-29T06:59:38.304112927Z
throughput: 12.284710449374709 index 0
Result  1 sent, Duration 81 ms
throughput: 12.284710449374709
Exp 10
Connecting at 2023-05-29T06:59:39.551723121Z
Received at 2023-05-29T06:59:39.600072640Z
throughput: 12.164266251459711 index 0
Result  1 sent, Duration 82 ms
throughput: 12.164266251459711