Exp 0
Connecting at 2023-05-29T08:27:56.536475156Z
Received at 2023-05-29T08:28:00.642516026Z
throughput: 0.20363550466478034 index 0
Result  1 sent, Duration 4910 ms
throughput: 0.20363550466478034
Exp 1
Connecting at 2023-05-29T08:28:27.678353010Z
Received at 2023-05-29T08:28:31.278124829Z
throughput: 0.22686025408348456 index 0
Result  1 sent, Duration 4408 ms
throughput: 0.22686025408348456
Exp 2
Connecting at 2023-05-29T08:28:57.316587989Z
Received at 2023-05-29T08:28:59.963460198Z
throughput: 0.28904365570853996 index 0
Result  1 sent, Duration 3459 ms
throughput: 0.28904365570853996
Exp 3
Connecting at 2023-05-29T08:29:26.565222196Z
Received at 2023-05-29T08:29:29.859830034Z
throughput: 0.24366542982094488 index 0
Result  1 sent, Duration 4103 ms
throughput: 0.24366542982094488
Exp 4
Connecting at 2023-05-29T08:29:55.631645092Z
Received at 2023-05-29T08:29:58.283228726Z
throughput: 0.2883326759348322 index 0
Result  1 sent, Duration 3468 ms
throughput: 0.2883326759348322
Exp 5
Connecting at 2023-05-29T08:30:24.359559819Z
Received at 2023-05-29T08:30:27.020462611Z
throughput: 0.28848672557180954 index 0
Result  1 sent, Duration 3466 ms
throughput: 0.28848672557180954
Exp 6
Connecting at 2023-05-29T08:30:52.775253377Z
Received at 2023-05-29T08:30:55.435413766Z
throughput: 0.288288953170919 index 0
Result  1 sent, Duration 3468 ms
throughput: 0.288288953170919
Exp 7
Connecting at 2023-05-29T08:31:21.497843998Z
Received at 2023-05-29T08:31:24.375206824Z
throughput: 0.27148785661966124 index 0
Result  1 sent, Duration 3683 ms
throughput: 0.27148785661966124
Exp 8
Connecting at 2023-05-29T08:31:52.168682805Z
Received at 2023-05-29T08:31:55.434487223Z
throughput: 0.24558656386085656 index 0
Result  1 sent, Duration 4071 ms
throughput: 0.24558656386085656
Exp 9
Connecting at 2023-05-29T08:32:21.859531570Z
Received at 2023-05-29T08:32:24.506088888Z
throughput: 0.28956517156446854 index 0
Result  1 sent, Duration 3453 ms
throughput: 0.28956517156446854
Exp 10
Connecting at 2023-05-29T08:32:52.291738235Z
Received at 2023-05-29T08:32:55.655753970Z
throughput: 0.23971456707069758 index 0
Result  1 sent, Duration 4171 ms
throughput: 0.23971456707069758