Exp 1
Connecting at 2023-05-25T14:27:01.015872959Z
Received at 2023-05-25T14:27:01.845853399Z
Duration  3.223487688
Exp 2
Connecting at 2023-05-25T14:27:04.173589062Z
Received at 2023-05-25T14:27:04.834965038Z
Duration  2.981978819
Exp 3
Connecting at 2023-05-25T14:27:07.099854893Z
Received at 2023-05-25T14:27:07.761690224Z
Duration  2.919405280
Exp 4
Connecting at 2023-05-25T14:27:10.047079461Z
Received at 2023-05-25T14:27:10.709506316Z
Duration  2.950417518
Exp 5
Connecting at 2023-05-25T14:27:12.995965727Z
Received at 2023-05-25T14:27:13.661553918Z
Duration  2.948350540
Exp 6
Connecting at 2023-05-25T14:27:15.937765303Z
Received at 2023-05-25T14:27:16.600696337Z
Duration  2.926027008
Exp 7
Connecting at 2023-05-25T14:27:18.906658916Z
Received at 2023-05-25T14:27:19.995960283Z
Duration  3.394556242
Exp 8
Connecting at 2023-05-25T14:27:22.232688196Z
Received at 2023-05-25T14:27:22.893851310Z
Duration  2.901367911
Exp 9
Connecting at 2023-05-25T14:27:25.217034264Z
Received at 2023-05-25T14:27:25.982533513Z
Duration  3.073918394
Exp 10
Connecting at 2023-05-25T14:27:28.295409411Z
Received at 2023-05-25T14:27:28.956551749Z
Duration  2.971632504
Exp 11
Connecting at 2023-05-25T14:27:31.255366086Z
Received at 2023-05-25T14:27:31.918819723Z
Duration  2.954068376
Exp 12
Connecting at 2023-05-25T14:27:34.229249748Z
Received at 2023-05-25T14:27:34.892080022Z
Duration  2.977132684
Exp 13
Connecting at 2023-05-25T14:27:37.191245702Z
Received at 2023-05-25T14:27:37.851950034Z
Duration  2.952129456
Exp 14
Connecting at 2023-05-25T14:27:40.147694557Z
Received at 2023-05-25T14:27:40.811553911Z
Duration  2.952995982
Exp 15
Connecting at 2023-05-25T14:27:43.135225625Z
Received at 2023-05-25T14:27:43.797421943Z
Duration  2.982766987
Exp 16
Connecting at 2023-05-25T14:27:46.084785378Z
Received at 2023-05-25T14:27:47.183333846Z
Duration  3.380913658
Exp 17
Connecting at 2023-05-25T14:27:49.456795060Z
Received at 2023-05-25T14:27:50.549076806Z
Duration  3.365543388
Exp 18
Connecting at 2023-05-25T14:27:52.826566960Z
Received at 2023-05-25T14:27:53.487961591Z
Duration  2.930181147
Exp 19
Connecting at 2023-05-25T14:27:55.793386831Z
Received at 2023-05-25T14:27:56.779147486Z
Duration  3.290757767
Exp 20
Connecting at 2023-05-25T14:27:59.097001854Z
Received at 2023-05-25T14:27:59.758682838Z
Duration  2.976541685
Exp 21
Connecting at 2023-05-25T14:28:02.036908082Z
Received at 2023-05-25T14:28:02.700012731Z
Duration  2.929378681
Exp 22
Connecting at 2023-05-25T14:28:04.956454543Z
Received at 2023-05-25T14:28:06.054104730Z
Duration  3.353394647
Exp 23
Connecting at 2023-05-25T14:28:08.369891644Z
Received at 2023-05-25T14:28:09.463442582Z
Duration  3.412979132
Exp 24
Connecting at 2023-05-25T14:28:11.781246523Z
Received at 2023-05-25T14:28:12.881448775Z
Duration  3.405335967
Exp 25
Connecting at 2023-05-25T14:28:15.187742643Z
Received at 2023-05-25T14:28:16.276765434Z
Duration  3.388801743
Exp 26
Connecting at 2023-05-25T14:28:18.546844765Z
Received at 2023-05-25T14:28:19.208414873Z
Duration  2.932571222
Exp 27
Connecting at 2023-05-25T14:28:21.617757424Z
Received at 2023-05-25T14:28:22.280903156Z
Duration  3.058644302
Exp 28
Connecting at 2023-05-25T14:28:24.567960693Z
Received at 2023-05-25T14:28:25.229375991Z
Duration  2.956499930
Exp 29
Connecting at 2023-05-25T14:28:27.544082324Z
Received at 2023-05-25T14:28:28.231419625Z
Duration  2.993160799
Exp 30
Connecting at 2023-05-25T14:28:30.486957154Z
Received at 2023-05-25T14:28:31.154349360Z
Duration  2.916056812
Exp 31
Connecting at 2023-05-25T14:28:33.415349657Z
Received at 2023-05-25T14:28:34.078008983Z
Duration  2.912850722
Exp 32
Connecting at 2023-05-25T14:28:36.451447676Z
Received at 2023-05-25T14:28:37.116062620Z
Duration  3.044245530
Exp 33
Connecting at 2023-05-25T14:28:39.391043766Z
Received at 2023-05-25T14:28:40.053136626Z
Duration  2.936554342
Exp 34
Connecting at 2023-05-25T14:28:42.340879355Z
Received at 2023-05-25T14:28:43.002360615Z
Duration  2.943009789
Exp 35
Connecting at 2023-05-25T14:28:45.322078067Z
Received at 2023-05-25T14:28:45.986847400Z
Duration  2.978653075
Exp 36
Connecting at 2023-05-25T14:28:48.312966395Z
Received at 2023-05-25T14:28:48.976285268Z
Duration  2.984074990
Exp 37
Connecting at 2023-05-25T14:28:51.271906487Z
Received at 2023-05-25T14:28:51.933718601Z
Duration  2.955404228
Exp 38
Connecting at 2023-05-25T14:28:54.206328365Z
Received at 2023-05-25T14:28:54.869972022Z
Duration  2.924355870
Exp 39
Connecting at 2023-05-25T14:28:57.174702255Z
Received at 2023-05-25T14:28:57.837849696Z
Duration  2.967730547
Exp 40
Connecting at 2023-05-25T14:29:00.103928630Z
Received at 2023-05-25T14:29:00.765482585Z
Duration  2.932146220
Exp 41
Connecting at 2023-05-25T14:29:03.055812453Z
Received at 2023-05-25T14:29:03.717121905Z
Duration  2.935812606
Exp 42
Connecting at 2023-05-25T14:29:05.985905043Z
Received at 2023-05-25T14:29:07.087032573Z
Duration  3.359441065
Exp 43
Connecting at 2023-05-25T14:29:09.378604348Z
Received at 2023-05-25T14:29:10.144417521Z
Duration  3.066855249
Exp 44
Connecting at 2023-05-25T14:29:12.446281355Z
Received at 2023-05-25T14:29:13.109497225Z
Duration  2.958661324
Exp 45
Connecting at 2023-05-25T14:29:15.411688451Z
Received at 2023-05-25T14:29:16.510498231Z
Duration  3.393210539
Exp 46
Connecting at 2023-05-25T14:29:18.869357373Z
Received at 2023-05-25T14:29:19.535337392Z
Duration  3.019513437
Exp 47
Connecting at 2023-05-25T14:29:21.889813387Z
Received at 2023-05-25T14:29:22.553596126Z
Duration  3.020005069
Exp 48
Connecting at 2023-05-25T14:29:24.860601260Z
Received at 2023-05-25T14:29:25.522925801Z
Duration  2.971717372
Exp 49
Connecting at 2023-05-25T14:29:27.808730321Z
Received at 2023-05-25T14:29:28.472924773Z
Duration  2.931685333
Exp 50
Connecting at 2023-05-25T14:29:30.859116214Z
Received at 2023-05-25T14:29:31.525132633Z
Duration  3.047340355%