Exp 0
Connecting at 2023-05-29T07:01:25.341198219Z
Received at 2023-05-29T07:01:26.659337818Z
throughput: 0.5818080266235353 index 0
Result  1 sent, Duration 1718 ms
throughput: 0.5818080266235353
Exp 1
Connecting at 2023-05-29T07:01:37.496953042Z
Received at 2023-05-29T07:01:38.808953608Z
throughput: 0.5846127583549933 index 0
Result  1 sent, Duration 1710 ms
throughput: 0.5846127583549933
Exp 2
Connecting at 2023-05-29T07:01:48.472328307Z
Received at 2023-05-29T07:01:49.818974874Z
throughput: 0.5735576173040039 index 0
Result  1 sent, Duration 1743 ms
throughput: 0.5735576173040039
Exp 3
Connecting at 2023-05-29T07:01:59.760182506Z
Received at 2023-05-29T07:02:01.078617611Z
throughput: 0.5823006231781269 index 0
Result  1 sent, Duration 1717 ms
throughput: 0.5823006231781269
Exp 4
Connecting at 2023-05-29T07:02:10.788012635Z
Received at 2023-05-29T07:02:12.099954602Z
throughput: 0.5841793711075398 index 0
Result  1 sent, Duration 1711 ms
throughput: 0.5841793711075398
Exp 5
Connecting at 2023-05-29T07:02:22.393514627Z
Received at 2023-05-29T07:02:23.705010985Z
throughput: 0.5850139321067932 index 0
Result  1 sent, Duration 1709 ms
throughput: 0.5850139321067932
Exp 6
Connecting at 2023-05-29T07:02:33.423251890Z
Received at 2023-05-29T07:02:34.735663443Z
throughput: 0.5843729327807503 index 0
Result  1 sent, Duration 1711 ms
throughput: 0.5843729327807503
Exp 7
Connecting at 2023-05-29T07:02:44.628244929Z
Received at 2023-05-29T07:02:45.947882508Z
throughput: 0.5815799666638363 index 0
Result  1 sent, Duration 1719 ms
throughput: 0.5815799666638363
Exp 8
Connecting at 2023-05-29T07:02:55.954412412Z
Received at 2023-05-29T07:02:57.269726444Z
throughput: 0.5809073191417675 index 0
Result  1 sent, Duration 1721 ms
throughput: 0.5809073191417675
Exp 9
Connecting at 2023-05-29T07:03:07.134820109Z
Received at 2023-05-29T07:03:08.444975431Z
throughput: 0.5847997674836125 index 0
Result  1 sent, Duration 1709 ms
throughput: 0.5847997674836125
Exp 10
Connecting at 2023-05-29T07:03:21.510256411Z
Received at 2023-05-29T07:03:22.824026197Z
throughput: 0.5819844389000727 index 0
Result  1 sent, Duration 1718 ms
throughput: 0.5819844389000727