Exp 0
Connecting at 2023-05-29T07:05:07.796763279Z
                                            Received at 2023-05-29T07:05:12.231075672Z
                                                                                      throughput: 0.17307035638820858 index 0
                                                                                                                             Result  1 sent, Duration 5777 ms
                                                                                                                                                             throughput: 0.17307035638820858
                              Exp 1
Connecting at 2023-05-29T07:05:49.413655607Z
                                            Received at 2023-05-29T07:05:53.847033034Z
                                                                                      throughput: 0.1729845227287824 index 0
                                                                                                                            Result  1 sent, Duration 5780 ms
                                                                                                                                                            throughput: 0.1729845227287824
                            Exp 2
Connecting at 2023-05-29T07:06:32.160359083Z
                                            Received at 2023-05-29T07:06:36.587380408Z
                                                                                      throughput: 0.1730448398980489 index 0
                                                                                                                            Result  1 sent, Duration 5778 ms
                                                                                                                                                            throughput: 0.1730448398980489
                            Exp 3
Connecting at 2023-05-29T07:07:12.519628458Z
                                            Received at 2023-05-29T07:07:16.958598393Z
                                                                                      throughput: 0.1727318579729571 index 0
                                                                                                                            Result  1 sent, Duration 5789 ms
                                                                                                                                                            throughput: 0.1727318579729571
                            Exp 4
Connecting at 2023-05-29T07:07:53.490615413Z
                                            Received at 2023-05-29T07:07:57.925075103Z
                                                                                      throughput: 0.17316143251604602 index 0
                                                                                                                             Result  1 sent, Duration 5774 ms
                                                                                                                                                             throughput: 0.17316143251604602
                              Exp 5
Connecting at 2023-05-29T07:08:33.898177348Z
                                            Received at 2023-05-29T07:08:38.760081688Z
                                                                                      throughput: 0.16109531929495022 index 0
                                                                                                                             Result  1 sent, Duration 6207 ms
                                                                                                                                                             throughput: 0.16109531929495022
                              Exp 6
Connecting at 2023-05-29T07:09:16.085149413Z
                                            Received at 2023-05-29T07:09:20.506362719Z
                                                                                      throughput: 0.17324155919482173 index 0
                                                                                                                             Result  1 sent, Duration 5772 ms
                                                                                                                                                             throughput: 0.17324155919482173
                              Exp 7
Connecting at 2023-05-29T07:09:57.995409557Z
                                            Received at 2023-05-29T07:10:02.423420078Z
                                                                                      throughput: 0.17327298812733485 index 0
                                                                                                                             Result  1 sent, Duration 5771 ms
                                                                                                                                                             throughput: 0.17327298812733485
                              Exp 8
Connecting at 2023-05-29T07:10:37.937738159Z
                                            Received at 2023-05-29T07:10:42.368425672Z
                                                                                      throughput: 0.17287477262645531 index 0
                                                                                                                             Result  1 sent, Duration 5784 ms
                                                                                                                                                             throughput: 0.17287477262645531