1.899951721
1.850035892
1.852360867
1.894256295
2.216978300
3.053923505
2.934380848
2.857537698
2.854436292
2.859151043
2.806581375
2.775734742
2.832712403
2.756687266
1.938296679
1.872739938
1.874564640
1.869572816
2.655249741
1.932155669
1.892861072
1.882123189
1.861962961
1.859633602
2.757074632
3.093345807
2.915574862
2.895438151
2.872963736
2.794708970
2.845625098
2.860751910
2.780836054
2.774435164
2.768069020
2.800424584
2.758060134
2.756828165
2.809345088
2.777639007
2.792683832
2.793548859
2.803971268
2.768483324
2.815683641
2.887378753
2.781467435
2.811372135
2.766612266
2.787035694
2.750757845
2.832933177
2.940824368
2.937865362
2.892525985
3.051130027
3.069944596
3.010585424
3.379414268
3.502335327
2.933870476
4.974962039
2.815387131
2.743865113
2.797671685
2.783068569
2.759550943
2.875475221
3.086858909
3.142601703
3.023285697
3.157586180
3.110619482
3.344488218
2.762064072
2.769247165
2.787008523
3.334008653
2.926582168
2.756207971
3.176904512
3.153812428
3.349153145
2.979518735
3.375768496
3.660142627
3.681391270
3.110802750
3.511188174
3.737764289
3.561814289
3.562203892
3.010478098
3.296790577
3.402534745
