Duration  1.899951721
Duration  1.850035892
Duration  1.852360867
Duration  1.894256295
Duration  2.216978300
Duration  3.053923505
Duration  2.934380848
Duration  2.857537698
Duration  2.854436292
Duration  2.859151043
Duration  2.806581375
Duration  2.775734742
Duration  2.832712403
Duration  2.756687266
Duration  26.384835995
Duration  1.938296679
Duration  1.872739938
Duration  1.874564640
Duration  1.869572816
Duration  2.655249741
Duration  43.774088932
Duration  16.750391312
Duration  1.932155669
Duration  1.892861072
Duration  1.882123189
Duration  1.861962961
Duration  1.859633602
Duration  2.757074632
Duration  3.093345807
Duration  2.915574862
Duration  2.895438151
Duration  2.872963736
Duration  2.794708970
Duration  2.845625098
Duration  2.860751910
Duration  2.780836054
Duration  2.774435164
Duration  2.768069020
Duration  2.800424584
Duration  2.758060134
Duration  2.756828165
Duration  2.809345088
Duration  2.777639007
Duration  2.792683832
Duration  2.793548859
Duration  2.803971268
Duration  2.768483324
Duration  2.815683641
Duration  2.887378753
Duration  2.781467435
Duration  2.811372135
Duration  2.766612266
Duration  2.787035694
Duration  2.750757845
Duration  2.832933177
Duration  2.940824368
Duration  2.937865362
Duration  2.892525985
Duration  3.051130027
Duration  3.069944596
Duration  3.010585424
Duration  3.379414268
Duration  3.502335327
Duration  2.933870476
Duration  4.974962039
Duration  5.375099386
Duration  5.105154872
Duration  2.815387131
Duration  2.743865113
Duration  2.797671685
Duration  2.783068569
Duration  2.759550943
Duration  2.875475221
Duration  3.086858909
Duration  3.142601703
Duration  3.023285697
Duration  3.157586180
Duration  3.110619482
Duration  3.344488218
Duration  2.762064072
Duration  2.769247165
Duration  2.787008523
Duration  3.334008653
Duration  2.926582168
Duration  2.756207971
Duration  3.176904512
Duration  3.153812428
Duration  3.349153145
Duration  2.979518735
Duration  3.375768496
Duration  3.660142627
Duration  3.681391270
Duration  3.110802750
Duration  3.511188174
Duration  3.737764289
Duration  3.561814289
Duration  3.562203892
Duration  3.010478098
Duration  3.296790577
Duration  3.402534745
