Telemetry(timestamp='27.05.2023 11:26:48.751926', value='497.000000', node='ubuntu', metric='rx', subsystem='enp0s25')
Telemetry(timestamp='27.05.2023 11:26:49.303362', value='6.451613', node='ubuntu', metric='cpu', subsystem=None)
Telemetry(timestamp='27.05.2023 11:26:49.329666', value='63.000000', node='ubuntu', metric='tx', subsystem='enp0s25')
Telemetry(timestamp='27.05.2023 11:26:49.178274', value='2456.000000', node='ubuntu', metric='rx', subsystem='enp0s25')
Telemetry(timestamp='27.05.2023 11:26:49.530566', value='5.913978', node='ubuntu', metric='cpu', subsystem=None)
Telemetry(timestamp='27.05.2023 11:26:49.530720', value='1027924.000000', node='ubuntu', metric='ram', subsystem=None)
Telemetry(timestamp='27.05.2023 11:26:49.531408', value='96.000000', node='ubuntu', metric='tx', subsystem='enp0s25')
Telemetry(timestamp='27.05.2023 11:26:49.709369', value='3862.000000', node='ubuntu', metric='rx', subsystem='enp0s25')
Telemetry(timestamp='27.05.2023 11:26:50.310499', value='93.000000', node='ubuntu', metric='tx', subsystem='enp0s25')
Telemetry(timestamp='27.05.2023 11:26:50.316190', value='11.917098', node='ubuntu', metric='cpu', subsystem=None)
Telemetry(timestamp='27.05.2023 11:26:50.711972', value='3505.000000', node='ubuntu', metric='rx', subsystem='enp0s25')
Telemetry(timestamp='27.05.2023 11:26:50.530460', value='0.120000', node='ubuntu', metric='load1', subsystem=None)
Telemetry(timestamp='27.05.2023 11:26:50.530464', value='0.160000', node='ubuntu', metric='load5', subsystem=None)
Telemetry(timestamp='27.05.2023 11:26:50.530854', value='1017828.000000', node='ubuntu', metric='ram', subsystem=None)
Telemetry(timestamp='27.05.2023 11:26:50.531535', value='7.894737', node='ubuntu', metric='cpu', subsystem=None)
Telemetry(timestamp='27.05.2023 11:26:50.532174', value='90.000000', node='ubuntu', metric='tx', subsystem='enp0s25')
Telemetry(timestamp='27.05.2023 11:26:50.722180', value='3648.000000', node='ubuntu', metric='rx', subsystem='enp0s25')
Telemetry(timestamp='27.05.2023 11:26:51.307860', value='10.695187', node='ubuntu', metric='cpu', subsystem=None)
Telemetry(timestamp='27.05.2023 11:26:51.320771', value='89.000000', node='ubuntu', metric='tx', subsystem='enp0s25')
Telemetry(timestamp='27.05.2023 11:26:51.217855', value='3640.000000', node='ubuntu', metric='rx', subsystem='enp0s25')
Telemetry(timestamp='27.05.2023 11:26:51.530791', value='4.371585', node='ubuntu', metric='cpu', subsystem=None)
Telemetry(timestamp='27.05.2023 11:26:51.531201', value='1027552.000000', node='ubuntu', metric='ram', subsystem=None)
Telemetry(timestamp='27.05.2023 11:26:51.532367', value='87.000000', node='ubuntu', metric='tx', subsystem='enp0s25')
Telemetry(timestamp='27.05.2023 11:26:51.742398', value='3608.000000', node='ubuntu', metric='rx', subsystem='enp0s25')
Telemetry(timestamp='27.05.2023 11:26:52.314296', value='6.914894', node='ubuntu', metric='cpu', subsystem=None)
Telemetry(timestamp='27.05.2023 11:26:52.315478', value='92.000000', node='ubuntu', metric='tx', subsystem='enp0s25')
Telemetry(timestamp='27.05.2023 11:26:52.265933', value='3808.000000', node='ubuntu', metric='rx', subsystem='enp0s25')
Telemetry(timestamp='27.05.2023 11:26:52.530886', value='9.523810', node='ubuntu', metric='cpu', subsystem=None)
Telemetry(timestamp='27.05.2023 11:26:52.531577', value='1030140.000000', node='ubuntu', metric='ram', subsystem=None)
Telemetry(timestamp='27.05.2023 11:26:52.532364', value='88.000000', node='ubuntu', metric='tx', subsystem='enp0s25')
Telemetry(timestamp='27.05.2023 11:26:52.556369', value='3431.000000', node='ubuntu', metric='rx', subsystem='enp0s25')
Telemetry(timestamp='27.05.2023 11:26:53.305476', value='91.000000', node='ubuntu', metric='tx', subsystem='enp0s25')
Telemetry(timestamp='27.05.2023 11:26:53.324086', value='6.417112', node='ubuntu', metric='cpu', subsystem=None)
Telemetry(timestamp='27.05.2023 11:26:53.150511', value='3686.000000', node='ubuntu', metric='rx', subsystem='enp0s25')
Telemetry(timestamp='27.05.2023 11:26:53.530607', value='12.105263', node='ubuntu', metric='cpu', subsystem=None)
Telemetry(timestamp='27.05.2023 11:26:53.530797', value='1021844.000000', node='ubuntu', metric='ram', subsystem=None)
Telemetry(timestamp='27.05.2023 11:26:53.532653', value='89.000000', node='ubuntu', metric='tx', subsystem='enp0s25')
Telemetry(timestamp='27.05.2023 11:26:53.572158', value='3587.000000', node='ubuntu', metric='rx', subsystem='enp0s25')
Telemetry(timestamp='27.05.2023 11:26:54.309421', value='6.451613', node='ubuntu', metric='cpu', subsystem=None)
Telemetry(timestamp='27.05.2023 11:26:54.314928', value='87.000000', node='ubuntu', metric='tx', subsystem='enp0s25')
Telemetry(timestamp='27.05.2023 11:26:54.632406', value='3543.000000', node='ubuntu', metric='rx', subsystem='enp0s25')
Telemetry(timestamp='27.05.2023 11:26:54.529772', value='1029728.000000', node='ubuntu', metric='ram', subsystem=None)
Telemetry(timestamp='27.05.2023 11:26:54.530351', value='9.289617', node='ubuntu', metric='cpu', subsystem=None)
Telemetry(timestamp='27.05.2023 11:26:54.531980', value='94.000000', node='ubuntu', metric='tx', subsystem='enp0s25')
Telemetry(timestamp='27.05.2023 11:26:54.563023', value='3684.000000', node='ubuntu', metric='rx', subsystem='enp0s25')
Telemetry(timestamp='27.05.2023 11:26:55.306047', value='8.808290', node='ubuntu', metric='cpu', subsystem=None)
Telemetry(timestamp='27.05.2023 11:26:55.313221', value='95.000000', node='ubuntu', metric='tx', subsystem='enp0s25')
Telemetry(timestamp='27.05.2023 11:26:55.209262', value='3419.000000', node='ubuntu', metric='rx', subsystem='enp0s25')
Telemetry(timestamp='27.05.2023 11:26:55.530262', value='0.110000', node='ubuntu', metric='load1', subsystem=None)
Telemetry(timestamp='27.05.2023 11:26:55.530470', value='1013104.000000', node='ubuntu', metric='ram', subsystem=None)
Telemetry(timestamp='27.05.2023 11:26:55.531564', value='91.000000', node='ubuntu', metric='tx', subsystem='enp0s25')
Telemetry(timestamp='27.05.2023 11:26:55.531985', value='7.894737', node='ubuntu', metric='cpu', subsystem=None)
Telemetry(timestamp='27.05.2023 11:26:55.699733', value='0.160000', node='ubuntu', metric='load5', subsystem=None)
Telemetry(timestamp='27.05.2023 11:26:55.728501', value='3669.000000', node='ubuntu', metric='rx', subsystem='enp0s25')
Telemetry(timestamp='27.05.2023 11:26:56.308983', value='11.111111', node='ubuntu', metric='cpu', subsystem=None)
Telemetry(timestamp='27.05.2023 11:26:56.318686', value='89.000000', node='ubuntu', metric='tx', subsystem='enp0s25')
Telemetry(timestamp='27.05.2023 11:26:56.240254', value='3578.000000', node='ubuntu', metric='rx', subsystem='enp0s25')
Telemetry(timestamp='27.05.2023 11:26:56.530269', value='1010048.000000', node='ubuntu', metric='ram', subsystem=None)
Telemetry(timestamp='27.05.2023 11:26:56.532292', value='5.434783', node='ubuntu', metric='cpu', subsystem=None)
Telemetry(timestamp='27.05.2023 11:26:56.534662', value='92.000000', node='ubuntu', metric='tx', subsystem='enp0s25')
Telemetry(timestamp='27.05.2023 11:26:56.565948', value='3683.000000', node='ubuntu', metric='rx', subsystem='enp0s25')
Telemetry(timestamp='27.05.2023 11:26:57.304903', value='11.351351', node='ubuntu', metric='cpu', subsystem=None)
Telemetry(timestamp='27.05.2023 11:26:57.320539', value='89.000000', node='ubuntu', metric='tx', subsystem='enp0s25')
Telemetry(timestamp='27.05.2023 11:26:57.155789', value='3711.000000', node='ubuntu', metric='rx', subsystem='enp0s25')
Telemetry(timestamp='27.05.2023 11:26:57.530792', value='1011920.000000', node='ubuntu', metric='ram', subsystem=None)
Telemetry(timestamp='27.05.2023 11:26:57.531254', value='89.000000', node='ubuntu', metric='tx', subsystem='enp0s25')
Telemetry(timestamp='27.05.2023 11:26:57.531501', value='6.806283', node='ubuntu', metric='cpu', subsystem=None)
Telemetry(timestamp='27.05.2023 11:26:57.554057', value='3434.000000', node='ubuntu', metric='rx', subsystem='enp0s25')
Telemetry(timestamp='27.05.2023 11:26:58.311578', value='5.434783', node='ubuntu', metric='cpu', subsystem=None)
Telemetry(timestamp='27.05.2023 11:26:58.312295', value='95.000000', node='ubuntu', metric='tx', subsystem='enp0s25')
Telemetry(timestamp='27.05.2023 11:26:58.173996', value='3887.000000', node='ubuntu', metric='rx', subsystem='enp0s25')
Telemetry(timestamp='27.05.2023 11:26:58.530214', value='1020004.000000', node='ubuntu', metric='ram', subsystem=None)
Telemetry(timestamp='27.05.2023 11:26:58.530984', value='8.947368', node='ubuntu', metric='cpu', subsystem=None)
Telemetry(timestamp='27.05.2023 11:26:58.532250', value='90.000000', node='ubuntu', metric='tx', subsystem='enp0s25')
Telemetry(timestamp='27.05.2023 11:26:58.568050', value='3737.000000', node='ubuntu', metric='rx', subsystem='enp0s25')
Telemetry(timestamp='27.05.2023 11:26:59.303538', value='3.191489', node='ubuntu', metric='cpu', subsystem=None)
Telemetry(timestamp='27.05.2023 11:26:59.317276', value='90.000000', node='ubuntu', metric='tx', subsystem='enp0s25')
Telemetry(timestamp='27.05.2023 11:26:59.992724', value='3661.000000', node='ubuntu', metric='rx', subsystem='enp0s25')
Telemetry(timestamp='27.05.2023 11:26:59.530052', value='1017356.000000', node='ubuntu', metric='ram', subsystem=None)
Telemetry(timestamp='27.05.2023 11:26:59.530853', value='90.000000', node='ubuntu', metric='tx', subsystem='enp0s25')
Telemetry(timestamp='27.05.2023 11:26:59.530871', value='9.729730', node='ubuntu', metric='cpu', subsystem=None)
Telemetry(timestamp='27.05.2023 11:26:59.630213', value='3672.000000', node='ubuntu', metric='rx', subsystem='enp0s25')
Telemetry(timestamp='27.05.2023 11:27:00.304417', value='3.703704', node='ubuntu', metric='cpu', subsystem=None)
Telemetry(timestamp='27.05.2023 11:27:00.315325', value='90.000000', node='ubuntu', metric='tx', subsystem='enp0s25')
Telemetry(timestamp='27.05.2023 11:27:00.229664', value='3654.000000', node='ubuntu', metric='rx', subsystem='enp0s25')
Telemetry(timestamp='27.05.2023 11:27:00.529933', value='0.100000', node='ubuntu', metric='load1', subsystem=None)
Telemetry(timestamp='27.05.2023 11:27:00.529938', value='0.150000', node='ubuntu', metric='load5', subsystem=None)
Telemetry(timestamp='27.05.2023 11:27:00.531013', value='6.010929', node='ubuntu', metric='cpu', subsystem=None)
Telemetry(timestamp='27.05.2023 11:27:00.531136', value='98.000000', node='ubuntu', metric='tx', subsystem='enp0s25')
Telemetry(timestamp='27.05.2023 11:27:00.531167', value='1020100.000000', node='ubuntu', metric='ram', subsystem=None)
Telemetry(timestamp='27.05.2023 11:27:00.564885', value='4121.000000', node='ubuntu', metric='rx', subsystem='enp0s25')
Telemetry(timestamp='27.05.2023 11:27:01.318353', value='10.000000', node='ubuntu', metric='cpu', subsystem=None)
Telemetry(timestamp='27.05.2023 11:27:01.324160', value='92.000000', node='ubuntu', metric='tx', subsystem='enp0s25')
Telemetry(timestamp='27.05.2023 11:27:01.262570', value='3754.000000', node='ubuntu', metric='rx', subsystem='enp0s25')
Telemetry(timestamp='27.05.2023 11:27:01.530372', value='4.945055', node='ubuntu', metric='cpu', subsystem=None)
Telemetry(timestamp='27.05.2023 11:27:01.530489', value='1005136.000000', node='ubuntu', metric='ram', subsystem=None)
Telemetry(timestamp='27.05.2023 11:27:01.531567', value='92.000000', node='ubuntu', metric='tx', subsystem='enp0s25')
Telemetry(timestamp='27.05.2023 11:27:01.668584', value='3694.000000', node='ubuntu', metric='rx', subsystem='enp0s25')
Telemetry(timestamp='27.05.2023 11:27:02.303711', value='10.582011', node='ubuntu', metric='cpu', subsystem=None)
Telemetry(timestamp='27.05.2023 11:27:02.308947', value='92.000000', node='ubuntu', metric='tx', subsystem='enp0s25')
Telemetry(timestamp='27.05.2023 11:27:02.185860', value='3655.000000', node='ubuntu', metric='rx', subsystem='enp0s25')
Telemetry(timestamp='27.05.2023 11:27:02.530486', value='5.347594', node='ubuntu', metric='cpu', subsystem=None)
Telemetry(timestamp='27.05.2023 11:27:02.530835', value='1004544.000000', node='ubuntu', metric='ram', subsystem=None)
Telemetry(timestamp='27.05.2023 11:27:02.531501', value='89.000000', node='ubuntu', metric='tx', subsystem='enp0s25')
Telemetry(timestamp='27.05.2023 11:27:02.688596', value='3435.000000', node='ubuntu', metric='rx', subsystem='enp0s25')
Telemetry(timestamp='27.05.2023 11:27:03.313888', value='8.556150', node='ubuntu', metric='cpu', subsystem=None)
Telemetry(timestamp='27.05.2023 11:27:03.314966', value='90.000000', node='ubuntu', metric='tx', subsystem='enp0s25')
Telemetry(timestamp='27.05.2023 11:27:03.217591', value='3623.000000', node='ubuntu', metric='rx', subsystem='enp0s25')
Telemetry(timestamp='27.05.2023 11:27:03.530212', value='7.446809', node='ubuntu', metric='cpu', subsystem=None)
Telemetry(timestamp='27.05.2023 11:27:03.530537', value='1007252.000000', node='ubuntu', metric='ram', subsystem=None)
Telemetry(timestamp='27.05.2023 11:27:03.532251', value='86.000000', node='ubuntu', metric='tx', subsystem='enp0s25')
Telemetry(timestamp='27.05.2023 11:27:03.703973', value='3411.000000', node='ubuntu', metric='rx', subsystem='enp0s25')
Telemetry(timestamp='27.05.2023 11:27:04.308779', value='90.000000', node='ubuntu', metric='tx', subsystem='enp0s25')
Telemetry(timestamp='27.05.2023 11:27:04.312502', value='6.486486', node='ubuntu', metric='cpu', subsystem=None)
Telemetry(timestamp='27.05.2023 11:27:04.200415', value='3620.000000', node='ubuntu', metric='rx', subsystem='enp0s25')
Telemetry(timestamp='27.05.2023 11:27:04.531074', value='90.000000', node='ubuntu', metric='tx', subsystem='enp0s25')
Telemetry(timestamp='27.05.2023 11:27:04.531392', value='12.041885', node='ubuntu', metric='cpu', subsystem=None)
Telemetry(timestamp='27.05.2023 11:27:04.531673', value='1007572.000000', node='ubuntu', metric='ram', subsystem=None)
Telemetry(timestamp='27.05.2023 11:27:04.541523', value='3677.000000', node='ubuntu', metric='rx', subsystem='enp0s25')
Telemetry(timestamp='27.05.2023 11:27:05.310671', value='10.810811', node='ubuntu', metric='cpu', subsystem=None)
Telemetry(timestamp='27.05.2023 11:27:05.328231', value='91.000000', node='ubuntu', metric='tx', subsystem='enp0s25')
Telemetry(timestamp='27.05.2023 11:27:05.250501', value='3724.000000', node='ubuntu', metric='rx', subsystem='enp0s25')
Telemetry(timestamp='27.05.2023 11:27:05.530661', value='11.170213', node='ubuntu', metric='cpu', subsystem=None)
Telemetry(timestamp='27.05.2023 11:27:05.530682', value='0.090000', node='ubuntu', metric='load1', subsystem=None)
Telemetry(timestamp='27.05.2023 11:27:05.530731', value='1004652.000000', node='ubuntu', metric='ram', subsystem=None)
Telemetry(timestamp='27.05.2023 11:27:05.532639', value='90.000000', node='ubuntu', metric='tx', subsystem='enp0s25')
Telemetry(timestamp='27.05.2023 11:27:05.632093', value='0.150000', node='ubuntu', metric='load5', subsystem=None)
Telemetry(timestamp='27.05.2023 11:27:05.672381', value='3805.000000', node='ubuntu', metric='rx', subsystem='enp0s25')
Telemetry(timestamp='27.05.2023 11:27:06.308367', value='3.225806', node='ubuntu', metric='cpu', subsystem=None)
Telemetry(timestamp='27.05.2023 11:27:06.315895', value='84.000000', node='ubuntu', metric='tx', subsystem='enp0s25')
Telemetry(timestamp='27.05.2023 11:27:06.174696', value='3359.000000', node='ubuntu', metric='rx', subsystem='enp0s25')
Telemetry(timestamp='27.05.2023 11:27:06.530316', value='1007172.000000', node='ubuntu', metric='ram', subsystem=None)
Telemetry(timestamp='27.05.2023 11:27:06.531363', value='7.368421', node='ubuntu', metric='cpu', subsystem=None)
Telemetry(timestamp='27.05.2023 11:27:06.531815', value='92.000000', node='ubuntu', metric='tx', subsystem='enp0s25')
Telemetry(timestamp='27.05.2023 11:27:06.686016', value='3624.000000', node='ubuntu', metric='rx', subsystem='enp0s25')
Telemetry(timestamp='27.05.2023 11:27:07.305787', value='9.947644', node='ubuntu', metric='cpu', subsystem=None)
Telemetry(timestamp='27.05.2023 11:27:07.328371', value='98.000000', node='ubuntu', metric='tx', subsystem='enp0s25')
Telemetry(timestamp='27.05.2023 11:27:07.194901', value='3520.000000', node='ubuntu', metric='rx', subsystem='enp0s25')
Telemetry(timestamp='27.05.2023 11:27:07.529899', value='1000532.000000', node='ubuntu', metric='ram', subsystem=None)
Telemetry(timestamp='27.05.2023 11:27:07.531025', value='6.417112', node='ubuntu', metric='cpu', subsystem=None)
Telemetry(timestamp='27.05.2023 11:27:07.531591', value='103.000000', node='ubuntu', metric='tx', subsystem='enp0s25')
Telemetry(timestamp='27.05.2023 11:27:07.703943', value='3329.000000', node='ubuntu', metric='rx', subsystem='enp0s25')
Telemetry(timestamp='27.05.2023 11:27:08.309127', value='10.638298', node='ubuntu', metric='cpu', subsystem=None)
Telemetry(timestamp='27.05.2023 11:27:08.321597', value='96.000000', node='ubuntu', metric='tx', subsystem='enp0s25')
Telemetry(timestamp='27.05.2023 11:27:08.650891', value='3627.000000', node='ubuntu', metric='rx', subsystem='enp0s25')
Telemetry(timestamp='27.05.2023 11:27:08.531186', value='89.000000', node='ubuntu', metric='tx', subsystem='enp0s25')
Telemetry(timestamp='27.05.2023 11:27:08.531233', value='6.349206', node='ubuntu', metric='cpu', subsystem=None)
Telemetry(timestamp='27.05.2023 11:27:08.531537', value='1010624.000000', node='ubuntu', metric='ram', subsystem=None)
Telemetry(timestamp='27.05.2023 11:27:08.549425', value='3699.000000', node='ubuntu', metric='rx', subsystem='enp0s25')
Telemetry(timestamp='27.05.2023 11:27:09.304713', value='6.989247', node='ubuntu', metric='cpu', subsystem=None)
Telemetry(timestamp='27.05.2023 11:27:09.312893', value='95.000000', node='ubuntu', metric='tx', subsystem='enp0s25')
Telemetry(timestamp='27.05.2023 11:27:09.252245', value='3974.000000', node='ubuntu', metric='rx', subsystem='enp0s25')
Telemetry(timestamp='27.05.2023 11:27:09.530342', value='1007180.000000', node='ubuntu', metric='ram', subsystem=None)
Telemetry(timestamp='27.05.2023 11:27:09.530442', value='8.021390', node='ubuntu', metric='cpu', subsystem=None)
Telemetry(timestamp='27.05.2023 11:27:09.532050', value='93.000000', node='ubuntu', metric='tx', subsystem='enp0s25')
Telemetry(timestamp='27.05.2023 11:27:09.757763', value='3836.000000', node='ubuntu', metric='rx', subsystem='enp0s25')
Telemetry(timestamp='27.05.2023 11:27:10.304074', value='10.382514', node='ubuntu', metric='cpu', subsystem=None)
Telemetry(timestamp='27.05.2023 11:27:10.324963', value='91.000000', node='ubuntu', metric='tx', subsystem='enp0s25')
Telemetry(timestamp='27.05.2023 11:27:10.165557', value='3651.000000', node='ubuntu', metric='rx', subsystem='enp0s25')
Telemetry(timestamp='27.05.2023 11:27:10.530504', value='11.578947', node='ubuntu', metric='cpu', subsystem=None)
Telemetry(timestamp='27.05.2023 11:27:10.530597', value='1015208.000000', node='ubuntu', metric='ram', subsystem=None)
Telemetry(timestamp='27.05.2023 11:27:10.530659', value='0.080000', node='ubuntu', metric='load1', subsystem=None)
Telemetry(timestamp='27.05.2023 11:27:10.531309', value='87.000000', node='ubuntu', metric='tx', subsystem='enp0s25')
Telemetry(timestamp='27.05.2023 11:27:10.563164', value='0.150000', node='ubuntu', metric='load5', subsystem=None)
Telemetry(timestamp='27.05.2023 11:27:10.592189', value='3490.000000', node='ubuntu', metric='rx', subsystem='enp0s25')
Telemetry(timestamp='27.05.2023 11:27:11.306526', value='89.000000', node='ubuntu', metric='tx', subsystem='enp0s25')
Telemetry(timestamp='27.05.2023 11:27:11.309402', value='4.812834', node='ubuntu', metric='cpu', subsystem=None)
Telemetry(timestamp='27.05.2023 11:27:11.177198', value='3622.000000', node='ubuntu', metric='rx', subsystem='enp0s25')
Telemetry(timestamp='27.05.2023 11:27:11.530579', value='7.446809', node='ubuntu', metric='cpu', subsystem=None)
Telemetry(timestamp='27.05.2023 11:27:11.530733', value='1018560.000000', node='ubuntu', metric='ram', subsystem=None)
Telemetry(timestamp='27.05.2023 11:27:11.531535', value='99.000000', node='ubuntu', metric='tx', subsystem='enp0s25')
Telemetry(timestamp='27.05.2023 11:27:11.703222', value='4113.000000', node='ubuntu', metric='rx', subsystem='enp0s25')
Telemetry(timestamp='27.05.2023 11:27:12.310591', value='9.574468', node='ubuntu', metric='cpu', subsystem=None)
Telemetry(timestamp='27.05.2023 11:27:12.314306', value='88.000000', node='ubuntu', metric='tx', subsystem='enp0s25')
Telemetry(timestamp='27.05.2023 11:27:12.195632', value='3461.000000', node='ubuntu', metric='rx', subsystem='enp0s25')
Telemetry(timestamp='27.05.2023 11:27:12.530992', value='1018624.000000', node='ubuntu', metric='ram', subsystem=None)
Telemetry(timestamp='27.05.2023 11:27:12.531306', value='7.065217', node='ubuntu', metric='cpu', subsystem=None)
Telemetry(timestamp='27.05.2023 11:27:12.531966', value='87.000000', node='ubuntu', metric='tx', subsystem='enp0s25')
Telemetry(timestamp='27.05.2023 11:27:12.608628', value='3519.000000', node='ubuntu', metric='rx', subsystem='enp0s25')
Telemetry(timestamp='27.05.2023 11:27:13.316886', value='12.041885', node='ubuntu', metric='cpu', subsystem=None)
Telemetry(timestamp='27.05.2023 11:27:13.329804', value='94.000000', node='ubuntu', metric='tx', subsystem='enp0s25')
Telemetry(timestamp='27.05.2023 11:27:13.654407', value='3810.000000', node='ubuntu', metric='rx', subsystem='enp0s25')
Telemetry(timestamp='27.05.2023 11:27:13.530777', value='5.464481', node='ubuntu', metric='cpu', subsystem=None)
Telemetry(timestamp='27.05.2023 11:27:13.531040', value='1000940.000000', node='ubuntu', metric='ram', subsystem=None)
Telemetry(timestamp='27.05.2023 11:27:13.531965', value='92.000000', node='ubuntu', metric='tx', subsystem='enp0s25')
Telemetry(timestamp='27.05.2023 11:27:13.745793', value='3705.000000', node='ubuntu', metric='rx', subsystem='enp0s25')
Telemetry(timestamp='27.05.2023 11:27:14.310000', value='87.000000', node='ubuntu', metric='tx', subsystem='enp0s25')
Telemetry(timestamp='27.05.2023 11:27:14.313391', value='7.368421', node='ubuntu', metric='cpu', subsystem=None)
Telemetry(timestamp='27.05.2023 11:27:14.238259', value='3780.000000', node='ubuntu', metric='rx', subsystem='enp0s25')
Telemetry(timestamp='27.05.2023 11:27:14.530010', value='1013008.000000', node='ubuntu', metric='ram', subsystem=None)
Telemetry(timestamp='27.05.2023 11:27:14.532125', value='7.894737', node='ubuntu', metric='cpu', subsystem=None)
Telemetry(timestamp='27.05.2023 11:27:14.532378', value='86.000000', node='ubuntu', metric='tx', subsystem='enp0s25')
Telemetry(timestamp='27.05.2023 11:27:14.662991', value='3469.000000', node='ubuntu', metric='rx', subsystem='enp0s25')
Telemetry(timestamp='27.05.2023 11:27:15.304408', value='7.142857', node='ubuntu', metric='cpu', subsystem=None)
Telemetry(timestamp='27.05.2023 11:27:15.324226', value='93.000000', node='ubuntu', metric='tx', subsystem='enp0s25')
Telemetry(timestamp='27.05.2023 11:27:15.181659', value='3701.000000', node='ubuntu', metric='rx', subsystem='enp0s25')
Telemetry(timestamp='27.05.2023 11:27:15.531278', value='10.106383', node='ubuntu', metric='cpu', subsystem=None)
Telemetry(timestamp='27.05.2023 11:27:15.531352', value='93.000000', node='ubuntu', metric='tx', subsystem='enp0s25')
Telemetry(timestamp='27.05.2023 11:27:15.531653', value='1013736.000000', node='ubuntu', metric='ram', subsystem=None)
Telemetry(timestamp='27.05.2023 11:27:15.532299', value='0.080000', node='ubuntu', metric='load1', subsystem=None)
Telemetry(timestamp='27.05.2023 11:27:15.685343', value='3670.000000', node='ubuntu', metric='rx', subsystem='enp0s25')
Telemetry(timestamp='27.05.2023 11:27:15.696540', value='0.140000', node='ubuntu', metric='load5', subsystem=None)
Telemetry(timestamp='27.05.2023 11:27:16.311344', value='92.000000', node='ubuntu', metric='tx', subsystem='enp0s25')
Telemetry(timestamp='27.05.2023 11:27:16.313374', value='8.465608', node='ubuntu', metric='cpu', subsystem=None)
Telemetry(timestamp='27.05.2023 11:27:16.184244', value='3795.000000', node='ubuntu', metric='rx', subsystem='enp0s25')
Telemetry(timestamp='27.05.2023 11:27:16.529702', value='1008020.000000', node='ubuntu', metric='ram', subsystem=None)
Telemetry(timestamp='27.05.2023 11:27:16.532308', value='9.239130', node='ubuntu', metric='cpu', subsystem=None)
Telemetry(timestamp='27.05.2023 11:27:16.532331', value='93.000000', node='ubuntu', metric='tx', subsystem='enp0s25')
Telemetry(timestamp='27.05.2023 11:27:16.625196', value='3854.000000', node='ubuntu', metric='rx', subsystem='enp0s25')
Telemetry(timestamp='27.05.2023 11:27:17.306312', value='5.347594', node='ubuntu', metric='cpu', subsystem=None)
Telemetry(timestamp='27.05.2023 11:27:17.326120', value='91.000000', node='ubuntu', metric='tx', subsystem='enp0s25')
Telemetry(timestamp='27.05.2023 11:27:17.227324', value='3642.000000', node='ubuntu', metric='rx', subsystem='enp0s25')
Telemetry(timestamp='27.05.2023 11:27:17.530676', value='95.000000', node='ubuntu', metric='tx', subsystem='enp0s25')
Telemetry(timestamp='27.05.2023 11:27:17.531903', value='4.918033', node='ubuntu', metric='cpu', subsystem=None)
Telemetry(timestamp='27.05.2023 11:27:17.534865', value='1011044.000000', node='ubuntu', metric='ram', subsystem=None)
Telemetry(timestamp='27.05.2023 11:27:17.719789', value='4063.000000', node='ubuntu', metric='rx', subsystem='enp0s25')
Telemetry(timestamp='27.05.2023 11:27:18.318566', value='10.160428', node='ubuntu', metric='cpu', subsystem=None)
Telemetry(timestamp='27.05.2023 11:27:18.321690', value='94.000000', node='ubuntu', metric='tx', subsystem='enp0s25')
Telemetry(timestamp='27.05.2023 11:27:18.277902', value='3798.000000', node='ubuntu', metric='rx', subsystem='enp0s25')
Telemetry(timestamp='27.05.2023 11:27:18.530560', value='1008792.000000', node='ubuntu', metric='ram', subsystem=None)
Telemetry(timestamp='27.05.2023 11:27:18.531052', value='4.945055', node='ubuntu', metric='cpu', subsystem=None)
Telemetry(timestamp='27.05.2023 11:27:18.536045', value='94.000000', node='ubuntu', metric='tx', subsystem='enp0s25')
Telemetry(timestamp='27.05.2023 11:27:18.768301', value='3862.000000', node='ubuntu', metric='rx', subsystem='enp0s25')
Telemetry(timestamp='27.05.2023 11:27:19.309191', value='11.111111', node='ubuntu', metric='cpu', subsystem=None)
Telemetry(timestamp='27.05.2023 11:27:19.321673', value='93.000000', node='ubuntu', metric='tx', subsystem='enp0s25')
Telemetry(timestamp='27.05.2023 11:27:19.177666', value='3821.000000', node='ubuntu', metric='rx', subsystem='enp0s25')
Telemetry(timestamp='27.05.2023 11:27:19.530962', value='4.918033', node='ubuntu', metric='cpu', subsystem=None)
Telemetry(timestamp='27.05.2023 11:27:19.530988', value='1008900.000000', node='ubuntu', metric='ram', subsystem=None)
Telemetry(timestamp='27.05.2023 11:27:19.532008', value='92.000000', node='ubuntu', metric='tx', subsystem='enp0s25')
Telemetry(timestamp='27.05.2023 11:27:19.683936', value='3778.000000', node='ubuntu', metric='rx', subsystem='enp0s25')
Telemetry(timestamp='27.05.2023 11:27:20.313265', value='15.508021', node='ubuntu', metric='cpu', subsystem=None)
Telemetry(timestamp='27.05.2023 11:27:20.325733', value='89.000000', node='ubuntu', metric='tx', subsystem='enp0s25')
Telemetry(timestamp='27.05.2023 11:27:20.110936', value='3789.000000', node='ubuntu', metric='rx', subsystem='enp0s25')
Telemetry(timestamp='27.05.2023 11:27:20.529936', value='0.070000', node='ubuntu', metric='load1', subsystem=None)
Telemetry(timestamp='27.05.2023 11:27:20.529939', value='0.140000', node='ubuntu', metric='load5', subsystem=None)
Telemetry(timestamp='27.05.2023 11:27:20.530079', value='1009816.000000', node='ubuntu', metric='ram', subsystem=None)
Telemetry(timestamp='27.05.2023 11:27:20.530165', value='2.659574', node='ubuntu', metric='cpu', subsystem=None)
Telemetry(timestamp='27.05.2023 11:27:20.532686', value='88.000000', node='ubuntu', metric='tx', subsystem='enp0s25')
Telemetry(timestamp='27.05.2023 11:27:20.601468', value='3605.000000', node='ubuntu', metric='rx', subsystem='enp0s25')
Telemetry(timestamp='27.05.2023 11:27:21.302776', value='4.347826', node='ubuntu', metric='cpu', subsystem=None)
Telemetry(timestamp='27.05.2023 11:27:21.305199', value='95.000000', node='ubuntu', metric='tx', subsystem='enp0s25')
Telemetry(timestamp='27.05.2023 11:27:21.216658', value='4020.000000', node='ubuntu', metric='rx', subsystem='enp0s25')
Telemetry(timestamp='27.05.2023 11:27:21.530082', value='1011484.000000', node='ubuntu', metric='ram', subsystem=None)
Telemetry(timestamp='27.05.2023 11:27:21.531717', value='93.000000', node='ubuntu', metric='tx', subsystem='enp0s25')
Telemetry(timestamp='27.05.2023 11:27:21.531827', value='10.824742', node='ubuntu', metric='cpu', subsystem=None)
Telemetry(timestamp='27.05.2023 11:27:21.732604', value='3762.000000', node='ubuntu', metric='rx', subsystem='enp0s25')
Telemetry(timestamp='27.05.2023 11:27:22.312129', value='93.000000', node='ubuntu', metric='tx', subsystem='enp0s25')
Telemetry(timestamp='27.05.2023 11:27:22.318867', value='5.434783', node='ubuntu', metric='cpu', subsystem=None)
Telemetry(timestamp='27.05.2023 11:27:22.232730', value='3736.000000', node='ubuntu', metric='rx', subsystem='enp0s25')
Telemetry(timestamp='27.05.2023 11:27:22.529943', value='1010900.000000', node='ubuntu', metric='ram', subsystem=None)
Telemetry(timestamp='27.05.2023 11:27:22.530791', value='13.917526', node='ubuntu', metric='cpu', subsystem=None)
Telemetry(timestamp='27.05.2023 11:27:22.531738', value='89.000000', node='ubuntu', metric='tx', subsystem='enp0s25')
Telemetry(timestamp='27.05.2023 11:27:22.764305', value='3701.000000', node='ubuntu', metric='rx', subsystem='enp0s25')
Telemetry(timestamp='27.05.2023 11:27:23.302536', value='3.825137', node='ubuntu', metric='cpu', subsystem=None)
Telemetry(timestamp='27.05.2023 11:27:23.327450', value='88.000000', node='ubuntu', metric='tx', subsystem='enp0s25')
Telemetry(timestamp='27.05.2023 11:27:23.162456', value='3639.000000', node='ubuntu', metric='rx', subsystem='enp0s25')
Telemetry(timestamp='27.05.2023 11:27:23.529990', value='1017668.000000', node='ubuntu', metric='ram', subsystem=None)
Telemetry(timestamp='27.05.2023 11:27:23.530448', value='12.631579', node='ubuntu', metric='cpu', subsystem=None)
Telemetry(timestamp='27.05.2023 11:27:23.530734', value='90.000000', node='ubuntu', metric='tx', subsystem='enp0s25')
Telemetry(timestamp='27.05.2023 11:27:23.716868', value='3749.000000', node='ubuntu', metric='rx', subsystem='enp0s25')
Telemetry(timestamp='27.05.2023 11:27:24.302727', value='4.166667', node='ubuntu', metric='cpu', subsystem=None)
Telemetry(timestamp='27.05.2023 11:27:24.315648', value='89.000000', node='ubuntu', metric='tx', subsystem='enp0s25')
Telemetry(timestamp='27.05.2023 11:27:24.201635', value='3675.000000', node='ubuntu', metric='rx', subsystem='enp0s25')
Telemetry(timestamp='27.05.2023 11:27:24.530698', value='95.000000', node='ubuntu', metric='tx', subsystem='enp0s25')
Telemetry(timestamp='27.05.2023 11:27:24.530959', value='1032172.000000', node='ubuntu', metric='ram', subsystem=None)
Telemetry(timestamp='27.05.2023 11:27:24.532262', value='6.451613', node='ubuntu', metric='cpu', subsystem=None)
Telemetry(timestamp='27.05.2023 11:27:24.685659', value='3911.000000', node='ubuntu', metric='rx', subsystem='enp0s25')
Telemetry(timestamp='27.05.2023 11:27:25.308476', value='11.827957', node='ubuntu', metric='cpu', subsystem=None)
Telemetry(timestamp='27.05.2023 11:27:25.314711', value='90.000000', node='ubuntu', metric='tx', subsystem='enp0s25')
Telemetry(timestamp='27.05.2023 11:27:25.214317', value='3655.000000', node='ubuntu', metric='rx', subsystem='enp0s25')
Telemetry(timestamp='27.05.2023 11:27:25.530383', value='4.347826', node='ubuntu', metric='cpu', subsystem=None)
Telemetry(timestamp='27.05.2023 11:27:25.530566', value='0.150000', node='ubuntu', metric='load1', subsystem=None)
Telemetry(timestamp='27.05.2023 11:27:25.530620', value='1020668.000000', node='ubuntu', metric='ram', subsystem=None)
Telemetry(timestamp='27.05.2023 11:27:25.532572', value='89.000000', node='ubuntu', metric='tx', subsystem='enp0s25')
Telemetry(timestamp='27.05.2023 11:27:25.567999', value='0.160000', node='ubuntu', metric='load5', subsystem=None)
Telemetry(timestamp='27.05.2023 11:27:25.594106', value='3547.000000', node='ubuntu', metric='rx', subsystem='enp0s25')
Telemetry(timestamp='27.05.2023 11:27:26.319020', value='10.695187', node='ubuntu', metric='cpu', subsystem=None)
Telemetry(timestamp='27.05.2023 11:27:26.319524', value='91.000000', node='ubuntu', metric='tx', subsystem='enp0s25')
Telemetry(timestamp='27.05.2023 11:27:26.156331', value='3611.000000', node='ubuntu', metric='rx', subsystem='enp0s25')
Telemetry(timestamp='27.05.2023 11:27:26.530795', value='3.191489', node='ubuntu', metric='cpu', subsystem=None)
Telemetry(timestamp='27.05.2023 11:27:26.531060', value='1029140.000000', node='ubuntu', metric='ram', subsystem=None)
Telemetry(timestamp='27.05.2023 11:27:26.531868', value='91.000000', node='ubuntu', metric='tx', subsystem='enp0s25')
Telemetry(timestamp='27.05.2023 11:27:26.741536', value='3759.000000', node='ubuntu', metric='rx', subsystem='enp0s25')
Telemetry(timestamp='27.05.2023 11:27:27.308568', value='5.945946', node='ubuntu', metric='cpu', subsystem=None)
Telemetry(timestamp='27.05.2023 11:27:27.310124', value='96.000000', node='ubuntu', metric='tx', subsystem='enp0s25')
Telemetry(timestamp='27.05.2023 11:27:27.264088', value='4119.000000', node='ubuntu', metric='rx', subsystem='enp0s25')
Telemetry(timestamp='27.05.2023 11:27:27.531216', value='11.979167', node='ubuntu', metric='cpu', subsystem=None)
Telemetry(timestamp='27.05.2023 11:27:27.531768', value='1016984.000000', node='ubuntu', metric='ram', subsystem=None)
Telemetry(timestamp='27.05.2023 11:27:27.532412', value='90.000000', node='ubuntu', metric='tx', subsystem='enp0s25')
Telemetry(timestamp='27.05.2023 11:27:27.672745', value='3573.000000', node='ubuntu', metric='rx', subsystem='enp0s25')
Telemetry(timestamp='27.05.2023 11:27:28.314208', value='8.854167', node='ubuntu', metric='cpu', subsystem=None)
Telemetry(timestamp='27.05.2023 11:27:28.316602', value='90.000000', node='ubuntu', metric='tx', subsystem='enp0s25')
Telemetry(timestamp='27.05.2023 11:27:28.638302', value='3487.000000', node='ubuntu', metric='rx', subsystem='enp0s25')
Telemetry(timestamp='27.05.2023 11:27:28.530378', value='1007760.000000', node='ubuntu', metric='ram', subsystem=None)
Telemetry(timestamp='27.05.2023 11:27:28.531100', value='9.239130', node='ubuntu', metric='cpu', subsystem=None)
Telemetry(timestamp='27.05.2023 11:27:28.532286', value='88.000000', node='ubuntu', metric='tx', subsystem='enp0s25')
Telemetry(timestamp='27.05.2023 11:27:28.606391', value='3544.000000', node='ubuntu', metric='rx', subsystem='enp0s25')
Telemetry(timestamp='27.05.2023 11:27:29.310086', value='3.723404', node='ubuntu', metric='cpu', subsystem=None)
Telemetry(timestamp='27.05.2023 11:27:29.315721', value='89.000000', node='ubuntu', metric='tx', subsystem='enp0s25')
Telemetry(timestamp='27.05.2023 11:27:29.191813', value='3648.000000', node='ubuntu', metric='rx', subsystem='enp0s25')
Telemetry(timestamp='27.05.2023 11:27:29.530610', value='93.000000', node='ubuntu', metric='tx', subsystem='enp0s25')
Telemetry(timestamp='27.05.2023 11:27:29.530807', value='1017356.000000', node='ubuntu', metric='ram', subsystem=None)
Telemetry(timestamp='27.05.2023 11:27:29.531071', value='12.041885', node='ubuntu', metric='cpu', subsystem=None)
Telemetry(timestamp='27.05.2023 11:27:29.706318', value='3980.000000', node='ubuntu', metric='rx', subsystem='enp0s25')
Telemetry(timestamp='27.05.2023 11:27:30.315182', value='6.770833', node='ubuntu', metric='cpu', subsystem=None)
Telemetry(timestamp='27.05.2023 11:27:30.330289', value='91.000000', node='ubuntu', metric='tx', subsystem='enp0s25')
Telemetry(timestamp='27.05.2023 11:27:30.237633', value='3760.000000', node='ubuntu', metric='rx', subsystem='enp0s25')
Telemetry(timestamp='27.05.2023 11:27:30.530398', value='0.130000', node='ubuntu', metric='load1', subsystem=None)
Telemetry(timestamp='27.05.2023 11:27:30.530402', value='0.150000', node='ubuntu', metric='load5', subsystem=None)
Telemetry(timestamp='27.05.2023 11:27:30.530810', value='1017760.000000', node='ubuntu', metric='ram', subsystem=None)
Telemetry(timestamp='27.05.2023 11:27:30.531813', value='92.000000', node='ubuntu', metric='tx', subsystem='enp0s25')
Telemetry(timestamp='27.05.2023 11:27:30.531929', value='7.368421', node='ubuntu', metric='cpu', subsystem=None)
Telemetry(timestamp='27.05.2023 11:27:30.752332', value='3660.000000', node='ubuntu', metric='rx', subsystem='enp0s25')
Telemetry(timestamp='27.05.2023 11:27:31.307392', value='9.042553', node='ubuntu', metric='cpu', subsystem=None)
Telemetry(timestamp='27.05.2023 11:27:31.316592', value='85.000000', node='ubuntu', metric='tx', subsystem='enp0s25')
Telemetry(timestamp='27.05.2023 11:27:31.263511', value='3276.000000', node='ubuntu', metric='rx', subsystem='enp0s25')
Telemetry(timestamp='27.05.2023 11:27:31.530422', value='1019692.000000', node='ubuntu', metric='ram', subsystem=None)
Telemetry(timestamp='27.05.2023 11:27:31.531022', value='6.878307', node='ubuntu', metric='cpu', subsystem=None)
Telemetry(timestamp='27.05.2023 11:27:31.531726', value='86.000000', node='ubuntu', metric='tx', subsystem='enp0s25')
Telemetry(timestamp='27.05.2023 11:27:31.673413', value='3330.000000', node='ubuntu', metric='rx', subsystem='enp0s25')
Telemetry(timestamp='27.05.2023 11:27:32.304630', value='4.812834', node='ubuntu', metric='cpu', subsystem=None)
Telemetry(timestamp='27.05.2023 11:27:32.323698', value='91.000000', node='ubuntu', metric='tx', subsystem='enp0s25')
Telemetry(timestamp='27.05.2023 11:27:32.172024', value='3716.000000', node='ubuntu', metric='rx', subsystem='enp0s25')
Telemetry(timestamp='27.05.2023 11:27:32.530811', value='9.473684', node='ubuntu', metric='cpu', subsystem=None)
Telemetry(timestamp='27.05.2023 11:27:32.531363', value='1018112.000000', node='ubuntu', metric='ram', subsystem=None)
Telemetry(timestamp='27.05.2023 11:27:32.532462', value='84.000000', node='ubuntu', metric='tx', subsystem='enp0s25')
Telemetry(timestamp='27.05.2023 11:27:32.693325', value='3297.000000', node='ubuntu', metric='rx', subsystem='enp0s25')
Telemetry(timestamp='27.05.2023 11:27:33.311587', value='86.000000', node='ubuntu', metric='tx', subsystem='enp0s25')
Telemetry(timestamp='27.05.2023 11:27:33.325353', value='5.434783', node='ubuntu', metric='cpu', subsystem=None)
Telemetry(timestamp='27.05.2023 11:27:33.200709', value='3420.000000', node='ubuntu', metric='rx', subsystem='enp0s25')
Telemetry(timestamp='27.05.2023 11:27:33.530662', value='11.111111', node='ubuntu', metric='cpu', subsystem=None)
Telemetry(timestamp='27.05.2023 11:27:33.530731', value='1011264.000000', node='ubuntu', metric='ram', subsystem=None)
Telemetry(timestamp='27.05.2023 11:27:33.532560', value='87.000000', node='ubuntu', metric='tx', subsystem='enp0s25')
Telemetry(timestamp='27.05.2023 11:27:33.712831', value='3441.000000', node='ubuntu', metric='rx', subsystem='enp0s25')
Telemetry(timestamp='27.05.2023 11:27:34.309474', value='5.851064', node='ubuntu', metric='cpu', subsystem=None)
Telemetry(timestamp='27.05.2023 11:27:34.310195', value='88.000000', node='ubuntu', metric='tx', subsystem='enp0s25')
Telemetry(timestamp='27.05.2023 11:27:34.221945', value='3476.000000', node='ubuntu', metric='rx', subsystem='enp0s25')
Telemetry(timestamp='27.05.2023 11:27:34.530691', value='3.804348', node='ubuntu', metric='cpu', subsystem=None)
Telemetry(timestamp='27.05.2023 11:27:34.530807', value='1013248.000000', node='ubuntu', metric='ram', subsystem=None)
Telemetry(timestamp='27.05.2023 11:27:34.531640', value='96.000000', node='ubuntu', metric='tx', subsystem='enp0s25')
Telemetry(timestamp='27.05.2023 11:27:34.746487', value='3958.000000', node='ubuntu', metric='rx', subsystem='enp0s25')
Telemetry(timestamp='27.05.2023 11:27:35.311393', value='11.917098', node='ubuntu', metric='cpu', subsystem=None)
Telemetry(timestamp='27.05.2023 11:27:35.316901', value='90.000000', node='ubuntu', metric='tx', subsystem='enp0s25')
Telemetry(timestamp='27.05.2023 11:27:35.256106', value='3569.000000', node='ubuntu', metric='rx', subsystem='enp0s25')
Telemetry(timestamp='27.05.2023 11:27:35.530908', value='5.945946', node='ubuntu', metric='cpu', subsystem=None)
Telemetry(timestamp='27.05.2023 11:27:35.530915', value='1025664.000000', node='ubuntu', metric='ram', subsystem=None)
Telemetry(timestamp='27.05.2023 11:27:35.530975', value='0.120000', node='ubuntu', metric='load1', subsystem=None)
Telemetry(timestamp='27.05.2023 11:27:35.533360', value='90.000000', node='ubuntu', metric='tx', subsystem='enp0s25')
Telemetry(timestamp='27.05.2023 11:27:35.740081', value='0.150000', node='ubuntu', metric='load5', subsystem=None)
Telemetry(timestamp='27.05.2023 11:27:35.759552', value='3755.000000', node='ubuntu', metric='rx', subsystem='enp0s25')
Telemetry(timestamp='27.05.2023 11:27:36.316554', value='11.855670', node='ubuntu', metric='cpu', subsystem=None)
Telemetry(timestamp='27.05.2023 11:27:36.329392', value='95.000000', node='ubuntu', metric='tx', subsystem='enp0s25')
Telemetry(timestamp='27.05.2023 11:27:36.173824', value='3631.000000', node='ubuntu', metric='rx', subsystem='enp0s25')
Telemetry(timestamp='27.05.2023 11:27:36.530591', value='3.191489', node='ubuntu', metric='cpu', subsystem=None)
Telemetry(timestamp='27.05.2023 11:27:36.530788', value='1018944.000000', node='ubuntu', metric='ram', subsystem=None)
Telemetry(timestamp='27.05.2023 11:27:36.531809', value='93.000000', node='ubuntu', metric='tx', subsystem='enp0s25')
Telemetry(timestamp='27.05.2023 11:27:36.674126', value='3511.000000', node='ubuntu', metric='rx', subsystem='enp0s25')
Telemetry(timestamp='27.05.2023 11:27:37.306078', value='11.891892', node='ubuntu', metric='cpu', subsystem=None)
Telemetry(timestamp='27.05.2023 11:27:37.306997', value='87.000000', node='ubuntu', metric='tx', subsystem='enp0s25')
Telemetry(timestamp='27.05.2023 11:27:37.219136', value='3857.000000', node='ubuntu', metric='rx', subsystem='enp0s25')
Telemetry(timestamp='27.05.2023 11:27:37.530777', value='1013500.000000', node='ubuntu', metric='ram', subsystem=None)
Telemetry(timestamp='27.05.2023 11:27:37.530780', value='2.631579', node='ubuntu', metric='cpu', subsystem=None)
Telemetry(timestamp='27.05.2023 11:27:37.531906', value='89.000000', node='ubuntu', metric='tx', subsystem='enp0s25')
Telemetry(timestamp='27.05.2023 11:27:37.715128', value='3765.000000', node='ubuntu', metric='rx', subsystem='enp0s25')
Telemetry(timestamp='27.05.2023 11:27:38.308715', value='99.000000', node='ubuntu', metric='tx', subsystem='enp0s25')
Telemetry(timestamp='27.05.2023 11:27:38.311903', value='5.913978', node='ubuntu', metric='cpu', subsystem=None)
Telemetry(timestamp='27.05.2023 11:27:38.224235', value='3755.000000', node='ubuntu', metric='rx', subsystem='enp0s25')
Telemetry(timestamp='27.05.2023 11:27:38.530175', value='1020528.000000', node='ubuntu', metric='ram', subsystem=None)
Telemetry(timestamp='27.05.2023 11:27:38.530494', value='11.458333', node='ubuntu', metric='cpu', subsystem=None)
Telemetry(timestamp='27.05.2023 11:27:38.532351', value='93.000000', node='ubuntu', metric='tx', subsystem='enp0s25')
Telemetry(timestamp='27.05.2023 11:27:38.570244', value='3434.000000', node='ubuntu', metric='rx', subsystem='enp0s25')
Telemetry(timestamp='27.05.2023 11:27:39.302590', value='3.723404', node='ubuntu', metric='cpu', subsystem=None)
Telemetry(timestamp='27.05.2023 11:27:39.323061', value='90.000000', node='ubuntu', metric='tx', subsystem='enp0s25')
Telemetry(timestamp='27.05.2023 11:27:39.241083', value='3669.000000', node='ubuntu', metric='rx', subsystem='enp0s25')
Telemetry(timestamp='27.05.2023 11:27:39.530056', value='1028380.000000', node='ubuntu', metric='ram', subsystem=None)
Telemetry(timestamp='27.05.2023 11:27:39.530569', value='10.270270', node='ubuntu', metric='cpu', subsystem=None)
Telemetry(timestamp='27.05.2023 11:27:39.530980', value='91.000000', node='ubuntu', metric='tx', subsystem='enp0s25')
Telemetry(timestamp='27.05.2023 11:27:39.654710', value='3722.000000', node='ubuntu', metric='rx', subsystem='enp0s25')
Telemetry(timestamp='27.05.2023 11:27:40.306789', value='7.253886', node='ubuntu', metric='cpu', subsystem=None)
Telemetry(timestamp='27.05.2023 11:27:40.310209', value='62.000000', node='ubuntu', metric='tx', subsystem='enp0s25')
Telemetry(timestamp='27.05.2023 11:27:40.148873', value='2317.000000', node='ubuntu', metric='rx', subsystem='enp0s25')
Telemetry(timestamp='27.05.2023 11:27:40.530973', value='1028276.000000', node='ubuntu', metric='ram', subsystem=None)
Telemetry(timestamp='27.05.2023 11:27:40.531362', value='25.000000', node='ubuntu', metric='tx', subsystem='enp0s25')
Telemetry(timestamp='27.05.2023 11:27:40.531620', value='0.110000', node='ubuntu', metric='load1', subsystem=None)
Telemetry(timestamp='27.05.2023 11:27:40.531749', value='1.005025', node='ubuntu', metric='cpu', subsystem=None)
Telemetry(timestamp='27.05.2023 11:27:40.675589', value='725.000000', node='ubuntu', metric='rx', subsystem='enp0s25')
Telemetry(timestamp='27.05.2023 11:27:40.683138', value='0.150000', node='ubuntu', metric='load5', subsystem=None)
Telemetry(timestamp='27.05.2023 11:27:41.314824', value='1.990050', node='ubuntu', metric='cpu', subsystem=None)
Telemetry(timestamp='27.05.2023 11:27:41.319909', value='10.000000', node='ubuntu', metric='tx', subsystem='enp0s25')
Telemetry(timestamp='27.05.2023 11:27:41.189100', value='73.000000', node='ubuntu', metric='rx', subsystem='enp0s25')
Telemetry(timestamp='27.05.2023 11:27:41.530536', value='1028276.000000', node='ubuntu', metric='ram', subsystem=None)
Telemetry(timestamp='27.05.2023 11:27:41.530804', value='1.500000', node='ubuntu', metric='cpu', subsystem=None)
Telemetry(timestamp='27.05.2023 11:27:41.532653', value='8.000000', node='ubuntu', metric='tx', subsystem='enp0s25')
Telemetry(timestamp='27.05.2023 11:27:41.694133', value='3.000000', node='ubuntu', metric='rx', subsystem='enp0s25')
Telemetry(timestamp='27.05.2023 11:27:42.306369', value='3.571429', node='ubuntu', metric='cpu', subsystem=None)
Telemetry(timestamp='27.05.2023 11:27:42.315201', value='29.000000', node='ubuntu', metric='tx', subsystem='enp0s25')
Telemetry(timestamp='27.05.2023 11:27:42.210895', value='629.000000', node='ubuntu', metric='rx', subsystem='enp0s25')
Telemetry(timestamp='27.05.2023 11:27:42.531382', value='6.451613', node='ubuntu', metric='cpu', subsystem=None)
Telemetry(timestamp='27.05.2023 11:27:42.531685', value='1028772.000000', node='ubuntu', metric='ram', subsystem=None)
Telemetry(timestamp='27.05.2023 11:27:42.531793', value='86.000000', node='ubuntu', metric='tx', subsystem='enp0s25')
Telemetry(timestamp='27.05.2023 11:27:42.718229', value='2227.000000', node='ubuntu', metric='rx', subsystem='enp0s25')
Telemetry(timestamp='27.05.2023 11:27:43.317390', value='103.000000', node='ubuntu', metric='tx', subsystem='enp0s25')
Telemetry(timestamp='27.05.2023 11:27:43.328624', value='9.677419', node='ubuntu', metric='cpu', subsystem=None)
Telemetry(timestamp='27.05.2023 11:27:43.232914', value='3277.000000', node='ubuntu', metric='rx', subsystem='enp0s25')
Telemetry(timestamp='27.05.2023 11:27:43.530143', value='1017468.000000', node='ubuntu', metric='ram', subsystem=None)
Telemetry(timestamp='27.05.2023 11:27:43.531059', value='2.747253', node='ubuntu', metric='cpu', subsystem=None)
Telemetry(timestamp='27.05.2023 11:27:43.532974', value='90.000000', node='ubuntu', metric='tx', subsystem='enp0s25')
Telemetry(timestamp='27.05.2023 11:27:43.660928', value='3772.000000', node='ubuntu', metric='rx', subsystem='enp0s25')
Telemetry(timestamp='27.05.2023 11:27:44.309011', value='95.000000', node='ubuntu', metric='tx', subsystem='enp0s25')
Telemetry(timestamp='27.05.2023 11:27:44.314129', value='6.951872', node='ubuntu', metric='cpu', subsystem=None)
Telemetry(timestamp='27.05.2023 11:27:44.239504', value='4139.000000', node='ubuntu', metric='rx', subsystem='enp0s25')
Telemetry(timestamp='27.05.2023 11:27:44.530700', value='1012024.000000', node='ubuntu', metric='ram', subsystem=None)
Telemetry(timestamp='27.05.2023 11:27:44.531288', value='10.106383', node='ubuntu', metric='cpu', subsystem=None)
Telemetry(timestamp='27.05.2023 11:27:44.531741', value='91.000000', node='ubuntu', metric='tx', subsystem='enp0s25')
Telemetry(timestamp='27.05.2023 11:27:44.689789', value='3762.000000', node='ubuntu', metric='rx', subsystem='enp0s25')
Telemetry(timestamp='27.05.2023 11:27:45.307272', value='7.692308', node='ubuntu', metric='cpu', subsystem=None)
Telemetry(timestamp='27.05.2023 11:27:45.319182', value='92.000000', node='ubuntu', metric='tx', subsystem='enp0s25')
Telemetry(timestamp='27.05.2023 11:27:45.185692', value='3585.000000', node='ubuntu', metric='rx', subsystem='enp0s25')
Telemetry(timestamp='27.05.2023 11:27:45.530436', value='0.100000', node='ubuntu', metric='load1', subsystem=None)
Telemetry(timestamp='27.05.2023 11:27:45.530437', value='0.140000', node='ubuntu', metric='load5', subsystem=None)
Telemetry(timestamp='27.05.2023 11:27:45.530506', value='1025272.000000', node='ubuntu', metric='ram', subsystem=None)
Telemetry(timestamp='27.05.2023 11:27:45.530875', value='11.578947', node='ubuntu', metric='cpu', subsystem=None)
Telemetry(timestamp='27.05.2023 11:27:45.531657', value='89.000000', node='ubuntu', metric='tx', subsystem='enp0s25')
Telemetry(timestamp='27.05.2023 11:27:45.707323', value='3397.000000', node='ubuntu', metric='rx', subsystem='enp0s25')
Telemetry(timestamp='27.05.2023 11:27:46.310549', value='6.451613', node='ubuntu', metric='cpu', subsystem=None)
Telemetry(timestamp='27.05.2023 11:27:46.315179', value='89.000000', node='ubuntu', metric='tx', subsystem='enp0s25')
Telemetry(timestamp='27.05.2023 11:27:46.199357', value='3655.000000', node='ubuntu', metric='rx', subsystem='enp0s25')
Telemetry(timestamp='27.05.2023 11:27:46.529763', value='1022708.000000', node='ubuntu', metric='ram', subsystem=None)
Telemetry(timestamp='27.05.2023 11:27:46.531542', value='13.297872', node='ubuntu', metric='cpu', subsystem=None)
Telemetry(timestamp='27.05.2023 11:27:46.531651', value='90.000000', node='ubuntu', metric='tx', subsystem='enp0s25')
Telemetry(timestamp='27.05.2023 11:27:46.762275', value='3810.000000', node='ubuntu', metric='rx', subsystem='enp0s25')
Telemetry(timestamp='27.05.2023 11:27:47.301592', value='2.717391', node='ubuntu', metric='cpu', subsystem=None)
Telemetry(timestamp='27.05.2023 11:27:47.331435', value='90.000000', node='ubuntu', metric='tx', subsystem='enp0s25')
Telemetry(timestamp='27.05.2023 11:27:47.225358', value='3646.000000', node='ubuntu', metric='rx', subsystem='enp0s25')
Telemetry(timestamp='27.05.2023 11:27:47.531184', value='1024412.000000', node='ubuntu', metric='ram', subsystem=None)
Telemetry(timestamp='27.05.2023 11:27:47.531298', value='9.326425', node='ubuntu', metric='cpu', subsystem=None)
Telemetry(timestamp='27.05.2023 11:27:47.531392', value='97.000000', node='ubuntu', metric='tx', subsystem='enp0s25')
Telemetry(timestamp='27.05.2023 11:27:47.786149', value='3960.000000', node='ubuntu', metric='rx', subsystem='enp0s25')
Telemetry(timestamp='27.05.2023 11:27:48.324303', value='10.638298', node='ubuntu', metric='cpu', subsystem=None)
Telemetry(timestamp='27.05.2023 11:27:48.334607', value='91.000000', node='ubuntu', metric='tx', subsystem='enp0s25')
Telemetry(timestamp='27.05.2023 11:27:48.591343', value='3675.000000', node='ubuntu', metric='rx', subsystem='enp0s25')
Telemetry(timestamp='27.05.2023 11:27:48.530324', value='1023716.000000', node='ubuntu', metric='ram', subsystem=None)
Telemetry(timestamp='27.05.2023 11:27:48.530461', value='5.464481', node='ubuntu', metric='cpu', subsystem=None)
Telemetry(timestamp='27.05.2023 11:27:48.532729', value='90.000000', node='ubuntu', metric='tx', subsystem='enp0s25')
Telemetry(timestamp='27.05.2023 11:27:48.557431', value='3775.000000', node='ubuntu', metric='rx', subsystem='enp0s25')
Telemetry(timestamp='27.05.2023 11:27:49.304404', value='10.270270', node='ubuntu', metric='cpu', subsystem=None)
Telemetry(timestamp='27.05.2023 11:27:49.313066', value='89.000000', node='ubuntu', metric='tx', subsystem='enp0s25')
Telemetry(timestamp='27.05.2023 11:27:49.968308', value='3710.000000', node='ubuntu', metric='rx', subsystem='enp0s25')
Telemetry(timestamp='27.05.2023 11:27:49.530716', value='7.027027', node='ubuntu', metric='cpu', subsystem=None)
Telemetry(timestamp='27.05.2023 11:27:49.531213', value='1014716.000000', node='ubuntu', metric='ram', subsystem=None)
Telemetry(timestamp='27.05.2023 11:27:49.531654', value='90.000000', node='ubuntu', metric='tx', subsystem='enp0s25')
Telemetry(timestamp='27.05.2023 11:27:49.566061', value='3608.000000', node='ubuntu', metric='rx', subsystem='enp0s25')
Telemetry(timestamp='27.05.2023 11:27:50.307019', value='93.000000', node='ubuntu', metric='tx', subsystem='enp0s25')
Telemetry(timestamp='27.05.2023 11:27:50.317496', value='10.215054', node='ubuntu', metric='cpu', subsystem=None)
Telemetry(timestamp='27.05.2023 11:27:50.772402', value='3785.000000', node='ubuntu', metric='rx', subsystem='enp0s25')
Telemetry(timestamp='27.05.2023 11:27:50.530486', value='0.100000', node='ubuntu', metric='load1', subsystem=None)
Telemetry(timestamp='27.05.2023 11:27:50.530490', value='0.140000', node='ubuntu', metric='load5', subsystem=None)
Telemetry(timestamp='27.05.2023 11:27:50.530893', value='9.424084', node='ubuntu', metric='cpu', subsystem=None)
Telemetry(timestamp='27.05.2023 11:27:50.530979', value='1015120.000000', node='ubuntu', metric='ram', subsystem=None)
Telemetry(timestamp='27.05.2023 11:27:50.533049', value='89.000000', node='ubuntu', metric='tx', subsystem='enp0s25')
Telemetry(timestamp='27.05.2023 11:27:50.713672', value='3315.000000', node='ubuntu', metric='rx', subsystem='enp0s25')
Telemetry(timestamp='27.05.2023 11:27:51.308951', value='7.407407', node='ubuntu', metric='cpu', subsystem=None)
Telemetry(timestamp='27.05.2023 11:27:51.321597', value='91.000000', node='ubuntu', metric='tx', subsystem='enp0s25')
Telemetry(timestamp='27.05.2023 11:27:51.244610', value='3604.000000', node='ubuntu', metric='rx', subsystem='enp0s25')
Telemetry(timestamp='27.05.2023 11:27:51.530248', value='1011420.000000', node='ubuntu', metric='ram', subsystem=None)
Telemetry(timestamp='27.05.2023 11:27:51.532233', value='8.854167', node='ubuntu', metric='cpu', subsystem=None)
Telemetry(timestamp='27.05.2023 11:27:51.532334', value='75.000000', node='ubuntu', metric='tx', subsystem='enp0s25')
Telemetry(timestamp='27.05.2023 11:27:51.745051', value='3197.000000', node='ubuntu', metric='rx', subsystem='enp0s25')
Telemetry(timestamp='27.05.2023 11:27:52.304397', value='1.507538', node='ubuntu', metric='cpu', subsystem=None)
Telemetry(timestamp='27.05.2023 11:27:52.326216', value='32.000000', node='ubuntu', metric='tx', subsystem='enp0s25')
Telemetry(timestamp='27.05.2023 11:27:52.241417', value='1137.000000', node='ubuntu', metric='rx', subsystem='enp0s25')
Telemetry(timestamp='27.05.2023 11:27:52.530791', value='1011412.000000', node='ubuntu', metric='ram', subsystem=None)
Telemetry(timestamp='27.05.2023 11:27:52.531259', value='8.000000', node='ubuntu', metric='tx', subsystem='enp0s25')
Telemetry(timestamp='27.05.2023 11:27:52.531320', value='1.000000', node='ubuntu', metric='cpu', subsystem=None)
Telemetry(timestamp='27.05.2023 11:27:52.761758', value='3.000000', node='ubuntu', metric='rx', subsystem='enp0s25')
Telemetry(timestamp='27.05.2023 11:27:53.308625', value='1.005025', node='ubuntu', metric='cpu', subsystem=None)