Telemetry(timestamp='22.05.2023 08:45:21.221927', value='0.000000', node='ubuntu', metric='tx', subsystem='lo')
Telemetry(timestamp='22.05.2023 08:45:21.222223', value='10.000000', node='ubuntu', metric='tx', subsystem='enp0s25')
Telemetry(timestamp='22.05.2023 08:45:21.226842', value='0.000000', node='ubuntu', metric='rx', subsystem='lo')
Telemetry(timestamp='22.05.2023 08:45:21.228401', value='5.000000', node='ubuntu', metric='rx', subsystem='enp0s25')
Telemetry(timestamp='22.05.2023 08:45:21.720599', value='1249304.000000', node='ubuntu', metric='ram', subsystem=None)
Telemetry(timestamp='22.05.2023 08:45:21.721237', value='1.492537', node='ubuntu', metric='cpu', subsystem=None)
Telemetry(timestamp='22.05.2023 08:45:21.723048', value='10.000000', node='ubuntu', metric='tx', subsystem='enp0s25')
Telemetry(timestamp='22.05.2023 08:45:21.723274', value='0.000000', node='ubuntu', metric='tx', subsystem='lo')
Telemetry(timestamp='22.05.2023 08:45:21.728186', value='5.000000', node='ubuntu', metric='rx', subsystem='enp0s25')
Telemetry(timestamp='22.05.2023 08:45:21.729753', value='0.000000', node='ubuntu', metric='rx', subsystem='lo')
Telemetry(timestamp='22.05.2023 08:45:22.221222', value='3.645833', node='ubuntu', metric='cpu', subsystem=None)
Telemetry(timestamp='22.05.2023 08:45:22.221351', value='0.000000', node='ubuntu', metric='tx', subsystem='lo')
Telemetry(timestamp='22.05.2023 08:45:22.221537', value='101.000000', node='ubuntu', metric='tx', subsystem='enp0s25')
Telemetry(timestamp='22.05.2023 08:45:22.224383', value='0.000000', node='ubuntu', metric='rx', subsystem='lo')
Telemetry(timestamp='22.05.2023 08:45:22.225047', value='5947.000000', node='ubuntu', metric='rx', subsystem='enp0s25')
Telemetry(timestamp='22.05.2023 08:45:22.720706', value='1274344.000000', node='ubuntu', metric='ram', subsystem=None)
Telemetry(timestamp='22.05.2023 08:45:22.720922', value='23.497268', node='ubuntu', metric='cpu', subsystem=None)
Telemetry(timestamp='22.05.2023 08:45:22.721553', value='269.000000', node='ubuntu', metric='tx', subsystem='enp0s25')
Telemetry(timestamp='22.05.2023 08:45:22.722143', value='2.000000', node='ubuntu', metric='tx', subsystem='lo')
Telemetry(timestamp='22.05.2023 08:45:22.724885', value='21858.000000', node='ubuntu', metric='rx', subsystem='enp0s25')
Telemetry(timestamp='22.05.2023 08:45:22.727151', value='2.000000', node='ubuntu', metric='rx', subsystem='lo')
Telemetry(timestamp='22.05.2023 08:45:23.221033', value='3.000000', node='ubuntu', metric='tx', subsystem='lo')
Telemetry(timestamp='22.05.2023 08:45:23.221089', value='16.022099', node='ubuntu', metric='cpu', subsystem=None)
Telemetry(timestamp='22.05.2023 08:45:23.221225', value='461.000000', node='ubuntu', metric='tx', subsystem='enp0s25')
Telemetry(timestamp='22.05.2023 08:45:23.222704', value='3.000000', node='ubuntu', metric='rx', subsystem='lo')
Telemetry(timestamp='22.05.2023 08:45:23.224763', value='34618.000000', node='ubuntu', metric='rx', subsystem='enp0s25')
Telemetry(timestamp='22.05.2023 08:45:23.720169', value='1257004.000000', node='ubuntu', metric='ram', subsystem=None)
Telemetry(timestamp='22.05.2023 08:45:23.721287', value='21.428571', node='ubuntu', metric='cpu', subsystem=None)
Telemetry(timestamp='22.05.2023 08:45:23.721342', value='3.000000', node='ubuntu', metric='tx', subsystem='lo')
Telemetry(timestamp='22.05.2023 08:45:23.721347', value='511.000000', node='ubuntu', metric='tx', subsystem='enp0s25')
Telemetry(timestamp='22.05.2023 08:45:23.723371', value='3.000000', node='ubuntu', metric='rx', subsystem='lo')
Telemetry(timestamp='22.05.2023 08:45:23.724147', value='32790.000000', node='ubuntu', metric='rx', subsystem='enp0s25')
Telemetry(timestamp='22.05.2023 08:45:24.220885', value='15.591398', node='ubuntu', metric='cpu', subsystem=None)
Telemetry(timestamp='22.05.2023 08:45:24.221794', value='3.000000', node='ubuntu', metric='tx', subsystem='lo')
Telemetry(timestamp='22.05.2023 08:45:24.221852', value='486.000000', node='ubuntu', metric='tx', subsystem='enp0s25')
Telemetry(timestamp='22.05.2023 08:45:24.224901', value='3.000000', node='ubuntu', metric='rx', subsystem='lo')
Telemetry(timestamp='22.05.2023 08:45:24.225164', value='31907.000000', node='ubuntu', metric='rx', subsystem='enp0s25')
Telemetry(timestamp='22.05.2023 08:45:24.720555', value='1298764.000000', node='ubuntu', metric='ram', subsystem=None)
Telemetry(timestamp='22.05.2023 08:45:24.720752', value='480.000000', node='ubuntu', metric='tx', subsystem='enp0s25')
Telemetry(timestamp='22.05.2023 08:45:24.721092', value='2.000000', node='ubuntu', metric='tx', subsystem='lo')
Telemetry(timestamp='22.05.2023 08:45:24.721261', value='17.877095', node='ubuntu', metric='cpu', subsystem=None)
Telemetry(timestamp='22.05.2023 08:45:24.722792', value='32789.000000', node='ubuntu', metric='rx', subsystem='enp0s25')
Telemetry(timestamp='22.05.2023 08:45:24.724084', value='2.000000', node='ubuntu', metric='rx', subsystem='lo')
Telemetry(timestamp='22.05.2023 08:45:25.221092', value='17.679558', node='ubuntu', metric='cpu', subsystem=None)
Telemetry(timestamp='22.05.2023 08:45:25.221370', value='3.000000', node='ubuntu', metric='tx', subsystem='lo')
Telemetry(timestamp='22.05.2023 08:45:25.221438', value='493.000000', node='ubuntu', metric='tx', subsystem='enp0s25')
Telemetry(timestamp='22.05.2023 08:45:25.225430', value='3.000000', node='ubuntu', metric='rx', subsystem='lo')
Telemetry(timestamp='22.05.2023 08:45:25.226056', value='32953.000000', node='ubuntu', metric='rx', subsystem='enp0s25')
Telemetry(timestamp='22.05.2023 08:45:25.720330', value='1255648.000000', node='ubuntu', metric='ram', subsystem=None)
Telemetry(timestamp='22.05.2023 08:45:25.720965', value='21.857923', node='ubuntu', metric='cpu', subsystem=None)
Telemetry(timestamp='22.05.2023 08:45:25.721070', value='489.000000', node='ubuntu', metric='tx', subsystem='enp0s25')
Telemetry(timestamp='22.05.2023 08:45:25.721161', value='4.000000', node='ubuntu', metric='tx', subsystem='lo')
Telemetry(timestamp='22.05.2023 08:45:25.723724', value='32789.000000', node='ubuntu', metric='rx', subsystem='enp0s25')
Telemetry(timestamp='22.05.2023 08:45:25.724511', value='4.000000', node='ubuntu', metric='rx', subsystem='lo')
Telemetry(timestamp='22.05.2023 08:45:26.220553', value='15.343915', node='ubuntu', metric='cpu', subsystem=None)
Telemetry(timestamp='22.05.2023 08:45:26.221160', value='3.000000', node='ubuntu', metric='tx', subsystem='lo')
Telemetry(timestamp='22.05.2023 08:45:26.221447', value='446.000000', node='ubuntu', metric='tx', subsystem='enp0s25')
Telemetry(timestamp='22.05.2023 08:45:26.223085', value='3.000000', node='ubuntu', metric='rx', subsystem='lo')
Telemetry(timestamp='22.05.2023 08:45:26.227981', value='30542.000000', node='ubuntu', metric='rx', subsystem='enp0s25')
Telemetry(timestamp='22.05.2023 08:45:26.721233', value='500.000000', node='ubuntu', metric='tx', subsystem='enp0s25')
Telemetry(timestamp='22.05.2023 08:45:26.721236', value='1277620.000000', node='ubuntu', metric='ram', subsystem=None)
Telemetry(timestamp='22.05.2023 08:45:26.721885', value='2.000000', node='ubuntu', metric='tx', subsystem='lo')
Telemetry(timestamp='22.05.2023 08:45:26.721890', value='20.967742', node='ubuntu', metric='cpu', subsystem=None)
Telemetry(timestamp='22.05.2023 08:45:26.722011', value='32791.000000', node='ubuntu', metric='rx', subsystem='enp0s25')
Telemetry(timestamp='22.05.2023 08:45:26.726018', value='2.000000', node='ubuntu', metric='rx', subsystem='lo')
Telemetry(timestamp='22.05.2023 08:45:27.220860', value='3.000000', node='ubuntu', metric='tx', subsystem='lo')
Telemetry(timestamp='22.05.2023 08:45:27.220997', value='502.000000', node='ubuntu', metric='tx', subsystem='enp0s25')
Telemetry(timestamp='22.05.2023 08:45:27.221247', value='17.837838', node='ubuntu', metric='cpu', subsystem=None)
Telemetry(timestamp='22.05.2023 08:45:27.221845', value='3.000000', node='ubuntu', metric='rx', subsystem='lo')
Telemetry(timestamp='22.05.2023 08:45:27.223238', value='31702.000000', node='ubuntu', metric='rx', subsystem='enp0s25')
Telemetry(timestamp='22.05.2023 08:45:27.720510', value='1267548.000000', node='ubuntu', metric='ram', subsystem=None)
Telemetry(timestamp='22.05.2023 08:45:27.721178', value='16.304348', node='ubuntu', metric='cpu', subsystem=None)
Telemetry(timestamp='22.05.2023 08:45:27.722017', value='428.000000', node='ubuntu', metric='tx', subsystem='enp0s25')
Telemetry(timestamp='22.05.2023 08:45:27.722399', value='3.000000', node='ubuntu', metric='tx', subsystem='lo')
Telemetry(timestamp='22.05.2023 08:45:27.725499', value='32792.000000', node='ubuntu', metric='rx', subsystem='enp0s25')
Telemetry(timestamp='22.05.2023 08:45:27.726387', value='3.000000', node='ubuntu', metric='rx', subsystem='lo')
Telemetry(timestamp='22.05.2023 08:45:28.220469', value='20.000000', node='ubuntu', metric='cpu', subsystem=None)
Telemetry(timestamp='22.05.2023 08:45:28.221470', value='3.000000', node='ubuntu', metric='tx', subsystem='lo')
Telemetry(timestamp='22.05.2023 08:45:28.221624', value='442.000000', node='ubuntu', metric='tx', subsystem='enp0s25')
Telemetry(timestamp='22.05.2023 08:45:28.223803', value='3.000000', node='ubuntu', metric='rx', subsystem='lo')
Telemetry(timestamp='22.05.2023 08:45:28.225495', value='33848.000000', node='ubuntu', metric='rx', subsystem='enp0s25')
Telemetry(timestamp='22.05.2023 08:45:28.720867', value='12.834225', node='ubuntu', metric='cpu', subsystem=None)
Telemetry(timestamp='22.05.2023 08:45:28.721138', value='447.000000', node='ubuntu', metric='tx', subsystem='enp0s25')
Telemetry(timestamp='22.05.2023 08:45:28.721179', value='1259348.000000', node='ubuntu', metric='ram', subsystem=None)
Telemetry(timestamp='22.05.2023 08:45:28.721199', value='3.000000', node='ubuntu', metric='tx', subsystem='lo')
Telemetry(timestamp='22.05.2023 08:45:28.723638', value='30444.000000', node='ubuntu', metric='rx', subsystem='enp0s25')
Telemetry(timestamp='22.05.2023 08:45:28.724681', value='3.000000', node='ubuntu', metric='rx', subsystem='lo')
Telemetry(timestamp='22.05.2023 08:45:29.221121', value='18.032787', node='ubuntu', metric='cpu', subsystem=None)
Telemetry(timestamp='22.05.2023 08:45:29.221591', value='3.000000', node='ubuntu', metric='tx', subsystem='lo')
Telemetry(timestamp='22.05.2023 08:45:29.221637', value='339.000000', node='ubuntu', metric='tx', subsystem='enp0s25')
Telemetry(timestamp='22.05.2023 08:45:29.225652', value='3.000000', node='ubuntu', metric='rx', subsystem='lo')
Telemetry(timestamp='22.05.2023 08:45:29.225932', value='29257.000000', node='ubuntu', metric='rx', subsystem='enp0s25')
Telemetry(timestamp='22.05.2023 08:45:29.720500', value='1267116.000000', node='ubuntu', metric='ram', subsystem=None)
Telemetry(timestamp='22.05.2023 08:45:29.721268', value='15.508021', node='ubuntu', metric='cpu', subsystem=None)
Telemetry(timestamp='22.05.2023 08:45:29.721889', value='3.000000', node='ubuntu', metric='tx', subsystem='lo')
Telemetry(timestamp='22.05.2023 08:45:29.721910', value='343.000000', node='ubuntu', metric='tx', subsystem='enp0s25')
Telemetry(timestamp='22.05.2023 08:45:29.726188', value='3.000000', node='ubuntu', metric='rx', subsystem='lo')
Telemetry(timestamp='22.05.2023 08:45:29.726756', value='33500.000000', node='ubuntu', metric='rx', subsystem='enp0s25')
Telemetry(timestamp='22.05.2023 08:45:30.221052', value='21.925134', node='ubuntu', metric='cpu', subsystem=None)
Telemetry(timestamp='22.05.2023 08:45:30.222159', value='412.000000', node='ubuntu', metric='tx', subsystem='enp0s25')
Telemetry(timestamp='22.05.2023 08:45:30.222616', value='3.000000', node='ubuntu', metric='tx', subsystem='lo')
Telemetry(timestamp='22.05.2023 08:45:30.225425', value='31856.000000', node='ubuntu', metric='rx', subsystem='enp0s25')
Telemetry(timestamp='22.05.2023 08:45:30.226151', value='3.000000', node='ubuntu', metric='rx', subsystem='lo')
Telemetry(timestamp='22.05.2023 08:45:30.720868', value='514.000000', node='ubuntu', metric='tx', subsystem='enp0s25')
Telemetry(timestamp='22.05.2023 08:45:30.720939', value='3.000000', node='ubuntu', metric='tx', subsystem='lo')
Telemetry(timestamp='22.05.2023 08:45:30.721269', value='14.444444', node='ubuntu', metric='cpu', subsystem=None)
Telemetry(timestamp='22.05.2023 08:45:30.721335', value='1264532.000000', node='ubuntu', metric='ram', subsystem=None)
Telemetry(timestamp='22.05.2023 08:45:30.721880', value='32280.000000', node='ubuntu', metric='rx', subsystem='enp0s25')
Telemetry(timestamp='22.05.2023 08:45:30.722627', value='3.000000', node='ubuntu', metric='rx', subsystem='lo')
Telemetry(timestamp='22.05.2023 08:45:31.221308', value='22.043011', node='ubuntu', metric='cpu', subsystem=None)
Telemetry(timestamp='22.05.2023 08:45:31.221442', value='3.000000', node='ubuntu', metric='tx', subsystem='lo')
Telemetry(timestamp='22.05.2023 08:45:31.221482', value='522.000000', node='ubuntu', metric='tx', subsystem='enp0s25')
Telemetry(timestamp='22.05.2023 08:45:31.223865', value='3.000000', node='ubuntu', metric='rx', subsystem='lo')
Telemetry(timestamp='22.05.2023 08:45:31.224729', value='32819.000000', node='ubuntu', metric='rx', subsystem='enp0s25')
Telemetry(timestamp='22.05.2023 08:45:31.720395', value='16.577540', node='ubuntu', metric='cpu', subsystem=None)
Telemetry(timestamp='22.05.2023 08:45:31.720584', value='1255116.000000', node='ubuntu', metric='ram', subsystem=None)
Telemetry(timestamp='22.05.2023 08:45:31.721329', value='3.000000', node='ubuntu', metric='tx', subsystem='lo')
Telemetry(timestamp='22.05.2023 08:45:31.722069', value='516.000000', node='ubuntu', metric='tx', subsystem='enp0s25')
Telemetry(timestamp='22.05.2023 08:45:31.723519', value='3.000000', node='ubuntu', metric='rx', subsystem='lo')
Telemetry(timestamp='22.05.2023 08:45:31.727505', value='32729.000000', node='ubuntu', metric='rx', subsystem='enp0s25')
Telemetry(timestamp='22.05.2023 08:45:32.220537', value='505.000000', node='ubuntu', metric='tx', subsystem='enp0s25')
Telemetry(timestamp='22.05.2023 08:45:32.220757', value='3.000000', node='ubuntu', metric='tx', subsystem='lo')
Telemetry(timestamp='22.05.2023 08:45:32.220783', value='22.043011', node='ubuntu', metric='cpu', subsystem=None)
Telemetry(timestamp='22.05.2023 08:45:32.222161', value='33848.000000', node='ubuntu', metric='rx', subsystem='enp0s25')
Telemetry(timestamp='22.05.2023 08:45:32.224108', value='3.000000', node='ubuntu', metric='rx', subsystem='lo')
Telemetry(timestamp='22.05.2023 08:45:32.720124', value='1263736.000000', node='ubuntu', metric='ram', subsystem=None)
Telemetry(timestamp='22.05.2023 08:45:32.720619', value='14.594595', node='ubuntu', metric='cpu', subsystem=None)
Telemetry(timestamp='22.05.2023 08:45:32.720999', value='457.000000', node='ubuntu', metric='tx', subsystem='enp0s25')
Telemetry(timestamp='22.05.2023 08:45:32.721045', value='3.000000', node='ubuntu', metric='tx', subsystem='lo')
Telemetry(timestamp='22.05.2023 08:45:32.725602', value='33662.000000', node='ubuntu', metric='rx', subsystem='enp0s25')
Telemetry(timestamp='22.05.2023 08:45:32.726382', value='3.000000', node='ubuntu', metric='rx', subsystem='lo')
Telemetry(timestamp='22.05.2023 08:45:33.220411', value='22.459893', node='ubuntu', metric='cpu', subsystem=None)
Telemetry(timestamp='22.05.2023 08:45:33.221077', value='464.000000', node='ubuntu', metric='tx', subsystem='enp0s25')
Telemetry(timestamp='22.05.2023 08:45:33.221284', value='3.000000', node='ubuntu', metric='tx', subsystem='lo')
Telemetry(timestamp='22.05.2023 08:45:33.224327', value='33542.000000', node='ubuntu', metric='rx', subsystem='enp0s25')
Telemetry(timestamp='22.05.2023 08:45:33.224570', value='3.000000', node='ubuntu', metric='rx', subsystem='lo')
Telemetry(timestamp='22.05.2023 08:45:33.720197', value='1265776.000000', node='ubuntu', metric='ram', subsystem=None)
Telemetry(timestamp='22.05.2023 08:45:33.720432', value='17.989418', node='ubuntu', metric='cpu', subsystem=None)
Telemetry(timestamp='22.05.2023 08:45:33.720557', value='3.000000', node='ubuntu', metric='tx', subsystem='lo')
Telemetry(timestamp='22.05.2023 08:45:33.720567', value='498.000000', node='ubuntu', metric='tx', subsystem='enp0s25')
Telemetry(timestamp='22.05.2023 08:45:33.724041', value='3.000000', node='ubuntu', metric='rx', subsystem='lo')
Telemetry(timestamp='22.05.2023 08:45:33.724303', value='32817.000000', node='ubuntu', metric='rx', subsystem='enp0s25')
Telemetry(timestamp='22.05.2023 08:45:34.220650', value='3.000000', node='ubuntu', metric='tx', subsystem='lo')
Telemetry(timestamp='22.05.2023 08:45:34.220685', value='493.000000', node='ubuntu', metric='tx', subsystem='enp0s25')
Telemetry(timestamp='22.05.2023 08:45:34.220901', value='22.162162', node='ubuntu', metric='cpu', subsystem=None)
Telemetry(timestamp='22.05.2023 08:45:34.222842', value='3.000000', node='ubuntu', metric='rx', subsystem='lo')
Telemetry(timestamp='22.05.2023 08:45:34.223509', value='32559.000000', node='ubuntu', metric='rx', subsystem='enp0s25')
Telemetry(timestamp='22.05.2023 08:45:34.720502', value='16.847826', node='ubuntu', metric='cpu', subsystem=None)
Telemetry(timestamp='22.05.2023 08:45:34.720652', value='508.000000', node='ubuntu', metric='tx', subsystem='enp0s25')
Telemetry(timestamp='22.05.2023 08:45:34.720725', value='3.000000', node='ubuntu', metric='tx', subsystem='lo')
Telemetry(timestamp='22.05.2023 08:45:34.721174', value='1277308.000000', node='ubuntu', metric='ram', subsystem=None)
Telemetry(timestamp='22.05.2023 08:45:34.722626', value='33410.000000', node='ubuntu', metric='rx', subsystem='enp0s25')
Telemetry(timestamp='22.05.2023 08:45:34.722864', value='3.000000', node='ubuntu', metric='rx', subsystem='lo')
Telemetry(timestamp='22.05.2023 08:45:35.220826', value='451.000000', node='ubuntu', metric='tx', subsystem='enp0s25')
Telemetry(timestamp='22.05.2023 08:45:35.220930', value='3.000000', node='ubuntu', metric='tx', subsystem='lo')
Telemetry(timestamp='22.05.2023 08:45:35.220979', value='21.081081', node='ubuntu', metric='cpu', subsystem=None)
Telemetry(timestamp='22.05.2023 08:45:35.223247', value='32267.000000', node='ubuntu', metric='rx', subsystem='enp0s25')
Telemetry(timestamp='22.05.2023 08:45:35.224345', value='3.000000', node='ubuntu', metric='rx', subsystem='lo')
Telemetry(timestamp='22.05.2023 08:45:35.720254', value='1262124.000000', node='ubuntu', metric='ram', subsystem=None)
Telemetry(timestamp='22.05.2023 08:45:35.721059', value='14.285714', node='ubuntu', metric='cpu', subsystem=None)
Telemetry(timestamp='22.05.2023 08:45:35.721195', value='3.000000', node='ubuntu', metric='tx', subsystem='lo')
Telemetry(timestamp='22.05.2023 08:45:35.721202', value='432.000000', node='ubuntu', metric='tx', subsystem='enp0s25')
Telemetry(timestamp='22.05.2023 08:45:35.724037', value='3.000000', node='ubuntu', metric='rx', subsystem='lo')
Telemetry(timestamp='22.05.2023 08:45:35.724275', value='30761.000000', node='ubuntu', metric='rx', subsystem='enp0s25')
Telemetry(timestamp='22.05.2023 08:45:36.220519', value='23.404255', node='ubuntu', metric='cpu', subsystem=None)
Telemetry(timestamp='22.05.2023 08:45:36.221107', value='3.000000', node='ubuntu', metric='tx', subsystem='lo')
Telemetry(timestamp='22.05.2023 08:45:36.221756', value='505.000000', node='ubuntu', metric='tx', subsystem='enp0s25')
Telemetry(timestamp='22.05.2023 08:45:36.223990', value='3.000000', node='ubuntu', metric='rx', subsystem='lo')
Telemetry(timestamp='22.05.2023 08:45:36.227188', value='31791.000000', node='ubuntu', metric='rx', subsystem='enp0s25')
Telemetry(timestamp='22.05.2023 08:45:36.721002', value='483.000000', node='ubuntu', metric='tx', subsystem='enp0s25')
Telemetry(timestamp='22.05.2023 08:45:36.721080', value='17.368421', node='ubuntu', metric='cpu', subsystem=None)
Telemetry(timestamp='22.05.2023 08:45:36.721192', value='3.000000', node='ubuntu', metric='tx', subsystem='lo')
Telemetry(timestamp='22.05.2023 08:45:36.721290', value='1285708.000000', node='ubuntu', metric='ram', subsystem=None)
Telemetry(timestamp='22.05.2023 08:45:36.722353', value='33595.000000', node='ubuntu', metric='rx', subsystem='enp0s25')
Telemetry(timestamp='22.05.2023 08:45:36.725739', value='3.000000', node='ubuntu', metric='rx', subsystem='lo')
Telemetry(timestamp='22.05.2023 08:45:37.220791', value='466.000000', node='ubuntu', metric='tx', subsystem='enp0s25')
Telemetry(timestamp='22.05.2023 08:45:37.220875', value='3.000000', node='ubuntu', metric='tx', subsystem='lo')
Telemetry(timestamp='22.05.2023 08:45:37.221316', value='22.459893', node='ubuntu', metric='cpu', subsystem=None)
Telemetry(timestamp='22.05.2023 08:45:37.223438', value='33902.000000', node='ubuntu', metric='rx', subsystem='enp0s25')
Telemetry(timestamp='22.05.2023 08:45:37.224416', value='3.000000', node='ubuntu', metric='rx', subsystem='lo')
Telemetry(timestamp='22.05.2023 08:45:37.720341', value='1271204.000000', node='ubuntu', metric='ram', subsystem=None)
Telemetry(timestamp='22.05.2023 08:45:37.720815', value='13.440860', node='ubuntu', metric='cpu', subsystem=None)
Telemetry(timestamp='22.05.2023 08:45:37.721611', value='434.000000', node='ubuntu', metric='tx', subsystem='enp0s25')
Telemetry(timestamp='22.05.2023 08:45:37.721621', value='3.000000', node='ubuntu', metric='tx', subsystem='lo')
Telemetry(timestamp='22.05.2023 08:45:37.724611', value='32704.000000', node='ubuntu', metric='rx', subsystem='enp0s25')
Telemetry(timestamp='22.05.2023 08:45:37.724869', value='3.000000', node='ubuntu', metric='rx', subsystem='lo')
Telemetry(timestamp='22.05.2023 08:45:38.220645', value='3.000000', node='ubuntu', metric='tx', subsystem='lo')
Telemetry(timestamp='22.05.2023 08:45:38.220726', value='24.864865', node='ubuntu', metric='cpu', subsystem=None)
Telemetry(timestamp='22.05.2023 08:45:38.220955', value='415.000000', node='ubuntu', metric='tx', subsystem='enp0s25')
Telemetry(timestamp='22.05.2023 08:45:38.223125', value='3.000000', node='ubuntu', metric='rx', subsystem='lo')
Telemetry(timestamp='22.05.2023 08:45:38.224689', value='31496.000000', node='ubuntu', metric='rx', subsystem='enp0s25')
Telemetry(timestamp='22.05.2023 08:45:38.720308', value='1256664.000000', node='ubuntu', metric='ram', subsystem=None)
Telemetry(timestamp='22.05.2023 08:45:38.720494', value='13.978495', node='ubuntu', metric='cpu', subsystem=None)
Telemetry(timestamp='22.05.2023 08:45:38.720824', value='3.000000', node='ubuntu', metric='tx', subsystem='lo')
Telemetry(timestamp='22.05.2023 08:45:38.720857', value='424.000000', node='ubuntu', metric='tx', subsystem='enp0s25')
Telemetry(timestamp='22.05.2023 08:45:38.726923', value='3.000000', node='ubuntu', metric='rx', subsystem='lo')
Telemetry(timestamp='22.05.2023 08:45:38.727449', value='31574.000000', node='ubuntu', metric='rx', subsystem='enp0s25')