Telemetry(timestamp='25.05.2023 16:41:43.439389', value='1045568.000000', node='ubuntu', metric='ram', subsystem=None)
Telemetry(timestamp='25.05.2023 16:41:43.578624', value='1.500000', node='ubuntu', metric='cpu', subsystem=None)
Telemetry(timestamp='25.05.2023 16:41:43.611621', value='8.000000', node='ubuntu', metric='tx', subsystem='enp0s25')
Telemetry(timestamp='25.05.2023 16:41:43.110554', value='4.000000', node='ubuntu', metric='rx', subsystem='enp0s25')
Telemetry(timestamp='25.05.2023 16:41:43.504622', value='1.500000', node='ubuntu', metric='cpu', subsystem=None)
Telemetry(timestamp='25.05.2023 16:41:43.506075', value='8.000000', node='ubuntu', metric='tx', subsystem='enp0s25')
Telemetry(timestamp='25.05.2023 16:41:43.509520', value='3.000000', node='ubuntu', metric='rx', subsystem='enp0s25')
Telemetry(timestamp='25.05.2023 16:41:44.477997', value='0.502513', node='ubuntu', metric='cpu', subsystem=None)
Telemetry(timestamp='25.05.2023 16:41:44.527864', value='1045568.000000', node='ubuntu', metric='ram', subsystem=None)
Telemetry(timestamp='25.05.2023 16:41:44.564230', value='8.000000', node='ubuntu', metric='tx', subsystem='enp0s25')
Telemetry(timestamp='25.05.2023 16:41:44.100821', value='3.000000', node='ubuntu', metric='rx', subsystem='enp0s25')
Telemetry(timestamp='25.05.2023 16:41:44.505534', value='8.000000', node='ubuntu', metric='tx', subsystem='enp0s25')
Telemetry(timestamp='25.05.2023 16:41:44.506417', value='1.507538', node='ubuntu', metric='cpu', subsystem=None)
Telemetry(timestamp='25.05.2023 16:41:44.510554', value='4.000000', node='ubuntu', metric='rx', subsystem='enp0s25')
Telemetry(timestamp='25.05.2023 16:41:45.478673', value='26.315789', node='ubuntu', metric='cpu', subsystem=None)
Telemetry(timestamp='25.05.2023 16:41:45.504733', value='1054340.000000', node='ubuntu', metric='ram', subsystem=None)
Telemetry(timestamp='25.05.2023 16:41:45.661370', value='32.000000', node='ubuntu', metric='tx', subsystem='enp0s25')
Telemetry(timestamp='25.05.2023 16:41:45.101921', value='1419.000000', node='ubuntu', metric='rx', subsystem='enp0s25')
Telemetry(timestamp='25.05.2023 16:41:45.505214', value='428.000000', node='ubuntu', metric='tx', subsystem='enp0s25')
Telemetry(timestamp='25.05.2023 16:41:45.505396', value='10.270270', node='ubuntu', metric='cpu', subsystem=None)
Telemetry(timestamp='25.05.2023 16:41:45.507146', value='27440.000000', node='ubuntu', metric='rx', subsystem='enp0s25')
Telemetry(timestamp='25.05.2023 16:41:46.430720', value='1119948.000000', node='ubuntu', metric='ram', subsystem=None)
Telemetry(timestamp='25.05.2023 16:41:46.457783', value='39.673913', node='ubuntu', metric='cpu', subsystem=None)
Telemetry(timestamp='25.05.2023 16:41:46.541889', value='525.000000', node='ubuntu', metric='tx', subsystem='enp0s25')
Telemetry(timestamp='25.05.2023 16:41:46.103437', value='33681.000000', node='ubuntu', metric='rx', subsystem='enp0s25')
Telemetry(timestamp='25.05.2023 16:41:46.504589', value='7.103825', node='ubuntu', metric='cpu', subsystem=None)
Telemetry(timestamp='25.05.2023 16:41:46.505742', value='317.000000', node='ubuntu', metric='tx', subsystem='enp0s25')
Telemetry(timestamp='25.05.2023 16:41:46.512052', value='35590.000000', node='ubuntu', metric='rx', subsystem='enp0s25')
Telemetry(timestamp='25.05.2023 16:41:47.472223', value='327.000000', node='ubuntu', metric='tx', subsystem='enp0s25')
Telemetry(timestamp='25.05.2023 16:41:47.477664', value='0.560000', node='ubuntu', metric='load1', subsystem=None)
Telemetry(timestamp='25.05.2023 16:41:47.483153', value='21.390374', node='ubuntu', metric='cpu', subsystem=None)
Telemetry(timestamp='25.05.2023 16:41:47.498232', value='1189720.000000', node='ubuntu', metric='ram', subsystem=None)
Telemetry(timestamp='25.05.2023 16:41:47.612113', value='44335.000000', node='ubuntu', metric='rx', subsystem='enp0s25')
Telemetry(timestamp='25.05.2023 16:41:47.699601', value='0.220000', node='ubuntu', metric='load5', subsystem=None)
Telemetry(timestamp='25.05.2023 16:41:47.504901', value='12.432432', node='ubuntu', metric='cpu', subsystem=None)
Telemetry(timestamp='25.05.2023 16:41:47.505475', value='235.000000', node='ubuntu', metric='tx', subsystem='enp0s25')
Telemetry(timestamp='25.05.2023 16:41:47.509854', value='36164.000000', node='ubuntu', metric='rx', subsystem='enp0s25')
Telemetry(timestamp='25.05.2023 16:41:48.478177', value='9.189189', node='ubuntu', metric='cpu', subsystem=None)
Telemetry(timestamp='25.05.2023 16:41:48.481483', value='1174596.000000', node='ubuntu', metric='ram', subsystem=None)
Telemetry(timestamp='25.05.2023 16:41:48.516140', value='298.000000', node='ubuntu', metric='tx', subsystem='enp0s25')
Telemetry(timestamp='25.05.2023 16:41:48.932934', value='41354.000000', node='ubuntu', metric='rx', subsystem='enp0s25')
Telemetry(timestamp='25.05.2023 16:41:48.504903', value='17.989418', node='ubuntu', metric='cpu', subsystem=None)
Telemetry(timestamp='25.05.2023 16:41:48.505038', value='310.000000', node='ubuntu', metric='tx', subsystem='enp0s25')
Telemetry(timestamp='25.05.2023 16:41:48.510810', value='39389.000000', node='ubuntu', metric='rx', subsystem='enp0s25')
Telemetry(timestamp='25.05.2023 16:41:49.475465', value='5.789474', node='ubuntu', metric='cpu', subsystem=None)
Telemetry(timestamp='25.05.2023 16:41:49.536765', value='235.000000', node='ubuntu', metric='tx', subsystem='enp0s25')
Telemetry(timestamp='25.05.2023 16:41:49.843028', value='1195156.000000', node='ubuntu', metric='ram', subsystem=None)
Telemetry(timestamp='25.05.2023 16:41:49.106420', value='44509.000000', node='ubuntu', metric='rx', subsystem='enp0s25')
Telemetry(timestamp='25.05.2023 16:41:49.504611', value='414.000000', node='ubuntu', metric='tx', subsystem='enp0s25')
Telemetry(timestamp='25.05.2023 16:41:49.506094', value='20.000000', node='ubuntu', metric='cpu', subsystem=None)
Telemetry(timestamp='25.05.2023 16:41:49.508405', value='46292.000000', node='ubuntu', metric='rx', subsystem='enp0s25')
Telemetry(timestamp='25.05.2023 16:41:50.403559', value='1124672.000000', node='ubuntu', metric='ram', subsystem=None)
Telemetry(timestamp='25.05.2023 16:41:50.462116', value='22.162162', node='ubuntu', metric='cpu', subsystem=None)
Telemetry(timestamp='25.05.2023 16:41:50.567505', value='584.000000', node='ubuntu', metric='tx', subsystem='enp0s25')
Telemetry(timestamp='25.05.2023 16:41:50.851191', value='38036.000000', node='ubuntu', metric='rx', subsystem='enp0s25')
Telemetry(timestamp='25.05.2023 16:41:50.505102', value='637.000000', node='ubuntu', metric='tx', subsystem='enp0s25')
Telemetry(timestamp='25.05.2023 16:41:50.505224', value='7.142857', node='ubuntu', metric='cpu', subsystem=None)
Telemetry(timestamp='25.05.2023 16:41:50.507179', value='40697.000000', node='ubuntu', metric='rx', subsystem='enp0s25')
Telemetry(timestamp='25.05.2023 16:41:51.419709', value='1123256.000000', node='ubuntu', metric='ram', subsystem=None)
Telemetry(timestamp='25.05.2023 16:41:51.473923', value='582.000000', node='ubuntu', metric='tx', subsystem='enp0s25')
Telemetry(timestamp='25.05.2023 16:41:51.543285', value='21.787709', node='ubuntu', metric='cpu', subsystem=None)
Telemetry(timestamp='25.05.2023 16:41:51.927422', value='40205.000000', node='ubuntu', metric='rx', subsystem='enp0s25')
Telemetry(timestamp='25.05.2023 16:41:51.504451', value='14.814815', node='ubuntu', metric='cpu', subsystem=None)
Telemetry(timestamp='25.05.2023 16:41:51.505582', value='328.000000', node='ubuntu', metric='tx', subsystem='enp0s25')
Telemetry(timestamp='25.05.2023 16:41:51.508648', value='38818.000000', node='ubuntu', metric='rx', subsystem='enp0s25')
Telemetry(timestamp='25.05.2023 16:41:52.433873', value='12.021858', node='ubuntu', metric='cpu', subsystem=None)
Telemetry(timestamp='25.05.2023 16:41:52.442660', value='1168044.000000', node='ubuntu', metric='ram', subsystem=None)
Telemetry(timestamp='25.05.2023 16:41:52.450669', value='0.600000', node='ubuntu', metric='load1', subsystem=None)
Telemetry(timestamp='25.05.2023 16:41:52.489700', value='480.000000', node='ubuntu', metric='tx', subsystem='enp0s25')
Telemetry(timestamp='25.05.2023 16:41:52.629037', value='0.230000', node='ubuntu', metric='load5', subsystem=None)
Telemetry(timestamp='25.05.2023 16:41:52.969608', value='46527.000000', node='ubuntu', metric='rx', subsystem='enp0s25')
Telemetry(timestamp='25.05.2023 16:41:52.504455', value='17.647059', node='ubuntu', metric='cpu', subsystem=None)
Telemetry(timestamp='25.05.2023 16:41:52.504472', value='517.000000', node='ubuntu', metric='tx', subsystem='enp0s25')
Telemetry(timestamp='25.05.2023 16:41:52.510466', value='42204.000000', node='ubuntu', metric='rx', subsystem='enp0s25')
Telemetry(timestamp='25.05.2023 16:41:53.443938', value='1159816.000000', node='ubuntu', metric='ram', subsystem=None)
Telemetry(timestamp='25.05.2023 16:41:53.505162', value='15.384615', node='ubuntu', metric='cpu', subsystem=None)
Telemetry(timestamp='25.05.2023 16:41:53.600510', value='232.000000', node='ubuntu', metric='tx', subsystem='enp0s25')
Telemetry(timestamp='25.05.2023 16:41:53.109621', value='40486.000000', node='ubuntu', metric='rx', subsystem='enp0s25')
Telemetry(timestamp='25.05.2023 16:41:53.505086', value='255.000000', node='ubuntu', metric='tx', subsystem='enp0s25')
Telemetry(timestamp='25.05.2023 16:41:53.506082', value='10.416667', node='ubuntu', metric='cpu', subsystem=None)
Telemetry(timestamp='25.05.2023 16:41:53.507393', value='42780.000000', node='ubuntu', metric='rx', subsystem='enp0s25')
Telemetry(timestamp='25.05.2023 16:41:54.398284', value='1115128.000000', node='ubuntu', metric='ram', subsystem=None)
Telemetry(timestamp='25.05.2023 16:41:54.522387', value='17.297297', node='ubuntu', metric='cpu', subsystem=None)
Telemetry(timestamp='25.05.2023 16:41:54.605756', value='293.000000', node='ubuntu', metric='tx', subsystem='enp0s25')
Telemetry(timestamp='25.05.2023 16:41:54.955018', value='37735.000000', node='ubuntu', metric='rx', subsystem='enp0s25')
Telemetry(timestamp='25.05.2023 16:41:54.504134', value='7.821229', node='ubuntu', metric='cpu', subsystem=None)
Telemetry(timestamp='25.05.2023 16:41:54.505403', value='549.000000', node='ubuntu', metric='tx', subsystem='enp0s25')
Telemetry(timestamp='25.05.2023 16:41:54.507423', value='45411.000000', node='ubuntu', metric='rx', subsystem='enp0s25')
Telemetry(timestamp='25.05.2023 16:41:55.497506', value='1115800.000000', node='ubuntu', metric='ram', subsystem=None)
Telemetry(timestamp='25.05.2023 16:41:55.591754', value='19.354839', node='ubuntu', metric='cpu', subsystem=None)
Telemetry(timestamp='25.05.2023 16:41:55.609471', value='545.000000', node='ubuntu', metric='tx', subsystem='enp0s25')
Telemetry(timestamp='25.05.2023 16:41:55.125692', value='37611.000000', node='ubuntu', metric='rx', subsystem='enp0s25')
Telemetry(timestamp='25.05.2023 16:41:55.504843', value='329.000000', node='ubuntu', metric='tx', subsystem='enp0s25')
Telemetry(timestamp='25.05.2023 16:41:55.505751', value='18.232044', node='ubuntu', metric='cpu', subsystem=None)
Telemetry(timestamp='25.05.2023 16:41:55.508679', value='34859.000000', node='ubuntu', metric='rx', subsystem='enp0s25')
Telemetry(timestamp='25.05.2023 16:41:56.456977', value='22.651934', node='ubuntu', metric='cpu', subsystem=None)
Telemetry(timestamp='25.05.2023 16:41:56.460449', value='1118716.000000', node='ubuntu', metric='ram', subsystem=None)
Telemetry(timestamp='25.05.2023 16:41:56.595020', value='445.000000', node='ubuntu', metric='tx', subsystem='enp0s25')
Telemetry(timestamp='25.05.2023 16:41:56.961026', value='40369.000000', node='ubuntu', metric='rx', subsystem='enp0s25')
Telemetry(timestamp='25.05.2023 16:41:56.504907', value='18.181818', node='ubuntu', metric='cpu', subsystem=None)
Telemetry(timestamp='25.05.2023 16:41:56.505738', value='351.000000', node='ubuntu', metric='tx', subsystem='enp0s25')
Telemetry(timestamp='25.05.2023 16:41:56.509248', value='33387.000000', node='ubuntu', metric='rx', subsystem='enp0s25')
Telemetry(timestamp='25.05.2023 16:41:57.439457', value='0.630000', node='ubuntu', metric='load1', subsystem=None)
Telemetry(timestamp='25.05.2023 16:41:57.456819', value='1159660.000000', node='ubuntu', metric='ram', subsystem=None)
Telemetry(timestamp='25.05.2023 16:41:57.483466', value='12.994350', node='ubuntu', metric='cpu', subsystem=None)
Telemetry(timestamp='25.05.2023 16:41:57.523781', value='407.000000', node='ubuntu', metric='tx', subsystem='enp0s25')
Telemetry(timestamp='25.05.2023 16:41:57.609380', value='0.240000', node='ubuntu', metric='load5', subsystem=None)
Telemetry(timestamp='25.05.2023 16:41:57.123675', value='43837.000000', node='ubuntu', metric='rx', subsystem='enp0s25')
Telemetry(timestamp='25.05.2023 16:41:57.504570', value='484.000000', node='ubuntu', metric='tx', subsystem='enp0s25')
Telemetry(timestamp='25.05.2023 16:41:57.505817', value='19.337017', node='ubuntu', metric='cpu', subsystem=None)
Telemetry(timestamp='25.05.2023 16:41:57.508965', value='42135.000000', node='ubuntu', metric='rx', subsystem='enp0s25')
Telemetry(timestamp='25.05.2023 16:41:58.468015', value='1165444.000000', node='ubuntu', metric='ram', subsystem=None)
Telemetry(timestamp='25.05.2023 16:41:58.541544', value='15.675676', node='ubuntu', metric='cpu', subsystem=None)
Telemetry(timestamp='25.05.2023 16:41:58.560458', value='541.000000', node='ubuntu', metric='tx', subsystem='enp0s25')
Telemetry(timestamp='25.05.2023 16:41:58.102644', value='38856.000000', node='ubuntu', metric='rx', subsystem='enp0s25')
Telemetry(timestamp='25.05.2023 16:41:58.504384', value='670.000000', node='ubuntu', metric='tx', subsystem='enp0s25')
Telemetry(timestamp='25.05.2023 16:41:58.504686', value='14.525140', node='ubuntu', metric='cpu', subsystem=None)
Telemetry(timestamp='25.05.2023 16:41:58.507830', value='43624.000000', node='ubuntu', metric='rx', subsystem='enp0s25')
Telemetry(timestamp='25.05.2023 16:41:59.469139', value='20.555556', node='ubuntu', metric='cpu', subsystem=None)
Telemetry(timestamp='25.05.2023 16:41:59.473753', value='1109480.000000', node='ubuntu', metric='ram', subsystem=None)
Telemetry(timestamp='25.05.2023 16:41:59.576610', value='579.000000', node='ubuntu', metric='tx', subsystem='enp0s25')
Telemetry(timestamp='25.05.2023 16:41:59.981835', value='37700.000000', node='ubuntu', metric='rx', subsystem='enp0s25')
Telemetry(timestamp='25.05.2023 16:41:59.504477', value='406.000000', node='ubuntu', metric='tx', subsystem='enp0s25')
Telemetry(timestamp='25.05.2023 16:41:59.505203', value='4.166667', node='ubuntu', metric='cpu', subsystem=None)
Telemetry(timestamp='25.05.2023 16:41:59.509515', value='45954.000000', node='ubuntu', metric='rx', subsystem='enp0s25')
Telemetry(timestamp='25.05.2023 16:42:00.407648', value='1105024.000000', node='ubuntu', metric='ram', subsystem=None)
Telemetry(timestamp='25.05.2023 16:42:00.419885', value='18.032787', node='ubuntu', metric='cpu', subsystem=None)
Telemetry(timestamp='25.05.2023 16:42:00.557369', value='369.000000', node='ubuntu', metric='tx', subsystem='enp0s25')
Telemetry(timestamp='25.05.2023 16:42:00.100767', value='43220.000000', node='ubuntu', metric='rx', subsystem='enp0s25')
Telemetry(timestamp='25.05.2023 16:42:00.504359', value='361.000000', node='ubuntu', metric='tx', subsystem='enp0s25')
Telemetry(timestamp='25.05.2023 16:42:00.504732', value='15.934066', node='ubuntu', metric='cpu', subsystem=None)
Telemetry(timestamp='25.05.2023 16:42:00.507035', value='33245.000000', node='ubuntu', metric='rx', subsystem='enp0s25')
Telemetry(timestamp='25.05.2023 16:42:01.398762', value='1130668.000000', node='ubuntu', metric='ram', subsystem=None)
Telemetry(timestamp='25.05.2023 16:42:01.458625', value='7.650273', node='ubuntu', metric='cpu', subsystem=None)
Telemetry(timestamp='25.05.2023 16:42:01.469226', value='329.000000', node='ubuntu', metric='tx', subsystem='enp0s25')
Telemetry(timestamp='25.05.2023 16:42:01.958368', value='40615.000000', node='ubuntu', metric='rx', subsystem='enp0s25')
Telemetry(timestamp='25.05.2023 16:42:01.504359', value='18.032787', node='ubuntu', metric='cpu', subsystem=None)
Telemetry(timestamp='25.05.2023 16:42:01.504943', value='376.000000', node='ubuntu', metric='tx', subsystem='enp0s25')
Telemetry(timestamp='25.05.2023 16:42:01.508557', value='40785.000000', node='ubuntu', metric='rx', subsystem='enp0s25')
Telemetry(timestamp='25.05.2023 16:42:02.465665', value='1167748.000000', node='ubuntu', metric='ram', subsystem=None)
Telemetry(timestamp='25.05.2023 16:42:02.495910', value='397.000000', node='ubuntu', metric='tx', subsystem='enp0s25')
Telemetry(timestamp='25.05.2023 16:42:02.522112', value='11.518325', node='ubuntu', metric='cpu', subsystem=None)
Telemetry(timestamp='25.05.2023 16:42:02.536908', value='0.660000', node='ubuntu', metric='load1', subsystem=None)
Telemetry(timestamp='25.05.2023 16:42:02.754081', value='43784.000000', node='ubuntu', metric='rx', subsystem='enp0s25')
Telemetry(timestamp='25.05.2023 16:42:02.103092', value='0.260000', node='ubuntu', metric='load5', subsystem=None)
Telemetry(timestamp='25.05.2023 16:42:02.504669', value='20.320856', node='ubuntu', metric='cpu', subsystem=None)
Telemetry(timestamp='25.05.2023 16:42:02.505070', value='502.000000', node='ubuntu', metric='tx', subsystem='enp0s25')
Telemetry(timestamp='25.05.2023 16:42:02.508999', value='44639.000000', node='ubuntu', metric='rx', subsystem='enp0s25')
Telemetry(timestamp='25.05.2023 16:42:03.430865', value='1119500.000000', node='ubuntu', metric='ram', subsystem=None)
Telemetry(timestamp='25.05.2023 16:42:03.514732', value='17.297297', node='ubuntu', metric='cpu', subsystem=None)
Telemetry(timestamp='25.05.2023 16:42:03.531238', value='414.000000', node='ubuntu', metric='tx', subsystem='enp0s25')
Telemetry(timestamp='25.05.2023 16:42:03.872787', value='37899.000000', node='ubuntu', metric='rx', subsystem='enp0s25')
Telemetry(timestamp='25.05.2023 16:42:03.504591', value='10.810811', node='ubuntu', metric='cpu', subsystem=None)
Telemetry(timestamp='25.05.2023 16:42:03.505197', value='541.000000', node='ubuntu', metric='tx', subsystem='enp0s25')
Telemetry(timestamp='25.05.2023 16:42:03.508856', value='44340.000000', node='ubuntu', metric='rx', subsystem='enp0s25')
Telemetry(timestamp='25.05.2023 16:42:04.438143', value='18.478261', node='ubuntu', metric='cpu', subsystem=None)
Telemetry(timestamp='25.05.2023 16:42:04.441457', value='1137856.000000', node='ubuntu', metric='ram', subsystem=None)
Telemetry(timestamp='25.05.2023 16:42:04.477870', value='612.000000', node='ubuntu', metric='tx', subsystem='enp0s25')
Telemetry(timestamp='25.05.2023 16:42:04.886863', value='42182.000000', node='ubuntu', metric='rx', subsystem='enp0s25')
Telemetry(timestamp='25.05.2023 16:42:04.504458', value='16.489362', node='ubuntu', metric='cpu', subsystem=None)
Telemetry(timestamp='25.05.2023 16:42:04.504672', value='302.000000', node='ubuntu', metric='tx', subsystem='enp0s25')
Telemetry(timestamp='25.05.2023 16:42:04.509578', value='35484.000000', node='ubuntu', metric='rx', subsystem='enp0s25')
Telemetry(timestamp='25.05.2023 16:42:05.429876', value='1123592.000000', node='ubuntu', metric='ram', subsystem=None)
Telemetry(timestamp='25.05.2023 16:42:05.460299', value='8.602151', node='ubuntu', metric='cpu', subsystem=None)
Telemetry(timestamp='25.05.2023 16:42:05.514488', value='404.000000', node='ubuntu', metric='tx', subsystem='enp0s25')
Telemetry(timestamp='25.05.2023 16:42:05.108110', value='45480.000000', node='ubuntu', metric='rx', subsystem='enp0s25')
Telemetry(timestamp='25.05.2023 16:42:05.504495', value='16.666667', node='ubuntu', metric='cpu', subsystem=None)
Telemetry(timestamp='25.05.2023 16:42:05.504752', value='429.000000', node='ubuntu', metric='tx', subsystem='enp0s25')
Telemetry(timestamp='25.05.2023 16:42:05.510587', value='42579.000000', node='ubuntu', metric='rx', subsystem='enp0s25')
Telemetry(timestamp='25.05.2023 16:42:06.427138', value='1148128.000000', node='ubuntu', metric='ram', subsystem=None)
Telemetry(timestamp='25.05.2023 16:42:06.474599', value='223.000000', node='ubuntu', metric='tx', subsystem='enp0s25')
Telemetry(timestamp='25.05.2023 16:42:06.481992', value='13.829787', node='ubuntu', metric='cpu', subsystem=None)
Telemetry(timestamp='25.05.2023 16:42:06.889606', value='39710.000000', node='ubuntu', metric='rx', subsystem='enp0s25')
Telemetry(timestamp='25.05.2023 16:42:06.504393', value='11.956522', node='ubuntu', metric='cpu', subsystem=None)
Telemetry(timestamp='25.05.2023 16:42:06.504864', value='395.000000', node='ubuntu', metric='tx', subsystem='enp0s25')
Telemetry(timestamp='25.05.2023 16:42:06.509998', value='46528.000000', node='ubuntu', metric='rx', subsystem='enp0s25')
Telemetry(timestamp='25.05.2023 16:42:07.423718', value='1101420.000000', node='ubuntu', metric='ram', subsystem=None)
Telemetry(timestamp='25.05.2023 16:42:07.448677', value='0.610000', node='ubuntu', metric='load1', subsystem=None)
Telemetry(timestamp='25.05.2023 16:42:07.462869', value='18.279570', node='ubuntu', metric='cpu', subsystem=None)
Telemetry(timestamp='25.05.2023 16:42:07.486444', value='449.000000', node='ubuntu', metric='tx', subsystem='enp0s25')
Telemetry(timestamp='25.05.2023 16:42:07.773534', value='0.250000', node='ubuntu', metric='load5', subsystem=None)
Telemetry(timestamp='25.05.2023 16:42:07.929364', value='40155.000000', node='ubuntu', metric='rx', subsystem='enp0s25')
Telemetry(timestamp='25.05.2023 16:42:07.504534', value='14.880952', node='ubuntu', metric='cpu', subsystem=None)
Telemetry(timestamp='25.05.2023 16:42:07.504638', value='551.000000', node='ubuntu', metric='tx', subsystem='enp0s25')
Telemetry(timestamp='25.05.2023 16:42:07.512010', value='43087.000000', node='ubuntu', metric='rx', subsystem='enp0s25')
Telemetry(timestamp='25.05.2023 16:42:08.431241', value='1115932.000000', node='ubuntu', metric='ram', subsystem=None)
Telemetry(timestamp='25.05.2023 16:42:08.444311', value='19.021739', node='ubuntu', metric='cpu', subsystem=None)
Telemetry(timestamp='25.05.2023 16:42:08.510664', value='575.000000', node='ubuntu', metric='tx', subsystem='enp0s25')
Telemetry(timestamp='25.05.2023 16:42:08.106367', value='43050.000000', node='ubuntu', metric='rx', subsystem='enp0s25')
Telemetry(timestamp='25.05.2023 16:42:08.504811', value='23.333333', node='ubuntu', metric='cpu', subsystem=None)
Telemetry(timestamp='25.05.2023 16:42:08.504848', value='263.000000', node='ubuntu', metric='tx', subsystem='enp0s25')
Telemetry(timestamp='25.05.2023 16:42:08.506772', value='33567.000000', node='ubuntu', metric='rx', subsystem='enp0s25')
Telemetry(timestamp='25.05.2023 16:42:09.477165', value='1130264.000000', node='ubuntu', metric='ram', subsystem=None)
Telemetry(timestamp='25.05.2023 16:42:09.572042', value='11.666667', node='ubuntu', metric='cpu', subsystem=None)
Telemetry(timestamp='25.05.2023 16:42:09.672104', value='278.000000', node='ubuntu', metric='tx', subsystem='enp0s25')
Telemetry(timestamp='25.05.2023 16:42:09.131510', value='41265.000000', node='ubuntu', metric='rx', subsystem='enp0s25')
Telemetry(timestamp='25.05.2023 16:42:09.505074', value='22.282609', node='ubuntu', metric='cpu', subsystem=None)
Telemetry(timestamp='25.05.2023 16:42:09.505193', value='353.000000', node='ubuntu', metric='tx', subsystem='enp0s25')
Telemetry(timestamp='25.05.2023 16:42:09.507715', value='42249.000000', node='ubuntu', metric='rx', subsystem='enp0s25')
Telemetry(timestamp='25.05.2023 16:42:10.434555', value='1145528.000000', node='ubuntu', metric='ram', subsystem=None)
Telemetry(timestamp='25.05.2023 16:42:10.469773', value='11.827957', node='ubuntu', metric='cpu', subsystem=None)
Telemetry(timestamp='25.05.2023 16:42:10.647877', value='267.000000', node='ubuntu', metric='tx', subsystem='enp0s25')
Telemetry(timestamp='25.05.2023 16:42:10.104363', value='40751.000000', node='ubuntu', metric='rx', subsystem='enp0s25')
Telemetry(timestamp='25.05.2023 16:42:10.504399', value='15.384615', node='ubuntu', metric='cpu', subsystem=None)
Telemetry(timestamp='25.05.2023 16:42:10.505021', value='436.000000', node='ubuntu', metric='tx', subsystem='enp0s25')
Telemetry(timestamp='25.05.2023 16:42:10.509661', value='45045.000000', node='ubuntu', metric='rx', subsystem='enp0s25')
Telemetry(timestamp='25.05.2023 16:42:11.412864', value='1109416.000000', node='ubuntu', metric='ram', subsystem=None)
Telemetry(timestamp='25.05.2023 16:42:11.475101', value='20.540541', node='ubuntu', metric='cpu', subsystem=None)
Telemetry(timestamp='25.05.2023 16:42:11.485104', value='537.000000', node='ubuntu', metric='tx', subsystem='enp0s25')
Telemetry(timestamp='25.05.2023 16:42:11.989233', value='39825.000000', node='ubuntu', metric='rx', subsystem='enp0s25')
Telemetry(timestamp='25.05.2023 16:42:11.504996', value='327.000000', node='ubuntu', metric='tx', subsystem='enp0s25')
Telemetry(timestamp='25.05.2023 16:42:11.505713', value='9.574468', node='ubuntu', metric='cpu', subsystem=None)
Telemetry(timestamp='25.05.2023 16:42:11.507157', value='44345.000000', node='ubuntu', metric='rx', subsystem='enp0s25')
Telemetry(timestamp='25.05.2023 16:42:12.400759', value='1104864.000000', node='ubuntu', metric='ram', subsystem=None)
Telemetry(timestamp='25.05.2023 16:42:12.406915', value='0.560000', node='ubuntu', metric='load1', subsystem=None)
Telemetry(timestamp='25.05.2023 16:42:12.456246', value='14.594595', node='ubuntu', metric='cpu', subsystem=None)
Telemetry(timestamp='25.05.2023 16:42:12.465745', value='364.000000', node='ubuntu', metric='tx', subsystem='enp0s25')
Telemetry(timestamp='25.05.2023 16:42:12.577533', value='0.250000', node='ubuntu', metric='load5', subsystem=None)
Telemetry(timestamp='25.05.2023 16:42:12.102557', value='43961.000000', node='ubuntu', metric='rx', subsystem='enp0s25')
Telemetry(timestamp='25.05.2023 16:42:12.504235', value='24.000000', node='ubuntu', metric='cpu', subsystem=None)
Telemetry(timestamp='25.05.2023 16:42:12.505220', value='419.000000', node='ubuntu', metric='tx', subsystem='enp0s25')
Telemetry(timestamp='25.05.2023 16:42:12.508152', value='33042.000000', node='ubuntu', metric='rx', subsystem='enp0s25')
Telemetry(timestamp='25.05.2023 16:42:13.422326', value='1131192.000000', node='ubuntu', metric='ram', subsystem=None)
Telemetry(timestamp='25.05.2023 16:42:13.431334', value='7.103825', node='ubuntu', metric='cpu', subsystem=None)
Telemetry(timestamp='25.05.2023 16:42:13.479403', value='506.000000', node='ubuntu', metric='tx', subsystem='enp0s25')
Telemetry(timestamp='25.05.2023 16:42:13.973695', value='37681.000000', node='ubuntu', metric='rx', subsystem='enp0s25')
Telemetry(timestamp='25.05.2023 16:42:13.504402', value='595.000000', node='ubuntu', metric='tx', subsystem='enp0s25')
Telemetry(timestamp='25.05.2023 16:42:13.504847', value='20.765027', node='ubuntu', metric='cpu', subsystem=None)
Telemetry(timestamp='25.05.2023 16:42:13.507648', value='38699.000000', node='ubuntu', metric='rx', subsystem='enp0s25')
Telemetry(timestamp='25.05.2023 16:42:14.443986', value='8.379888', node='ubuntu', metric='cpu', subsystem=None)
Telemetry(timestamp='25.05.2023 16:42:14.456029', value='1126540.000000', node='ubuntu', metric='ram', subsystem=None)
Telemetry(timestamp='25.05.2023 16:42:14.468970', value='654.000000', node='ubuntu', metric='tx', subsystem='enp0s25')
Telemetry(timestamp='25.05.2023 16:42:14.760667', value='42077.000000', node='ubuntu', metric='rx', subsystem='enp0s25')
Telemetry(timestamp='25.05.2023 16:42:14.504951', value='647.000000', node='ubuntu', metric='tx', subsystem='enp0s25')
Telemetry(timestamp='25.05.2023 16:42:14.505154', value='25.000000', node='ubuntu', metric='cpu', subsystem=None)
Telemetry(timestamp='25.05.2023 16:42:14.508617', value='41856.000000', node='ubuntu', metric='rx', subsystem='enp0s25')
Telemetry(timestamp='25.05.2023 16:42:15.425019', value='1091716.000000', node='ubuntu', metric='ram', subsystem=None)
Telemetry(timestamp='25.05.2023 16:42:15.469175', value='20.000000', node='ubuntu', metric='cpu', subsystem=None)
Telemetry(timestamp='25.05.2023 16:42:15.537270', value='538.000000', node='ubuntu', metric='tx', subsystem='enp0s25')
Telemetry(timestamp='25.05.2023 16:42:15.846490', value='34733.000000', node='ubuntu', metric='rx', subsystem='enp0s25')
Telemetry(timestamp='25.05.2023 16:42:15.504657', value='669.000000', node='ubuntu', metric='tx', subsystem='enp0s25')
Telemetry(timestamp='25.05.2023 16:42:15.504694', value='8.839779', node='ubuntu', metric='cpu', subsystem=None)
Telemetry(timestamp='25.05.2023 16:42:15.507235', value='43623.000000', node='ubuntu', metric='rx', subsystem='enp0s25')
Telemetry(timestamp='25.05.2023 16:42:16.411573', value='1095668.000000', node='ubuntu', metric='ram', subsystem=None)
Telemetry(timestamp='25.05.2023 16:42:16.417910', value='19.337017', node='ubuntu', metric='cpu', subsystem=None)
Telemetry(timestamp='25.05.2023 16:42:16.475254', value='603.000000', node='ubuntu', metric='tx', subsystem='enp0s25')
Telemetry(timestamp='25.05.2023 16:42:16.814490', value='38630.000000', node='ubuntu', metric='rx', subsystem='enp0s25')
Telemetry(timestamp='25.05.2023 16:42:16.504448', value='377.000000', node='ubuntu', metric='tx', subsystem='enp0s25')
Telemetry(timestamp='25.05.2023 16:42:16.504609', value='4.301075', node='ubuntu', metric='cpu', subsystem=None)
Telemetry(timestamp='25.05.2023 16:42:16.509033', value='39648.000000', node='ubuntu', metric='rx', subsystem='enp0s25')
Telemetry(timestamp='25.05.2023 16:42:17.399629', value='1118664.000000', node='ubuntu', metric='ram', subsystem=None)
Telemetry(timestamp='25.05.2023 16:42:17.401587', value='0.510000', node='ubuntu', metric='load1', subsystem=None)
Telemetry(timestamp='25.05.2023 16:42:17.443273', value='21.505376', node='ubuntu', metric='cpu', subsystem=None)
Telemetry(timestamp='25.05.2023 16:42:17.460379', value='411.000000', node='ubuntu', metric='tx', subsystem='enp0s25')
Telemetry(timestamp='25.05.2023 16:42:17.572093', value='0.240000', node='ubuntu', metric='load5', subsystem=None)
Telemetry(timestamp='25.05.2023 16:42:17.857294', value='43430.000000', node='ubuntu', metric='rx', subsystem='enp0s25')
Telemetry(timestamp='25.05.2023 16:42:17.504191', value='20.224719', node='ubuntu', metric='cpu', subsystem=None)
Telemetry(timestamp='25.05.2023 16:42:17.504677', value='524.000000', node='ubuntu', metric='tx', subsystem='enp0s25')
Telemetry(timestamp='25.05.2023 16:42:17.508591', value='34758.000000', node='ubuntu', metric='rx', subsystem='enp0s25')
Telemetry(timestamp='25.05.2023 16:42:18.432116', value='1126736.000000', node='ubuntu', metric='ram', subsystem=None)
Telemetry(timestamp='25.05.2023 16:42:18.435350', value='6.451613', node='ubuntu', metric='cpu', subsystem=None)
Telemetry(timestamp='25.05.2023 16:42:18.494312', value='483.000000', node='ubuntu', metric='tx', subsystem='enp0s25')
Telemetry(timestamp='25.05.2023 16:42:18.105793', value='41228.000000', node='ubuntu', metric='rx', subsystem='enp0s25')
Telemetry(timestamp='25.05.2023 16:42:18.504314', value='21.111111', node='ubuntu', metric='cpu', subsystem=None)
Telemetry(timestamp='25.05.2023 16:42:18.504440', value='381.000000', node='ubuntu', metric='tx', subsystem='enp0s25')
Telemetry(timestamp='25.05.2023 16:42:18.508475', value='40846.000000', node='ubuntu', metric='rx', subsystem='enp0s25')
Telemetry(timestamp='25.05.2023 16:42:19.479517', value='8.241758', node='ubuntu', metric='cpu', subsystem=None)
Telemetry(timestamp='25.05.2023 16:42:19.482958', value='1127988.000000', node='ubuntu', metric='ram', subsystem=None)
Telemetry(timestamp='25.05.2023 16:42:19.630129', value='529.000000', node='ubuntu', metric='tx', subsystem='enp0s25')
Telemetry(timestamp='25.05.2023 16:42:19.100790', value='40034.000000', node='ubuntu', metric='rx', subsystem='enp0s25')
Telemetry(timestamp='25.05.2023 16:42:19.504866', value='558.000000', node='ubuntu', metric='tx', subsystem='enp0s25')
Telemetry(timestamp='25.05.2023 16:42:19.504919', value='19.230769', node='ubuntu', metric='cpu', subsystem=None)
Telemetry(timestamp='25.05.2023 16:42:19.505640', value='39335.000000', node='ubuntu', metric='rx', subsystem='enp0s25')
Telemetry(timestamp='25.05.2023 16:42:20.464183', value='1107156.000000', node='ubuntu', metric='ram', subsystem=None)
Telemetry(timestamp='25.05.2023 16:42:20.525205', value='20.555556', node='ubuntu', metric='cpu', subsystem=None)
Telemetry(timestamp='25.05.2023 16:42:20.537739', value='287.000000', node='ubuntu', metric='tx', subsystem='enp0s25')
Telemetry(timestamp='25.05.2023 16:42:20.945472', value='34957.000000', node='ubuntu', metric='rx', subsystem='enp0s25')
Telemetry(timestamp='25.05.2023 16:42:20.504966', value='9.444444', node='ubuntu', metric='cpu', subsystem=None)
Telemetry(timestamp='25.05.2023 16:42:20.505551', value='391.000000', node='ubuntu', metric='tx', subsystem='enp0s25')
Telemetry(timestamp='25.05.2023 16:42:20.510912', value='43836.000000', node='ubuntu', metric='rx', subsystem='enp0s25')
Telemetry(timestamp='25.05.2023 16:42:21.400769', value='1111392.000000', node='ubuntu', metric='ram', subsystem=None)
Telemetry(timestamp='25.05.2023 16:42:21.517290', value='409.000000', node='ubuntu', metric='tx', subsystem='enp0s25')
Telemetry(timestamp='25.05.2023 16:42:21.519434', value='22.994652', node='ubuntu', metric='cpu', subsystem=None)
Telemetry(timestamp='25.05.2023 16:42:21.971691', value='41840.000000', node='ubuntu', metric='rx', subsystem='enp0s25')
Telemetry(timestamp='25.05.2023 16:42:21.504806', value='6.077348', node='ubuntu', metric='cpu', subsystem=None)
Telemetry(timestamp='25.05.2023 16:42:21.505905', value='462.000000', node='ubuntu', metric='tx', subsystem='enp0s25')
Telemetry(timestamp='25.05.2023 16:42:21.509001', value='39064.000000', node='ubuntu', metric='rx', subsystem='enp0s25')
Telemetry(timestamp='25.05.2023 16:42:22.432637', value='0.470000', node='ubuntu', metric='load1', subsystem=None)
Telemetry(timestamp='25.05.2023 16:42:22.433023', value='0.240000', node='ubuntu', metric='load5', subsystem=None)
Telemetry(timestamp='25.05.2023 16:42:22.512265', value='17.582418', node='ubuntu', metric='cpu', subsystem=None)
Telemetry(timestamp='25.05.2023 16:42:22.756166', value='504.000000', node='ubuntu', metric='tx', subsystem='enp0s25')
Telemetry(timestamp='25.05.2023 16:42:22.818752', value='1120488.000000', node='ubuntu', metric='ram', subsystem=None)
Telemetry(timestamp='25.05.2023 16:42:22.142552', value='38896.000000', node='ubuntu', metric='rx', subsystem='enp0s25')
Telemetry(timestamp='25.05.2023 16:42:22.505473', value='288.000000', node='ubuntu', metric='tx', subsystem='enp0s25')
Telemetry(timestamp='25.05.2023 16:42:22.507047', value='22.285714', node='ubuntu', metric='cpu', subsystem=None)
Telemetry(timestamp='25.05.2023 16:42:22.509260', value='34837.000000', node='ubuntu', metric='rx', subsystem='enp0s25')
Telemetry(timestamp='25.05.2023 16:42:23.457938', value='1138700.000000', node='ubuntu', metric='ram', subsystem=None)
Telemetry(timestamp='25.05.2023 16:42:23.482908', value='9.392265', node='ubuntu', metric='cpu', subsystem=None)
Telemetry(timestamp='25.05.2023 16:42:23.925857', value='491.000000', node='ubuntu', metric='tx', subsystem='enp0s25')
Telemetry(timestamp='25.05.2023 16:42:23.121935', value='40897.000000', node='ubuntu', metric='rx', subsystem='enp0s25')
Telemetry(timestamp='25.05.2023 16:42:23.504801', value='17.647059', node='ubuntu', metric='cpu', subsystem=None)
Telemetry(timestamp='25.05.2023 16:42:23.505057', value='516.000000', node='ubuntu', metric='tx', subsystem='enp0s25')
Telemetry(timestamp='25.05.2023 16:42:23.509086', value='40233.000000', node='ubuntu', metric='rx', subsystem='enp0s25')
Telemetry(timestamp='25.05.2023 16:42:24.398020', value='1134268.000000', node='ubuntu', metric='ram', subsystem=None)
Telemetry(timestamp='25.05.2023 16:42:24.491610', value='12.903226', node='ubuntu', metric='cpu', subsystem=None)
Telemetry(timestamp='25.05.2023 16:42:24.507812', value='572.000000', node='ubuntu', metric='tx', subsystem='enp0s25')
Telemetry(timestamp='25.05.2023 16:42:24.938850', value='43669.000000', node='ubuntu', metric='rx', subsystem='enp0s25')
Telemetry(timestamp='25.05.2023 16:42:24.505012', value='11.917098', node='ubuntu', metric='cpu', subsystem=None)
Telemetry(timestamp='25.05.2023 16:42:24.505601', value='411.000000', node='ubuntu', metric='tx', subsystem='enp0s25')
Telemetry(timestamp='25.05.2023 16:42:24.508880', value='25842.000000', node='ubuntu', metric='rx', subsystem='enp0s25')