Telemetry(timestamp='27.05.2023 10:56:56.307421', value='31.000000', node='ubuntu', metric='tx', subsystem='enp0s25')
Telemetry(timestamp='27.05.2023 10:56:56.319619', value='4.591837', node='ubuntu', metric='cpu', subsystem=None)
Telemetry(timestamp='27.05.2023 10:56:56.238731', value='831.000000', node='ubuntu', metric='rx', subsystem='enp0s25')
Telemetry(timestamp='27.05.2023 10:56:56.530326', value='1015660.000000', node='ubuntu', metric='ram', subsystem=None)
Telemetry(timestamp='27.05.2023 10:56:56.530374', value='9.625668', node='ubuntu', metric='cpu', subsystem=None)
Telemetry(timestamp='27.05.2023 10:56:56.532188', value='70.000000', node='ubuntu', metric='tx', subsystem='enp0s25')
Telemetry(timestamp='27.05.2023 10:56:56.565376', value='2583.000000', node='ubuntu', metric='rx', subsystem='enp0s25')
Telemetry(timestamp='27.05.2023 10:56:57.302677', value='4.918033', node='ubuntu', metric='cpu', subsystem=None)
Telemetry(timestamp='27.05.2023 10:56:57.322130', value='88.000000', node='ubuntu', metric='tx', subsystem='enp0s25')
Telemetry(timestamp='27.05.2023 10:56:57.262305', value='3506.000000', node='ubuntu', metric='rx', subsystem='enp0s25')
Telemetry(timestamp='27.05.2023 10:56:57.530338', value='1009980.000000', node='ubuntu', metric='ram', subsystem=None)
Telemetry(timestamp='27.05.2023 10:56:57.530849', value='6.914894', node='ubuntu', metric='cpu', subsystem=None)
Telemetry(timestamp='27.05.2023 10:56:57.531193', value='90.000000', node='ubuntu', metric='tx', subsystem='enp0s25')
Telemetry(timestamp='27.05.2023 10:56:57.598787', value='3463.000000', node='ubuntu', metric='rx', subsystem='enp0s25')
Telemetry(timestamp='27.05.2023 10:56:58.306659', value='10.106383', node='ubuntu', metric='cpu', subsystem=None)
Telemetry(timestamp='27.05.2023 10:56:58.314904', value='90.000000', node='ubuntu', metric='tx', subsystem='enp0s25')
Telemetry(timestamp='27.05.2023 10:56:58.163397', value='3435.000000', node='ubuntu', metric='rx', subsystem='enp0s25')
Telemetry(timestamp='27.05.2023 10:56:58.530676', value='1017148.000000', node='ubuntu', metric='ram', subsystem=None)
Telemetry(timestamp='27.05.2023 10:56:58.531284', value='10.215054', node='ubuntu', metric='cpu', subsystem=None)
Telemetry(timestamp='27.05.2023 10:56:58.532145', value='89.000000', node='ubuntu', metric='tx', subsystem='enp0s25')
Telemetry(timestamp='27.05.2023 10:56:58.564042', value='3499.000000', node='ubuntu', metric='rx', subsystem='enp0s25')
Telemetry(timestamp='27.05.2023 10:56:59.305164', value='11.052632', node='ubuntu', metric='cpu', subsystem=None)
Telemetry(timestamp='27.05.2023 10:56:59.327579', value='88.000000', node='ubuntu', metric='tx', subsystem='enp0s25')
Telemetry(timestamp='27.05.2023 10:56:59.197709', value='3319.000000', node='ubuntu', metric='rx', subsystem='enp0s25')
Telemetry(timestamp='27.05.2023 10:56:59.530083', value='997884.000000', node='ubuntu', metric='ram', subsystem=None)
Telemetry(timestamp='27.05.2023 10:56:59.530995', value='6.010929', node='ubuntu', metric='cpu', subsystem=None)
Telemetry(timestamp='27.05.2023 10:56:59.531739', value='90.000000', node='ubuntu', metric='tx', subsystem='enp0s25')
Telemetry(timestamp='27.05.2023 10:56:59.630592', value='3460.000000', node='ubuntu', metric='rx', subsystem='enp0s25')
Telemetry(timestamp='27.05.2023 10:57:00.308769', value='94.000000', node='ubuntu', metric='tx', subsystem='enp0s25')
Telemetry(timestamp='27.05.2023 10:57:00.311252', value='8.108108', node='ubuntu', metric='cpu', subsystem=None)
Telemetry(timestamp='27.05.2023 10:57:00.219065', value='3812.000000', node='ubuntu', metric='rx', subsystem='enp0s25')
Telemetry(timestamp='27.05.2023 10:57:00.530824', value='0.010000', node='ubuntu', metric='load1', subsystem=None)
Telemetry(timestamp='27.05.2023 10:57:00.530828', value='0.080000', node='ubuntu', metric='load5', subsystem=None)
Telemetry(timestamp='27.05.2023 10:57:00.530879', value='5.913978', node='ubuntu', metric='cpu', subsystem=None)
Telemetry(timestamp='27.05.2023 10:57:00.531151', value='1012552.000000', node='ubuntu', metric='ram', subsystem=None)
Telemetry(timestamp='27.05.2023 10:57:00.531708', value='91.000000', node='ubuntu', metric='tx', subsystem='enp0s25')
Telemetry(timestamp='27.05.2023 10:57:00.724904', value='3568.000000', node='ubuntu', metric='rx', subsystem='enp0s25')
Telemetry(timestamp='27.05.2023 10:57:01.309358', value='88.000000', node='ubuntu', metric='tx', subsystem='enp0s25')
Telemetry(timestamp='27.05.2023 10:57:01.316612', value='11.282051', node='ubuntu', metric='cpu', subsystem=None)
Telemetry(timestamp='27.05.2023 10:57:01.226495', value='3339.000000', node='ubuntu', metric='rx', subsystem='enp0s25')
Telemetry(timestamp='27.05.2023 10:57:01.530030', value='1024976.000000', node='ubuntu', metric='ram', subsystem=None)
Telemetry(timestamp='27.05.2023 10:57:01.531942', value='9.523810', node='ubuntu', metric='cpu', subsystem=None)
Telemetry(timestamp='27.05.2023 10:57:01.533150', value='90.000000', node='ubuntu', metric='tx', subsystem='enp0s25')
Telemetry(timestamp='27.05.2023 10:57:01.764222', value='3260.000000', node='ubuntu', metric='rx', subsystem='enp0s25')
Telemetry(timestamp='27.05.2023 10:57:02.304746', value='5.347594', node='ubuntu', metric='cpu', subsystem=None)
Telemetry(timestamp='27.05.2023 10:57:02.331307', value='91.000000', node='ubuntu', metric='tx', subsystem='enp0s25')
Telemetry(timestamp='27.05.2023 10:57:02.184451', value='3445.000000', node='ubuntu', metric='rx', subsystem='enp0s25')
Telemetry(timestamp='27.05.2023 10:57:02.530000', value='1024920.000000', node='ubuntu', metric='ram', subsystem=None)
Telemetry(timestamp='27.05.2023 10:57:02.530719', value='4.687500', node='ubuntu', metric='cpu', subsystem=None)
Telemetry(timestamp='27.05.2023 10:57:02.531486', value='91.000000', node='ubuntu', metric='tx', subsystem='enp0s25')
Telemetry(timestamp='27.05.2023 10:57:02.697558', value='3645.000000', node='ubuntu', metric='rx', subsystem='enp0s25')
Telemetry(timestamp='27.05.2023 10:57:03.304931', value='7.486631', node='ubuntu', metric='cpu', subsystem=None)
Telemetry(timestamp='27.05.2023 10:57:03.315146', value='89.000000', node='ubuntu', metric='tx', subsystem='enp0s25')
Telemetry(timestamp='27.05.2023 10:57:03.197544', value='3454.000000', node='ubuntu', metric='rx', subsystem='enp0s25')
Telemetry(timestamp='27.05.2023 10:57:03.529748', value='1017832.000000', node='ubuntu', metric='ram', subsystem=None)
Telemetry(timestamp='27.05.2023 10:57:03.531625', value='10.880829', node='ubuntu', metric='cpu', subsystem=None)
Telemetry(timestamp='27.05.2023 10:57:03.531678', value='86.000000', node='ubuntu', metric='tx', subsystem='enp0s25')
Telemetry(timestamp='27.05.2023 10:57:03.709538', value='3334.000000', node='ubuntu', metric='rx', subsystem='enp0s25')
Telemetry(timestamp='27.05.2023 10:57:04.299844', value='8.465608', node='ubuntu', metric='cpu', subsystem=None)
Telemetry(timestamp='27.05.2023 10:57:04.325560', value='83.000000', node='ubuntu', metric='tx', subsystem='enp0s25')
Telemetry(timestamp='27.05.2023 10:57:04.122345', value='3168.000000', node='ubuntu', metric='rx', subsystem='enp0s25')
Telemetry(timestamp='27.05.2023 10:57:04.530210', value='1020600.000000', node='ubuntu', metric='ram', subsystem=None)
Telemetry(timestamp='27.05.2023 10:57:04.530489', value='92.000000', node='ubuntu', metric='tx', subsystem='enp0s25')
Telemetry(timestamp='27.05.2023 10:57:04.530715', value='2.631579', node='ubuntu', metric='cpu', subsystem=None)
Telemetry(timestamp='27.05.2023 10:57:04.712148', value='3432.000000', node='ubuntu', metric='rx', subsystem='enp0s25')
Telemetry(timestamp='27.05.2023 10:57:05.305565', value='8.510638', node='ubuntu', metric='cpu', subsystem=None)
Telemetry(timestamp='27.05.2023 10:57:05.307005', value='94.000000', node='ubuntu', metric='tx', subsystem='enp0s25')
Telemetry(timestamp='27.05.2023 10:57:05.236990', value='3656.000000', node='ubuntu', metric='rx', subsystem='enp0s25')
Telemetry(timestamp='27.05.2023 10:57:05.530294', value='1011800.000000', node='ubuntu', metric='ram', subsystem=None)
Telemetry(timestamp='27.05.2023 10:57:05.530433', value='8.465608', node='ubuntu', metric='cpu', subsystem=None)
Telemetry(timestamp='27.05.2023 10:57:05.530503', value='0.010000', node='ubuntu', metric='load1', subsystem=None)
Telemetry(timestamp='27.05.2023 10:57:05.532938', value='87.000000', node='ubuntu', metric='tx', subsystem='enp0s25')
Telemetry(timestamp='27.05.2023 10:57:05.735857', value='0.070000', node='ubuntu', metric='load5', subsystem=None)
Telemetry(timestamp='27.05.2023 10:57:05.768186', value='3123.000000', node='ubuntu', metric='rx', subsystem='enp0s25')
Telemetry(timestamp='27.05.2023 10:57:06.305778', value='11.917098', node='ubuntu', metric='cpu', subsystem=None)
Telemetry(timestamp='27.05.2023 10:57:06.321745', value='81.000000', node='ubuntu', metric='tx', subsystem='enp0s25')
Telemetry(timestamp='27.05.2023 10:57:06.170009', value='2876.000000', node='ubuntu', metric='rx', subsystem='enp0s25')
Telemetry(timestamp='27.05.2023 10:57:06.530741', value='1017368.000000', node='ubuntu', metric='ram', subsystem=None)
Telemetry(timestamp='27.05.2023 10:57:06.530868', value='1.612903', node='ubuntu', metric='cpu', subsystem=None)
Telemetry(timestamp='27.05.2023 10:57:06.531604', value='86.000000', node='ubuntu', metric='tx', subsystem='enp0s25')
Telemetry(timestamp='27.05.2023 10:57:06.621338', value='3466.000000', node='ubuntu', metric='rx', subsystem='enp0s25')
Telemetry(timestamp='27.05.2023 10:57:07.313772', value='9.183673', node='ubuntu', metric='cpu', subsystem=None)
Telemetry(timestamp='27.05.2023 10:57:07.314456', value='96.000000', node='ubuntu', metric='tx', subsystem='enp0s25')
Telemetry(timestamp='27.05.2023 10:57:07.187301', value='3549.000000', node='ubuntu', metric='rx', subsystem='enp0s25')
Telemetry(timestamp='27.05.2023 10:57:07.530049', value='7.772021', node='ubuntu', metric='cpu', subsystem=None)
Telemetry(timestamp='27.05.2023 10:57:07.530097', value='1023556.000000', node='ubuntu', metric='ram', subsystem=None)
Telemetry(timestamp='27.05.2023 10:57:07.532072', value='92.000000', node='ubuntu', metric='tx', subsystem='enp0s25')
Telemetry(timestamp='27.05.2023 10:57:07.710465', value='3240.000000', node='ubuntu', metric='rx', subsystem='enp0s25')
Telemetry(timestamp='27.05.2023 10:57:08.313356', value='87.000000', node='ubuntu', metric='tx', subsystem='enp0s25')
Telemetry(timestamp='27.05.2023 10:57:08.314601', value='9.375000', node='ubuntu', metric='cpu', subsystem=None)
Telemetry(timestamp='27.05.2023 10:57:08.201355', value='3348.000000', node='ubuntu', metric='rx', subsystem='enp0s25')
Telemetry(timestamp='27.05.2023 10:57:08.529923', value='1014540.000000', node='ubuntu', metric='ram', subsystem=None)
Telemetry(timestamp='27.05.2023 10:57:08.530602', value='84.000000', node='ubuntu', metric='tx', subsystem='enp0s25')
Telemetry(timestamp='27.05.2023 10:57:08.531891', value='10.582011', node='ubuntu', metric='cpu', subsystem=None)
Telemetry(timestamp='27.05.2023 10:57:08.628726', value='3308.000000', node='ubuntu', metric='rx', subsystem='enp0s25')
Telemetry(timestamp='27.05.2023 10:57:09.309653', value='2.688172', node='ubuntu', metric='cpu', subsystem=None)
Telemetry(timestamp='27.05.2023 10:57:09.323020', value='93.000000', node='ubuntu', metric='tx', subsystem='enp0s25')
Telemetry(timestamp='27.05.2023 10:57:09.242376', value='3736.000000', node='ubuntu', metric='rx', subsystem='enp0s25')
Telemetry(timestamp='27.05.2023 10:57:09.530947', value='94.000000', node='ubuntu', metric='tx', subsystem='enp0s25')
Telemetry(timestamp='27.05.2023 10:57:09.531468', value='1019692.000000', node='ubuntu', metric='ram', subsystem=None)
Telemetry(timestamp='27.05.2023 10:57:09.531610', value='10.824742', node='ubuntu', metric='cpu', subsystem=None)
Telemetry(timestamp='27.05.2023 10:57:09.726905', value='3734.000000', node='ubuntu', metric='rx', subsystem='enp0s25')
Telemetry(timestamp='27.05.2023 10:57:10.319771', value='88.000000', node='ubuntu', metric='tx', subsystem='enp0s25')
Telemetry(timestamp='27.05.2023 10:57:10.321391', value='10.052910', node='ubuntu', metric='cpu', subsystem=None)
Telemetry(timestamp='27.05.2023 10:57:10.260946', value='3389.000000', node='ubuntu', metric='rx', subsystem='enp0s25')
Telemetry(timestamp='27.05.2023 10:57:10.530155', value='0.010000', node='ubuntu', metric='load1', subsystem=None)
Telemetry(timestamp='27.05.2023 10:57:10.530157', value='0.070000', node='ubuntu', metric='load5', subsystem=None)
Telemetry(timestamp='27.05.2023 10:57:10.530253', value='1006436.000000', node='ubuntu', metric='ram', subsystem=None)
Telemetry(timestamp='27.05.2023 10:57:10.531219', value='10.526316', node='ubuntu', metric='cpu', subsystem=None)
Telemetry(timestamp='27.05.2023 10:57:10.532407', value='88.000000', node='ubuntu', metric='tx', subsystem='enp0s25')
Telemetry(timestamp='27.05.2023 10:57:10.672625', value='3388.000000', node='ubuntu', metric='rx', subsystem='enp0s25')
Telemetry(timestamp='27.05.2023 10:57:11.306889', value='8.290155', node='ubuntu', metric='cpu', subsystem=None)
Telemetry(timestamp='27.05.2023 10:57:11.321932', value='85.000000', node='ubuntu', metric='tx', subsystem='enp0s25')
Telemetry(timestamp='27.05.2023 10:57:11.180008', value='3243.000000', node='ubuntu', metric='rx', subsystem='enp0s25')
Telemetry(timestamp='27.05.2023 10:57:11.530234', value='1015096.000000', node='ubuntu', metric='ram', subsystem=None)
Telemetry(timestamp='27.05.2023 10:57:11.531049', value='3.763441', node='ubuntu', metric='cpu', subsystem=None)
Telemetry(timestamp='27.05.2023 10:57:11.531673', value='92.000000', node='ubuntu', metric='tx', subsystem='enp0s25')
Telemetry(timestamp='27.05.2023 10:57:11.593021', value='3583.000000', node='ubuntu', metric='rx', subsystem='enp0s25')
Telemetry(timestamp='27.05.2023 10:57:12.303339', value='7.894737', node='ubuntu', metric='cpu', subsystem=None)
Telemetry(timestamp='27.05.2023 10:57:12.318377', value='88.000000', node='ubuntu', metric='tx', subsystem='enp0s25')
Telemetry(timestamp='27.05.2023 10:57:12.200271', value='3369.000000', node='ubuntu', metric='rx', subsystem='enp0s25')
Telemetry(timestamp='27.05.2023 10:57:12.530662', value='8.510638', node='ubuntu', metric='cpu', subsystem=None)
Telemetry(timestamp='27.05.2023 10:57:12.530800', value='1006332.000000', node='ubuntu', metric='ram', subsystem=None)
Telemetry(timestamp='27.05.2023 10:57:12.531632', value='83.000000', node='ubuntu', metric='tx', subsystem='enp0s25')
Telemetry(timestamp='27.05.2023 10:57:12.732006', value='3096.000000', node='ubuntu', metric='rx', subsystem='enp0s25')
Telemetry(timestamp='27.05.2023 10:57:13.312116', value='9.574468', node='ubuntu', metric='cpu', subsystem=None)
Telemetry(timestamp='27.05.2023 10:57:13.313006', value='89.000000', node='ubuntu', metric='tx', subsystem='enp0s25')
Telemetry(timestamp='27.05.2023 10:57:13.225664', value='3442.000000', node='ubuntu', metric='rx', subsystem='enp0s25')
Telemetry(timestamp='27.05.2023 10:57:13.530516', value='9.523810', node='ubuntu', metric='cpu', subsystem=None)
Telemetry(timestamp='27.05.2023 10:57:13.530578', value='1017936.000000', node='ubuntu', metric='ram', subsystem=None)
Telemetry(timestamp='27.05.2023 10:57:13.531071', value='88.000000', node='ubuntu', metric='tx', subsystem='enp0s25')
Telemetry(timestamp='27.05.2023 10:57:13.734311', value='3517.000000', node='ubuntu', metric='rx', subsystem='enp0s25')
Telemetry(timestamp='27.05.2023 10:57:14.305164', value='94.000000', node='ubuntu', metric='tx', subsystem='enp0s25')
Telemetry(timestamp='27.05.2023 10:57:14.308811', value='4.812834', node='ubuntu', metric='cpu', subsystem=None)
Telemetry(timestamp='27.05.2023 10:57:14.233211', value='3699.000000', node='ubuntu', metric='rx', subsystem='enp0s25')
Telemetry(timestamp='27.05.2023 10:57:14.530898', value='7.650273', node='ubuntu', metric='cpu', subsystem=None)
Telemetry(timestamp='27.05.2023 10:57:14.531267', value='1019940.000000', node='ubuntu', metric='ram', subsystem=None)
Telemetry(timestamp='27.05.2023 10:57:14.532204', value='95.000000', node='ubuntu', metric='tx', subsystem='enp0s25')
Telemetry(timestamp='27.05.2023 10:57:14.775360', value='3612.000000', node='ubuntu', metric='rx', subsystem='enp0s25')
Telemetry(timestamp='27.05.2023 10:57:15.316040', value='7.567568', node='ubuntu', metric='cpu', subsystem=None)
Telemetry(timestamp='27.05.2023 10:57:15.328326', value='87.000000', node='ubuntu', metric='tx', subsystem='enp0s25')
Telemetry(timestamp='27.05.2023 10:57:15.200969', value='3371.000000', node='ubuntu', metric='rx', subsystem='enp0s25')
Telemetry(timestamp='27.05.2023 10:57:15.530423', value='8.021390', node='ubuntu', metric='cpu', subsystem=None)
Telemetry(timestamp='27.05.2023 10:57:15.530483', value='0.010000', node='ubuntu', metric='load1', subsystem=None)
Telemetry(timestamp='27.05.2023 10:57:15.530607', value='1016736.000000', node='ubuntu', metric='ram', subsystem=None)
Telemetry(timestamp='27.05.2023 10:57:15.532876', value='86.000000', node='ubuntu', metric='tx', subsystem='enp0s25')
Telemetry(timestamp='27.05.2023 10:57:15.658984', value='0.070000', node='ubuntu', metric='load5', subsystem=None)
Telemetry(timestamp='27.05.2023 10:57:15.693878', value='3359.000000', node='ubuntu', metric='rx', subsystem='enp0s25')
Telemetry(timestamp='27.05.2023 10:57:16.305368', value='10.994764', node='ubuntu', metric='cpu', subsystem=None)
Telemetry(timestamp='27.05.2023 10:57:16.306515', value='86.000000', node='ubuntu', metric='tx', subsystem='enp0s25')
Telemetry(timestamp='27.05.2023 10:57:16.225472', value='3400.000000', node='ubuntu', metric='rx', subsystem='enp0s25')
Telemetry(timestamp='27.05.2023 10:57:16.530020', value='1023456.000000', node='ubuntu', metric='ram', subsystem=None)
Telemetry(timestamp='27.05.2023 10:57:16.531368', value='4.301075', node='ubuntu', metric='cpu', subsystem=None)
Telemetry(timestamp='27.05.2023 10:57:16.531471', value='92.000000', node='ubuntu', metric='tx', subsystem='enp0s25')
Telemetry(timestamp='27.05.2023 10:57:16.716345', value='3709.000000', node='ubuntu', metric='rx', subsystem='enp0s25')
Telemetry(timestamp='27.05.2023 10:57:17.313396', value='95.000000', node='ubuntu', metric='tx', subsystem='enp0s25')
Telemetry(timestamp='27.05.2023 10:57:17.319288', value='8.421053', node='ubuntu', metric='cpu', subsystem=None)
Telemetry(timestamp='27.05.2023 10:57:17.219499', value='3736.000000', node='ubuntu', metric='rx', subsystem='enp0s25')
Telemetry(timestamp='27.05.2023 10:57:17.530770', value='9.326425', node='ubuntu', metric='cpu', subsystem=None)
Telemetry(timestamp='27.05.2023 10:57:17.531440', value='1008488.000000', node='ubuntu', metric='ram', subsystem=None)
Telemetry(timestamp='27.05.2023 10:57:17.531594', value='80.000000', node='ubuntu', metric='tx', subsystem='enp0s25')
Telemetry(timestamp='27.05.2023 10:57:17.833446', value='2817.000000', node='ubuntu', metric='rx', subsystem='enp0s25')
Telemetry(timestamp='27.05.2023 10:57:18.323414', value='78.000000', node='ubuntu', metric='tx', subsystem='enp0s25')
Telemetry(timestamp='27.05.2023 10:57:18.324199', value='10.638298', node='ubuntu', metric='cpu', subsystem=None)
Telemetry(timestamp='27.05.2023 10:57:18.567948', value='2761.000000', node='ubuntu', metric='rx', subsystem='enp0s25')
Telemetry(timestamp='27.05.2023 10:57:18.529961', value='4.255319', node='ubuntu', metric='cpu', subsystem=None)
Telemetry(timestamp='27.05.2023 10:57:18.530418', value='1015512.000000', node='ubuntu', metric='ram', subsystem=None)
Telemetry(timestamp='27.05.2023 10:57:18.532465', value='90.000000', node='ubuntu', metric='tx', subsystem='enp0s25')
Telemetry(timestamp='27.05.2023 10:57:18.754423', value='3396.000000', node='ubuntu', metric='rx', subsystem='enp0s25')
Telemetry(timestamp='27.05.2023 10:57:19.301880', value='91.000000', node='ubuntu', metric='tx', subsystem='enp0s25')
Telemetry(timestamp='27.05.2023 10:57:19.312695', value='7.853403', node='ubuntu', metric='cpu', subsystem=None)
Telemetry(timestamp='27.05.2023 10:57:19.166122', value='3449.000000', node='ubuntu', metric='rx', subsystem='enp0s25')
Telemetry(timestamp='27.05.2023 10:57:19.530425', value='8.290155', node='ubuntu', metric='cpu', subsystem=None)
Telemetry(timestamp='27.05.2023 10:57:19.530516', value='1024472.000000', node='ubuntu', metric='ram', subsystem=None)
Telemetry(timestamp='27.05.2023 10:57:19.531655', value='89.000000', node='ubuntu', metric='tx', subsystem='enp0s25')
Telemetry(timestamp='27.05.2023 10:57:19.679688', value='3400.000000', node='ubuntu', metric='rx', subsystem='enp0s25')
Telemetry(timestamp='27.05.2023 10:57:20.303507', value='88.000000', node='ubuntu', metric='tx', subsystem='enp0s25')
Telemetry(timestamp='27.05.2023 10:57:20.314591', value='13.756614', node='ubuntu', metric='cpu', subsystem=None)
Telemetry(timestamp='27.05.2023 10:57:20.925548', value='3281.000000', node='ubuntu', metric='rx', subsystem='enp0s25')
Telemetry(timestamp='27.05.2023 10:57:20.530480', value='0.010000', node='ubuntu', metric='load1', subsystem=None)
Telemetry(timestamp='27.05.2023 10:57:20.530482', value='0.070000', node='ubuntu', metric='load5', subsystem=None)
Telemetry(timestamp='27.05.2023 10:57:20.530813', value='1020464.000000', node='ubuntu', metric='ram', subsystem=None)
Telemetry(timestamp='27.05.2023 10:57:20.531713', value='90.000000', node='ubuntu', metric='tx', subsystem='enp0s25')
Telemetry(timestamp='27.05.2023 10:57:20.531950', value='5.913978', node='ubuntu', metric='cpu', subsystem=None)
Telemetry(timestamp='27.05.2023 10:57:20.706759', value='3550.000000', node='ubuntu', metric='rx', subsystem='enp0s25')
Telemetry(timestamp='27.05.2023 10:57:21.305979', value='92.000000', node='ubuntu', metric='tx', subsystem='enp0s25')
Telemetry(timestamp='27.05.2023 10:57:21.326012', value='6.878307', node='ubuntu', metric='cpu', subsystem=None)
Telemetry(timestamp='27.05.2023 10:57:21.202623', value='3791.000000', node='ubuntu', metric='rx', subsystem='enp0s25')
Telemetry(timestamp='27.05.2023 10:57:21.530026', value='1019788.000000', node='ubuntu', metric='ram', subsystem=None)
Telemetry(timestamp='27.05.2023 10:57:21.530998', value='8.510638', node='ubuntu', metric='cpu', subsystem=None)
Telemetry(timestamp='27.05.2023 10:57:21.531651', value='89.000000', node='ubuntu', metric='tx', subsystem='enp0s25')
Telemetry(timestamp='27.05.2023 10:57:21.724176', value='3574.000000', node='ubuntu', metric='rx', subsystem='enp0s25')
Telemetry(timestamp='27.05.2023 10:57:22.304726', value='8.465608', node='ubuntu', metric='cpu', subsystem=None)
Telemetry(timestamp='27.05.2023 10:57:22.319032', value='87.000000', node='ubuntu', metric='tx', subsystem='enp0s25')
Telemetry(timestamp='27.05.2023 10:57:22.240376', value='3409.000000', node='ubuntu', metric='rx', subsystem='enp0s25')
Telemetry(timestamp='27.05.2023 10:57:22.530633', value='10.362694', node='ubuntu', metric='cpu', subsystem=None)
Telemetry(timestamp='27.05.2023 10:57:22.530730', value='1017500.000000', node='ubuntu', metric='ram', subsystem=None)
Telemetry(timestamp='27.05.2023 10:57:22.531032', value='87.000000', node='ubuntu', metric='tx', subsystem='enp0s25')
Telemetry(timestamp='27.05.2023 10:57:22.754653', value='3430.000000', node='ubuntu', metric='rx', subsystem='enp0s25')
Telemetry(timestamp='27.05.2023 10:57:23.314394', value='87.000000', node='ubuntu', metric='tx', subsystem='enp0s25')
Telemetry(timestamp='27.05.2023 10:57:23.314464', value='9.677419', node='ubuntu', metric='cpu', subsystem=None)
Telemetry(timestamp='27.05.2023 10:57:23.163587', value='3407.000000', node='ubuntu', metric='rx', subsystem='enp0s25')
Telemetry(timestamp='27.05.2023 10:57:23.530436', value='3.723404', node='ubuntu', metric='cpu', subsystem=None)
Telemetry(timestamp='27.05.2023 10:57:23.530550', value='1020632.000000', node='ubuntu', metric='ram', subsystem=None)
Telemetry(timestamp='27.05.2023 10:57:23.531507', value='91.000000', node='ubuntu', metric='tx', subsystem='enp0s25')
Telemetry(timestamp='27.05.2023 10:57:23.687693', value='3617.000000', node='ubuntu', metric='rx', subsystem='enp0s25')
Telemetry(timestamp='27.05.2023 10:57:24.302794', value='8.994709', node='ubuntu', metric='cpu', subsystem=None)
Telemetry(timestamp='27.05.2023 10:57:24.305456', value='91.000000', node='ubuntu', metric='tx', subsystem='enp0s25')
Telemetry(timestamp='27.05.2023 10:57:24.175421', value='3524.000000', node='ubuntu', metric='rx', subsystem='enp0s25')
Telemetry(timestamp='27.05.2023 10:57:24.529900', value='1014856.000000', node='ubuntu', metric='ram', subsystem=None)
Telemetry(timestamp='27.05.2023 10:57:24.530082', value='10.937500', node='ubuntu', metric='cpu', subsystem=None)
Telemetry(timestamp='27.05.2023 10:57:24.531911', value='86.000000', node='ubuntu', metric='tx', subsystem='enp0s25')
Telemetry(timestamp='27.05.2023 10:57:24.706225', value='3306.000000', node='ubuntu', metric='rx', subsystem='enp0s25')
Telemetry(timestamp='27.05.2023 10:57:25.308558', value='8.808290', node='ubuntu', metric='cpu', subsystem=None)
Telemetry(timestamp='27.05.2023 10:57:25.321844', value='87.000000', node='ubuntu', metric='tx', subsystem='enp0s25')
Telemetry(timestamp='27.05.2023 10:57:25.122002', value='3401.000000', node='ubuntu', metric='rx', subsystem='enp0s25')
Telemetry(timestamp='27.05.2023 10:57:25.529743', value='0.010000', node='ubuntu', metric='load1', subsystem=None)
Telemetry(timestamp='27.05.2023 10:57:25.529744', value='0.070000', node='ubuntu', metric='load5', subsystem=None)
Telemetry(timestamp='27.05.2023 10:57:25.529791', value='1013740.000000', node='ubuntu', metric='ram', subsystem=None)
Telemetry(timestamp='27.05.2023 10:57:25.530239', value='86.000000', node='ubuntu', metric='tx', subsystem='enp0s25')
Telemetry(timestamp='27.05.2023 10:57:25.531355', value='7.526882', node='ubuntu', metric='cpu', subsystem=None)
Telemetry(timestamp='27.05.2023 10:57:25.730364', value='3415.000000', node='ubuntu', metric='rx', subsystem='enp0s25')
Telemetry(timestamp='27.05.2023 10:57:26.309794', value='3.157895', node='ubuntu', metric='cpu', subsystem=None)
Telemetry(timestamp='27.05.2023 10:57:26.312856', value='93.000000', node='ubuntu', metric='tx', subsystem='enp0s25')
Telemetry(timestamp='27.05.2023 10:57:26.214776', value='3724.000000', node='ubuntu', metric='rx', subsystem='enp0s25')
Telemetry(timestamp='27.05.2023 10:57:26.530699', value='94.000000', node='ubuntu', metric='tx', subsystem='enp0s25')
Telemetry(timestamp='27.05.2023 10:57:26.531079', value='1020676.000000', node='ubuntu', metric='ram', subsystem=None)
Telemetry(timestamp='27.05.2023 10:57:26.531745', value='10.416667', node='ubuntu', metric='cpu', subsystem=None)
Telemetry(timestamp='27.05.2023 10:57:26.618793', value='3663.000000', node='ubuntu', metric='rx', subsystem='enp0s25')
Telemetry(timestamp='27.05.2023 10:57:27.313778', value='6.521739', node='ubuntu', metric='cpu', subsystem=None)
Telemetry(timestamp='27.05.2023 10:57:27.325358', value='87.000000', node='ubuntu', metric='tx', subsystem='enp0s25')
Telemetry(timestamp='27.05.2023 10:57:27.253648', value='3390.000000', node='ubuntu', metric='rx', subsystem='enp0s25')
Telemetry(timestamp='27.05.2023 10:57:27.530643', value='6.770833', node='ubuntu', metric='cpu', subsystem=None)
Telemetry(timestamp='27.05.2023 10:57:27.531016', value='1018964.000000', node='ubuntu', metric='ram', subsystem=None)
Telemetry(timestamp='27.05.2023 10:57:27.532320', value='72.000000', node='ubuntu', metric='tx', subsystem='enp0s25')
Telemetry(timestamp='27.05.2023 10:57:27.762154', value='2838.000000', node='ubuntu', metric='rx', subsystem='enp0s25')
Telemetry(timestamp='27.05.2023 10:57:28.307110', value='34.000000', node='ubuntu', metric='tx', subsystem='enp0s25')
Telemetry(timestamp='27.05.2023 10:57:28.323871', value='1.010101', node='ubuntu', metric='cpu', subsystem=None)
Telemetry(timestamp='27.05.2023 10:57:28.184588', value='1143.000000', node='ubuntu', metric='rx', subsystem='enp0s25')
Telemetry(timestamp='27.05.2023 10:57:28.530527', value='1.005025', node='ubuntu', metric='cpu', subsystem=None)
Telemetry(timestamp='27.05.2023 10:57:28.530783', value='1018964.000000', node='ubuntu', metric='ram', subsystem=None)
Telemetry(timestamp='27.05.2023 10:57:28.531595', value='8.000000', node='ubuntu', metric='tx', subsystem='enp0s25')
Telemetry(timestamp='27.05.2023 10:57:28.683822', value='5.000000', node='ubuntu', metric='rx', subsystem='enp0s25')
Telemetry(timestamp='27.05.2023 10:57:29.308339', value='1.005025', node='ubuntu', metric='cpu', subsystem=None)
Telemetry(timestamp='27.05.2023 10:57:29.313771', value='8.000000', node='ubuntu', metric='tx', subsystem='enp0s25')
Telemetry(timestamp='27.05.2023 10:57:29.200918', value='5.000000', node='ubuntu', metric='rx', subsystem='enp0s25')
Telemetry(timestamp='27.05.2023 10:57:29.531175', value='1018964.000000', node='ubuntu', metric='ram', subsystem=None)
Telemetry(timestamp='27.05.2023 10:57:29.531944', value='8.000000', node='ubuntu', metric='tx', subsystem='enp0s25')
Telemetry(timestamp='27.05.2023 10:57:29.531955', value='1.990050', node='ubuntu', metric='cpu', subsystem=None)
Telemetry(timestamp='27.05.2023 10:57:29.714744', value='4.000000', node='ubuntu', metric='rx', subsystem='enp0s25')
Telemetry(timestamp='27.05.2023 10:57:30.310061', value='3.535354', node='ubuntu', metric='cpu', subsystem=None)
Telemetry(timestamp='27.05.2023 10:57:30.318529', value='8.000000', node='ubuntu', metric='tx', subsystem='enp0s25')
Telemetry(timestamp='27.05.2023 10:57:30.225189', value='4.000000', node='ubuntu', metric='rx', subsystem='enp0s25')
Telemetry(timestamp='27.05.2023 10:57:30.530571', value='0.010000', node='ubuntu', metric='load1', subsystem=None)
Telemetry(timestamp='27.05.2023 10:57:30.530573', value='0.070000', node='ubuntu', metric='load5', subsystem=None)
Telemetry(timestamp='27.05.2023 10:57:30.530835', value='1018964.000000', node='ubuntu', metric='ram', subsystem=None)
Telemetry(timestamp='27.05.2023 10:57:30.531806', value='2.463054', node='ubuntu', metric='cpu', subsystem=None)
Telemetry(timestamp='27.05.2023 10:57:30.532573', value='8.000000', node='ubuntu', metric='tx', subsystem='enp0s25')
Telemetry(timestamp='27.05.2023 10:57:30.743350', value='4.000000', node='ubuntu', metric='rx', subsystem='enp0s25')
Telemetry(timestamp='27.05.2023 10:57:31.308265', value='1.005025', node='ubuntu', metric='cpu', subsystem=None)
Telemetry(timestamp='27.05.2023 10:57:31.317012', value='8.000000', node='ubuntu', metric='tx', subsystem='enp0s25')
Telemetry(timestamp='27.05.2023 10:57:31.357751', value='4.000000', node='ubuntu', metric='rx', subsystem='enp0s25')