Telemetry(timestamp='27.05.2023 11:34:51.309740', value='95.000000', node='ubuntu', metric='tx', subsystem='enp0s25')
Telemetry(timestamp='27.05.2023 11:34:51.312830', value='3.125000', node='ubuntu', metric='cpu', subsystem=None)
Telemetry(timestamp='27.05.2023 11:34:51.148305', value='3935.000000', node='ubuntu', metric='rx', subsystem='enp0s25')
Telemetry(timestamp='27.05.2023 11:34:51.529834', value='1090372.000000', node='ubuntu', metric='ram', subsystem=None)
Telemetry(timestamp='27.05.2023 11:34:51.531703', value='27.272727', node='ubuntu', metric='cpu', subsystem=None)
Telemetry(timestamp='27.05.2023 11:34:51.532959', value='54.000000', node='ubuntu', metric='tx', subsystem='enp0s25')
Telemetry(timestamp='27.05.2023 11:34:51.697391', value='2197.000000', node='ubuntu', metric='rx', subsystem='enp0s25')
Telemetry(timestamp='27.05.2023 11:34:52.304890', value='28.947368', node='ubuntu', metric='cpu', subsystem=None)
Telemetry(timestamp='27.05.2023 11:34:52.330380', value='13.000000', node='ubuntu', metric='tx', subsystem='enp0s25')
Telemetry(timestamp='27.05.2023 11:34:52.130406', value='205.000000', node='ubuntu', metric='rx', subsystem='enp0s25')
Telemetry(timestamp='27.05.2023 11:34:52.530679', value='67.000000', node='ubuntu', metric='tx', subsystem='enp0s25')
Telemetry(timestamp='27.05.2023 11:34:52.530686', value='1090296.000000', node='ubuntu', metric='ram', subsystem=None)
Telemetry(timestamp='27.05.2023 11:34:52.530826', value='1.041667', node='ubuntu', metric='cpu', subsystem=None)
Telemetry(timestamp='27.05.2023 11:34:52.688519', value='1569.000000', node='ubuntu', metric='rx', subsystem='enp0s25')
Telemetry(timestamp='27.05.2023 11:34:53.310060', value='106.000000', node='ubuntu', metric='tx', subsystem='enp0s25')
Telemetry(timestamp='27.05.2023 11:34:53.311913', value='2.590674', node='ubuntu', metric='cpu', subsystem=None)
Telemetry(timestamp='27.05.2023 11:34:53.210708', value='3100.000000', node='ubuntu', metric='rx', subsystem='enp0s25')
Telemetry(timestamp='27.05.2023 11:34:53.530297', value='1097352.000000', node='ubuntu', metric='ram', subsystem=None)
Telemetry(timestamp='27.05.2023 11:34:53.530987', value='15.384615', node='ubuntu', metric='cpu', subsystem=None)
Telemetry(timestamp='27.05.2023 11:34:53.532306', value='76.000000', node='ubuntu', metric='tx', subsystem='enp0s25')
Telemetry(timestamp='27.05.2023 11:34:53.632986', value='2890.000000', node='ubuntu', metric='rx', subsystem='enp0s25')
Telemetry(timestamp='27.05.2023 11:34:54.306216', value='27.000000', node='ubuntu', metric='cpu', subsystem=None)
Telemetry(timestamp='27.05.2023 11:34:54.318439', value='35.000000', node='ubuntu', metric='tx', subsystem='enp0s25')
Telemetry(timestamp='27.05.2023 11:34:54.240928', value='1293.000000', node='ubuntu', metric='rx', subsystem='enp0s25')
Telemetry(timestamp='27.05.2023 11:34:54.530041', value='1086448.000000', node='ubuntu', metric='ram', subsystem=None)
Telemetry(timestamp='27.05.2023 11:34:54.530944', value='18.750000', node='ubuntu', metric='cpu', subsystem=None)
Telemetry(timestamp='27.05.2023 11:34:54.531073', value='36.000000', node='ubuntu', metric='tx', subsystem='enp0s25')
Telemetry(timestamp='27.05.2023 11:34:54.761172', value='963.000000', node='ubuntu', metric='rx', subsystem='enp0s25')
Telemetry(timestamp='27.05.2023 11:34:55.309014', value='7.179487', node='ubuntu', metric='cpu', subsystem=None)
Telemetry(timestamp='27.05.2023 11:34:55.315290', value='78.000000', node='ubuntu', metric='tx', subsystem='enp0s25')
Telemetry(timestamp='27.05.2023 11:34:55.161980', value='2929.000000', node='ubuntu', metric='rx', subsystem='enp0s25')
Telemetry(timestamp='27.05.2023 11:34:55.529726', value='0.000000', node='ubuntu', metric='load1', subsystem=None)
Telemetry(timestamp='27.05.2023 11:34:55.529727', value='0.060000', node='ubuntu', metric='load5', subsystem=None)
Telemetry(timestamp='27.05.2023 11:34:55.529776', value='1090984.000000', node='ubuntu', metric='ram', subsystem=None)
Telemetry(timestamp='27.05.2023 11:34:55.530814', value='82.000000', node='ubuntu', metric='tx', subsystem='enp0s25')
Telemetry(timestamp='27.05.2023 11:34:55.531932', value='8.762887', node='ubuntu', metric='cpu', subsystem=None)
Telemetry(timestamp='27.05.2023 11:34:55.697845', value='3503.000000', node='ubuntu', metric='rx', subsystem='enp0s25')
Telemetry(timestamp='27.05.2023 11:34:56.307024', value='28.500000', node='ubuntu', metric='cpu', subsystem=None)
Telemetry(timestamp='27.05.2023 11:34:56.322144', value='40.000000', node='ubuntu', metric='tx', subsystem='enp0s25')
Telemetry(timestamp='27.05.2023 11:34:56.119823', value='1533.000000', node='ubuntu', metric='rx', subsystem='enp0s25')
Telemetry(timestamp='27.05.2023 11:34:56.530386', value='1088780.000000', node='ubuntu', metric='ram', subsystem=None)
Telemetry(timestamp='27.05.2023 11:34:56.530871', value='22.164948', node='ubuntu', metric='cpu', subsystem=None)
Telemetry(timestamp='27.05.2023 11:34:56.530931', value='36.000000', node='ubuntu', metric='tx', subsystem='enp0s25')
Telemetry(timestamp='27.05.2023 11:34:56.703351', value='935.000000', node='ubuntu', metric='rx', subsystem='enp0s25')
Telemetry(timestamp='27.05.2023 11:34:57.304572', value='2.094241', node='ubuntu', metric='cpu', subsystem=None)
Telemetry(timestamp='27.05.2023 11:34:57.315084', value='79.000000', node='ubuntu', metric='tx', subsystem='enp0s25')
Telemetry(timestamp='27.05.2023 11:34:57.216804', value='2962.000000', node='ubuntu', metric='rx', subsystem='enp0s25')
Telemetry(timestamp='27.05.2023 11:34:57.531334', value='11.734694', node='ubuntu', metric='cpu', subsystem=None)
Telemetry(timestamp='27.05.2023 11:34:57.531447', value='1094800.000000', node='ubuntu', metric='ram', subsystem=None)
Telemetry(timestamp='27.05.2023 11:34:57.532826', value='83.000000', node='ubuntu', metric='tx', subsystem='enp0s25')
Telemetry(timestamp='27.05.2023 11:34:57.745101', value='3531.000000', node='ubuntu', metric='rx', subsystem='enp0s25')
Telemetry(timestamp='27.05.2023 11:34:58.323512', value='39.000000', node='ubuntu', metric='tx', subsystem='enp0s25')
Telemetry(timestamp='27.05.2023 11:34:58.323627', value='27.500000', node='ubuntu', metric='cpu', subsystem=None)
Telemetry(timestamp='27.05.2023 11:34:58.352481', value='1500.000000', node='ubuntu', metric='rx', subsystem='enp0s25')
Telemetry(timestamp='27.05.2023 11:34:58.530752', value='20.000000', node='ubuntu', metric='cpu', subsystem=None)
Telemetry(timestamp='27.05.2023 11:34:58.531232', value='1085492.000000', node='ubuntu', metric='ram', subsystem=None)
Telemetry(timestamp='27.05.2023 11:34:58.532113', value='30.000000', node='ubuntu', metric='tx', subsystem='enp0s25')
Telemetry(timestamp='27.05.2023 11:34:58.555163', value='830.000000', node='ubuntu', metric='rx', subsystem='enp0s25')
Telemetry(timestamp='27.05.2023 11:34:59.310310', value='73.000000', node='ubuntu', metric='tx', subsystem='enp0s25')
Telemetry(timestamp='27.05.2023 11:34:59.313802', value='4.145078', node='ubuntu', metric='cpu', subsystem=None)
Telemetry(timestamp='27.05.2023 11:34:59.238257', value='2823.000000', node='ubuntu', metric='rx', subsystem='enp0s25')
Telemetry(timestamp='27.05.2023 11:34:59.530237', value='1087508.000000', node='ubuntu', metric='ram', subsystem=None)
Telemetry(timestamp='27.05.2023 11:34:59.532552', value='5.235602', node='ubuntu', metric='cpu', subsystem=None)
Telemetry(timestamp='27.05.2023 11:34:59.532614', value='88.000000', node='ubuntu', metric='tx', subsystem='enp0s25')
Telemetry(timestamp='27.05.2023 11:34:59.689874', value='3635.000000', node='ubuntu', metric='rx', subsystem='enp0s25')
Telemetry(timestamp='27.05.2023 11:35:00.301627', value='28.934010', node='ubuntu', metric='cpu', subsystem=None)
Telemetry(timestamp='27.05.2023 11:35:00.325415', value='45.000000', node='ubuntu', metric='tx', subsystem='enp0s25')
Telemetry(timestamp='27.05.2023 11:35:00.232901', value='1639.000000', node='ubuntu', metric='rx', subsystem='enp0s25')
Telemetry(timestamp='27.05.2023 11:35:00.530248', value='20.105820', node='ubuntu', metric='cpu', subsystem=None)
Telemetry(timestamp='27.05.2023 11:35:00.530249', value='1089948.000000', node='ubuntu', metric='ram', subsystem=None)
Telemetry(timestamp='27.05.2023 11:35:00.530278', value='0.080000', node='ubuntu', metric='load1', subsystem=None)
Telemetry(timestamp='27.05.2023 11:35:00.531294', value='34.000000', node='ubuntu', metric='tx', subsystem='enp0s25')
Telemetry(timestamp='27.05.2023 11:35:00.715654', value='0.070000', node='ubuntu', metric='load5', subsystem=None)
Telemetry(timestamp='27.05.2023 11:35:00.777186', value='728.000000', node='ubuntu', metric='rx', subsystem='enp0s25')
Telemetry(timestamp='27.05.2023 11:35:01.305086', value='3.608247', node='ubuntu', metric='cpu', subsystem=None)
Telemetry(timestamp='27.05.2023 11:35:01.307498', value='77.000000', node='ubuntu', metric='tx', subsystem='enp0s25')
Telemetry(timestamp='27.05.2023 11:35:01.198047', value='2712.000000', node='ubuntu', metric='rx', subsystem='enp0s25')
Telemetry(timestamp='27.05.2023 11:35:01.531266', value='87.000000', node='ubuntu', metric='tx', subsystem='enp0s25')
Telemetry(timestamp='27.05.2023 11:35:01.532454', value='1092720.000000', node='ubuntu', metric='ram', subsystem=None)
Telemetry(timestamp='27.05.2023 11:35:01.532493', value='8.205128', node='ubuntu', metric='cpu', subsystem=None)
Telemetry(timestamp='27.05.2023 11:35:01.702768', value='3737.000000', node='ubuntu', metric='rx', subsystem='enp0s25')
Telemetry(timestamp='27.05.2023 11:35:02.311506', value='29.353234', node='ubuntu', metric='cpu', subsystem=None)
Telemetry(timestamp='27.05.2023 11:35:02.323182', value='44.000000', node='ubuntu', metric='tx', subsystem='enp0s25')
Telemetry(timestamp='27.05.2023 11:35:02.235006', value='1750.000000', node='ubuntu', metric='rx', subsystem='enp0s25')
Telemetry(timestamp='27.05.2023 11:35:02.530694', value='22.164948', node='ubuntu', metric='cpu', subsystem=None)
Telemetry(timestamp='27.05.2023 11:35:02.530937', value='1085136.000000', node='ubuntu', metric='ram', subsystem=None)
Telemetry(timestamp='27.05.2023 11:35:02.533126', value='28.000000', node='ubuntu', metric='tx', subsystem='enp0s25')
Telemetry(timestamp='27.05.2023 11:35:02.801548', value='802.000000', node='ubuntu', metric='rx', subsystem='enp0s25')
Telemetry(timestamp='27.05.2023 11:35:03.311245', value='72.000000', node='ubuntu', metric='tx', subsystem='enp0s25')
Telemetry(timestamp='27.05.2023 11:35:03.311689', value='4.123711', node='ubuntu', metric='cpu', subsystem=None)
Telemetry(timestamp='27.05.2023 11:35:03.259254', value='2851.000000', node='ubuntu', metric='rx', subsystem='enp0s25')
Telemetry(timestamp='27.05.2023 11:35:03.530490', value='1089924.000000', node='ubuntu', metric='ram', subsystem=None)
Telemetry(timestamp='27.05.2023 11:35:03.531496', value='9.693878', node='ubuntu', metric='cpu', subsystem=None)
Telemetry(timestamp='27.05.2023 11:35:03.532636', value='87.000000', node='ubuntu', metric='tx', subsystem='enp0s25')
Telemetry(timestamp='27.05.2023 11:35:03.679879', value='3669.000000', node='ubuntu', metric='rx', subsystem='enp0s25')
Telemetry(timestamp='27.05.2023 11:35:04.304304', value='28.712871', node='ubuntu', metric='cpu', subsystem=None)
Telemetry(timestamp='27.05.2023 11:35:04.329118', value='43.000000', node='ubuntu', metric='tx', subsystem='enp0s25')
Telemetry(timestamp='27.05.2023 11:35:04.198494', value='1610.000000', node='ubuntu', metric='rx', subsystem='enp0s25')
Telemetry(timestamp='27.05.2023 11:35:04.530494', value='20.312500', node='ubuntu', metric='cpu', subsystem=None)
Telemetry(timestamp='27.05.2023 11:35:04.530527', value='1100248.000000', node='ubuntu', metric='ram', subsystem=None)
Telemetry(timestamp='27.05.2023 11:35:04.531629', value='37.000000', node='ubuntu', metric='tx', subsystem='enp0s25')
Telemetry(timestamp='27.05.2023 11:35:04.688258', value='868.000000', node='ubuntu', metric='rx', subsystem='enp0s25')
Telemetry(timestamp='27.05.2023 11:35:05.309166', value='83.000000', node='ubuntu', metric='tx', subsystem='enp0s25')
Telemetry(timestamp='27.05.2023 11:35:05.310546', value='4.761905', node='ubuntu', metric='cpu', subsystem=None)
Telemetry(timestamp='27.05.2023 11:35:05.388712', value='2809.000000', node='ubuntu', metric='rx', subsystem='enp0s25')
Telemetry(timestamp='27.05.2023 11:35:05.530484', value='0.070000', node='ubuntu', metric='load1', subsystem=None)
Telemetry(timestamp='27.05.2023 11:35:05.530485', value='0.070000', node='ubuntu', metric='load5', subsystem=None)
Telemetry(timestamp='27.05.2023 11:35:05.530519', value='1104532.000000', node='ubuntu', metric='ram', subsystem=None)
Telemetry(timestamp='27.05.2023 11:35:05.531302', value='8.717949', node='ubuntu', metric='cpu', subsystem=None)
Telemetry(timestamp='27.05.2023 11:35:05.532507', value='89.000000', node='ubuntu', metric='tx', subsystem='enp0s25')
Telemetry(timestamp='27.05.2023 11:35:05.722918', value='3597.000000', node='ubuntu', metric='rx', subsystem='enp0s25')
Telemetry(timestamp='27.05.2023 11:35:06.310363', value='30.150754', node='ubuntu', metric='cpu', subsystem=None)
Telemetry(timestamp='27.05.2023 11:35:06.323095', value='43.000000', node='ubuntu', metric='tx', subsystem='enp0s25')
Telemetry(timestamp='27.05.2023 11:35:06.872662', value='1656.000000', node='ubuntu', metric='rx', subsystem='enp0s25')
Telemetry(timestamp='27.05.2023 11:35:06.531269', value='21.875000', node='ubuntu', metric='cpu', subsystem=None)
Telemetry(timestamp='27.05.2023 11:35:06.531403', value='29.000000', node='ubuntu', metric='tx', subsystem='enp0s25')
Telemetry(timestamp='27.05.2023 11:35:06.531491', value='1094276.000000', node='ubuntu', metric='ram', subsystem=None)
Telemetry(timestamp='27.05.2023 11:35:06.739864', value='780.000000', node='ubuntu', metric='rx', subsystem='enp0s25')
Telemetry(timestamp='27.05.2023 11:35:07.314162', value='72.000000', node='ubuntu', metric='tx', subsystem='enp0s25')
Telemetry(timestamp='27.05.2023 11:35:07.326698', value='2.617801', node='ubuntu', metric='cpu', subsystem=None)
Telemetry(timestamp='27.05.2023 11:35:07.243505', value='2844.000000', node='ubuntu', metric='rx', subsystem='enp0s25')
Telemetry(timestamp='27.05.2023 11:35:07.530783', value='4.123711', node='ubuntu', metric='cpu', subsystem=None)
Telemetry(timestamp='27.05.2023 11:35:07.531258', value='1095004.000000', node='ubuntu', metric='ram', subsystem=None)
Telemetry(timestamp='27.05.2023 11:35:07.532457', value='89.000000', node='ubuntu', metric='tx', subsystem='enp0s25')
Telemetry(timestamp='27.05.2023 11:35:08.308287', value='29.000000', node='ubuntu', metric='cpu', subsystem=None)
Telemetry(timestamp='27.05.2023 11:35:08.321988', value='43.000000', node='ubuntu', metric='tx', subsystem='enp0s25')
Telemetry(timestamp='27.05.2023 11:35:08.904760', value='3685.000000', node='ubuntu', metric='rx', subsystem='enp0s25')
Telemetry(timestamp='27.05.2023 11:35:08.149603', value='1620.000000', node='ubuntu', metric='rx', subsystem='enp0s25')
Telemetry(timestamp='27.05.2023 11:35:08.530510', value='1084968.000000', node='ubuntu', metric='ram', subsystem=None)
Telemetry(timestamp='27.05.2023 11:35:08.531228', value='25.773196', node='ubuntu', metric='cpu', subsystem=None)
Telemetry(timestamp='27.05.2023 11:35:08.533140', value='23.000000', node='ubuntu', metric='tx', subsystem='enp0s25')
Telemetry(timestamp='27.05.2023 11:35:08.689346', value='569.000000', node='ubuntu', metric='rx', subsystem='enp0s25')
Telemetry(timestamp='27.05.2023 11:35:09.306496', value='2.105263', node='ubuntu', metric='cpu', subsystem=None)
Telemetry(timestamp='27.05.2023 11:35:09.312833', value='71.000000', node='ubuntu', metric='tx', subsystem='enp0s25')
Telemetry(timestamp='27.05.2023 11:35:09.199378', value='2342.000000', node='ubuntu', metric='rx', subsystem='enp0s25')
Telemetry(timestamp='27.05.2023 11:35:09.530357', value='2.577320', node='ubuntu', metric='cpu', subsystem=None)
Telemetry(timestamp='27.05.2023 11:35:09.530806', value='1084968.000000', node='ubuntu', metric='ram', subsystem=None)
Telemetry(timestamp='27.05.2023 11:35:09.531682', value='104.000000', node='ubuntu', metric='tx', subsystem='enp0s25')
Telemetry(timestamp='27.05.2023 11:35:09.735786', value='3495.000000', node='ubuntu', metric='rx', subsystem='enp0s25')
Telemetry(timestamp='27.05.2023 11:35:10.312125', value='68.000000', node='ubuntu', metric='tx', subsystem='enp0s25')
Telemetry(timestamp='27.05.2023 11:35:10.312809', value='25.757576', node='ubuntu', metric='cpu', subsystem=None)
Telemetry(timestamp='27.05.2023 11:35:10.212374', value='2127.000000', node='ubuntu', metric='rx', subsystem='enp0s25')
Telemetry(timestamp='27.05.2023 11:35:10.530596', value='30.729167', node='ubuntu', metric='cpu', subsystem=None)
Telemetry(timestamp='27.05.2023 11:35:10.530619', value='0.150000', node='ubuntu', metric='load1', subsystem=None)
Telemetry(timestamp='27.05.2023 11:35:10.530760', value='1087652.000000', node='ubuntu', metric='ram', subsystem=None)
Telemetry(timestamp='27.05.2023 11:35:10.531627', value='19.000000', node='ubuntu', metric='tx', subsystem='enp0s25')
Telemetry(timestamp='27.05.2023 11:35:10.704529', value='0.090000', node='ubuntu', metric='load5', subsystem=None)
Telemetry(timestamp='27.05.2023 11:35:10.736609', value='478.000000', node='ubuntu', metric='rx', subsystem='enp0s25')
Telemetry(timestamp='27.05.2023 11:35:11.305233', value='61.000000', node='ubuntu', metric='tx', subsystem='enp0s25')
Telemetry(timestamp='27.05.2023 11:35:11.310149', value='2.604167', node='ubuntu', metric='cpu', subsystem=None)
Telemetry(timestamp='27.05.2023 11:35:11.224063', value='1633.000000', node='ubuntu', metric='rx', subsystem='enp0s25')
Telemetry(timestamp='27.05.2023 11:35:11.530539', value='1087760.000000', node='ubuntu', metric='ram', subsystem=None)
Telemetry(timestamp='27.05.2023 11:35:11.530965', value='4.123711', node='ubuntu', metric='cpu', subsystem=None)
Telemetry(timestamp='27.05.2023 11:35:11.531855', value='102.000000', node='ubuntu', metric='tx', subsystem='enp0s25')
Telemetry(timestamp='27.05.2023 11:35:11.782218', value='3589.000000', node='ubuntu', metric='rx', subsystem='enp0s25')
Telemetry(timestamp='27.05.2023 11:35:12.304209', value='18.974359', node='ubuntu', metric='cpu', subsystem=None)
Telemetry(timestamp='27.05.2023 11:35:12.318462', value='68.000000', node='ubuntu', metric='tx', subsystem='enp0s25')
Telemetry(timestamp='27.05.2023 11:35:12.165950', value='2832.000000', node='ubuntu', metric='rx', subsystem='enp0s25')
Telemetry(timestamp='27.05.2023 11:35:12.530561', value='1073296.000000', node='ubuntu', metric='ram', subsystem=None)
Telemetry(timestamp='27.05.2023 11:35:12.530616', value='28.865979', node='ubuntu', metric='cpu', subsystem=None)
Telemetry(timestamp='27.05.2023 11:35:12.532318', value='26.000000', node='ubuntu', metric='tx', subsystem='enp0s25')
Telemetry(timestamp='27.05.2023 11:35:12.628502', value='807.000000', node='ubuntu', metric='rx', subsystem='enp0s25')
Telemetry(timestamp='27.05.2023 11:35:13.308922', value='48.000000', node='ubuntu', metric='tx', subsystem='enp0s25')
Telemetry(timestamp='27.05.2023 11:35:13.314728', value='7.812500', node='ubuntu', metric='cpu', subsystem=None)
Telemetry(timestamp='27.05.2023 11:35:13.174694', value='1587.000000', node='ubuntu', metric='rx', subsystem='enp0s25')
Telemetry(timestamp='27.05.2023 11:35:13.530826', value='1086532.000000', node='ubuntu', metric='ram', subsystem=None)
Telemetry(timestamp='27.05.2023 11:35:13.531556', value='3.045685', node='ubuntu', metric='cpu', subsystem=None)
Telemetry(timestamp='27.05.2023 11:35:13.531774', value='65.000000', node='ubuntu', metric='tx', subsystem='enp0s25')
Telemetry(timestamp='27.05.2023 11:35:13.707303', value='2393.000000', node='ubuntu', metric='rx', subsystem='enp0s25')
Telemetry(timestamp='27.05.2023 11:35:14.308161', value='3.125000', node='ubuntu', metric='cpu', subsystem=None)
Telemetry(timestamp='27.05.2023 11:35:14.329667', value='74.000000', node='ubuntu', metric='tx', subsystem='enp0s25')
Telemetry(timestamp='27.05.2023 11:35:14.128924', value='2648.000000', node='ubuntu', metric='rx', subsystem='enp0s25')
Telemetry(timestamp='27.05.2023 11:35:14.530922', value='26.633166', node='ubuntu', metric='cpu', subsystem=None)
Telemetry(timestamp='27.05.2023 11:35:14.531012', value='1097636.000000', node='ubuntu', metric='ram', subsystem=None)
Telemetry(timestamp='27.05.2023 11:35:14.532497', value='61.000000', node='ubuntu', metric='tx', subsystem='enp0s25')
Telemetry(timestamp='27.05.2023 11:35:14.733790', value='2072.000000', node='ubuntu', metric='rx', subsystem='enp0s25')
Telemetry(timestamp='27.05.2023 11:35:15.320272', value='28.350515', node='ubuntu', metric='cpu', subsystem=None)
Telemetry(timestamp='27.05.2023 11:35:15.320302', value='24.000000', node='ubuntu', metric='tx', subsystem='enp0s25')
Telemetry(timestamp='27.05.2023 11:35:15.231488', value='573.000000', node='ubuntu', metric='rx', subsystem='enp0s25')
Telemetry(timestamp='27.05.2023 11:35:15.530323', value='0.380000', node='ubuntu', metric='load1', subsystem=None)
Telemetry(timestamp='27.05.2023 11:35:15.530327', value='0.140000', node='ubuntu', metric='load5', subsystem=None)
Telemetry(timestamp='27.05.2023 11:35:15.530482', value='1096096.000000', node='ubuntu', metric='ram', subsystem=None)
Telemetry(timestamp='27.05.2023 11:35:15.530699', value='2.094241', node='ubuntu', metric='cpu', subsystem=None)
Telemetry(timestamp='27.05.2023 11:35:15.531153', value='66.000000', node='ubuntu', metric='tx', subsystem='enp0s25')
Telemetry(timestamp='27.05.2023 11:35:15.704588', value='2313.000000', node='ubuntu', metric='rx', subsystem='enp0s25')
Telemetry(timestamp='27.05.2023 11:35:16.316181', value='99.000000', node='ubuntu', metric='tx', subsystem='enp0s25')
Telemetry(timestamp='27.05.2023 11:35:16.334875', value='3.645833', node='ubuntu', metric='cpu', subsystem=None)
Telemetry(timestamp='27.05.2023 11:35:16.247265', value='4124.000000', node='ubuntu', metric='rx', subsystem='enp0s25')
Telemetry(timestamp='27.05.2023 11:35:16.530596', value='1105224.000000', node='ubuntu', metric='ram', subsystem=None)
Telemetry(timestamp='27.05.2023 11:35:16.530761', value='30.653266', node='ubuntu', metric='cpu', subsystem=None)
Telemetry(timestamp='27.05.2023 11:35:16.532423', value='53.000000', node='ubuntu', metric='tx', subsystem='enp0s25')
Telemetry(timestamp='27.05.2023 11:35:16.671798', value='2153.000000', node='ubuntu', metric='rx', subsystem='enp0s25')
Telemetry(timestamp='27.05.2023 11:35:17.306168', value='26.562500', node='ubuntu', metric='cpu', subsystem=None)
Telemetry(timestamp='27.05.2023 11:35:17.352592', value='19.000000', node='ubuntu', metric='tx', subsystem='enp0s25')
Telemetry(timestamp='27.05.2023 11:35:17.206656', value='376.000000', node='ubuntu', metric='rx', subsystem='enp0s25')
Telemetry(timestamp='27.05.2023 11:35:17.529747', value='1088388.000000', node='ubuntu', metric='ram', subsystem=None)
Telemetry(timestamp='27.05.2023 11:35:17.530580', value='2.083333', node='ubuntu', metric='cpu', subsystem=None)
Telemetry(timestamp='27.05.2023 11:35:17.531834', value='60.000000', node='ubuntu', metric='tx', subsystem='enp0s25')
Telemetry(timestamp='27.05.2023 11:35:17.700391', value='2250.000000', node='ubuntu', metric='rx', subsystem='enp0s25')
Telemetry(timestamp='27.05.2023 11:35:18.299747', value='2.604167', node='ubuntu', metric='cpu', subsystem=None)
Telemetry(timestamp='27.05.2023 11:35:18.309828', value='94.000000', node='ubuntu', metric='tx', subsystem='enp0s25')
Telemetry(timestamp='27.05.2023 11:35:18.204190', value='3822.000000', node='ubuntu', metric='rx', subsystem='enp0s25')
Telemetry(timestamp='27.05.2023 11:35:18.530515', value='27.500000', node='ubuntu', metric='cpu', subsystem=None)
Telemetry(timestamp='27.05.2023 11:35:18.530557', value='59.000000', node='ubuntu', metric='tx', subsystem='enp0s25')
Telemetry(timestamp='27.05.2023 11:35:18.530679', value='1100780.000000', node='ubuntu', metric='ram', subsystem=None)
Telemetry(timestamp='27.05.2023 11:35:18.696420', value='2227.000000', node='ubuntu', metric='rx', subsystem='enp0s25')
Telemetry(timestamp='27.05.2023 11:35:19.313607', value='17.000000', node='ubuntu', metric='tx', subsystem='enp0s25')
Telemetry(timestamp='27.05.2023 11:35:19.314283', value='31.443299', node='ubuntu', metric='cpu', subsystem=None)
Telemetry(timestamp='27.05.2023 11:35:19.236884', value='370.000000', node='ubuntu', metric='rx', subsystem='enp0s25')
Telemetry(timestamp='27.05.2023 11:35:19.530873', value='2.590674', node='ubuntu', metric='cpu', subsystem=None)
Telemetry(timestamp='27.05.2023 11:35:19.531373', value='1091512.000000', node='ubuntu', metric='ram', subsystem=None)
Telemetry(timestamp='27.05.2023 11:35:19.532449', value='54.000000', node='ubuntu', metric='tx', subsystem='enp0s25')
Telemetry(timestamp='27.05.2023 11:35:19.745432', value='1954.000000', node='ubuntu', metric='rx', subsystem='enp0s25')
Telemetry(timestamp='27.05.2023 11:35:20.309219', value='95.000000', node='ubuntu', metric='tx', subsystem='enp0s25')
Telemetry(timestamp='27.05.2023 11:35:20.315615', value='8.247423', node='ubuntu', metric='cpu', subsystem=None)
Telemetry(timestamp='27.05.2023 11:35:20.235146', value='3983.000000', node='ubuntu', metric='rx', subsystem='enp0s25')
Telemetry(timestamp='27.05.2023 11:35:20.530656', value='0.350000', node='ubuntu', metric='load1', subsystem=None)
Telemetry(timestamp='27.05.2023 11:35:20.530658', value='0.130000', node='ubuntu', metric='load5', subsystem=None)
Telemetry(timestamp='27.05.2023 11:35:20.530679', value='1103428.000000', node='ubuntu', metric='ram', subsystem=None)
Telemetry(timestamp='27.05.2023 11:35:20.531127', value='27.363184', node='ubuntu', metric='cpu', subsystem=None)
Telemetry(timestamp='27.05.2023 11:35:20.532535', value='60.000000', node='ubuntu', metric='tx', subsystem='enp0s25')
Telemetry(timestamp='27.05.2023 11:35:20.678328', value='2517.000000', node='ubuntu', metric='rx', subsystem='enp0s25')
Telemetry(timestamp='27.05.2023 11:35:21.311869', value='31.282051', node='ubuntu', metric='cpu', subsystem=None)
Telemetry(timestamp='27.05.2023 11:35:21.324013', value='19.000000', node='ubuntu', metric='tx', subsystem='enp0s25')
Telemetry(timestamp='27.05.2023 11:35:21.185127', value='478.000000', node='ubuntu', metric='rx', subsystem='enp0s25')
Telemetry(timestamp='27.05.2023 11:35:21.530295', value='3.141361', node='ubuntu', metric='cpu', subsystem=None)
Telemetry(timestamp='27.05.2023 11:35:21.530534', value='1086144.000000', node='ubuntu', metric='ram', subsystem=None)
Telemetry(timestamp='27.05.2023 11:35:21.531438', value='52.000000', node='ubuntu', metric='tx', subsystem='enp0s25')
Telemetry(timestamp='27.05.2023 11:35:21.690895', value='1764.000000', node='ubuntu', metric='rx', subsystem='enp0s25')
Telemetry(timestamp='27.05.2023 11:35:22.304589', value='3.626943', node='ubuntu', metric='cpu', subsystem=None)
Telemetry(timestamp='27.05.2023 11:35:22.309140', value='92.000000', node='ubuntu', metric='tx', subsystem='enp0s25')
Telemetry(timestamp='27.05.2023 11:35:22.200468', value='3684.000000', node='ubuntu', metric='rx', subsystem='enp0s25')
Telemetry(timestamp='27.05.2023 11:35:22.530666', value='21.717172', node='ubuntu', metric='cpu', subsystem=None)
Telemetry(timestamp='27.05.2023 11:35:22.530744', value='1098956.000000', node='ubuntu', metric='ram', subsystem=None)
Telemetry(timestamp='27.05.2023 11:35:22.532677', value='65.000000', node='ubuntu', metric='tx', subsystem='enp0s25')
Telemetry(timestamp='27.05.2023 11:35:22.722117', value='2699.000000', node='ubuntu', metric='rx', subsystem='enp0s25')
Telemetry(timestamp='27.05.2023 11:35:23.308407', value='30.366492', node='ubuntu', metric='cpu', subsystem=None)
Telemetry(timestamp='27.05.2023 11:35:23.321060', value='23.000000', node='ubuntu', metric='tx', subsystem='enp0s25')
Telemetry(timestamp='27.05.2023 11:35:23.134158', value='715.000000', node='ubuntu', metric='rx', subsystem='enp0s25')
Telemetry(timestamp='27.05.2023 11:35:23.531954', value='4.081633', node='ubuntu', metric='cpu', subsystem=None)
Telemetry(timestamp='27.05.2023 11:35:23.532129', value='49.000000', node='ubuntu', metric='tx', subsystem='enp0s25')
Telemetry(timestamp='27.05.2023 11:35:23.533204', value='1087416.000000', node='ubuntu', metric='ram', subsystem=None)
Telemetry(timestamp='27.05.2023 11:35:23.717060', value='1798.000000', node='ubuntu', metric='rx', subsystem='enp0s25')
Telemetry(timestamp='27.05.2023 11:35:24.312568', value='92.000000', node='ubuntu', metric='tx', subsystem='enp0s25')
Telemetry(timestamp='27.05.2023 11:35:24.313059', value='4.615385', node='ubuntu', metric='cpu', subsystem=None)
Telemetry(timestamp='27.05.2023 11:35:24.245337', value='3829.000000', node='ubuntu', metric='rx', subsystem='enp0s25')
Telemetry(timestamp='27.05.2023 11:35:24.530670', value='1097988.000000', node='ubuntu', metric='ram', subsystem=None)
Telemetry(timestamp='27.05.2023 11:35:24.530706', value='24.747475', node='ubuntu', metric='cpu', subsystem=None)
Telemetry(timestamp='27.05.2023 11:35:24.533612', value='66.000000', node='ubuntu', metric='tx', subsystem='enp0s25')
Telemetry(timestamp='27.05.2023 11:35:24.765966', value='2664.000000', node='ubuntu', metric='rx', subsystem='enp0s25')
Telemetry(timestamp='27.05.2023 11:35:25.306938', value='31.606218', node='ubuntu', metric='cpu', subsystem=None)
Telemetry(timestamp='27.05.2023 11:35:25.323451', value='23.000000', node='ubuntu', metric='tx', subsystem='enp0s25')
Telemetry(timestamp='27.05.2023 11:35:25.177877', value='638.000000', node='ubuntu', metric='rx', subsystem='enp0s25')
Telemetry(timestamp='27.05.2023 11:35:25.530006', value='0.400000', node='ubuntu', metric='load1', subsystem=None)
Telemetry(timestamp='27.05.2023 11:35:25.530009', value='0.150000', node='ubuntu', metric='load5', subsystem=None)
Telemetry(timestamp='27.05.2023 11:35:25.530410', value='1089148.000000', node='ubuntu', metric='ram', subsystem=None)
Telemetry(timestamp='27.05.2023 11:35:25.530905', value='4.639175', node='ubuntu', metric='cpu', subsystem=None)
Telemetry(timestamp='27.05.2023 11:35:25.531419', value='56.000000', node='ubuntu', metric='tx', subsystem='enp0s25')
Telemetry(timestamp='27.05.2023 11:35:25.695559', value='1878.000000', node='ubuntu', metric='rx', subsystem='enp0s25')
Telemetry(timestamp='27.05.2023 11:35:26.303397', value='4.145078', node='ubuntu', metric='cpu', subsystem=None)
Telemetry(timestamp='27.05.2023 11:35:26.314155', value='98.000000', node='ubuntu', metric='tx', subsystem='enp0s25')
Telemetry(timestamp='27.05.2023 11:35:26.202087', value='3924.000000', node='ubuntu', metric='rx', subsystem='enp0s25')
Telemetry(timestamp='27.05.2023 11:35:26.530341', value='24.873096', node='ubuntu', metric='cpu', subsystem=None)
Telemetry(timestamp='27.05.2023 11:35:26.530416', value='1101064.000000', node='ubuntu', metric='ram', subsystem=None)
Telemetry(timestamp='27.05.2023 11:35:26.531249', value='62.000000', node='ubuntu', metric='tx', subsystem='enp0s25')
Telemetry(timestamp='27.05.2023 11:35:26.737556', value='2588.000000', node='ubuntu', metric='rx', subsystem='enp0s25')
Telemetry(timestamp='27.05.2023 11:35:27.305561', value='31.818182', node='ubuntu', metric='cpu', subsystem=None)
Telemetry(timestamp='27.05.2023 11:35:27.317463', value='20.000000', node='ubuntu', metric='tx', subsystem='enp0s25')
Telemetry(timestamp='27.05.2023 11:35:27.220078', value='542.000000', node='ubuntu', metric='rx', subsystem='enp0s25')
Telemetry(timestamp='27.05.2023 11:35:27.530397', value='1088196.000000', node='ubuntu', metric='ram', subsystem=None)
Telemetry(timestamp='27.05.2023 11:35:27.530540', value='6.735751', node='ubuntu', metric='cpu', subsystem=None)
Telemetry(timestamp='27.05.2023 11:35:27.531177', value='52.000000', node='ubuntu', metric='tx', subsystem='enp0s25')
Telemetry(timestamp='27.05.2023 11:35:27.730585', value='1934.000000', node='ubuntu', metric='rx', subsystem='enp0s25')
Telemetry(timestamp='27.05.2023 11:35:28.312058', value='97.000000', node='ubuntu', metric='tx', subsystem='enp0s25')
Telemetry(timestamp='27.05.2023 11:35:28.313607', value='4.615385', node='ubuntu', metric='cpu', subsystem=None)
Telemetry(timestamp='27.05.2023 11:35:28.226702', value='3979.000000', node='ubuntu', metric='rx', subsystem='enp0s25')
Telemetry(timestamp='27.05.2023 11:35:28.531016', value='1098288.000000', node='ubuntu', metric='ram', subsystem=None)
Telemetry(timestamp='27.05.2023 11:35:28.531321', value='23.469388', node='ubuntu', metric='cpu', subsystem=None)
Telemetry(timestamp='27.05.2023 11:35:28.532530', value='63.000000', node='ubuntu', metric='tx', subsystem='enp0s25')
Telemetry(timestamp='27.05.2023 11:35:28.763288', value='2530.000000', node='ubuntu', metric='rx', subsystem='enp0s25')
Telemetry(timestamp='27.05.2023 11:35:29.311502', value='32.142857', node='ubuntu', metric='cpu', subsystem=None)
Telemetry(timestamp='27.05.2023 11:35:29.323519', value='20.000000', node='ubuntu', metric='tx', subsystem='enp0s25')
Telemetry(timestamp='27.05.2023 11:35:29.172271', value='548.000000', node='ubuntu', metric='rx', subsystem='enp0s25')
Telemetry(timestamp='27.05.2023 11:35:29.530676', value='2.604167', node='ubuntu', metric='cpu', subsystem=None)
Telemetry(timestamp='27.05.2023 11:35:29.531165', value='1084704.000000', node='ubuntu', metric='ram', subsystem=None)
Telemetry(timestamp='27.05.2023 11:35:29.532110', value='54.000000', node='ubuntu', metric='tx', subsystem='enp0s25')
Telemetry(timestamp='27.05.2023 11:35:29.680755', value='2021.000000', node='ubuntu', metric='rx', subsystem='enp0s25')
Telemetry(timestamp='27.05.2023 11:35:30.310291', value='97.000000', node='ubuntu', metric='tx', subsystem='enp0s25')
Telemetry(timestamp='27.05.2023 11:35:30.315241', value='6.250000', node='ubuntu', metric='cpu', subsystem=None)
Telemetry(timestamp='27.05.2023 11:35:30.168612', value='4034.000000', node='ubuntu', metric='rx', subsystem='enp0s25')
Telemetry(timestamp='27.05.2023 11:35:30.529927', value='0.370000', node='ubuntu', metric='load1', subsystem=None)
Telemetry(timestamp='27.05.2023 11:35:30.529928', value='0.140000', node='ubuntu', metric='load5', subsystem=None)
Telemetry(timestamp='27.05.2023 11:35:30.529979', value='1097544.000000', node='ubuntu', metric='ram', subsystem=None)
Telemetry(timestamp='27.05.2023 11:35:30.532228', value='24.242424', node='ubuntu', metric='cpu', subsystem=None)
Telemetry(timestamp='27.05.2023 11:35:30.532516', value='61.000000', node='ubuntu', metric='tx', subsystem='enp0s25')
Telemetry(timestamp='27.05.2023 11:35:30.709513', value='2444.000000', node='ubuntu', metric='rx', subsystem='enp0s25')
Telemetry(timestamp='27.05.2023 11:35:31.301699', value='30.569948', node='ubuntu', metric='cpu', subsystem=None)
Telemetry(timestamp='27.05.2023 11:35:31.329359', value='21.000000', node='ubuntu', metric='tx', subsystem='enp0s25')
Telemetry(timestamp='27.05.2023 11:35:31.214119', value='519.000000', node='ubuntu', metric='rx', subsystem='enp0s25')
Telemetry(timestamp='27.05.2023 11:35:31.530610', value='1.546392', node='ubuntu', metric='cpu', subsystem=None)
Telemetry(timestamp='27.05.2023 11:35:31.530720', value='1084212.000000', node='ubuntu', metric='ram', subsystem=None)
Telemetry(timestamp='27.05.2023 11:35:31.530770', value='73.000000', node='ubuntu', metric='tx', subsystem='enp0s25')
Telemetry(timestamp='27.05.2023 11:35:31.714549', value='1701.000000', node='ubuntu', metric='rx', subsystem='enp0s25')
Telemetry(timestamp='27.05.2023 11:35:32.308238', value='106.000000', node='ubuntu', metric='tx', subsystem='enp0s25')
Telemetry(timestamp='27.05.2023 11:35:32.312245', value='3.108808', node='ubuntu', metric='cpu', subsystem=None)
Telemetry(timestamp='27.05.2023 11:35:32.232884', value='3331.000000', node='ubuntu', metric='rx', subsystem='enp0s25')
Telemetry(timestamp='27.05.2023 11:35:32.530159', value='1096576.000000', node='ubuntu', metric='ram', subsystem=None)
Telemetry(timestamp='27.05.2023 11:35:32.530203', value='17.435897', node='ubuntu', metric='cpu', subsystem=None)
Telemetry(timestamp='27.05.2023 11:35:32.532151', value='68.000000', node='ubuntu', metric='tx', subsystem='enp0s25')
Telemetry(timestamp='27.05.2023 11:35:32.768025', value='2761.000000', node='ubuntu', metric='rx', subsystem='enp0s25')
Telemetry(timestamp='27.05.2023 11:35:33.306195', value='26.130653', node='ubuntu', metric='cpu', subsystem=None)
Telemetry(timestamp='27.05.2023 11:35:33.322900', value='30.000000', node='ubuntu', metric='tx', subsystem='enp0s25')
Telemetry(timestamp='27.05.2023 11:35:33.177155', value='994.000000', node='ubuntu', metric='rx', subsystem='enp0s25')
Telemetry(timestamp='27.05.2023 11:35:33.530075', value='1085760.000000', node='ubuntu', metric='ram', subsystem=None)
Telemetry(timestamp='27.05.2023 11:35:33.530851', value='42.000000', node='ubuntu', metric='tx', subsystem='enp0s25')
Telemetry(timestamp='27.05.2023 11:35:33.531220', value='13.756614', node='ubuntu', metric='cpu', subsystem=None)
Telemetry(timestamp='27.05.2023 11:35:33.657928', value='1405.000000', node='ubuntu', metric='rx', subsystem='enp0s25')
Telemetry(timestamp='27.05.2023 11:35:34.304621', value='2.617801', node='ubuntu', metric='cpu', subsystem=None)
Telemetry(timestamp='27.05.2023 11:35:34.313565', value='85.000000', node='ubuntu', metric='tx', subsystem='enp0s25')
Telemetry(timestamp='27.05.2023 11:35:34.179666', value='3451.000000', node='ubuntu', metric='rx', subsystem='enp0s25')
Telemetry(timestamp='27.05.2023 11:35:34.530219', value='21.212121', node='ubuntu', metric='cpu', subsystem=None)
Telemetry(timestamp='27.05.2023 11:35:34.530631', value='1097900.000000', node='ubuntu', metric='ram', subsystem=None)
Telemetry(timestamp='27.05.2023 11:35:34.532073', value='72.000000', node='ubuntu', metric='tx', subsystem='enp0s25')
Telemetry(timestamp='27.05.2023 11:35:34.617874', value='3059.000000', node='ubuntu', metric='rx', subsystem='enp0s25')
Telemetry(timestamp='27.05.2023 11:35:35.313231', value='29.000000', node='ubuntu', metric='tx', subsystem='enp0s25')
Telemetry(timestamp='27.05.2023 11:35:35.313753', value='27.135678', node='ubuntu', metric='cpu', subsystem=None)
Telemetry(timestamp='27.05.2023 11:35:35.187511', value='1017.000000', node='ubuntu', metric='rx', subsystem='enp0s25')
Telemetry(timestamp='27.05.2023 11:35:35.530056', value='0.420000', node='ubuntu', metric='load1', subsystem=None)
Telemetry(timestamp='27.05.2023 11:35:35.530060', value='0.160000', node='ubuntu', metric='load5', subsystem=None)
Telemetry(timestamp='27.05.2023 11:35:35.530144', value='14.210526', node='ubuntu', metric='cpu', subsystem=None)
Telemetry(timestamp='27.05.2023 11:35:35.530406', value='1093920.000000', node='ubuntu', metric='ram', subsystem=None)
Telemetry(timestamp='27.05.2023 11:35:35.531615', value='39.000000', node='ubuntu', metric='tx', subsystem='enp0s25')
Telemetry(timestamp='27.05.2023 11:35:35.722964', value='1303.000000', node='ubuntu', metric='rx', subsystem='enp0s25')
Telemetry(timestamp='27.05.2023 11:35:36.306391', value='83.000000', node='ubuntu', metric='tx', subsystem='enp0s25')
Telemetry(timestamp='27.05.2023 11:35:36.309838', value='4.591837', node='ubuntu', metric='cpu', subsystem=None)
Telemetry(timestamp='27.05.2023 11:35:36.207628', value='3245.000000', node='ubuntu', metric='rx', subsystem='enp0s25')
Telemetry(timestamp='27.05.2023 11:35:36.530336', value='1106284.000000', node='ubuntu', metric='ram', subsystem=None)
Telemetry(timestamp='27.05.2023 11:35:36.530468', value='16.243655', node='ubuntu', metric='cpu', subsystem=None)
Telemetry(timestamp='27.05.2023 11:35:36.532245', value='78.000000', node='ubuntu', metric='tx', subsystem='enp0s25')
Telemetry(timestamp='27.05.2023 11:35:36.654886', value='3162.000000', node='ubuntu', metric='rx', subsystem='enp0s25')
Telemetry(timestamp='27.05.2023 11:35:37.302902', value='25.380711', node='ubuntu', metric='cpu', subsystem=None)
Telemetry(timestamp='27.05.2023 11:35:37.316803', value='34.000000', node='ubuntu', metric='tx', subsystem='enp0s25')
Telemetry(timestamp='27.05.2023 11:35:37.260271', value='1216.000000', node='ubuntu', metric='rx', subsystem='enp0s25')
Telemetry(timestamp='27.05.2023 11:35:37.529920', value='1085412.000000', node='ubuntu', metric='ram', subsystem=None)
Telemetry(timestamp='27.05.2023 11:35:37.530077', value='16.230366', node='ubuntu', metric='cpu', subsystem=None)
Telemetry(timestamp='27.05.2023 11:35:37.531061', value='41.000000', node='ubuntu', metric='tx', subsystem='enp0s25')
Telemetry(timestamp='27.05.2023 11:35:37.655564', value='1280.000000', node='ubuntu', metric='rx', subsystem='enp0s25')
Telemetry(timestamp='27.05.2023 11:35:38.308549', value='3.608247', node='ubuntu', metric='cpu', subsystem=None)
Telemetry(timestamp='27.05.2023 11:35:38.309635', value='82.000000', node='ubuntu', metric='tx', subsystem='enp0s25')
Telemetry(timestamp='27.05.2023 11:35:38.148554', value='3176.000000', node='ubuntu', metric='rx', subsystem='enp0s25')
Telemetry(timestamp='27.05.2023 11:35:38.530738', value='1098000.000000', node='ubuntu', metric='ram', subsystem=None)
Telemetry(timestamp='27.05.2023 11:35:38.531500', value='76.000000', node='ubuntu', metric='tx', subsystem='enp0s25')
Telemetry(timestamp='27.05.2023 11:35:38.531980', value='14.507772', node='ubuntu', metric='cpu', subsystem=None)
Telemetry(timestamp='27.05.2023 11:35:38.770953', value='3188.000000', node='ubuntu', metric='rx', subsystem='enp0s25')
Telemetry(timestamp='27.05.2023 11:35:39.312579', value='25.500000', node='ubuntu', metric='cpu', subsystem=None)
Telemetry(timestamp='27.05.2023 11:35:39.324434', value='35.000000', node='ubuntu', metric='tx', subsystem='enp0s25')
Telemetry(timestamp='27.05.2023 11:35:39.204845', value='1289.000000', node='ubuntu', metric='rx', subsystem='enp0s25')
Telemetry(timestamp='27.05.2023 11:35:39.530107', value='17.204301', node='ubuntu', metric='cpu', subsystem=None)
Telemetry(timestamp='27.05.2023 11:35:39.530795', value='1086208.000000', node='ubuntu', metric='ram', subsystem=None)
Telemetry(timestamp='27.05.2023 11:35:39.532634', value='38.000000', node='ubuntu', metric='tx', subsystem='enp0s25')
Telemetry(timestamp='27.05.2023 11:35:39.715824', value='951.000000', node='ubuntu', metric='rx', subsystem='enp0s25')
Telemetry(timestamp='27.05.2023 11:35:40.308265', value='83.000000', node='ubuntu', metric='tx', subsystem='enp0s25')
Telemetry(timestamp='27.05.2023 11:35:40.312601', value='6.282723', node='ubuntu', metric='cpu', subsystem=None)
Telemetry(timestamp='27.05.2023 11:35:40.204998', value='2757.000000', node='ubuntu', metric='rx', subsystem='enp0s25')
Telemetry(timestamp='27.05.2023 11:35:40.529841', value='0.380000', node='ubuntu', metric='load1', subsystem=None)
Telemetry(timestamp='27.05.2023 11:35:40.529843', value='0.160000', node='ubuntu', metric='load5', subsystem=None)
Telemetry(timestamp='27.05.2023 11:35:40.530431', value='1087944.000000', node='ubuntu', metric='ram', subsystem=None)
Telemetry(timestamp='27.05.2023 11:35:40.530934', value='88.000000', node='ubuntu', metric='tx', subsystem='enp0s25')
Telemetry(timestamp='27.05.2023 11:35:40.532109', value='8.629442', node='ubuntu', metric='cpu', subsystem=None)
Telemetry(timestamp='27.05.2023 11:35:40.740119', value='3518.000000', node='ubuntu', metric='rx', subsystem='enp0s25')
Telemetry(timestamp='27.05.2023 11:35:41.298983', value='28.643216', node='ubuntu', metric='cpu', subsystem=None)
Telemetry(timestamp='27.05.2023 11:35:41.325300', value='43.000000', node='ubuntu', metric='tx', subsystem='enp0s25')
Telemetry(timestamp='27.05.2023 11:35:41.248951', value='1706.000000', node='ubuntu', metric='rx', subsystem='enp0s25')
Telemetry(timestamp='27.05.2023 11:35:41.530098', value='1088860.000000', node='ubuntu', metric='ram', subsystem=None)
Telemetry(timestamp='27.05.2023 11:35:41.530126', value='21.243523', node='ubuntu', metric='cpu', subsystem=None)
Telemetry(timestamp='27.05.2023 11:35:41.530600', value='31.000000', node='ubuntu', metric='tx', subsystem='enp0s25')
Telemetry(timestamp='27.05.2023 11:35:41.746528', value='827.000000', node='ubuntu', metric='rx', subsystem='enp0s25')
Telemetry(timestamp='27.05.2023 11:35:42.307903', value='78.000000', node='ubuntu', metric='tx', subsystem='enp0s25')
Telemetry(timestamp='27.05.2023 11:35:42.312453', value='4.145078', node='ubuntu', metric='cpu', subsystem=None)
Telemetry(timestamp='27.05.2023 11:35:42.146183', value='2892.000000', node='ubuntu', metric='rx', subsystem='enp0s25')
Telemetry(timestamp='27.05.2023 11:35:42.530668', value='1089616.000000', node='ubuntu', metric='ram', subsystem=None)
Telemetry(timestamp='27.05.2023 11:35:42.531705', value='104.000000', node='ubuntu', metric='tx', subsystem='enp0s25')
Telemetry(timestamp='27.05.2023 11:35:42.532273', value='4.615385', node='ubuntu', metric='cpu', subsystem=None)
Telemetry(timestamp='27.05.2023 11:35:42.670266', value='3634.000000', node='ubuntu', metric='rx', subsystem='enp0s25')
Telemetry(timestamp='27.05.2023 11:35:43.307111', value='29.797980', node='ubuntu', metric='cpu', subsystem=None)
Telemetry(timestamp='27.05.2023 11:35:43.322120', value='57.000000', node='ubuntu', metric='tx', subsystem='enp0s25')
Telemetry(timestamp='27.05.2023 11:35:43.182327', value='1573.000000', node='ubuntu', metric='rx', subsystem='enp0s25')
Telemetry(timestamp='27.05.2023 11:35:43.530316', value='1091964.000000', node='ubuntu', metric='ram', subsystem=None)
Telemetry(timestamp='27.05.2023 11:35:43.531049', value='27.979275', node='ubuntu', metric='cpu', subsystem=None)
Telemetry(timestamp='27.05.2023 11:35:43.532378', value='22.000000', node='ubuntu', metric='tx', subsystem='enp0s25')
Telemetry(timestamp='27.05.2023 11:35:43.726114', value='435.000000', node='ubuntu', metric='rx', subsystem='enp0s25')
Telemetry(timestamp='27.05.2023 11:35:44.305790', value='3.092784', node='ubuntu', metric='cpu', subsystem=None)
Telemetry(timestamp='27.05.2023 11:35:44.315110', value='69.000000', node='ubuntu', metric='tx', subsystem='enp0s25')
Telemetry(timestamp='27.05.2023 11:35:44.213198', value='2303.000000', node='ubuntu', metric='rx', subsystem='enp0s25')
Telemetry(timestamp='27.05.2023 11:35:44.530223', value='1092184.000000', node='ubuntu', metric='ram', subsystem=None)
Telemetry(timestamp='27.05.2023 11:35:44.530919', value='98.000000', node='ubuntu', metric='tx', subsystem='enp0s25')
Telemetry(timestamp='27.05.2023 11:35:44.531020', value='3.125000', node='ubuntu', metric='cpu', subsystem=None)
Telemetry(timestamp='27.05.2023 11:35:44.724912', value='3892.000000', node='ubuntu', metric='rx', subsystem='enp0s25')
Telemetry(timestamp='27.05.2023 11:35:45.302223', value='30.500000', node='ubuntu', metric='cpu', subsystem=None)
Telemetry(timestamp='27.05.2023 11:35:45.325177', value='55.000000', node='ubuntu', metric='tx', subsystem='enp0s25')
Telemetry(timestamp='27.05.2023 11:35:45.183920', value='2162.000000', node='ubuntu', metric='rx', subsystem='enp0s25')
Telemetry(timestamp='27.05.2023 11:35:45.529804', value='0.510000', node='ubuntu', metric='load1', subsystem=None)
Telemetry(timestamp='27.05.2023 11:35:45.529806', value='0.190000', node='ubuntu', metric='load5', subsystem=None)
Telemetry(timestamp='27.05.2023 11:35:45.530016', value='1095284.000000', node='ubuntu', metric='ram', subsystem=None)
Telemetry(timestamp='27.05.2023 11:35:45.530249', value='28.125000', node='ubuntu', metric='cpu', subsystem=None)
Telemetry(timestamp='27.05.2023 11:35:45.531368', value='20.000000', node='ubuntu', metric='tx', subsystem='enp0s25')
Telemetry(timestamp='27.05.2023 11:35:45.788466', value='430.000000', node='ubuntu', metric='rx', subsystem='enp0s25')
Telemetry(timestamp='27.05.2023 11:35:46.310287', value='3.108808', node='ubuntu', metric='cpu', subsystem=None)
Telemetry(timestamp='27.05.2023 11:35:46.312198', value='62.000000', node='ubuntu', metric='tx', subsystem='enp0s25')
Telemetry(timestamp='27.05.2023 11:35:46.246063', value='2229.000000', node='ubuntu', metric='rx', subsystem='enp0s25')
Telemetry(timestamp='27.05.2023 11:35:46.530839', value='97.000000', node='ubuntu', metric='tx', subsystem='enp0s25')
Telemetry(timestamp='27.05.2023 11:35:46.531242', value='1095284.000000', node='ubuntu', metric='ram', subsystem=None)
Telemetry(timestamp='27.05.2023 11:35:46.531610', value='2.094241', node='ubuntu', metric='cpu', subsystem=None)
Telemetry(timestamp='27.05.2023 11:35:46.651942', value='4101.000000', node='ubuntu', metric='rx', subsystem='enp0s25')
Telemetry(timestamp='27.05.2023 11:35:47.318161', value='27.411168', node='ubuntu', metric='cpu', subsystem=None)
Telemetry(timestamp='27.05.2023 11:35:47.329605', value='53.000000', node='ubuntu', metric='tx', subsystem='enp0s25')
Telemetry(timestamp='27.05.2023 11:35:47.186121', value='2231.000000', node='ubuntu', metric='rx', subsystem='enp0s25')
Telemetry(timestamp='27.05.2023 11:35:47.530778', value='27.835052', node='ubuntu', metric='cpu', subsystem=None)
Telemetry(timestamp='27.05.2023 11:35:47.530865', value='1095508.000000', node='ubuntu', metric='ram', subsystem=None)
Telemetry(timestamp='27.05.2023 11:35:47.532385', value='25.000000', node='ubuntu', metric='tx', subsystem='enp0s25')
Telemetry(timestamp='27.05.2023 11:35:47.566423', value='557.000000', node='ubuntu', metric='rx', subsystem='enp0s25')
Telemetry(timestamp='27.05.2023 11:35:48.309079', value='3.108808', node='ubuntu', metric='cpu', subsystem=None)
Telemetry(timestamp='27.05.2023 11:35:48.312219', value='70.000000', node='ubuntu', metric='tx', subsystem='enp0s25')
Telemetry(timestamp='27.05.2023 11:35:48.948337', value='2436.000000', node='ubuntu', metric='rx', subsystem='enp0s25')
Telemetry(timestamp='27.05.2023 11:35:48.530846', value='4.123711', node='ubuntu', metric='cpu', subsystem=None)
Telemetry(timestamp='27.05.2023 11:35:48.531043', value='1095508.000000', node='ubuntu', metric='ram', subsystem=None)
Telemetry(timestamp='27.05.2023 11:35:48.531649', value='97.000000', node='ubuntu', metric='tx', subsystem='enp0s25')
Telemetry(timestamp='27.05.2023 11:35:48.719788', value='3940.000000', node='ubuntu', metric='rx', subsystem='enp0s25')
Telemetry(timestamp='27.05.2023 11:35:49.313395', value='28.855721', node='ubuntu', metric='cpu', subsystem=None)
Telemetry(timestamp='27.05.2023 11:35:49.325680', value='51.000000', node='ubuntu', metric='tx', subsystem='enp0s25')
Telemetry(timestamp='27.05.2023 11:35:49.146705', value='2028.000000', node='ubuntu', metric='rx', subsystem='enp0s25')
Telemetry(timestamp='27.05.2023 11:35:49.530450', value='25.130890', node='ubuntu', metric='cpu', subsystem=None)
Telemetry(timestamp='27.05.2023 11:35:49.530581', value='1091316.000000', node='ubuntu', metric='ram', subsystem=None)
Telemetry(timestamp='27.05.2023 11:35:49.532406', value='21.000000', node='ubuntu', metric='tx', subsystem='enp0s25')
Telemetry(timestamp='27.05.2023 11:35:49.570446', value='472.000000', node='ubuntu', metric='rx', subsystem='enp0s25')
Telemetry(timestamp='27.05.2023 11:35:50.307383', value='61.000000', node='ubuntu', metric='tx', subsystem='enp0s25')
Telemetry(timestamp='27.05.2023 11:35:50.308828', value='5.699482', node='ubuntu', metric='cpu', subsystem=None)
Telemetry(timestamp='27.05.2023 11:35:50.357683', value='2293.000000', node='ubuntu', metric='rx', subsystem='enp0s25')
Telemetry(timestamp='27.05.2023 11:35:50.529866', value='0.470000', node='ubuntu', metric='load1', subsystem=None)
Telemetry(timestamp='27.05.2023 11:35:50.529870', value='0.180000', node='ubuntu', metric='load5', subsystem=None)
Telemetry(timestamp='27.05.2023 11:35:50.530329', value='1091540.000000', node='ubuntu', metric='ram', subsystem=None)
Telemetry(timestamp='27.05.2023 11:35:50.531069', value='2.604167', node='ubuntu', metric='cpu', subsystem=None)
Telemetry(timestamp='27.05.2023 11:35:50.531333', value='95.000000', node='ubuntu', metric='tx', subsystem='enp0s25')
Telemetry(timestamp='27.05.2023 11:35:50.563365', value='3967.000000', node='ubuntu', metric='rx', subsystem='enp0s25')
Telemetry(timestamp='27.05.2023 11:35:51.304939', value='29.353234', node='ubuntu', metric='cpu', subsystem=None)
Telemetry(timestamp='27.05.2023 11:35:51.321278', value='55.000000', node='ubuntu', metric='tx', subsystem='enp0s25')
Telemetry(timestamp='27.05.2023 11:35:51.178224', value='2166.000000', node='ubuntu', metric='rx', subsystem='enp0s25')
Telemetry(timestamp='27.05.2023 11:35:51.530574', value='1094076.000000', node='ubuntu', metric='ram', subsystem=None)
Telemetry(timestamp='27.05.2023 11:35:51.531291', value='25.641026', node='ubuntu', metric='cpu', subsystem=None)
Telemetry(timestamp='27.05.2023 11:35:51.531419', value='26.000000', node='ubuntu', metric='tx', subsystem='enp0s25')
Telemetry(timestamp='27.05.2023 11:35:51.597608', value='538.000000', node='ubuntu', metric='rx', subsystem='enp0s25')
Telemetry(timestamp='27.05.2023 11:35:52.307175', value='2.577320', node='ubuntu', metric='cpu', subsystem=None)
Telemetry(timestamp='27.05.2023 11:35:52.311619', value='75.000000', node='ubuntu', metric='tx', subsystem='enp0s25')
Telemetry(timestamp='27.05.2023 11:35:52.586297', value='1751.000000', node='ubuntu', metric='rx', subsystem='enp0s25')
Telemetry(timestamp='27.05.2023 11:35:52.530641', value='1094552.000000', node='ubuntu', metric='ram', subsystem=None)
Telemetry(timestamp='27.05.2023 11:35:52.531641', value='101.000000', node='ubuntu', metric='tx', subsystem='enp0s25')
Telemetry(timestamp='27.05.2023 11:35:52.531983', value='3.108808', node='ubuntu', metric='cpu', subsystem=None)
Telemetry(timestamp='27.05.2023 11:35:52.613336', value='3240.000000', node='ubuntu', metric='rx', subsystem='enp0s25')
Telemetry(timestamp='27.05.2023 11:35:53.324703', value='66.000000', node='ubuntu', metric='tx', subsystem='enp0s25')
Telemetry(timestamp='27.05.2023 11:35:53.324889', value='19.897959', node='ubuntu', metric='cpu', subsystem=None)
Telemetry(timestamp='27.05.2023 11:35:53.600497', value='2714.000000', node='ubuntu', metric='rx', subsystem='enp0s25')
Telemetry(timestamp='27.05.2023 11:35:53.530801', value='1083532.000000', node='ubuntu', metric='ram', subsystem=None)
Telemetry(timestamp='27.05.2023 11:35:53.532241', value='25.000000', node='ubuntu', metric='tx', subsystem='enp0s25')
Telemetry(timestamp='27.05.2023 11:35:53.532556', value='27.979275', node='ubuntu', metric='cpu', subsystem=None)
Telemetry(timestamp='27.05.2023 11:35:53.630462', value='771.000000', node='ubuntu', metric='rx', subsystem='enp0s25')
Telemetry(timestamp='27.05.2023 11:35:54.307249', value='51.000000', node='ubuntu', metric='tx', subsystem='enp0s25')
Telemetry(timestamp='27.05.2023 11:35:54.308712', value='10.256410', node='ubuntu', metric='cpu', subsystem=None)
Telemetry(timestamp='27.05.2023 11:35:54.237844', value='1718.000000', node='ubuntu', metric='rx', subsystem='enp0s25')
Telemetry(timestamp='27.05.2023 11:35:54.530740', value='1094912.000000', node='ubuntu', metric='ram', subsystem=None)
Telemetry(timestamp='27.05.2023 11:35:54.530957', value='2.617801', node='ubuntu', metric='cpu', subsystem=None)
Telemetry(timestamp='27.05.2023 11:35:54.532984', value='94.000000', node='ubuntu', metric='tx', subsystem='enp0s25')
Telemetry(timestamp='27.05.2023 11:35:54.771630', value='3887.000000', node='ubuntu', metric='rx', subsystem='enp0s25')
Telemetry(timestamp='27.05.2023 11:35:55.309858', value='24.747475', node='ubuntu', metric='cpu', subsystem=None)
Telemetry(timestamp='27.05.2023 11:35:55.322090', value='64.000000', node='ubuntu', metric='tx', subsystem='enp0s25')
Telemetry(timestamp='27.05.2023 11:35:55.180736', value='2748.000000', node='ubuntu', metric='rx', subsystem='enp0s25')
Telemetry(timestamp='27.05.2023 11:35:55.530456', value='1081992.000000', node='ubuntu', metric='ram', subsystem=None)
Telemetry(timestamp='27.05.2023 11:35:55.530543', value='0.510000', node='ubuntu', metric='load1', subsystem=None)
Telemetry(timestamp='27.05.2023 11:35:55.531540', value='31.282051', node='ubuntu', metric='cpu', subsystem=None)
Telemetry(timestamp='27.05.2023 11:35:55.532727', value='23.000000', node='ubuntu', metric='tx', subsystem='enp0s25')
Telemetry(timestamp='27.05.2023 11:35:55.558890', value='0.200000', node='ubuntu', metric='load5', subsystem=None)
Telemetry(timestamp='27.05.2023 11:35:55.598381', value='610.000000', node='ubuntu', metric='rx', subsystem='enp0s25')
Telemetry(timestamp='27.05.2023 11:35:56.306615', value='4.639175', node='ubuntu', metric='cpu', subsystem=None)
Telemetry(timestamp='27.05.2023 11:35:56.314343', value='52.000000', node='ubuntu', metric='tx', subsystem='enp0s25')
Telemetry(timestamp='27.05.2023 11:35:56.205477', value='1932.000000', node='ubuntu', metric='rx', subsystem='enp0s25')
Telemetry(timestamp='27.05.2023 11:35:56.530622', value='3.108808', node='ubuntu', metric='cpu', subsystem=None)
Telemetry(timestamp='27.05.2023 11:35:56.530857', value='1085972.000000', node='ubuntu', metric='ram', subsystem=None)
Telemetry(timestamp='27.05.2023 11:35:56.531255', value='93.000000', node='ubuntu', metric='tx', subsystem='enp0s25')
Telemetry(timestamp='27.05.2023 11:35:56.701963', value='3876.000000', node='ubuntu', metric='rx', subsystem='enp0s25')
Telemetry(timestamp='27.05.2023 11:35:57.308104', value='23.618090', node='ubuntu', metric='cpu', subsystem=None)
Telemetry(timestamp='27.05.2023 11:35:57.320720', value='64.000000', node='ubuntu', metric='tx', subsystem='enp0s25')
Telemetry(timestamp='27.05.2023 11:35:57.229747', value='2538.000000', node='ubuntu', metric='rx', subsystem='enp0s25')
Telemetry(timestamp='27.05.2023 11:35:57.530096', value='1081992.000000', node='ubuntu', metric='ram', subsystem=None)
Telemetry(timestamp='27.05.2023 11:35:57.530791', value='30.051813', node='ubuntu', metric='cpu', subsystem=None)
Telemetry(timestamp='27.05.2023 11:35:57.533105', value='22.000000', node='ubuntu', metric='tx', subsystem='enp0s25')
Telemetry(timestamp='27.05.2023 11:35:57.748614', value='612.000000', node='ubuntu', metric='rx', subsystem='enp0s25')
Telemetry(timestamp='27.05.2023 11:35:58.304088', value='4.591837', node='ubuntu', metric='cpu', subsystem=None)
Telemetry(timestamp='27.05.2023 11:35:58.312700', value='69.000000', node='ubuntu', metric='tx', subsystem='enp0s25')
Telemetry(timestamp='27.05.2023 11:35:58.282508', value='1592.000000', node='ubuntu', metric='rx', subsystem='enp0s25')
Telemetry(timestamp='27.05.2023 11:35:58.530130', value='1085432.000000', node='ubuntu', metric='ram', subsystem=None)
Telemetry(timestamp='27.05.2023 11:35:58.530772', value='3.141361', node='ubuntu', metric='cpu', subsystem=None)
Telemetry(timestamp='27.05.2023 11:35:58.531371', value='112.000000', node='ubuntu', metric='tx', subsystem='enp0s25')
Telemetry(timestamp='27.05.2023 11:35:58.770917', value='3321.000000', node='ubuntu', metric='rx', subsystem='enp0s25')
Telemetry(timestamp='27.05.2023 11:35:59.304098', value='17.346939', node='ubuntu', metric='cpu', subsystem=None)
Telemetry(timestamp='27.05.2023 11:35:59.319615', value='76.000000', node='ubuntu', metric='tx', subsystem='enp0s25')
Telemetry(timestamp='27.05.2023 11:35:59.164658', value='2874.000000', node='ubuntu', metric='rx', subsystem='enp0s25')
Telemetry(timestamp='27.05.2023 11:35:59.530487', value='1072892.000000', node='ubuntu', metric='ram', subsystem=None)
Telemetry(timestamp='27.05.2023 11:35:59.530579', value='26.130653', node='ubuntu', metric='cpu', subsystem=None)
Telemetry(timestamp='27.05.2023 11:35:59.531008', value='32.000000', node='ubuntu', metric='tx', subsystem='enp0s25')
Telemetry(timestamp='27.05.2023 11:35:59.692669', value='1116.000000', node='ubuntu', metric='rx', subsystem='enp0s25')
Telemetry(timestamp='27.05.2023 11:36:00.305921', value='13.829787', node='ubuntu', metric='cpu', subsystem=None)
Telemetry(timestamp='27.05.2023 11:36:00.312598', value='51.000000', node='ubuntu', metric='tx', subsystem='enp0s25')
Telemetry(timestamp='27.05.2023 11:36:00.192860', value='1141.000000', node='ubuntu', metric='rx', subsystem='enp0s25')
Telemetry(timestamp='27.05.2023 11:36:00.530642', value='4.591837', node='ubuntu', metric='cpu', subsystem=None)
Telemetry(timestamp='27.05.2023 11:36:00.530684', value='0.470000', node='ubuntu', metric='load1', subsystem=None)
Telemetry(timestamp='27.05.2023 11:36:00.530823', value='1090828.000000', node='ubuntu', metric='ram', subsystem=None)
Telemetry(timestamp='27.05.2023 11:36:00.531430', value='93.000000', node='ubuntu', metric='tx', subsystem='enp0s25')
Telemetry(timestamp='27.05.2023 11:36:00.676269', value='0.190000', node='ubuntu', metric='load5', subsystem=None)
Telemetry(timestamp='27.05.2023 11:36:00.709685', value='3163.000000', node='ubuntu', metric='rx', subsystem='enp0s25')
Telemetry(timestamp='27.05.2023 11:36:01.309597', value='77.000000', node='ubuntu', metric='tx', subsystem='enp0s25')
Telemetry(timestamp='27.05.2023 11:36:01.311600', value='17.258883', node='ubuntu', metric='cpu', subsystem=None)
Telemetry(timestamp='27.05.2023 11:36:01.106394', value='3326.000000', node='ubuntu', metric='rx', subsystem='enp0s25')
Telemetry(timestamp='27.05.2023 11:36:01.530814', value='1102968.000000', node='ubuntu', metric='ram', subsystem=None)
Telemetry(timestamp='27.05.2023 11:36:01.531327', value='26.130653', node='ubuntu', metric='cpu', subsystem=None)
Telemetry(timestamp='27.05.2023 11:36:01.534631', value='35.000000', node='ubuntu', metric='tx', subsystem='enp0s25')
Telemetry(timestamp='27.05.2023 11:36:01.589236', value='1293.000000', node='ubuntu', metric='rx', subsystem='enp0s25')
Telemetry(timestamp='27.05.2023 11:36:02.309293', value='16.145833', node='ubuntu', metric='cpu', subsystem=None)
Telemetry(timestamp='27.05.2023 11:36:02.313871', value='8.000000', node='ubuntu', metric='tx', subsystem='enp0s25')
Telemetry(timestamp='27.05.2023 11:36:02.247073', value='4.000000', node='ubuntu', metric='rx', subsystem='enp0s25')
Telemetry(timestamp='27.05.2023 11:36:02.530487', value='1.005025', node='ubuntu', metric='cpu', subsystem=None)
Telemetry(timestamp='27.05.2023 11:36:02.530785', value='1084504.000000', node='ubuntu', metric='ram', subsystem=None)
Telemetry(timestamp='27.05.2023 11:36:02.530908', value='8.000000', node='ubuntu', metric='tx', subsystem='enp0s25')
Telemetry(timestamp='27.05.2023 11:36:02.730734', value='4.000000', node='ubuntu', metric='rx', subsystem='enp0s25')
Telemetry(timestamp='27.05.2023 11:36:03.309130', value='29.000000', node='ubuntu', metric='tx', subsystem='enp0s25')
Telemetry(timestamp='27.05.2023 11:36:03.310524', value='6.598985', node='ubuntu', metric='cpu', subsystem=None)
Telemetry(timestamp='27.05.2023 11:36:03.264708', value='605.000000', node='ubuntu', metric='rx', subsystem='enp0s25')
Telemetry(timestamp='27.05.2023 11:36:03.530318', value='1087276.000000', node='ubuntu', metric='ram', subsystem=None)
Telemetry(timestamp='27.05.2023 11:36:03.530886', value='3.589744', node='ubuntu', metric='cpu', subsystem=None)
Telemetry(timestamp='27.05.2023 11:36:03.532487', value='69.000000', node='ubuntu', metric='tx', subsystem='enp0s25')
Telemetry(timestamp='27.05.2023 11:36:03.674924', value='2502.000000', node='ubuntu', metric='rx', subsystem='enp0s25')
Telemetry(timestamp='27.05.2023 11:36:04.303921', value='1.578947', node='ubuntu', metric='cpu', subsystem=None)
Telemetry(timestamp='27.05.2023 11:36:04.322072', value='90.000000', node='ubuntu', metric='tx', subsystem='enp0s25')
Telemetry(timestamp='27.05.2023 11:36:04.205556', value='3830.000000', node='ubuntu', metric='rx', subsystem='enp0s25')
Telemetry(timestamp='27.05.2023 11:36:04.529729', value='1092820.000000', node='ubuntu', metric='ram', subsystem=None)
Telemetry(timestamp='27.05.2023 11:36:04.530083', value='27.777778', node='ubuntu', metric='cpu', subsystem=None)
Telemetry(timestamp='27.05.2023 11:36:04.531570', value='50.000000', node='ubuntu', metric='tx', subsystem='enp0s25')
Telemetry(timestamp='27.05.2023 11:36:04.695591', value='1970.000000', node='ubuntu', metric='rx', subsystem='enp0s25')
Telemetry(timestamp='27.05.2023 11:36:05.310420', value='26.424870', node='ubuntu', metric='cpu', subsystem=None)
Telemetry(timestamp='27.05.2023 11:36:05.310458', value='21.000000', node='ubuntu', metric='tx', subsystem='enp0s25')
Telemetry(timestamp='27.05.2023 11:36:05.223956', value='404.000000', node='ubuntu', metric='rx', subsystem='enp0s25')
Telemetry(timestamp='27.05.2023 11:36:05.529867', value='0.430000', node='ubuntu', metric='load1', subsystem=None)
Telemetry(timestamp='27.05.2023 11:36:05.529870', value='0.190000', node='ubuntu', metric='load5', subsystem=None)
Telemetry(timestamp='27.05.2023 11:36:05.529987', value='1090476.000000', node='ubuntu', metric='ram', subsystem=None)
Telemetry(timestamp='27.05.2023 11:36:05.530719', value='38.000000', node='ubuntu', metric='tx', subsystem='enp0s25')
Telemetry(timestamp='27.05.2023 11:36:05.531369', value='1.530612', node='ubuntu', metric='cpu', subsystem=None)
Telemetry(timestamp='27.05.2023 11:36:05.728280', value='1169.000000', node='ubuntu', metric='rx', subsystem='enp0s25')
Telemetry(timestamp='27.05.2023 11:36:06.310240', value='3.589744', node='ubuntu', metric='cpu', subsystem=None)
Telemetry(timestamp='27.05.2023 11:36:06.316798', value='79.000000', node='ubuntu', metric='tx', subsystem='enp0s25')
Telemetry(timestamp='27.05.2023 11:36:06.219491', value='2165.000000', node='ubuntu', metric='rx', subsystem='enp0s25')
Telemetry(timestamp='27.05.2023 11:36:06.530550', value='1090980.000000', node='ubuntu', metric='ram', subsystem=None)
Telemetry(timestamp='27.05.2023 11:36:06.531641', value='4.166667', node='ubuntu', metric='cpu', subsystem=None)
Telemetry(timestamp='27.05.2023 11:36:06.532245', value='102.000000', node='ubuntu', metric='tx', subsystem='enp0s25')
Telemetry(timestamp='27.05.2023 11:36:06.748118', value='3294.000000', node='ubuntu', metric='rx', subsystem='enp0s25')
Telemetry(timestamp='27.05.2023 11:36:07.312218', value='30.845771', node='ubuntu', metric='cpu', subsystem=None)
Telemetry(timestamp='27.05.2023 11:36:07.324173', value='49.000000', node='ubuntu', metric='tx', subsystem='enp0s25')
Telemetry(timestamp='27.05.2023 11:36:07.256601', value='1928.000000', node='ubuntu', metric='rx', subsystem='enp0s25')
Telemetry(timestamp='27.05.2023 11:36:07.530676', value='26.562500', node='ubuntu', metric='cpu', subsystem=None)
Telemetry(timestamp='27.05.2023 11:36:07.530771', value='1088152.000000', node='ubuntu', metric='ram', subsystem=None)
Telemetry(timestamp='27.05.2023 11:36:07.532210', value='20.000000', node='ubuntu', metric='tx', subsystem='enp0s25')
Telemetry(timestamp='27.05.2023 11:36:07.672406', value='365.000000', node='ubuntu', metric='rx', subsystem='enp0s25')
Telemetry(timestamp='27.05.2023 11:36:08.322833', value='64.000000', node='ubuntu', metric='tx', subsystem='enp0s25')
Telemetry(timestamp='27.05.2023 11:36:08.330351', value='3.626943', node='ubuntu', metric='cpu', subsystem=None)
Telemetry(timestamp='27.05.2023 11:36:08.166579', value='2447.000000', node='ubuntu', metric='rx', subsystem='enp0s25')
Telemetry(timestamp='27.05.2023 11:36:08.530426', value='1088376.000000', node='ubuntu', metric='ram', subsystem=None)
Telemetry(timestamp='27.05.2023 11:36:08.530554', value='2.604167', node='ubuntu', metric='cpu', subsystem=None)
Telemetry(timestamp='27.05.2023 11:36:08.531763', value='101.000000', node='ubuntu', metric='tx', subsystem='enp0s25')
Telemetry(timestamp='27.05.2023 11:36:08.697525', value='4064.000000', node='ubuntu', metric='rx', subsystem='enp0s25')
Telemetry(timestamp='27.05.2023 11:36:09.304343', value='27.777778', node='ubuntu', metric='cpu', subsystem=None)
Telemetry(timestamp='27.05.2023 11:36:09.316168', value='58.000000', node='ubuntu', metric='tx', subsystem='enp0s25')
Telemetry(timestamp='27.05.2023 11:36:09.194102', value='2013.000000', node='ubuntu', metric='rx', subsystem='enp0s25')
Telemetry(timestamp='27.05.2023 11:36:09.531264', value='25.000000', node='ubuntu', metric='tx', subsystem='enp0s25')
Telemetry(timestamp='27.05.2023 11:36:09.531380', value='1091464.000000', node='ubuntu', metric='ram', subsystem=None)
Telemetry(timestamp='27.05.2023 11:36:09.531402', value='25.773196', node='ubuntu', metric='cpu', subsystem=None)
Telemetry(timestamp='27.05.2023 11:36:09.694939', value='532.000000', node='ubuntu', metric='rx', subsystem='enp0s25')
Telemetry(timestamp='27.05.2023 11:36:10.307720', value='65.000000', node='ubuntu', metric='tx', subsystem='enp0s25')
Telemetry(timestamp='27.05.2023 11:36:10.321666', value='5.789474', node='ubuntu', metric='cpu', subsystem=None)
Telemetry(timestamp='27.05.2023 11:36:10.221819', value='2464.000000', node='ubuntu', metric='rx', subsystem='enp0s25')
Telemetry(timestamp='27.05.2023 11:36:10.530382', value='3.626943', node='ubuntu', metric='cpu', subsystem=None)
Telemetry(timestamp='27.05.2023 11:36:10.530669', value='0.480000', node='ubuntu', metric='load1', subsystem=None)
Telemetry(timestamp='27.05.2023 11:36:10.530905', value='1091664.000000', node='ubuntu', metric='ram', subsystem=None)
Telemetry(timestamp='27.05.2023 11:36:10.531723', value='93.000000', node='ubuntu', metric='tx', subsystem='enp0s25')
Telemetry(timestamp='27.05.2023 11:36:10.549510', value='0.200000', node='ubuntu', metric='load5', subsystem=None)
Telemetry(timestamp='27.05.2023 11:36:10.567975', value='3964.000000', node='ubuntu', metric='rx', subsystem='enp0s25')
Telemetry(timestamp='27.05.2023 11:36:11.309344', value='29.702970', node='ubuntu', metric='cpu', subsystem=None)
Telemetry(timestamp='27.05.2023 11:36:11.321400', value='52.000000', node='ubuntu', metric='tx', subsystem='enp0s25')
Telemetry(timestamp='27.05.2023 11:36:11.266749', value='1998.000000', node='ubuntu', metric='rx', subsystem='enp0s25')
Telemetry(timestamp='27.05.2023 11:36:11.530921', value='1087684.000000', node='ubuntu', metric='ram', subsystem=None)
Telemetry(timestamp='27.05.2023 11:36:11.531199', value='26.424870', node='ubuntu', metric='cpu', subsystem=None)
Telemetry(timestamp='27.05.2023 11:36:11.532168', value='27.000000', node='ubuntu', metric='tx', subsystem='enp0s25')
Telemetry(timestamp='27.05.2023 11:36:11.582447', value='520.000000', node='ubuntu', metric='rx', subsystem='enp0s25')
Telemetry(timestamp='27.05.2023 11:36:12.304840', value='2.590674', node='ubuntu', metric='cpu', subsystem=None)
Telemetry(timestamp='27.05.2023 11:36:12.312903', value='66.000000', node='ubuntu', metric='tx', subsystem='enp0s25')
Telemetry(timestamp='27.05.2023 11:36:12.176236', value='2170.000000', node='ubuntu', metric='rx', subsystem='enp0s25')
Telemetry(timestamp='27.05.2023 11:36:12.530651', value='4.123711', node='ubuntu', metric='cpu', subsystem=None)
Telemetry(timestamp='27.05.2023 11:36:12.530986', value='1088440.000000', node='ubuntu', metric='ram', subsystem=None)
Telemetry(timestamp='27.05.2023 11:36:12.531501', value='94.000000', node='ubuntu', metric='tx', subsystem='enp0s25')
Telemetry(timestamp='27.05.2023 11:36:12.687128', value='3524.000000', node='ubuntu', metric='rx', subsystem='enp0s25')
Telemetry(timestamp='27.05.2023 11:36:13.307519', value='25.125628', node='ubuntu', metric='cpu', subsystem=None)
Telemetry(timestamp='27.05.2023 11:36:13.318483', value='63.000000', node='ubuntu', metric='tx', subsystem='enp0s25')
Telemetry(timestamp='27.05.2023 11:36:13.202699', value='2295.000000', node='ubuntu', metric='rx', subsystem='enp0s25')
Telemetry(timestamp='27.05.2023 11:36:13.529999', value='1095472.000000', node='ubuntu', metric='ram', subsystem=None)
Telemetry(timestamp='27.05.2023 11:36:13.530644', value='30.051813', node='ubuntu', metric='cpu', subsystem=None)
Telemetry(timestamp='27.05.2023 11:36:13.531827', value='19.000000', node='ubuntu', metric='tx', subsystem='enp0s25')
Telemetry(timestamp='27.05.2023 11:36:13.715143', value='512.000000', node='ubuntu', metric='rx', subsystem='enp0s25')
Telemetry(timestamp='27.05.2023 11:36:14.300781', value='3.108808', node='ubuntu', metric='cpu', subsystem=None)
Telemetry(timestamp='27.05.2023 11:36:14.309662', value='57.000000', node='ubuntu', metric='tx', subsystem='enp0s25')
Telemetry(timestamp='27.05.2023 11:36:14.217855', value='1957.000000', node='ubuntu', metric='rx', subsystem='enp0s25')
Telemetry(timestamp='27.05.2023 11:36:14.530165', value='1095444.000000', node='ubuntu', metric='ram', subsystem=None)
Telemetry(timestamp='27.05.2023 11:36:14.530431', value='2.105263', node='ubuntu', metric='cpu', subsystem=None)
Telemetry(timestamp='27.05.2023 11:36:14.530632', value='96.000000', node='ubuntu', metric='tx', subsystem='enp0s25')
Telemetry(timestamp='27.05.2023 11:36:14.724338', value='3873.000000', node='ubuntu', metric='rx', subsystem='enp0s25')
Telemetry(timestamp='27.05.2023 11:36:15.301457', value='26.262626', node='ubuntu', metric='cpu', subsystem=None)
Telemetry(timestamp='27.05.2023 11:36:15.317888', value='60.000000', node='ubuntu', metric='tx', subsystem='enp0s25')
Telemetry(timestamp='27.05.2023 11:36:15.260297', value='2508.000000', node='ubuntu', metric='rx', subsystem='enp0s25')
Telemetry(timestamp='27.05.2023 11:36:15.530247', value='1095836.000000', node='ubuntu', metric='ram', subsystem=None)
Telemetry(timestamp='27.05.2023 11:36:15.530255', value='30.890052', node='ubuntu', metric='cpu', subsystem=None)
Telemetry(timestamp='27.05.2023 11:36:15.530298', value='0.520000', node='ubuntu', metric='load1', subsystem=None)
Telemetry(timestamp='27.05.2023 11:36:15.532109', value='19.000000', node='ubuntu', metric='tx', subsystem='enp0s25')
Telemetry(timestamp='27.05.2023 11:36:15.736781', value='0.220000', node='ubuntu', metric='load5', subsystem=None)
Telemetry(timestamp='27.05.2023 11:36:15.757301', value='519.000000', node='ubuntu', metric='rx', subsystem='enp0s25')
Telemetry(timestamp='27.05.2023 11:36:16.307377', value='6.122449', node='ubuntu', metric='cpu', subsystem=None)
Telemetry(timestamp='27.05.2023 11:36:16.309824', value='50.000000', node='ubuntu', metric='tx', subsystem='enp0s25')
Telemetry(timestamp='27.05.2023 11:36:16.184978', value='1792.000000', node='ubuntu', metric='rx', subsystem='enp0s25')
Telemetry(timestamp='27.05.2023 11:36:16.530815', value='1.570681', node='ubuntu', metric='cpu', subsystem=None)
Telemetry(timestamp='27.05.2023 11:36:16.531330', value='1100656.000000', node='ubuntu', metric='ram', subsystem=None)
Telemetry(timestamp='27.05.2023 11:36:16.533500', value='92.000000', node='ubuntu', metric='tx', subsystem='enp0s25')
Telemetry(timestamp='27.05.2023 11:36:16.694529', value='3718.000000', node='ubuntu', metric='rx', subsystem='enp0s25')
Telemetry(timestamp='27.05.2023 11:36:17.317110', value='21.025641', node='ubuntu', metric='cpu', subsystem=None)
Telemetry(timestamp='27.05.2023 11:36:17.318192', value='66.000000', node='ubuntu', metric='tx', subsystem='enp0s25')
Telemetry(timestamp='27.05.2023 11:36:17.200954', value='2672.000000', node='ubuntu', metric='rx', subsystem='enp0s25')
Telemetry(timestamp='27.05.2023 11:36:17.529966', value='1088804.000000', node='ubuntu', metric='ram', subsystem=None)
Telemetry(timestamp='27.05.2023 11:36:17.530293', value='31.282051', node='ubuntu', metric='cpu', subsystem=None)
Telemetry(timestamp='27.05.2023 11:36:17.532262', value='24.000000', node='ubuntu', metric='tx', subsystem='enp0s25')
Telemetry(timestamp='27.05.2023 11:36:17.610877', value='761.000000', node='ubuntu', metric='rx', subsystem='enp0s25')
Telemetry(timestamp='27.05.2023 11:36:18.309327', value='55.000000', node='ubuntu', metric='tx', subsystem='enp0s25')
Telemetry(timestamp='27.05.2023 11:36:18.309545', value='4.687500', node='ubuntu', metric='cpu', subsystem=None)
Telemetry(timestamp='27.05.2023 11:36:18.198092', value='1815.000000', node='ubuntu', metric='rx', subsystem='enp0s25')
Telemetry(timestamp='27.05.2023 11:36:18.530808', value='98.000000', node='ubuntu', metric='tx', subsystem='enp0s25')
Telemetry(timestamp='27.05.2023 11:36:18.531210', value='1098576.000000', node='ubuntu', metric='ram', subsystem=None)
Telemetry(timestamp='27.05.2023 11:36:18.531389', value='4.123711', node='ubuntu', metric='cpu', subsystem=None)
Telemetry(timestamp='27.05.2023 11:36:18.709583', value='3920.000000', node='ubuntu', metric='rx', subsystem='enp0s25')
Telemetry(timestamp='27.05.2023 11:36:19.311422', value='24.242424', node='ubuntu', metric='cpu', subsystem=None)
Telemetry(timestamp='27.05.2023 11:36:19.323862', value='64.000000', node='ubuntu', metric='tx', subsystem='enp0s25')
Telemetry(timestamp='27.05.2023 11:36:19.243531', value='2651.000000', node='ubuntu', metric='rx', subsystem='enp0s25')
Telemetry(timestamp='27.05.2023 11:36:19.529729', value='1093848.000000', node='ubuntu', metric='ram', subsystem=None)
Telemetry(timestamp='27.05.2023 11:36:19.530160', value='31.282051', node='ubuntu', metric='cpu', subsystem=None)
Telemetry(timestamp='27.05.2023 11:36:19.533006', value='21.000000', node='ubuntu', metric='tx', subsystem='enp0s25')
Telemetry(timestamp='27.05.2023 11:36:19.571291', value='545.000000', node='ubuntu', metric='rx', subsystem='enp0s25')
Telemetry(timestamp='27.05.2023 11:36:20.309284', value='6.250000', node='ubuntu', metric='cpu', subsystem=None)
Telemetry(timestamp='27.05.2023 11:36:20.314218', value='49.000000', node='ubuntu', metric='tx', subsystem='enp0s25')
Telemetry(timestamp='27.05.2023 11:36:20.613425', value='1799.000000', node='ubuntu', metric='rx', subsystem='enp0s25')
Telemetry(timestamp='27.05.2023 11:36:20.530050', value='0.480000', node='ubuntu', metric='load1', subsystem=None)
Telemetry(timestamp='27.05.2023 11:36:20.530054', value='0.210000', node='ubuntu', metric='load5', subsystem=None)
Telemetry(timestamp='27.05.2023 11:36:20.530464', value='93.000000', node='ubuntu', metric='tx', subsystem='enp0s25')
Telemetry(timestamp='27.05.2023 11:36:20.530499', value='1099836.000000', node='ubuntu', metric='ram', subsystem=None)
Telemetry(timestamp='27.05.2023 11:36:20.531039', value='2.604167', node='ubuntu', metric='cpu', subsystem=None)
Telemetry(timestamp='27.05.2023 11:36:20.653659', value='3789.000000', node='ubuntu', metric='rx', subsystem='enp0s25')
Telemetry(timestamp='27.05.2023 11:36:21.304133', value='22.727273', node='ubuntu', metric='cpu', subsystem=None)
Telemetry(timestamp='27.05.2023 11:36:21.318429', value='68.000000', node='ubuntu', metric='tx', subsystem='enp0s25')
Telemetry(timestamp='27.05.2023 11:36:21.183764', value='2665.000000', node='ubuntu', metric='rx', subsystem='enp0s25')
Telemetry(timestamp='27.05.2023 11:36:21.529979', value='1071776.000000', node='ubuntu', metric='ram', subsystem=None)
Telemetry(timestamp='27.05.2023 11:36:21.530633', value='26.153846', node='ubuntu', metric='cpu', subsystem=None)
Telemetry(timestamp='27.05.2023 11:36:21.531810', value='24.000000', node='ubuntu', metric='tx', subsystem='enp0s25')
Telemetry(timestamp='27.05.2023 11:36:21.614527', value='676.000000', node='ubuntu', metric='rx', subsystem='enp0s25')
Telemetry(timestamp='27.05.2023 11:36:22.301333', value='11.052632', node='ubuntu', metric='cpu', subsystem=None)
Telemetry(timestamp='27.05.2023 11:36:22.310598', value='53.000000', node='ubuntu', metric='tx', subsystem='enp0s25')
Telemetry(timestamp='27.05.2023 11:36:22.210852', value='1362.000000', node='ubuntu', metric='rx', subsystem='enp0s25')
Telemetry(timestamp='27.05.2023 11:36:22.530953', value='94.000000', node='ubuntu', metric='tx', subsystem='enp0s25')
Telemetry(timestamp='27.05.2023 11:36:22.531297', value='1085300.000000', node='ubuntu', metric='ram', subsystem=None)
Telemetry(timestamp='27.05.2023 11:36:22.531584', value='3.589744', node='ubuntu', metric='cpu', subsystem=None)
Telemetry(timestamp='27.05.2023 11:36:22.695572', value='3267.000000', node='ubuntu', metric='rx', subsystem='enp0s25')
Telemetry(timestamp='27.05.2023 11:36:23.309919', value='73.000000', node='ubuntu', metric='tx', subsystem='enp0s25')
Telemetry(timestamp='27.05.2023 11:36:23.315171', value='17.525773', node='ubuntu', metric='cpu', subsystem=None)
Telemetry(timestamp='27.05.2023 11:36:23.114004', value='3104.000000', node='ubuntu', metric='rx', subsystem='enp0s25')
Telemetry(timestamp='27.05.2023 11:36:23.529814', value='1097888.000000', node='ubuntu', metric='ram', subsystem=None)
Telemetry(timestamp='27.05.2023 11:36:23.531558', value='25.628141', node='ubuntu', metric='cpu', subsystem=None)
Telemetry(timestamp='27.05.2023 11:36:23.532745', value='33.000000', node='ubuntu', metric='tx', subsystem='enp0s25')
Telemetry(timestamp='27.05.2023 11:36:23.748863', value='1190.000000', node='ubuntu', metric='rx', subsystem='enp0s25')
Telemetry(timestamp='27.05.2023 11:36:24.304347', value='18.229167', node='ubuntu', metric='cpu', subsystem=None)
Telemetry(timestamp='27.05.2023 11:36:24.330834', value='40.000000', node='ubuntu', metric='tx', subsystem='enp0s25')
Telemetry(timestamp='27.05.2023 11:36:24.248180', value='1215.000000', node='ubuntu', metric='rx', subsystem='enp0s25')
Telemetry(timestamp='27.05.2023 11:36:24.530872', value='4.081633', node='ubuntu', metric='cpu', subsystem=None)
Telemetry(timestamp='27.05.2023 11:36:24.530963', value='88.000000', node='ubuntu', metric='tx', subsystem='enp0s25')
Telemetry(timestamp='27.05.2023 11:36:24.531018', value='1092404.000000', node='ubuntu', metric='ram', subsystem=None)
Telemetry(timestamp='27.05.2023 11:36:24.642155', value='3267.000000', node='ubuntu', metric='rx', subsystem='enp0s25')
Telemetry(timestamp='27.05.2023 11:36:25.308182', value='92.000000', node='ubuntu', metric='tx', subsystem='enp0s25')
Telemetry(timestamp='27.05.2023 11:36:25.319086', value='15.463918', node='ubuntu', metric='cpu', subsystem=None)
Telemetry(timestamp='27.05.2023 11:36:25.181018', value='3264.000000', node='ubuntu', metric='rx', subsystem='enp0s25')
Telemetry(timestamp='27.05.2023 11:36:25.530479', value='0.440000', node='ubuntu', metric='load1', subsystem=None)
Telemetry(timestamp='27.05.2023 11:36:25.530481', value='0.210000', node='ubuntu', metric='load5', subsystem=None)
Telemetry(timestamp='27.05.2023 11:36:25.530538', value='1102444.000000', node='ubuntu', metric='ram', subsystem=None)
Telemetry(timestamp='27.05.2023 11:36:25.530805', value='26.500000', node='ubuntu', metric='cpu', subsystem=None)
Telemetry(timestamp='27.05.2023 11:36:25.532401', value='43.000000', node='ubuntu', metric='tx', subsystem='enp0s25')
Telemetry(timestamp='27.05.2023 11:36:25.691428', value='1192.000000', node='ubuntu', metric='rx', subsystem='enp0s25')
Telemetry(timestamp='27.05.2023 11:36:26.308663', value='38.000000', node='ubuntu', metric='tx', subsystem='enp0s25')
Telemetry(timestamp='27.05.2023 11:36:26.312136', value='18.421053', node='ubuntu', metric='cpu', subsystem=None)
Telemetry(timestamp='27.05.2023 11:36:26.365357', value='1085.000000', node='ubuntu', metric='rx', subsystem='enp0s25')
Telemetry(timestamp='27.05.2023 11:36:26.530602', value='1098892.000000', node='ubuntu', metric='ram', subsystem=None)
Telemetry(timestamp='27.05.2023 11:36:26.531018', value='2.604167', node='ubuntu', metric='cpu', subsystem=None)
Telemetry(timestamp='27.05.2023 11:36:26.531313', value='80.000000', node='ubuntu', metric='tx', subsystem='enp0s25')
Telemetry(timestamp='27.05.2023 11:36:26.693310', value='3034.000000', node='ubuntu', metric='rx', subsystem='enp0s25')
Telemetry(timestamp='27.05.2023 11:36:27.305717', value='13.402062', node='ubuntu', metric='cpu', subsystem=None)
Telemetry(timestamp='27.05.2023 11:36:27.317642', value='80.000000', node='ubuntu', metric='tx', subsystem='enp0s25')
Telemetry(timestamp='27.05.2023 11:36:27.119953', value='3376.000000', node='ubuntu', metric='rx', subsystem='enp0s25')
Telemetry(timestamp='27.05.2023 11:36:27.529746', value='1107208.000000', node='ubuntu', metric='ram', subsystem=None)
Telemetry(timestamp='27.05.2023 11:36:27.531581', value='26.000000', node='ubuntu', metric='cpu', subsystem=None)
Telemetry(timestamp='27.05.2023 11:36:27.532804', value='39.000000', node='ubuntu', metric='tx', subsystem='enp0s25')
Telemetry(timestamp='27.05.2023 11:36:27.758099', value='1430.000000', node='ubuntu', metric='rx', subsystem='enp0s25')
Telemetry(timestamp='27.05.2023 11:36:28.309400', value='17.021277', node='ubuntu', metric='cpu', subsystem=None)
Telemetry(timestamp='27.05.2023 11:36:28.322991', value='38.000000', node='ubuntu', metric='tx', subsystem='enp0s25')
Telemetry(timestamp='27.05.2023 11:36:28.256362', value='1077.000000', node='ubuntu', metric='rx', subsystem='enp0s25')
Telemetry(timestamp='27.05.2023 11:36:28.530525', value='1098796.000000', node='ubuntu', metric='ram', subsystem=None)
Telemetry(timestamp='27.05.2023 11:36:28.530630', value='85.000000', node='ubuntu', metric='tx', subsystem='enp0s25')
Telemetry(timestamp='27.05.2023 11:36:28.531360', value='4.123711', node='ubuntu', metric='cpu', subsystem=None)
Telemetry(timestamp='27.05.2023 11:36:28.548595', value='2801.000000', node='ubuntu', metric='rx', subsystem='enp0s25')
Telemetry(timestamp='27.05.2023 11:36:29.306695', value='9.183673', node='ubuntu', metric='cpu', subsystem=None)
Telemetry(timestamp='27.05.2023 11:36:29.322003', value='89.000000', node='ubuntu', metric='tx', subsystem='enp0s25')
Telemetry(timestamp='27.05.2023 11:36:29.178789', value='3391.000000', node='ubuntu', metric='rx', subsystem='enp0s25')
Telemetry(timestamp='27.05.2023 11:36:29.529676', value='1108384.000000', node='ubuntu', metric='ram', subsystem=None)
Telemetry(timestamp='27.05.2023 11:36:29.531475', value='28.140704', node='ubuntu', metric='cpu', subsystem=None)
Telemetry(timestamp='27.05.2023 11:36:29.531724', value='42.000000', node='ubuntu', metric='tx', subsystem='enp0s25')
Telemetry(timestamp='27.05.2023 11:36:29.698358', value='1659.000000', node='ubuntu', metric='rx', subsystem='enp0s25')
Telemetry(timestamp='27.05.2023 11:36:30.306587', value='20.430108', node='ubuntu', metric='cpu', subsystem=None)
Telemetry(timestamp='27.05.2023 11:36:30.342303', value='33.000000', node='ubuntu', metric='tx', subsystem='enp0s25')
Telemetry(timestamp='27.05.2023 11:36:30.198613', value='856.000000', node='ubuntu', metric='rx', subsystem='enp0s25')
Telemetry(timestamp='27.05.2023 11:36:30.529947', value='0.650000', node='ubuntu', metric='load1', subsystem=None)
Telemetry(timestamp='27.05.2023 11:36:30.529950', value='0.260000', node='ubuntu', metric='load5', subsystem=None)
Telemetry(timestamp='27.05.2023 11:36:30.530190', value='1090264.000000', node='ubuntu', metric='ram', subsystem=None)
Telemetry(timestamp='27.05.2023 11:36:30.530494', value='74.000000', node='ubuntu', metric='tx', subsystem='enp0s25')
Telemetry(timestamp='27.05.2023 11:36:30.530979', value='5.670103', node='ubuntu', metric='cpu', subsystem=None)
Telemetry(timestamp='27.05.2023 11:36:30.701268', value='2844.000000', node='ubuntu', metric='rx', subsystem='enp0s25')
Telemetry(timestamp='27.05.2023 11:36:31.299876', value='7.731959', node='ubuntu', metric='cpu', subsystem=None)
Telemetry(timestamp='27.05.2023 11:36:31.324931', value='84.000000', node='ubuntu', metric='tx', subsystem='enp0s25')
Telemetry(timestamp='27.05.2023 11:36:31.535002', value='3625.000000', node='ubuntu', metric='rx', subsystem='enp0s25')
Telemetry(timestamp='27.05.2023 11:36:31.530139', value='30.500000', node='ubuntu', metric='cpu', subsystem=None)
Telemetry(timestamp='27.05.2023 11:36:31.530225', value='1100904.000000', node='ubuntu', metric='ram', subsystem=None)
Telemetry(timestamp='27.05.2023 11:36:31.532156', value='43.000000', node='ubuntu', metric='tx', subsystem='enp0s25')
Telemetry(timestamp='27.05.2023 11:36:31.746164', value='1620.000000', node='ubuntu', metric='rx', subsystem='enp0s25')
Telemetry(timestamp='27.05.2023 11:36:32.304797', value='24.000000', node='ubuntu', metric='tx', subsystem='enp0s25')
Telemetry(timestamp='27.05.2023 11:36:32.306108', value='22.395833', node='ubuntu', metric='cpu', subsystem=None)
Telemetry(timestamp='27.05.2023 11:36:32.235831', value='603.000000', node='ubuntu', metric='rx', subsystem='enp0s25')
Telemetry(timestamp='27.05.2023 11:36:32.530748', value='4.687500', node='ubuntu', metric='cpu', subsystem=None)
Telemetry(timestamp='27.05.2023 11:36:32.531030', value='68.000000', node='ubuntu', metric='tx', subsystem='enp0s25')
Telemetry(timestamp='27.05.2023 11:36:32.531043', value='1099792.000000', node='ubuntu', metric='ram', subsystem=None)
Telemetry(timestamp='27.05.2023 11:36:32.635941', value='2605.000000', node='ubuntu', metric='rx', subsystem='enp0s25')
Telemetry(timestamp='27.05.2023 11:36:33.312936', value='78.000000', node='ubuntu', metric='tx', subsystem='enp0s25')
Telemetry(timestamp='27.05.2023 11:36:33.313990', value='2.551020', node='ubuntu', metric='cpu', subsystem=None)
Telemetry(timestamp='27.05.2023 11:36:33.159277', value='3214.000000', node='ubuntu', metric='rx', subsystem='enp0s25')
Telemetry(timestamp='27.05.2023 11:36:33.530613', value='21.827411', node='ubuntu', metric='cpu', subsystem=None)