Telemetry(timestamp='27.05.2023 11:56:03.308392', value='1.005025', node='ubuntu', metric='cpu', subsystem=None)
Telemetry(timestamp='27.05.2023 11:56:03.321143', value='8.000000', node='ubuntu', metric='tx', subsystem='enp0s25')
Telemetry(timestamp='27.05.2023 11:56:03.475316', value='4.000000', node='ubuntu', metric='rx', subsystem='enp0s25')
Telemetry(timestamp='27.05.2023 11:56:03.530387', value='1080228.000000', node='ubuntu', metric='ram', subsystem=None)
Telemetry(timestamp='27.05.2023 11:56:03.530489', value='14.358974', node='ubuntu', metric='cpu', subsystem=None)
Telemetry(timestamp='27.05.2023 11:56:03.532269', value='9.000000', node='ubuntu', metric='tx', subsystem='enp0s25')
Telemetry(timestamp='27.05.2023 11:56:03.706648', value='5.000000', node='ubuntu', metric='rx', subsystem='enp0s25')
Telemetry(timestamp='27.05.2023 11:56:04.310328', value='53.000000', node='ubuntu', metric='tx', subsystem='enp0s25')
Telemetry(timestamp='27.05.2023 11:56:04.313690', value='2.590674', node='ubuntu', metric='cpu', subsystem=None)
Telemetry(timestamp='27.05.2023 11:56:04.204297', value='2027.000000', node='ubuntu', metric='rx', subsystem='enp0s25')
Telemetry(timestamp='27.05.2023 11:56:04.530020', value='1076588.000000', node='ubuntu', metric='ram', subsystem=None)
Telemetry(timestamp='27.05.2023 11:56:04.531032', value='56.000000', node='ubuntu', metric='tx', subsystem='enp0s25')
Telemetry(timestamp='27.05.2023 11:56:04.532323', value='29.591837', node='ubuntu', metric='cpu', subsystem=None)
Telemetry(timestamp='27.05.2023 11:56:04.648774', value='2168.000000', node='ubuntu', metric='rx', subsystem='enp0s25')
Telemetry(timestamp='27.05.2023 11:56:05.306201', value='8.673469', node='ubuntu', metric='cpu', subsystem=None)
Telemetry(timestamp='27.05.2023 11:56:05.329709', value='52.000000', node='ubuntu', metric='tx', subsystem='enp0s25')
Telemetry(timestamp='27.05.2023 11:56:05.238677', value='1977.000000', node='ubuntu', metric='rx', subsystem='enp0s25')
Telemetry(timestamp='27.05.2023 11:56:05.530464', value='1077116.000000', node='ubuntu', metric='ram', subsystem=None)
Telemetry(timestamp='27.05.2023 11:56:05.530619', value='57.000000', node='ubuntu', metric='tx', subsystem='enp0s25')
Telemetry(timestamp='27.05.2023 11:56:05.530754', value='24.102564', node='ubuntu', metric='cpu', subsystem=None)
Telemetry(timestamp='27.05.2023 11:56:05.530871', value='0.460000', node='ubuntu', metric='load1', subsystem=None)
Telemetry(timestamp='27.05.2023 11:56:05.559253', value='2169.000000', node='ubuntu', metric='rx', subsystem='enp0s25')
Telemetry(timestamp='27.05.2023 11:56:05.572094', value='0.100000', node='ubuntu', metric='load5', subsystem=None)
Telemetry(timestamp='27.05.2023 11:56:06.309042', value='12.371134', node='ubuntu', metric='cpu', subsystem=None)
Telemetry(timestamp='27.05.2023 11:56:06.323267', value='53.000000', node='ubuntu', metric='tx', subsystem='enp0s25')
Telemetry(timestamp='27.05.2023 11:56:06.159068', value='1968.000000', node='ubuntu', metric='rx', subsystem='enp0s25')
Telemetry(timestamp='27.05.2023 11:56:06.530565', value='22.335025', node='ubuntu', metric='cpu', subsystem=None)
Telemetry(timestamp='27.05.2023 11:56:06.530579', value='1080412.000000', node='ubuntu', metric='ram', subsystem=None)
Telemetry(timestamp='27.05.2023 11:56:06.532268', value='57.000000', node='ubuntu', metric='tx', subsystem='enp0s25')
Telemetry(timestamp='27.05.2023 11:56:06.694642', value='2168.000000', node='ubuntu', metric='rx', subsystem='enp0s25')
Telemetry(timestamp='27.05.2023 11:56:07.307461', value='14.210526', node='ubuntu', metric='cpu', subsystem=None)
Telemetry(timestamp='27.05.2023 11:56:07.311940', value='52.000000', node='ubuntu', metric='tx', subsystem='enp0s25')
Telemetry(timestamp='27.05.2023 11:56:07.193901', value='1965.000000', node='ubuntu', metric='rx', subsystem='enp0s25')
Telemetry(timestamp='27.05.2023 11:56:07.530442', value='19.095477', node='ubuntu', metric='cpu', subsystem=None)
Telemetry(timestamp='27.05.2023 11:56:07.530536', value='1095148.000000', node='ubuntu', metric='ram', subsystem=None)
Telemetry(timestamp='27.05.2023 11:56:07.533156', value='57.000000', node='ubuntu', metric='tx', subsystem='enp0s25')
Telemetry(timestamp='27.05.2023 11:56:07.728791', value='2168.000000', node='ubuntu', metric='rx', subsystem='enp0s25')
Telemetry(timestamp='27.05.2023 11:56:08.310457', value='49.000000', node='ubuntu', metric='tx', subsystem='enp0s25')
Telemetry(timestamp='27.05.2023 11:56:08.313923', value='23.316062', node='ubuntu', metric='cpu', subsystem=None)
Telemetry(timestamp='27.05.2023 11:56:08.213678', value='1865.000000', node='ubuntu', metric='rx', subsystem='enp0s25')
Telemetry(timestamp='27.05.2023 11:56:08.530455', value='55.000000', node='ubuntu', metric='tx', subsystem='enp0s25')
Telemetry(timestamp='27.05.2023 11:56:08.530862', value='18.500000', node='ubuntu', metric='cpu', subsystem=None)
Telemetry(timestamp='27.05.2023 11:56:08.530953', value='1091144.000000', node='ubuntu', metric='ram', subsystem=None)
Telemetry(timestamp='27.05.2023 11:56:08.715558', value='2168.000000', node='ubuntu', metric='rx', subsystem='enp0s25')
Telemetry(timestamp='27.05.2023 11:56:09.312086', value='18.518519', node='ubuntu', metric='cpu', subsystem=None)
Telemetry(timestamp='27.05.2023 11:56:09.320054', value='57.000000', node='ubuntu', metric='tx', subsystem='enp0s25')
Telemetry(timestamp='27.05.2023 11:56:09.243302', value='1942.000000', node='ubuntu', metric='rx', subsystem='enp0s25')
Telemetry(timestamp='27.05.2023 11:56:09.529720', value='1080876.000000', node='ubuntu', metric='ram', subsystem=None)
Telemetry(timestamp='27.05.2023 11:56:09.531817', value='62.000000', node='ubuntu', metric='tx', subsystem='enp0s25')
Telemetry(timestamp='27.05.2023 11:56:09.531856', value='6.701031', node='ubuntu', metric='cpu', subsystem=None)
Telemetry(timestamp='27.05.2023 11:56:09.764950', value='2169.000000', node='ubuntu', metric='rx', subsystem='enp0s25')
Telemetry(timestamp='27.05.2023 11:56:10.316725', value='41.000000', node='ubuntu', metric='tx', subsystem='enp0s25')
Telemetry(timestamp='27.05.2023 11:56:10.317084', value='31.606218', node='ubuntu', metric='cpu', subsystem=None)
Telemetry(timestamp='27.05.2023 11:56:10.256312', value='1464.000000', node='ubuntu', metric='rx', subsystem='enp0s25')
Telemetry(timestamp='27.05.2023 11:56:10.530490', value='0.660000', node='ubuntu', metric='load1', subsystem=None)
Telemetry(timestamp='27.05.2023 11:56:10.530494', value='0.150000', node='ubuntu', metric='load5', subsystem=None)
Telemetry(timestamp='27.05.2023 11:56:10.531187', value='4.166667', node='ubuntu', metric='cpu', subsystem=None)
Telemetry(timestamp='27.05.2023 11:56:10.531396', value='57.000000', node='ubuntu', metric='tx', subsystem='enp0s25')
Telemetry(timestamp='27.05.2023 11:56:10.532461', value='1083876.000000', node='ubuntu', metric='ram', subsystem=None)
Telemetry(timestamp='27.05.2023 11:56:10.679638', value='2168.000000', node='ubuntu', metric='rx', subsystem='enp0s25')
Telemetry(timestamp='27.05.2023 11:56:11.307978', value='54.000000', node='ubuntu', metric='tx', subsystem='enp0s25')
Telemetry(timestamp='27.05.2023 11:56:11.332400', value='32.124352', node='ubuntu', metric='cpu', subsystem=None)
Telemetry(timestamp='27.05.2023 11:56:11.399904', value='2067.000000', node='ubuntu', metric='rx', subsystem='enp0s25')
Telemetry(timestamp='27.05.2023 11:56:11.530653', value='1086476.000000', node='ubuntu', metric='ram', subsystem=None)
Telemetry(timestamp='27.05.2023 11:56:11.531583', value='4.081633', node='ubuntu', metric='cpu', subsystem=None)
Telemetry(timestamp='27.05.2023 11:56:11.532966', value='59.000000', node='ubuntu', metric='tx', subsystem='enp0s25')
Telemetry(timestamp='27.05.2023 11:56:11.703387', value='2167.000000', node='ubuntu', metric='rx', subsystem='enp0s25')
Telemetry(timestamp='27.05.2023 11:56:12.305897', value='32.474227', node='ubuntu', metric='cpu', subsystem=None)
Telemetry(timestamp='27.05.2023 11:56:12.321343', value='57.000000', node='ubuntu', metric='tx', subsystem='enp0s25')
Telemetry(timestamp='27.05.2023 11:56:12.547951', value='2094.000000', node='ubuntu', metric='rx', subsystem='enp0s25')
Telemetry(timestamp='27.05.2023 11:56:12.530832', value='1090900.000000', node='ubuntu', metric='ram', subsystem=None)
Telemetry(timestamp='27.05.2023 11:56:12.531200', value='4.663212', node='ubuntu', metric='cpu', subsystem=None)
Telemetry(timestamp='27.05.2023 11:56:12.532052', value='53.000000', node='ubuntu', metric='tx', subsystem='enp0s25')
Telemetry(timestamp='27.05.2023 11:56:12.556614', value='1911.000000', node='ubuntu', metric='rx', subsystem='enp0s25')
Telemetry(timestamp='27.05.2023 11:56:13.312515', value='25.257732', node='ubuntu', metric='cpu', subsystem=None)
Telemetry(timestamp='27.05.2023 11:56:13.312871', value='59.000000', node='ubuntu', metric='tx', subsystem='enp0s25')
Telemetry(timestamp='27.05.2023 11:56:13.150634', value='2168.000000', node='ubuntu', metric='rx', subsystem='enp0s25')
Telemetry(timestamp='27.05.2023 11:56:13.530110', value='11.458333', node='ubuntu', metric='cpu', subsystem=None)
Telemetry(timestamp='27.05.2023 11:56:13.530398', value='1089384.000000', node='ubuntu', metric='ram', subsystem=None)
Telemetry(timestamp='27.05.2023 11:56:13.533085', value='55.000000', node='ubuntu', metric='tx', subsystem='enp0s25')
Telemetry(timestamp='27.05.2023 11:56:13.769320', value='2000.000000', node='ubuntu', metric='rx', subsystem='enp0s25')
Telemetry(timestamp='27.05.2023 11:56:14.302351', value='59.000000', node='ubuntu', metric='tx', subsystem='enp0s25')
Telemetry(timestamp='27.05.2023 11:56:14.302469', value='23.076923', node='ubuntu', metric='cpu', subsystem=None)
Telemetry(timestamp='27.05.2023 11:56:14.168777', value='2169.000000', node='ubuntu', metric='rx', subsystem='enp0s25')
Telemetry(timestamp='27.05.2023 11:56:14.530301', value='13.157895', node='ubuntu', metric='cpu', subsystem=None)
Telemetry(timestamp='27.05.2023 11:56:14.530327', value='1081916.000000', node='ubuntu', metric='ram', subsystem=None)
Telemetry(timestamp='27.05.2023 11:56:14.531341', value='52.000000', node='ubuntu', metric='tx', subsystem='enp0s25')
Telemetry(timestamp='27.05.2023 11:56:14.674541', value='1967.000000', node='ubuntu', metric='rx', subsystem='enp0s25')
Telemetry(timestamp='27.05.2023 11:56:15.301372', value='59.000000', node='ubuntu', metric='tx', subsystem='enp0s25')
Telemetry(timestamp='27.05.2023 11:56:15.303957', value='21.538462', node='ubuntu', metric='cpu', subsystem=None)
Telemetry(timestamp='27.05.2023 11:56:15.173260', value='2168.000000', node='ubuntu', metric='rx', subsystem='enp0s25')
Telemetry(timestamp='27.05.2023 11:56:15.530123', value='0.690000', node='ubuntu', metric='load1', subsystem=None)
Telemetry(timestamp='27.05.2023 11:56:15.530127', value='0.170000', node='ubuntu', metric='load5', subsystem=None)
Telemetry(timestamp='27.05.2023 11:56:15.530248', value='1087232.000000', node='ubuntu', metric='ram', subsystem=None)
Telemetry(timestamp='27.05.2023 11:56:15.530648', value='16.756757', node='ubuntu', metric='cpu', subsystem=None)
Telemetry(timestamp='27.05.2023 11:56:15.531447', value='57.000000', node='ubuntu', metric='tx', subsystem='enp0s25')
Telemetry(timestamp='27.05.2023 11:56:15.695583', value='1876.000000', node='ubuntu', metric='rx', subsystem='enp0s25')
Telemetry(timestamp='27.05.2023 11:56:16.306698', value='61.000000', node='ubuntu', metric='tx', subsystem='enp0s25')
Telemetry(timestamp='27.05.2023 11:56:16.307436', value='17.948718', node='ubuntu', metric='cpu', subsystem=None)
Telemetry(timestamp='27.05.2023 11:56:16.179613', value='2169.000000', node='ubuntu', metric='rx', subsystem='enp0s25')
Telemetry(timestamp='27.05.2023 11:56:16.530478', value='1092708.000000', node='ubuntu', metric='ram', subsystem=None)
Telemetry(timestamp='27.05.2023 11:56:16.530743', value='20.526316', node='ubuntu', metric='cpu', subsystem=None)
Telemetry(timestamp='27.05.2023 11:56:16.531385', value='57.000000', node='ubuntu', metric='tx', subsystem='enp0s25')
Telemetry(timestamp='27.05.2023 11:56:16.727961', value='1683.000000', node='ubuntu', metric='rx', subsystem='enp0s25')
Telemetry(timestamp='27.05.2023 11:56:17.303938', value='11.340206', node='ubuntu', metric='cpu', subsystem=None)
Telemetry(timestamp='27.05.2023 11:56:17.317679', value='68.000000', node='ubuntu', metric='tx', subsystem='enp0s25')
Telemetry(timestamp='27.05.2023 11:56:17.122285', value='2169.000000', node='ubuntu', metric='rx', subsystem='enp0s25')
Telemetry(timestamp='27.05.2023 11:56:17.529996', value='1088984.000000', node='ubuntu', metric='ram', subsystem=None)
Telemetry(timestamp='27.05.2023 11:56:17.530667', value='23.560209', node='ubuntu', metric='cpu', subsystem=None)
Telemetry(timestamp='27.05.2023 11:56:17.530875', value='51.000000', node='ubuntu', metric='tx', subsystem='enp0s25')
Telemetry(timestamp='27.05.2023 11:56:17.642455', value='1821.000000', node='ubuntu', metric='rx', subsystem='enp0s25')
Telemetry(timestamp='27.05.2023 11:56:18.310356', value='57.000000', node='ubuntu', metric='tx', subsystem='enp0s25')
Telemetry(timestamp='27.05.2023 11:56:18.310757', value='8.762887', node='ubuntu', metric='cpu', subsystem=None)
Telemetry(timestamp='27.05.2023 11:56:18.203154', value='2168.000000', node='ubuntu', metric='rx', subsystem='enp0s25')
Telemetry(timestamp='27.05.2023 11:56:18.530268', value='1083580.000000', node='ubuntu', metric='ram', subsystem=None)
Telemetry(timestamp='27.05.2023 11:56:18.530447', value='52.000000', node='ubuntu', metric='tx', subsystem='enp0s25')
Telemetry(timestamp='27.05.2023 11:56:18.531241', value='30.456853', node='ubuntu', metric='cpu', subsystem=None)
Telemetry(timestamp='27.05.2023 11:56:18.766392', value='2015.000000', node='ubuntu', metric='rx', subsystem='enp0s25')
Telemetry(timestamp='27.05.2023 11:56:19.303618', value='4.712042', node='ubuntu', metric='cpu', subsystem=None)
Telemetry(timestamp='27.05.2023 11:56:19.311431', value='56.000000', node='ubuntu', metric='tx', subsystem='enp0s25')
Telemetry(timestamp='27.05.2023 11:56:19.452718', value='2168.000000', node='ubuntu', metric='rx', subsystem='enp0s25')
Telemetry(timestamp='27.05.2023 11:56:19.530033', value='1083596.000000', node='ubuntu', metric='ram', subsystem=None)
Telemetry(timestamp='27.05.2023 11:56:19.530889', value='33.333333', node='ubuntu', metric='cpu', subsystem=None)
Telemetry(timestamp='27.05.2023 11:56:19.531101', value='52.000000', node='ubuntu', metric='tx', subsystem='enp0s25')
Telemetry(timestamp='27.05.2023 11:56:19.591962', value='1988.000000', node='ubuntu', metric='rx', subsystem='enp0s25')
Telemetry(timestamp='27.05.2023 11:56:20.309138', value='1.562500', node='ubuntu', metric='cpu', subsystem=None)
Telemetry(timestamp='27.05.2023 11:56:20.313856', value='56.000000', node='ubuntu', metric='tx', subsystem='enp0s25')
Telemetry(timestamp='27.05.2023 11:56:20.196159', value='2027.000000', node='ubuntu', metric='rx', subsystem='enp0s25')
Telemetry(timestamp='27.05.2023 11:56:20.530578', value='0.630000', node='ubuntu', metric='load1', subsystem=None)
Telemetry(timestamp='27.05.2023 11:56:20.530579', value='0.160000', node='ubuntu', metric='load5', subsystem=None)
Telemetry(timestamp='27.05.2023 11:56:20.530658', value='57.000000', node='ubuntu', metric='tx', subsystem='enp0s25')
Telemetry(timestamp='27.05.2023 11:56:20.531310', value='27.692308', node='ubuntu', metric='cpu', subsystem=None)
Telemetry(timestamp='27.05.2023 11:56:20.531470', value='1066728.000000', node='ubuntu', metric='ram', subsystem=None)
Telemetry(timestamp='27.05.2023 11:56:20.582878', value='2118.000000', node='ubuntu', metric='rx', subsystem='enp0s25')
Telemetry(timestamp='27.05.2023 11:56:21.325265', value='51.000000', node='ubuntu', metric='tx', subsystem='enp0s25')
Telemetry(timestamp='27.05.2023 11:56:21.326483', value='9.183673', node='ubuntu', metric='cpu', subsystem=None)
Telemetry(timestamp='27.05.2023 11:56:21.111171', value='1827.000000', node='ubuntu', metric='rx', subsystem='enp0s25')
Telemetry(timestamp='27.05.2023 11:56:21.530120', value='1079336.000000', node='ubuntu', metric='ram', subsystem=None)
Telemetry(timestamp='27.05.2023 11:56:21.530696', value='22.842640', node='ubuntu', metric='cpu', subsystem=None)
Telemetry(timestamp='27.05.2023 11:56:21.531353', value='59.000000', node='ubuntu', metric='tx', subsystem='enp0s25')
Telemetry(timestamp='27.05.2023 11:56:21.735820', value='2169.000000', node='ubuntu', metric='rx', subsystem='enp0s25')
Telemetry(timestamp='27.05.2023 11:56:22.306571', value='14.062500', node='ubuntu', metric='cpu', subsystem=None)
Telemetry(timestamp='27.05.2023 11:56:22.315397', value='55.000000', node='ubuntu', metric='tx', subsystem='enp0s25')
Telemetry(timestamp='27.05.2023 11:56:22.243943', value='1921.000000', node='ubuntu', metric='rx', subsystem='enp0s25')
Telemetry(timestamp='27.05.2023 11:56:22.530646', value='1094448.000000', node='ubuntu', metric='ram', subsystem=None)
Telemetry(timestamp='27.05.2023 11:56:22.530732', value='18.367347', node='ubuntu', metric='cpu', subsystem=None)
Telemetry(timestamp='27.05.2023 11:56:22.531133', value='61.000000', node='ubuntu', metric='tx', subsystem='enp0s25')
Telemetry(timestamp='27.05.2023 11:56:22.757530', value='2169.000000', node='ubuntu', metric='rx', subsystem='enp0s25')
Telemetry(timestamp='27.05.2023 11:56:23.309313', value='16.145833', node='ubuntu', metric='cpu', subsystem=None)
Telemetry(timestamp='27.05.2023 11:56:23.321051', value='31.000000', node='ubuntu', metric='tx', subsystem='enp0s25')
Telemetry(timestamp='27.05.2023 11:56:23.167649', value='842.000000', node='ubuntu', metric='rx', subsystem='enp0s25')
Telemetry(timestamp='27.05.2023 11:56:23.531284', value='2.604167', node='ubuntu', metric='cpu', subsystem=None)
Telemetry(timestamp='27.05.2023 11:56:23.531590', value='1096944.000000', node='ubuntu', metric='ram', subsystem=None)
Telemetry(timestamp='27.05.2023 11:56:23.532002', value='62.000000', node='ubuntu', metric='tx', subsystem='enp0s25')
Telemetry(timestamp='27.05.2023 11:56:23.688592', value='1925.000000', node='ubuntu', metric='rx', subsystem='enp0s25')
Telemetry(timestamp='27.05.2023 11:56:24.312158', value='26.633166', node='ubuntu', metric='cpu', subsystem=None)
Telemetry(timestamp='27.05.2023 11:56:24.324220', value='63.000000', node='ubuntu', metric='tx', subsystem='enp0s25')
Telemetry(timestamp='27.05.2023 11:56:24.213554', value='2068.000000', node='ubuntu', metric='rx', subsystem='enp0s25')
Telemetry(timestamp='27.05.2023 11:56:24.530754', value='12.500000', node='ubuntu', metric='cpu', subsystem=None)
Telemetry(timestamp='27.05.2023 11:56:24.530954', value='1087680.000000', node='ubuntu', metric='ram', subsystem=None)
Telemetry(timestamp='27.05.2023 11:56:24.533328', value='54.000000', node='ubuntu', metric='tx', subsystem='enp0s25')
Telemetry(timestamp='27.05.2023 11:56:24.700742', value='1958.000000', node='ubuntu', metric='rx', subsystem='enp0s25')
Telemetry(timestamp='27.05.2023 11:56:25.302784', value='57.000000', node='ubuntu', metric='tx', subsystem='enp0s25')
Telemetry(timestamp='27.05.2023 11:56:25.315579', value='24.873096', node='ubuntu', metric='cpu', subsystem=None)
Telemetry(timestamp='27.05.2023 11:56:25.214443', value='2169.000000', node='ubuntu', metric='rx', subsystem='enp0s25')
Telemetry(timestamp='27.05.2023 11:56:25.530092', value='0.660000', node='ubuntu', metric='load1', subsystem=None)
Telemetry(timestamp='27.05.2023 11:56:25.530096', value='0.180000', node='ubuntu', metric='load5', subsystem=None)
Telemetry(timestamp='27.05.2023 11:56:25.530188', value='1091144.000000', node='ubuntu', metric='ram', subsystem=None)
Telemetry(timestamp='27.05.2023 11:56:25.531042', value='12.631579', node='ubuntu', metric='cpu', subsystem=None)
Telemetry(timestamp='27.05.2023 11:56:25.532331', value='51.000000', node='ubuntu', metric='tx', subsystem='enp0s25')
Telemetry(timestamp='27.05.2023 11:56:25.724740', value='1954.000000', node='ubuntu', metric='rx', subsystem='enp0s25')
Telemetry(timestamp='27.05.2023 11:56:26.300954', value='20.304569', node='ubuntu', metric='cpu', subsystem=None)
Telemetry(timestamp='27.05.2023 11:56:26.313449', value='57.000000', node='ubuntu', metric='tx', subsystem='enp0s25')
Telemetry(timestamp='27.05.2023 11:56:26.252611', value='2169.000000', node='ubuntu', metric='rx', subsystem='enp0s25')
Telemetry(timestamp='27.05.2023 11:56:26.529987', value='18.229167', node='ubuntu', metric='cpu', subsystem=None)
Telemetry(timestamp='27.05.2023 11:56:26.530068', value='1088356.000000', node='ubuntu', metric='ram', subsystem=None)
Telemetry(timestamp='27.05.2023 11:56:26.531105', value='52.000000', node='ubuntu', metric='tx', subsystem='enp0s25')
Telemetry(timestamp='27.05.2023 11:56:26.763958', value='1918.000000', node='ubuntu', metric='rx', subsystem='enp0s25')
Telemetry(timestamp='27.05.2023 11:56:27.307779', value='56.000000', node='ubuntu', metric='tx', subsystem='enp0s25')
Telemetry(timestamp='27.05.2023 11:56:27.308541', value='17.171717', node='ubuntu', metric='cpu', subsystem=None)
Telemetry(timestamp='27.05.2023 11:56:27.240932', value='2168.000000', node='ubuntu', metric='rx', subsystem='enp0s25')
Telemetry(timestamp='27.05.2023 11:56:27.530285', value='1083368.000000', node='ubuntu', metric='ram', subsystem=None)
Telemetry(timestamp='27.05.2023 11:56:27.531129', value='20.207254', node='ubuntu', metric='cpu', subsystem=None)
Telemetry(timestamp='27.05.2023 11:56:27.531660', value='56.000000', node='ubuntu', metric='tx', subsystem='enp0s25')
Telemetry(timestamp='27.05.2023 11:56:27.675252', value='1962.000000', node='ubuntu', metric='rx', subsystem='enp0s25')
Telemetry(timestamp='27.05.2023 11:56:28.304559', value='16.326531', node='ubuntu', metric='cpu', subsystem=None)
Telemetry(timestamp='27.05.2023 11:56:28.319822', value='59.000000', node='ubuntu', metric='tx', subsystem='enp0s25')
Telemetry(timestamp='27.05.2023 11:56:28.130824', value='2169.000000', node='ubuntu', metric='rx', subsystem='enp0s25')
Telemetry(timestamp='27.05.2023 11:56:28.530471', value='1082176.000000', node='ubuntu', metric='ram', subsystem=None)
Telemetry(timestamp='27.05.2023 11:56:28.530940', value='22.513089', node='ubuntu', metric='cpu', subsystem=None)
Telemetry(timestamp='27.05.2023 11:56:28.533053', value='59.000000', node='ubuntu', metric='tx', subsystem='enp0s25')
Telemetry(timestamp='27.05.2023 11:56:28.708018', value='1961.000000', node='ubuntu', metric='rx', subsystem='enp0s25')
Telemetry(timestamp='27.05.2023 11:56:29.308882', value='12.886598', node='ubuntu', metric='cpu', subsystem=None)
Telemetry(timestamp='27.05.2023 11:56:29.309926', value='64.000000', node='ubuntu', metric='tx', subsystem='enp0s25')
Telemetry(timestamp='27.05.2023 11:56:29.107653', value='2169.000000', node='ubuntu', metric='rx', subsystem='enp0s25')
Telemetry(timestamp='27.05.2023 11:56:29.530804', value='1079416.000000', node='ubuntu', metric='ram', subsystem=None)
Telemetry(timestamp='27.05.2023 11:56:29.530824', value='51.000000', node='ubuntu', metric='tx', subsystem='enp0s25')
Telemetry(timestamp='27.05.2023 11:56:29.530972', value='25.128205', node='ubuntu', metric='cpu', subsystem=None)
Telemetry(timestamp='27.05.2023 11:56:29.705872', value='1915.000000', node='ubuntu', metric='rx', subsystem='enp0s25')
Telemetry(timestamp='27.05.2023 11:56:30.306802', value='11.578947', node='ubuntu', metric='cpu', subsystem=None)
Telemetry(timestamp='27.05.2023 11:56:30.320252', value='57.000000', node='ubuntu', metric='tx', subsystem='enp0s25')
Telemetry(timestamp='27.05.2023 11:56:30.658490', value='2168.000000', node='ubuntu', metric='rx', subsystem='enp0s25')
Telemetry(timestamp='27.05.2023 11:56:30.530518', value='26.701571', node='ubuntu', metric='cpu', subsystem=None)
Telemetry(timestamp='27.05.2023 11:56:30.530555', value='0.690000', node='ubuntu', metric='load1', subsystem=None)
Telemetry(timestamp='27.05.2023 11:56:30.530603', value='1078592.000000', node='ubuntu', metric='ram', subsystem=None)
Telemetry(timestamp='27.05.2023 11:56:30.531615', value='50.000000', node='ubuntu', metric='tx', subsystem='enp0s25')
Telemetry(timestamp='27.05.2023 11:56:30.718283', value='0.190000', node='ubuntu', metric='load5', subsystem=None)
Telemetry(timestamp='27.05.2023 11:56:30.753510', value='1900.000000', node='ubuntu', metric='rx', subsystem='enp0s25')
Telemetry(timestamp='27.05.2023 11:56:31.306672', value='3.664921', node='ubuntu', metric='cpu', subsystem=None)
Telemetry(timestamp='27.05.2023 11:56:31.310229', value='57.000000', node='ubuntu', metric='tx', subsystem='enp0s25')
Telemetry(timestamp='27.05.2023 11:56:31.267567', value='2168.000000', node='ubuntu', metric='rx', subsystem='enp0s25')
Telemetry(timestamp='27.05.2023 11:56:31.529756', value='1088436.000000', node='ubuntu', metric='ram', subsystem=None)
Telemetry(timestamp='27.05.2023 11:56:31.530558', value='31.443299', node='ubuntu', metric='cpu', subsystem=None)
Telemetry(timestamp='27.05.2023 11:56:31.531745', value='53.000000', node='ubuntu', metric='tx', subsystem='enp0s25')
Telemetry(timestamp='27.05.2023 11:56:31.668156', value='2011.000000', node='ubuntu', metric='rx', subsystem='enp0s25')
Telemetry(timestamp='27.05.2023 11:56:32.309001', value='2.094241', node='ubuntu', metric='cpu', subsystem=None)
Telemetry(timestamp='27.05.2023 11:56:32.316275', value='57.000000', node='ubuntu', metric='tx', subsystem='enp0s25')
Telemetry(timestamp='27.05.2023 11:56:32.173957', value='1898.000000', node='ubuntu', metric='rx', subsystem='enp0s25')
Telemetry(timestamp='27.05.2023 11:56:32.530421', value='58.000000', node='ubuntu', metric='tx', subsystem='enp0s25')
Telemetry(timestamp='27.05.2023 11:56:32.530535', value='1077896.000000', node='ubuntu', metric='ram', subsystem=None)
Telemetry(timestamp='27.05.2023 11:56:32.531250', value='25.510204', node='ubuntu', metric='cpu', subsystem=None)
Telemetry(timestamp='27.05.2023 11:56:32.670840', value='2041.000000', node='ubuntu', metric='rx', subsystem='enp0s25')
Telemetry(timestamp='27.05.2023 11:56:33.307511', value='11.734694', node='ubuntu', metric='cpu', subsystem=None)
Telemetry(timestamp='27.05.2023 11:56:33.323074', value='52.000000', node='ubuntu', metric='tx', subsystem='enp0s25')
Telemetry(timestamp='27.05.2023 11:56:33.209003', value='1962.000000', node='ubuntu', metric='rx', subsystem='enp0s25')
Telemetry(timestamp='27.05.2023 11:56:33.530201', value='21.538462', node='ubuntu', metric='cpu', subsystem=None)
Telemetry(timestamp='27.05.2023 11:56:33.530274', value='1071772.000000', node='ubuntu', metric='ram', subsystem=None)
Telemetry(timestamp='27.05.2023 11:56:33.531213', value='56.000000', node='ubuntu', metric='tx', subsystem='enp0s25')
Telemetry(timestamp='27.05.2023 11:56:33.731040', value='2169.000000', node='ubuntu', metric='rx', subsystem='enp0s25')
Telemetry(timestamp='27.05.2023 11:56:34.309911', value='15.979381', node='ubuntu', metric='cpu', subsystem=None)
Telemetry(timestamp='27.05.2023 11:56:34.310061', value='51.000000', node='ubuntu', metric='tx', subsystem='enp0s25')
Telemetry(timestamp='27.05.2023 11:56:34.218043', value='1894.000000', node='ubuntu', metric='rx', subsystem='enp0s25')
Telemetry(timestamp='27.05.2023 11:56:34.529869', value='1087444.000000', node='ubuntu', metric='ram', subsystem=None)
Telemetry(timestamp='27.05.2023 11:56:34.530808', value='59.000000', node='ubuntu', metric='tx', subsystem='enp0s25')
Telemetry(timestamp='27.05.2023 11:56:34.531964', value='18.877551', node='ubuntu', metric='cpu', subsystem=None)
Telemetry(timestamp='27.05.2023 11:56:34.738432', value='2169.000000', node='ubuntu', metric='rx', subsystem='enp0s25')
Telemetry(timestamp='27.05.2023 11:56:35.301241', value='18.716578', node='ubuntu', metric='cpu', subsystem=None)
Telemetry(timestamp='27.05.2023 11:56:35.321809', value='58.000000', node='ubuntu', metric='tx', subsystem='enp0s25')
Telemetry(timestamp='27.05.2023 11:56:35.247340', value='1763.000000', node='ubuntu', metric='rx', subsystem='enp0s25')
Telemetry(timestamp='27.05.2023 11:56:35.530518', value='65.000000', node='ubuntu', metric='tx', subsystem='enp0s25')
Telemetry(timestamp='27.05.2023 11:56:35.530617', value='1091424.000000', node='ubuntu', metric='ram', subsystem=None)
Telemetry(timestamp='27.05.2023 11:56:35.530703', value='13.333333', node='ubuntu', metric='cpu', subsystem=None)
Telemetry(timestamp='27.05.2023 11:56:35.530706', value='0.630000', node='ubuntu', metric='load1', subsystem=None)
Telemetry(timestamp='27.05.2023 11:56:35.739622', value='2169.000000', node='ubuntu', metric='rx', subsystem='enp0s25')
Telemetry(timestamp='27.05.2023 11:56:35.754905', value='0.190000', node='ubuntu', metric='load5', subsystem=None)
Telemetry(timestamp='27.05.2023 11:56:36.310767', value='56.000000', node='ubuntu', metric='tx', subsystem='enp0s25')
Telemetry(timestamp='27.05.2023 11:56:36.318163', value='24.489796', node='ubuntu', metric='cpu', subsystem=None)
Telemetry(timestamp='27.05.2023 11:56:36.261609', value='1885.000000', node='ubuntu', metric='rx', subsystem='enp0s25')
Telemetry(timestamp='27.05.2023 11:56:36.531147', value='74.000000', node='ubuntu', metric='tx', subsystem='enp0s25')
Telemetry(timestamp='27.05.2023 11:56:36.531394', value='8.717949', node='ubuntu', metric='cpu', subsystem=None)
Telemetry(timestamp='27.05.2023 11:56:36.531626', value='1089536.000000', node='ubuntu', metric='ram', subsystem=None)
Telemetry(timestamp='27.05.2023 11:56:36.669704', value='2169.000000', node='ubuntu', metric='rx', subsystem='enp0s25')
Telemetry(timestamp='27.05.2023 11:56:37.306173', value='28.865979', node='ubuntu', metric='cpu', subsystem=None)
Telemetry(timestamp='27.05.2023 11:56:37.333000', value='59.000000', node='ubuntu', metric='tx', subsystem='enp0s25')
Telemetry(timestamp='27.05.2023 11:56:37.195011', value='1707.000000', node='ubuntu', metric='rx', subsystem='enp0s25')
Telemetry(timestamp='27.05.2023 11:56:37.530561', value='1088388.000000', node='ubuntu', metric='ram', subsystem=None)
Telemetry(timestamp='27.05.2023 11:56:37.531976', value='61.000000', node='ubuntu', metric='tx', subsystem='enp0s25')
Telemetry(timestamp='27.05.2023 11:56:37.532112', value='3.645833', node='ubuntu', metric='cpu', subsystem=None)
Telemetry(timestamp='27.05.2023 11:56:37.703371', value='2168.000000', node='ubuntu', metric='rx', subsystem='enp0s25')
Telemetry(timestamp='27.05.2023 11:56:38.304304', value='33.160622', node='ubuntu', metric='cpu', subsystem=None)
Telemetry(timestamp='27.05.2023 11:56:38.311207', value='53.000000', node='ubuntu', metric='tx', subsystem='enp0s25')
Telemetry(timestamp='27.05.2023 11:56:38.141508', value='1897.000000', node='ubuntu', metric='rx', subsystem='enp0s25')
Telemetry(timestamp='27.05.2023 11:56:38.531008', value='1084492.000000', node='ubuntu', metric='ram', subsystem=None)
Telemetry(timestamp='27.05.2023 11:56:38.531157', value='6.153846', node='ubuntu', metric='cpu', subsystem=None)
Telemetry(timestamp='27.05.2023 11:56:38.531961', value='54.000000', node='ubuntu', metric='tx', subsystem='enp0s25')
Telemetry(timestamp='27.05.2023 11:56:38.741610', value='1947.000000', node='ubuntu', metric='rx', subsystem='enp0s25')
Telemetry(timestamp='27.05.2023 11:56:39.313828', value='27.918782', node='ubuntu', metric='cpu', subsystem=None)
Telemetry(timestamp='27.05.2023 11:56:39.314899', value='58.000000', node='ubuntu', metric='tx', subsystem='enp0s25')
Telemetry(timestamp='27.05.2023 11:56:39.138098', value='2169.000000', node='ubuntu', metric='rx', subsystem='enp0s25')
Telemetry(timestamp='27.05.2023 11:56:39.530900', value='10.471204', node='ubuntu', metric='cpu', subsystem=None)
Telemetry(timestamp='27.05.2023 11:56:39.531120', value='1090272.000000', node='ubuntu', metric='ram', subsystem=None)
Telemetry(timestamp='27.05.2023 11:56:39.531910', value='50.000000', node='ubuntu', metric='tx', subsystem='enp0s25')
Telemetry(timestamp='27.05.2023 11:56:39.758945', value='1842.000000', node='ubuntu', metric='rx', subsystem='enp0s25')
Telemetry(timestamp='27.05.2023 11:56:40.304218', value='58.000000', node='ubuntu', metric='tx', subsystem='enp0s25')
Telemetry(timestamp='27.05.2023 11:56:40.315146', value='23.500000', node='ubuntu', metric='cpu', subsystem=None)
Telemetry(timestamp='27.05.2023 11:56:40.172883', value='2168.000000', node='ubuntu', metric='rx', subsystem='enp0s25')
Telemetry(timestamp='27.05.2023 11:56:40.530123', value='0.660000', node='ubuntu', metric='load1', subsystem=None)
Telemetry(timestamp='27.05.2023 11:56:40.530126', value='0.200000', node='ubuntu', metric='load5', subsystem=None)
Telemetry(timestamp='27.05.2023 11:56:40.530391', value='16.145833', node='ubuntu', metric='cpu', subsystem=None)
Telemetry(timestamp='27.05.2023 11:56:40.530470', value='1087932.000000', node='ubuntu', metric='ram', subsystem=None)
Telemetry(timestamp='27.05.2023 11:56:40.532570', value='60.000000', node='ubuntu', metric='tx', subsystem='enp0s25')
Telemetry(timestamp='27.05.2023 11:56:40.674409', value='1795.000000', node='ubuntu', metric='rx', subsystem='enp0s25')
Telemetry(timestamp='27.05.2023 11:56:41.302395', value='16.326531', node='ubuntu', metric='cpu', subsystem=None)
Telemetry(timestamp='27.05.2023 11:56:41.303307', value='72.000000', node='ubuntu', metric='tx', subsystem='enp0s25')
Telemetry(timestamp='27.05.2023 11:56:41.207834', value='2169.000000', node='ubuntu', metric='rx', subsystem='enp0s25')
Telemetry(timestamp='27.05.2023 11:56:41.530107', value='20.725389', node='ubuntu', metric='cpu', subsystem=None)
Telemetry(timestamp='27.05.2023 11:56:41.530217', value='1084720.000000', node='ubuntu', metric='ram', subsystem=None)
Telemetry(timestamp='27.05.2023 11:56:41.531793', value='55.000000', node='ubuntu', metric='tx', subsystem='enp0s25')
Telemetry(timestamp='27.05.2023 11:56:41.709891', value='1827.000000', node='ubuntu', metric='rx', subsystem='enp0s25')
Telemetry(timestamp='27.05.2023 11:56:42.302962', value='61.000000', node='ubuntu', metric='tx', subsystem='enp0s25')
Telemetry(timestamp='27.05.2023 11:56:42.303533', value='12.500000', node='ubuntu', metric='cpu', subsystem=None)
Telemetry(timestamp='27.05.2023 11:56:42.119737', value='2168.000000', node='ubuntu', metric='rx', subsystem='enp0s25')
Telemetry(timestamp='27.05.2023 11:56:42.530193', value='23.958333', node='ubuntu', metric='cpu', subsystem=None)
Telemetry(timestamp='27.05.2023 11:56:42.530553', value='1083024.000000', node='ubuntu', metric='ram', subsystem=None)
Telemetry(timestamp='27.05.2023 11:56:42.531059', value='56.000000', node='ubuntu', metric='tx', subsystem='enp0s25')
Telemetry(timestamp='27.05.2023 11:56:42.720371', value='1929.000000', node='ubuntu', metric='rx', subsystem='enp0s25')
Telemetry(timestamp='27.05.2023 11:56:43.302212', value='11.855670', node='ubuntu', metric='cpu', subsystem=None)
Telemetry(timestamp='27.05.2023 11:56:43.314898', value='57.000000', node='ubuntu', metric='tx', subsystem='enp0s25')
Telemetry(timestamp='27.05.2023 11:56:43.142195', value='2168.000000', node='ubuntu', metric='rx', subsystem='enp0s25')
Telemetry(timestamp='27.05.2023 11:56:43.530333', value='27.461140', node='ubuntu', metric='cpu', subsystem=None)
Telemetry(timestamp='27.05.2023 11:56:43.531036', value='1082676.000000', node='ubuntu', metric='ram', subsystem=None)
Telemetry(timestamp='27.05.2023 11:56:43.531689', value='51.000000', node='ubuntu', metric='tx', subsystem='enp0s25')
Telemetry(timestamp='27.05.2023 11:56:43.749900', value='1876.000000', node='ubuntu', metric='rx', subsystem='enp0s25')
Telemetry(timestamp='27.05.2023 11:56:44.305354', value='61.000000', node='ubuntu', metric='tx', subsystem='enp0s25')
Telemetry(timestamp='27.05.2023 11:56:44.305360', value='4.639175', node='ubuntu', metric='cpu', subsystem=None)
Telemetry(timestamp='27.05.2023 11:56:44.305381', value='2169.000000', node='ubuntu', metric='rx', subsystem='enp0s25')
Telemetry(timestamp='27.05.2023 11:56:44.530345', value='1086032.000000', node='ubuntu', metric='ram', subsystem=None)
Telemetry(timestamp='27.05.2023 11:56:44.530989', value='31.958763', node='ubuntu', metric='cpu', subsystem=None)
Telemetry(timestamp='27.05.2023 11:56:44.532269', value='52.000000', node='ubuntu', metric='tx', subsystem='enp0s25')
Telemetry(timestamp='27.05.2023 11:56:44.679241', value='1888.000000', node='ubuntu', metric='rx', subsystem='enp0s25')
Telemetry(timestamp='27.05.2023 11:56:45.304113', value='6.806283', node='ubuntu', metric='cpu', subsystem=None)
Telemetry(timestamp='27.05.2023 11:56:45.319966', value='65.000000', node='ubuntu', metric='tx', subsystem='enp0s25')
Telemetry(timestamp='27.05.2023 11:56:45.493577', value='1674.000000', node='ubuntu', metric='rx', subsystem='enp0s25')
Telemetry(timestamp='27.05.2023 11:56:45.529726', value='0.610000', node='ubuntu', metric='load1', subsystem=None)
Telemetry(timestamp='27.05.2023 11:56:45.529728', value='0.200000', node='ubuntu', metric='load5', subsystem=None)
Telemetry(timestamp='27.05.2023 11:56:45.530168', value='21.538462', node='ubuntu', metric='cpu', subsystem=None)
Telemetry(timestamp='27.05.2023 11:56:45.530231', value='1092292.000000', node='ubuntu', metric='ram', subsystem=None)
Telemetry(timestamp='27.05.2023 11:56:45.530582', value='73.000000', node='ubuntu', metric='tx', subsystem='enp0s25')
Telemetry(timestamp='27.05.2023 11:56:45.713083', value='2097.000000', node='ubuntu', metric='rx', subsystem='enp0s25')
Telemetry(timestamp='27.05.2023 11:56:46.310500', value='49.000000', node='ubuntu', metric='tx', subsystem='enp0s25')
Telemetry(timestamp='27.05.2023 11:56:46.319192', value='17.258883', node='ubuntu', metric='cpu', subsystem=None)
Telemetry(timestamp='27.05.2023 11:56:46.190257', value='1792.000000', node='ubuntu', metric='rx', subsystem='enp0s25')
Telemetry(timestamp='27.05.2023 11:56:46.530578', value='1091652.000000', node='ubuntu', metric='ram', subsystem=None)
Telemetry(timestamp='27.05.2023 11:56:46.531126', value='57.000000', node='ubuntu', metric='tx', subsystem='enp0s25')
Telemetry(timestamp='27.05.2023 11:56:46.532371', value='18.781726', node='ubuntu', metric='cpu', subsystem=None)
Telemetry(timestamp='27.05.2023 11:56:46.677723', value='2169.000000', node='ubuntu', metric='rx', subsystem='enp0s25')
Telemetry(timestamp='27.05.2023 11:56:47.306704', value='20.725389', node='ubuntu', metric='cpu', subsystem=None)
Telemetry(timestamp='27.05.2023 11:56:47.322857', value='52.000000', node='ubuntu', metric='tx', subsystem='enp0s25')
Telemetry(timestamp='27.05.2023 11:56:47.224889', value='1841.000000', node='ubuntu', metric='rx', subsystem='enp0s25')
Telemetry(timestamp='27.05.2023 11:56:47.530385', value='1084328.000000', node='ubuntu', metric='ram', subsystem=None)
Telemetry(timestamp='27.05.2023 11:56:47.530796', value='19.371728', node='ubuntu', metric='cpu', subsystem=None)
Telemetry(timestamp='27.05.2023 11:56:47.531220', value='58.000000', node='ubuntu', metric='tx', subsystem='enp0s25')
Telemetry(timestamp='27.05.2023 11:56:47.762216', value='2169.000000', node='ubuntu', metric='rx', subsystem='enp0s25')
Telemetry(timestamp='27.05.2023 11:56:48.304939', value='26.041667', node='ubuntu', metric='cpu', subsystem=None)
Telemetry(timestamp='27.05.2023 11:56:48.309059', value='49.000000', node='ubuntu', metric='tx', subsystem='enp0s25')
Telemetry(timestamp='27.05.2023 11:56:48.262984', value='1806.000000', node='ubuntu', metric='rx', subsystem='enp0s25')
Telemetry(timestamp='27.05.2023 11:56:48.530493', value='8.333333', node='ubuntu', metric='cpu', subsystem=None)
Telemetry(timestamp='27.05.2023 11:56:48.530506', value='1089260.000000', node='ubuntu', metric='ram', subsystem=None)
Telemetry(timestamp='27.05.2023 11:56:48.531097', value='57.000000', node='ubuntu', metric='tx', subsystem='enp0s25')
Telemetry(timestamp='27.05.2023 11:56:48.768348', value='2168.000000', node='ubuntu', metric='rx', subsystem='enp0s25')
Telemetry(timestamp='27.05.2023 11:56:49.305412', value='29.230769', node='ubuntu', metric='cpu', subsystem=None)
Telemetry(timestamp='27.05.2023 11:56:49.308993', value='51.000000', node='ubuntu', metric='tx', subsystem='enp0s25')
Telemetry(timestamp='27.05.2023 11:56:49.737836', value='1869.000000', node='ubuntu', metric='rx', subsystem='enp0s25')
Telemetry(timestamp='27.05.2023 11:56:49.530007', value='1086872.000000', node='ubuntu', metric='ram', subsystem=None)
Telemetry(timestamp='27.05.2023 11:56:49.530892', value='4.102564', node='ubuntu', metric='cpu', subsystem=None)
Telemetry(timestamp='27.05.2023 11:56:49.532015', value='59.000000', node='ubuntu', metric='tx', subsystem='enp0s25')
Telemetry(timestamp='27.05.2023 11:56:49.704929', value='2168.000000', node='ubuntu', metric='rx', subsystem='enp0s25')
Telemetry(timestamp='27.05.2023 11:56:50.301192', value='35.204082', node='ubuntu', metric='cpu', subsystem=None)
Telemetry(timestamp='27.05.2023 11:56:50.318765', value='51.000000', node='ubuntu', metric='tx', subsystem='enp0s25')
Telemetry(timestamp='27.05.2023 11:56:50.112168', value='1871.000000', node='ubuntu', metric='rx', subsystem='enp0s25')
Telemetry(timestamp='27.05.2023 11:56:50.529983', value='0.640000', node='ubuntu', metric='load1', subsystem=None)
Telemetry(timestamp='27.05.2023 11:56:50.529986', value='0.210000', node='ubuntu', metric='load5', subsystem=None)
Telemetry(timestamp='27.05.2023 11:56:50.530346', value='1081712.000000', node='ubuntu', metric='ram', subsystem=None)
Telemetry(timestamp='27.05.2023 11:56:50.530483', value='2.617801', node='ubuntu', metric='cpu', subsystem=None)
Telemetry(timestamp='27.05.2023 11:56:50.530896', value='56.000000', node='ubuntu', metric='tx', subsystem='enp0s25')
Telemetry(timestamp='27.05.2023 11:56:50.713892', value='1941.000000', node='ubuntu', metric='rx', subsystem='enp0s25')
Telemetry(timestamp='27.05.2023 11:56:51.307138', value='61.000000', node='ubuntu', metric='tx', subsystem='enp0s25')
Telemetry(timestamp='27.05.2023 11:56:51.307515', value='26.530612', node='ubuntu', metric='cpu', subsystem=None)
Telemetry(timestamp='27.05.2023 11:56:51.109346', value='2169.000000', node='ubuntu', metric='rx', subsystem='enp0s25')
Telemetry(timestamp='27.05.2023 11:56:51.530500', value='1085928.000000', node='ubuntu', metric='ram', subsystem=None)
Telemetry(timestamp='27.05.2023 11:56:51.531779', value='50.000000', node='ubuntu', metric='tx', subsystem='enp0s25')
Telemetry(timestamp='27.05.2023 11:56:51.531909', value='13.846154', node='ubuntu', metric='cpu', subsystem=None)
Telemetry(timestamp='27.05.2023 11:56:51.749341', value='1712.000000', node='ubuntu', metric='rx', subsystem='enp0s25')
Telemetry(timestamp='27.05.2023 11:56:52.304271', value='19.289340', node='ubuntu', metric='cpu', subsystem=None)
Telemetry(timestamp='27.05.2023 11:56:52.319932', value='59.000000', node='ubuntu', metric='tx', subsystem='enp0s25')
Telemetry(timestamp='27.05.2023 11:56:52.260480', value='2169.000000', node='ubuntu', metric='rx', subsystem='enp0s25')
Telemetry(timestamp='27.05.2023 11:56:52.530720', value='1082972.000000', node='ubuntu', metric='ram', subsystem=None)
Telemetry(timestamp='27.05.2023 11:56:52.531019', value='15.508021', node='ubuntu', metric='cpu', subsystem=None)
Telemetry(timestamp='27.05.2023 11:56:52.532079', value='60.000000', node='ubuntu', metric='tx', subsystem='enp0s25')
Telemetry(timestamp='27.05.2023 11:56:52.767894', value='1789.000000', node='ubuntu', metric='rx', subsystem='enp0s25')
Telemetry(timestamp='27.05.2023 11:56:53.315875', value='14.646465', node='ubuntu', metric='cpu', subsystem=None)
Telemetry(timestamp='27.05.2023 11:56:53.317245', value='72.000000', node='ubuntu', metric='tx', subsystem='enp0s25')
Telemetry(timestamp='27.05.2023 11:56:53.596664', value='2169.000000', node='ubuntu', metric='rx', subsystem='enp0s25')
Telemetry(timestamp='27.05.2023 11:56:53.530585', value='1081372.000000', node='ubuntu', metric='ram', subsystem=None)
Telemetry(timestamp='27.05.2023 11:56:53.530928', value='24.742268', node='ubuntu', metric='cpu', subsystem=None)
Telemetry(timestamp='27.05.2023 11:56:53.532058', value='48.000000', node='ubuntu', metric='tx', subsystem='enp0s25')
Telemetry(timestamp='27.05.2023 11:56:53.687901', value='1523.000000', node='ubuntu', metric='rx', subsystem='enp0s25')
Telemetry(timestamp='27.05.2023 11:56:54.306967', value='9.278351', node='ubuntu', metric='cpu', subsystem=None)
Telemetry(timestamp='27.05.2023 11:56:54.308788', value='58.000000', node='ubuntu', metric='tx', subsystem='enp0s25')
Telemetry(timestamp='27.05.2023 11:56:54.721683', value='2168.000000', node='ubuntu', metric='rx', subsystem='enp0s25')
Telemetry(timestamp='27.05.2023 11:56:54.529738', value='1079616.000000', node='ubuntu', metric='ram', subsystem=None)
Telemetry(timestamp='27.05.2023 11:56:54.530604', value='27.835052', node='ubuntu', metric='cpu', subsystem=None)
Telemetry(timestamp='27.05.2023 11:56:54.532014', value='45.000000', node='ubuntu', metric='tx', subsystem='enp0s25')
Telemetry(timestamp='27.05.2023 11:56:54.721026', value='1716.000000', node='ubuntu', metric='rx', subsystem='enp0s25')
Telemetry(timestamp='27.05.2023 11:56:55.305069', value='6.806283', node='ubuntu', metric='cpu', subsystem=None)
Telemetry(timestamp='27.05.2023 11:56:55.310545', value='48.000000', node='ubuntu', metric='tx', subsystem='enp0s25')
Telemetry(timestamp='27.05.2023 11:56:55.205081', value='1362.000000', node='ubuntu', metric='rx', subsystem='enp0s25')
Telemetry(timestamp='27.05.2023 11:56:55.530684', value='63.000000', node='ubuntu', metric='tx', subsystem='enp0s25')
Telemetry(timestamp='27.05.2023 11:56:55.530719', value='1086860.000000', node='ubuntu', metric='ram', subsystem=None)
Telemetry(timestamp='27.05.2023 11:56:55.530856', value='18.781726', node='ubuntu', metric='cpu', subsystem=None)
Telemetry(timestamp='27.05.2023 11:56:55.530901', value='0.590000', node='ubuntu', metric='load1', subsystem=None)
Telemetry(timestamp='27.05.2023 11:56:55.709275', value='2168.000000', node='ubuntu', metric='rx', subsystem='enp0s25')
Telemetry(timestamp='27.05.2023 11:56:55.731168', value='0.210000', node='ubuntu', metric='load5', subsystem=None)
Telemetry(timestamp='27.05.2023 11:56:56.307953', value='23.316062', node='ubuntu', metric='cpu', subsystem=None)
Telemetry(timestamp='27.05.2023 11:56:56.323369', value='45.000000', node='ubuntu', metric='tx', subsystem='enp0s25')
Telemetry(timestamp='27.05.2023 11:56:56.245393', value='1600.000000', node='ubuntu', metric='rx', subsystem='enp0s25')
Telemetry(timestamp='27.05.2023 11:56:56.530548', value='1088560.000000', node='ubuntu', metric='ram', subsystem=None)
Telemetry(timestamp='27.05.2023 11:56:56.530593', value='12.244898', node='ubuntu', metric='cpu', subsystem=None)
Telemetry(timestamp='27.05.2023 11:56:56.531411', value='58.000000', node='ubuntu', metric='tx', subsystem='enp0s25')
Telemetry(timestamp='27.05.2023 11:56:56.669199', value='2169.000000', node='ubuntu', metric='rx', subsystem='enp0s25')
Telemetry(timestamp='27.05.2023 11:56:57.313489', value='24.210526', node='ubuntu', metric='cpu', subsystem=None)
Telemetry(timestamp='27.05.2023 11:56:57.313578', value='52.000000', node='ubuntu', metric='tx', subsystem='enp0s25')
Telemetry(timestamp='27.05.2023 11:56:57.157272', value='1765.000000', node='ubuntu', metric='rx', subsystem='enp0s25')
Telemetry(timestamp='27.05.2023 11:56:57.530024', value='5.128205', node='ubuntu', metric='cpu', subsystem=None)
Telemetry(timestamp='27.05.2023 11:56:57.530338', value='1083932.000000', node='ubuntu', metric='ram', subsystem=None)
Telemetry(timestamp='27.05.2023 11:56:57.531290', value='60.000000', node='ubuntu', metric='tx', subsystem='enp0s25')
Telemetry(timestamp='27.05.2023 11:56:57.687159', value='2168.000000', node='ubuntu', metric='rx', subsystem='enp0s25')