Telemetry(timestamp='28.05.2023 10:33:43.150573', value='8.000000', node='ubuntu', metric='tx', subsystem='enp0s25')
Telemetry(timestamp='28.05.2023 10:33:43.151029', value='3.465347', node='ubuntu', metric='cpu', subsystem=None)
Telemetry(timestamp='28.05.2023 10:33:43.275385', value='5.000000', node='ubuntu', metric='rx', subsystem='enp0s25')
Telemetry(timestamp='28.05.2023 10:33:43.649885', value='991012.000000', node='ubuntu', metric='ram', subsystem=None)
Telemetry(timestamp='28.05.2023 10:33:43.650372', value='1.492537', node='ubuntu', metric='cpu', subsystem=None)
Telemetry(timestamp='28.05.2023 10:33:43.652183', value='8.000000', node='ubuntu', metric='tx', subsystem='enp0s25')
Telemetry(timestamp='28.05.2023 10:33:43.811034', value='4.000000', node='ubuntu', metric='rx', subsystem='enp0s25')
Telemetry(timestamp='28.05.2023 10:33:44.151609', value='8.000000', node='ubuntu', metric='tx', subsystem='enp0s25')
Telemetry(timestamp='28.05.2023 10:33:44.151706', value='0.505051', node='ubuntu', metric='cpu', subsystem=None)
Telemetry(timestamp='28.05.2023 10:33:44.414404', value='3.000000', node='ubuntu', metric='rx', subsystem='enp0s25')
Telemetry(timestamp='28.05.2023 10:33:44.649917', value='991012.000000', node='ubuntu', metric='ram', subsystem=None)
Telemetry(timestamp='28.05.2023 10:33:44.650065', value='0.505051', node='ubuntu', metric='cpu', subsystem=None)
Telemetry(timestamp='28.05.2023 10:33:44.650753', value='8.000000', node='ubuntu', metric='tx', subsystem='enp0s25')
Telemetry(timestamp='28.05.2023 10:33:44.828185', value='3.000000', node='ubuntu', metric='rx', subsystem='enp0s25')
Telemetry(timestamp='28.05.2023 10:33:45.150405', value='8.000000', node='ubuntu', metric='tx', subsystem='enp0s25')
Telemetry(timestamp='28.05.2023 10:33:45.150828', value='1.980198', node='ubuntu', metric='cpu', subsystem=None)
Telemetry(timestamp='28.05.2023 10:33:45.323047', value='4.000000', node='ubuntu', metric='rx', subsystem='enp0s25')
Telemetry(timestamp='28.05.2023 10:33:45.650563', value='8.000000', node='ubuntu', metric='tx', subsystem='enp0s25')
Telemetry(timestamp='28.05.2023 10:33:45.651314', value='1.000000', node='ubuntu', metric='cpu', subsystem=None)
Telemetry(timestamp='28.05.2023 10:33:45.651834', value='991012.000000', node='ubuntu', metric='ram', subsystem=None)
Telemetry(timestamp='28.05.2023 10:33:45.824964', value='10.000000', node='ubuntu', metric='rx', subsystem='enp0s25')
Telemetry(timestamp='28.05.2023 10:33:46.152013', value='8.000000', node='ubuntu', metric='tx', subsystem='enp0s25')
Telemetry(timestamp='28.05.2023 10:33:46.153046', value='20.304569', node='ubuntu', metric='cpu', subsystem=None)
Telemetry(timestamp='28.05.2023 10:33:46.345197', value='11.000000', node='ubuntu', metric='rx', subsystem='enp0s25')
Telemetry(timestamp='28.05.2023 10:33:46.649421', value='0.230000', node='ubuntu', metric='load1', subsystem=None)
Telemetry(timestamp='28.05.2023 10:33:46.649694', value='1163496.000000', node='ubuntu', metric='ram', subsystem=None)
Telemetry(timestamp='28.05.2023 10:33:46.651502', value='96.907216', node='ubuntu', metric='cpu', subsystem=None)
Telemetry(timestamp='28.05.2023 10:33:46.651679', value='8.000000', node='ubuntu', metric='tx', subsystem='enp0s25')
Telemetry(timestamp='28.05.2023 10:33:46.846647', value='0.370000', node='ubuntu', metric='load5', subsystem=None)
Telemetry(timestamp='28.05.2023 10:33:46.875415', value='7.000000', node='ubuntu', metric='rx', subsystem='enp0s25')
Telemetry(timestamp='28.05.2023 10:33:47.150221', value='100.000000', node='ubuntu', metric='cpu', subsystem=None)
Telemetry(timestamp='28.05.2023 10:33:47.151288', value='8.000000', node='ubuntu', metric='tx', subsystem='enp0s25')
Telemetry(timestamp='28.05.2023 10:33:47.366790', value='6.000000', node='ubuntu', metric='rx', subsystem='enp0s25')
Telemetry(timestamp='28.05.2023 10:33:47.650099', value='1203556.000000', node='ubuntu', metric='ram', subsystem=None)
Telemetry(timestamp='28.05.2023 10:33:47.650449', value='8.000000', node='ubuntu', metric='tx', subsystem='enp0s25')
Telemetry(timestamp='28.05.2023 10:33:47.650661', value='76.000000', node='ubuntu', metric='cpu', subsystem=None)
Telemetry(timestamp='28.05.2023 10:33:47.802846', value='4.000000', node='ubuntu', metric='rx', subsystem='enp0s25')
Telemetry(timestamp='28.05.2023 10:33:48.150550', value='8.000000', node='ubuntu', metric='tx', subsystem='enp0s25')
Telemetry(timestamp='28.05.2023 10:33:48.150952', value='9.452736', node='ubuntu', metric='cpu', subsystem=None)
Telemetry(timestamp='28.05.2023 10:33:48.296765', value='4.000000', node='ubuntu', metric='rx', subsystem='enp0s25')
Telemetry(timestamp='28.05.2023 10:33:48.651608', value='3.500000', node='ubuntu', metric='cpu', subsystem=None)
Telemetry(timestamp='28.05.2023 10:33:48.652556', value='8.000000', node='ubuntu', metric='tx', subsystem='enp0s25')
Telemetry(timestamp='28.05.2023 10:33:48.653260', value='1210108.000000', node='ubuntu', metric='ram', subsystem=None)
Telemetry(timestamp='28.05.2023 10:33:48.811449', value='4.000000', node='ubuntu', metric='rx', subsystem='enp0s25')
Telemetry(timestamp='28.05.2023 10:33:49.151294', value='17.000000', node='ubuntu', metric='tx', subsystem='enp0s25')
Telemetry(timestamp='28.05.2023 10:33:49.153819', value='14.070352', node='ubuntu', metric='cpu', subsystem=None)
Telemetry(timestamp='28.05.2023 10:33:49.325518', value='276.000000', node='ubuntu', metric='rx', subsystem='enp0s25')
Telemetry(timestamp='28.05.2023 10:33:49.649816', value='1226208.000000', node='ubuntu', metric='ram', subsystem=None)
Telemetry(timestamp='28.05.2023 10:33:49.652083', value='2.590674', node='ubuntu', metric='cpu', subsystem=None)
Telemetry(timestamp='28.05.2023 10:33:49.654932', value='72.000000', node='ubuntu', metric='tx', subsystem='enp0s25')
Telemetry(timestamp='28.05.2023 10:33:49.855800', value='1753.000000', node='ubuntu', metric='rx', subsystem='enp0s25')
Telemetry(timestamp='28.05.2023 10:33:50.150104', value='2.617801', node='ubuntu', metric='cpu', subsystem=None)
Telemetry(timestamp='28.05.2023 10:33:50.151646', value='102.000000', node='ubuntu', metric='tx', subsystem='enp0s25')
Telemetry(timestamp='28.05.2023 10:33:50.342224', value='3303.000000', node='ubuntu', metric='rx', subsystem='enp0s25')
Telemetry(timestamp='28.05.2023 10:33:50.650211', value='1226208.000000', node='ubuntu', metric='ram', subsystem=None)
Telemetry(timestamp='28.05.2023 10:33:50.650379', value='2.604167', node='ubuntu', metric='cpu', subsystem=None)
Telemetry(timestamp='28.05.2023 10:33:50.651375', value='90.000000', node='ubuntu', metric='tx', subsystem='enp0s25')
Telemetry(timestamp='28.05.2023 10:33:50.866397', value='3822.000000', node='ubuntu', metric='rx', subsystem='enp0s25')
Telemetry(timestamp='28.05.2023 10:33:51.150623', value='3.571429', node='ubuntu', metric='cpu', subsystem=None)
Telemetry(timestamp='28.05.2023 10:33:51.150733', value='80.000000', node='ubuntu', metric='tx', subsystem='enp0s25')
Telemetry(timestamp='28.05.2023 10:33:51.379540', value='3351.000000', node='ubuntu', metric='rx', subsystem='enp0s25')
Telemetry(timestamp='28.05.2023 10:33:51.650334', value='0.770000', node='ubuntu', metric='load1', subsystem=None)
Telemetry(timestamp='28.05.2023 10:33:51.650337', value='0.480000', node='ubuntu', metric='load5', subsystem=None)
Telemetry(timestamp='28.05.2023 10:33:51.650615', value='1226208.000000', node='ubuntu', metric='ram', subsystem=None)
Telemetry(timestamp='28.05.2023 10:33:51.651028', value='4.568528', node='ubuntu', metric='cpu', subsystem=None)
Telemetry(timestamp='28.05.2023 10:33:51.651855', value='79.000000', node='ubuntu', metric='tx', subsystem='enp0s25')
Telemetry(timestamp='28.05.2023 10:33:51.794316', value='3291.000000', node='ubuntu', metric='rx', subsystem='enp0s25')
Telemetry(timestamp='28.05.2023 10:33:52.151263', value='5.128205', node='ubuntu', metric='cpu', subsystem=None)
Telemetry(timestamp='28.05.2023 10:33:52.151409', value='90.000000', node='ubuntu', metric='tx', subsystem='enp0s25')
Telemetry(timestamp='28.05.2023 10:33:52.295706', value='3724.000000', node='ubuntu', metric='rx', subsystem='enp0s25')
Telemetry(timestamp='28.05.2023 10:33:52.649854', value='1226204.000000', node='ubuntu', metric='ram', subsystem=None)
Telemetry(timestamp='28.05.2023 10:33:52.650787', value='7.106599', node='ubuntu', metric='cpu', subsystem=None)
Telemetry(timestamp='28.05.2023 10:33:52.652273', value='89.000000', node='ubuntu', metric='tx', subsystem='enp0s25')
Telemetry(timestamp='28.05.2023 10:33:52.814088', value='3589.000000', node='ubuntu', metric='rx', subsystem='enp0s25')
Telemetry(timestamp='28.05.2023 10:33:53.150927', value='3.125000', node='ubuntu', metric='cpu', subsystem=None)
Telemetry(timestamp='28.05.2023 10:33:53.151272', value='91.000000', node='ubuntu', metric='tx', subsystem='enp0s25')
Telemetry(timestamp='28.05.2023 10:33:53.319600', value='3782.000000', node='ubuntu', metric='rx', subsystem='enp0s25')
Telemetry(timestamp='28.05.2023 10:33:53.649719', value='1226204.000000', node='ubuntu', metric='ram', subsystem=None)
Telemetry(timestamp='28.05.2023 10:33:53.650690', value='4.615385', node='ubuntu', metric='cpu', subsystem=None)
Telemetry(timestamp='28.05.2023 10:33:53.650905', value='92.000000', node='ubuntu', metric='tx', subsystem='enp0s25')
Telemetry(timestamp='28.05.2023 10:33:53.831985', value='3991.000000', node='ubuntu', metric='rx', subsystem='enp0s25')
Telemetry(timestamp='28.05.2023 10:33:54.150244', value='4.123711', node='ubuntu', metric='cpu', subsystem=None)
Telemetry(timestamp='28.05.2023 10:33:54.151688', value='92.000000', node='ubuntu', metric='tx', subsystem='enp0s25')
Telemetry(timestamp='28.05.2023 10:33:54.355749', value='4048.000000', node='ubuntu', metric='rx', subsystem='enp0s25')
Telemetry(timestamp='28.05.2023 10:33:54.649997', value='1226192.000000', node='ubuntu', metric='ram', subsystem=None)
Telemetry(timestamp='28.05.2023 10:33:54.650890', value='4.145078', node='ubuntu', metric='cpu', subsystem=None)
Telemetry(timestamp='28.05.2023 10:33:54.651393', value='93.000000', node='ubuntu', metric='tx', subsystem='enp0s25')
Telemetry(timestamp='28.05.2023 10:33:54.857342', value='4022.000000', node='ubuntu', metric='rx', subsystem='enp0s25')
Telemetry(timestamp='28.05.2023 10:33:55.151628', value='13.775510', node='ubuntu', metric='cpu', subsystem=None)
Telemetry(timestamp='28.05.2023 10:33:55.151641', value='73.000000', node='ubuntu', metric='tx', subsystem='enp0s25')
Telemetry(timestamp='28.05.2023 10:33:55.369394', value='3106.000000', node='ubuntu', metric='rx', subsystem='enp0s25')
Telemetry(timestamp='28.05.2023 10:33:55.649992', value='1255928.000000', node='ubuntu', metric='ram', subsystem=None)
Telemetry(timestamp='28.05.2023 10:33:55.650537', value='25.500000', node='ubuntu', metric='cpu', subsystem=None)
Telemetry(timestamp='28.05.2023 10:33:55.650858', value='31.000000', node='ubuntu', metric='tx', subsystem='enp0s25')
Telemetry(timestamp='28.05.2023 10:33:55.875965', value='1135.000000', node='ubuntu', metric='rx', subsystem='enp0s25')
Telemetry(timestamp='28.05.2023 10:33:56.150374', value='8.000000', node='ubuntu', metric='tx', subsystem='enp0s25')
Telemetry(timestamp='28.05.2023 10:33:56.151546', value='26.237624', node='ubuntu', metric='cpu', subsystem=None)
Telemetry(timestamp='28.05.2023 10:33:56.287026', value='3.000000', node='ubuntu', metric='rx', subsystem='enp0s25')
Telemetry(timestamp='28.05.2023 10:33:56.649503', value='0.710000', node='ubuntu', metric='load1', subsystem=None)
Telemetry(timestamp='28.05.2023 10:33:56.649554', value='1328840.000000', node='ubuntu', metric='ram', subsystem=None)
Telemetry(timestamp='28.05.2023 10:33:56.650349', value='8.000000', node='ubuntu', metric='tx', subsystem='enp0s25')
Telemetry(timestamp='28.05.2023 10:33:56.650393', value='26.500000', node='ubuntu', metric='cpu', subsystem=None)
Telemetry(timestamp='28.05.2023 10:33:56.672748', value='0.470000', node='ubuntu', metric='load5', subsystem=None)
Telemetry(timestamp='28.05.2023 10:33:56.692103', value='3.000000', node='ubuntu', metric='rx', subsystem='enp0s25')
Telemetry(timestamp='28.05.2023 10:33:57.149928', value='25.252525', node='ubuntu', metric='cpu', subsystem=None)
Telemetry(timestamp='28.05.2023 10:33:57.151451', value='9.000000', node='ubuntu', metric='tx', subsystem='enp0s25')
Telemetry(timestamp='28.05.2023 10:33:57.319678', value='4.000000', node='ubuntu', metric='rx', subsystem='enp0s25')
Telemetry(timestamp='28.05.2023 10:33:57.649671', value='1390768.000000', node='ubuntu', metric='ram', subsystem=None)
Telemetry(timestamp='28.05.2023 10:33:57.649970', value='25.380711', node='ubuntu', metric='cpu', subsystem=None)
Telemetry(timestamp='28.05.2023 10:33:57.650048', value='9.000000', node='ubuntu', metric='tx', subsystem='enp0s25')
Telemetry(timestamp='28.05.2023 10:33:57.826679', value='4.000000', node='ubuntu', metric='rx', subsystem='enp0s25')
Telemetry(timestamp='28.05.2023 10:33:58.150204', value='26.865672', node='ubuntu', metric='cpu', subsystem=None)
Telemetry(timestamp='28.05.2023 10:33:58.150591', value='9.000000', node='ubuntu', metric='tx', subsystem='enp0s25')
Telemetry(timestamp='28.05.2023 10:33:58.191682', value='4.000000', node='ubuntu', metric='rx', subsystem='enp0s25')
Telemetry(timestamp='28.05.2023 10:33:58.649847', value='1335956.000000', node='ubuntu', metric='ram', subsystem=None)
Telemetry(timestamp='28.05.2023 10:33:58.650146', value='8.000000', node='ubuntu', metric='tx', subsystem='enp0s25')
Telemetry(timestamp='28.05.2023 10:33:58.650364', value='27.363184', node='ubuntu', metric='cpu', subsystem=None)
Telemetry(timestamp='28.05.2023 10:33:58.846285', value='4.000000', node='ubuntu', metric='rx', subsystem='enp0s25')
Telemetry(timestamp='28.05.2023 10:33:59.150027', value='28.426396', node='ubuntu', metric='cpu', subsystem=None)
Telemetry(timestamp='28.05.2023 10:33:59.151417', value='8.000000', node='ubuntu', metric='tx', subsystem='enp0s25')
Telemetry(timestamp='28.05.2023 10:33:59.465156', value='4.000000', node='ubuntu', metric='rx', subsystem='enp0s25')
Telemetry(timestamp='28.05.2023 10:33:59.650043', value='27.500000', node='ubuntu', metric='cpu', subsystem=None)
Telemetry(timestamp='28.05.2023 10:33:59.650062', value='1329784.000000', node='ubuntu', metric='ram', subsystem=None)
Telemetry(timestamp='28.05.2023 10:33:59.650225', value='8.000000', node='ubuntu', metric='tx', subsystem='enp0s25')
Telemetry(timestamp='28.05.2023 10:33:59.884601', value='4.000000', node='ubuntu', metric='rx', subsystem='enp0s25')
Telemetry(timestamp='28.05.2023 10:34:00.150269', value='8.000000', node='ubuntu', metric='tx', subsystem='enp0s25')
Telemetry(timestamp='28.05.2023 10:34:00.150607', value='28.787879', node='ubuntu', metric='cpu', subsystem=None)
Telemetry(timestamp='28.05.2023 10:34:00.273869', value='4.000000', node='ubuntu', metric='rx', subsystem='enp0s25')
Telemetry(timestamp='28.05.2023 10:34:00.649611', value='1286428.000000', node='ubuntu', metric='ram', subsystem=None)
Telemetry(timestamp='28.05.2023 10:34:00.650419', value='8.000000', node='ubuntu', metric='tx', subsystem='enp0s25')
Telemetry(timestamp='28.05.2023 10:34:00.650505', value='26.237624', node='ubuntu', metric='cpu', subsystem=None)
Telemetry(timestamp='28.05.2023 10:34:00.792415', value='4.000000', node='ubuntu', metric='rx', subsystem='enp0s25')
Telemetry(timestamp='28.05.2023 10:34:01.150819', value='8.000000', node='ubuntu', metric='tx', subsystem='enp0s25')
Telemetry(timestamp='28.05.2023 10:34:01.150867', value='31.313131', node='ubuntu', metric='cpu', subsystem=None)
Telemetry(timestamp='28.05.2023 10:34:01.300000', value='4.000000', node='ubuntu', metric='rx', subsystem='enp0s25')
Telemetry(timestamp='28.05.2023 10:34:01.649972', value='25.000000', node='ubuntu', metric='cpu', subsystem=None)
Telemetry(timestamp='28.05.2023 10:34:01.649983', value='8.000000', node='ubuntu', metric='tx', subsystem='enp0s25')
Telemetry(timestamp='28.05.2023 10:34:01.650148', value='0.740000', node='ubuntu', metric='load1', subsystem=None)
Telemetry(timestamp='28.05.2023 10:34:01.650288', value='1275980.000000', node='ubuntu', metric='ram', subsystem=None)
Telemetry(timestamp='28.05.2023 10:34:01.803107', value='4.000000', node='ubuntu', metric='rx', subsystem='enp0s25')
Telemetry(timestamp='28.05.2023 10:34:01.819499', value='0.480000', node='ubuntu', metric='load5', subsystem=None)
Telemetry(timestamp='28.05.2023 10:34:02.150154', value='9.000000', node='ubuntu', metric='tx', subsystem='enp0s25')
Telemetry(timestamp='28.05.2023 10:34:02.150459', value='25.757576', node='ubuntu', metric='cpu', subsystem=None)
Telemetry(timestamp='28.05.2023 10:34:02.307025', value='4.000000', node='ubuntu', metric='rx', subsystem='enp0s25')
Telemetry(timestamp='28.05.2023 10:34:02.649614', value='1272692.000000', node='ubuntu', metric='ram', subsystem=None)
Telemetry(timestamp='28.05.2023 10:34:02.650635', value='26.732673', node='ubuntu', metric='cpu', subsystem=None)
Telemetry(timestamp='28.05.2023 10:34:02.650770', value='9.000000', node='ubuntu', metric='tx', subsystem='enp0s25')
Telemetry(timestamp='28.05.2023 10:34:02.849377', value='4.000000', node='ubuntu', metric='rx', subsystem='enp0s25')
Telemetry(timestamp='28.05.2023 10:34:03.150423', value='28.061224', node='ubuntu', metric='cpu', subsystem=None)
Telemetry(timestamp='28.05.2023 10:34:03.150692', value='8.000000', node='ubuntu', metric='tx', subsystem='enp0s25')
Telemetry(timestamp='28.05.2023 10:34:03.232376', value='4.000000', node='ubuntu', metric='rx', subsystem='enp0s25')
Telemetry(timestamp='28.05.2023 10:34:03.650058', value='1251964.000000', node='ubuntu', metric='ram', subsystem=None)
Telemetry(timestamp='28.05.2023 10:34:03.650359', value='8.000000', node='ubuntu', metric='tx', subsystem='enp0s25')
Telemetry(timestamp='28.05.2023 10:34:03.650404', value='26.237624', node='ubuntu', metric='cpu', subsystem=None)
Telemetry(timestamp='28.05.2023 10:34:03.865896', value='4.000000', node='ubuntu', metric='rx', subsystem='enp0s25')
Telemetry(timestamp='28.05.2023 10:34:04.150037', value='26.633166', node='ubuntu', metric='cpu', subsystem=None)
Telemetry(timestamp='28.05.2023 10:34:04.151172', value='8.000000', node='ubuntu', metric='tx', subsystem='enp0s25')
Telemetry(timestamp='28.05.2023 10:34:04.190708', value='4.000000', node='ubuntu', metric='rx', subsystem='enp0s25')
Telemetry(timestamp='28.05.2023 10:34:04.649440', value='1244412.000000', node='ubuntu', metric='ram', subsystem=None)
Telemetry(timestamp='28.05.2023 10:34:04.650430', value='26.262626', node='ubuntu', metric='cpu', subsystem=None)
Telemetry(timestamp='28.05.2023 10:34:04.650552', value='8.000000', node='ubuntu', metric='tx', subsystem='enp0s25')
Telemetry(timestamp='28.05.2023 10:34:04.794896', value='4.000000', node='ubuntu', metric='rx', subsystem='enp0s25')
Telemetry(timestamp='28.05.2023 10:34:05.149684', value='25.500000', node='ubuntu', metric='cpu', subsystem=None)
Telemetry(timestamp='28.05.2023 10:34:05.151106', value='8.000000', node='ubuntu', metric='tx', subsystem='enp0s25')
Telemetry(timestamp='28.05.2023 10:34:05.318236', value='3.000000', node='ubuntu', metric='rx', subsystem='enp0s25')
Telemetry(timestamp='28.05.2023 10:34:05.649503', value='1223704.000000', node='ubuntu', metric='ram', subsystem=None)
Telemetry(timestamp='28.05.2023 10:34:05.649663', value='27.551020', node='ubuntu', metric='cpu', subsystem=None)
Telemetry(timestamp='28.05.2023 10:34:05.649724', value='9.000000', node='ubuntu', metric='tx', subsystem='enp0s25')
Telemetry(timestamp='28.05.2023 10:34:05.823370', value='4.000000', node='ubuntu', metric='rx', subsystem='enp0s25')
Telemetry(timestamp='28.05.2023 10:34:06.149892', value='8.000000', node='ubuntu', metric='tx', subsystem='enp0s25')
Telemetry(timestamp='28.05.2023 10:34:06.149920', value='27.135678', node='ubuntu', metric='cpu', subsystem=None)
Telemetry(timestamp='28.05.2023 10:34:06.307050', value='4.000000', node='ubuntu', metric='rx', subsystem='enp0s25')
Telemetry(timestamp='28.05.2023 10:34:06.649318', value='0.760000', node='ubuntu', metric='load1', subsystem=None)
Telemetry(timestamp='28.05.2023 10:34:06.649660', value='1235924.000000', node='ubuntu', metric='ram', subsystem=None)
Telemetry(timestamp='28.05.2023 10:34:06.650080', value='17.676768', node='ubuntu', metric='cpu', subsystem=None)
Telemetry(timestamp='28.05.2023 10:34:06.650125', value='8.000000', node='ubuntu', metric='tx', subsystem='enp0s25')
Telemetry(timestamp='28.05.2023 10:34:06.712373', value='0.490000', node='ubuntu', metric='load5', subsystem=None)
Telemetry(timestamp='28.05.2023 10:34:06.734251', value='3.000000', node='ubuntu', metric='rx', subsystem='enp0s25')