Telemetry(timestamp='28.05.2023 14:20:06.612848', value='1.005025', node='ubuntu', metric='cpu', subsystem=None)
Telemetry(timestamp='28.05.2023 14:20:06.613088', value='8.000000', node='ubuntu', metric='tx', subsystem='enp0s25')
Telemetry(timestamp='28.05.2023 14:20:06.784927', value='3.000000', node='ubuntu', metric='rx', subsystem='enp0s25')
Telemetry(timestamp='28.05.2023 14:20:07.111530', value='0.502513', node='ubuntu', metric='cpu', subsystem=None)
Telemetry(timestamp='28.05.2023 14:20:07.111945', value='1164908.000000', node='ubuntu', metric='ram', subsystem=None)
Telemetry(timestamp='28.05.2023 14:20:07.114052', value='8.000000', node='ubuntu', metric='tx', subsystem='enp0s25')
Telemetry(timestamp='28.05.2023 14:20:07.293280', value='3.000000', node='ubuntu', metric='rx', subsystem='enp0s25')
Telemetry(timestamp='28.05.2023 14:20:07.611697', value='8.000000', node='ubuntu', metric='tx', subsystem='enp0s25')
Telemetry(timestamp='28.05.2023 14:20:07.612327', value='4.040404', node='ubuntu', metric='cpu', subsystem=None)
Telemetry(timestamp='28.05.2023 14:20:07.772209', value='3.000000', node='ubuntu', metric='rx', subsystem='enp0s25')
Telemetry(timestamp='28.05.2023 14:20:08.111315', value='0.160000', node='ubuntu', metric='load1', subsystem=None)
Telemetry(timestamp='28.05.2023 14:20:08.111478', value='1164908.000000', node='ubuntu', metric='ram', subsystem=None)
Telemetry(timestamp='28.05.2023 14:20:08.112339', value='1.000000', node='ubuntu', metric='cpu', subsystem=None)
Telemetry(timestamp='28.05.2023 14:20:08.115216', value='8.000000', node='ubuntu', metric='tx', subsystem='enp0s25')
Telemetry(timestamp='28.05.2023 14:20:08.159459', value='0.360000', node='ubuntu', metric='load5', subsystem=None)
Telemetry(timestamp='28.05.2023 14:20:08.182689', value='4.000000', node='ubuntu', metric='rx', subsystem='enp0s25')
Telemetry(timestamp='28.05.2023 14:20:08.611921', value='6.349206', node='ubuntu', metric='cpu', subsystem=None)
Telemetry(timestamp='28.05.2023 14:20:08.612594', value='40.000000', node='ubuntu', metric='tx', subsystem='enp0s25')
Telemetry(timestamp='28.05.2023 14:20:08.823075', value='1294.000000', node='ubuntu', metric='rx', subsystem='enp0s25')
Telemetry(timestamp='28.05.2023 14:20:09.111645', value='1164640.000000', node='ubuntu', metric='ram', subsystem=None)
Telemetry(timestamp='28.05.2023 14:20:09.112732', value='78.000000', node='ubuntu', metric='tx', subsystem='enp0s25')
Telemetry(timestamp='28.05.2023 14:20:09.112756', value='7.526882', node='ubuntu', metric='cpu', subsystem=None)
Telemetry(timestamp='28.05.2023 14:20:09.240611', value='3037.000000', node='ubuntu', metric='rx', subsystem='enp0s25')
Telemetry(timestamp='28.05.2023 14:20:09.612676', value='5.494505', node='ubuntu', metric='cpu', subsystem=None)
Telemetry(timestamp='28.05.2023 14:20:09.613225', value='89.000000', node='ubuntu', metric='tx', subsystem='enp0s25')
Telemetry(timestamp='28.05.2023 14:20:09.763693', value='3741.000000', node='ubuntu', metric='rx', subsystem='enp0s25')
Telemetry(timestamp='28.05.2023 14:20:10.111146', value='4.864865', node='ubuntu', metric='cpu', subsystem=None)
Telemetry(timestamp='28.05.2023 14:20:10.111191', value='1164636.000000', node='ubuntu', metric='ram', subsystem=None)
Telemetry(timestamp='28.05.2023 14:20:10.113158', value='92.000000', node='ubuntu', metric='tx', subsystem='enp0s25')
Telemetry(timestamp='28.05.2023 14:20:10.268686', value='3696.000000', node='ubuntu', metric='rx', subsystem='enp0s25')
Telemetry(timestamp='28.05.2023 14:20:10.611573', value='90.000000', node='ubuntu', metric='tx', subsystem='enp0s25')
Telemetry(timestamp='28.05.2023 14:20:10.611708', value='5.405405', node='ubuntu', metric='cpu', subsystem=None)
Telemetry(timestamp='28.05.2023 14:20:10.796005', value='3582.000000', node='ubuntu', metric='rx', subsystem='enp0s25')
Telemetry(timestamp='28.05.2023 14:20:11.111143', value='6.451613', node='ubuntu', metric='cpu', subsystem=None)
Telemetry(timestamp='28.05.2023 14:20:11.111257', value='1168664.000000', node='ubuntu', metric='ram', subsystem=None)
Telemetry(timestamp='28.05.2023 14:20:11.112166', value='91.000000', node='ubuntu', metric='tx', subsystem='enp0s25')
Telemetry(timestamp='28.05.2023 14:20:11.479079', value='3810.000000', node='ubuntu', metric='rx', subsystem='enp0s25')
Telemetry(timestamp='28.05.2023 14:20:11.612180', value='93.000000', node='ubuntu', metric='tx', subsystem='enp0s25')
Telemetry(timestamp='28.05.2023 14:20:11.612232', value='6.951872', node='ubuntu', metric='cpu', subsystem=None)
Telemetry(timestamp='28.05.2023 14:20:11.623690', value='3900.000000', node='ubuntu', metric='rx', subsystem='enp0s25')
Telemetry(timestamp='28.05.2023 14:20:12.111007', value='1169168.000000', node='ubuntu', metric='ram', subsystem=None)
Telemetry(timestamp='28.05.2023 14:20:12.111204', value='6.417112', node='ubuntu', metric='cpu', subsystem=None)
Telemetry(timestamp='28.05.2023 14:20:12.113486', value='92.000000', node='ubuntu', metric='tx', subsystem='enp0s25')
Telemetry(timestamp='28.05.2023 14:20:12.126146', value='3803.000000', node='ubuntu', metric='rx', subsystem='enp0s25')
Telemetry(timestamp='28.05.2023 14:20:12.611848', value='8.241758', node='ubuntu', metric='cpu', subsystem=None)
Telemetry(timestamp='28.05.2023 14:20:12.612005', value='94.000000', node='ubuntu', metric='tx', subsystem='enp0s25')
Telemetry(timestamp='28.05.2023 14:20:12.824587', value='3773.000000', node='ubuntu', metric='rx', subsystem='enp0s25')
Telemetry(timestamp='28.05.2023 14:20:13.110864', value='0.150000', node='ubuntu', metric='load1', subsystem=None)
Telemetry(timestamp='28.05.2023 14:20:13.110866', value='0.350000', node='ubuntu', metric='load5', subsystem=None)
Telemetry(timestamp='28.05.2023 14:20:13.110938', value='7.027027', node='ubuntu', metric='cpu', subsystem=None)
Telemetry(timestamp='28.05.2023 14:20:13.111047', value='1185296.000000', node='ubuntu', metric='ram', subsystem=None)
Telemetry(timestamp='28.05.2023 14:20:13.113028', value='94.000000', node='ubuntu', metric='tx', subsystem='enp0s25')
Telemetry(timestamp='28.05.2023 14:20:13.237638', value='3851.000000', node='ubuntu', metric='rx', subsystem='enp0s25')
Telemetry(timestamp='28.05.2023 14:20:13.612020', value='83.000000', node='ubuntu', metric='tx', subsystem='enp0s25')
Telemetry(timestamp='28.05.2023 14:20:13.612430', value='3.645833', node='ubuntu', metric='cpu', subsystem=None)
Telemetry(timestamp='28.05.2023 14:20:13.739613', value='3846.000000', node='ubuntu', metric='rx', subsystem='enp0s25')
Telemetry(timestamp='28.05.2023 14:20:14.111812', value='91.000000', node='ubuntu', metric='tx', subsystem='enp0s25')
Telemetry(timestamp='28.05.2023 14:20:14.111888', value='1186468.000000', node='ubuntu', metric='ram', subsystem=None)
Telemetry(timestamp='28.05.2023 14:20:14.112589', value='5.376344', node='ubuntu', metric='cpu', subsystem=None)
Telemetry(timestamp='28.05.2023 14:20:14.245796', value='3651.000000', node='ubuntu', metric='rx', subsystem='enp0s25')
Telemetry(timestamp='28.05.2023 14:20:14.612349', value='4.891304', node='ubuntu', metric='cpu', subsystem=None)
Telemetry(timestamp='28.05.2023 14:20:14.613713', value='96.000000', node='ubuntu', metric='tx', subsystem='enp0s25')
Telemetry(timestamp='28.05.2023 14:20:14.781639', value='3492.000000', node='ubuntu', metric='rx', subsystem='enp0s25')
Telemetry(timestamp='28.05.2023 14:20:15.112022', value='1186464.000000', node='ubuntu', metric='ram', subsystem=None)
Telemetry(timestamp='28.05.2023 14:20:15.111851', value='5.405405', node='ubuntu', metric='cpu', subsystem=None)
Telemetry(timestamp='28.05.2023 14:20:15.114146', value='90.000000', node='ubuntu', metric='tx', subsystem='enp0s25')
Telemetry(timestamp='28.05.2023 14:20:15.285111', value='3691.000000', node='ubuntu', metric='rx', subsystem='enp0s25')
Telemetry(timestamp='28.05.2023 14:20:15.612395', value='3.296703', node='ubuntu', metric='cpu', subsystem=None)
Telemetry(timestamp='28.05.2023 14:20:15.612551', value='90.000000', node='ubuntu', metric='tx', subsystem='enp0s25')
Telemetry(timestamp='28.05.2023 14:20:15.790062', value='3691.000000', node='ubuntu', metric='rx', subsystem='enp0s25')
Telemetry(timestamp='28.05.2023 14:20:16.110990', value='1186460.000000', node='ubuntu', metric='ram', subsystem=None)
Telemetry(timestamp='28.05.2023 14:20:16.111954', value='4.347826', node='ubuntu', metric='cpu', subsystem=None)
Telemetry(timestamp='28.05.2023 14:20:16.113273', value='88.000000', node='ubuntu', metric='tx', subsystem='enp0s25')
Telemetry(timestamp='28.05.2023 14:20:16.316406', value='3560.000000', node='ubuntu', metric='rx', subsystem='enp0s25')
Telemetry(timestamp='28.05.2023 14:20:16.611920', value='8.602151', node='ubuntu', metric='cpu', subsystem=None)
Telemetry(timestamp='28.05.2023 14:20:16.612331', value='90.000000', node='ubuntu', metric='tx', subsystem='enp0s25')
Telemetry(timestamp='28.05.2023 14:20:16.818583', value='3636.000000', node='ubuntu', metric='rx', subsystem='enp0s25')
Telemetry(timestamp='28.05.2023 14:20:17.110917', value='1186460.000000', node='ubuntu', metric='ram', subsystem=None)
Telemetry(timestamp='28.05.2023 14:20:17.111842', value='4.838710', node='ubuntu', metric='cpu', subsystem=None)
Telemetry(timestamp='28.05.2023 14:20:17.112176', value='90.000000', node='ubuntu', metric='tx', subsystem='enp0s25')
Telemetry(timestamp='28.05.2023 14:20:17.328328', value='3663.000000', node='ubuntu', metric='rx', subsystem='enp0s25')
Telemetry(timestamp='28.05.2023 14:20:17.612186', value='7.692308', node='ubuntu', metric='cpu', subsystem=None)
Telemetry(timestamp='28.05.2023 14:20:17.612331', value='91.000000', node='ubuntu', metric='tx', subsystem='enp0s25')
Telemetry(timestamp='28.05.2023 14:20:17.734380', value='3709.000000', node='ubuntu', metric='rx', subsystem='enp0s25')
Telemetry(timestamp='28.05.2023 14:20:18.111737', value='0.130000', node='ubuntu', metric='load1', subsystem=None)
Telemetry(timestamp='28.05.2023 14:20:18.112148', value='86.000000', node='ubuntu', metric='tx', subsystem='enp0s25')
Telemetry(timestamp='28.05.2023 14:20:18.112492', value='1218968.000000', node='ubuntu', metric='ram', subsystem=None)
Telemetry(timestamp='28.05.2023 14:20:18.112779', value='5.945946', node='ubuntu', metric='cpu', subsystem=None)
Telemetry(timestamp='28.05.2023 14:20:18.239695', value='0.350000', node='ubuntu', metric='load5', subsystem=None)
Telemetry(timestamp='28.05.2023 14:20:18.246441', value='3794.000000', node='ubuntu', metric='rx', subsystem='enp0s25')
Telemetry(timestamp='28.05.2023 14:20:18.613298', value='3.703704', node='ubuntu', metric='cpu', subsystem=None)
Telemetry(timestamp='28.05.2023 14:20:18.613443', value='80.000000', node='ubuntu', metric='tx', subsystem='enp0s25')
Telemetry(timestamp='28.05.2023 14:20:18.763724', value='3853.000000', node='ubuntu', metric='rx', subsystem='enp0s25')
Telemetry(timestamp='28.05.2023 14:20:19.111613', value='8.196721', node='ubuntu', metric='cpu', subsystem=None)
Telemetry(timestamp='28.05.2023 14:20:19.111576', value='1219360.000000', node='ubuntu', metric='ram', subsystem=None)
Telemetry(timestamp='28.05.2023 14:20:19.113606', value='83.000000', node='ubuntu', metric='tx', subsystem='enp0s25')
Telemetry(timestamp='28.05.2023 14:20:19.271160', value='3972.000000', node='ubuntu', metric='rx', subsystem='enp0s25')
Telemetry(timestamp='28.05.2023 14:20:19.611577', value='4.787234', node='ubuntu', metric='cpu', subsystem=None)
Telemetry(timestamp='28.05.2023 14:20:19.611871', value='86.000000', node='ubuntu', metric='tx', subsystem='enp0s25')
Telemetry(timestamp='28.05.2023 14:20:19.791264', value='4050.000000', node='ubuntu', metric='rx', subsystem='enp0s25')
Telemetry(timestamp='28.05.2023 14:20:20.111397', value='1248836.000000', node='ubuntu', metric='ram', subsystem=None)
Telemetry(timestamp='28.05.2023 14:20:20.112437', value='6.417112', node='ubuntu', metric='cpu', subsystem=None)
Telemetry(timestamp='28.05.2023 14:20:20.112724', value='81.000000', node='ubuntu', metric='tx', subsystem='enp0s25')
Telemetry(timestamp='28.05.2023 14:20:20.298761', value='3834.000000', node='ubuntu', metric='rx', subsystem='enp0s25')
Telemetry(timestamp='28.05.2023 14:20:20.612681', value='42.000000', node='ubuntu', metric='tx', subsystem='enp0s25')
Telemetry(timestamp='28.05.2023 14:20:20.613075', value='54.054054', node='ubuntu', metric='cpu', subsystem=None)
Telemetry(timestamp='28.05.2023 14:20:20.702729', value='1793.000000', node='ubuntu', metric='rx', subsystem='enp0s25')
Telemetry(timestamp='28.05.2023 14:20:21.111350', value='1253980.000000', node='ubuntu', metric='ram', subsystem=None)
Telemetry(timestamp='28.05.2023 14:20:21.111721', value='43.850267', node='ubuntu', metric='cpu', subsystem=None)
Telemetry(timestamp='28.05.2023 14:20:21.112325', value='8.000000', node='ubuntu', metric='tx', subsystem='enp0s25')
Telemetry(timestamp='28.05.2023 14:20:21.328518', value='3.000000', node='ubuntu', metric='rx', subsystem='enp0s25')
Telemetry(timestamp='28.05.2023 14:20:21.611438', value='8.000000', node='ubuntu', metric='tx', subsystem='enp0s25')
Telemetry(timestamp='28.05.2023 14:20:21.612626', value='50.581395', node='ubuntu', metric='cpu', subsystem=None)
Telemetry(timestamp='28.05.2023 14:20:21.721372', value='3.000000', node='ubuntu', metric='rx', subsystem='enp0s25')
Telemetry(timestamp='28.05.2023 14:20:22.110764', value='1136664.000000', node='ubuntu', metric='ram', subsystem=None)
Telemetry(timestamp='28.05.2023 14:20:22.111709', value='11.000000', node='ubuntu', metric='tx', subsystem='enp0s25')
Telemetry(timestamp='28.05.2023 14:20:22.112797', value='40.760870', node='ubuntu', metric='cpu', subsystem=None)
Telemetry(timestamp='28.05.2023 14:20:22.345290', value='3.000000', node='ubuntu', metric='rx', subsystem='enp0s25')
Telemetry(timestamp='28.05.2023 14:20:22.611287', value='4.020101', node='ubuntu', metric='cpu', subsystem=None)
Telemetry(timestamp='28.05.2023 14:20:22.613444', value='11.000000', node='ubuntu', metric='tx', subsystem='enp0s25')
Telemetry(timestamp='28.05.2023 14:20:22.751444', value='4.000000', node='ubuntu', metric='rx', subsystem='enp0s25')
Telemetry(timestamp='28.05.2023 14:20:23.110773', value='0.200000', node='ubuntu', metric='load1', subsystem=None)
Telemetry(timestamp='28.05.2023 14:20:23.110775', value='0.360000', node='ubuntu', metric='load5', subsystem=None)
Telemetry(timestamp='28.05.2023 14:20:23.111533', value='1134400.000000', node='ubuntu', metric='ram', subsystem=None)
Telemetry(timestamp='28.05.2023 14:20:23.112032', value='0.000000', node='ubuntu', metric='cpu', subsystem=None)
Telemetry(timestamp='28.05.2023 14:20:23.112289', value='9.000000', node='ubuntu', metric='tx', subsystem='enp0s25')
Telemetry(timestamp='28.05.2023 14:20:23.268711', value='4.000000', node='ubuntu', metric='rx', subsystem='enp0s25')
Telemetry(timestamp='28.05.2023 14:20:23.611298', value='0.505051', node='ubuntu', metric='cpu', subsystem=None)
Telemetry(timestamp='28.05.2023 14:20:23.612405', value='9.000000', node='ubuntu', metric='tx', subsystem='enp0s25')
Telemetry(timestamp='28.05.2023 14:20:23.782228', value='3.000000', node='ubuntu', metric='rx', subsystem='enp0s25')
Telemetry(timestamp='28.05.2023 14:20:24.111802', value='0.502513', node='ubuntu', metric='cpu', subsystem=None)
Telemetry(timestamp='28.05.2023 14:20:24.112094', value='1134400.000000', node='ubuntu', metric='ram', subsystem=None)
Telemetry(timestamp='28.05.2023 14:20:24.112450', value='8.000000', node='ubuntu', metric='tx', subsystem='enp0s25')
Telemetry(timestamp='28.05.2023 14:20:24.313924', value='4.000000', node='ubuntu', metric='rx', subsystem='enp0s25')
Telemetry(timestamp='28.05.2023 14:20:24.612815', value='1.515152', node='ubuntu', metric='cpu', subsystem=None)
Telemetry(timestamp='28.05.2023 14:20:24.613171', value='8.000000', node='ubuntu', metric='tx', subsystem='enp0s25')
Telemetry(timestamp='28.05.2023 14:20:24.804953', value='3.000000', node='ubuntu', metric='rx', subsystem='enp0s25')
Telemetry(timestamp='28.05.2023 14:20:25.111472', value='0.000000', node='ubuntu', metric='cpu', subsystem=None)
Telemetry(timestamp='28.05.2023 14:20:25.111332', value='1134400.000000', node='ubuntu', metric='ram', subsystem=None)
Telemetry(timestamp='28.05.2023 14:20:25.113472', value='8.000000', node='ubuntu', metric='tx', subsystem='enp0s25')
Telemetry(timestamp='28.05.2023 14:20:25.321260', value='3.000000', node='ubuntu', metric='rx', subsystem='enp0s25')
Telemetry(timestamp='28.05.2023 14:20:25.611867', value='8.000000', node='ubuntu', metric='tx', subsystem='enp0s25')
Telemetry(timestamp='28.05.2023 14:20:25.612155', value='1.507538', node='ubuntu', metric='cpu', subsystem=None)
Telemetry(timestamp='28.05.2023 14:20:25.826664', value='3.000000', node='ubuntu', metric='rx', subsystem='enp0s25')
Telemetry(timestamp='28.05.2023 14:20:26.111320', value='1134392.000000', node='ubuntu', metric='ram', subsystem=None)
Telemetry(timestamp='28.05.2023 14:20:26.111334', value='0.505051', node='ubuntu', metric='cpu', subsystem=None)
Telemetry(timestamp='28.05.2023 14:20:26.111986', value='8.000000', node='ubuntu', metric='tx', subsystem='enp0s25')
Telemetry(timestamp='28.05.2023 14:20:26.345047', value='3.000000', node='ubuntu', metric='rx', subsystem='enp0s25')
Telemetry(timestamp='28.05.2023 14:20:26.612029', value='8.000000', node='ubuntu', metric='tx', subsystem='enp0s25')
Telemetry(timestamp='28.05.2023 14:20:26.612277', value='0.000000', node='ubuntu', metric='cpu', subsystem=None)
Telemetry(timestamp='28.05.2023 14:20:26.745142', value='3.000000', node='ubuntu', metric='rx', subsystem='enp0s25')
Telemetry(timestamp='28.05.2023 14:20:27.111445', value='1134392.000000', node='ubuntu', metric='ram', subsystem=None)
Telemetry(timestamp='28.05.2023 14:20:27.111599', value='2.512563', node='ubuntu', metric='cpu', subsystem=None)
Telemetry(timestamp='28.05.2023 14:20:27.113030', value='8.000000', node='ubuntu', metric='tx', subsystem='enp0s25')
Telemetry(timestamp='28.05.2023 14:20:27.263960', value='3.000000', node='ubuntu', metric='rx', subsystem='enp0s25')
Telemetry(timestamp='28.05.2023 14:20:27.611898', value='3.553299', node='ubuntu', metric='cpu', subsystem=None)