Telemetry(timestamp='28.05.2023 11:32:31.151485', value='0.000000', node='ubuntu', metric='cpu', subsystem=None)
Telemetry(timestamp='28.05.2023 11:32:31.151732', value='8.000000', node='ubuntu', metric='tx', subsystem='enp0s25')
Telemetry(timestamp='28.05.2023 11:32:31.310220', value='3.000000', node='ubuntu', metric='rx', subsystem='enp0s25')
Telemetry(timestamp='28.05.2023 11:32:31.650402', value='0.060000', node='ubuntu', metric='load1', subsystem=None)
Telemetry(timestamp='28.05.2023 11:32:31.650443', value='0.000000', node='ubuntu', metric='cpu', subsystem=None)
Telemetry(timestamp='28.05.2023 11:32:31.650991', value='1026972.000000', node='ubuntu', metric='ram', subsystem=None)
Telemetry(timestamp='28.05.2023 11:32:31.652067', value='8.000000', node='ubuntu', metric='tx', subsystem='enp0s25')
Telemetry(timestamp='28.05.2023 11:32:31.796072', value='0.070000', node='ubuntu', metric='load5', subsystem=None)
Telemetry(timestamp='28.05.2023 11:32:31.827720', value='4.000000', node='ubuntu', metric='rx', subsystem='enp0s25')
Telemetry(timestamp='28.05.2023 11:32:32.150569', value='8.000000', node='ubuntu', metric='tx', subsystem='enp0s25')
Telemetry(timestamp='28.05.2023 11:32:32.151896', value='1.500000', node='ubuntu', metric='cpu', subsystem=None)
Telemetry(timestamp='28.05.2023 11:32:32.334677', value='4.000000', node='ubuntu', metric='rx', subsystem='enp0s25')
Telemetry(timestamp='28.05.2023 11:32:32.650370', value='4.020101', node='ubuntu', metric='cpu', subsystem=None)
Telemetry(timestamp='28.05.2023 11:32:32.650666', value='1026972.000000', node='ubuntu', metric='ram', subsystem=None)
Telemetry(timestamp='28.05.2023 11:32:32.651750', value='8.000000', node='ubuntu', metric='tx', subsystem='enp0s25')
Telemetry(timestamp='28.05.2023 11:32:32.849813', value='4.000000', node='ubuntu', metric='rx', subsystem='enp0s25')
Telemetry(timestamp='28.05.2023 11:32:33.150446', value='8.000000', node='ubuntu', metric='tx', subsystem='enp0s25')
Telemetry(timestamp='28.05.2023 11:32:33.151172', value='1.500000', node='ubuntu', metric='cpu', subsystem=None)
Telemetry(timestamp='28.05.2023 11:32:33.345898', value='3.000000', node='ubuntu', metric='rx', subsystem='enp0s25')
Telemetry(timestamp='28.05.2023 11:32:33.650217', value='1026972.000000', node='ubuntu', metric='ram', subsystem=None)
Telemetry(timestamp='28.05.2023 11:32:33.650993', value='1.005025', node='ubuntu', metric='cpu', subsystem=None)
Telemetry(timestamp='28.05.2023 11:32:33.652418', value='8.000000', node='ubuntu', metric='tx', subsystem='enp0s25')
Telemetry(timestamp='28.05.2023 11:32:33.877599', value='3.000000', node='ubuntu', metric='rx', subsystem='enp0s25')
Telemetry(timestamp='28.05.2023 11:32:34.150531', value='1.990050', node='ubuntu', metric='cpu', subsystem=None)
Telemetry(timestamp='28.05.2023 11:32:34.151393', value='8.000000', node='ubuntu', metric='tx', subsystem='enp0s25')
Telemetry(timestamp='28.05.2023 11:32:34.380684', value='3.000000', node='ubuntu', metric='rx', subsystem='enp0s25')
Telemetry(timestamp='28.05.2023 11:32:34.652496', value='8.000000', node='ubuntu', metric='tx', subsystem='enp0s25')
Telemetry(timestamp='28.05.2023 11:32:34.652763', value='1.492537', node='ubuntu', metric='cpu', subsystem=None)
Telemetry(timestamp='28.05.2023 11:32:34.652800', value='1026972.000000', node='ubuntu', metric='ram', subsystem=None)
Telemetry(timestamp='28.05.2023 11:32:34.834974', value='3.000000', node='ubuntu', metric='rx', subsystem='enp0s25')
Telemetry(timestamp='28.05.2023 11:32:35.151412', value='8.000000', node='ubuntu', metric='tx', subsystem='enp0s25')
Telemetry(timestamp='28.05.2023 11:32:35.152644', value='1.500000', node='ubuntu', metric='cpu', subsystem=None)
Telemetry(timestamp='28.05.2023 11:32:35.303817', value='3.000000', node='ubuntu', metric='rx', subsystem='enp0s25')
Telemetry(timestamp='28.05.2023 11:32:35.649861', value='1026972.000000', node='ubuntu', metric='ram', subsystem=None)
Telemetry(timestamp='28.05.2023 11:32:35.651718', value='1.000000', node='ubuntu', metric='cpu', subsystem=None)
Telemetry(timestamp='28.05.2023 11:32:35.654352', value='8.000000', node='ubuntu', metric='tx', subsystem='enp0s25')
Telemetry(timestamp='28.05.2023 11:32:35.849312', value='3.000000', node='ubuntu', metric='rx', subsystem='enp0s25')
Telemetry(timestamp='28.05.2023 11:32:36.150129', value='0.502513', node='ubuntu', metric='cpu', subsystem=None)
Telemetry(timestamp='28.05.2023 11:32:36.151947', value='8.000000', node='ubuntu', metric='tx', subsystem='enp0s25')
Telemetry(timestamp='28.05.2023 11:32:36.331671', value='3.000000', node='ubuntu', metric='rx', subsystem='enp0s25')
Telemetry(timestamp='28.05.2023 11:32:36.649446', value='0.050000', node='ubuntu', metric='load1', subsystem=None)
Telemetry(timestamp='28.05.2023 11:32:36.649449', value='0.070000', node='ubuntu', metric='load5', subsystem=None)
Telemetry(timestamp='28.05.2023 11:32:36.649730', value='1026972.000000', node='ubuntu', metric='ram', subsystem=None)
Telemetry(timestamp='28.05.2023 11:32:36.650918', value='1.005025', node='ubuntu', metric='cpu', subsystem=None)
Telemetry(timestamp='28.05.2023 11:32:36.651016', value='8.000000', node='ubuntu', metric='tx', subsystem='enp0s25')
Telemetry(timestamp='28.05.2023 11:32:36.851972', value='4.000000', node='ubuntu', metric='rx', subsystem='enp0s25')
Telemetry(timestamp='28.05.2023 11:32:37.150519', value='1.500000', node='ubuntu', metric='cpu', subsystem=None)
Telemetry(timestamp='28.05.2023 11:32:37.150779', value='8.000000', node='ubuntu', metric='tx', subsystem='enp0s25')
Telemetry(timestamp='28.05.2023 11:32:37.369523', value='4.000000', node='ubuntu', metric='rx', subsystem='enp0s25')
Telemetry(timestamp='28.05.2023 11:32:37.650888', value='35.000000', node='ubuntu', metric='tx', subsystem='enp0s25')
Telemetry(timestamp='28.05.2023 11:32:37.651058', value='1026972.000000', node='ubuntu', metric='ram', subsystem=None)
Telemetry(timestamp='28.05.2023 11:32:37.651511', value='7.614213', node='ubuntu', metric='cpu', subsystem=None)
Telemetry(timestamp='28.05.2023 11:32:37.857025', value='1134.000000', node='ubuntu', metric='rx', subsystem='enp0s25')
Telemetry(timestamp='28.05.2023 11:32:38.151163', value='60.000000', node='ubuntu', metric='tx', subsystem='enp0s25')
Telemetry(timestamp='28.05.2023 11:32:38.151173', value='16.304348', node='ubuntu', metric='cpu', subsystem=None)
Telemetry(timestamp='28.05.2023 11:32:38.273170', value='2168.000000', node='ubuntu', metric='rx', subsystem='enp0s25')
Telemetry(timestamp='28.05.2023 11:32:38.651002', value='3.980100', node='ubuntu', metric='cpu', subsystem=None)
Telemetry(timestamp='28.05.2023 11:32:38.651427', value='1027980.000000', node='ubuntu', metric='ram', subsystem=None)
Telemetry(timestamp='28.05.2023 11:32:38.651746', value='33.000000', node='ubuntu', metric='tx', subsystem='enp0s25')
Telemetry(timestamp='28.05.2023 11:32:38.783373', value='1036.000000', node='ubuntu', metric='rx', subsystem='enp0s25')
Telemetry(timestamp='28.05.2023 11:32:39.150331', value='8.000000', node='ubuntu', metric='tx', subsystem='enp0s25')
Telemetry(timestamp='28.05.2023 11:32:39.150564', value='3.500000', node='ubuntu', metric='cpu', subsystem=None)
Telemetry(timestamp='28.05.2023 11:32:39.292598', value='4.000000', node='ubuntu', metric='rx', subsystem='enp0s25')
Telemetry(timestamp='28.05.2023 11:32:39.650287', value='2.000000', node='ubuntu', metric='cpu', subsystem=None)
Telemetry(timestamp='28.05.2023 11:32:39.650517', value='1027852.000000', node='ubuntu', metric='ram', subsystem=None)
Telemetry(timestamp='28.05.2023 11:32:39.651287', value='8.000000', node='ubuntu', metric='tx', subsystem='enp0s25')
Telemetry(timestamp='28.05.2023 11:32:39.818646', value='3.000000', node='ubuntu', metric='rx', subsystem='enp0s25')