Telemetry(timestamp='28.05.2023 14:14:56.612282', value='0.505051', node='ubuntu', metric='cpu', subsystem=None)
Telemetry(timestamp='28.05.2023 14:14:56.613788', value='8.000000', node='ubuntu', metric='tx', subsystem='enp0s25')
Telemetry(timestamp='28.05.2023 14:14:56.812556', value='3.000000', node='ubuntu', metric='rx', subsystem='enp0s25')
Telemetry(timestamp='28.05.2023 14:14:57.112087', value='2.500000', node='ubuntu', metric='cpu', subsystem=None)
Telemetry(timestamp='28.05.2023 14:14:57.112011', value='1171060.000000', node='ubuntu', metric='ram', subsystem=None)
Telemetry(timestamp='28.05.2023 14:14:57.113170', value='8.000000', node='ubuntu', metric='tx', subsystem='enp0s25')
Telemetry(timestamp='28.05.2023 14:14:57.321551', value='3.000000', node='ubuntu', metric='rx', subsystem='enp0s25')
Telemetry(timestamp='28.05.2023 14:14:57.612153', value='3.061224', node='ubuntu', metric='cpu', subsystem=None)
Telemetry(timestamp='28.05.2023 14:14:57.612579', value='8.000000', node='ubuntu', metric='tx', subsystem='enp0s25')
Telemetry(timestamp='28.05.2023 14:14:57.625846', value='3.000000', node='ubuntu', metric='rx', subsystem='enp0s25')
Telemetry(timestamp='28.05.2023 14:14:58.111360', value='0.700000', node='ubuntu', metric='load5', subsystem=None)
Telemetry(timestamp='28.05.2023 14:14:58.111356', value='0.090000', node='ubuntu', metric='load1', subsystem=None)
Telemetry(timestamp='28.05.2023 14:14:58.111814', value='1171312.000000', node='ubuntu', metric='ram', subsystem=None)
Telemetry(timestamp='28.05.2023 14:14:58.112726', value='1.515152', node='ubuntu', metric='cpu', subsystem=None)
Telemetry(timestamp='28.05.2023 14:14:58.112880', value='8.000000', node='ubuntu', metric='tx', subsystem='enp0s25')
Telemetry(timestamp='28.05.2023 14:14:58.254355', value='3.000000', node='ubuntu', metric='rx', subsystem='enp0s25')
Telemetry(timestamp='28.05.2023 14:14:58.614220', value='0.507614', node='ubuntu', metric='cpu', subsystem=None)
Telemetry(timestamp='28.05.2023 14:14:58.613553', value='8.000000', node='ubuntu', metric='tx', subsystem='enp0s25')
Telemetry(timestamp='28.05.2023 14:14:58.753231', value='3.000000', node='ubuntu', metric='rx', subsystem='enp0s25')
Telemetry(timestamp='28.05.2023 14:14:59.111742', value='1171300.000000', node='ubuntu', metric='ram', subsystem=None)
Telemetry(timestamp='28.05.2023 14:14:59.111515', value='4.040404', node='ubuntu', metric='cpu', subsystem=None)
Telemetry(timestamp='28.05.2023 14:14:59.112494', value='9.000000', node='ubuntu', metric='tx', subsystem='enp0s25')
Telemetry(timestamp='28.05.2023 14:14:59.266255', value='4.000000', node='ubuntu', metric='rx', subsystem='enp0s25')
Telemetry(timestamp='28.05.2023 14:14:59.612804', value='1.500000', node='ubuntu', metric='cpu', subsystem=None)
Telemetry(timestamp='28.05.2023 14:14:59.615178', value='9.000000', node='ubuntu', metric='tx', subsystem='enp0s25')
Telemetry(timestamp='28.05.2023 14:14:59.630317', value='4.000000', node='ubuntu', metric='rx', subsystem='enp0s25')
Telemetry(timestamp='28.05.2023 14:15:00.111068', value='1171300.000000', node='ubuntu', metric='ram', subsystem=None)
Telemetry(timestamp='28.05.2023 14:15:00.111703', value='1.500000', node='ubuntu', metric='cpu', subsystem=None)
Telemetry(timestamp='28.05.2023 14:15:00.113126', value='9.000000', node='ubuntu', metric='tx', subsystem='enp0s25')
Telemetry(timestamp='28.05.2023 14:15:00.142206', value='4.000000', node='ubuntu', metric='rx', subsystem='enp0s25')
Telemetry(timestamp='28.05.2023 14:15:00.611456', value='0.000000', node='ubuntu', metric='cpu', subsystem=None)
Telemetry(timestamp='28.05.2023 14:15:00.611695', value='8.000000', node='ubuntu', metric='tx', subsystem='enp0s25')
Telemetry(timestamp='28.05.2023 14:15:00.731826', value='4.000000', node='ubuntu', metric='rx', subsystem='enp0s25')
Telemetry(timestamp='28.05.2023 14:15:01.111673', value='8.000000', node='ubuntu', metric='tx', subsystem='enp0s25')
Telemetry(timestamp='28.05.2023 14:15:01.111873', value='1171300.000000', node='ubuntu', metric='ram', subsystem=None)
Telemetry(timestamp='28.05.2023 14:15:01.112106', value='0.505051', node='ubuntu', metric='cpu', subsystem=None)
Telemetry(timestamp='28.05.2023 14:15:01.116978', value='4.000000', node='ubuntu', metric='rx', subsystem='enp0s25')
Telemetry(timestamp='28.05.2023 14:15:01.612165', value='9.000000', node='ubuntu', metric='tx', subsystem='enp0s25')
Telemetry(timestamp='28.05.2023 14:15:01.612407', value='0.502513', node='ubuntu', metric='cpu', subsystem=None)
Telemetry(timestamp='28.05.2023 14:15:01.851519', value='4.000000', node='ubuntu', metric='rx', subsystem='enp0s25')
Telemetry(timestamp='28.05.2023 14:15:02.111370', value='1174040.000000', node='ubuntu', metric='ram', subsystem=None)
Telemetry(timestamp='28.05.2023 14:15:02.112139', value='4.123711', node='ubuntu', metric='cpu', subsystem=None)
Telemetry(timestamp='28.05.2023 14:15:02.113426', value='31.000000', node='ubuntu', metric='tx', subsystem='enp0s25')
Telemetry(timestamp='28.05.2023 14:15:02.236690', value='883.000000', node='ubuntu', metric='rx', subsystem='enp0s25')
Telemetry(timestamp='28.05.2023 14:15:02.611550', value='9.239130', node='ubuntu', metric='cpu', subsystem=None)
Telemetry(timestamp='28.05.2023 14:15:02.613215', value='74.000000', node='ubuntu', metric='tx', subsystem='enp0s25')
Telemetry(timestamp='28.05.2023 14:15:02.646937', value='2818.000000', node='ubuntu', metric='rx', subsystem='enp0s25')
Telemetry(timestamp='28.05.2023 14:15:03.110898', value='0.680000', node='ubuntu', metric='load5', subsystem=None)
Telemetry(timestamp='28.05.2023 14:15:03.110895', value='0.080000', node='ubuntu', metric='load1', subsystem=None)
Telemetry(timestamp='28.05.2023 14:15:03.111049', value='1179332.000000', node='ubuntu', metric='ram', subsystem=None)
Telemetry(timestamp='28.05.2023 14:15:03.112032', value='94.000000', node='ubuntu', metric='tx', subsystem='enp0s25')
Telemetry(timestamp='28.05.2023 14:15:03.112630', value='5.464481', node='ubuntu', metric='cpu', subsystem=None)
Telemetry(timestamp='28.05.2023 14:15:03.259030', value='3868.000000', node='ubuntu', metric='rx', subsystem='enp0s25')
Telemetry(timestamp='28.05.2023 14:15:03.611722', value='3.846154', node='ubuntu', metric='cpu', subsystem=None)
Telemetry(timestamp='28.05.2023 14:15:03.613118', value='95.000000', node='ubuntu', metric='tx', subsystem='enp0s25')
Telemetry(timestamp='28.05.2023 14:15:03.786236', value='3838.000000', node='ubuntu', metric='rx', subsystem='enp0s25')
Telemetry(timestamp='28.05.2023 14:15:04.111132', value='2.793296', node='ubuntu', metric='cpu', subsystem=None)
Telemetry(timestamp='28.05.2023 14:15:04.111253', value='1179332.000000', node='ubuntu', metric='ram', subsystem=None)
Telemetry(timestamp='28.05.2023 14:15:04.113183', value='96.000000', node='ubuntu', metric='tx', subsystem='enp0s25')
Telemetry(timestamp='28.05.2023 14:15:04.305369', value='3847.000000', node='ubuntu', metric='rx', subsystem='enp0s25')
Telemetry(timestamp='28.05.2023 14:15:04.611759', value='97.000000', node='ubuntu', metric='tx', subsystem='enp0s25')
Telemetry(timestamp='28.05.2023 14:15:04.612086', value='4.787234', node='ubuntu', metric='cpu', subsystem=None)
Telemetry(timestamp='28.05.2023 14:15:04.791072', value='3776.000000', node='ubuntu', metric='rx', subsystem='enp0s25')
Telemetry(timestamp='28.05.2023 14:15:05.111381', value='1198956.000000', node='ubuntu', metric='ram', subsystem=None)
Telemetry(timestamp='28.05.2023 14:15:05.112050', value='75.000000', node='ubuntu', metric='tx', subsystem='enp0s25')
Telemetry(timestamp='28.05.2023 14:15:05.113281', value='29.032258', node='ubuntu', metric='cpu', subsystem=None)
Telemetry(timestamp='28.05.2023 14:15:05.156898', value='2371.000000', node='ubuntu', metric='rx', subsystem='enp0s25')