Telemetry(timestamp='28.05.2023 11:36:23.649792', value='1032296.000000', node='ubuntu', metric='ram', subsystem=None)
Telemetry(timestamp='28.05.2023 11:36:23.650870', value='8.000000', node='ubuntu', metric='tx', subsystem='enp0s25')
Telemetry(timestamp='28.05.2023 11:36:23.651016', value='1.980198', node='ubuntu', metric='cpu', subsystem=None)
Telemetry(timestamp='28.05.2023 11:36:23.880129', value='3.000000', node='ubuntu', metric='rx', subsystem='enp0s25')
Telemetry(timestamp='28.05.2023 11:36:24.149947', value='1.005025', node='ubuntu', metric='cpu', subsystem=None)
Telemetry(timestamp='28.05.2023 11:36:24.151468', value='8.000000', node='ubuntu', metric='tx', subsystem='enp0s25')
Telemetry(timestamp='28.05.2023 11:36:24.364067', value='3.000000', node='ubuntu', metric='rx', subsystem='enp0s25')
Telemetry(timestamp='28.05.2023 11:36:24.650453', value='1032296.000000', node='ubuntu', metric='ram', subsystem=None)
Telemetry(timestamp='28.05.2023 11:36:24.650716', value='1.005025', node='ubuntu', metric='cpu', subsystem=None)
Telemetry(timestamp='28.05.2023 11:36:24.650929', value='8.000000', node='ubuntu', metric='tx', subsystem='enp0s25')
Telemetry(timestamp='28.05.2023 11:36:24.796279', value='3.000000', node='ubuntu', metric='rx', subsystem='enp0s25')
Telemetry(timestamp='28.05.2023 11:36:25.150431', value='8.000000', node='ubuntu', metric='tx', subsystem='enp0s25')
Telemetry(timestamp='28.05.2023 11:36:25.151879', value='1.500000', node='ubuntu', metric='cpu', subsystem=None)
Telemetry(timestamp='28.05.2023 11:36:25.292365', value='4.000000', node='ubuntu', metric='rx', subsystem='enp0s25')
Telemetry(timestamp='28.05.2023 11:36:25.650013', value='1.492537', node='ubuntu', metric='cpu', subsystem=None)
Telemetry(timestamp='28.05.2023 11:36:25.650125', value='1032296.000000', node='ubuntu', metric='ram', subsystem=None)
Telemetry(timestamp='28.05.2023 11:36:25.652406', value='9.000000', node='ubuntu', metric='tx', subsystem='enp0s25')
Telemetry(timestamp='28.05.2023 11:36:25.815501', value='4.000000', node='ubuntu', metric='rx', subsystem='enp0s25')
Telemetry(timestamp='28.05.2023 11:36:26.150600', value='2.475248', node='ubuntu', metric='cpu', subsystem=None)
Telemetry(timestamp='28.05.2023 11:36:26.151000', value='8.000000', node='ubuntu', metric='tx', subsystem='enp0s25')
Telemetry(timestamp='28.05.2023 11:36:26.237259', value='4.000000', node='ubuntu', metric='rx', subsystem='enp0s25')
Telemetry(timestamp='28.05.2023 11:36:26.650230', value='0.060000', node='ubuntu', metric='load1', subsystem=None)
Telemetry(timestamp='28.05.2023 11:36:26.650234', value='0.060000', node='ubuntu', metric='load5', subsystem=None)
Telemetry(timestamp='28.05.2023 11:36:26.650337', value='1.005025', node='ubuntu', metric='cpu', subsystem=None)
Telemetry(timestamp='28.05.2023 11:36:26.651072', value='8.000000', node='ubuntu', metric='tx', subsystem='enp0s25')
Telemetry(timestamp='28.05.2023 11:36:26.651366', value='1032296.000000', node='ubuntu', metric='ram', subsystem=None)
Telemetry(timestamp='28.05.2023 11:36:26.691375', value='4.000000', node='ubuntu', metric='rx', subsystem='enp0s25')
Telemetry(timestamp='28.05.2023 11:36:27.150947', value='9.000000', node='ubuntu', metric='tx', subsystem='enp0s25')
Telemetry(timestamp='28.05.2023 11:36:27.150957', value='2.010050', node='ubuntu', metric='cpu', subsystem=None)
Telemetry(timestamp='28.05.2023 11:36:27.346647', value='4.000000', node='ubuntu', metric='rx', subsystem='enp0s25')
Telemetry(timestamp='28.05.2023 11:36:27.650383', value='1032292.000000', node='ubuntu', metric='ram', subsystem=None)
Telemetry(timestamp='28.05.2023 11:36:27.651364', value='5.472637', node='ubuntu', metric='cpu', subsystem=None)
Telemetry(timestamp='28.05.2023 11:36:27.652717', value='8.000000', node='ubuntu', metric='tx', subsystem='enp0s25')
Telemetry(timestamp='28.05.2023 11:36:27.738729', value='4.000000', node='ubuntu', metric='rx', subsystem='enp0s25')
Telemetry(timestamp='28.05.2023 11:36:28.151434', value='2.010050', node='ubuntu', metric='cpu', subsystem=None)
Telemetry(timestamp='28.05.2023 11:36:28.151573', value='8.000000', node='ubuntu', metric='tx', subsystem='enp0s25')
Telemetry(timestamp='28.05.2023 11:36:28.241457', value='4.000000', node='ubuntu', metric='rx', subsystem='enp0s25')
Telemetry(timestamp='28.05.2023 11:36:28.649917', value='4.020101', node='ubuntu', metric='cpu', subsystem=None)
Telemetry(timestamp='28.05.2023 11:36:28.650034', value='1032292.000000', node='ubuntu', metric='ram', subsystem=None)
Telemetry(timestamp='28.05.2023 11:36:28.651387', value='8.000000', node='ubuntu', metric='tx', subsystem='enp0s25')
Telemetry(timestamp='28.05.2023 11:36:28.687701', value='4.000000', node='ubuntu', metric='rx', subsystem='enp0s25')
Telemetry(timestamp='28.05.2023 11:36:29.150527', value='51.000000', node='ubuntu', metric='tx', subsystem='enp0s25')
Telemetry(timestamp='28.05.2023 11:36:29.152003', value='5.347594', node='ubuntu', metric='cpu', subsystem=None)
Telemetry(timestamp='28.05.2023 11:36:29.294176', value='1904.000000', node='ubuntu', metric='rx', subsystem='enp0s25')
Telemetry(timestamp='28.05.2023 11:36:29.650373', value='6.486486', node='ubuntu', metric='cpu', subsystem=None)