Telemetry(timestamp='28.05.2023 14:16:28.110805', value='0.280000', node='ubuntu', metric='load1', subsystem=None)
Telemetry(timestamp='28.05.2023 14:16:28.111300', value='1161432.000000', node='ubuntu', metric='ram', subsystem=None)
Telemetry(timestamp='28.05.2023 14:16:28.113086', value='1.010101', node='ubuntu', metric='cpu', subsystem=None)
Telemetry(timestamp='28.05.2023 14:16:28.113448', value='8.000000', node='ubuntu', metric='tx', subsystem='enp0s25')
Telemetry(timestamp='28.05.2023 14:16:28.262810', value='3.000000', node='ubuntu', metric='rx', subsystem='enp0s25')
Telemetry(timestamp='28.05.2023 14:16:28.612045', value='1.010101', node='ubuntu', metric='cpu', subsystem=None)
Telemetry(timestamp='28.05.2023 14:16:28.612970', value='8.000000', node='ubuntu', metric='tx', subsystem='enp0s25')
Telemetry(timestamp='28.05.2023 14:16:28.752625', value='3.000000', node='ubuntu', metric='rx', subsystem='enp0s25')
Telemetry(timestamp='28.05.2023 14:16:29.111743', value='3.500000', node='ubuntu', metric='cpu', subsystem=None)
Telemetry(timestamp='28.05.2023 14:16:29.111832', value='9.000000', node='ubuntu', metric='tx', subsystem='enp0s25')
Telemetry(timestamp='28.05.2023 14:16:29.112053', value='1161428.000000', node='ubuntu', metric='ram', subsystem=None)
Telemetry(timestamp='28.05.2023 14:16:29.122135', value='4.000000', node='ubuntu', metric='rx', subsystem='enp0s25')
Telemetry(timestamp='28.05.2023 14:16:29.612975', value='0.505051', node='ubuntu', metric='cpu', subsystem=None)
Telemetry(timestamp='28.05.2023 14:16:29.612986', value='8.000000', node='ubuntu', metric='tx', subsystem='enp0s25')
Telemetry(timestamp='28.05.2023 14:16:29.766437', value='3.000000', node='ubuntu', metric='rx', subsystem='enp0s25')
Telemetry(timestamp='28.05.2023 14:16:30.111271', value='0.000000', node='ubuntu', metric='cpu', subsystem=None)
Telemetry(timestamp='28.05.2023 14:16:30.111295', value='1161428.000000', node='ubuntu', metric='ram', subsystem=None)
Telemetry(timestamp='28.05.2023 14:16:30.113481', value='8.000000', node='ubuntu', metric='tx', subsystem='enp0s25')
Telemetry(timestamp='28.05.2023 14:16:30.305583', value='3.000000', node='ubuntu', metric='rx', subsystem='enp0s25')
Telemetry(timestamp='28.05.2023 14:16:30.611939', value='1.005025', node='ubuntu', metric='cpu', subsystem=None)
Telemetry(timestamp='28.05.2023 14:16:30.611988', value='8.000000', node='ubuntu', metric='tx', subsystem='enp0s25')
Telemetry(timestamp='28.05.2023 14:16:30.808180', value='3.000000', node='ubuntu', metric='rx', subsystem='enp0s25')
Telemetry(timestamp='28.05.2023 14:16:31.111912', value='8.000000', node='ubuntu', metric='tx', subsystem='enp0s25')
Telemetry(timestamp='28.05.2023 14:16:31.112056', value='1161420.000000', node='ubuntu', metric='ram', subsystem=None)
Telemetry(timestamp='28.05.2023 14:16:31.112954', value='0.000000', node='ubuntu', metric='cpu', subsystem=None)
Telemetry(timestamp='28.05.2023 14:16:31.322507', value='4.000000', node='ubuntu', metric='rx', subsystem='enp0s25')
Telemetry(timestamp='28.05.2023 14:16:31.613364', value='8.000000', node='ubuntu', metric='tx', subsystem='enp0s25')
Telemetry(timestamp='28.05.2023 14:16:31.613439', value='0.502513', node='ubuntu', metric='cpu', subsystem=None)
Telemetry(timestamp='28.05.2023 14:16:31.735773', value='4.000000', node='ubuntu', metric='rx', subsystem='enp0s25')
Telemetry(timestamp='28.05.2023 14:16:32.110887', value='1162680.000000', node='ubuntu', metric='ram', subsystem=None)
Telemetry(timestamp='28.05.2023 14:16:32.111850', value='1.010101', node='ubuntu', metric='cpu', subsystem=None)
Telemetry(timestamp='28.05.2023 14:16:32.113297', value='8.000000', node='ubuntu', metric='tx', subsystem='enp0s25')
Telemetry(timestamp='28.05.2023 14:16:32.130574', value='4.000000', node='ubuntu', metric='rx', subsystem='enp0s25')
Telemetry(timestamp='28.05.2023 14:16:32.611652', value='9.574468', node='ubuntu', metric='cpu', subsystem=None)
Telemetry(timestamp='28.05.2023 14:16:32.613850', value='52.000000', node='ubuntu', metric='tx', subsystem='enp0s25')
Telemetry(timestamp='28.05.2023 14:16:32.757936', value='1620.000000', node='ubuntu', metric='rx', subsystem='enp0s25')
Telemetry(timestamp='28.05.2023 14:16:33.110949', value='0.260000', node='ubuntu', metric='load1', subsystem=None)
Telemetry(timestamp='28.05.2023 14:16:33.110953', value='0.580000', node='ubuntu', metric='load5', subsystem=None)
Telemetry(timestamp='28.05.2023 14:16:33.111531', value='1165452.000000', node='ubuntu', metric='ram', subsystem=None)
Telemetry(timestamp='28.05.2023 14:16:33.111759', value='94.000000', node='ubuntu', metric='tx', subsystem='enp0s25')
Telemetry(timestamp='28.05.2023 14:16:33.114738', value='6.951872', node='ubuntu', metric='cpu', subsystem=None)
Telemetry(timestamp='28.05.2023 14:16:33.272013', value='3645.000000', node='ubuntu', metric='rx', subsystem='enp0s25')
Telemetry(timestamp='28.05.2023 14:16:33.611996', value='5.405405', node='ubuntu', metric='cpu', subsystem=None)
Telemetry(timestamp='28.05.2023 14:16:33.614673', value='98.000000', node='ubuntu', metric='tx', subsystem='enp0s25')
Telemetry(timestamp='28.05.2023 14:16:33.781961', value='3981.000000', node='ubuntu', metric='rx', subsystem='enp0s25')
Telemetry(timestamp='28.05.2023 14:16:34.111935', value='1169232.000000', node='ubuntu', metric='ram', subsystem=None)
Telemetry(timestamp='28.05.2023 14:16:34.112183', value='5.376344', node='ubuntu', metric='cpu', subsystem=None)
Telemetry(timestamp='28.05.2023 14:16:34.113194', value='104.000000', node='ubuntu', metric='tx', subsystem='enp0s25')
Telemetry(timestamp='28.05.2023 14:16:34.402800', value='3566.000000', node='ubuntu', metric='rx', subsystem='enp0s25')
Telemetry(timestamp='28.05.2023 14:16:34.612380', value='99.000000', node='ubuntu', metric='tx', subsystem='enp0s25')
Telemetry(timestamp='28.05.2023 14:16:34.612467', value='5.464481', node='ubuntu', metric='cpu', subsystem=None)
Telemetry(timestamp='28.05.2023 14:16:34.809225', value='3635.000000', node='ubuntu', metric='rx', subsystem='enp0s25')
Telemetry(timestamp='28.05.2023 14:16:35.111455', value='4.347826', node='ubuntu', metric='cpu', subsystem=None)
Telemetry(timestamp='28.05.2023 14:16:35.111917', value='1177548.000000', node='ubuntu', metric='ram', subsystem=None)
Telemetry(timestamp='28.05.2023 14:16:35.113386', value='89.000000', node='ubuntu', metric='tx', subsystem='enp0s25')
Telemetry(timestamp='28.05.2023 14:16:35.431915', value='3940.000000', node='ubuntu', metric='rx', subsystem='enp0s25')
Telemetry(timestamp='28.05.2023 14:16:35.612123', value='84.000000', node='ubuntu', metric='tx', subsystem='enp0s25')
Telemetry(timestamp='28.05.2023 14:16:35.612319', value='4.891304', node='ubuntu', metric='cpu', subsystem=None)
Telemetry(timestamp='28.05.2023 14:16:35.727859', value='3805.000000', node='ubuntu', metric='rx', subsystem='enp0s25')
Telemetry(timestamp='28.05.2023 14:16:36.111089', value='1177548.000000', node='ubuntu', metric='ram', subsystem=None)
Telemetry(timestamp='28.05.2023 14:16:36.113098', value='6.951872', node='ubuntu', metric='cpu', subsystem=None)
Telemetry(timestamp='28.05.2023 14:16:36.113431', value='84.000000', node='ubuntu', metric='tx', subsystem='enp0s25')
Telemetry(timestamp='28.05.2023 14:16:36.297829', value='3861.000000', node='ubuntu', metric='rx', subsystem='enp0s25')
Telemetry(timestamp='28.05.2023 14:16:36.611097', value='5.434783', node='ubuntu', metric='cpu', subsystem=None)
Telemetry(timestamp='28.05.2023 14:16:36.613652', value='87.000000', node='ubuntu', metric='tx', subsystem='enp0s25')
Telemetry(timestamp='28.05.2023 14:16:36.751246', value='3977.000000', node='ubuntu', metric='rx', subsystem='enp0s25')
Telemetry(timestamp='28.05.2023 14:16:37.111125', value='1192920.000000', node='ubuntu', metric='ram', subsystem=None)
Telemetry(timestamp='28.05.2023 14:16:37.111883', value='5.978261', node='ubuntu', metric='cpu', subsystem=None)
Telemetry(timestamp='28.05.2023 14:16:37.111965', value='88.000000', node='ubuntu', metric='tx', subsystem='enp0s25')
Telemetry(timestamp='28.05.2023 14:16:37.268340', value='4020.000000', node='ubuntu', metric='rx', subsystem='enp0s25')
Telemetry(timestamp='28.05.2023 14:16:37.611694', value='11.229947', node='ubuntu', metric='cpu', subsystem=None)
Telemetry(timestamp='28.05.2023 14:16:37.612512', value='89.000000', node='ubuntu', metric='tx', subsystem='enp0s25')
Telemetry(timestamp='28.05.2023 14:16:37.777426', value='4041.000000', node='ubuntu', metric='rx', subsystem='enp0s25')
Telemetry(timestamp='28.05.2023 14:16:38.111503', value='0.400000', node='ubuntu', metric='load1', subsystem=None)
Telemetry(timestamp='28.05.2023 14:16:38.111504', value='0.600000', node='ubuntu', metric='load5', subsystem=None)
Telemetry(timestamp='28.05.2023 14:16:38.111663', value='1195220.000000', node='ubuntu', metric='ram', subsystem=None)
Telemetry(timestamp='28.05.2023 14:16:38.112564', value='59.000000', node='ubuntu', metric='tx', subsystem='enp0s25')
Telemetry(timestamp='28.05.2023 14:16:38.113706', value='33.149171', node='ubuntu', metric='cpu', subsystem=None)
Telemetry(timestamp='28.05.2023 14:16:38.298364', value='2553.000000', node='ubuntu', metric='rx', subsystem='enp0s25')
Telemetry(timestamp='28.05.2023 14:16:38.611851', value='46.629213', node='ubuntu', metric='cpu', subsystem=None)
Telemetry(timestamp='28.05.2023 14:16:38.613451', value='19.000000', node='ubuntu', metric='tx', subsystem='enp0s25')
Telemetry(timestamp='28.05.2023 14:16:38.799086', value='530.000000', node='ubuntu', metric='rx', subsystem='enp0s25')
Telemetry(timestamp='28.05.2023 14:16:39.111632', value='1155772.000000', node='ubuntu', metric='ram', subsystem=None)
Telemetry(timestamp='28.05.2023 14:16:39.111966', value='23.404255', node='ubuntu', metric='cpu', subsystem=None)
Telemetry(timestamp='28.05.2023 14:16:39.112431', value='11.000000', node='ubuntu', metric='tx', subsystem='enp0s25')
Telemetry(timestamp='28.05.2023 14:16:39.311743', value='7.000000', node='ubuntu', metric='rx', subsystem='enp0s25')
Telemetry(timestamp='28.05.2023 14:16:39.613559', value='1.010101', node='ubuntu', metric='cpu', subsystem=None)
Telemetry(timestamp='28.05.2023 14:16:39.613694', value='10.000000', node='ubuntu', metric='tx', subsystem='enp0s25')