Telemetry(timestamp='28.05.2023 14:42:40.611424', value='0.000000', node='ubuntu', metric='cpu', subsystem=None)
Telemetry(timestamp='28.05.2023 14:42:40.611983', value='8.000000', node='ubuntu', metric='tx', subsystem='enp0s25')
Telemetry(timestamp='28.05.2023 14:42:40.732615', value='3.000000', node='ubuntu', metric='rx', subsystem='enp0s25')
Telemetry(timestamp='28.05.2023 14:42:41.111331', value='0.502513', node='ubuntu', metric='cpu', subsystem=None)
Telemetry(timestamp='28.05.2023 14:42:41.111648', value='1356508.000000', node='ubuntu', metric='ram', subsystem=None)
Telemetry(timestamp='28.05.2023 14:42:41.112035', value='8.000000', node='ubuntu', metric='tx', subsystem='enp0s25')
Telemetry(timestamp='28.05.2023 14:42:41.268542', value='3.000000', node='ubuntu', metric='rx', subsystem='enp0s25')
Telemetry(timestamp='28.05.2023 14:42:41.611775', value='0.000000', node='ubuntu', metric='cpu', subsystem=None)
Telemetry(timestamp='28.05.2023 14:42:41.611876', value='8.000000', node='ubuntu', metric='tx', subsystem='enp0s25')
Telemetry(timestamp='28.05.2023 14:42:41.745977', value='3.000000', node='ubuntu', metric='rx', subsystem='enp0s25')
Telemetry(timestamp='28.05.2023 14:42:42.111619', value='1357012.000000', node='ubuntu', metric='ram', subsystem=None)
Telemetry(timestamp='28.05.2023 14:42:42.112664', value='1.515152', node='ubuntu', metric='cpu', subsystem=None)
Telemetry(timestamp='28.05.2023 14:42:42.112890', value='9.000000', node='ubuntu', metric='tx', subsystem='enp0s25')
Telemetry(timestamp='28.05.2023 14:42:42.140997', value='4.000000', node='ubuntu', metric='rx', subsystem='enp0s25')
Telemetry(timestamp='28.05.2023 14:42:42.612970', value='6.060606', node='ubuntu', metric='cpu', subsystem=None)
Telemetry(timestamp='28.05.2023 14:42:42.613147', value='10.000000', node='ubuntu', metric='tx', subsystem='enp0s25')
Telemetry(timestamp='28.05.2023 14:42:42.636935', value='5.000000', node='ubuntu', metric='rx', subsystem='enp0s25')
Telemetry(timestamp='28.05.2023 14:42:43.110775', value='0.310000', node='ubuntu', metric='load1', subsystem=None)
Telemetry(timestamp='28.05.2023 14:42:43.110780', value='0.310000', node='ubuntu', metric='load5', subsystem=None)
Telemetry(timestamp='28.05.2023 14:42:43.111049', value='1357008.000000', node='ubuntu', metric='ram', subsystem=None)
Telemetry(timestamp='28.05.2023 14:42:43.111317', value='1.507538', node='ubuntu', metric='cpu', subsystem=None)
Telemetry(timestamp='28.05.2023 14:42:43.113301', value='9.000000', node='ubuntu', metric='tx', subsystem='enp0s25')
Telemetry(timestamp='28.05.2023 14:42:43.129582', value='4.000000', node='ubuntu', metric='rx', subsystem='enp0s25')
Telemetry(timestamp='28.05.2023 14:42:43.611540', value='0.502513', node='ubuntu', metric='cpu', subsystem=None)
Telemetry(timestamp='28.05.2023 14:42:43.611944', value='9.000000', node='ubuntu', metric='tx', subsystem='enp0s25')
Telemetry(timestamp='28.05.2023 14:42:43.639767', value='5.000000', node='ubuntu', metric='rx', subsystem='enp0s25')
Telemetry(timestamp='28.05.2023 14:42:44.111097', value='1357008.000000', node='ubuntu', metric='ram', subsystem=None)
Telemetry(timestamp='28.05.2023 14:42:44.112359', value='9.000000', node='ubuntu', metric='tx', subsystem='enp0s25')
Telemetry(timestamp='28.05.2023 14:42:44.114688', value='0.505051', node='ubuntu', metric='cpu', subsystem=None)
Telemetry(timestamp='28.05.2023 14:42:44.314249', value='5.000000', node='ubuntu', metric='rx', subsystem='enp0s25')
Telemetry(timestamp='28.05.2023 14:42:44.611576', value='1.500000', node='ubuntu', metric='cpu', subsystem=None)
Telemetry(timestamp='28.05.2023 14:42:44.614101', value='9.000000', node='ubuntu', metric='tx', subsystem='enp0s25')
Telemetry(timestamp='28.05.2023 14:42:44.795466', value='4.000000', node='ubuntu', metric='rx', subsystem='enp0s25')
Telemetry(timestamp='28.05.2023 14:42:45.111220', value='1357008.000000', node='ubuntu', metric='ram', subsystem=None)
Telemetry(timestamp='28.05.2023 14:42:45.112294', value='8.000000', node='ubuntu', metric='tx', subsystem='enp0s25')
Telemetry(timestamp='28.05.2023 14:42:45.112413', value='0.000000', node='ubuntu', metric='cpu', subsystem=None)
Telemetry(timestamp='28.05.2023 14:42:45.239425', value='4.000000', node='ubuntu', metric='rx', subsystem='enp0s25')
Telemetry(timestamp='28.05.2023 14:42:45.611644', value='0.502513', node='ubuntu', metric='cpu', subsystem=None)
Telemetry(timestamp='28.05.2023 14:42:45.612656', value='8.000000', node='ubuntu', metric='tx', subsystem='enp0s25')
Telemetry(timestamp='28.05.2023 14:42:45.763243', value='4.000000', node='ubuntu', metric='rx', subsystem='enp0s25')
Telemetry(timestamp='28.05.2023 14:42:46.111564', value='1356996.000000', node='ubuntu', metric='ram', subsystem=None)
Telemetry(timestamp='28.05.2023 14:42:46.112062', value='1.005025', node='ubuntu', metric='cpu', subsystem=None)
Telemetry(timestamp='28.05.2023 14:42:46.112565', value='8.000000', node='ubuntu', metric='tx', subsystem='enp0s25')
Telemetry(timestamp='28.05.2023 14:42:46.162909', value='7.000000', node='ubuntu', metric='rx', subsystem='enp0s25')
Telemetry(timestamp='28.05.2023 14:42:46.611983', value='11.167513', node='ubuntu', metric='cpu', subsystem=None)
Telemetry(timestamp='28.05.2023 14:42:46.612163', value='9.000000', node='ubuntu', metric='tx', subsystem='enp0s25')
Telemetry(timestamp='28.05.2023 14:42:46.782744', value='7.000000', node='ubuntu', metric='rx', subsystem='enp0s25')
Telemetry(timestamp='28.05.2023 14:42:47.111180', value='18.686869', node='ubuntu', metric='cpu', subsystem=None)
Telemetry(timestamp='28.05.2023 14:42:47.111444', value='1424524.000000', node='ubuntu', metric='ram', subsystem=None)
Telemetry(timestamp='28.05.2023 14:42:47.112563', value='22.000000', node='ubuntu', metric='tx', subsystem='enp0s25')
Telemetry(timestamp='28.05.2023 14:42:47.283359', value='389.000000', node='ubuntu', metric='rx', subsystem='enp0s25')
Telemetry(timestamp='28.05.2023 14:42:47.611396', value='57.000000', node='ubuntu', metric='tx', subsystem='enp0s25')
Telemetry(timestamp='28.05.2023 14:42:47.613091', value='4.687500', node='ubuntu', metric='cpu', subsystem=None)
Telemetry(timestamp='28.05.2023 14:42:47.793015', value='1268.000000', node='ubuntu', metric='rx', subsystem='enp0s25')
Telemetry(timestamp='28.05.2023 14:42:48.111354', value='0.290000', node='ubuntu', metric='load1', subsystem=None)
Telemetry(timestamp='28.05.2023 14:42:48.111358', value='0.310000', node='ubuntu', metric='load5', subsystem=None)
Telemetry(timestamp='28.05.2023 14:42:48.111637', value='1424524.000000', node='ubuntu', metric='ram', subsystem=None)
Telemetry(timestamp='28.05.2023 14:42:48.111947', value='3.092784', node='ubuntu', metric='cpu', subsystem=None)
Telemetry(timestamp='28.05.2023 14:42:48.112986', value='89.000000', node='ubuntu', metric='tx', subsystem='enp0s25')
Telemetry(timestamp='28.05.2023 14:42:48.320480', value='2658.000000', node='ubuntu', metric='rx', subsystem='enp0s25')
Telemetry(timestamp='28.05.2023 14:42:48.614800', value='94.000000', node='ubuntu', metric='tx', subsystem='enp0s25')
Telemetry(timestamp='28.05.2023 14:42:48.614703', value='6.091371', node='ubuntu', metric='cpu', subsystem=None)
Telemetry(timestamp='28.05.2023 14:42:48.814888', value='3698.000000', node='ubuntu', metric='rx', subsystem='enp0s25')
Telemetry(timestamp='28.05.2023 14:42:49.111662', value='1424020.000000', node='ubuntu', metric='ram', subsystem=None)
Telemetry(timestamp='28.05.2023 14:42:49.113022', value='91.000000', node='ubuntu', metric='tx', subsystem='enp0s25')
Telemetry(timestamp='28.05.2023 14:42:49.113892', value='7.731959', node='ubuntu', metric='cpu', subsystem=None)
Telemetry(timestamp='28.05.2023 14:42:49.333705', value='3962.000000', node='ubuntu', metric='rx', subsystem='enp0s25')
Telemetry(timestamp='28.05.2023 14:42:49.612339', value='3.608247', node='ubuntu', metric='cpu', subsystem=None)
Telemetry(timestamp='28.05.2023 14:42:49.614920', value='93.000000', node='ubuntu', metric='tx', subsystem='enp0s25')
Telemetry(timestamp='28.05.2023 14:42:49.742455', value='4125.000000', node='ubuntu', metric='rx', subsystem='enp0s25')
Telemetry(timestamp='28.05.2023 14:42:50.111470', value='3.108808', node='ubuntu', metric='cpu', subsystem=None)
Telemetry(timestamp='28.05.2023 14:42:50.112175', value='1424020.000000', node='ubuntu', metric='ram', subsystem=None)
Telemetry(timestamp='28.05.2023 14:42:50.113110', value='93.000000', node='ubuntu', metric='tx', subsystem='enp0s25')
Telemetry(timestamp='28.05.2023 14:42:50.258762', value='4135.000000', node='ubuntu', metric='rx', subsystem='enp0s25')
Telemetry(timestamp='28.05.2023 14:42:50.611502', value='89.000000', node='ubuntu', metric='tx', subsystem='enp0s25')
Telemetry(timestamp='28.05.2023 14:42:50.613332', value='2.604167', node='ubuntu', metric='cpu', subsystem=None)
Telemetry(timestamp='28.05.2023 14:42:50.774160', value='3903.000000', node='ubuntu', metric='rx', subsystem='enp0s25')
Telemetry(timestamp='28.05.2023 14:42:51.111179', value='1424020.000000', node='ubuntu', metric='ram', subsystem=None)
Telemetry(timestamp='28.05.2023 14:42:51.112267', value='1.562500', node='ubuntu', metric='cpu', subsystem=None)
Telemetry(timestamp='28.05.2023 14:42:51.114102', value='83.000000', node='ubuntu', metric='tx', subsystem='enp0s25')
Telemetry(timestamp='28.05.2023 14:42:51.310891', value='3429.000000', node='ubuntu', metric='rx', subsystem='enp0s25')
Telemetry(timestamp='28.05.2023 14:42:51.612235', value='83.000000', node='ubuntu', metric='tx', subsystem='enp0s25')
Telemetry(timestamp='28.05.2023 14:42:51.612255', value='2.617801', node='ubuntu', metric='cpu', subsystem=None)
Telemetry(timestamp='28.05.2023 14:42:51.788266', value='3384.000000', node='ubuntu', metric='rx', subsystem='enp0s25')
Telemetry(timestamp='28.05.2023 14:42:52.111121', value='1424008.000000', node='ubuntu', metric='ram', subsystem=None)
Telemetry(timestamp='28.05.2023 14:42:52.111900', value='2.577320', node='ubuntu', metric='cpu', subsystem=None)
Telemetry(timestamp='28.05.2023 14:42:52.113609', value='90.000000', node='ubuntu', metric='tx', subsystem='enp0s25')
Telemetry(timestamp='28.05.2023 14:42:52.167380', value='3657.000000', node='ubuntu', metric='rx', subsystem='enp0s25')
Telemetry(timestamp='28.05.2023 14:42:52.611737', value='91.000000', node='ubuntu', metric='tx', subsystem='enp0s25')
Telemetry(timestamp='28.05.2023 14:42:52.611950', value='5.789474', node='ubuntu', metric='cpu', subsystem=None)
Telemetry(timestamp='28.05.2023 14:42:52.807105', value='3810.000000', node='ubuntu', metric='rx', subsystem='enp0s25')
Telemetry(timestamp='28.05.2023 14:42:53.111093', value='0.300000', node='ubuntu', metric='load5', subsystem=None)
Telemetry(timestamp='28.05.2023 14:42:53.111089', value='0.260000', node='ubuntu', metric='load1', subsystem=None)
Telemetry(timestamp='28.05.2023 14:42:53.111457', value='1424008.000000', node='ubuntu', metric='ram', subsystem=None)
Telemetry(timestamp='28.05.2023 14:42:53.112099', value='92.000000', node='ubuntu', metric='tx', subsystem='enp0s25')
Telemetry(timestamp='28.05.2023 14:42:53.112540', value='1.587302', node='ubuntu', metric='cpu', subsystem=None)
Telemetry(timestamp='28.05.2023 14:42:53.226030', value='3938.000000', node='ubuntu', metric='rx', subsystem='enp0s25')
Telemetry(timestamp='28.05.2023 14:42:53.611534', value='3.125000', node='ubuntu', metric='cpu', subsystem=None)
Telemetry(timestamp='28.05.2023 14:42:53.613457', value='93.000000', node='ubuntu', metric='tx', subsystem='enp0s25')
Telemetry(timestamp='28.05.2023 14:42:53.734625', value='4008.000000', node='ubuntu', metric='rx', subsystem='enp0s25')
Telemetry(timestamp='28.05.2023 14:42:54.112134', value='1424008.000000', node='ubuntu', metric='ram', subsystem=None)
Telemetry(timestamp='28.05.2023 14:42:54.112371', value='3.108808', node='ubuntu', metric='cpu', subsystem=None)
Telemetry(timestamp='28.05.2023 14:42:54.112728', value='91.000000', node='ubuntu', metric='tx', subsystem='enp0s25')
Telemetry(timestamp='28.05.2023 14:42:54.257724', value='3993.000000', node='ubuntu', metric='rx', subsystem='enp0s25')
Telemetry(timestamp='28.05.2023 14:42:54.612032', value='90.000000', node='ubuntu', metric='tx', subsystem='enp0s25')
Telemetry(timestamp='28.05.2023 14:42:54.612569', value='3.645833', node='ubuntu', metric='cpu', subsystem=None)
Telemetry(timestamp='28.05.2023 14:42:54.753760', value='3876.000000', node='ubuntu', metric='rx', subsystem='enp0s25')
Telemetry(timestamp='28.05.2023 14:42:55.111549', value='1424500.000000', node='ubuntu', metric='ram', subsystem=None)
Telemetry(timestamp='28.05.2023 14:42:55.112357', value='3.125000', node='ubuntu', metric='cpu', subsystem=None)
Telemetry(timestamp='28.05.2023 14:42:55.113912', value='91.000000', node='ubuntu', metric='tx', subsystem='enp0s25')
Telemetry(timestamp='28.05.2023 14:42:55.278094', value='3861.000000', node='ubuntu', metric='rx', subsystem='enp0s25')
Telemetry(timestamp='28.05.2023 14:42:55.611911', value='2.617801', node='ubuntu', metric='cpu', subsystem=None)
Telemetry(timestamp='28.05.2023 14:42:55.613534', value='92.000000', node='ubuntu', metric='tx', subsystem='enp0s25')
Telemetry(timestamp='28.05.2023 14:42:55.783452', value='3800.000000', node='ubuntu', metric='rx', subsystem='enp0s25')
Telemetry(timestamp='28.05.2023 14:42:56.111205', value='1424500.000000', node='ubuntu', metric='ram', subsystem=None)
Telemetry(timestamp='28.05.2023 14:42:56.111368', value='2.094241', node='ubuntu', metric='cpu', subsystem=None)
Telemetry(timestamp='28.05.2023 14:42:56.112650', value='89.000000', node='ubuntu', metric='tx', subsystem='enp0s25')
Telemetry(timestamp='28.05.2023 14:42:56.495805', value='3565.000000', node='ubuntu', metric='rx', subsystem='enp0s25')
Telemetry(timestamp='28.05.2023 14:42:56.612013', value='89.000000', node='ubuntu', metric='tx', subsystem='enp0s25')
Telemetry(timestamp='28.05.2023 14:42:56.611964', value='3.125000', node='ubuntu', metric='cpu', subsystem=None)
Telemetry(timestamp='28.05.2023 14:42:56.624887', value='3644.000000', node='ubuntu', metric='rx', subsystem='enp0s25')
Telemetry(timestamp='28.05.2023 14:42:57.111890', value='94.000000', node='ubuntu', metric='tx', subsystem='enp0s25')
Telemetry(timestamp='28.05.2023 14:42:57.112025', value='4.166667', node='ubuntu', metric='cpu', subsystem=None)
Telemetry(timestamp='28.05.2023 14:42:57.112214', value='1424492.000000', node='ubuntu', metric='ram', subsystem=None)
Telemetry(timestamp='28.05.2023 14:42:57.314832', value='3826.000000', node='ubuntu', metric='rx', subsystem='enp0s25')
Telemetry(timestamp='28.05.2023 14:42:57.612684', value='92.000000', node='ubuntu', metric='tx', subsystem='enp0s25')
Telemetry(timestamp='28.05.2023 14:42:57.612797', value='5.291005', node='ubuntu', metric='cpu', subsystem=None)
Telemetry(timestamp='28.05.2023 14:42:57.836285', value='3718.000000', node='ubuntu', metric='rx', subsystem='enp0s25')
Telemetry(timestamp='28.05.2023 14:42:58.111540', value='0.240000', node='ubuntu', metric='load1', subsystem=None)
Telemetry(timestamp='28.05.2023 14:42:58.111731', value='1423232.000000', node='ubuntu', metric='ram', subsystem=None)
Telemetry(timestamp='28.05.2023 14:42:58.112369', value='3.157895', node='ubuntu', metric='cpu', subsystem=None)
Telemetry(timestamp='28.05.2023 14:42:58.114161', value='91.000000', node='ubuntu', metric='tx', subsystem='enp0s25')
Telemetry(timestamp='28.05.2023 14:42:58.230584', value='0.300000', node='ubuntu', metric='load5', subsystem=None)
Telemetry(timestamp='28.05.2023 14:42:58.239525', value='3706.000000', node='ubuntu', metric='rx', subsystem='enp0s25')
Telemetry(timestamp='28.05.2023 14:42:58.611751', value='3.645833', node='ubuntu', metric='cpu', subsystem=None)
Telemetry(timestamp='28.05.2023 14:42:58.612495', value='92.000000', node='ubuntu', metric='tx', subsystem='enp0s25')
Telemetry(timestamp='28.05.2023 14:42:58.754083', value='3745.000000', node='ubuntu', metric='rx', subsystem='enp0s25')
Telemetry(timestamp='28.05.2023 14:42:59.111372', value='5.076142', node='ubuntu', metric='cpu', subsystem=None)
Telemetry(timestamp='28.05.2023 14:42:59.111812', value='1423480.000000', node='ubuntu', metric='ram', subsystem=None)
Telemetry(timestamp='28.05.2023 14:42:59.112700', value='78.000000', node='ubuntu', metric='tx', subsystem='enp0s25')
Telemetry(timestamp='28.05.2023 14:42:59.271672', value='3200.000000', node='ubuntu', metric='rx', subsystem='enp0s25')
Telemetry(timestamp='28.05.2023 14:42:59.612455', value='21.717172', node='ubuntu', metric='cpu', subsystem=None)
Telemetry(timestamp='28.05.2023 14:42:59.612505', value='39.000000', node='ubuntu', metric='tx', subsystem='enp0s25')
Telemetry(timestamp='28.05.2023 14:42:59.780423', value='1410.000000', node='ubuntu', metric='rx', subsystem='enp0s25')
Telemetry(timestamp='28.05.2023 14:43:00.111192', value='1456744.000000', node='ubuntu', metric='ram', subsystem=None)
Telemetry(timestamp='28.05.2023 14:43:00.111563', value='25.000000', node='ubuntu', metric='cpu', subsystem=None)
Telemetry(timestamp='28.05.2023 14:43:00.113035', value='11.000000', node='ubuntu', metric='tx', subsystem='enp0s25')
Telemetry(timestamp='28.05.2023 14:43:00.292963', value='57.000000', node='ubuntu', metric='rx', subsystem='enp0s25')
Telemetry(timestamp='28.05.2023 14:43:00.611484', value='8.000000', node='ubuntu', metric='tx', subsystem='enp0s25')
Telemetry(timestamp='28.05.2023 14:43:00.611648', value='37.688442', node='ubuntu', metric='cpu', subsystem=None)
Telemetry(timestamp='28.05.2023 14:43:00.805506', value='3.000000', node='ubuntu', metric='rx', subsystem='enp0s25')
Telemetry(timestamp='28.05.2023 14:43:01.111068', value='1473880.000000', node='ubuntu', metric='ram', subsystem=None)
Telemetry(timestamp='28.05.2023 14:43:01.111987', value='50.251256', node='ubuntu', metric='cpu', subsystem=None)
Telemetry(timestamp='28.05.2023 14:43:01.112005', value='8.000000', node='ubuntu', metric='tx', subsystem='enp0s25')
Telemetry(timestamp='28.05.2023 14:43:01.313886', value='3.000000', node='ubuntu', metric='rx', subsystem='enp0s25')
Telemetry(timestamp='28.05.2023 14:43:01.611327', value='50.000000', node='ubuntu', metric='cpu', subsystem=None)
Telemetry(timestamp='28.05.2023 14:43:01.840828', value='3.000000', node='ubuntu', metric='rx', subsystem='enp0s25')
Telemetry(timestamp='28.05.2023 14:43:01.611785', value='8.000000', node='ubuntu', metric='tx', subsystem='enp0s25')
Telemetry(timestamp='28.05.2023 14:43:02.110973', value='1496812.000000', node='ubuntu', metric='ram', subsystem=None)
Telemetry(timestamp='28.05.2023 14:43:02.111841', value='50.500000', node='ubuntu', metric='cpu', subsystem=None)
Telemetry(timestamp='28.05.2023 14:43:02.111945', value='8.000000', node='ubuntu', metric='tx', subsystem='enp0s25')
Telemetry(timestamp='28.05.2023 14:43:02.248210', value='4.000000', node='ubuntu', metric='rx', subsystem='enp0s25')
Telemetry(timestamp='28.05.2023 14:43:02.611749', value='8.000000', node='ubuntu', metric='tx', subsystem='enp0s25')
Telemetry(timestamp='28.05.2023 14:43:02.611904', value='28.934010', node='ubuntu', metric='cpu', subsystem=None)
Telemetry(timestamp='28.05.2023 14:43:02.744015', value='3.000000', node='ubuntu', metric='rx', subsystem='enp0s25')
Telemetry(timestamp='28.05.2023 14:43:03.110901', value='0.300000', node='ubuntu', metric='load1', subsystem=None)
Telemetry(timestamp='28.05.2023 14:43:03.110902', value='0.310000', node='ubuntu', metric='load5', subsystem=None)
Telemetry(timestamp='28.05.2023 14:43:03.111070', value='1502412.000000', node='ubuntu', metric='ram', subsystem=None)
Telemetry(timestamp='28.05.2023 14:43:03.111522', value='8.000000', node='ubuntu', metric='tx', subsystem='enp0s25')
Telemetry(timestamp='28.05.2023 14:43:03.112906', value='25.500000', node='ubuntu', metric='cpu', subsystem=None)
Telemetry(timestamp='28.05.2023 14:43:03.252431', value='3.000000', node='ubuntu', metric='rx', subsystem='enp0s25')
Telemetry(timestamp='28.05.2023 14:43:03.611164', value='25.125628', node='ubuntu', metric='cpu', subsystem=None)
Telemetry(timestamp='28.05.2023 14:43:03.612540', value='9.000000', node='ubuntu', metric='tx', subsystem='enp0s25')
Telemetry(timestamp='28.05.2023 14:43:03.769392', value='4.000000', node='ubuntu', metric='rx', subsystem='enp0s25')
Telemetry(timestamp='28.05.2023 14:43:04.111108', value='1517272.000000', node='ubuntu', metric='ram', subsystem=None)
Telemetry(timestamp='28.05.2023 14:43:04.111151', value='25.125628', node='ubuntu', metric='cpu', subsystem=None)
Telemetry(timestamp='28.05.2023 14:43:04.111616', value='9.000000', node='ubuntu', metric='tx', subsystem='enp0s25')
Telemetry(timestamp='28.05.2023 14:43:04.281868', value='4.000000', node='ubuntu', metric='rx', subsystem='enp0s25')
Telemetry(timestamp='28.05.2023 14:43:04.611417', value='25.500000', node='ubuntu', metric='cpu', subsystem=None)
Telemetry(timestamp='28.05.2023 14:43:04.611521', value='8.000000', node='ubuntu', metric='tx', subsystem='enp0s25')
Telemetry(timestamp='28.05.2023 14:43:04.790685', value='3.000000', node='ubuntu', metric='rx', subsystem='enp0s25')
Telemetry(timestamp='28.05.2023 14:43:05.111553', value='8.000000', node='ubuntu', metric='tx', subsystem='enp0s25')
Telemetry(timestamp='28.05.2023 14:43:05.111606', value='25.125628', node='ubuntu', metric='cpu', subsystem=None)
Telemetry(timestamp='28.05.2023 14:43:05.111705', value='1532896.000000', node='ubuntu', metric='ram', subsystem=None)
Telemetry(timestamp='28.05.2023 14:43:05.298853', value='3.000000', node='ubuntu', metric='rx', subsystem='enp0s25')
Telemetry(timestamp='28.05.2023 14:43:05.611976', value='8.000000', node='ubuntu', metric='tx', subsystem='enp0s25')
Telemetry(timestamp='28.05.2023 14:43:05.612036', value='25.870647', node='ubuntu', metric='cpu', subsystem=None)
Telemetry(timestamp='28.05.2023 14:43:05.781938', value='3.000000', node='ubuntu', metric='rx', subsystem='enp0s25')
Telemetry(timestamp='28.05.2023 14:43:06.111284', value='1542052.000000', node='ubuntu', metric='ram', subsystem=None)
Telemetry(timestamp='28.05.2023 14:43:06.111629', value='25.500000', node='ubuntu', metric='cpu', subsystem=None)
Telemetry(timestamp='28.05.2023 14:43:06.112076', value='8.000000', node='ubuntu', metric='tx', subsystem='enp0s25')
Telemetry(timestamp='28.05.2023 14:43:06.439462', value='3.000000', node='ubuntu', metric='rx', subsystem='enp0s25')
Telemetry(timestamp='28.05.2023 14:43:06.611994', value='9.000000', node='ubuntu', metric='tx', subsystem='enp0s25')
Telemetry(timestamp='28.05.2023 14:43:06.612070', value='26.000000', node='ubuntu', metric='cpu', subsystem=None)
Telemetry(timestamp='28.05.2023 14:43:06.622015', value='4.000000', node='ubuntu', metric='rx', subsystem='enp0s25')
Telemetry(timestamp='28.05.2023 14:43:07.111345', value='44.500000', node='ubuntu', metric='cpu', subsystem=None)
Telemetry(timestamp='28.05.2023 14:43:07.111592', value='1541012.000000', node='ubuntu', metric='ram', subsystem=None)
Telemetry(timestamp='28.05.2023 14:43:07.111929', value='9.000000', node='ubuntu', metric='tx', subsystem='enp0s25')
Telemetry(timestamp='28.05.2023 14:43:07.249142', value='4.000000', node='ubuntu', metric='rx', subsystem='enp0s25')
Telemetry(timestamp='28.05.2023 14:43:07.611199', value='8.000000', node='ubuntu', metric='tx', subsystem='enp0s25')
Telemetry(timestamp='28.05.2023 14:43:07.612877', value='51.256281', node='ubuntu', metric='cpu', subsystem=None)
Telemetry(timestamp='28.05.2023 14:43:07.751745', value='3.000000', node='ubuntu', metric='rx', subsystem='enp0s25')
Telemetry(timestamp='28.05.2023 14:43:08.110890', value='0.320000', node='ubuntu', metric='load5', subsystem=None)
Telemetry(timestamp='28.05.2023 14:43:08.110889', value='0.360000', node='ubuntu', metric='load1', subsystem=None)
Telemetry(timestamp='28.05.2023 14:43:08.111058', value='1541004.000000', node='ubuntu', metric='ram', subsystem=None)
Telemetry(timestamp='28.05.2023 14:43:08.111834', value='50.000000', node='ubuntu', metric='cpu', subsystem=None)
Telemetry(timestamp='28.05.2023 14:43:08.113077', value='8.000000', node='ubuntu', metric='tx', subsystem='enp0s25')
Telemetry(timestamp='28.05.2023 14:43:08.282573', value='3.000000', node='ubuntu', metric='rx', subsystem='enp0s25')
Telemetry(timestamp='28.05.2023 14:43:08.612186', value='45.771144', node='ubuntu', metric='cpu', subsystem=None)
Telemetry(timestamp='28.05.2023 14:43:08.612347', value='9.000000', node='ubuntu', metric='tx', subsystem='enp0s25')
Telemetry(timestamp='28.05.2023 14:43:08.790229', value='3.000000', node='ubuntu', metric='rx', subsystem='enp0s25')
Telemetry(timestamp='28.05.2023 14:43:09.111420', value='26.262626', node='ubuntu', metric='cpu', subsystem=None)
Telemetry(timestamp='28.05.2023 14:43:09.111692', value='1544072.000000', node='ubuntu', metric='ram', subsystem=None)
Telemetry(timestamp='28.05.2023 14:43:09.112081', value='8.000000', node='ubuntu', metric='tx', subsystem='enp0s25')
Telemetry(timestamp='28.05.2023 14:43:09.301522', value='3.000000', node='ubuntu', metric='rx', subsystem='enp0s25')
Telemetry(timestamp='28.05.2023 14:43:09.611227', value='8.000000', node='ubuntu', metric='tx', subsystem='enp0s25')
Telemetry(timestamp='28.05.2023 14:43:09.612690', value='25.125628', node='ubuntu', metric='cpu', subsystem=None)
Telemetry(timestamp='28.05.2023 14:43:09.801395', value='3.000000', node='ubuntu', metric='rx', subsystem='enp0s25')
Telemetry(timestamp='28.05.2023 14:43:10.110923', value='1544324.000000', node='ubuntu', metric='ram', subsystem=None)
Telemetry(timestamp='28.05.2023 14:43:10.111380', value='25.628141', node='ubuntu', metric='cpu', subsystem=None)
Telemetry(timestamp='28.05.2023 14:43:10.112892', value='8.000000', node='ubuntu', metric='tx', subsystem='enp0s25')
Telemetry(timestamp='28.05.2023 14:43:10.332130', value='3.000000', node='ubuntu', metric='rx', subsystem='enp0s25')
Telemetry(timestamp='28.05.2023 14:43:10.612014', value='25.000000', node='ubuntu', metric='cpu', subsystem=None)
Telemetry(timestamp='28.05.2023 14:43:10.612192', value='8.000000', node='ubuntu', metric='tx', subsystem='enp0s25')
Telemetry(timestamp='28.05.2023 14:43:10.743423', value='3.000000', node='ubuntu', metric='rx', subsystem='enp0s25')
Telemetry(timestamp='28.05.2023 14:43:11.111347', value='1544324.000000', node='ubuntu', metric='ram', subsystem=None)
Telemetry(timestamp='28.05.2023 14:43:11.111768', value='25.000000', node='ubuntu', metric='cpu', subsystem=None)
Telemetry(timestamp='28.05.2023 14:43:11.111784', value='8.000000', node='ubuntu', metric='tx', subsystem='enp0s25')
Telemetry(timestamp='28.05.2023 14:43:11.246805', value='3.000000', node='ubuntu', metric='rx', subsystem='enp0s25')
Telemetry(timestamp='28.05.2023 14:43:11.611068', value='8.000000', node='ubuntu', metric='tx', subsystem='enp0s25')
Telemetry(timestamp='28.05.2023 14:43:11.612135', value='25.500000', node='ubuntu', metric='cpu', subsystem=None)
Telemetry(timestamp='28.05.2023 14:43:11.761659', value='3.000000', node='ubuntu', metric='rx', subsystem='enp0s25')
Telemetry(timestamp='28.05.2023 14:43:12.111101', value='25.628141', node='ubuntu', metric='cpu', subsystem=None)
Telemetry(timestamp='28.05.2023 14:43:12.111220', value='1544324.000000', node='ubuntu', metric='ram', subsystem=None)
Telemetry(timestamp='28.05.2023 14:43:12.111746', value='8.000000', node='ubuntu', metric='tx', subsystem='enp0s25')
Telemetry(timestamp='28.05.2023 14:43:12.268302', value='3.000000', node='ubuntu', metric='rx', subsystem='enp0s25')
Telemetry(timestamp='28.05.2023 14:43:12.611167', value='9.000000', node='ubuntu', metric='tx', subsystem='enp0s25')
Telemetry(timestamp='28.05.2023 14:43:12.611353', value='26.000000', node='ubuntu', metric='cpu', subsystem=None)
Telemetry(timestamp='28.05.2023 14:43:12.667037', value='3.000000', node='ubuntu', metric='rx', subsystem='enp0s25')
Telemetry(timestamp='28.05.2023 14:43:13.110485', value='0.410000', node='ubuntu', metric='load1', subsystem=None)
Telemetry(timestamp='28.05.2023 14:43:13.110487', value='0.330000', node='ubuntu', metric='load5', subsystem=None)
Telemetry(timestamp='28.05.2023 14:43:13.110836', value='1544324.000000', node='ubuntu', metric='ram', subsystem=None)
Telemetry(timestamp='28.05.2023 14:43:13.111475', value='29.500000', node='ubuntu', metric='cpu', subsystem=None)
Telemetry(timestamp='28.05.2023 14:43:13.111732', value='9.000000', node='ubuntu', metric='tx', subsystem='enp0s25')
Telemetry(timestamp='28.05.2023 14:43:13.199532', value='4.000000', node='ubuntu', metric='rx', subsystem='enp0s25')
Telemetry(timestamp='28.05.2023 14:43:13.612427', value='50.251256', node='ubuntu', metric='cpu', subsystem=None)
Telemetry(timestamp='28.05.2023 14:43:13.612579', value='9.000000', node='ubuntu', metric='tx', subsystem='enp0s25')
Telemetry(timestamp='28.05.2023 14:43:13.807738', value='4.000000', node='ubuntu', metric='rx', subsystem='enp0s25')
Telemetry(timestamp='28.05.2023 14:43:14.111754', value='9.000000', node='ubuntu', metric='tx', subsystem='enp0s25')
Telemetry(timestamp='28.05.2023 14:43:14.111978', value='1544324.000000', node='ubuntu', metric='ram', subsystem=None)
Telemetry(timestamp='28.05.2023 14:43:14.112643', value='50.500000', node='ubuntu', metric='cpu', subsystem=None)
Telemetry(timestamp='28.05.2023 14:43:14.311666', value='4.000000', node='ubuntu', metric='rx', subsystem='enp0s25')
Telemetry(timestamp='28.05.2023 14:43:14.612499', value='51.000000', node='ubuntu', metric='cpu', subsystem=None)
Telemetry(timestamp='28.05.2023 14:43:14.612598', value='8.000000', node='ubuntu', metric='tx', subsystem='enp0s25')
Telemetry(timestamp='28.05.2023 14:43:14.824266', value='3.000000', node='ubuntu', metric='rx', subsystem='enp0s25')
Telemetry(timestamp='28.05.2023 14:43:15.111206', value='1556684.000000', node='ubuntu', metric='ram', subsystem=None)
Telemetry(timestamp='28.05.2023 14:43:15.111254', value='36.180905', node='ubuntu', metric='cpu', subsystem=None)
Telemetry(timestamp='28.05.2023 14:43:15.112983', value='8.000000', node='ubuntu', metric='tx', subsystem='enp0s25')
Telemetry(timestamp='28.05.2023 14:43:15.239854', value='3.000000', node='ubuntu', metric='rx', subsystem='enp0s25')
Telemetry(timestamp='28.05.2023 14:43:15.611501', value='8.000000', node='ubuntu', metric='tx', subsystem='enp0s25')
Telemetry(timestamp='28.05.2023 14:43:15.611484', value='25.252525', node='ubuntu', metric='cpu', subsystem=None)
Telemetry(timestamp='28.05.2023 14:43:15.633314', value='3.000000', node='ubuntu', metric='rx', subsystem='enp0s25')
Telemetry(timestamp='28.05.2023 14:43:16.110764', value='1556676.000000', node='ubuntu', metric='ram', subsystem=None)
Telemetry(timestamp='28.05.2023 14:43:16.111483', value='25.373134', node='ubuntu', metric='cpu', subsystem=None)
Telemetry(timestamp='28.05.2023 14:43:16.111538', value='8.000000', node='ubuntu', metric='tx', subsystem='enp0s25')
Telemetry(timestamp='28.05.2023 14:43:16.272994', value='7.000000', node='ubuntu', metric='rx', subsystem='enp0s25')
Telemetry(timestamp='28.05.2023 14:43:16.611436', value='25.125628', node='ubuntu', metric='cpu', subsystem=None)
Telemetry(timestamp='28.05.2023 14:43:16.611511', value='8.000000', node='ubuntu', metric='tx', subsystem='enp0s25')
Telemetry(timestamp='28.05.2023 14:43:16.766669', value='7.000000', node='ubuntu', metric='rx', subsystem='enp0s25')
Telemetry(timestamp='28.05.2023 14:43:17.111319', value='8.000000', node='ubuntu', metric='tx', subsystem='enp0s25')
Telemetry(timestamp='28.05.2023 14:43:17.111553', value='1556928.000000', node='ubuntu', metric='ram', subsystem=None)
Telemetry(timestamp='28.05.2023 14:43:17.111799', value='25.500000', node='ubuntu', metric='cpu', subsystem=None)
Telemetry(timestamp='28.05.2023 14:43:17.275468', value='3.000000', node='ubuntu', metric='rx', subsystem='enp0s25')
Telemetry(timestamp='28.05.2023 14:43:17.611561', value='25.757576', node='ubuntu', metric='cpu', subsystem=None)
Telemetry(timestamp='28.05.2023 14:43:17.611937', value='8.000000', node='ubuntu', metric='tx', subsystem='enp0s25')
Telemetry(timestamp='28.05.2023 14:43:17.798656', value='3.000000', node='ubuntu', metric='rx', subsystem='enp0s25')
Telemetry(timestamp='28.05.2023 14:43:18.110481', value='0.540000', node='ubuntu', metric='load1', subsystem=None)
Telemetry(timestamp='28.05.2023 14:43:18.110482', value='0.360000', node='ubuntu', metric='load5', subsystem=None)
Telemetry(timestamp='28.05.2023 14:43:18.110628', value='1543708.000000', node='ubuntu', metric='ram', subsystem=None)
Telemetry(timestamp='28.05.2023 14:43:18.112448', value='25.742574', node='ubuntu', metric='cpu', subsystem=None)
Telemetry(timestamp='28.05.2023 14:43:18.112520', value='8.000000', node='ubuntu', metric='tx', subsystem='enp0s25')
Telemetry(timestamp='28.05.2023 14:43:18.335743', value='3.000000', node='ubuntu', metric='rx', subsystem='enp0s25')
Telemetry(timestamp='28.05.2023 14:43:18.611419', value='25.500000', node='ubuntu', metric='cpu', subsystem=None)
Telemetry(timestamp='28.05.2023 14:43:18.611826', value='8.000000', node='ubuntu', metric='tx', subsystem='enp0s25')
Telemetry(timestamp='28.05.2023 14:43:18.818485', value='3.000000', node='ubuntu', metric='rx', subsystem='enp0s25')
Telemetry(timestamp='28.05.2023 14:43:19.110732', value='1546228.000000', node='ubuntu', metric='ram', subsystem=None)
Telemetry(timestamp='28.05.2023 14:43:19.111207', value='9.000000', node='ubuntu', metric='tx', subsystem='enp0s25')
Telemetry(timestamp='28.05.2023 14:43:19.112397', value='27.860697', node='ubuntu', metric='cpu', subsystem=None)
Telemetry(timestamp='28.05.2023 14:43:19.237420', value='4.000000', node='ubuntu', metric='rx', subsystem='enp0s25')
Telemetry(timestamp='28.05.2023 14:43:19.611138', value='38.000000', node='ubuntu', metric='cpu', subsystem=None)
Telemetry(timestamp='28.05.2023 14:43:19.612994', value='9.000000', node='ubuntu', metric='tx', subsystem='enp0s25')
Telemetry(timestamp='28.05.2023 14:43:19.756098', value='4.000000', node='ubuntu', metric='rx', subsystem='enp0s25')
Telemetry(timestamp='28.05.2023 14:43:20.111217', value='1546224.000000', node='ubuntu', metric='ram', subsystem=None)
Telemetry(timestamp='28.05.2023 14:43:20.111427', value='50.500000', node='ubuntu', metric='cpu', subsystem=None)
Telemetry(timestamp='28.05.2023 14:43:20.112765', value='8.000000', node='ubuntu', metric='tx', subsystem='enp0s25')
Telemetry(timestamp='28.05.2023 14:43:20.262084', value='3.000000', node='ubuntu', metric='rx', subsystem='enp0s25')
Telemetry(timestamp='28.05.2023 14:43:20.611449', value='50.500000', node='ubuntu', metric='cpu', subsystem=None)
Telemetry(timestamp='28.05.2023 14:43:20.612694', value='8.000000', node='ubuntu', metric='tx', subsystem='enp0s25')
Telemetry(timestamp='28.05.2023 14:43:20.777478', value='3.000000', node='ubuntu', metric='rx', subsystem='enp0s25')
Telemetry(timestamp='28.05.2023 14:43:21.111223', value='49.748744', node='ubuntu', metric='cpu', subsystem=None)
Telemetry(timestamp='28.05.2023 14:43:21.111445', value='1546476.000000', node='ubuntu', metric='ram', subsystem=None)
Telemetry(timestamp='28.05.2023 14:43:21.113556', value='8.000000', node='ubuntu', metric='tx', subsystem='enp0s25')
Telemetry(timestamp='28.05.2023 14:43:21.298314', value='3.000000', node='ubuntu', metric='rx', subsystem='enp0s25')
Telemetry(timestamp='28.05.2023 14:43:21.611477', value='8.000000', node='ubuntu', metric='tx', subsystem='enp0s25')
Telemetry(timestamp='28.05.2023 14:43:21.611867', value='28.000000', node='ubuntu', metric='cpu', subsystem=None)
Telemetry(timestamp='28.05.2023 14:43:21.780568', value='3.000000', node='ubuntu', metric='rx', subsystem='enp0s25')
Telemetry(timestamp='28.05.2023 14:43:22.110666', value='1539096.000000', node='ubuntu', metric='ram', subsystem=None)
Telemetry(timestamp='28.05.2023 14:43:22.112547', value='25.500000', node='ubuntu', metric='cpu', subsystem=None)
Telemetry(timestamp='28.05.2023 14:43:22.112635', value='8.000000', node='ubuntu', metric='tx', subsystem='enp0s25')
Telemetry(timestamp='28.05.2023 14:43:22.320233', value='3.000000', node='ubuntu', metric='rx', subsystem='enp0s25')
Telemetry(timestamp='28.05.2023 14:43:22.610983', value='26.130653', node='ubuntu', metric='cpu', subsystem=None)
Telemetry(timestamp='28.05.2023 14:43:22.612529', value='8.000000', node='ubuntu', metric='tx', subsystem='enp0s25')
Telemetry(timestamp='28.05.2023 14:43:22.710891', value='3.000000', node='ubuntu', metric='rx', subsystem='enp0s25')
Telemetry(timestamp='28.05.2023 14:43:23.111241', value='25.125628', node='ubuntu', metric='cpu', subsystem=None)
Telemetry(timestamp='28.05.2023 14:43:23.111443', value='0.660000', node='ubuntu', metric='load1', subsystem=None)
Telemetry(timestamp='28.05.2023 14:43:23.111464', value='8.000000', node='ubuntu', metric='tx', subsystem='enp0s25')
Telemetry(timestamp='28.05.2023 14:43:23.111560', value='1539596.000000', node='ubuntu', metric='ram', subsystem=None)
Telemetry(timestamp='28.05.2023 14:43:23.326614', value='0.390000', node='ubuntu', metric='load5', subsystem=None)
Telemetry(timestamp='28.05.2023 14:43:23.328712', value='3.000000', node='ubuntu', metric='rx', subsystem='enp0s25')
Telemetry(timestamp='28.05.2023 14:43:23.611436', value='8.000000', node='ubuntu', metric='tx', subsystem='enp0s25')
Telemetry(timestamp='28.05.2023 14:43:23.611817', value='25.000000', node='ubuntu', metric='cpu', subsystem=None)
Telemetry(timestamp='28.05.2023 14:43:23.730429', value='4.000000', node='ubuntu', metric='rx', subsystem='enp0s25')
Telemetry(timestamp='28.05.2023 14:43:24.111656', value='1539596.000000', node='ubuntu', metric='ram', subsystem=None)
Telemetry(timestamp='28.05.2023 14:43:24.112172', value='25.125628', node='ubuntu', metric='cpu', subsystem=None)
Telemetry(timestamp='28.05.2023 14:43:24.112178', value='9.000000', node='ubuntu', metric='tx', subsystem='enp0s25')
Telemetry(timestamp='28.05.2023 14:43:24.250985', value='4.000000', node='ubuntu', metric='rx', subsystem='enp0s25')
Telemetry(timestamp='28.05.2023 14:43:24.612474', value='25.500000', node='ubuntu', metric='cpu', subsystem=None)
Telemetry(timestamp='28.05.2023 14:43:24.612560', value='8.000000', node='ubuntu', metric='tx', subsystem='enp0s25')
Telemetry(timestamp='28.05.2023 14:43:24.758626', value='3.000000', node='ubuntu', metric='rx', subsystem='enp0s25')
Telemetry(timestamp='28.05.2023 14:43:25.111467', value='25.500000', node='ubuntu', metric='cpu', subsystem=None)
Telemetry(timestamp='28.05.2023 14:43:25.111634', value='1539596.000000', node='ubuntu', metric='ram', subsystem=None)
Telemetry(timestamp='28.05.2023 14:43:25.112103', value='8.000000', node='ubuntu', metric='tx', subsystem='enp0s25')
Telemetry(timestamp='28.05.2023 14:43:25.277483', value='3.000000', node='ubuntu', metric='rx', subsystem='enp0s25')
Telemetry(timestamp='28.05.2023 14:43:25.611559', value='9.000000', node='ubuntu', metric='tx', subsystem='enp0s25')
Telemetry(timestamp='28.05.2023 14:43:25.611758', value='25.500000', node='ubuntu', metric='cpu', subsystem=None)
Telemetry(timestamp='28.05.2023 14:43:25.888050', value='4.000000', node='ubuntu', metric='rx', subsystem='enp0s25')
Telemetry(timestamp='28.05.2023 14:43:26.112703', value='1539596.000000', node='ubuntu', metric='ram', subsystem=None)
Telemetry(timestamp='28.05.2023 14:43:26.113439', value='9.000000', node='ubuntu', metric='tx', subsystem='enp0s25')
Telemetry(timestamp='28.05.2023 14:43:26.113551', value='47.236181', node='ubuntu', metric='cpu', subsystem=None)
Telemetry(timestamp='28.05.2023 14:43:26.421752', value='4.000000', node='ubuntu', metric='rx', subsystem='enp0s25')
Telemetry(timestamp='28.05.2023 14:43:26.612203', value='9.000000', node='ubuntu', metric='tx', subsystem='enp0s25')
Telemetry(timestamp='28.05.2023 14:43:26.613270', value='50.500000', node='ubuntu', metric='cpu', subsystem=None)
Telemetry(timestamp='28.05.2023 14:43:26.811523', value='4.000000', node='ubuntu', metric='rx', subsystem='enp0s25')
Telemetry(timestamp='28.05.2023 14:43:27.111505', value='1539592.000000', node='ubuntu', metric='ram', subsystem=None)
Telemetry(timestamp='28.05.2023 14:43:27.113454', value='50.505051', node='ubuntu', metric='cpu', subsystem=None)
Telemetry(timestamp='28.05.2023 14:43:27.113590', value='8.000000', node='ubuntu', metric='tx', subsystem='enp0s25')
Telemetry(timestamp='28.05.2023 14:43:27.320678', value='3.000000', node='ubuntu', metric='rx', subsystem='enp0s25')
Telemetry(timestamp='28.05.2023 14:43:27.611917', value='43.434343', node='ubuntu', metric='cpu', subsystem=None)
Telemetry(timestamp='28.05.2023 14:43:27.612114', value='8.000000', node='ubuntu', metric='tx', subsystem='enp0s25')
Telemetry(timestamp='28.05.2023 14:43:27.751107', value='3.000000', node='ubuntu', metric='rx', subsystem='enp0s25')
Telemetry(timestamp='28.05.2023 14:43:28.110592', value='0.400000', node='ubuntu', metric='load5', subsystem=None)
Telemetry(timestamp='28.05.2023 14:43:28.110590', value='0.680000', node='ubuntu', metric='load1', subsystem=None)
Telemetry(timestamp='28.05.2023 14:43:28.110752', value='1539056.000000', node='ubuntu', metric='ram', subsystem=None)
Telemetry(timestamp='28.05.2023 14:43:28.111138', value='26.130653', node='ubuntu', metric='cpu', subsystem=None)
Telemetry(timestamp='28.05.2023 14:43:28.112549', value='8.000000', node='ubuntu', metric='tx', subsystem='enp0s25')
Telemetry(timestamp='28.05.2023 14:43:28.242116', value='3.000000', node='ubuntu', metric='rx', subsystem='enp0s25')
Telemetry(timestamp='28.05.2023 14:43:28.610845', value='26.237624', node='ubuntu', metric='cpu', subsystem=None)
Telemetry(timestamp='28.05.2023 14:43:28.610947', value='8.000000', node='ubuntu', metric='tx', subsystem='enp0s25')
Telemetry(timestamp='28.05.2023 14:43:28.748571', value='4.000000', node='ubuntu', metric='rx', subsystem='enp0s25')
Telemetry(timestamp='28.05.2023 14:43:29.111194', value='1539148.000000', node='ubuntu', metric='ram', subsystem=None)
Telemetry(timestamp='28.05.2023 14:43:29.111238', value='26.000000', node='ubuntu', metric='cpu', subsystem=None)
Telemetry(timestamp='28.05.2023 14:43:29.111442', value='9.000000', node='ubuntu', metric='tx', subsystem='enp0s25')
Telemetry(timestamp='28.05.2023 14:43:29.274025', value='4.000000', node='ubuntu', metric='rx', subsystem='enp0s25')
Telemetry(timestamp='28.05.2023 14:43:29.611428', value='25.125628', node='ubuntu', metric='cpu', subsystem=None)
Telemetry(timestamp='28.05.2023 14:43:29.611449', value='8.000000', node='ubuntu', metric='tx', subsystem='enp0s25')
Telemetry(timestamp='28.05.2023 14:43:29.781923', value='4.000000', node='ubuntu', metric='rx', subsystem='enp0s25')
Telemetry(timestamp='28.05.2023 14:43:30.111338', value='25.500000', node='ubuntu', metric='cpu', subsystem=None)
Telemetry(timestamp='28.05.2023 14:43:30.111455', value='1539144.000000', node='ubuntu', metric='ram', subsystem=None)
Telemetry(timestamp='28.05.2023 14:43:30.111800', value='8.000000', node='ubuntu', metric='tx', subsystem='enp0s25')
Telemetry(timestamp='28.05.2023 14:43:30.297103', value='4.000000', node='ubuntu', metric='rx', subsystem='enp0s25')
Telemetry(timestamp='28.05.2023 14:43:30.611474', value='8.000000', node='ubuntu', metric='tx', subsystem='enp0s25')
Telemetry(timestamp='28.05.2023 14:43:30.611520', value='25.125628', node='ubuntu', metric='cpu', subsystem=None)
Telemetry(timestamp='28.05.2023 14:43:30.804218', value='3.000000', node='ubuntu', metric='rx', subsystem='enp0s25')
Telemetry(timestamp='28.05.2023 14:43:31.111003', value='1539144.000000', node='ubuntu', metric='ram', subsystem=None)
Telemetry(timestamp='28.05.2023 14:43:31.111348', value='25.125628', node='ubuntu', metric='cpu', subsystem=None)
Telemetry(timestamp='28.05.2023 14:43:31.112962', value='8.000000', node='ubuntu', metric='tx', subsystem='enp0s25')
Telemetry(timestamp='28.05.2023 14:43:31.320220', value='3.000000', node='ubuntu', metric='rx', subsystem='enp0s25')
Telemetry(timestamp='28.05.2023 14:43:31.611273', value='25.125628', node='ubuntu', metric='cpu', subsystem=None)
Telemetry(timestamp='28.05.2023 14:43:31.611778', value='9.000000', node='ubuntu', metric='tx', subsystem='enp0s25')
Telemetry(timestamp='28.05.2023 14:43:31.832769', value='4.000000', node='ubuntu', metric='rx', subsystem='enp0s25')
Telemetry(timestamp='28.05.2023 14:43:32.111215', value='1539144.000000', node='ubuntu', metric='ram', subsystem=None)
Telemetry(timestamp='28.05.2023 14:43:32.112062', value='9.000000', node='ubuntu', metric='tx', subsystem='enp0s25')
Telemetry(timestamp='28.05.2023 14:43:32.112244', value='32.000000', node='ubuntu', metric='cpu', subsystem=None)
Telemetry(timestamp='28.05.2023 14:43:32.250706', value='4.000000', node='ubuntu', metric='rx', subsystem='enp0s25')
Telemetry(timestamp='28.05.2023 14:43:32.612272', value='51.000000', node='ubuntu', metric='cpu', subsystem=None)
Telemetry(timestamp='28.05.2023 14:43:32.612389', value='9.000000', node='ubuntu', metric='tx', subsystem='enp0s25')
Telemetry(timestamp='28.05.2023 14:43:32.753032', value='4.000000', node='ubuntu', metric='rx', subsystem='enp0s25')
Telemetry(timestamp='28.05.2023 14:43:33.111487', value='50.500000', node='ubuntu', metric='cpu', subsystem=None)
Telemetry(timestamp='28.05.2023 14:43:33.111672', value='1539396.000000', node='ubuntu', metric='ram', subsystem=None)
Telemetry(timestamp='28.05.2023 14:43:33.111838', value='8.000000', node='ubuntu', metric='tx', subsystem='enp0s25')
Telemetry(timestamp='28.05.2023 14:43:33.111860', value='0.710000', node='ubuntu', metric='load1', subsystem=None)
Telemetry(timestamp='28.05.2023 14:43:33.258450', value='4.000000', node='ubuntu', metric='rx', subsystem='enp0s25')
Telemetry(timestamp='28.05.2023 14:43:33.259066', value='0.410000', node='ubuntu', metric='load5', subsystem=None)
Telemetry(timestamp='28.05.2023 14:43:33.611480', value='8.000000', node='ubuntu', metric='tx', subsystem='enp0s25')
Telemetry(timestamp='28.05.2023 14:43:33.611481', value='4.000000', node='ubuntu', metric='rx', subsystem='enp0s25')
Telemetry(timestamp='28.05.2023 14:43:33.612223', value='50.746269', node='ubuntu', metric='cpu', subsystem=None)
Telemetry(timestamp='28.05.2023 14:43:34.110922', value='1552844.000000', node='ubuntu', metric='ram', subsystem=None)
Telemetry(timestamp='28.05.2023 14:43:34.112360', value='32.487310', node='ubuntu', metric='cpu', subsystem=None)
Telemetry(timestamp='28.05.2023 14:43:34.112836', value='9.000000', node='ubuntu', metric='tx', subsystem='enp0s25')
Telemetry(timestamp='28.05.2023 14:43:34.205410', value='4.000000', node='ubuntu', metric='rx', subsystem='enp0s25')
Telemetry(timestamp='28.05.2023 14:43:34.611170', value='25.125628', node='ubuntu', metric='cpu', subsystem=None)
Telemetry(timestamp='28.05.2023 14:43:34.612358', value='8.000000', node='ubuntu', metric='tx', subsystem='enp0s25')
Telemetry(timestamp='28.05.2023 14:43:34.795819', value='3.000000', node='ubuntu', metric='rx', subsystem='enp0s25')
Telemetry(timestamp='28.05.2023 14:43:35.110710', value='1538948.000000', node='ubuntu', metric='ram', subsystem=None)
Telemetry(timestamp='28.05.2023 14:43:35.111054', value='25.125628', node='ubuntu', metric='cpu', subsystem=None)
Telemetry(timestamp='28.05.2023 14:43:35.111253', value='8.000000', node='ubuntu', metric='tx', subsystem='enp0s25')
Telemetry(timestamp='28.05.2023 14:43:35.316671', value='3.000000', node='ubuntu', metric='rx', subsystem='enp0s25')
Telemetry(timestamp='28.05.2023 14:43:35.611343', value='25.125628', node='ubuntu', metric='cpu', subsystem=None)
Telemetry(timestamp='28.05.2023 14:43:35.611626', value='8.000000', node='ubuntu', metric='tx', subsystem='enp0s25')
Telemetry(timestamp='28.05.2023 14:43:35.831083', value='3.000000', node='ubuntu', metric='rx', subsystem='enp0s25')
Telemetry(timestamp='28.05.2023 14:43:36.110644', value='1539200.000000', node='ubuntu', metric='ram', subsystem=None)
Telemetry(timestamp='28.05.2023 14:43:36.111120', value='8.000000', node='ubuntu', metric='tx', subsystem='enp0s25')
Telemetry(timestamp='28.05.2023 14:43:36.112476', value='26.237624', node='ubuntu', metric='cpu', subsystem=None)
Telemetry(timestamp='28.05.2023 14:43:36.242931', value='3.000000', node='ubuntu', metric='rx', subsystem='enp0s25')
Telemetry(timestamp='28.05.2023 14:43:36.610800', value='25.500000', node='ubuntu', metric='cpu', subsystem=None)
Telemetry(timestamp='28.05.2023 14:43:36.611999', value='8.000000', node='ubuntu', metric='tx', subsystem='enp0s25')
Telemetry(timestamp='28.05.2023 14:43:36.739842', value='3.000000', node='ubuntu', metric='rx', subsystem='enp0s25')
Telemetry(timestamp='28.05.2023 14:43:37.111109', value='1539200.000000', node='ubuntu', metric='ram', subsystem=None)
Telemetry(timestamp='28.05.2023 14:43:37.111150', value='8.000000', node='ubuntu', metric='tx', subsystem='enp0s25')
Telemetry(timestamp='28.05.2023 14:43:37.111441', value='25.000000', node='ubuntu', metric='cpu', subsystem=None)
Telemetry(timestamp='28.05.2023 14:43:37.271444', value='3.000000', node='ubuntu', metric='rx', subsystem='enp0s25')
Telemetry(timestamp='28.05.2023 14:43:37.611400', value='8.000000', node='ubuntu', metric='tx', subsystem='enp0s25')
Telemetry(timestamp='28.05.2023 14:43:37.611532', value='26.130653', node='ubuntu', metric='cpu', subsystem=None)
Telemetry(timestamp='28.05.2023 14:43:37.755445', value='3.000000', node='ubuntu', metric='rx', subsystem='enp0s25')
Telemetry(timestamp='28.05.2023 14:43:38.110595', value='0.420000', node='ubuntu', metric='load5', subsystem=None)
Telemetry(timestamp='28.05.2023 14:43:38.110594', value='0.730000', node='ubuntu', metric='load1', subsystem=None)
Telemetry(timestamp='28.05.2023 14:43:38.110698', value='1539452.000000', node='ubuntu', metric='ram', subsystem=None)
Telemetry(timestamp='28.05.2023 14:43:38.111532', value='8.000000', node='ubuntu', metric='tx', subsystem='enp0s25')
Telemetry(timestamp='28.05.2023 14:43:38.112726', value='25.125628', node='ubuntu', metric='cpu', subsystem=None)
Telemetry(timestamp='28.05.2023 14:43:38.289271', value='4.000000', node='ubuntu', metric='rx', subsystem='enp0s25')
Telemetry(timestamp='28.05.2023 14:43:38.611420', value='42.000000', node='ubuntu', metric='cpu', subsystem=None)
Telemetry(timestamp='28.05.2023 14:43:38.612718', value='9.000000', node='ubuntu', metric='tx', subsystem='enp0s25')
Telemetry(timestamp='28.05.2023 14:43:38.776065', value='4.000000', node='ubuntu', metric='rx', subsystem='enp0s25')
Telemetry(timestamp='28.05.2023 14:43:39.111308', value='8.000000', node='ubuntu', metric='tx', subsystem='enp0s25')
Telemetry(timestamp='28.05.2023 14:43:39.111639', value='1539452.000000', node='ubuntu', metric='ram', subsystem=None)
Telemetry(timestamp='28.05.2023 14:43:39.112281', value='52.261307', node='ubuntu', metric='cpu', subsystem=None)
Telemetry(timestamp='28.05.2023 14:43:39.290820', value='4.000000', node='ubuntu', metric='rx', subsystem='enp0s25')
Telemetry(timestamp='28.05.2023 14:43:39.612333', value='8.000000', node='ubuntu', metric='tx', subsystem='enp0s25')
Telemetry(timestamp='28.05.2023 14:43:39.612598', value='51.515152', node='ubuntu', metric='cpu', subsystem=None)
Telemetry(timestamp='28.05.2023 14:43:39.815814', value='3.000000', node='ubuntu', metric='rx', subsystem='enp0s25')
Telemetry(timestamp='28.05.2023 14:43:40.110727', value='1558076.000000', node='ubuntu', metric='ram', subsystem=None)
Telemetry(timestamp='28.05.2023 14:43:40.111072', value='49.246231', node='ubuntu', metric='cpu', subsystem=None)
Telemetry(timestamp='28.05.2023 14:43:40.112605', value='8.000000', node='ubuntu', metric='tx', subsystem='enp0s25')
Telemetry(timestamp='28.05.2023 14:43:40.335565', value='3.000000', node='ubuntu', metric='rx', subsystem='enp0s25')
Telemetry(timestamp='28.05.2023 14:43:40.611237', value='8.000000', node='ubuntu', metric='tx', subsystem='enp0s25')
Telemetry(timestamp='28.05.2023 14:43:40.611286', value='25.628141', node='ubuntu', metric='cpu', subsystem=None)
Telemetry(timestamp='28.05.2023 14:43:40.726313', value='3.000000', node='ubuntu', metric='rx', subsystem='enp0s25')
Telemetry(timestamp='28.05.2023 14:43:41.111311', value='8.000000', node='ubuntu', metric='tx', subsystem='enp0s25')
Telemetry(timestamp='28.05.2023 14:43:41.111521', value='25.000000', node='ubuntu', metric='cpu', subsystem=None)
Telemetry(timestamp='28.05.2023 14:43:41.111938', value='1550028.000000', node='ubuntu', metric='ram', subsystem=None)
Telemetry(timestamp='28.05.2023 14:43:41.237060', value='3.000000', node='ubuntu', metric='rx', subsystem='enp0s25')
Telemetry(timestamp='28.05.2023 14:43:41.611593', value='25.125628', node='ubuntu', metric='cpu', subsystem=None)
Telemetry(timestamp='28.05.2023 14:43:41.611752', value='8.000000', node='ubuntu', metric='tx', subsystem='enp0s25')
Telemetry(timestamp='28.05.2023 14:43:41.764603', value='3.000000', node='ubuntu', metric='rx', subsystem='enp0s25')
Telemetry(timestamp='28.05.2023 14:43:42.111358', value='1550532.000000', node='ubuntu', metric='ram', subsystem=None)
Telemetry(timestamp='28.05.2023 14:43:42.111455', value='26.000000', node='ubuntu', metric='cpu', subsystem=None)
Telemetry(timestamp='28.05.2023 14:43:42.112442', value='8.000000', node='ubuntu', metric='tx', subsystem='enp0s25')
Telemetry(timestamp='28.05.2023 14:43:42.280645', value='3.000000', node='ubuntu', metric='rx', subsystem='enp0s25')
Telemetry(timestamp='28.05.2023 14:43:42.612060', value='25.380711', node='ubuntu', metric='cpu', subsystem=None)
Telemetry(timestamp='28.05.2023 14:43:42.612212', value='8.000000', node='ubuntu', metric='tx', subsystem='enp0s25')
Telemetry(timestamp='28.05.2023 14:43:42.784554', value='3.000000', node='ubuntu', metric='rx', subsystem='enp0s25')
Telemetry(timestamp='28.05.2023 14:43:43.110656', value='0.440000', node='ubuntu', metric='load5', subsystem=None)
Telemetry(timestamp='28.05.2023 14:43:43.110655', value='0.830000', node='ubuntu', metric='load1', subsystem=None)
Telemetry(timestamp='28.05.2023 14:43:43.110734', value='1550532.000000', node='ubuntu', metric='ram', subsystem=None)
Telemetry(timestamp='28.05.2023 14:43:43.110788', value='25.500000', node='ubuntu', metric='cpu', subsystem=None)
Telemetry(timestamp='28.05.2023 14:43:43.112678', value='8.000000', node='ubuntu', metric='tx', subsystem='enp0s25')
Telemetry(timestamp='28.05.2023 14:43:43.308996', value='3.000000', node='ubuntu', metric='rx', subsystem='enp0s25')
Telemetry(timestamp='28.05.2023 14:43:43.610992', value='8.000000', node='ubuntu', metric='tx', subsystem='enp0s25')
Telemetry(timestamp='28.05.2023 14:43:43.611138', value='25.500000', node='ubuntu', metric='cpu', subsystem=None)
Telemetry(timestamp='28.05.2023 14:43:43.800803', value='4.000000', node='ubuntu', metric='rx', subsystem='enp0s25')
Telemetry(timestamp='28.05.2023 14:43:44.110934', value='1550532.000000', node='ubuntu', metric='ram', subsystem=None)
Telemetry(timestamp='28.05.2023 14:43:44.111102', value='25.500000', node='ubuntu', metric='cpu', subsystem=None)
Telemetry(timestamp='28.05.2023 14:43:44.111201', value='9.000000', node='ubuntu', metric='tx', subsystem='enp0s25')
Telemetry(timestamp='28.05.2023 14:43:44.217530', value='4.000000', node='ubuntu', metric='rx', subsystem='enp0s25')
Telemetry(timestamp='28.05.2023 14:43:44.611915', value='25.125628', node='ubuntu', metric='cpu', subsystem=None)
Telemetry(timestamp='28.05.2023 14:43:44.611923', value='9.000000', node='ubuntu', metric='tx', subsystem='enp0s25')
Telemetry(timestamp='28.05.2023 14:43:44.733630', value='4.000000', node='ubuntu', metric='rx', subsystem='enp0s25')
Telemetry(timestamp='28.05.2023 14:43:45.110701', value='1550532.000000', node='ubuntu', metric='ram', subsystem=None)
Telemetry(timestamp='28.05.2023 14:43:45.111690', value='9.000000', node='ubuntu', metric='tx', subsystem='enp0s25')
Telemetry(timestamp='28.05.2023 14:43:45.111740', value='50.500000', node='ubuntu', metric='cpu', subsystem=None)
Telemetry(timestamp='28.05.2023 14:43:45.240120', value='4.000000', node='ubuntu', metric='rx', subsystem='enp0s25')
Telemetry(timestamp='28.05.2023 14:43:45.612196', value='8.000000', node='ubuntu', metric='tx', subsystem='enp0s25')
Telemetry(timestamp='28.05.2023 14:43:45.612129', value='50.251256', node='ubuntu', metric='cpu', subsystem=None)
Telemetry(timestamp='28.05.2023 14:43:45.763267', value='4.000000', node='ubuntu', metric='rx', subsystem='enp0s25')
Telemetry(timestamp='28.05.2023 14:43:46.110681', value='1550532.000000', node='ubuntu', metric='ram', subsystem=None)
Telemetry(timestamp='28.05.2023 14:43:46.111609', value='8.000000', node='ubuntu', metric='tx', subsystem='enp0s25')
Telemetry(timestamp='28.05.2023 14:43:46.112747', value='50.248756', node='ubuntu', metric='cpu', subsystem=None)
Telemetry(timestamp='28.05.2023 14:43:46.282784', value='3.000000', node='ubuntu', metric='rx', subsystem='enp0s25')
Telemetry(timestamp='28.05.2023 14:43:46.611334', value='39.500000', node='ubuntu', metric='cpu', subsystem=None)
Telemetry(timestamp='28.05.2023 14:43:46.612992', value='8.000000', node='ubuntu', metric='tx', subsystem='enp0s25')
Telemetry(timestamp='28.05.2023 14:43:46.816464', value='7.000000', node='ubuntu', metric='rx', subsystem='enp0s25')
Telemetry(timestamp='28.05.2023 14:43:47.110873', value='1556396.000000', node='ubuntu', metric='ram', subsystem=None)
Telemetry(timestamp='28.05.2023 14:43:47.111218', value='8.000000', node='ubuntu', metric='tx', subsystem='enp0s25')
Telemetry(timestamp='28.05.2023 14:43:47.111782', value='25.500000', node='ubuntu', metric='cpu', subsystem=None)
Telemetry(timestamp='28.05.2023 14:43:47.286876', value='7.000000', node='ubuntu', metric='rx', subsystem='enp0s25')
Telemetry(timestamp='28.05.2023 14:43:47.611091', value='25.380711', node='ubuntu', metric='cpu', subsystem=None)
Telemetry(timestamp='28.05.2023 14:43:47.612700', value='8.000000', node='ubuntu', metric='tx', subsystem='enp0s25')
Telemetry(timestamp='28.05.2023 14:43:47.803337', value='3.000000', node='ubuntu', metric='rx', subsystem='enp0s25')
Telemetry(timestamp='28.05.2023 14:43:48.110682', value='0.850000', node='ubuntu', metric='load1', subsystem=None)
Telemetry(timestamp='28.05.2023 14:43:48.110683', value='0.450000', node='ubuntu', metric='load5', subsystem=None)
Telemetry(timestamp='28.05.2023 14:43:48.110827', value='1543364.000000', node='ubuntu', metric='ram', subsystem=None)
Telemetry(timestamp='28.05.2023 14:43:48.111474', value='8.000000', node='ubuntu', metric='tx', subsystem='enp0s25')
Telemetry(timestamp='28.05.2023 14:43:48.111518', value='25.125628', node='ubuntu', metric='cpu', subsystem=None)
Telemetry(timestamp='28.05.2023 14:43:48.319669', value='4.000000', node='ubuntu', metric='rx', subsystem='enp0s25')
Telemetry(timestamp='28.05.2023 14:43:48.611585', value='8.000000', node='ubuntu', metric='tx', subsystem='enp0s25')
Telemetry(timestamp='28.05.2023 14:43:48.611960', value='26.000000', node='ubuntu', metric='cpu', subsystem=None)
Telemetry(timestamp='28.05.2023 14:43:48.822292', value='5.000000', node='ubuntu', metric='rx', subsystem='enp0s25')
Telemetry(timestamp='28.05.2023 14:43:49.111439', value='8.000000', node='ubuntu', metric='tx', subsystem='enp0s25')
Telemetry(timestamp='28.05.2023 14:43:49.111605', value='1543604.000000', node='ubuntu', metric='ram', subsystem=None)
Telemetry(timestamp='28.05.2023 14:43:49.111862', value='26.500000', node='ubuntu', metric='cpu', subsystem=None)
Telemetry(timestamp='28.05.2023 14:43:49.238339', value='6.000000', node='ubuntu', metric='rx', subsystem='enp0s25')
Telemetry(timestamp='28.05.2023 14:43:49.611702', value='25.125628', node='ubuntu', metric='cpu', subsystem=None)
Telemetry(timestamp='28.05.2023 14:43:49.612984', value='8.000000', node='ubuntu', metric='tx', subsystem='enp0s25')
Telemetry(timestamp='28.05.2023 14:43:49.748766', value='6.000000', node='ubuntu', metric='rx', subsystem='enp0s25')
Telemetry(timestamp='28.05.2023 14:43:50.111177', value='1543604.000000', node='ubuntu', metric='ram', subsystem=None)
Telemetry(timestamp='28.05.2023 14:43:50.111907', value='25.125628', node='ubuntu', metric='cpu', subsystem=None)
Telemetry(timestamp='28.05.2023 14:43:50.111947', value='8.000000', node='ubuntu', metric='tx', subsystem='enp0s25')
Telemetry(timestamp='28.05.2023 14:43:50.263242', value='5.000000', node='ubuntu', metric='rx', subsystem='enp0s25')
Telemetry(timestamp='28.05.2023 14:43:50.612158', value='26.368159', node='ubuntu', metric='cpu', subsystem=None)
Telemetry(timestamp='28.05.2023 14:43:50.612232', value='9.000000', node='ubuntu', metric='tx', subsystem='enp0s25')
Telemetry(timestamp='28.05.2023 14:43:50.775801', value='4.000000', node='ubuntu', metric='rx', subsystem='enp0s25')
Telemetry(timestamp='28.05.2023 14:43:51.110864', value='34.000000', node='ubuntu', metric='cpu', subsystem=None)
Telemetry(timestamp='28.05.2023 14:43:51.111040', value='1543828.000000', node='ubuntu', metric='ram', subsystem=None)
Telemetry(timestamp='28.05.2023 14:43:51.111638', value='9.000000', node='ubuntu', metric='tx', subsystem='enp0s25')
Telemetry(timestamp='28.05.2023 14:43:51.286802', value='5.000000', node='ubuntu', metric='rx', subsystem='enp0s25')
Telemetry(timestamp='28.05.2023 14:43:51.611277', value='50.000000', node='ubuntu', metric='cpu', subsystem=None)
Telemetry(timestamp='28.05.2023 14:43:51.611528', value='8.000000', node='ubuntu', metric='tx', subsystem='enp0s25')
Telemetry(timestamp='28.05.2023 14:43:51.789637', value='5.000000', node='ubuntu', metric='rx', subsystem='enp0s25')
Telemetry(timestamp='28.05.2023 14:43:52.111563', value='1543828.000000', node='ubuntu', metric='ram', subsystem=None)
Telemetry(timestamp='28.05.2023 14:43:52.112574', value='8.000000', node='ubuntu', metric='tx', subsystem='enp0s25')
Telemetry(timestamp='28.05.2023 14:43:52.112625', value='50.251256', node='ubuntu', metric='cpu', subsystem=None)
Telemetry(timestamp='28.05.2023 14:43:52.337604', value='4.000000', node='ubuntu', metric='rx', subsystem='enp0s25')
Telemetry(timestamp='28.05.2023 14:43:52.612224', value='8.000000', node='ubuntu', metric='tx', subsystem='enp0s25')
Telemetry(timestamp='28.05.2023 14:43:52.612371', value='51.243781', node='ubuntu', metric='cpu', subsystem=None)
Telemetry(timestamp='28.05.2023 14:43:52.812714', value='4.000000', node='ubuntu', metric='rx', subsystem='enp0s25')
Telemetry(timestamp='28.05.2023 14:43:53.110590', value='0.860000', node='ubuntu', metric='load1', subsystem=None)
Telemetry(timestamp='28.05.2023 14:43:53.110591', value='0.460000', node='ubuntu', metric='load5', subsystem=None)
Telemetry(timestamp='28.05.2023 14:43:53.110705', value='1556188.000000', node='ubuntu', metric='ram', subsystem=None)
Telemetry(timestamp='28.05.2023 14:43:53.111072', value='30.303030', node='ubuntu', metric='cpu', subsystem=None)
Telemetry(timestamp='28.05.2023 14:43:53.112782', value='8.000000', node='ubuntu', metric='tx', subsystem='enp0s25')
Telemetry(timestamp='28.05.2023 14:43:53.257779', value='4.000000', node='ubuntu', metric='rx', subsystem='enp0s25')
Telemetry(timestamp='28.05.2023 14:43:53.610948', value='25.628141', node='ubuntu', metric='cpu', subsystem=None)
Telemetry(timestamp='28.05.2023 14:43:53.611170', value='8.000000', node='ubuntu', metric='tx', subsystem='enp0s25')
Telemetry(timestamp='28.05.2023 14:43:53.753040', value='4.000000', node='ubuntu', metric='rx', subsystem='enp0s25')
Telemetry(timestamp='28.05.2023 14:43:54.110751', value='1543372.000000', node='ubuntu', metric='ram', subsystem=None)
Telemetry(timestamp='28.05.2023 14:43:54.110882', value='25.000000', node='ubuntu', metric='cpu', subsystem=None)
Telemetry(timestamp='28.05.2023 14:43:54.111140', value='9.000000', node='ubuntu', metric='tx', subsystem='enp0s25')
Telemetry(timestamp='28.05.2023 14:43:54.250965', value='4.000000', node='ubuntu', metric='rx', subsystem='enp0s25')
Telemetry(timestamp='28.05.2023 14:43:54.611279', value='8.000000', node='ubuntu', metric='tx', subsystem='enp0s25')
Telemetry(timestamp='28.05.2023 14:43:54.611353', value='25.252525', node='ubuntu', metric='cpu', subsystem=None)
Telemetry(timestamp='28.05.2023 14:43:54.773594', value='5.000000', node='ubuntu', metric='rx', subsystem='enp0s25')
Telemetry(timestamp='28.05.2023 14:43:55.110774', value='1543624.000000', node='ubuntu', metric='ram', subsystem=None)
Telemetry(timestamp='28.05.2023 14:43:55.111248', value='8.000000', node='ubuntu', metric='tx', subsystem='enp0s25')
Telemetry(timestamp='28.05.2023 14:43:55.111280', value='25.000000', node='ubuntu', metric='cpu', subsystem=None)
Telemetry(timestamp='28.05.2023 14:43:55.278900', value='6.000000', node='ubuntu', metric='rx', subsystem='enp0s25')
Telemetry(timestamp='28.05.2023 14:43:55.611171', value='25.125628', node='ubuntu', metric='cpu', subsystem=None)
Telemetry(timestamp='28.05.2023 14:43:55.611542', value='8.000000', node='ubuntu', metric='tx', subsystem='enp0s25')
Telemetry(timestamp='28.05.2023 14:43:55.788455', value='6.000000', node='ubuntu', metric='rx', subsystem='enp0s25')
Telemetry(timestamp='28.05.2023 14:43:56.111237', value='1543876.000000', node='ubuntu', metric='ram', subsystem=None)
Telemetry(timestamp='28.05.2023 14:43:56.111340', value='8.000000', node='ubuntu', metric='tx', subsystem='enp0s25')
Telemetry(timestamp='28.05.2023 14:43:56.111465', value='25.500000', node='ubuntu', metric='cpu', subsystem=None)
Telemetry(timestamp='28.05.2023 14:43:56.536371', value='5.000000', node='ubuntu', metric='rx', subsystem='enp0s25')
Telemetry(timestamp='28.05.2023 14:43:56.611911', value='25.125628', node='ubuntu', metric='cpu', subsystem=None)
Telemetry(timestamp='28.05.2023 14:43:56.611936', value='8.000000', node='ubuntu', metric='tx', subsystem='enp0s25')
Telemetry(timestamp='28.05.2023 14:43:56.625856', value='4.000000', node='ubuntu', metric='rx', subsystem='enp0s25')
Telemetry(timestamp='28.05.2023 14:43:57.111454', value='1543876.000000', node='ubuntu', metric='ram', subsystem=None)
Telemetry(timestamp='28.05.2023 14:43:57.111807', value='9.000000', node='ubuntu', metric='tx', subsystem='enp0s25')
Telemetry(timestamp='28.05.2023 14:43:57.111945', value='25.628141', node='ubuntu', metric='cpu', subsystem=None)
Telemetry(timestamp='28.05.2023 14:43:57.322016', value='4.000000', node='ubuntu', metric='rx', subsystem='enp0s25')
Telemetry(timestamp='28.05.2023 14:43:57.612484', value='45.273632', node='ubuntu', metric='cpu', subsystem=None)
Telemetry(timestamp='28.05.2023 14:43:57.612583', value='9.000000', node='ubuntu', metric='tx', subsystem='enp0s25')
Telemetry(timestamp='28.05.2023 14:43:57.733987', value='4.000000', node='ubuntu', metric='rx', subsystem='enp0s25')
Telemetry(timestamp='28.05.2023 14:43:58.110582', value='0.870000', node='ubuntu', metric='load1', subsystem=None)
Telemetry(timestamp='28.05.2023 14:43:58.110584', value='0.470000', node='ubuntu', metric='load5', subsystem=None)
Telemetry(timestamp='28.05.2023 14:43:58.110738', value='1543844.000000', node='ubuntu', metric='ram', subsystem=None)
Telemetry(timestamp='28.05.2023 14:43:58.111147', value='50.505051', node='ubuntu', metric='cpu', subsystem=None)
Telemetry(timestamp='28.05.2023 14:43:58.112904', value='8.000000', node='ubuntu', metric='tx', subsystem='enp0s25')
Telemetry(timestamp='28.05.2023 14:43:58.250101', value='4.000000', node='ubuntu', metric='rx', subsystem='enp0s25')
Telemetry(timestamp='28.05.2023 14:43:58.612606', value='50.251256', node='ubuntu', metric='cpu', subsystem=None)
Telemetry(timestamp='28.05.2023 14:43:58.612565', value='8.000000', node='ubuntu', metric='tx', subsystem='enp0s25')
Telemetry(timestamp='28.05.2023 14:43:58.759112', value='3.000000', node='ubuntu', metric='rx', subsystem='enp0s25')
Telemetry(timestamp='28.05.2023 14:43:59.111815', value='9.000000', node='ubuntu', metric='tx', subsystem='enp0s25')
Telemetry(timestamp='28.05.2023 14:43:59.111847', value='1554188.000000', node='ubuntu', metric='ram', subsystem=None)
Telemetry(timestamp='28.05.2023 14:43:59.112180', value='47.738693', node='ubuntu', metric='cpu', subsystem=None)
Telemetry(timestamp='28.05.2023 14:43:59.269834', value='3.000000', node='ubuntu', metric='rx', subsystem='enp0s25')
Telemetry(timestamp='28.05.2023 14:43:59.612756', value='26.000000', node='ubuntu', metric='cpu', subsystem=None)
Telemetry(timestamp='28.05.2023 14:43:59.612843', value='8.000000', node='ubuntu', metric='tx', subsystem='enp0s25')
Telemetry(timestamp='28.05.2023 14:43:59.785539', value='3.000000', node='ubuntu', metric='rx', subsystem='enp0s25')
Telemetry(timestamp='28.05.2023 14:44:00.110623', value='1556812.000000', node='ubuntu', metric='ram', subsystem=None)
Telemetry(timestamp='28.05.2023 14:44:00.111427', value='25.500000', node='ubuntu', metric='cpu', subsystem=None)
Telemetry(timestamp='28.05.2023 14:44:00.112670', value='8.000000', node='ubuntu', metric='tx', subsystem='enp0s25')
Telemetry(timestamp='28.05.2023 14:44:00.304574', value='3.000000', node='ubuntu', metric='rx', subsystem='enp0s25')
Telemetry(timestamp='28.05.2023 14:44:00.610824', value='25.125628', node='ubuntu', metric='cpu', subsystem=None)
Telemetry(timestamp='28.05.2023 14:44:00.612380', value='8.000000', node='ubuntu', metric='tx', subsystem='enp0s25')
Telemetry(timestamp='28.05.2023 14:44:00.802289', value='3.000000', node='ubuntu', metric='rx', subsystem='enp0s25')
Telemetry(timestamp='28.05.2023 14:44:01.110531', value='1556812.000000', node='ubuntu', metric='ram', subsystem=None)
Telemetry(timestamp='28.05.2023 14:44:01.111118', value='8.000000', node='ubuntu', metric='tx', subsystem='enp0s25')
Telemetry(timestamp='28.05.2023 14:44:01.111081', value='25.870647', node='ubuntu', metric='cpu', subsystem=None)
Telemetry(timestamp='28.05.2023 14:44:01.319059', value='3.000000', node='ubuntu', metric='rx', subsystem='enp0s25')
Telemetry(timestamp='28.05.2023 14:44:01.610773', value='25.125628', node='ubuntu', metric='cpu', subsystem=None)
Telemetry(timestamp='28.05.2023 14:44:01.612275', value='8.000000', node='ubuntu', metric='tx', subsystem='enp0s25')
Telemetry(timestamp='28.05.2023 14:44:01.736282', value='3.000000', node='ubuntu', metric='rx', subsystem='enp0s25')
Telemetry(timestamp='28.05.2023 14:44:02.111014', value='8.000000', node='ubuntu', metric='tx', subsystem='enp0s25')
Telemetry(timestamp='28.05.2023 14:44:02.111128', value='25.000000', node='ubuntu', metric='cpu', subsystem=None)
Telemetry(timestamp='28.05.2023 14:44:02.111338', value='1557064.000000', node='ubuntu', metric='ram', subsystem=None)
Telemetry(timestamp='28.05.2023 14:44:02.229670', value='4.000000', node='ubuntu', metric='rx', subsystem='enp0s25')
Telemetry(timestamp='28.05.2023 14:44:02.611021', value='9.000000', node='ubuntu', metric='tx', subsystem='enp0s25')
Telemetry(timestamp='28.05.2023 14:44:02.612143', value='25.757576', node='ubuntu', metric='cpu', subsystem=None)
Telemetry(timestamp='28.05.2023 14:44:02.765181', value='3.000000', node='ubuntu', metric='rx', subsystem='enp0s25')
Telemetry(timestamp='28.05.2023 14:44:03.110585', value='0.880000', node='ubuntu', metric='load1', subsystem=None)
Telemetry(timestamp='28.05.2023 14:44:03.110761', value='21.938776', node='ubuntu', metric='cpu', subsystem=None)
Telemetry(timestamp='28.05.2023 14:44:03.110821', value='1393980.000000', node='ubuntu', metric='ram', subsystem=None)
Telemetry(timestamp='28.05.2023 14:44:03.111776', value='9.000000', node='ubuntu', metric='tx', subsystem='enp0s25')
Telemetry(timestamp='28.05.2023 14:44:03.285529', value='3.000000', node='ubuntu', metric='rx', subsystem='enp0s25')
Telemetry(timestamp='28.05.2023 14:44:03.110586', value='0.480000', node='ubuntu', metric='load5', subsystem=None)
Telemetry(timestamp='28.05.2023 14:44:03.611435', value='6.091371', node='ubuntu', metric='cpu', subsystem=None)
Telemetry(timestamp='28.05.2023 14:44:03.611502', value='10.000000', node='ubuntu', metric='tx', subsystem='enp0s25')
Telemetry(timestamp='28.05.2023 14:44:03.776411', value='4.000000', node='ubuntu', metric='rx', subsystem='enp0s25')
Telemetry(timestamp='28.05.2023 14:44:04.111472', value='1393484.000000', node='ubuntu', metric='ram', subsystem=None)
Telemetry(timestamp='28.05.2023 14:44:04.111662', value='9.000000', node='ubuntu', metric='tx', subsystem='enp0s25')
Telemetry(timestamp='28.05.2023 14:44:04.112062', value='0.502513', node='ubuntu', metric='cpu', subsystem=None)
Telemetry(timestamp='28.05.2023 14:44:04.289924', value='4.000000', node='ubuntu', metric='rx', subsystem='enp0s25')
Telemetry(timestamp='28.05.2023 14:44:04.612930', value='8.000000', node='ubuntu', metric='tx', subsystem='enp0s25')
Telemetry(timestamp='28.05.2023 14:44:04.613034', value='1.005025', node='ubuntu', metric='cpu', subsystem=None)
Telemetry(timestamp='28.05.2023 14:44:04.623749', value='3.000000', node='ubuntu', metric='rx', subsystem='enp0s25')
Telemetry(timestamp='28.05.2023 14:44:05.111127', value='1393484.000000', node='ubuntu', metric='ram', subsystem=None)
Telemetry(timestamp='28.05.2023 14:44:05.111776', value='1.500000', node='ubuntu', metric='cpu', subsystem=None)
Telemetry(timestamp='28.05.2023 14:44:05.113364', value='8.000000', node='ubuntu', metric='tx', subsystem='enp0s25')
Telemetry(timestamp='28.05.2023 14:44:05.327918', value='3.000000', node='ubuntu', metric='rx', subsystem='enp0s25')
Telemetry(timestamp='28.05.2023 14:44:05.611118', value='0.000000', node='ubuntu', metric='cpu', subsystem=None)
Telemetry(timestamp='28.05.2023 14:44:05.611845', value='8.000000', node='ubuntu', metric='tx', subsystem='enp0s25')
Telemetry(timestamp='28.05.2023 14:44:05.847157', value='3.000000', node='ubuntu', metric='rx', subsystem='enp0s25')
Telemetry(timestamp='28.05.2023 14:44:06.110934', value='1393484.000000', node='ubuntu', metric='ram', subsystem=None)
Telemetry(timestamp='28.05.2023 14:44:06.111843', value='0.502513', node='ubuntu', metric='cpu', subsystem=None)
Telemetry(timestamp='28.05.2023 14:44:06.112304', value='8.000000', node='ubuntu', metric='tx', subsystem='enp0s25')
Telemetry(timestamp='28.05.2023 14:44:06.249554', value='3.000000', node='ubuntu', metric='rx', subsystem='enp0s25')
Telemetry(timestamp='28.05.2023 14:44:06.611335', value='0.502513', node='ubuntu', metric='cpu', subsystem=None)
Telemetry(timestamp='28.05.2023 14:44:06.611827', value='8.000000', node='ubuntu', metric='tx', subsystem='enp0s25')
Telemetry(timestamp='28.05.2023 14:44:06.744527', value='3.000000', node='ubuntu', metric='rx', subsystem='enp0s25')
Telemetry(timestamp='28.05.2023 14:44:07.110907', value='1393484.000000', node='ubuntu', metric='ram', subsystem=None)
Telemetry(timestamp='28.05.2023 14:44:07.111970', value='0.505051', node='ubuntu', metric='cpu', subsystem=None)
Telemetry(timestamp='28.05.2023 14:44:07.112203', value='8.000000', node='ubuntu', metric='tx', subsystem='enp0s25')
Telemetry(timestamp='28.05.2023 14:44:07.300339', value='3.000000', node='ubuntu', metric='rx', subsystem='enp0s25')
Telemetry(timestamp='28.05.2023 14:44:07.611859', value='4.020101', node='ubuntu', metric='cpu', subsystem=None)
Telemetry(timestamp='28.05.2023 14:44:07.612554', value='8.000000', node='ubuntu', metric='tx', subsystem='enp0s25')
Telemetry(timestamp='28.05.2023 14:44:07.776114', value='3.000000', node='ubuntu', metric='rx', subsystem='enp0s25')
Telemetry(timestamp='28.05.2023 14:44:08.111139', value='0.810000', node='ubuntu', metric='load1', subsystem=None)
Telemetry(timestamp='28.05.2023 14:44:08.111143', value='0.470000', node='ubuntu', metric='load5', subsystem=None)
Telemetry(timestamp='28.05.2023 14:44:08.111655', value='1.000000', node='ubuntu', metric='cpu', subsystem=None)
Telemetry(timestamp='28.05.2023 14:44:08.111731', value='1393484.000000', node='ubuntu', metric='ram', subsystem=None)
Telemetry(timestamp='28.05.2023 14:44:08.111956', value='8.000000', node='ubuntu', metric='tx', subsystem='enp0s25')
Telemetry(timestamp='28.05.2023 14:44:08.292174', value='3.000000', node='ubuntu', metric='rx', subsystem='enp0s25')
Telemetry(timestamp='28.05.2023 14:44:08.611752', value='0.505051', node='ubuntu', metric='cpu', subsystem=None)
Telemetry(timestamp='28.05.2023 14:44:08.612565', value='8.000000', node='ubuntu', metric='tx', subsystem='enp0s25')
Telemetry(timestamp='28.05.2023 14:44:08.810603', value='3.000000', node='ubuntu', metric='rx', subsystem='enp0s25')
Telemetry(timestamp='28.05.2023 14:44:09.111213', value='1393484.000000', node='ubuntu', metric='ram', subsystem=None)
Telemetry(timestamp='28.05.2023 14:44:09.111824', value='2.551020', node='ubuntu', metric='cpu', subsystem=None)
Telemetry(timestamp='28.05.2023 14:44:09.113348', value='9.000000', node='ubuntu', metric='tx', subsystem='enp0s25')
Telemetry(timestamp='28.05.2023 14:44:09.324322', value='3.000000', node='ubuntu', metric='rx', subsystem='enp0s25')
Telemetry(timestamp='28.05.2023 14:44:09.611282', value='1.010101', node='ubuntu', metric='cpu', subsystem=None)
Telemetry(timestamp='28.05.2023 14:44:09.612196', value='8.000000', node='ubuntu', metric='tx', subsystem='enp0s25')
Telemetry(timestamp='28.05.2023 14:44:09.760899', value='3.000000', node='ubuntu', metric='rx', subsystem='enp0s25')
Telemetry(timestamp='28.05.2023 14:44:10.111599', value='1393484.000000', node='ubuntu', metric='ram', subsystem=None)
Telemetry(timestamp='28.05.2023 14:44:10.112606', value='8.000000', node='ubuntu', metric='tx', subsystem='enp0s25')
Telemetry(timestamp='28.05.2023 14:44:10.112128', value='1.005025', node='ubuntu', metric='cpu', subsystem=None)
Telemetry(timestamp='28.05.2023 14:44:10.369353', value='3.000000', node='ubuntu', metric='rx', subsystem='enp0s25')
Telemetry(timestamp='28.05.2023 14:44:10.611829', value='0.507614', node='ubuntu', metric='cpu', subsystem=None)
Telemetry(timestamp='28.05.2023 14:44:10.612472', value='8.000000', node='ubuntu', metric='tx', subsystem='enp0s25')
Telemetry(timestamp='28.05.2023 14:44:10.754275', value='4.000000', node='ubuntu', metric='rx', subsystem='enp0s25')
Telemetry(timestamp='28.05.2023 14:44:11.111732', value='0.000000', node='ubuntu', metric='cpu', subsystem=None)
Telemetry(timestamp='28.05.2023 14:44:11.111990', value='1393472.000000', node='ubuntu', metric='ram', subsystem=None)