Telemetry(timestamp='28.05.2023 14:38:00.611551', value='0.505051', node='ubuntu', metric='cpu', subsystem=None)
Telemetry(timestamp='28.05.2023 14:38:00.612277', value='8.000000', node='ubuntu', metric='tx', subsystem='enp0s25')
Telemetry(timestamp='28.05.2023 14:38:00.763746', value='3.000000', node='ubuntu', metric='rx', subsystem='enp0s25')
Telemetry(timestamp='28.05.2023 14:38:01.111413', value='1282196.000000', node='ubuntu', metric='ram', subsystem=None)
Telemetry(timestamp='28.05.2023 14:38:01.112600', value='0.000000', node='ubuntu', metric='cpu', subsystem=None)
Telemetry(timestamp='28.05.2023 14:38:01.112867', value='8.000000', node='ubuntu', metric='tx', subsystem='enp0s25')
Telemetry(timestamp='28.05.2023 14:38:01.300660', value='3.000000', node='ubuntu', metric='rx', subsystem='enp0s25')
Telemetry(timestamp='28.05.2023 14:38:01.611726', value='0.000000', node='ubuntu', metric='cpu', subsystem=None)
Telemetry(timestamp='28.05.2023 14:38:01.612697', value='8.000000', node='ubuntu', metric='tx', subsystem='enp0s25')
Telemetry(timestamp='28.05.2023 14:38:01.787280', value='3.000000', node='ubuntu', metric='rx', subsystem='enp0s25')
Telemetry(timestamp='28.05.2023 14:38:02.111077', value='1282188.000000', node='ubuntu', metric='ram', subsystem=None)
Telemetry(timestamp='28.05.2023 14:38:02.112466', value='0.505051', node='ubuntu', metric='cpu', subsystem=None)
Telemetry(timestamp='28.05.2023 14:38:02.112670', value='9.000000', node='ubuntu', metric='tx', subsystem='enp0s25')
Telemetry(timestamp='28.05.2023 14:38:02.132938', value='4.000000', node='ubuntu', metric='rx', subsystem='enp0s25')
Telemetry(timestamp='28.05.2023 14:38:02.611494', value='3.045685', node='ubuntu', metric='cpu', subsystem=None)
Telemetry(timestamp='28.05.2023 14:38:02.613232', value='10.000000', node='ubuntu', metric='tx', subsystem='enp0s25')
Telemetry(timestamp='28.05.2023 14:38:02.696108', value='5.000000', node='ubuntu', metric='rx', subsystem='enp0s25')
Telemetry(timestamp='28.05.2023 14:38:03.110718', value='0.210000', node='ubuntu', metric='load5', subsystem=None)
Telemetry(timestamp='28.05.2023 14:38:03.110714', value='0.180000', node='ubuntu', metric='load1', subsystem=None)
Telemetry(timestamp='28.05.2023 14:38:03.111353', value='1282188.000000', node='ubuntu', metric='ram', subsystem=None)
Telemetry(timestamp='28.05.2023 14:38:03.112404', value='9.000000', node='ubuntu', metric='tx', subsystem='enp0s25')
Telemetry(timestamp='28.05.2023 14:38:03.113432', value='1.005025', node='ubuntu', metric='cpu', subsystem=None)
Telemetry(timestamp='28.05.2023 14:38:03.323792', value='4.000000', node='ubuntu', metric='rx', subsystem='enp0s25')
Telemetry(timestamp='28.05.2023 14:38:03.611949', value='9.000000', node='ubuntu', metric='tx', subsystem='enp0s25')
Telemetry(timestamp='28.05.2023 14:38:03.613191', value='1.005025', node='ubuntu', metric='cpu', subsystem=None)
Telemetry(timestamp='28.05.2023 14:38:03.677671', value='4.000000', node='ubuntu', metric='rx', subsystem='enp0s25')
Telemetry(timestamp='28.05.2023 14:38:04.111137', value='0.000000', node='ubuntu', metric='cpu', subsystem=None)
Telemetry(timestamp='28.05.2023 14:38:04.111221', value='1282188.000000', node='ubuntu', metric='ram', subsystem=None)
Telemetry(timestamp='28.05.2023 14:38:04.113319', value='9.000000', node='ubuntu', metric='tx', subsystem='enp0s25')
Telemetry(timestamp='28.05.2023 14:38:04.129196', value='5.000000', node='ubuntu', metric='rx', subsystem='enp0s25')
Telemetry(timestamp='28.05.2023 14:38:04.611418', value='0.502513', node='ubuntu', metric='cpu', subsystem=None)
Telemetry(timestamp='28.05.2023 14:38:04.612049', value='8.000000', node='ubuntu', metric='tx', subsystem='enp0s25')
Telemetry(timestamp='28.05.2023 14:38:04.634666', value='4.000000', node='ubuntu', metric='rx', subsystem='enp0s25')
Telemetry(timestamp='28.05.2023 14:38:05.111422', value='1282188.000000', node='ubuntu', metric='ram', subsystem=None)
Telemetry(timestamp='28.05.2023 14:38:05.112191', value='9.000000', node='ubuntu', metric='tx', subsystem='enp0s25')
Telemetry(timestamp='28.05.2023 14:38:05.113395', value='1.500000', node='ubuntu', metric='cpu', subsystem=None)
Telemetry(timestamp='28.05.2023 14:38:05.132470', value='4.000000', node='ubuntu', metric='rx', subsystem='enp0s25')
Telemetry(timestamp='28.05.2023 14:38:05.611473', value='1.500000', node='ubuntu', metric='cpu', subsystem=None)
Telemetry(timestamp='28.05.2023 14:38:05.613080', value='9.000000', node='ubuntu', metric='tx', subsystem='enp0s25')
Telemetry(timestamp='28.05.2023 14:38:05.787858', value='4.000000', node='ubuntu', metric='rx', subsystem='enp0s25')
Telemetry(timestamp='28.05.2023 14:38:06.111208', value='9.000000', node='ubuntu', metric='tx', subsystem='enp0s25')
Telemetry(timestamp='28.05.2023 14:38:06.111292', value='0.505051', node='ubuntu', metric='cpu', subsystem=None)
Telemetry(timestamp='28.05.2023 14:38:06.111619', value='1282188.000000', node='ubuntu', metric='ram', subsystem=None)
Telemetry(timestamp='28.05.2023 14:38:06.333011', value='4.000000', node='ubuntu', metric='rx', subsystem='enp0s25')
Telemetry(timestamp='28.05.2023 14:38:06.611743', value='0.000000', node='ubuntu', metric='cpu', subsystem=None)
Telemetry(timestamp='28.05.2023 14:38:06.612152', value='9.000000', node='ubuntu', metric='tx', subsystem='enp0s25')
Telemetry(timestamp='28.05.2023 14:38:06.730058', value='4.000000', node='ubuntu', metric='rx', subsystem='enp0s25')
Telemetry(timestamp='28.05.2023 14:38:07.112119', value='1300812.000000', node='ubuntu', metric='ram', subsystem=None)
Telemetry(timestamp='28.05.2023 14:38:07.112560', value='11.794872', node='ubuntu', metric='cpu', subsystem=None)
Telemetry(timestamp='28.05.2023 14:38:07.113228', value='9.000000', node='ubuntu', metric='tx', subsystem='enp0s25')
Telemetry(timestamp='28.05.2023 14:38:07.324908', value='4.000000', node='ubuntu', metric='rx', subsystem='enp0s25')
Telemetry(timestamp='28.05.2023 14:38:07.613541', value='8.000000', node='ubuntu', metric='tx', subsystem='enp0s25')
Telemetry(timestamp='28.05.2023 14:38:07.613624', value='4.081633', node='ubuntu', metric='cpu', subsystem=None)
Telemetry(timestamp='28.05.2023 14:38:07.831129', value='4.000000', node='ubuntu', metric='rx', subsystem='enp0s25')
Telemetry(timestamp='28.05.2023 14:38:08.111550', value='0.210000', node='ubuntu', metric='load5', subsystem=None)
Telemetry(timestamp='28.05.2023 14:38:08.111547', value='0.170000', node='ubuntu', metric='load1', subsystem=None)
Telemetry(timestamp='28.05.2023 14:38:08.111552', value='14.795918', node='ubuntu', metric='cpu', subsystem=None)
Telemetry(timestamp='28.05.2023 14:38:08.111879', value='1318704.000000', node='ubuntu', metric='ram', subsystem=None)
Telemetry(timestamp='28.05.2023 14:38:08.113437', value='12.000000', node='ubuntu', metric='tx', subsystem='enp0s25')
Telemetry(timestamp='28.05.2023 14:38:08.241962', value='153.000000', node='ubuntu', metric='rx', subsystem='enp0s25')
Telemetry(timestamp='28.05.2023 14:38:08.611915', value='2.590674', node='ubuntu', metric='cpu', subsystem=None)
Telemetry(timestamp='28.05.2023 14:38:08.612478', value='68.000000', node='ubuntu', metric='tx', subsystem='enp0s25')
Telemetry(timestamp='28.05.2023 14:38:08.751822', value='1717.000000', node='ubuntu', metric='rx', subsystem='enp0s25')
Telemetry(timestamp='28.05.2023 14:38:09.111862', value='1318704.000000', node='ubuntu', metric='ram', subsystem=None)
Telemetry(timestamp='28.05.2023 14:38:09.112478', value='105.000000', node='ubuntu', metric='tx', subsystem='enp0s25')
Telemetry(timestamp='28.05.2023 14:38:09.112955', value='6.878307', node='ubuntu', metric='cpu', subsystem=None)
Telemetry(timestamp='28.05.2023 14:38:09.293016', value='3469.000000', node='ubuntu', metric='rx', subsystem='enp0s25')
Telemetry(timestamp='28.05.2023 14:38:09.612061', value='1.595745', node='ubuntu', metric='cpu', subsystem=None)
Telemetry(timestamp='28.05.2023 14:38:09.612462', value='91.000000', node='ubuntu', metric='tx', subsystem='enp0s25')
Telemetry(timestamp='28.05.2023 14:38:09.775447', value='3846.000000', node='ubuntu', metric='rx', subsystem='enp0s25')
Telemetry(timestamp='28.05.2023 14:38:10.111980', value='3.645833', node='ubuntu', metric='cpu', subsystem=None)
Telemetry(timestamp='28.05.2023 14:38:10.112072', value='1318928.000000', node='ubuntu', metric='ram', subsystem=None)
Telemetry(timestamp='28.05.2023 14:38:10.113279', value='93.000000', node='ubuntu', metric='tx', subsystem='enp0s25')
Telemetry(timestamp='28.05.2023 14:38:10.285165', value='3957.000000', node='ubuntu', metric='rx', subsystem='enp0s25')
Telemetry(timestamp='28.05.2023 14:38:10.612990', value='3.626943', node='ubuntu', metric='cpu', subsystem=None)
Telemetry(timestamp='28.05.2023 14:38:10.613338', value='92.000000', node='ubuntu', metric='tx', subsystem='enp0s25')
Telemetry(timestamp='28.05.2023 14:38:10.803320', value='4025.000000', node='ubuntu', metric='rx', subsystem='enp0s25')
Telemetry(timestamp='28.05.2023 14:38:11.111352', value='2.105263', node='ubuntu', metric='cpu', subsystem=None)
Telemetry(timestamp='28.05.2023 14:38:11.111620', value='1318928.000000', node='ubuntu', metric='ram', subsystem=None)
Telemetry(timestamp='28.05.2023 14:38:11.114078', value='92.000000', node='ubuntu', metric='tx', subsystem='enp0s25')
Telemetry(timestamp='28.05.2023 14:38:11.314967', value='4072.000000', node='ubuntu', metric='rx', subsystem='enp0s25')
Telemetry(timestamp='28.05.2023 14:38:11.611838', value='2.617801', node='ubuntu', metric='cpu', subsystem=None)
Telemetry(timestamp='28.05.2023 14:38:11.611936', value='91.000000', node='ubuntu', metric='tx', subsystem='enp0s25')
Telemetry(timestamp='28.05.2023 14:38:11.819773', value='4038.000000', node='ubuntu', metric='rx', subsystem='enp0s25')
Telemetry(timestamp='28.05.2023 14:38:12.111860', value='1318928.000000', node='ubuntu', metric='ram', subsystem=None)
Telemetry(timestamp='28.05.2023 14:38:12.112331', value='2.617801', node='ubuntu', metric='cpu', subsystem=None)
Telemetry(timestamp='28.05.2023 14:38:12.112773', value='90.000000', node='ubuntu', metric='tx', subsystem='enp0s25')
Telemetry(timestamp='28.05.2023 14:38:12.230813', value='3949.000000', node='ubuntu', metric='rx', subsystem='enp0s25')
Telemetry(timestamp='28.05.2023 14:38:12.612168', value='5.820106', node='ubuntu', metric='cpu', subsystem=None)
Telemetry(timestamp='28.05.2023 14:38:12.613707', value='90.000000', node='ubuntu', metric='tx', subsystem='enp0s25')
Telemetry(timestamp='28.05.2023 14:38:12.755876', value='3836.000000', node='ubuntu', metric='rx', subsystem='enp0s25')
Telemetry(timestamp='28.05.2023 14:38:13.110872', value='0.150000', node='ubuntu', metric='load1', subsystem=None)
Telemetry(timestamp='28.05.2023 14:38:13.110901', value='0.200000', node='ubuntu', metric='load5', subsystem=None)
Telemetry(timestamp='28.05.2023 14:38:13.111112', value='1318924.000000', node='ubuntu', metric='ram', subsystem=None)
Telemetry(timestamp='28.05.2023 14:38:13.111716', value='3.141361', node='ubuntu', metric='cpu', subsystem=None)
Telemetry(timestamp='28.05.2023 14:38:13.113448', value='90.000000', node='ubuntu', metric='tx', subsystem='enp0s25')
Telemetry(timestamp='28.05.2023 14:38:13.259156', value='3862.000000', node='ubuntu', metric='rx', subsystem='enp0s25')
Telemetry(timestamp='28.05.2023 14:38:13.611582', value='2.617801', node='ubuntu', metric='cpu', subsystem=None)
Telemetry(timestamp='28.05.2023 14:38:13.612413', value='91.000000', node='ubuntu', metric='tx', subsystem='enp0s25')
Telemetry(timestamp='28.05.2023 14:38:13.725122', value='3993.000000', node='ubuntu', metric='rx', subsystem='enp0s25')
Telemetry(timestamp='28.05.2023 14:38:14.110732', value='1337812.000000', node='ubuntu', metric='ram', subsystem=None)
Telemetry(timestamp='28.05.2023 14:38:14.112722', value='54.000000', node='ubuntu', metric='tx', subsystem='enp0s25')
Telemetry(timestamp='28.05.2023 14:38:14.112701', value='23.618090', node='ubuntu', metric='cpu', subsystem=None)
Telemetry(timestamp='28.05.2023 14:38:14.303882', value='2142.000000', node='ubuntu', metric='rx', subsystem='enp0s25')
Telemetry(timestamp='28.05.2023 14:38:14.612129', value='43.216080', node='ubuntu', metric='cpu', subsystem=None)
Telemetry(timestamp='28.05.2023 14:38:14.613254', value='12.000000', node='ubuntu', metric='tx', subsystem='enp0s25')
Telemetry(timestamp='28.05.2023 14:38:14.692703', value='132.000000', node='ubuntu', metric='rx', subsystem='enp0s25')
Telemetry(timestamp='28.05.2023 14:38:15.111162', value='8.000000', node='ubuntu', metric='tx', subsystem='enp0s25')
Telemetry(timestamp='28.05.2023 14:38:15.111489', value='1355956.000000', node='ubuntu', metric='ram', subsystem=None)
Telemetry(timestamp='28.05.2023 14:38:15.112226', value='50.251256', node='ubuntu', metric='cpu', subsystem=None)
Telemetry(timestamp='28.05.2023 14:38:15.297196', value='7.000000', node='ubuntu', metric='rx', subsystem='enp0s25')
Telemetry(timestamp='28.05.2023 14:38:15.611677', value='26.500000', node='ubuntu', metric='cpu', subsystem=None)
Telemetry(timestamp='28.05.2023 14:38:15.612144', value='8.000000', node='ubuntu', metric='tx', subsystem='enp0s25')
Telemetry(timestamp='28.05.2023 14:38:15.638015', value='7.000000', node='ubuntu', metric='rx', subsystem='enp0s25')
Telemetry(timestamp='28.05.2023 14:38:16.110685', value='1368648.000000', node='ubuntu', metric='ram', subsystem=None)
Telemetry(timestamp='28.05.2023 14:38:16.112524', value='25.870647', node='ubuntu', metric='cpu', subsystem=None)
Telemetry(timestamp='28.05.2023 14:38:16.112592', value='8.000000', node='ubuntu', metric='tx', subsystem='enp0s25')
Telemetry(timestamp='28.05.2023 14:38:16.361983', value='3.000000', node='ubuntu', metric='rx', subsystem='enp0s25')
Telemetry(timestamp='28.05.2023 14:38:16.611073', value='25.500000', node='ubuntu', metric='cpu', subsystem=None)
Telemetry(timestamp='28.05.2023 14:38:16.612559', value='9.000000', node='ubuntu', metric='tx', subsystem='enp0s25')
Telemetry(timestamp='28.05.2023 14:38:16.736151', value='4.000000', node='ubuntu', metric='rx', subsystem='enp0s25')
Telemetry(timestamp='28.05.2023 14:38:17.110804', value='1389312.000000', node='ubuntu', metric='ram', subsystem=None)
Telemetry(timestamp='28.05.2023 14:38:17.111327', value='26.237624', node='ubuntu', metric='cpu', subsystem=None)
Telemetry(timestamp='28.05.2023 14:38:17.111083', value='9.000000', node='ubuntu', metric='tx', subsystem='enp0s25')
Telemetry(timestamp='28.05.2023 14:38:17.260760', value='4.000000', node='ubuntu', metric='rx', subsystem='enp0s25')
Telemetry(timestamp='28.05.2023 14:38:17.611707', value='38.693467', node='ubuntu', metric='cpu', subsystem=None)
Telemetry(timestamp='28.05.2023 14:38:17.611841', value='9.000000', node='ubuntu', metric='tx', subsystem='enp0s25')
Telemetry(timestamp='28.05.2023 14:38:17.757860', value='4.000000', node='ubuntu', metric='rx', subsystem='enp0s25')
Telemetry(timestamp='28.05.2023 14:38:18.111250', value='4.000000', node='ubuntu', metric='rx', subsystem='enp0s25')
Telemetry(timestamp='28.05.2023 14:38:18.111248', value='9.000000', node='ubuntu', metric='tx', subsystem='enp0s25')
Telemetry(timestamp='28.05.2023 14:38:18.111542', value='0.220000', node='ubuntu', metric='load1', subsystem=None)
Telemetry(timestamp='28.05.2023 14:38:18.111641', value='1389312.000000', node='ubuntu', metric='ram', subsystem=None)
Telemetry(timestamp='28.05.2023 14:38:18.112334', value='50.251256', node='ubuntu', metric='cpu', subsystem=None)
Telemetry(timestamp='28.05.2023 14:38:18.274374', value='0.220000', node='ubuntu', metric='load5', subsystem=None)
Telemetry(timestamp='28.05.2023 14:38:18.612754', value='31.155779', node='ubuntu', metric='cpu', subsystem=None)
Telemetry(timestamp='28.05.2023 14:38:18.612803', value='8.000000', node='ubuntu', metric='tx', subsystem='enp0s25')
Telemetry(timestamp='28.05.2023 14:38:18.774867', value='4.000000', node='ubuntu', metric='rx', subsystem='enp0s25')
Telemetry(timestamp='28.05.2023 14:38:19.111395', value='25.757576', node='ubuntu', metric='cpu', subsystem=None)
Telemetry(timestamp='28.05.2023 14:38:19.111603', value='1385332.000000', node='ubuntu', metric='ram', subsystem=None)
Telemetry(timestamp='28.05.2023 14:38:19.112988', value='9.000000', node='ubuntu', metric='tx', subsystem='enp0s25')
Telemetry(timestamp='28.05.2023 14:38:19.298390', value='4.000000', node='ubuntu', metric='rx', subsystem='enp0s25')
Telemetry(timestamp='28.05.2023 14:38:19.611391', value='25.000000', node='ubuntu', metric='cpu', subsystem=None)
Telemetry(timestamp='28.05.2023 14:38:19.611741', value='8.000000', node='ubuntu', metric='tx', subsystem='enp0s25')
Telemetry(timestamp='28.05.2023 14:38:19.816404', value='3.000000', node='ubuntu', metric='rx', subsystem='enp0s25')
Telemetry(timestamp='28.05.2023 14:38:20.111110', value='1385300.000000', node='ubuntu', metric='ram', subsystem=None)
Telemetry(timestamp='28.05.2023 14:38:20.111562', value='8.000000', node='ubuntu', metric='tx', subsystem='enp0s25')
Telemetry(timestamp='28.05.2023 14:38:20.111637', value='25.125628', node='ubuntu', metric='cpu', subsystem=None)
Telemetry(timestamp='28.05.2023 14:38:20.361478', value='3.000000', node='ubuntu', metric='rx', subsystem='enp0s25')
Telemetry(timestamp='28.05.2023 14:38:20.611666', value='34.500000', node='ubuntu', metric='cpu', subsystem=None)
Telemetry(timestamp='28.05.2023 14:38:20.612853', value='9.000000', node='ubuntu', metric='tx', subsystem='enp0s25')
Telemetry(timestamp='28.05.2023 14:38:20.727561', value='4.000000', node='ubuntu', metric='rx', subsystem='enp0s25')
Telemetry(timestamp='28.05.2023 14:38:21.110764', value='1385300.000000', node='ubuntu', metric='ram', subsystem=None)
Telemetry(timestamp='28.05.2023 14:38:21.111434', value='50.500000', node='ubuntu', metric='cpu', subsystem=None)
Telemetry(timestamp='28.05.2023 14:38:21.111753', value='9.000000', node='ubuntu', metric='tx', subsystem='enp0s25')
Telemetry(timestamp='28.05.2023 14:38:21.253739', value='4.000000', node='ubuntu', metric='rx', subsystem='enp0s25')
Telemetry(timestamp='28.05.2023 14:38:21.610993', value='34.848485', node='ubuntu', metric='cpu', subsystem=None)
Telemetry(timestamp='28.05.2023 14:38:21.612491', value='8.000000', node='ubuntu', metric='tx', subsystem='enp0s25')
Telemetry(timestamp='28.05.2023 14:38:21.753607', value='3.000000', node='ubuntu', metric='rx', subsystem='enp0s25')
Telemetry(timestamp='28.05.2023 14:38:22.110646', value='1386988.000000', node='ubuntu', metric='ram', subsystem=None)
Telemetry(timestamp='28.05.2023 14:38:22.111634', value='8.000000', node='ubuntu', metric='tx', subsystem='enp0s25')
Telemetry(timestamp='28.05.2023 14:38:22.111638', value='25.742574', node='ubuntu', metric='cpu', subsystem=None)
Telemetry(timestamp='28.05.2023 14:38:22.269838', value='3.000000', node='ubuntu', metric='rx', subsystem='enp0s25')
Telemetry(timestamp='28.05.2023 14:38:22.610702', value='25.888325', node='ubuntu', metric='cpu', subsystem=None)
Telemetry(timestamp='28.05.2023 14:38:22.612077', value='8.000000', node='ubuntu', metric='tx', subsystem='enp0s25')
Telemetry(timestamp='28.05.2023 14:38:22.779596', value='3.000000', node='ubuntu', metric='rx', subsystem='enp0s25')
Telemetry(timestamp='28.05.2023 14:38:23.111351', value='8.000000', node='ubuntu', metric='tx', subsystem='enp0s25')
Telemetry(timestamp='28.05.2023 14:38:23.111435', value='25.000000', node='ubuntu', metric='cpu', subsystem=None)
Telemetry(timestamp='28.05.2023 14:38:23.111526', value='0.280000', node='ubuntu', metric='load1', subsystem=None)
Telemetry(timestamp='28.05.2023 14:38:23.111704', value='1385024.000000', node='ubuntu', metric='ram', subsystem=None)
Telemetry(timestamp='28.05.2023 14:38:23.285444', value='3.000000', node='ubuntu', metric='rx', subsystem='enp0s25')
Telemetry(timestamp='28.05.2023 14:38:23.296910', value='0.230000', node='ubuntu', metric='load5', subsystem=None)
Telemetry(timestamp='28.05.2023 14:38:23.611070', value='9.000000', node='ubuntu', metric='tx', subsystem='enp0s25')
Telemetry(timestamp='28.05.2023 14:38:23.612387', value='29.797980', node='ubuntu', metric='cpu', subsystem=None)
Telemetry(timestamp='28.05.2023 14:38:23.698518', value='4.000000', node='ubuntu', metric='rx', subsystem='enp0s25')
Telemetry(timestamp='28.05.2023 14:38:24.111223', value='1385024.000000', node='ubuntu', metric='ram', subsystem=None)
Telemetry(timestamp='28.05.2023 14:38:24.112195', value='50.251256', node='ubuntu', metric='cpu', subsystem=None)
Telemetry(timestamp='28.05.2023 14:38:24.112256', value='9.000000', node='ubuntu', metric='tx', subsystem='enp0s25')
Telemetry(timestamp='28.05.2023 14:38:24.324886', value='4.000000', node='ubuntu', metric='rx', subsystem='enp0s25')
Telemetry(timestamp='28.05.2023 14:38:24.611574', value='8.000000', node='ubuntu', metric='tx', subsystem='enp0s25')
Telemetry(timestamp='28.05.2023 14:38:24.611557', value='39.195980', node='ubuntu', metric='cpu', subsystem=None)
Telemetry(timestamp='28.05.2023 14:38:24.825380', value='3.000000', node='ubuntu', metric='rx', subsystem='enp0s25')
Telemetry(timestamp='28.05.2023 14:38:25.111296', value='1388312.000000', node='ubuntu', metric='ram', subsystem=None)
Telemetry(timestamp='28.05.2023 14:38:25.111734', value='8.000000', node='ubuntu', metric='tx', subsystem='enp0s25')
Telemetry(timestamp='28.05.2023 14:38:25.111901', value='25.125628', node='ubuntu', metric='cpu', subsystem=None)
Telemetry(timestamp='28.05.2023 14:38:25.245203', value='3.000000', node='ubuntu', metric='rx', subsystem='enp0s25')
Telemetry(timestamp='28.05.2023 14:38:25.612554', value='25.373134', node='ubuntu', metric='cpu', subsystem=None)
Telemetry(timestamp='28.05.2023 14:38:25.612590', value='8.000000', node='ubuntu', metric='tx', subsystem='enp0s25')
Telemetry(timestamp='28.05.2023 14:38:25.748841', value='3.000000', node='ubuntu', metric='rx', subsystem='enp0s25')
Telemetry(timestamp='28.05.2023 14:38:26.111207', value='1388560.000000', node='ubuntu', metric='ram', subsystem=None)
Telemetry(timestamp='28.05.2023 14:38:26.111719', value='25.500000', node='ubuntu', metric='cpu', subsystem=None)
Telemetry(timestamp='28.05.2023 14:38:26.111853', value='8.000000', node='ubuntu', metric='tx', subsystem='enp0s25')
Telemetry(timestamp='28.05.2023 14:38:26.263691', value='3.000000', node='ubuntu', metric='rx', subsystem='enp0s25')
Telemetry(timestamp='28.05.2023 14:38:26.612258', value='26.500000', node='ubuntu', metric='cpu', subsystem=None)
Telemetry(timestamp='28.05.2023 14:38:26.612402', value='9.000000', node='ubuntu', metric='tx', subsystem='enp0s25')
Telemetry(timestamp='28.05.2023 14:38:26.790549', value='4.000000', node='ubuntu', metric='rx', subsystem='enp0s25')
Telemetry(timestamp='28.05.2023 14:38:27.111312', value='50.500000', node='ubuntu', metric='cpu', subsystem=None)
Telemetry(timestamp='28.05.2023 14:38:27.111596', value='9.000000', node='ubuntu', metric='tx', subsystem='enp0s25')
Telemetry(timestamp='28.05.2023 14:38:27.111986', value='1388812.000000', node='ubuntu', metric='ram', subsystem=None)
Telemetry(timestamp='28.05.2023 14:38:27.284139', value='4.000000', node='ubuntu', metric='rx', subsystem='enp0s25')
Telemetry(timestamp='28.05.2023 14:38:27.611180', value='8.000000', node='ubuntu', metric='tx', subsystem='enp0s25')
Telemetry(timestamp='28.05.2023 14:38:27.613347', value='43.718593', node='ubuntu', metric='cpu', subsystem=None)
Telemetry(timestamp='28.05.2023 14:38:27.799090', value='3.000000', node='ubuntu', metric='rx', subsystem='enp0s25')
Telemetry(timestamp='28.05.2023 14:38:28.111066', value='1391880.000000', node='ubuntu', metric='ram', subsystem=None)
Telemetry(timestamp='28.05.2023 14:38:28.111006', value='25.628141', node='ubuntu', metric='cpu', subsystem=None)
Telemetry(timestamp='28.05.2023 14:38:28.111135', value='0.420000', node='ubuntu', metric='load1', subsystem=None)
Telemetry(timestamp='28.05.2023 14:38:28.113143', value='8.000000', node='ubuntu', metric='tx', subsystem='enp0s25')
Telemetry(timestamp='28.05.2023 14:38:28.299412', value='0.260000', node='ubuntu', metric='load5', subsystem=None)
Telemetry(timestamp='28.05.2023 14:38:28.324460', value='3.000000', node='ubuntu', metric='rx', subsystem='enp0s25')
Telemetry(timestamp='28.05.2023 14:38:28.611100', value='25.500000', node='ubuntu', metric='cpu', subsystem=None)
Telemetry(timestamp='28.05.2023 14:38:28.611730', value='8.000000', node='ubuntu', metric='tx', subsystem='enp0s25')
Telemetry(timestamp='28.05.2023 14:38:28.827526', value='4.000000', node='ubuntu', metric='rx', subsystem='enp0s25')
Telemetry(timestamp='28.05.2023 14:38:29.110741', value='1392036.000000', node='ubuntu', metric='ram', subsystem=None)
Telemetry(timestamp='28.05.2023 14:38:29.111456', value='27.000000', node='ubuntu', metric='cpu', subsystem=None)
Telemetry(timestamp='28.05.2023 14:38:29.111555', value='9.000000', node='ubuntu', metric='tx', subsystem='enp0s25')
Telemetry(timestamp='28.05.2023 14:38:29.235515', value='4.000000', node='ubuntu', metric='rx', subsystem='enp0s25')
Telemetry(timestamp='28.05.2023 14:38:29.610910', value='25.125628', node='ubuntu', metric='cpu', subsystem=None)
Telemetry(timestamp='28.05.2023 14:38:29.612443', value='9.000000', node='ubuntu', metric='tx', subsystem='enp0s25')
Telemetry(timestamp='28.05.2023 14:38:29.622009', value='3.000000', node='ubuntu', metric='rx', subsystem='enp0s25')
Telemetry(timestamp='28.05.2023 14:38:30.110708', value='1392036.000000', node='ubuntu', metric='ram', subsystem=None)
Telemetry(timestamp='28.05.2023 14:38:30.111209', value='46.500000', node='ubuntu', metric='cpu', subsystem=None)
Telemetry(timestamp='28.05.2023 14:38:30.111589', value='9.000000', node='ubuntu', metric='tx', subsystem='enp0s25')
Telemetry(timestamp='28.05.2023 14:38:30.250683', value='4.000000', node='ubuntu', metric='rx', subsystem='enp0s25')
Telemetry(timestamp='28.05.2023 14:38:30.611003', value='47.236181', node='ubuntu', metric='cpu', subsystem=None)
Telemetry(timestamp='28.05.2023 14:38:30.612266', value='8.000000', node='ubuntu', metric='tx', subsystem='enp0s25')
Telemetry(timestamp='28.05.2023 14:38:30.775825', value='3.000000', node='ubuntu', metric='rx', subsystem='enp0s25')
Telemetry(timestamp='28.05.2023 14:38:31.110989', value='25.500000', node='ubuntu', metric='cpu', subsystem=None)
Telemetry(timestamp='28.05.2023 14:38:31.111288', value='8.000000', node='ubuntu', metric='tx', subsystem='enp0s25')
Telemetry(timestamp='28.05.2023 14:38:31.111729', value='1392640.000000', node='ubuntu', metric='ram', subsystem=None)
Telemetry(timestamp='28.05.2023 14:38:31.276194', value='3.000000', node='ubuntu', metric='rx', subsystem='enp0s25')
Telemetry(timestamp='28.05.2023 14:38:31.611514', value='8.000000', node='ubuntu', metric='tx', subsystem='enp0s25')
Telemetry(timestamp='28.05.2023 14:38:31.612047', value='25.870647', node='ubuntu', metric='cpu', subsystem=None)
Telemetry(timestamp='28.05.2023 14:38:31.788426', value='4.000000', node='ubuntu', metric='rx', subsystem='enp0s25')
Telemetry(timestamp='28.05.2023 14:38:32.111536', value='9.000000', node='ubuntu', metric='tx', subsystem='enp0s25')
Telemetry(timestamp='28.05.2023 14:38:32.111577', value='1392884.000000', node='ubuntu', metric='ram', subsystem=None)
Telemetry(timestamp='28.05.2023 14:38:32.111637', value='25.125628', node='ubuntu', metric='cpu', subsystem=None)
Telemetry(timestamp='28.05.2023 14:38:32.117416', value='4.000000', node='ubuntu', metric='rx', subsystem='enp0s25')
Telemetry(timestamp='28.05.2023 14:38:32.611627', value='25.757576', node='ubuntu', metric='cpu', subsystem=None)
Telemetry(timestamp='28.05.2023 14:38:32.612972', value='9.000000', node='ubuntu', metric='tx', subsystem='enp0s25')
Telemetry(timestamp='28.05.2023 14:38:32.731668', value='4.000000', node='ubuntu', metric='rx', subsystem='enp0s25')
Telemetry(timestamp='28.05.2023 14:38:33.111475', value='0.470000', node='ubuntu', metric='load1', subsystem=None)
Telemetry(timestamp='28.05.2023 14:38:33.111477', value='0.270000', node='ubuntu', metric='load5', subsystem=None)
Telemetry(timestamp='28.05.2023 14:38:33.111583', value='42.500000', node='ubuntu', metric='cpu', subsystem=None)
Telemetry(timestamp='28.05.2023 14:38:33.111688', value='1393136.000000', node='ubuntu', metric='ram', subsystem=None)
Telemetry(timestamp='28.05.2023 14:38:33.112442', value='9.000000', node='ubuntu', metric='tx', subsystem='enp0s25')
Telemetry(timestamp='28.05.2023 14:38:33.322891', value='4.000000', node='ubuntu', metric='rx', subsystem='enp0s25')
Telemetry(timestamp='28.05.2023 14:38:33.612644', value='50.251256', node='ubuntu', metric='cpu', subsystem=None)
Telemetry(timestamp='28.05.2023 14:38:33.612850', value='9.000000', node='ubuntu', metric='tx', subsystem='enp0s25')
Telemetry(timestamp='28.05.2023 14:38:33.746225', value='4.000000', node='ubuntu', metric='rx', subsystem='enp0s25')
Telemetry(timestamp='28.05.2023 14:38:34.111484', value='26.865672', node='ubuntu', metric='cpu', subsystem=None)
Telemetry(timestamp='28.05.2023 14:38:34.111581', value='1388728.000000', node='ubuntu', metric='ram', subsystem=None)
Telemetry(timestamp='28.05.2023 14:38:34.112566', value='9.000000', node='ubuntu', metric='tx', subsystem='enp0s25')
Telemetry(timestamp='28.05.2023 14:38:34.251284', value='4.000000', node='ubuntu', metric='rx', subsystem='enp0s25')
Telemetry(timestamp='28.05.2023 14:38:34.611995', value='24.747475', node='ubuntu', metric='cpu', subsystem=None)
Telemetry(timestamp='28.05.2023 14:38:34.612135', value='8.000000', node='ubuntu', metric='tx', subsystem='enp0s25')
Telemetry(timestamp='28.05.2023 14:38:34.769042', value='3.000000', node='ubuntu', metric='rx', subsystem='enp0s25')
Telemetry(timestamp='28.05.2023 14:38:35.111152', value='25.500000', node='ubuntu', metric='cpu', subsystem=None)
Telemetry(timestamp='28.05.2023 14:38:35.111323', value='1388852.000000', node='ubuntu', metric='ram', subsystem=None)
Telemetry(timestamp='28.05.2023 14:38:35.112110', value='8.000000', node='ubuntu', metric='tx', subsystem='enp0s25')
Telemetry(timestamp='28.05.2023 14:38:35.286176', value='3.000000', node='ubuntu', metric='rx', subsystem='enp0s25')
Telemetry(timestamp='28.05.2023 14:38:35.611257', value='8.000000', node='ubuntu', metric='tx', subsystem='enp0s25')
Telemetry(timestamp='28.05.2023 14:38:35.611474', value='25.500000', node='ubuntu', metric='cpu', subsystem=None)
Telemetry(timestamp='28.05.2023 14:38:35.775425', value='3.000000', node='ubuntu', metric='rx', subsystem='enp0s25')
Telemetry(timestamp='28.05.2023 14:38:36.111131', value='1388844.000000', node='ubuntu', metric='ram', subsystem=None)
Telemetry(timestamp='28.05.2023 14:38:36.112073', value='9.000000', node='ubuntu', metric='tx', subsystem='enp0s25')
Telemetry(timestamp='28.05.2023 14:38:36.112116', value='37.878788', node='ubuntu', metric='cpu', subsystem=None)
Telemetry(timestamp='28.05.2023 14:38:36.318514', value='4.000000', node='ubuntu', metric='rx', subsystem='enp0s25')
Telemetry(timestamp='28.05.2023 14:38:36.611382', value='50.251256', node='ubuntu', metric='cpu', subsystem=None)
Telemetry(timestamp='28.05.2023 14:38:36.612008', value='8.000000', node='ubuntu', metric='tx', subsystem='enp0s25')
Telemetry(timestamp='28.05.2023 14:38:36.811051', value='4.000000', node='ubuntu', metric='rx', subsystem='enp0s25')
Telemetry(timestamp='28.05.2023 14:38:37.110651', value='1387444.000000', node='ubuntu', metric='ram', subsystem=None)
Telemetry(timestamp='28.05.2023 14:38:37.112666', value='31.000000', node='ubuntu', metric='cpu', subsystem=None)
Telemetry(timestamp='28.05.2023 14:38:37.112706', value='8.000000', node='ubuntu', metric='tx', subsystem='enp0s25')
Telemetry(timestamp='28.05.2023 14:38:37.221880', value='4.000000', node='ubuntu', metric='rx', subsystem='enp0s25')
Telemetry(timestamp='28.05.2023 14:38:37.612011', value='25.757576', node='ubuntu', metric='cpu', subsystem=None)
Telemetry(timestamp='28.05.2023 14:38:37.612114', value='8.000000', node='ubuntu', metric='tx', subsystem='enp0s25')
Telemetry(timestamp='28.05.2023 14:38:37.730544', value='4.000000', node='ubuntu', metric='rx', subsystem='enp0s25')
Telemetry(timestamp='28.05.2023 14:38:38.111449', value='25.000000', node='ubuntu', metric='cpu', subsystem=None)
Telemetry(timestamp='28.05.2023 14:38:38.111576', value='8.000000', node='ubuntu', metric='tx', subsystem='enp0s25')
Telemetry(timestamp='28.05.2023 14:38:38.111633', value='1385504.000000', node='ubuntu', metric='ram', subsystem=None)
Telemetry(timestamp='28.05.2023 14:38:38.111677', value='0.510000', node='ubuntu', metric='load1', subsystem=None)
Telemetry(timestamp='28.05.2023 14:38:38.237581', value='3.000000', node='ubuntu', metric='rx', subsystem='enp0s25')
Telemetry(timestamp='28.05.2023 14:38:38.248643', value='0.290000', node='ubuntu', metric='load5', subsystem=None)
Telemetry(timestamp='28.05.2023 14:38:38.611006', value='8.000000', node='ubuntu', metric='tx', subsystem='enp0s25')
Telemetry(timestamp='28.05.2023 14:38:38.612383', value='25.628141', node='ubuntu', metric='cpu', subsystem=None)
Telemetry(timestamp='28.05.2023 14:38:38.750869', value='4.000000', node='ubuntu', metric='rx', subsystem='enp0s25')
Telemetry(timestamp='28.05.2023 14:38:39.111288', value='36.318408', node='ubuntu', metric='cpu', subsystem=None)
Telemetry(timestamp='28.05.2023 14:38:39.111475', value='1388024.000000', node='ubuntu', metric='ram', subsystem=None)
Telemetry(timestamp='28.05.2023 14:38:39.112809', value='9.000000', node='ubuntu', metric='tx', subsystem='enp0s25')
Telemetry(timestamp='28.05.2023 14:38:39.119819', value='4.000000', node='ubuntu', metric='rx', subsystem='enp0s25')
Telemetry(timestamp='28.05.2023 14:38:39.612159', value='50.753769', node='ubuntu', metric='cpu', subsystem=None)
Telemetry(timestamp='28.05.2023 14:38:39.612229', value='9.000000', node='ubuntu', metric='tx', subsystem='enp0s25')
Telemetry(timestamp='28.05.2023 14:38:39.677548', value='4.000000', node='ubuntu', metric='rx', subsystem='enp0s25')
Telemetry(timestamp='28.05.2023 14:38:40.110765', value='1390140.000000', node='ubuntu', metric='ram', subsystem=None)
Telemetry(timestamp='28.05.2023 14:38:40.110824', value='35.000000', node='ubuntu', metric='cpu', subsystem=None)
Telemetry(timestamp='28.05.2023 14:38:40.113835', value='8.000000', node='ubuntu', metric='tx', subsystem='enp0s25')
Telemetry(timestamp='28.05.2023 14:38:40.296021', value='4.000000', node='ubuntu', metric='rx', subsystem='enp0s25')
Telemetry(timestamp='28.05.2023 14:38:40.611275', value='25.125628', node='ubuntu', metric='cpu', subsystem=None)
Telemetry(timestamp='28.05.2023 14:38:40.611313', value='8.000000', node='ubuntu', metric='tx', subsystem='enp0s25')
Telemetry(timestamp='28.05.2023 14:38:40.792447', value='4.000000', node='ubuntu', metric='rx', subsystem='enp0s25')
Telemetry(timestamp='28.05.2023 14:38:41.111720', value='25.125628', node='ubuntu', metric='cpu', subsystem=None)
Telemetry(timestamp='28.05.2023 14:38:41.111811', value='8.000000', node='ubuntu', metric='tx', subsystem='enp0s25')
Telemetry(timestamp='28.05.2023 14:38:41.111905', value='1390296.000000', node='ubuntu', metric='ram', subsystem=None)
Telemetry(timestamp='28.05.2023 14:38:41.358013', value='3.000000', node='ubuntu', metric='rx', subsystem='enp0s25')
Telemetry(timestamp='28.05.2023 14:38:41.611434', value='25.000000', node='ubuntu', metric='cpu', subsystem=None)
Telemetry(timestamp='28.05.2023 14:38:41.612597', value='8.000000', node='ubuntu', metric='tx', subsystem='enp0s25')
Telemetry(timestamp='28.05.2023 14:38:41.824274', value='3.000000', node='ubuntu', metric='rx', subsystem='enp0s25')
Telemetry(timestamp='28.05.2023 14:38:42.111197', value='1390296.000000', node='ubuntu', metric='ram', subsystem=None)
Telemetry(timestamp='28.05.2023 14:38:42.112046', value='30.303030', node='ubuntu', metric='cpu', subsystem=None)
Telemetry(timestamp='28.05.2023 14:38:42.112175', value='9.000000', node='ubuntu', metric='tx', subsystem='enp0s25')
Telemetry(timestamp='28.05.2023 14:38:42.138298', value='3.000000', node='ubuntu', metric='rx', subsystem='enp0s25')
Telemetry(timestamp='28.05.2023 14:38:42.612123', value='51.010101', node='ubuntu', metric='cpu', subsystem=None)
Telemetry(timestamp='28.05.2023 14:38:42.612329', value='9.000000', node='ubuntu', metric='tx', subsystem='enp0s25')
Telemetry(timestamp='28.05.2023 14:38:42.776918', value='4.000000', node='ubuntu', metric='rx', subsystem='enp0s25')
Telemetry(timestamp='28.05.2023 14:38:43.110538', value='0.310000', node='ubuntu', metric='load5', subsystem=None)
Telemetry(timestamp='28.05.2023 14:38:43.110536', value='0.630000', node='ubuntu', metric='load1', subsystem=None)
Telemetry(timestamp='28.05.2023 14:38:43.110914', value='39.800995', node='ubuntu', metric='cpu', subsystem=None)
Telemetry(timestamp='28.05.2023 14:38:43.111017', value='1401972.000000', node='ubuntu', metric='ram', subsystem=None)
Telemetry(timestamp='28.05.2023 14:38:43.112514', value='8.000000', node='ubuntu', metric='tx', subsystem='enp0s25')
Telemetry(timestamp='28.05.2023 14:38:43.266135', value='4.000000', node='ubuntu', metric='rx', subsystem='enp0s25')
Telemetry(timestamp='28.05.2023 14:38:43.611489', value='25.125628', node='ubuntu', metric='cpu', subsystem=None)
Telemetry(timestamp='28.05.2023 14:38:43.611897', value='8.000000', node='ubuntu', metric='tx', subsystem='enp0s25')
Telemetry(timestamp='28.05.2023 14:38:43.774788', value='4.000000', node='ubuntu', metric='rx', subsystem='enp0s25')
Telemetry(timestamp='28.05.2023 14:38:44.111541', value='8.000000', node='ubuntu', metric='tx', subsystem='enp0s25')
Telemetry(timestamp='28.05.2023 14:38:44.111748', value='25.125628', node='ubuntu', metric='cpu', subsystem=None)
Telemetry(timestamp='28.05.2023 14:38:44.111861', value='1389284.000000', node='ubuntu', metric='ram', subsystem=None)
Telemetry(timestamp='28.05.2023 14:38:44.275581', value='3.000000', node='ubuntu', metric='rx', subsystem='enp0s25')
Telemetry(timestamp='28.05.2023 14:38:44.612492', value='25.000000', node='ubuntu', metric='cpu', subsystem=None)
Telemetry(timestamp='28.05.2023 14:38:44.612656', value='8.000000', node='ubuntu', metric='tx', subsystem='enp0s25')
Telemetry(timestamp='28.05.2023 14:38:44.807548', value='3.000000', node='ubuntu', metric='rx', subsystem='enp0s25')
Telemetry(timestamp='28.05.2023 14:38:45.111468', value='13.567839', node='ubuntu', metric='cpu', subsystem=None)
Telemetry(timestamp='28.05.2023 14:38:45.111767', value='1307236.000000', node='ubuntu', metric='ram', subsystem=None)
Telemetry(timestamp='28.05.2023 14:38:45.112454', value='9.000000', node='ubuntu', metric='tx', subsystem='enp0s25')
Telemetry(timestamp='28.05.2023 14:38:45.315254', value='7.000000', node='ubuntu', metric='rx', subsystem='enp0s25')
Telemetry(timestamp='28.05.2023 14:38:45.611662', value='9.000000', node='ubuntu', metric='tx', subsystem='enp0s25')
Telemetry(timestamp='28.05.2023 14:38:45.612022', value='0.505051', node='ubuntu', metric='cpu', subsystem=None)