Downloading file
args: ["main"]
Value of STORAGE_IP: 192.168.0.213:8888
Downloading file file_60M.txt
GET
Status: 200 OK
Connecting at 2023-05-29T17:49:17.261019950Z

Received at 2023-05-29T17:49:17.471182206Z

duration PT0.210162256S
Connecting at 2023-05-29T17:49:17.512431659Z

Received at 2023-05-29T17:49:17.712610758Z

duration PT0.200179099S
Connecting at 2023-05-29T17:49:17.754415352Z

Received at 2023-05-29T17:49:17.960148129Z

duration PT0.205732777S
Connecting at 2023-05-29T17:49:18.002272759Z

Received at 2023-05-29T17:49:18.211191968Z

duration PT0.208919209S
Connecting at 2023-05-29T17:49:18.252342792Z

Received at 2023-05-29T17:49:18.456834703Z

duration PT0.204491911S
Connecting at 2023-05-29T17:49:18.498531109Z

Received at 2023-05-29T17:49:18.706278884Z

duration PT0.207747775S
Connecting at 2023-05-29T17:49:18.748237479Z

Received at 2023-05-29T17:49:18.952508862Z

duration PT0.204271383S
Connecting at 2023-05-29T17:49:18.994490225Z

Received at 2023-05-29T17:49:19.203493842Z

duration PT0.209003617S
Connecting at 2023-05-29T17:49:19.245106331Z

Received at 2023-05-29T17:49:19.457701427Z

duration PT0.212595096S
Connecting at 2023-05-29T17:49:19.499466Z

Received at 2023-05-29T17:49:19.705469945Z

duration PT0.206003945S
Result  10 sent, Duration 2069 ms
throughput: 4.833002836489365
Finished
Duration  19.676915962