Downloading file
args: ["main"]
Value of STORAGE_IP: 192.168.0.213:8888
Downloading file file_4M.txt
GET
Status: 200 OK
Connecting at 2023-05-29T17:54:20.813428654Z

Received at 2023-05-29T17:54:20.854923931Z

duration PT0.041495277S
Connecting at 2023-05-29T17:54:20.860641771Z

Received at 2023-05-29T17:54:20.893196019Z

duration PT0.032554248S
Connecting at 2023-05-29T17:54:20.898752342Z

Received at 2023-05-29T17:54:20.931151984Z

duration PT0.032399642S
Connecting at 2023-05-29T17:54:20.936652353Z

Received at 2023-05-29T17:54:20.968776149Z

duration PT0.032123796S
Connecting at 2023-05-29T17:54:20.974179093Z

Received at 2023-05-29T17:54:21.006434690Z

duration PT0.032255597S
Connecting at 2023-05-29T17:54:21.011955889Z

Received at 2023-05-29T17:54:21.044117187Z

duration PT0.032161298S
Connecting at 2023-05-29T17:54:21.049349203Z

Received at 2023-05-29T17:54:21.082631984Z

duration PT0.033282781S
Connecting at 2023-05-29T17:54:21.088151590Z

Received at 2023-05-29T17:54:21.120489431Z

duration PT0.032337841S
Connecting at 2023-05-29T17:54:21.125880529Z

Received at 2023-05-29T17:54:21.160443223Z

duration PT0.034562694S
Connecting at 2023-05-29T17:54:21.165931749Z

Received at 2023-05-29T17:54:21.199594403Z

duration PT0.033662654S
Result  10 sent, Duration 336 ms
throughput: 29.688126233912747
Finished
Duration  1.606354901