Downloading file
args: ["main"]
Value of STORAGE_IP: 192.168.0.213:8888
Downloading file file_20M.txt
GET
Status: 200 OK
Connecting at 2023-05-29T17:51:14.392099863Z

Received at 2023-05-29T17:51:14.490796565Z

duration PT0.098696702S
Connecting at 2023-05-29T17:51:14.507019639Z

Received at 2023-05-29T17:51:14.591664790Z

duration PT0.084645151S
Connecting at 2023-05-29T17:51:14.608174652Z

Received at 2023-05-29T17:51:14.698308762Z

duration PT0.090134110S
Connecting at 2023-05-29T17:51:14.714562257Z

Received at 2023-05-29T17:51:14.803731406Z

duration PT0.089169149S
Connecting at 2023-05-29T17:51:14.820052257Z

Received at 2023-05-29T17:51:14.910429507Z

duration PT0.090377250S
Connecting at 2023-05-29T17:51:14.926880506Z

Received at 2023-05-29T17:51:15.013875356Z

duration PT0.086994850S
Connecting at 2023-05-29T17:51:15.030266483Z

Received at 2023-05-29T17:51:15.119864064Z

duration PT0.089597581S
Connecting at 2023-05-29T17:51:15.136125333Z

Received at 2023-05-29T17:51:15.221383652Z

duration PT0.085258319S
Connecting at 2023-05-29T17:51:15.237472950Z

Received at 2023-05-29T17:51:15.323834741Z

duration PT0.086361791S
Connecting at 2023-05-29T17:51:15.340216111Z

Received at 2023-05-29T17:51:15.425829002Z

duration PT0.085612891S
Result  10 sent, Duration 886 ms
throughput: 11.275902156741806
Finished
Duration  7.015998298