Telemetry(timestamp='29.05.2023 17:57:57.736818', value='1.005025', node='ubuntu', metric='cpu', subsystem=None)
Telemetry(timestamp='29.05.2023 17:57:57.739488', value='4.000000', node='ubuntu', metric='rx', subsystem='enp0s25')
Telemetry(timestamp='29.05.2023 17:57:57.739486', value='12.000000', node='ubuntu', metric='tx', subsystem='enp0s25')
Telemetry(timestamp='29.05.2023 17:57:58.237078', value='0.000000', node='ubuntu', metric='cpu', subsystem=None)
Telemetry(timestamp='29.05.2023 17:57:58.237771', value='4.000000', node='ubuntu', metric='rx', subsystem='enp0s25')
Telemetry(timestamp='29.05.2023 17:57:58.238550', value='1114768.000000', node='ubuntu', metric='ram', subsystem=None)
Telemetry(timestamp='29.05.2023 17:57:58.237769', value='12.000000', node='ubuntu', metric='tx', subsystem='enp0s25')
Telemetry(timestamp='29.05.2023 17:57:58.737585', value='1.005025', node='ubuntu', metric='cpu', subsystem=None)
Telemetry(timestamp='29.05.2023 17:57:58.738156', value='12.000000', node='ubuntu', metric='tx', subsystem='enp0s25')
Telemetry(timestamp='29.05.2023 17:57:58.738158', value='3.000000', node='ubuntu', metric='rx', subsystem='enp0s25')
Telemetry(timestamp='29.05.2023 17:57:59.238372', value='0.000000', node='ubuntu', metric='cpu', subsystem=None)
Telemetry(timestamp='29.05.2023 17:57:59.237330', value='1114768.000000', node='ubuntu', metric='ram', subsystem=None)
Telemetry(timestamp='29.05.2023 17:57:59.239091', value='11.000000', node='ubuntu', metric='tx', subsystem='enp0s25')
Telemetry(timestamp='29.05.2023 17:57:59.239098', value='3.000000', node='ubuntu', metric='rx', subsystem='enp0s25')
Telemetry(timestamp='29.05.2023 17:57:59.737710', value='0.000000', node='ubuntu', metric='cpu', subsystem=None)
Telemetry(timestamp='29.05.2023 17:57:59.740879', value='13.000000', node='ubuntu', metric='tx', subsystem='enp0s25')
Telemetry(timestamp='29.05.2023 17:57:59.740882', value='3.000000', node='ubuntu', metric='rx', subsystem='enp0s25')
Telemetry(timestamp='29.05.2023 17:58:00.237149', value='1114768.000000', node='ubuntu', metric='ram', subsystem=None)
Telemetry(timestamp='29.05.2023 17:58:00.238659', value='12.000000', node='ubuntu', metric='tx', subsystem='enp0s25')
Telemetry(timestamp='29.05.2023 17:58:00.237588', value='4.545455', node='ubuntu', metric='cpu', subsystem=None)
Telemetry(timestamp='29.05.2023 17:58:00.238662', value='4.000000', node='ubuntu', metric='rx', subsystem='enp0s25')
Telemetry(timestamp='29.05.2023 17:58:00.737146', value='1.000000', node='ubuntu', metric='cpu', subsystem=None)
Telemetry(timestamp='29.05.2023 17:58:00.738214', value='4.000000', node='ubuntu', metric='rx', subsystem='enp0s25')
Telemetry(timestamp='29.05.2023 17:58:00.738205', value='12.000000', node='ubuntu', metric='tx', subsystem='enp0s25')
Telemetry(timestamp='29.05.2023 17:58:01.236985', value='0.505051', node='ubuntu', metric='cpu', subsystem=None)
Telemetry(timestamp='29.05.2023 17:58:01.237324', value='1114756.000000', node='ubuntu', metric='ram', subsystem=None)
Telemetry(timestamp='29.05.2023 17:58:01.238403', value='4.000000', node='ubuntu', metric='rx', subsystem='enp0s25')
Telemetry(timestamp='29.05.2023 17:58:01.238400', value='12.000000', node='ubuntu', metric='tx', subsystem='enp0s25')
Telemetry(timestamp='29.05.2023 17:58:01.737435', value='0.502513', node='ubuntu', metric='cpu', subsystem=None)
Telemetry(timestamp='29.05.2023 17:58:01.737987', value='6.000000', node='ubuntu', metric='rx', subsystem='enp0s25')
Telemetry(timestamp='29.05.2023 17:58:01.737985', value='14.000000', node='ubuntu', metric='tx', subsystem='enp0s25')
Telemetry(timestamp='29.05.2023 17:58:02.237535', value='0.270000', node='ubuntu', metric='load5', subsystem=None)
Telemetry(timestamp='29.05.2023 17:58:02.237217', value='0.505051', node='ubuntu', metric='cpu', subsystem=None)
Telemetry(timestamp='29.05.2023 17:58:02.237533', value='0.120000', node='ubuntu', metric='load1', subsystem=None)
Telemetry(timestamp='29.05.2023 17:58:02.238887', value='7.000000', node='ubuntu', metric='rx', subsystem='enp0s25')
Telemetry(timestamp='29.05.2023 17:58:02.238327', value='1114756.000000', node='ubuntu', metric='ram', subsystem=None)
Telemetry(timestamp='29.05.2023 17:58:02.238884', value='14.000000', node='ubuntu', metric='tx', subsystem='enp0s25')
Telemetry(timestamp='29.05.2023 17:58:02.737896', value='0.505051', node='ubuntu', metric='cpu', subsystem=None)
Telemetry(timestamp='29.05.2023 17:58:02.738538', value='16.000000', node='ubuntu', metric='tx', subsystem='enp0s25')
Telemetry(timestamp='29.05.2023 17:58:02.738547', value='8.000000', node='ubuntu', metric='rx', subsystem='enp0s25')
Telemetry(timestamp='29.05.2023 17:58:03.237533', value='1114756.000000', node='ubuntu', metric='ram', subsystem=None)
Telemetry(timestamp='29.05.2023 17:58:03.237148', value='0.000000', node='ubuntu', metric='cpu', subsystem=None)
Telemetry(timestamp='29.05.2023 17:58:03.239026', value='16.000000', node='ubuntu', metric='tx', subsystem='enp0s25')
Telemetry(timestamp='29.05.2023 17:58:03.239033', value='7.000000', node='ubuntu', metric='rx', subsystem='enp0s25')
Telemetry(timestamp='29.05.2023 17:58:03.737180', value='0.000000', node='ubuntu', metric='cpu', subsystem=None)
Telemetry(timestamp='29.05.2023 17:58:03.738105', value='6.000000', node='ubuntu', metric='rx', subsystem='enp0s25')
Telemetry(timestamp='29.05.2023 17:58:03.738102', value='14.000000', node='ubuntu', metric='tx', subsystem='enp0s25')
Telemetry(timestamp='29.05.2023 17:58:04.237450', value='0.000000', node='ubuntu', metric='cpu', subsystem=None)
Telemetry(timestamp='29.05.2023 17:58:04.237346', value='1114756.000000', node='ubuntu', metric='ram', subsystem=None)
Telemetry(timestamp='29.05.2023 17:58:04.238521', value='12.000000', node='ubuntu', metric='tx', subsystem='enp0s25')
Telemetry(timestamp='29.05.2023 17:58:04.238523', value='4.000000', node='ubuntu', metric='rx', subsystem='enp0s25')
Telemetry(timestamp='29.05.2023 17:58:04.737405', value='1.005025', node='ubuntu', metric='cpu', subsystem=None)
Telemetry(timestamp='29.05.2023 17:58:04.738429', value='4.000000', node='ubuntu', metric='rx', subsystem='enp0s25')
Telemetry(timestamp='29.05.2023 17:58:04.738426', value='13.000000', node='ubuntu', metric='tx', subsystem='enp0s25')
Telemetry(timestamp='29.05.2023 17:58:05.237162', value='4.040404', node='ubuntu', metric='cpu', subsystem=None)
Telemetry(timestamp='29.05.2023 17:58:05.237651', value='1115008.000000', node='ubuntu', metric='ram', subsystem=None)
Telemetry(timestamp='29.05.2023 17:58:05.239136', value='4.000000', node='ubuntu', metric='rx', subsystem='enp0s25')
Telemetry(timestamp='29.05.2023 17:58:05.239127', value='12.000000', node='ubuntu', metric='tx', subsystem='enp0s25')
Telemetry(timestamp='29.05.2023 17:58:05.738034', value='1.990050', node='ubuntu', metric='cpu', subsystem=None)
Telemetry(timestamp='29.05.2023 17:58:05.739905', value='13.000000', node='ubuntu', metric='tx', subsystem='enp0s25')
Telemetry(timestamp='29.05.2023 17:58:05.739910', value='4.000000', node='ubuntu', metric='rx', subsystem='enp0s25')
Telemetry(timestamp='29.05.2023 17:58:06.236883', value='12.886598', node='ubuntu', metric='cpu', subsystem=None)
Telemetry(timestamp='29.05.2023 17:58:06.237374', value='1138188.000000', node='ubuntu', metric='ram', subsystem=None)
Telemetry(timestamp='29.05.2023 17:58:06.238957', value='357.000000', node='ubuntu', metric='rx', subsystem='enp0s25')
Telemetry(timestamp='29.05.2023 17:58:06.238954', value='24.000000', node='ubuntu', metric='tx', subsystem='enp0s25')
Telemetry(timestamp='29.05.2023 17:58:06.737431', value='1.562500', node='ubuntu', metric='cpu', subsystem=None)
Telemetry(timestamp='29.05.2023 17:58:06.737557', value='68.000000', node='ubuntu', metric='tx', subsystem='enp0s25')
Telemetry(timestamp='29.05.2023 17:58:06.737559', value='1743.000000', node='ubuntu', metric='rx', subsystem='enp0s25')
Telemetry(timestamp='29.05.2023 17:58:07.236867', value='12.121212', node='ubuntu', metric='cpu', subsystem=None)
Telemetry(timestamp='29.05.2023 17:58:07.237106', value='1141896.000000', node='ubuntu', metric='ram', subsystem=None)
Telemetry(timestamp='29.05.2023 17:58:07.238142', value='1817.000000', node='ubuntu', metric='rx', subsystem='enp0s25')
Telemetry(timestamp='29.05.2023 17:58:07.238136', value='83.000000', node='ubuntu', metric='tx', subsystem='enp0s25')
Telemetry(timestamp='29.05.2023 17:58:07.236913', value='0.110000', node='ubuntu', metric='load1', subsystem=None)
Telemetry(timestamp='29.05.2023 17:58:07.236914', value='0.260000', node='ubuntu', metric='load5', subsystem=None)
Telemetry(timestamp='29.05.2023 17:58:07.736952', value='6.091371', node='ubuntu', metric='cpu', subsystem=None)
Telemetry(timestamp='29.05.2023 17:58:07.738419', value='2199.000000', node='ubuntu', metric='tx', subsystem='enp0s25')
Telemetry(timestamp='29.05.2023 17:58:07.738420', value='1557.000000', node='ubuntu', metric='rx', subsystem='enp0s25')
Telemetry(timestamp='29.05.2023 17:58:08.236633', value='1137116.000000', node='ubuntu', metric='ram', subsystem=None)
Telemetry(timestamp='29.05.2023 17:58:08.237461', value='2326.000000', node='ubuntu', metric='rx', subsystem='enp0s25')
Telemetry(timestamp='29.05.2023 17:58:08.236886', value='28.645833', node='ubuntu', metric='cpu', subsystem=None)
Telemetry(timestamp='29.05.2023 17:58:08.237460', value='2183.000000', node='ubuntu', metric='tx', subsystem='enp0s25')
Telemetry(timestamp='29.05.2023 17:58:08.736902', value='3.076923', node='ubuntu', metric='cpu', subsystem=None)
Telemetry(timestamp='29.05.2023 17:58:08.737617', value='60.000000', node='ubuntu', metric='tx', subsystem='enp0s25')
Telemetry(timestamp='29.05.2023 17:58:08.737620', value='2623.000000', node='ubuntu', metric='rx', subsystem='enp0s25')
Telemetry(timestamp='29.05.2023 17:58:09.236904', value='6.632653', node='ubuntu', metric='cpu', subsystem=None)
Telemetry(timestamp='29.05.2023 17:58:09.237994', value='66.000000', node='ubuntu', metric='tx', subsystem='enp0s25')
Telemetry(timestamp='29.05.2023 17:58:09.238453', value='1137068.000000', node='ubuntu', metric='ram', subsystem=None)
Telemetry(timestamp='29.05.2023 17:58:09.237997', value='2029.000000', node='ubuntu', metric='rx', subsystem='enp0s25')
Telemetry(timestamp='29.05.2023 17:58:09.738274', value='631.000000', node='ubuntu', metric='rx', subsystem='enp0s25')
Telemetry(timestamp='29.05.2023 17:58:09.738271', value='1949.000000', node='ubuntu', metric='tx', subsystem='enp0s25')
Telemetry(timestamp='29.05.2023 17:58:09.738270', value='6.565657', node='ubuntu', metric='cpu', subsystem=None)
Telemetry(timestamp='29.05.2023 17:58:10.237113', value='1111436.000000', node='ubuntu', metric='ram', subsystem=None)
Telemetry(timestamp='29.05.2023 17:58:10.236837', value='26.153846', node='ubuntu', metric='cpu', subsystem=None)
Telemetry(timestamp='29.05.2023 17:58:10.239361', value='2185.000000', node='ubuntu', metric='rx', subsystem='enp0s25')
Telemetry(timestamp='29.05.2023 17:58:10.239360', value='2194.000000', node='ubuntu', metric='tx', subsystem='enp0s25')
Telemetry(timestamp='29.05.2023 17:58:10.737787', value='321.000000', node='ubuntu', metric='tx', subsystem='enp0s25')
Telemetry(timestamp='29.05.2023 17:58:10.737188', value='10.526316', node='ubuntu', metric='cpu', subsystem=None)
Telemetry(timestamp='29.05.2023 17:58:10.737789', value='3329.000000', node='ubuntu', metric='rx', subsystem='enp0s25')
Telemetry(timestamp='29.05.2023 17:58:11.237226', value='1135980.000000', node='ubuntu', metric='ram', subsystem=None)
Telemetry(timestamp='29.05.2023 17:58:11.238213', value='7.692308', node='ubuntu', metric='cpu', subsystem=None)
Telemetry(timestamp='29.05.2023 17:58:11.238960', value='77.000000', node='ubuntu', metric='tx', subsystem='enp0s25')
Telemetry(timestamp='29.05.2023 17:58:11.238971', value='2169.000000', node='ubuntu', metric='rx', subsystem='enp0s25')
Telemetry(timestamp='29.05.2023 17:58:11.738730', value='7.425743', node='ubuntu', metric='cpu', subsystem=None)
Telemetry(timestamp='29.05.2023 17:58:11.739940', value='1013.000000', node='ubuntu', metric='rx', subsystem='enp0s25')
Telemetry(timestamp='29.05.2023 17:58:11.739936', value='266.000000', node='ubuntu', metric='tx', subsystem='enp0s25')
Telemetry(timestamp='29.05.2023 17:58:12.236615', value='0.260000', node='ubuntu', metric='load5', subsystem=None)
Telemetry(timestamp='29.05.2023 17:58:12.236614', value='0.100000', node='ubuntu', metric='load1', subsystem=None)
Telemetry(timestamp='29.05.2023 17:58:12.236588', value='1139508.000000', node='ubuntu', metric='ram', subsystem=None)
Telemetry(timestamp='29.05.2023 17:58:12.236646', value='17.500000', node='ubuntu', metric='cpu', subsystem=None)
Telemetry(timestamp='29.05.2023 17:58:12.238409', value='2184.000000', node='ubuntu', metric='rx', subsystem='enp0s25')
Telemetry(timestamp='29.05.2023 17:58:12.238408', value='2192.000000', node='ubuntu', metric='tx', subsystem='enp0s25')
Telemetry(timestamp='29.05.2023 17:58:12.736817', value='19.047619', node='ubuntu', metric='cpu', subsystem=None)
Telemetry(timestamp='29.05.2023 17:58:12.740771', value='1988.000000', node='ubuntu', metric='tx', subsystem='enp0s25')
Telemetry(timestamp='29.05.2023 17:58:12.740774', value='2806.000000', node='ubuntu', metric='rx', subsystem='enp0s25')
Telemetry(timestamp='29.05.2023 17:58:13.237401', value='2.577320', node='ubuntu', metric='cpu', subsystem=None)
Telemetry(timestamp='29.05.2023 17:58:13.237219', value='73.000000', node='ubuntu', metric='tx', subsystem='enp0s25')
Telemetry(timestamp='29.05.2023 17:58:13.237896', value='1133748.000000', node='ubuntu', metric='ram', subsystem=None)
Telemetry(timestamp='29.05.2023 17:58:13.251680', value='2167.000000', node='ubuntu', metric='rx', subsystem='enp0s25')
Telemetry(timestamp='29.05.2023 17:58:13.737341', value='12.690355', node='ubuntu', metric='cpu', subsystem=None)
Telemetry(timestamp='29.05.2023 17:58:13.737718', value='1570.000000', node='ubuntu', metric='rx', subsystem='enp0s25')
Telemetry(timestamp='29.05.2023 17:58:13.737715', value='821.000000', node='ubuntu', metric='tx', subsystem='enp0s25')
Telemetry(timestamp='29.05.2023 17:58:14.236329', value='1142052.000000', node='ubuntu', metric='ram', subsystem=None)
Telemetry(timestamp='29.05.2023 17:58:14.238322', value='18.181818', node='ubuntu', metric='cpu', subsystem=None)
Telemetry(timestamp='29.05.2023 17:58:14.239546', value='2197.000000', node='ubuntu', metric='tx', subsystem='enp0s25')
Telemetry(timestamp='29.05.2023 17:58:14.239547', value='2191.000000', node='ubuntu', metric='rx', subsystem='enp0s25')
Telemetry(timestamp='29.05.2023 17:58:14.736596', value='16.842105', node='ubuntu', metric='cpu', subsystem=None)
Telemetry(timestamp='29.05.2023 17:58:14.737687', value='1459.000000', node='ubuntu', metric='tx', subsystem='enp0s25')
Telemetry(timestamp='29.05.2023 17:58:14.737689', value='2932.000000', node='ubuntu', metric='rx', subsystem='enp0s25')
Telemetry(timestamp='29.05.2023 17:58:15.236722', value='1137536.000000', node='ubuntu', metric='ram', subsystem=None)
Telemetry(timestamp='29.05.2023 17:58:15.236849', value='10.880829', node='ubuntu', metric='cpu', subsystem=None)
Telemetry(timestamp='29.05.2023 17:58:15.237405', value='2169.000000', node='ubuntu', metric='rx', subsystem='enp0s25')
Telemetry(timestamp='29.05.2023 17:58:15.237404', value='73.000000', node='ubuntu', metric='tx', subsystem='enp0s25')
Telemetry(timestamp='29.05.2023 17:58:15.737103', value='8.457711', node='ubuntu', metric='cpu', subsystem=None)
Telemetry(timestamp='29.05.2023 17:58:15.738290', value='363.000000', node='ubuntu', metric='tx', subsystem='enp0s25')
Telemetry(timestamp='29.05.2023 17:58:15.738292', value='1416.000000', node='ubuntu', metric='rx', subsystem='enp0s25')
Telemetry(timestamp='29.05.2023 17:58:16.236669', value='1143584.000000', node='ubuntu', metric='ram', subsystem=None)
Telemetry(timestamp='29.05.2023 17:58:16.237562', value='2234.000000', node='ubuntu', metric='tx', subsystem='enp0s25')
Telemetry(timestamp='29.05.2023 17:58:16.237562', value='2185.000000', node='ubuntu', metric='rx', subsystem='enp0s25')
Telemetry(timestamp='29.05.2023 17:58:16.737032', value='17.708333', node='ubuntu', metric='cpu', subsystem=None)
Telemetry(timestamp='29.05.2023 17:58:16.738930', value='1940.000000', node='ubuntu', metric='tx', subsystem='enp0s25')
Telemetry(timestamp='29.05.2023 17:58:16.738934', value='3016.000000', node='ubuntu', metric='rx', subsystem='enp0s25')
Telemetry(timestamp='29.05.2023 17:58:17.238206', value='7.731959', node='ubuntu', metric='cpu', subsystem=None)
Telemetry(timestamp='29.05.2023 17:58:17.238511', value='1137080.000000', node='ubuntu', metric='ram', subsystem=None)
Telemetry(timestamp='29.05.2023 17:58:17.238150', value='2169.000000', node='ubuntu', metric='rx', subsystem='enp0s25')
Telemetry(timestamp='29.05.2023 17:58:17.238148', value='74.000000', node='ubuntu', metric='tx', subsystem='enp0s25')
Telemetry(timestamp='29.05.2023 17:58:17.239383', value='0.090000', node='ubuntu', metric='load1', subsystem=None)
Telemetry(timestamp='29.05.2023 17:58:17.346495', value='0.250000', node='ubuntu', metric='load5', subsystem=None)
Telemetry(timestamp='29.05.2023 17:58:17.738942', value='2223.000000', node='ubuntu', metric='tx', subsystem='enp0s25')
Telemetry(timestamp='29.05.2023 17:58:16.237503', value='14.432990', node='ubuntu', metric='cpu', subsystem=None)
Telemetry(timestamp='29.05.2023 17:58:17.738703', value='8.717949', node='ubuntu', metric='cpu', subsystem=None)
Telemetry(timestamp='29.05.2023 17:58:18.236573', value='1145664.000000', node='ubuntu', metric='ram', subsystem=None)
Telemetry(timestamp='29.05.2023 17:58:18.239866', value='2325.000000', node='ubuntu', metric='rx', subsystem='enp0s25')
Telemetry(timestamp='29.05.2023 17:58:18.239695', value='2213.000000', node='ubuntu', metric='tx', subsystem='enp0s25')
Telemetry(timestamp='29.05.2023 17:58:18.736835', value='2.564103', node='ubuntu', metric='cpu', subsystem=None)
Telemetry(timestamp='29.05.2023 17:58:18.236332', value='29.166667', node='ubuntu', metric='cpu', subsystem=None)
Telemetry(timestamp='29.05.2023 17:58:19.237189', value='15.151515', node='ubuntu', metric='cpu', subsystem=None)
Telemetry(timestamp='29.05.2023 17:58:19.237380', value='92.000000', node='ubuntu', metric='tx', subsystem='enp0s25')
Telemetry(timestamp='29.05.2023 17:58:17.747610', value='2102.000000', node='ubuntu', metric='rx', subsystem='enp0s25')
Telemetry(timestamp='29.05.2023 17:58:19.237382', value='2040.000000', node='ubuntu', metric='rx', subsystem='enp0s25')
Telemetry(timestamp='29.05.2023 17:58:19.738376', value='1931.000000', node='ubuntu', metric='rx', subsystem='enp0s25')
Telemetry(timestamp='29.05.2023 17:58:19.738373', value='2201.000000', node='ubuntu', metric='tx', subsystem='enp0s25')
Telemetry(timestamp='29.05.2023 17:58:19.750326', value='1151936.000000', node='ubuntu', metric='ram', subsystem=None)
Telemetry(timestamp='29.05.2023 17:58:19.750656', value='7.653061', node='ubuntu', metric='cpu', subsystem=None)
Telemetry(timestamp='29.05.2023 17:58:20.250359', value='2176.000000', node='ubuntu', metric='tx', subsystem='enp0s25')
Telemetry(timestamp='29.05.2023 17:58:20.250362', value='2185.000000', node='ubuntu', metric='rx', subsystem='enp0s25')
Telemetry(timestamp='29.05.2023 17:58:20.251043', value='27.319588', node='ubuntu', metric='cpu', subsystem=None)
Telemetry(timestamp='29.05.2023 17:58:20.751575', value='0.000000', node='ubuntu', metric='cpu', subsystem=None)
Telemetry(timestamp='29.05.2023 17:58:20.750286', value='1147076.000000', node='ubuntu', metric='ram', subsystem=None)
Telemetry(timestamp='29.05.2023 17:58:20.751833', value='17.000000', node='ubuntu', metric='tx', subsystem='enp0s25')
Telemetry(timestamp='29.05.2023 17:58:20.753882', value='691.000000', node='ubuntu', metric='rx', subsystem='enp0s25')
Telemetry(timestamp='29.05.2023 17:58:21.250100', value='2.538071', node='ubuntu', metric='cpu', subsystem=None)
Telemetry(timestamp='29.05.2023 17:58:21.254638', value='179.000000', node='ubuntu', metric='rx', subsystem='enp0s25')
Telemetry(timestamp='29.05.2023 17:58:21.252325', value='19.000000', node='ubuntu', metric='tx', subsystem='enp0s25')
Telemetry(timestamp='29.05.2023 17:58:21.750577', value='1.554404', node='ubuntu', metric='cpu', subsystem=None)
Telemetry(timestamp='29.05.2023 17:58:21.751483', value='70.000000', node='ubuntu', metric='tx', subsystem='enp0s25')
Telemetry(timestamp='29.05.2023 17:58:21.751350', value='1147076.000000', node='ubuntu', metric='ram', subsystem=None)
Telemetry(timestamp='29.05.2023 17:58:21.753563', value='1423.000000', node='ubuntu', metric='rx', subsystem='enp0s25')
Telemetry(timestamp='29.05.2023 17:58:22.251469', value='81.000000', node='ubuntu', metric='tx', subsystem='enp0s25')
Telemetry(timestamp='29.05.2023 17:58:22.251470', value='1999.000000', node='ubuntu', metric='rx', subsystem='enp0s25')
Telemetry(timestamp='29.05.2023 17:58:22.252708', value='9.090909', node='ubuntu', metric='cpu', subsystem=None)
Telemetry(timestamp='29.05.2023 17:58:22.750181', value='14.572864', node='ubuntu', metric='cpu', subsystem=None)
Telemetry(timestamp='29.05.2023 17:58:22.749592', value='1150604.000000', node='ubuntu', metric='ram', subsystem=None)
Telemetry(timestamp='29.05.2023 17:58:22.752624', value='2929.000000', node='ubuntu', metric='rx', subsystem='enp0s25')
Telemetry(timestamp='29.05.2023 17:58:22.752623', value='2209.000000', node='ubuntu', metric='tx', subsystem='enp0s25')
Telemetry(timestamp='29.05.2023 17:58:23.250777', value='2862.000000', node='ubuntu', metric='rx', subsystem='enp0s25')
Telemetry(timestamp='29.05.2023 17:58:23.251026', value='22.164948', node='ubuntu', metric='cpu', subsystem=None)
Telemetry(timestamp='29.05.2023 17:58:23.250774', value='2215.000000', node='ubuntu', metric='tx', subsystem='enp0s25')
Telemetry(timestamp='29.05.2023 17:58:18.738985', value='87.000000', node='ubuntu', metric='tx', subsystem='enp0s25')
Telemetry(timestamp='29.05.2023 17:58:18.738987', value='3020.000000', node='ubuntu', metric='rx', subsystem='enp0s25')
Telemetry(timestamp='29.05.2023 17:58:23.752248', value='0.250000', node='ubuntu', metric='load5', subsystem=None)
Telemetry(timestamp='29.05.2023 17:58:23.752491', value='75.000000', node='ubuntu', metric='tx', subsystem='enp0s25')
Telemetry(timestamp='29.05.2023 17:58:23.752492', value='2170.000000', node='ubuntu', metric='rx', subsystem='enp0s25')
Telemetry(timestamp='29.05.2023 17:58:23.752246', value='0.080000', node='ubuntu', metric='load1', subsystem=None)
Telemetry(timestamp='29.05.2023 17:58:23.752805', value='5.729167', node='ubuntu', metric='cpu', subsystem=None)
Telemetry(timestamp='29.05.2023 17:58:23.753263', value='1143940.000000', node='ubuntu', metric='ram', subsystem=None)
Telemetry(timestamp='29.05.2023 17:58:24.252717', value='2571.000000', node='ubuntu', metric='rx', subsystem='enp0s25')
Telemetry(timestamp='29.05.2023 17:58:24.252716', value='2225.000000', node='ubuntu', metric='tx', subsystem='enp0s25')
Telemetry(timestamp='29.05.2023 17:58:24.254019', value='13.131313', node='ubuntu', metric='cpu', subsystem=None)
Telemetry(timestamp='29.05.2023 17:58:24.750329', value='30.256410', node='ubuntu', metric='cpu', subsystem=None)
Telemetry(timestamp='29.05.2023 17:58:24.750564', value='1134236.000000', node='ubuntu', metric='ram', subsystem=None)
Telemetry(timestamp='29.05.2023 17:58:24.753173', value='2201.000000', node='ubuntu', metric='tx', subsystem='enp0s25')
Telemetry(timestamp='29.05.2023 17:58:24.753174', value='2412.000000', node='ubuntu', metric='rx', subsystem='enp0s25')
Telemetry(timestamp='29.05.2023 17:58:25.250365', value='3.684211', node='ubuntu', metric='cpu', subsystem=None)
Telemetry(timestamp='29.05.2023 17:58:25.250750', value='66.000000', node='ubuntu', metric='tx', subsystem='enp0s25')
Telemetry(timestamp='29.05.2023 17:58:25.250753', value='2566.000000', node='ubuntu', metric='rx', subsystem='enp0s25')
Telemetry(timestamp='29.05.2023 17:58:25.749635', value='1135736.000000', node='ubuntu', metric='ram', subsystem=None)
Telemetry(timestamp='29.05.2023 17:58:25.751424', value='6.153846', node='ubuntu', metric='cpu', subsystem=None)
Telemetry(timestamp='29.05.2023 17:58:25.751694', value='1942.000000', node='ubuntu', metric='rx', subsystem='enp0s25')
Telemetry(timestamp='29.05.2023 17:58:25.751691', value='73.000000', node='ubuntu', metric='tx', subsystem='enp0s25')
Telemetry(timestamp='29.05.2023 17:58:26.249707', value='9.595960', node='ubuntu', metric='cpu', subsystem=None)
Telemetry(timestamp='29.05.2023 17:58:26.251287', value='2202.000000', node='ubuntu', metric='tx', subsystem='enp0s25')
Telemetry(timestamp='29.05.2023 17:58:26.251288', value='1549.000000', node='ubuntu', metric='rx', subsystem='enp0s25')
Telemetry(timestamp='29.05.2023 17:58:26.750100', value='1138172.000000', node='ubuntu', metric='ram', subsystem=None)
Telemetry(timestamp='29.05.2023 17:58:26.750422', value='2251.000000', node='ubuntu', metric='rx', subsystem='enp0s25')
Telemetry(timestamp='29.05.2023 17:58:26.750093', value='29.896907', node='ubuntu', metric='cpu', subsystem=None)
Telemetry(timestamp='29.05.2023 17:58:26.750420', value='2197.000000', node='ubuntu', metric='tx', subsystem='enp0s25')
Telemetry(timestamp='29.05.2023 17:58:27.250336', value='67.000000', node='ubuntu', metric='tx', subsystem='enp0s25')
Telemetry(timestamp='29.05.2023 17:58:27.250340', value='3193.000000', node='ubuntu', metric='rx', subsystem='enp0s25')
Telemetry(timestamp='29.05.2023 17:58:27.250585', value='0.518135', node='ubuntu', metric='cpu', subsystem=None)
Telemetry(timestamp='29.05.2023 17:58:27.751986', value='12.626263', node='ubuntu', metric='cpu', subsystem=None)
Telemetry(timestamp='29.05.2023 17:58:27.750747', value='1143936.000000', node='ubuntu', metric='ram', subsystem=None)
Telemetry(timestamp='29.05.2023 17:58:27.751348', value='2100.000000', node='ubuntu', metric='rx', subsystem='enp0s25')