Exp 0
Connecting to "/run/containerd/io.containerd.runtime.v2.task/k8s.io/24975" at 2023-05-29T07:41:04.402021559Z
Received from client at : 2023-05-29T07:41:04.487065Z
throughput: 11.758757334524889 index 0
Result  1 sent, Duration 85 ms
throughput: 11.758757334524889
Exp 1
Connecting to "/run/containerd/io.containerd.runtime.v2.task/k8s.io/31036" at 2023-05-29T07:41:30.627243681Z
Received from client at : 2023-05-29T07:41:30.718252Z
throughput: 10.988045007032348 index 0
Result  1 sent, Duration 91 ms
throughput: 10.988045007032348
Exp 2
Connecting to "/run/containerd/io.containerd.runtime.v2.task/k8s.io/22996" at 2023-05-29T07:41:55.719540204Z
Received from client at : 2023-05-29T07:41:55.805889Z
throughput: 11.58104414694029 index 0
Result  1 sent, Duration 86 ms
throughput: 11.58104414694029
Exp 3
Connecting to "/run/containerd/io.containerd.runtime.v2.task/k8s.io/17605" at 2023-05-29T07:42:21.909202750Z
Received from client at : 2023-05-29T07:42:22.000001Z
throughput: 11.013458446221282 index 0
Result  1 sent, Duration 90 ms
throughput: 11.013458446221282
Exp 4
Connecting to "/run/containerd/io.containerd.runtime.v2.task/k8s.io/7300" at 2023-05-29T07:42:46.309668243Z
Received from client at : 2023-05-29T07:42:46.395638Z
throughput: 11.632099943002709 index 0
Result  1 sent, Duration 85 ms
throughput: 11.632099943002709
Exp 5
Connecting to "/run/containerd/io.containerd.runtime.v2.task/k8s.io/30386" at 2023-05-29T07:43:10.661262204Z
Received from client at : 2023-05-29T07:43:10.747587Z
throughput: 11.584263935869515 index 0
Result  1 sent, Duration 86 ms
throughput: 11.584263935869515
Exp 6
Connecting to "/run/containerd/io.containerd.runtime.v2.task/k8s.io/7581" at 2023-05-29T07:43:36.364944347Z
Received from client at : 2023-05-29T07:43:36.452343Z
throughput: 11.441909425844985 index 0
Result  1 sent, Duration 87 ms
throughput: 11.441909425844985
Exp 7
Connecting to "/run/containerd/io.containerd.runtime.v2.task/k8s.io/6612" at 2023-05-29T07:44:01.119951968Z
Received from client at : 2023-05-29T07:44:01.206923Z
throughput: 11.498085568752801 index 0
Result  1 sent, Duration 86 ms
throughput: 11.498085568752801
Exp 8
Connecting to "/run/containerd/io.containerd.runtime.v2.task/k8s.io/25468" at 2023-05-29T07:44:28.858437558Z
Received from client at : 2023-05-29T07:44:28.948829Z
throughput: 11.063048312331981 index 0
Result  1 sent, Duration 90 ms
throughput: 11.063048312331981
Exp 9
Connecting to "/run/containerd/io.containerd.runtime.v2.task/k8s.io/12801" at 2023-05-29T07:51:22.063893449Z
Received from client at : 2023-05-29T07:51:22.149780Z
throughput: 11.643341173183057 index 0
Result  1 sent, Duration 85 ms
throughput: 11.643341173183057
Exp 10
Connecting to "/run/containerd/io.containerd.runtime.v2.task/k8s.io/19648" at 2023-05-29T07:51:45.988925438Z
Received from client at : 2023-05-29T07:51:46.074413Z
throughput: 11.697685028132934 index 0
Result  1 sent, Duration 85 ms
throughput: 11.697685028132934