Exp 0
[sudo] password for ubuntu:
Connecting to "/run/containerd/io.containerd.runtime.v2.task/k8s.io/31284" at 2023-05-29T07:39:39.534323574Z
Received from client at : 2023-05-29T07:39:39.545110Z
throughput: 92.71277582050806 index 0
Result  1 sent, Duration 10 ms
throughput: 92.71277582050806
Exp 1
Connecting to "/run/containerd/io.containerd.runtime.v2.task/k8s.io/26814" at 2023-05-29T07:39:42.015722030Z
Received from client at : 2023-05-29T07:39:42.026347Z
throughput: 94.12650602409639 index 0
Result  1 sent, Duration 10 ms
throughput: 94.12650602409639
Exp 2
Connecting to "/run/containerd/io.containerd.runtime.v2.task/k8s.io/3638" at 2023-05-29T07:39:44.429044450Z
Received from client at : 2023-05-29T07:39:44.439490Z
throughput: 95.73958831977023 index 0
Result  1 sent, Duration 10 ms
throughput: 95.73958831977023
Exp 3
Connecting to "/run/containerd/io.containerd.runtime.v2.task/k8s.io/19839" at 2023-05-29T07:39:46.829156372Z
Received from client at : 2023-05-29T07:39:46.839754Z
throughput: 94.36633009342266 index 0
Result  1 sent, Duration 10 ms
throughput: 94.36633009342266
Exp 4
Connecting to "/run/containerd/io.containerd.runtime.v2.task/k8s.io/18623" at 2023-05-29T07:39:49.302641938Z
Received from client at : 2023-05-29T07:39:49.313024Z
throughput: 96.32055480639568 index 0
Result  1 sent, Duration 10 ms
throughput: 96.32055480639568
Exp 5
Connecting to "/run/containerd/io.containerd.runtime.v2.task/k8s.io/5871" at 2023-05-29T07:39:51.674270737Z
Received from client at : 2023-05-29T07:39:51.684625Z
throughput: 96.58103148541626 index 0
Result  1 sent, Duration 10 ms
throughput: 96.58103148541626
Exp 6
Connecting to "/run/containerd/io.containerd.runtime.v2.task/k8s.io/32688" at 2023-05-29T07:39:54.125102559Z
Received from client at : 2023-05-29T07:39:54.135689Z
throughput: 94.46438692612885 index 0
Result  1 sent, Duration 10 ms
throughput: 94.46438692612885
Exp 7
Connecting to "/run/containerd/io.containerd.runtime.v2.task/k8s.io/23409" at 2023-05-29T07:39:56.577559217Z
Received from client at : 2023-05-29T07:39:56.588254Z
throughput: 93.51037965214138 index 0
Result  1 sent, Duration 10 ms
throughput: 93.51037965214138
Exp 8
Connecting to "/run/containerd/io.containerd.runtime.v2.task/k8s.io/5601" at 2023-05-29T07:39:59.101554250Z
Received from client at : 2023-05-29T07:39:59.111785Z
throughput: 97.75171065493646 index 0
Result  1 sent, Duration 10 ms
throughput: 97.75171065493646
Exp 9
Connecting to "/run/containerd/io.containerd.runtime.v2.task/k8s.io/21984" at 2023-05-29T07:40:01.518600745Z
Received from client at : 2023-05-29T07:40:01.529026Z
throughput: 95.92326139088729 index 0
Result  1 sent, Duration 10 ms
throughput: 95.92326139088729
Exp 10
Connecting to "/run/containerd/io.containerd.runtime.v2.task/k8s.io/7602" at 2023-05-29T07:40:03.914993581Z
Received from client at : 2023-05-29T07:40:03.925691Z
throughput: 93.48415443582313 index 0
Result  1 sent, Duration 10 ms
throughput: 93.48415443582313