Exp 1
Connecting to "/run/containerd/io.containerd.runtime.v2.task/k8s.io/7798" at 2023-05-25T13:35:22.130166783Z
Received from client at : 2023-05-25T13:35:22.162626929Z
Duration  3.920052253
Exp 2
Connecting to "/run/containerd/io.containerd.runtime.v2.task/k8s.io/19876" at 2023-05-25T13:35:29.057169193Z
Received from client at : 2023-05-25T13:35:29.090692742Z
Duration  3.938862862
Exp 3
Connecting to "/run/containerd/io.containerd.runtime.v2.task/k8s.io/28003" at 2023-05-25T13:35:35.953672081Z
Received from client at : 2023-05-25T13:35:35.987574604Z
Duration  3.869187262
Exp 4
Connecting to "/run/containerd/io.containerd.runtime.v2.task/k8s.io/8105" at 2023-05-25T13:35:42.898574293Z
Received from client at : 2023-05-25T13:35:42.930985341Z
Duration  3.944237870
Exp 5
Connecting to "/run/containerd/io.containerd.runtime.v2.task/k8s.io/1806" at 2023-05-25T13:35:49.918501341Z
Received from client at : 2023-05-25T13:35:49.950609227Z
Duration  4.030327674
Exp 6
Connecting to "/run/containerd/io.containerd.runtime.v2.task/k8s.io/25914" at 2023-05-25T13:35:56.842843282Z
Received from client at : 2023-05-25T13:35:56.876201324Z
Duration  3.898877918
Exp 7
Connecting to "/run/containerd/io.containerd.runtime.v2.task/k8s.io/14968" at 2023-05-25T13:36:03.712935005Z
Received from client at : 2023-05-25T13:36:03.746379365Z
Duration  3.871493399
Exp 8
Connecting to "/run/containerd/io.containerd.runtime.v2.task/k8s.io/17961" at 2023-05-25T13:36:10.698125597Z
Received from client at : 2023-05-25T13:36:10.730786605Z
Duration  3.977932015
Exp 9
Connecting to "/run/containerd/io.containerd.runtime.v2.task/k8s.io/8415" at 2023-05-25T13:36:18.893534489Z
Received from client at : 2023-05-25T13:36:18.936444808Z
Duration  6.464355269
Exp 10
Connecting to "/run/containerd/io.containerd.runtime.v2.task/k8s.io/29885" at 2023-05-25T13:36:28.403056964Z
Received from client at : 2023-05-25T13:36:28.448185281Z
Duration  6.506758205
Exp 11
Connecting to "/run/containerd/io.containerd.runtime.v2.task/k8s.io/27481" at 2023-05-25T13:36:36.586510803Z
Received from client at : 2023-05-25T13:36:36.620859805Z
Duration  3.876699390
Exp 12
Connecting to "/run/containerd/io.containerd.runtime.v2.task/k8s.io/28016" at 2023-05-25T13:36:43.545973628Z
Received from client at : 2023-05-25T13:36:43.579174742Z
Duration  3.971926229
Exp 13
Connecting to "/run/containerd/io.containerd.runtime.v2.task/k8s.io/20527" at 2023-05-25T13:36:50.487280162Z
Received from client at : 2023-05-25T13:36:50.521041285Z
Duration  3.923013043
Exp 14
Connecting to "/run/containerd/io.containerd.runtime.v2.task/k8s.io/1654" at 2023-05-25T13:36:57.358225389Z
Received from client at : 2023-05-25T13:36:57.391691059Z
Duration  3.869141855
Exp 15
Connecting to "/run/containerd/io.containerd.runtime.v2.task/k8s.io/31819" at 2023-05-25T13:37:04.337605940Z
Received from client at : 2023-05-25T13:37:04.370952382Z
Duration  3.978290708
Exp 16
Connecting to "/run/containerd/io.containerd.runtime.v2.task/k8s.io/9529" at 2023-05-25T13:37:11.253172029Z
Received from client at : 2023-05-25T13:37:11.286319030Z
Duration  3.898894208
Exp 17
Connecting to "/run/containerd/io.containerd.runtime.v2.task/k8s.io/6365" at 2023-05-25T13:37:18.160212239Z
Received from client at : 2023-05-25T13:37:18.192473085Z
Duration  3.899361741
Exp 18
Connecting to "/run/containerd/io.containerd.runtime.v2.task/k8s.io/23036" at 2023-05-25T13:37:25.054248614Z
Received from client at : 2023-05-25T13:37:25.087646619Z
Duration  3.887656384
Exp 19
Connecting to "/run/containerd/io.containerd.runtime.v2.task/k8s.io/2852" at 2023-05-25T13:37:31.947393811Z
Received from client at : 2023-05-25T13:37:31.980680218Z
Duration  3.886389613
Exp 20
Connecting to "/run/containerd/io.containerd.runtime.v2.task/k8s.io/32661" at 2023-05-25T13:37:38.935069501Z
Received from client at : 2023-05-25T13:37:38.968492606Z
Duration  3.971334269
Exp 21
Connecting to "/run/containerd/io.containerd.runtime.v2.task/k8s.io/12013" at 2023-05-25T13:37:45.830220629Z
Received from client at : 2023-05-25T13:37:45.862554912Z
Duration  3.906313351
Exp 22
Connecting to "/run/containerd/io.containerd.runtime.v2.task/k8s.io/1603" at 2023-05-25T13:37:52.796511494Z
Received from client at : 2023-05-25T13:37:52.829778563Z
Duration  3.946845196
Exp 23
Connecting to "/run/containerd/io.containerd.runtime.v2.task/k8s.io/28977" at 2023-05-25T13:37:59.734864440Z
Received from client at : 2023-05-25T13:37:59.766859443Z
Duration  3.941741638
Exp 24
Connecting to "/run/containerd/io.containerd.runtime.v2.task/k8s.io/6857" at 2023-05-25T13:38:06.638249035Z
Received from client at : 2023-05-25T13:38:06.670363308Z
Duration  3.894492307
Exp 25
Connecting to "/run/containerd/io.containerd.runtime.v2.task/k8s.io/4292" at 2023-05-25T13:38:13.508252602Z
Received from client at : 2023-05-25T13:38:13.542598164Z
Duration  3.898649698
Exp 26
Connecting to "/run/containerd/io.containerd.runtime.v2.task/k8s.io/18418" at 2023-05-25T13:38:20.551507020Z
Received from client at : 2023-05-25T13:38:20.584917334Z
Duration  4.012444795
Exp 27
Connecting to "/run/containerd/io.containerd.runtime.v2.task/k8s.io/21166" at 2023-05-25T13:38:27.429687493Z
Received from client at : 2023-05-25T13:38:27.461986428Z
Duration  3.853027557
Exp 28
Connecting to "/run/containerd/io.containerd.runtime.v2.task/k8s.io/20277" at 2023-05-25T13:38:34.433087991Z
Received from client at : 2023-05-25T13:38:34.466128600Z
Duration  4.041023687
Exp 29
Connecting to "/run/containerd/io.containerd.runtime.v2.task/k8s.io/28183" at 2023-05-25T13:38:41.474457589Z
Received from client at : 2023-05-25T13:38:41.507913732Z
Duration  3.992609831
Exp 30
Connecting to "/run/containerd/io.containerd.runtime.v2.task/k8s.io/29025" at 2023-05-25T13:38:48.368709445Z
Received from client at : 2023-05-25T13:38:48.402645810Z
Duration  3.891348265
Exp 31
Connecting to "/run/containerd/io.containerd.runtime.v2.task/k8s.io/872" at 2023-05-25T13:38:55.268743988Z
Received from client at : 2023-05-25T13:38:55.301968914Z
Duration  3.958775867
Exp 32
Connecting to "/run/containerd/io.containerd.runtime.v2.task/k8s.io/591" at 2023-05-25T13:39:02.237172146Z
Received from client at : 2023-05-25T13:39:02.269301826Z
Duration  3.884417410
Exp 33
Connecting to "/run/containerd/io.containerd.runtime.v2.task/k8s.io/22631" at 2023-05-25T13:39:09.165273871Z
Received from client at : 2023-05-25T13:39:09.198949556Z
Duration  3.928491519
Exp 34
Connecting to "/run/containerd/io.containerd.runtime.v2.task/k8s.io/23827" at 2023-05-25T13:39:16.041118655Z
Received from client at : 2023-05-25T13:39:16.074375954Z
Duration  3.881064649
Exp 35
Connecting to "/run/containerd/io.containerd.runtime.v2.task/k8s.io/21572" at 2023-05-25T13:39:23.035690823Z
Received from client at : 2023-05-25T13:39:23.068886878Z
Duration  3.973402409
Exp 36
Connecting to "/run/containerd/io.containerd.runtime.v2.task/k8s.io/6848" at 2023-05-25T13:39:29.961475503Z
Received from client at : 2023-05-25T13:39:29.994996425Z
Duration  3.925999401
Exp 37
Connecting to "/run/containerd/io.containerd.runtime.v2.task/k8s.io/19426" at 2023-05-25T13:39:36.860200054Z
Received from client at : 2023-05-25T13:39:36.893475532Z
Duration  3.918591348
Exp 38
Connecting to "/run/containerd/io.containerd.runtime.v2.task/k8s.io/19343" at 2023-05-25T13:39:43.740508470Z
Received from client at : 2023-05-25T13:39:43.772623108Z
Duration  3.847036265
Exp 39
Connecting to "/run/containerd/io.containerd.runtime.v2.task/k8s.io/28316" at 2023-05-25T13:39:50.657538673Z
Received from client at : 2023-05-25T13:39:50.690802610Z
Duration  3.910087809
Exp 40
Connecting to "/run/containerd/io.containerd.runtime.v2.task/k8s.io/1845" at 2023-05-25T13:39:57.530865983Z
Received from client at : 2023-05-25T13:39:57.562781654Z
Duration  3.853069581
Exp 41
Connecting to "/run/containerd/io.containerd.runtime.v2.task/k8s.io/9446" at 2023-05-25T13:40:04.458786992Z
Received from client at : 2023-05-25T13:40:04.491200728Z
Duration  3.925305609
Exp 42
Connecting to "/run/containerd/io.containerd.runtime.v2.task/k8s.io/15710" at 2023-05-25T13:40:11.337937306Z
Received from client at : 2023-05-25T13:40:11.371321535Z
Duration  3.877071308
Exp 43
Connecting to "/run/containerd/io.containerd.runtime.v2.task/k8s.io/24295" at 2023-05-25T13:40:18.270141690Z
Received from client at : 2023-05-25T13:40:18.302723332Z
Duration  3.920200302
Exp 44
Connecting to "/run/containerd/io.containerd.runtime.v2.task/k8s.io/32484" at 2023-05-25T13:40:25.098017089Z
Received from client at : 2023-05-25T13:40:25.130276137Z
Duration  3.831075260
Exp 45
Connecting to "/run/containerd/io.containerd.runtime.v2.task/k8s.io/13302" at 2023-05-25T13:40:32.019550324Z
Received from client at : 2023-05-25T13:40:32.052721494Z
Duration  3.908116594
Exp 46
Connecting to "/run/containerd/io.containerd.runtime.v2.task/k8s.io/25245" at 2023-05-25T13:40:38.940045557Z
Received from client at : 2023-05-25T13:40:38.972367923Z
Duration  3.900694181
Exp 47
Connecting to "/run/containerd/io.containerd.runtime.v2.task/k8s.io/19236" at 2023-05-25T13:40:45.853258339Z
Received from client at : 2023-05-25T13:40:45.886818431Z
Duration  3.917187624
Exp 48
Connecting to "/run/containerd/io.containerd.runtime.v2.task/k8s.io/6524" at 2023-05-25T13:40:52.780452861Z
Received from client at : 2023-05-25T13:40:52.812519026Z
Duration  3.922038129
Exp 49
Connecting to "/run/containerd/io.containerd.runtime.v2.task/k8s.io/30857" at 2023-05-25T13:40:59.641230785Z
Received from client at : 2023-05-25T13:40:59.673806806Z
Duration  3.852612696
Exp 50
Connecting to "/run/containerd/io.containerd.runtime.v2.task/k8s.io/31830" at 2023-05-25T13:41:06.512086249Z
Received from client at : 2023-05-25T13:41:06.544190599Z
Duration  3.858666981%