Telemetry(timestamp='29.05.2023 20:30:42.144900', value='5.102041', node='ubuntu', metric='cpu', subsystem=None)
Telemetry(timestamp='29.05.2023 20:30:42.146821', value='8.000000', node='ubuntu', metric='tx', subsystem='enp0s25')
Telemetry(timestamp='29.05.2023 20:30:42.317616', value='4.000000', node='ubuntu', metric='rx', subsystem='enp0s25')
Telemetry(timestamp='29.05.2023 20:30:42.644502', value='976016.000000', node='ubuntu', metric='ram', subsystem=None)
Telemetry(timestamp='29.05.2023 20:30:42.644810', value='0.505051', node='ubuntu', metric='cpu', subsystem=None)
Telemetry(timestamp='29.05.2023 20:30:42.646445', value='8.000000', node='ubuntu', metric='tx', subsystem='enp0s25')
Telemetry(timestamp='29.05.2023 20:30:42.826522', value='4.000000', node='ubuntu', metric='rx', subsystem='enp0s25')
Telemetry(timestamp='29.05.2023 20:30:43.144611', value='0.507614', node='ubuntu', metric='cpu', subsystem=None)
Telemetry(timestamp='29.05.2023 20:30:43.145648', value='8.000000', node='ubuntu', metric='tx', subsystem='enp0s25')
Telemetry(timestamp='29.05.2023 20:30:43.333742', value='3.000000', node='ubuntu', metric='rx', subsystem='enp0s25')
Telemetry(timestamp='29.05.2023 20:30:43.644068', value='976016.000000', node='ubuntu', metric='ram', subsystem=None)
Telemetry(timestamp='29.05.2023 20:30:43.645091', value='0.000000', node='ubuntu', metric='cpu', subsystem=None)
Telemetry(timestamp='29.05.2023 20:30:43.645428', value='8.000000', node='ubuntu', metric='tx', subsystem='enp0s25')
Telemetry(timestamp='29.05.2023 20:30:43.853575', value='3.000000', node='ubuntu', metric='rx', subsystem='enp0s25')
Telemetry(timestamp='29.05.2023 20:30:44.145457', value='0.505051', node='ubuntu', metric='cpu', subsystem=None)
Telemetry(timestamp='29.05.2023 20:30:44.145581', value='8.000000', node='ubuntu', metric='tx', subsystem='enp0s25')
Telemetry(timestamp='29.05.2023 20:30:44.359191', value='3.000000', node='ubuntu', metric='rx', subsystem='enp0s25')
Telemetry(timestamp='29.05.2023 20:30:44.645165', value='1.005025', node='ubuntu', metric='cpu', subsystem=None)
Telemetry(timestamp='29.05.2023 20:30:44.645458', value='976016.000000', node='ubuntu', metric='ram', subsystem=None)
Telemetry(timestamp='29.05.2023 20:30:44.645781', value='8.000000', node='ubuntu', metric='tx', subsystem='enp0s25')
Telemetry(timestamp='29.05.2023 20:30:44.757314', value='3.000000', node='ubuntu', metric='rx', subsystem='enp0s25')
Telemetry(timestamp='29.05.2023 20:30:45.144674', value='0.000000', node='ubuntu', metric='cpu', subsystem=None)
Telemetry(timestamp='29.05.2023 20:30:45.146822', value='8.000000', node='ubuntu', metric='tx', subsystem='enp0s25')
Telemetry(timestamp='29.05.2023 20:30:45.249125', value='5.000000', node='ubuntu', metric='rx', subsystem='enp0s25')
Telemetry(timestamp='29.05.2023 20:30:45.644853', value='2.020202', node='ubuntu', metric='cpu', subsystem=None)
Telemetry(timestamp='29.05.2023 20:30:45.645177', value='9.000000', node='ubuntu', metric='tx', subsystem='enp0s25')
Telemetry(timestamp='29.05.2023 20:30:45.646111', value='976016.000000', node='ubuntu', metric='ram', subsystem=None)
Telemetry(timestamp='29.05.2023 20:30:45.658427', value='7.000000', node='ubuntu', metric='rx', subsystem='enp0s25')
Telemetry(timestamp='29.05.2023 20:30:46.145736', value='9.000000', node='ubuntu', metric='tx', subsystem='enp0s25')
Telemetry(timestamp='29.05.2023 20:30:46.147112', value='1.507538', node='ubuntu', metric='cpu', subsystem=None)
Telemetry(timestamp='29.05.2023 20:30:46.173911', value='8.000000', node='ubuntu', metric='rx', subsystem='enp0s25')
Telemetry(timestamp='29.05.2023 20:30:46.644263', value='0.050000', node='ubuntu', metric='load1', subsystem=None)
Telemetry(timestamp='29.05.2023 20:30:46.644267', value='0.070000', node='ubuntu', metric='load5', subsystem=None)
Telemetry(timestamp='29.05.2023 20:30:46.644939', value='976016.000000', node='ubuntu', metric='ram', subsystem=None)
Telemetry(timestamp='29.05.2023 20:30:46.645274', value='1.010101', node='ubuntu', metric='cpu', subsystem=None)
Telemetry(timestamp='29.05.2023 20:30:46.648315', value='11.000000', node='ubuntu', metric='tx', subsystem='enp0s25')
Telemetry(timestamp='29.05.2023 20:30:46.689923', value='9.000000', node='ubuntu', metric='rx', subsystem='enp0s25')
Telemetry(timestamp='29.05.2023 20:30:47.144947', value='5.154639', node='ubuntu', metric='cpu', subsystem=None)
Telemetry(timestamp='29.05.2023 20:30:47.146412', value='11.000000', node='ubuntu', metric='tx', subsystem='enp0s25')
Telemetry(timestamp='29.05.2023 20:30:47.237984', value='8.000000', node='ubuntu', metric='rx', subsystem='enp0s25')
Telemetry(timestamp='29.05.2023 20:30:47.644753', value='1.005025', node='ubuntu', metric='cpu', subsystem=None)
Telemetry(timestamp='29.05.2023 20:30:47.645255', value='976256.000000', node='ubuntu', metric='ram', subsystem=None)
Telemetry(timestamp='29.05.2023 20:30:47.645949', value='10.000000', node='ubuntu', metric='tx', subsystem='enp0s25')
Telemetry(timestamp='29.05.2023 20:30:47.741634', value='6.000000', node='ubuntu', metric='rx', subsystem='enp0s25')
Telemetry(timestamp='29.05.2023 20:30:48.144939', value='0.505051', node='ubuntu', metric='cpu', subsystem=None)
Telemetry(timestamp='29.05.2023 20:30:48.145176', value='8.000000', node='ubuntu', metric='tx', subsystem='enp0s25')
Telemetry(timestamp='29.05.2023 20:30:48.185995', value='5.000000', node='ubuntu', metric='rx', subsystem='enp0s25')
Telemetry(timestamp='29.05.2023 20:30:48.644349', value='0.000000', node='ubuntu', metric='cpu', subsystem=None)
Telemetry(timestamp='29.05.2023 20:30:48.644610', value='976256.000000', node='ubuntu', metric='ram', subsystem=None)
Telemetry(timestamp='29.05.2023 20:30:48.645824', value='8.000000', node='ubuntu', metric='tx', subsystem='enp0s25')
Telemetry(timestamp='29.05.2023 20:30:48.685573', value='6.000000', node='ubuntu', metric='rx', subsystem='enp0s25')
Telemetry(timestamp='29.05.2023 20:30:49.144928', value='1.005025', node='ubuntu', metric='cpu', subsystem=None)
Telemetry(timestamp='29.05.2023 20:30:49.145385', value='8.000000', node='ubuntu', metric='tx', subsystem='enp0s25')
Telemetry(timestamp='29.05.2023 20:30:49.409015', value='6.000000', node='ubuntu', metric='rx', subsystem='enp0s25')
Telemetry(timestamp='29.05.2023 20:30:49.644772', value='1.005025', node='ubuntu', metric='cpu', subsystem=None)
Telemetry(timestamp='29.05.2023 20:30:49.645838', value='976256.000000', node='ubuntu', metric='ram', subsystem=None)
Telemetry(timestamp='29.05.2023 20:30:49.646085', value='8.000000', node='ubuntu', metric='tx', subsystem='enp0s25')
Telemetry(timestamp='29.05.2023 20:30:49.791468', value='7.000000', node='ubuntu', metric='rx', subsystem='enp0s25')
Telemetry(timestamp='29.05.2023 20:30:50.144745', value='0.000000', node='ubuntu', metric='cpu', subsystem=None)
Telemetry(timestamp='29.05.2023 20:30:50.146412', value='9.000000', node='ubuntu', metric='tx', subsystem='enp0s25')
Telemetry(timestamp='29.05.2023 20:30:50.258139', value='7.000000', node='ubuntu', metric='rx', subsystem='enp0s25')
Telemetry(timestamp='29.05.2023 20:30:50.644413', value='1.005025', node='ubuntu', metric='cpu', subsystem=None)
Telemetry(timestamp='29.05.2023 20:30:50.644704', value='976256.000000', node='ubuntu', metric='ram', subsystem=None)
Telemetry(timestamp='29.05.2023 20:30:50.645295', value='9.000000', node='ubuntu', metric='tx', subsystem='enp0s25')
Telemetry(timestamp='29.05.2023 20:30:50.802809', value='5.000000', node='ubuntu', metric='rx', subsystem='enp0s25')
Telemetry(timestamp='29.05.2023 20:30:51.144739', value='0.000000', node='ubuntu', metric='cpu', subsystem=None)
Telemetry(timestamp='29.05.2023 20:30:51.144965', value='8.000000', node='ubuntu', metric='tx', subsystem='enp0s25')
Telemetry(timestamp='29.05.2023 20:30:51.326322', value='5.000000', node='ubuntu', metric='rx', subsystem='enp0s25')
Telemetry(timestamp='29.05.2023 20:30:51.644805', value='4.568528', node='ubuntu', metric='cpu', subsystem=None)
Telemetry(timestamp='29.05.2023 20:30:51.645165', value='0.040000', node='ubuntu', metric='load1', subsystem=None)
Telemetry(timestamp='29.05.2023 20:30:51.645505', value='980504.000000', node='ubuntu', metric='ram', subsystem=None)
Telemetry(timestamp='29.05.2023 20:30:51.646159', value='25.000000', node='ubuntu', metric='tx', subsystem='enp0s25')
Telemetry(timestamp='29.05.2023 20:30:51.825780', value='0.070000', node='ubuntu', metric='load5', subsystem=None)
Telemetry(timestamp='29.05.2023 20:30:51.849058', value='599.000000', node='ubuntu', metric='rx', subsystem='enp0s25')
Telemetry(timestamp='29.05.2023 20:30:52.145129', value='68.000000', node='ubuntu', metric='tx', subsystem='enp0s25')
Telemetry(timestamp='29.05.2023 20:30:52.145471', value='10.497238', node='ubuntu', metric='cpu', subsystem=None)
Telemetry(timestamp='29.05.2023 20:30:52.338905', value='2521.000000', node='ubuntu', metric='rx', subsystem='enp0s25')
Telemetry(timestamp='29.05.2023 20:30:52.644655', value='981764.000000', node='ubuntu', metric='ram', subsystem=None)
Telemetry(timestamp='29.05.2023 20:30:52.646812', value='92.000000', node='ubuntu', metric='tx', subsystem='enp0s25')
Telemetry(timestamp='29.05.2023 20:30:52.647456', value='3.296703', node='ubuntu', metric='cpu', subsystem=None)
Telemetry(timestamp='29.05.2023 20:30:52.847760', value='3747.000000', node='ubuntu', metric='rx', subsystem='enp0s25')
Telemetry(timestamp='29.05.2023 20:30:53.145283', value='4.324324', node='ubuntu', metric='cpu', subsystem=None)
Telemetry(timestamp='29.05.2023 20:30:53.146155', value='85.000000', node='ubuntu', metric='tx', subsystem='enp0s25')
Telemetry(timestamp='29.05.2023 20:30:53.372411', value='3422.000000', node='ubuntu', metric='rx', subsystem='enp0s25')
Telemetry(timestamp='29.05.2023 20:30:53.645172', value='985796.000000', node='ubuntu', metric='ram', subsystem=None)
Telemetry(timestamp='29.05.2023 20:30:53.645246', value='85.000000', node='ubuntu', metric='tx', subsystem='enp0s25')
Telemetry(timestamp='29.05.2023 20:30:53.645793', value='6.382979', node='ubuntu', metric='cpu', subsystem=None)
Telemetry(timestamp='29.05.2023 20:30:53.772966', value='3412.000000', node='ubuntu', metric='rx', subsystem='enp0s25')
Telemetry(timestamp='29.05.2023 20:30:54.144900', value='5.945946', node='ubuntu', metric='cpu', subsystem=None)
Telemetry(timestamp='29.05.2023 20:30:54.145865', value='93.000000', node='ubuntu', metric='tx', subsystem='enp0s25')
Telemetry(timestamp='29.05.2023 20:30:54.186136', value='3605.000000', node='ubuntu', metric='rx', subsystem='enp0s25')
Telemetry(timestamp='29.05.2023 20:30:54.645138', value='6.451613', node='ubuntu', metric='cpu', subsystem=None)
Telemetry(timestamp='29.05.2023 20:30:54.645316', value='994364.000000', node='ubuntu', metric='ram', subsystem=None)
Telemetry(timestamp='29.05.2023 20:30:54.645868', value='93.000000', node='ubuntu', metric='tx', subsystem='enp0s25')
Telemetry(timestamp='29.05.2023 20:30:54.804067', value='3670.000000', node='ubuntu', metric='rx', subsystem='enp0s25')
Telemetry(timestamp='29.05.2023 20:30:55.144809', value='5.405405', node='ubuntu', metric='cpu', subsystem=None)
Telemetry(timestamp='29.05.2023 20:30:55.145995', value='91.000000', node='ubuntu', metric='tx', subsystem='enp0s25')
Telemetry(timestamp='29.05.2023 20:30:55.318658', value='3724.000000', node='ubuntu', metric='rx', subsystem='enp0s25')
Telemetry(timestamp='29.05.2023 20:30:55.644635', value='994364.000000', node='ubuntu', metric='ram', subsystem=None)
Telemetry(timestamp='29.05.2023 20:30:55.645300', value='3.278689', node='ubuntu', metric='cpu', subsystem=None)
Telemetry(timestamp='29.05.2023 20:30:55.646020', value='93.000000', node='ubuntu', metric='tx', subsystem='enp0s25')
Telemetry(timestamp='29.05.2023 20:30:55.833308', value='3721.000000', node='ubuntu', metric='rx', subsystem='enp0s25')
Telemetry(timestamp='29.05.2023 20:30:56.144647', value='5.376344', node='ubuntu', metric='cpu', subsystem=None)
Telemetry(timestamp='29.05.2023 20:30:56.145763', value='94.000000', node='ubuntu', metric='tx', subsystem='enp0s25')
Telemetry(timestamp='29.05.2023 20:30:56.270961', value='3656.000000', node='ubuntu', metric='rx', subsystem='enp0s25')
Telemetry(timestamp='29.05.2023 20:30:56.644428', value='0.040000', node='ubuntu', metric='load1', subsystem=None)
Telemetry(timestamp='29.05.2023 20:30:56.645230', value='1010744.000000', node='ubuntu', metric='ram', subsystem=None)
Telemetry(timestamp='29.05.2023 20:30:56.645602', value='90.000000', node='ubuntu', metric='tx', subsystem='enp0s25')
Telemetry(timestamp='29.05.2023 20:30:56.645887', value='5.464481', node='ubuntu', metric='cpu', subsystem=None)
Telemetry(timestamp='29.05.2023 20:30:56.827772', value='0.070000', node='ubuntu', metric='load5', subsystem=None)
Telemetry(timestamp='29.05.2023 20:30:56.858025', value='3622.000000', node='ubuntu', metric='rx', subsystem='enp0s25')
Telemetry(timestamp='29.05.2023 20:30:57.144964', value='7.446809', node='ubuntu', metric='cpu', subsystem=None)
Telemetry(timestamp='29.05.2023 20:30:57.146421', value='94.000000', node='ubuntu', metric='tx', subsystem='enp0s25')
Telemetry(timestamp='29.05.2023 20:30:57.277492', value='3551.000000', node='ubuntu', metric='rx', subsystem='enp0s25')
Telemetry(timestamp='29.05.2023 20:30:57.644691', value='1010988.000000', node='ubuntu', metric='ram', subsystem=None)
Telemetry(timestamp='29.05.2023 20:30:57.645184', value='4.736842', node='ubuntu', metric='cpu', subsystem=None)
Telemetry(timestamp='29.05.2023 20:30:57.646648', value='96.000000', node='ubuntu', metric='tx', subsystem='enp0s25')
Telemetry(timestamp='29.05.2023 20:30:57.882977', value='3267.000000', node='ubuntu', metric='rx', subsystem='enp0s25')
Telemetry(timestamp='29.05.2023 20:30:58.144716', value='5.978261', node='ubuntu', metric='cpu', subsystem=None)
Telemetry(timestamp='29.05.2023 20:30:58.145359', value='90.000000', node='ubuntu', metric='tx', subsystem='enp0s25')
Telemetry(timestamp='29.05.2023 20:30:58.278399', value='3404.000000', node='ubuntu', metric='rx', subsystem='enp0s25')
Telemetry(timestamp='29.05.2023 20:30:58.644373', value='5.376344', node='ubuntu', metric='cpu', subsystem=None)
Telemetry(timestamp='29.05.2023 20:30:58.644968', value='1010988.000000', node='ubuntu', metric='ram', subsystem=None)
Telemetry(timestamp='29.05.2023 20:30:58.645535', value='89.000000', node='ubuntu', metric='tx', subsystem='enp0s25')
Telemetry(timestamp='29.05.2023 20:30:58.810802', value='3606.000000', node='ubuntu', metric='rx', subsystem='enp0s25')
Telemetry(timestamp='29.05.2023 20:30:59.144484', value='3.278689', node='ubuntu', metric='cpu', subsystem=None)
Telemetry(timestamp='29.05.2023 20:30:59.145364', value='89.000000', node='ubuntu', metric='tx', subsystem='enp0s25')
Telemetry(timestamp='29.05.2023 20:30:59.320702', value='3610.000000', node='ubuntu', metric='rx', subsystem='enp0s25')
Telemetry(timestamp='29.05.2023 20:30:59.644702', value='1010988.000000', node='ubuntu', metric='ram', subsystem=None)
Telemetry(timestamp='29.05.2023 20:30:59.644860', value='5.376344', node='ubuntu', metric='cpu', subsystem=None)
Telemetry(timestamp='29.05.2023 20:30:59.645145', value='85.000000', node='ubuntu', metric='tx', subsystem='enp0s25')
Telemetry(timestamp='29.05.2023 20:30:59.816324', value='3589.000000', node='ubuntu', metric='rx', subsystem='enp0s25')
Telemetry(timestamp='29.05.2023 20:31:00.146385', value='4.864865', node='ubuntu', metric='cpu', subsystem=None)
Telemetry(timestamp='29.05.2023 20:31:00.146679', value='86.000000', node='ubuntu', metric='tx', subsystem='enp0s25')
Telemetry(timestamp='29.05.2023 20:31:00.272303', value='3486.000000', node='ubuntu', metric='rx', subsystem='enp0s25')
Telemetry(timestamp='29.05.2023 20:31:00.644698', value='5.729167', node='ubuntu', metric='cpu', subsystem=None)
Telemetry(timestamp='29.05.2023 20:31:00.645213', value='1010988.000000', node='ubuntu', metric='ram', subsystem=None)
Telemetry(timestamp='29.05.2023 20:31:00.646094', value='83.000000', node='ubuntu', metric='tx', subsystem='enp0s25')
Telemetry(timestamp='29.05.2023 20:31:00.847008', value='3132.000000', node='ubuntu', metric='rx', subsystem='enp0s25')
Telemetry(timestamp='29.05.2023 20:31:01.144833', value='18.181818', node='ubuntu', metric='cpu', subsystem=None)
Telemetry(timestamp='29.05.2023 20:31:01.145289', value='62.000000', node='ubuntu', metric='tx', subsystem='enp0s25')
Telemetry(timestamp='29.05.2023 20:31:01.353841', value='2174.000000', node='ubuntu', metric='rx', subsystem='enp0s25')
Telemetry(timestamp='29.05.2023 20:31:01.644655', value='0.040000', node='ubuntu', metric='load1', subsystem=None)
Telemetry(timestamp='29.05.2023 20:31:01.645137', value='1045616.000000', node='ubuntu', metric='ram', subsystem=None)
Telemetry(timestamp='29.05.2023 20:31:01.645802', value='68.000000', node='ubuntu', metric='tx', subsystem='enp0s25')
Telemetry(timestamp='29.05.2023 20:31:01.646107', value='5.319149', node='ubuntu', metric='cpu', subsystem=None)
Telemetry(timestamp='29.05.2023 20:31:01.843829', value='0.070000', node='ubuntu', metric='load5', subsystem=None)
Telemetry(timestamp='29.05.2023 20:31:01.868226', value='2376.000000', node='ubuntu', metric='rx', subsystem='enp0s25')
Telemetry(timestamp='29.05.2023 20:31:02.145062', value='9.289617', node='ubuntu', metric='cpu', subsystem=None)
Telemetry(timestamp='29.05.2023 20:31:02.146197', value='94.000000', node='ubuntu', metric='tx', subsystem='enp0s25')
Telemetry(timestamp='29.05.2023 20:31:02.288850', value='3429.000000', node='ubuntu', metric='rx', subsystem='enp0s25')
Telemetry(timestamp='29.05.2023 20:31:02.644413', value='1050228.000000', node='ubuntu', metric='ram', subsystem=None)
Telemetry(timestamp='29.05.2023 20:31:02.646163', value='4.419890', node='ubuntu', metric='cpu', subsystem=None)
Telemetry(timestamp='29.05.2023 20:31:02.646481', value='95.000000', node='ubuntu', metric='tx', subsystem='enp0s25')
Telemetry(timestamp='29.05.2023 20:31:02.789727', value='3634.000000', node='ubuntu', metric='rx', subsystem='enp0s25')
Telemetry(timestamp='29.05.2023 20:31:03.144530', value='4.347826', node='ubuntu', metric='cpu', subsystem=None)
Telemetry(timestamp='29.05.2023 20:31:03.145785', value='88.000000', node='ubuntu', metric='tx', subsystem='enp0s25')
Telemetry(timestamp='29.05.2023 20:31:03.303163', value='3685.000000', node='ubuntu', metric='rx', subsystem='enp0s25')
Telemetry(timestamp='29.05.2023 20:31:03.644974', value='4.347826', node='ubuntu', metric='cpu', subsystem=None)
Telemetry(timestamp='29.05.2023 20:31:03.645034', value='88.000000', node='ubuntu', metric='tx', subsystem='enp0s25')
Telemetry(timestamp='29.05.2023 20:31:03.645304', value='1058544.000000', node='ubuntu', metric='ram', subsystem=None)
Telemetry(timestamp='29.05.2023 20:31:03.812592', value='3744.000000', node='ubuntu', metric='rx', subsystem='enp0s25')
Telemetry(timestamp='29.05.2023 20:31:04.144695', value='5.434783', node='ubuntu', metric='cpu', subsystem=None)
Telemetry(timestamp='29.05.2023 20:31:04.145511', value='85.000000', node='ubuntu', metric='tx', subsystem='enp0s25')
Telemetry(timestamp='29.05.2023 20:31:04.335418', value='3757.000000', node='ubuntu', metric='rx', subsystem='enp0s25')
Telemetry(timestamp='29.05.2023 20:31:04.644982', value='5.882353', node='ubuntu', metric='cpu', subsystem=None)
Telemetry(timestamp='29.05.2023 20:31:04.645095', value='82.000000', node='ubuntu', metric='tx', subsystem='enp0s25')
Telemetry(timestamp='29.05.2023 20:31:04.645336', value='1058544.000000', node='ubuntu', metric='ram', subsystem=None)
Telemetry(timestamp='29.05.2023 20:31:04.836873', value='3722.000000', node='ubuntu', metric='rx', subsystem='enp0s25')
Telemetry(timestamp='29.05.2023 20:31:05.144936', value='4.838710', node='ubuntu', metric='cpu', subsystem=None)
Telemetry(timestamp='29.05.2023 20:31:05.146881', value='80.000000', node='ubuntu', metric='tx', subsystem='enp0s25')
Telemetry(timestamp='29.05.2023 20:31:05.366836', value='3650.000000', node='ubuntu', metric='rx', subsystem='enp0s25')
Telemetry(timestamp='29.05.2023 20:31:05.644615', value='1058544.000000', node='ubuntu', metric='ram', subsystem=None)
Telemetry(timestamp='29.05.2023 20:31:05.644844', value='5.945946', node='ubuntu', metric='cpu', subsystem=None)
Telemetry(timestamp='29.05.2023 20:31:05.645959', value='83.000000', node='ubuntu', metric='tx', subsystem='enp0s25')
Telemetry(timestamp='29.05.2023 20:31:05.865725', value='3835.000000', node='ubuntu', metric='rx', subsystem='enp0s25')
Telemetry(timestamp='29.05.2023 20:31:06.145065', value='4.232804', node='ubuntu', metric='cpu', subsystem=None)
Telemetry(timestamp='29.05.2023 20:31:06.145401', value='75.000000', node='ubuntu', metric='tx', subsystem='enp0s25')
Telemetry(timestamp='29.05.2023 20:31:06.392137', value='3381.000000', node='ubuntu', metric='rx', subsystem='enp0s25')
Telemetry(timestamp='29.05.2023 20:31:06.644790', value='0.030000', node='ubuntu', metric='load1', subsystem=None)
Telemetry(timestamp='29.05.2023 20:31:06.645160', value='3.225806', node='ubuntu', metric='cpu', subsystem=None)
Telemetry(timestamp='29.05.2023 20:31:06.645417', value='1067112.000000', node='ubuntu', metric='ram', subsystem=None)
Telemetry(timestamp='29.05.2023 20:31:06.645601', value='63.000000', node='ubuntu', metric='tx', subsystem='enp0s25')
Telemetry(timestamp='29.05.2023 20:31:06.763525', value='0.070000', node='ubuntu', metric='load5', subsystem=None)
Telemetry(timestamp='29.05.2023 20:31:06.791186', value='2657.000000', node='ubuntu', metric='rx', subsystem='enp0s25')
Telemetry(timestamp='29.05.2023 20:31:07.146604', value='75.000000', node='ubuntu', metric='tx', subsystem='enp0s25')
Telemetry(timestamp='29.05.2023 20:31:07.148195', value='12.299465', node='ubuntu', metric='cpu', subsystem=None)
Telemetry(timestamp='29.05.2023 20:31:07.299356', value='3247.000000', node='ubuntu', metric='rx', subsystem='enp0s25')
Telemetry(timestamp='29.05.2023 20:31:07.645187', value='1067112.000000', node='ubuntu', metric='ram', subsystem=None)
Telemetry(timestamp='29.05.2023 20:31:07.645213', value='3.846154', node='ubuntu', metric='cpu', subsystem=None)
Telemetry(timestamp='29.05.2023 20:31:07.646898', value='87.000000', node='ubuntu', metric='tx', subsystem='enp0s25')
Telemetry(timestamp='29.05.2023 20:31:07.808531', value='3862.000000', node='ubuntu', metric='rx', subsystem='enp0s25')
Telemetry(timestamp='29.05.2023 20:31:08.144654', value='6.914894', node='ubuntu', metric='cpu', subsystem=None)
Telemetry(timestamp='29.05.2023 20:31:08.148317', value='86.000000', node='ubuntu', metric='tx', subsystem='enp0s25')
Telemetry(timestamp='29.05.2023 20:31:08.324721', value='3858.000000', node='ubuntu', metric='rx', subsystem='enp0s25')
Telemetry(timestamp='29.05.2023 20:31:08.644825', value='5.945946', node='ubuntu', metric='cpu', subsystem=None)
Telemetry(timestamp='29.05.2023 20:31:08.645095', value='1067112.000000', node='ubuntu', metric='ram', subsystem=None)
Telemetry(timestamp='29.05.2023 20:31:08.646003', value='85.000000', node='ubuntu', metric='tx', subsystem='enp0s25')
Telemetry(timestamp='29.05.2023 20:31:08.839134', value='3914.000000', node='ubuntu', metric='rx', subsystem='enp0s25')
Telemetry(timestamp='29.05.2023 20:31:09.145565', value='85.000000', node='ubuntu', metric='tx', subsystem='enp0s25')
Telemetry(timestamp='29.05.2023 20:31:09.145808', value='6.349206', node='ubuntu', metric='cpu', subsystem=None)
Telemetry(timestamp='29.05.2023 20:31:09.340191', value='3864.000000', node='ubuntu', metric='rx', subsystem='enp0s25')
Telemetry(timestamp='29.05.2023 20:31:09.644920', value='5.978261', node='ubuntu', metric='cpu', subsystem=None)
Telemetry(timestamp='29.05.2023 20:31:09.645572', value='84.000000', node='ubuntu', metric='tx', subsystem='enp0s25')
Telemetry(timestamp='29.05.2023 20:31:09.646132', value='1067112.000000', node='ubuntu', metric='ram', subsystem=None)
Telemetry(timestamp='29.05.2023 20:31:09.667747', value='3868.000000', node='ubuntu', metric='rx', subsystem='enp0s25')
Telemetry(timestamp='29.05.2023 20:31:10.145671', value='17.486339', node='ubuntu', metric='cpu', subsystem=None)
Telemetry(timestamp='29.05.2023 20:31:10.145678', value='65.000000', node='ubuntu', metric='tx', subsystem='enp0s25')
Telemetry(timestamp='29.05.2023 20:31:10.278691', value='2825.000000', node='ubuntu', metric='rx', subsystem='enp0s25')
Telemetry(timestamp='29.05.2023 20:31:10.644859', value='5.913978', node='ubuntu', metric='cpu', subsystem=None)
Telemetry(timestamp='29.05.2023 20:31:10.645488', value='1091840.000000', node='ubuntu', metric='ram', subsystem=None)
Telemetry(timestamp='29.05.2023 20:31:10.645594', value='69.000000', node='ubuntu', metric='tx', subsystem='enp0s25')
Telemetry(timestamp='29.05.2023 20:31:10.769607', value='2712.000000', node='ubuntu', metric='rx', subsystem='enp0s25')
Telemetry(timestamp='29.05.2023 20:31:11.144831', value='91.000000', node='ubuntu', metric='tx', subsystem='enp0s25')
Telemetry(timestamp='29.05.2023 20:31:11.145468', value='3.825137', node='ubuntu', metric='cpu', subsystem=None)
Telemetry(timestamp='29.05.2023 20:31:11.282155', value='3581.000000', node='ubuntu', metric='rx', subsystem='enp0s25')
Telemetry(timestamp='29.05.2023 20:31:11.643963', value='0.030000', node='ubuntu', metric='load1', subsystem=None)
Telemetry(timestamp='29.05.2023 20:31:11.643967', value='0.060000', node='ubuntu', metric='load5', subsystem=None)
Telemetry(timestamp='29.05.2023 20:31:11.644748', value='1094260.000000', node='ubuntu', metric='ram', subsystem=None)
Telemetry(timestamp='29.05.2023 20:31:11.646486', value='8.021390', node='ubuntu', metric='cpu', subsystem=None)
Telemetry(timestamp='29.05.2023 20:31:11.646686', value='87.000000', node='ubuntu', metric='tx', subsystem='enp0s25')
Telemetry(timestamp='29.05.2023 20:31:11.814356', value='3434.000000', node='ubuntu', metric='rx', subsystem='enp0s25')
Telemetry(timestamp='29.05.2023 20:31:12.144394', value='13.368984', node='ubuntu', metric='cpu', subsystem=None)
Telemetry(timestamp='29.05.2023 20:31:12.146003', value='86.000000', node='ubuntu', metric='tx', subsystem='enp0s25')
Telemetry(timestamp='29.05.2023 20:31:12.318759', value='3433.000000', node='ubuntu', metric='rx', subsystem='enp0s25')
Telemetry(timestamp='29.05.2023 20:31:12.645358', value='3.763441', node='ubuntu', metric='cpu', subsystem=None)
Telemetry(timestamp='29.05.2023 20:31:12.645509', value='86.000000', node='ubuntu', metric='tx', subsystem='enp0s25')
Telemetry(timestamp='29.05.2023 20:31:12.645975', value='1092212.000000', node='ubuntu', metric='ram', subsystem=None)
Telemetry(timestamp='29.05.2023 20:31:12.914523', value='3436.000000', node='ubuntu', metric='rx', subsystem='enp0s25')
Telemetry(timestamp='29.05.2023 20:31:13.146186', value='5.820106', node='ubuntu', metric='cpu', subsystem=None)
Telemetry(timestamp='29.05.2023 20:31:13.146493', value='88.000000', node='ubuntu', metric='tx', subsystem='enp0s25')
Telemetry(timestamp='29.05.2023 20:31:13.362564', value='3518.000000', node='ubuntu', metric='rx', subsystem='enp0s25')
Telemetry(timestamp='29.05.2023 20:31:13.644861', value='3.763441', node='ubuntu', metric='cpu', subsystem=None)
Telemetry(timestamp='29.05.2023 20:31:13.645033', value='1100964.000000', node='ubuntu', metric='ram', subsystem=None)
Telemetry(timestamp='29.05.2023 20:31:13.646740', value='93.000000', node='ubuntu', metric='tx', subsystem='enp0s25')
Telemetry(timestamp='29.05.2023 20:31:13.850534', value='3232.000000', node='ubuntu', metric='rx', subsystem='enp0s25')
Telemetry(timestamp='29.05.2023 20:31:14.144591', value='3.278689', node='ubuntu', metric='cpu', subsystem=None)
Telemetry(timestamp='29.05.2023 20:31:14.144990', value='87.000000', node='ubuntu', metric='tx', subsystem='enp0s25')
Telemetry(timestamp='29.05.2023 20:31:14.346151', value='3056.000000', node='ubuntu', metric='rx', subsystem='enp0s25')
Telemetry(timestamp='29.05.2023 20:31:14.645353', value='1100964.000000', node='ubuntu', metric='ram', subsystem=None)
Telemetry(timestamp='29.05.2023 20:31:14.647147', value='5.882353', node='ubuntu', metric='cpu', subsystem=None)
Telemetry(timestamp='29.05.2023 20:31:14.647614', value='84.000000', node='ubuntu', metric='tx', subsystem='enp0s25')
Telemetry(timestamp='29.05.2023 20:31:14.884060', value='3407.000000', node='ubuntu', metric='rx', subsystem='enp0s25')
Telemetry(timestamp='29.05.2023 20:31:15.144454', value='3.888889', node='ubuntu', metric='cpu', subsystem=None)
Telemetry(timestamp='29.05.2023 20:31:15.146383', value='87.000000', node='ubuntu', metric='tx', subsystem='enp0s25')
Telemetry(timestamp='29.05.2023 20:31:15.290353', value='3536.000000', node='ubuntu', metric='rx', subsystem='enp0s25')
Telemetry(timestamp='29.05.2023 20:31:15.644860', value='3.804348', node='ubuntu', metric='cpu', subsystem=None)
Telemetry(timestamp='29.05.2023 20:31:15.645022', value='1118320.000000', node='ubuntu', metric='ram', subsystem=None)
Telemetry(timestamp='29.05.2023 20:31:15.649063', value='83.000000', node='ubuntu', metric='tx', subsystem='enp0s25')
Telemetry(timestamp='29.05.2023 20:31:15.806356', value='3599.000000', node='ubuntu', metric='rx', subsystem='enp0s25')
Telemetry(timestamp='29.05.2023 20:31:16.145143', value='83.000000', node='ubuntu', metric='tx', subsystem='enp0s25')
Telemetry(timestamp='29.05.2023 20:31:16.145525', value='6.989247', node='ubuntu', metric='cpu', subsystem=None)
Telemetry(timestamp='29.05.2023 20:31:16.305310', value='3801.000000', node='ubuntu', metric='rx', subsystem='enp0s25')
Telemetry(timestamp='29.05.2023 20:31:16.644214', value='0.030000', node='ubuntu', metric='load1', subsystem=None)
Telemetry(timestamp='29.05.2023 20:31:16.644216', value='0.060000', node='ubuntu', metric='load5', subsystem=None)
Telemetry(timestamp='29.05.2023 20:31:16.644446', value='1129144.000000', node='ubuntu', metric='ram', subsystem=None)
Telemetry(timestamp='29.05.2023 20:31:16.644642', value='11.351351', node='ubuntu', metric='cpu', subsystem=None)
Telemetry(timestamp='29.05.2023 20:31:16.646390', value='88.000000', node='ubuntu', metric='tx', subsystem='enp0s25')
Telemetry(timestamp='29.05.2023 20:31:16.832809', value='4058.000000', node='ubuntu', metric='rx', subsystem='enp0s25')
Telemetry(timestamp='29.05.2023 20:31:17.144505', value='7.650273', node='ubuntu', metric='cpu', subsystem=None)
Telemetry(timestamp='29.05.2023 20:31:17.146262', value='83.000000', node='ubuntu', metric='tx', subsystem='enp0s25')
Telemetry(timestamp='29.05.2023 20:31:17.329641', value='3973.000000', node='ubuntu', metric='rx', subsystem='enp0s25')
Telemetry(timestamp='29.05.2023 20:31:17.644188', value='1119404.000000', node='ubuntu', metric='ram', subsystem=None)
Telemetry(timestamp='29.05.2023 20:31:17.644409', value='12.765957', node='ubuntu', metric='cpu', subsystem=None)
Telemetry(timestamp='29.05.2023 20:31:17.645609', value='80.000000', node='ubuntu', metric='tx', subsystem='enp0s25')
Telemetry(timestamp='29.05.2023 20:31:17.853535', value='3805.000000', node='ubuntu', metric='rx', subsystem='enp0s25')
Telemetry(timestamp='29.05.2023 20:31:18.145110', value='85.000000', node='ubuntu', metric='tx', subsystem='enp0s25')
Telemetry(timestamp='29.05.2023 20:31:18.145559', value='4.188482', node='ubuntu', metric='cpu', subsystem=None)
Telemetry(timestamp='29.05.2023 20:31:18.341913', value='3935.000000', node='ubuntu', metric='rx', subsystem='enp0s25')
Telemetry(timestamp='29.05.2023 20:31:18.644575', value='90.000000', node='ubuntu', metric='tx', subsystem='enp0s25')
Telemetry(timestamp='29.05.2023 20:31:18.645581', value='2.824859', node='ubuntu', metric='cpu', subsystem=None)
Telemetry(timestamp='29.05.2023 20:31:18.645968', value='1119356.000000', node='ubuntu', metric='ram', subsystem=None)
Telemetry(timestamp='29.05.2023 20:31:18.848660', value='4202.000000', node='ubuntu', metric='rx', subsystem='enp0s25')
Telemetry(timestamp='29.05.2023 20:31:19.145454', value='19.251337', node='ubuntu', metric='cpu', subsystem=None)
Telemetry(timestamp='29.05.2023 20:31:19.146787', value='77.000000', node='ubuntu', metric='tx', subsystem='enp0s25')
Telemetry(timestamp='29.05.2023 20:31:19.291221', value='3527.000000', node='ubuntu', metric='rx', subsystem='enp0s25')
Telemetry(timestamp='29.05.2023 20:31:19.644629', value='4.736842', node='ubuntu', metric='cpu', subsystem=None)
Telemetry(timestamp='29.05.2023 20:31:19.645703', value='1062964.000000', node='ubuntu', metric='ram', subsystem=None)
Telemetry(timestamp='29.05.2023 20:31:19.646949', value='76.000000', node='ubuntu', metric='tx', subsystem='enp0s25')
Telemetry(timestamp='29.05.2023 20:31:19.795855', value='3086.000000', node='ubuntu', metric='rx', subsystem='enp0s25')
Telemetry(timestamp='29.05.2023 20:31:20.144997', value='92.000000', node='ubuntu', metric='tx', subsystem='enp0s25')
Telemetry(timestamp='29.05.2023 20:31:20.145198', value='7.407407', node='ubuntu', metric='cpu', subsystem=None)
Telemetry(timestamp='29.05.2023 20:31:20.282447', value='3654.000000', node='ubuntu', metric='rx', subsystem='enp0s25')
Telemetry(timestamp='29.05.2023 20:31:20.644711', value='1062236.000000', node='ubuntu', metric='ram', subsystem=None)
Telemetry(timestamp='29.05.2023 20:31:20.645481', value='5.913978', node='ubuntu', metric='cpu', subsystem=None)
Telemetry(timestamp='29.05.2023 20:31:20.645730', value='94.000000', node='ubuntu', metric='tx', subsystem='enp0s25')
Telemetry(timestamp='29.05.2023 20:31:20.821387', value='3782.000000', node='ubuntu', metric='rx', subsystem='enp0s25')
Telemetry(timestamp='29.05.2023 20:31:21.144987', value='4.812834', node='ubuntu', metric='cpu', subsystem=None)
Telemetry(timestamp='29.05.2023 20:31:21.146388', value='90.000000', node='ubuntu', metric='tx', subsystem='enp0s25')
Telemetry(timestamp='29.05.2023 20:31:21.257150', value='3559.000000', node='ubuntu', metric='rx', subsystem='enp0s25')
Telemetry(timestamp='29.05.2023 20:31:21.644076', value='0.110000', node='ubuntu', metric='load1', subsystem=None)
Telemetry(timestamp='29.05.2023 20:31:21.645003', value='4.918033', node='ubuntu', metric='cpu', subsystem=None)
Telemetry(timestamp='29.05.2023 20:31:21.645003', value='1072524.000000', node='ubuntu', metric='ram', subsystem=None)
Telemetry(timestamp='29.05.2023 20:31:21.645440', value='89.000000', node='ubuntu', metric='tx', subsystem='enp0s25')
Telemetry(timestamp='29.05.2023 20:31:21.815960', value='0.080000', node='ubuntu', metric='load5', subsystem=None)
Telemetry(timestamp='29.05.2023 20:31:21.840711', value='3546.000000', node='ubuntu', metric='rx', subsystem='enp0s25')
Telemetry(timestamp='29.05.2023 20:31:22.144182', value='8.426966', node='ubuntu', metric='cpu', subsystem=None)
Telemetry(timestamp='29.05.2023 20:31:22.146762', value='90.000000', node='ubuntu', metric='tx', subsystem='enp0s25')
Telemetry(timestamp='29.05.2023 20:31:22.179871', value='3524.000000', node='ubuntu', metric='rx', subsystem='enp0s25')
Telemetry(timestamp='29.05.2023 20:31:22.644639', value='4.232804', node='ubuntu', metric='cpu', subsystem=None)
Telemetry(timestamp='29.05.2023 20:31:22.645665', value='1072768.000000', node='ubuntu', metric='ram', subsystem=None)
Telemetry(timestamp='29.05.2023 20:31:22.645849', value='86.000000', node='ubuntu', metric='tx', subsystem='enp0s25')
Telemetry(timestamp='29.05.2023 20:31:22.766598', value='3360.000000', node='ubuntu', metric='rx', subsystem='enp0s25')
Telemetry(timestamp='29.05.2023 20:31:23.144678', value='86.000000', node='ubuntu', metric='tx', subsystem='enp0s25')
Telemetry(timestamp='29.05.2023 20:31:23.144683', value='5.347594', node='ubuntu', metric='cpu', subsystem=None)
Telemetry(timestamp='29.05.2023 20:31:23.242930', value='3472.000000', node='ubuntu', metric='rx', subsystem='enp0s25')
Telemetry(timestamp='29.05.2023 20:31:23.644773', value='1072760.000000', node='ubuntu', metric='ram', subsystem=None)
Telemetry(timestamp='29.05.2023 20:31:23.645113', value='5.376344', node='ubuntu', metric='cpu', subsystem=None)
Telemetry(timestamp='29.05.2023 20:31:23.645579', value='95.000000', node='ubuntu', metric='tx', subsystem='enp0s25')
Telemetry(timestamp='29.05.2023 20:31:23.799115', value='3701.000000', node='ubuntu', metric='rx', subsystem='enp0s25')
Telemetry(timestamp='29.05.2023 20:31:24.144379', value='7.027027', node='ubuntu', metric='cpu', subsystem=None)
Telemetry(timestamp='29.05.2023 20:31:24.146615', value='92.000000', node='ubuntu', metric='tx', subsystem='enp0s25')
Telemetry(timestamp='29.05.2023 20:31:24.214733', value='3697.000000', node='ubuntu', metric='rx', subsystem='enp0s25')
Telemetry(timestamp='29.05.2023 20:31:24.644497', value='3.703704', node='ubuntu', metric='cpu', subsystem=None)
Telemetry(timestamp='29.05.2023 20:31:24.645306', value='90.000000', node='ubuntu', metric='tx', subsystem='enp0s25')
Telemetry(timestamp='29.05.2023 20:31:24.645667', value='1084436.000000', node='ubuntu', metric='ram', subsystem=None)
Telemetry(timestamp='29.05.2023 20:31:24.806791', value='3723.000000', node='ubuntu', metric='rx', subsystem='enp0s25')
Telemetry(timestamp='29.05.2023 20:31:25.145180', value='99.000000', node='ubuntu', metric='tx', subsystem='enp0s25')
Telemetry(timestamp='29.05.2023 20:31:25.145306', value='5.347594', node='ubuntu', metric='cpu', subsystem=None)
Telemetry(timestamp='29.05.2023 20:31:25.313107', value='3545.000000', node='ubuntu', metric='rx', subsystem='enp0s25')
Telemetry(timestamp='29.05.2023 20:31:25.644887', value='1084436.000000', node='ubuntu', metric='ram', subsystem=None)
Telemetry(timestamp='29.05.2023 20:31:25.645483', value='5.882353', node='ubuntu', metric='cpu', subsystem=None)
Telemetry(timestamp='29.05.2023 20:31:25.647031', value='93.000000', node='ubuntu', metric='tx', subsystem='enp0s25')
Telemetry(timestamp='29.05.2023 20:31:25.841296', value='3316.000000', node='ubuntu', metric='rx', subsystem='enp0s25')
Telemetry(timestamp='29.05.2023 20:31:26.144243', value='5.913978', node='ubuntu', metric='cpu', subsystem=None)
Telemetry(timestamp='29.05.2023 20:31:26.146345', value='86.000000', node='ubuntu', metric='tx', subsystem='enp0s25')
Telemetry(timestamp='29.05.2023 20:31:26.342135', value='3467.000000', node='ubuntu', metric='rx', subsystem='enp0s25')
Telemetry(timestamp='29.05.2023 20:31:26.644792', value='5.347594', node='ubuntu', metric='cpu', subsystem=None)
Telemetry(timestamp='29.05.2023 20:31:26.644932', value='0.100000', node='ubuntu', metric='load1', subsystem=None)
Telemetry(timestamp='29.05.2023 20:31:26.645081', value='88.000000', node='ubuntu', metric='tx', subsystem='enp0s25')
Telemetry(timestamp='29.05.2023 20:31:26.645885', value='1084436.000000', node='ubuntu', metric='ram', subsystem=None)
Telemetry(timestamp='29.05.2023 20:31:26.834390', value='0.080000', node='ubuntu', metric='load5', subsystem=None)
Telemetry(timestamp='29.05.2023 20:31:26.841620', value='3523.000000', node='ubuntu', metric='rx', subsystem='enp0s25')
Telemetry(timestamp='29.05.2023 20:31:27.144982', value='90.000000', node='ubuntu', metric='tx', subsystem='enp0s25')
Telemetry(timestamp='29.05.2023 20:31:27.146219', value='10.497238', node='ubuntu', metric='cpu', subsystem=None)
Telemetry(timestamp='29.05.2023 20:31:27.368531', value='3647.000000', node='ubuntu', metric='rx', subsystem='enp0s25')
Telemetry(timestamp='29.05.2023 20:31:27.644763', value='3.804348', node='ubuntu', metric='cpu', subsystem=None)
Telemetry(timestamp='29.05.2023 20:31:27.645363', value='1085444.000000', node='ubuntu', metric='ram', subsystem=None)
Telemetry(timestamp='29.05.2023 20:31:27.646720', value='90.000000', node='ubuntu', metric='tx', subsystem='enp0s25')
Telemetry(timestamp='29.05.2023 20:31:27.796021', value='3660.000000', node='ubuntu', metric='rx', subsystem='enp0s25')
Telemetry(timestamp='29.05.2023 20:31:28.144902', value='90.000000', node='ubuntu', metric='tx', subsystem='enp0s25')
Telemetry(timestamp='29.05.2023 20:31:28.145034', value='5.434783', node='ubuntu', metric='cpu', subsystem=None)
Telemetry(timestamp='29.05.2023 20:31:28.281672', value='3669.000000', node='ubuntu', metric='rx', subsystem='enp0s25')
Telemetry(timestamp='29.05.2023 20:31:28.644541', value='1068964.000000', node='ubuntu', metric='ram', subsystem=None)
Telemetry(timestamp='29.05.2023 20:31:28.644741', value='19.251337', node='ubuntu', metric='cpu', subsystem=None)
Telemetry(timestamp='29.05.2023 20:31:28.646454', value='76.000000', node='ubuntu', metric='tx', subsystem='enp0s25')
Telemetry(timestamp='29.05.2023 20:31:28.811911', value='2850.000000', node='ubuntu', metric='rx', subsystem='enp0s25')
Telemetry(timestamp='29.05.2023 20:31:29.144582', value='4.324324', node='ubuntu', metric='cpu', subsystem=None)
Telemetry(timestamp='29.05.2023 20:31:29.146199', value='76.000000', node='ubuntu', metric='tx', subsystem='enp0s25')
Telemetry(timestamp='29.05.2023 20:31:29.307897', value='2906.000000', node='ubuntu', metric='rx', subsystem='enp0s25')
Telemetry(timestamp='29.05.2023 20:31:29.645452', value='90.000000', node='ubuntu', metric='tx', subsystem='enp0s25')
Telemetry(timestamp='29.05.2023 20:31:29.645506', value='5.347594', node='ubuntu', metric='cpu', subsystem=None)
Telemetry(timestamp='29.05.2023 20:31:29.646295', value='1063492.000000', node='ubuntu', metric='ram', subsystem=None)
Telemetry(timestamp='29.05.2023 20:31:29.814566', value='3700.000000', node='ubuntu', metric='rx', subsystem='enp0s25')
Telemetry(timestamp='29.05.2023 20:31:30.145966', value='4.864865', node='ubuntu', metric='cpu', subsystem=None)
Telemetry(timestamp='29.05.2023 20:31:30.146176', value='88.000000', node='ubuntu', metric='tx', subsystem='enp0s25')
Telemetry(timestamp='29.05.2023 20:31:30.331716', value='3581.000000', node='ubuntu', metric='rx', subsystem='enp0s25')
Telemetry(timestamp='29.05.2023 20:31:30.644501', value='1059396.000000', node='ubuntu', metric='ram', subsystem=None)
Telemetry(timestamp='29.05.2023 20:31:30.646182', value='5.913978', node='ubuntu', metric='cpu', subsystem=None)
Telemetry(timestamp='29.05.2023 20:31:30.647635', value='92.000000', node='ubuntu', metric='tx', subsystem='enp0s25')
Telemetry(timestamp='29.05.2023 20:31:30.847903', value='3716.000000', node='ubuntu', metric='rx', subsystem='enp0s25')
Telemetry(timestamp='29.05.2023 20:31:31.144425', value='4.891304', node='ubuntu', metric='cpu', subsystem=None)
Telemetry(timestamp='29.05.2023 20:31:31.146534', value='92.000000', node='ubuntu', metric='tx', subsystem='enp0s25')
Telemetry(timestamp='29.05.2023 20:31:31.375293', value='3724.000000', node='ubuntu', metric='rx', subsystem='enp0s25')
Telemetry(timestamp='29.05.2023 20:31:31.644856', value='4.864865', node='ubuntu', metric='cpu', subsystem=None)
Telemetry(timestamp='29.05.2023 20:31:31.645268', value='90.000000', node='ubuntu', metric='tx', subsystem='enp0s25')
Telemetry(timestamp='29.05.2023 20:31:31.645572', value='1066956.000000', node='ubuntu', metric='ram', subsystem=None)
Telemetry(timestamp='29.05.2023 20:31:31.646149', value='0.090000', node='ubuntu', metric='load1', subsystem=None)
Telemetry(timestamp='29.05.2023 20:31:31.861566', value='3686.000000', node='ubuntu', metric='rx', subsystem='enp0s25')
Telemetry(timestamp='29.05.2023 20:31:31.875353', value='0.080000', node='ubuntu', metric='load5', subsystem=None)
Telemetry(timestamp='29.05.2023 20:31:32.145045', value='94.000000', node='ubuntu', metric='tx', subsystem='enp0s25')
Telemetry(timestamp='29.05.2023 20:31:32.146874', value='10.989011', node='ubuntu', metric='cpu', subsystem=None)
Telemetry(timestamp='29.05.2023 20:31:32.273644', value='3707.000000', node='ubuntu', metric='rx', subsystem='enp0s25')
Telemetry(timestamp='29.05.2023 20:31:32.644268', value='1071052.000000', node='ubuntu', metric='ram', subsystem=None)
Telemetry(timestamp='29.05.2023 20:31:32.646513', value='3.333333', node='ubuntu', metric='cpu', subsystem=None)
Telemetry(timestamp='29.05.2023 20:31:32.646605', value='96.000000', node='ubuntu', metric='tx', subsystem='enp0s25')
Telemetry(timestamp='29.05.2023 20:31:32.793764', value='3857.000000', node='ubuntu', metric='rx', subsystem='enp0s25')
Telemetry(timestamp='29.05.2023 20:31:33.144671', value='4.371585', node='ubuntu', metric='cpu', subsystem=None)
Telemetry(timestamp='29.05.2023 20:31:33.146010', value='94.000000', node='ubuntu', metric='tx', subsystem='enp0s25')
Telemetry(timestamp='29.05.2023 20:31:33.316133', value='3826.000000', node='ubuntu', metric='rx', subsystem='enp0s25')
Telemetry(timestamp='29.05.2023 20:31:33.644767', value='2.702703', node='ubuntu', metric='cpu', subsystem=None)
Telemetry(timestamp='29.05.2023 20:31:33.645567', value='1079620.000000', node='ubuntu', metric='ram', subsystem=None)
Telemetry(timestamp='29.05.2023 20:31:33.645951', value='97.000000', node='ubuntu', metric='tx', subsystem='enp0s25')
Telemetry(timestamp='29.05.2023 20:31:33.823755', value='3697.000000', node='ubuntu', metric='rx', subsystem='enp0s25')
Telemetry(timestamp='29.05.2023 20:31:34.146002', value='100.000000', node='ubuntu', metric='tx', subsystem='enp0s25')
Telemetry(timestamp='29.05.2023 20:31:34.146314', value='3.804348', node='ubuntu', metric='cpu', subsystem=None)
Telemetry(timestamp='29.05.2023 20:31:34.328141', value='3513.000000', node='ubuntu', metric='rx', subsystem='enp0s25')
Telemetry(timestamp='29.05.2023 20:31:34.644310', value='1080868.000000', node='ubuntu', metric='ram', subsystem=None)
Telemetry(timestamp='29.05.2023 20:31:34.644439', value='7.368421', node='ubuntu', metric='cpu', subsystem=None)
Telemetry(timestamp='29.05.2023 20:31:34.646676', value='93.000000', node='ubuntu', metric='tx', subsystem='enp0s25')
Telemetry(timestamp='29.05.2023 20:31:34.850670', value='3407.000000', node='ubuntu', metric='rx', subsystem='enp0s25')
Telemetry(timestamp='29.05.2023 20:31:35.144442', value='6.417112', node='ubuntu', metric='cpu', subsystem=None)
Telemetry(timestamp='29.05.2023 20:31:35.144859', value='88.000000', node='ubuntu', metric='tx', subsystem='enp0s25')
Telemetry(timestamp='29.05.2023 20:31:35.359211', value='3569.000000', node='ubuntu', metric='rx', subsystem='enp0s25')
Telemetry(timestamp='29.05.2023 20:31:35.645011', value='1080868.000000', node='ubuntu', metric='ram', subsystem=None)
Telemetry(timestamp='29.05.2023 20:31:35.645237', value='91.000000', node='ubuntu', metric='tx', subsystem='enp0s25')
Telemetry(timestamp='29.05.2023 20:31:35.645678', value='4.301075', node='ubuntu', metric='cpu', subsystem=None)
Telemetry(timestamp='29.05.2023 20:31:35.876493', value='3701.000000', node='ubuntu', metric='rx', subsystem='enp0s25')
Telemetry(timestamp='29.05.2023 20:31:36.145530', value='93.000000', node='ubuntu', metric='tx', subsystem='enp0s25')
Telemetry(timestamp='29.05.2023 20:31:36.145602', value='3.846154', node='ubuntu', metric='cpu', subsystem=None)
Telemetry(timestamp='29.05.2023 20:31:36.280259', value='3818.000000', node='ubuntu', metric='rx', subsystem='enp0s25')
Telemetry(timestamp='29.05.2023 20:31:36.645085', value='0.160000', node='ubuntu', metric='load1', subsystem=None)
Telemetry(timestamp='29.05.2023 20:31:36.645089', value='0.090000', node='ubuntu', metric='load5', subsystem=None)
Telemetry(timestamp='29.05.2023 20:31:36.645092', value='3.846154', node='ubuntu', metric='cpu', subsystem=None)
Telemetry(timestamp='29.05.2023 20:31:36.646289', value='94.000000', node='ubuntu', metric='tx', subsystem='enp0s25')
Telemetry(timestamp='29.05.2023 20:31:36.647657', value='1080868.000000', node='ubuntu', metric='ram', subsystem=None)
Telemetry(timestamp='29.05.2023 20:31:36.772839', value='3853.000000', node='ubuntu', metric='rx', subsystem='enp0s25')
Telemetry(timestamp='29.05.2023 20:31:37.144808', value='11.891892', node='ubuntu', metric='cpu', subsystem=None)
Telemetry(timestamp='29.05.2023 20:31:37.146423', value='93.000000', node='ubuntu', metric='tx', subsystem='enp0s25')
Telemetry(timestamp='29.05.2023 20:31:37.316845', value='3761.000000', node='ubuntu', metric='rx', subsystem='enp0s25')
Telemetry(timestamp='29.05.2023 20:31:37.644262', value='1044484.000000', node='ubuntu', metric='ram', subsystem=None)
Telemetry(timestamp='29.05.2023 20:31:37.644308', value='18.421053', node='ubuntu', metric='cpu', subsystem=None)
Telemetry(timestamp='29.05.2023 20:31:37.647134', value='72.000000', node='ubuntu', metric='tx', subsystem='enp0s25')
Telemetry(timestamp='29.05.2023 20:31:37.827648', value='2685.000000', node='ubuntu', metric='rx', subsystem='enp0s25')
Telemetry(timestamp='29.05.2023 20:31:38.144397', value='5.235602', node='ubuntu', metric='cpu', subsystem=None)
Telemetry(timestamp='29.05.2023 20:31:38.145001', value='72.000000', node='ubuntu', metric='tx', subsystem='enp0s25')
Telemetry(timestamp='29.05.2023 20:31:38.331283', value='2789.000000', node='ubuntu', metric='rx', subsystem='enp0s25')
Telemetry(timestamp='29.05.2023 20:31:38.644465', value='4.371585', node='ubuntu', metric='cpu', subsystem=None)
Telemetry(timestamp='29.05.2023 20:31:38.644900', value='91.000000', node='ubuntu', metric='tx', subsystem='enp0s25')
Telemetry(timestamp='29.05.2023 20:31:38.645690', value='1046744.000000', node='ubuntu', metric='ram', subsystem=None)
Telemetry(timestamp='29.05.2023 20:31:38.832154', value='3832.000000', node='ubuntu', metric='rx', subsystem='enp0s25')
Telemetry(timestamp='29.05.2023 20:31:39.145140', value='4.918033', node='ubuntu', metric='cpu', subsystem=None)
Telemetry(timestamp='29.05.2023 20:31:39.145260', value='93.000000', node='ubuntu', metric='tx', subsystem='enp0s25')
Telemetry(timestamp='29.05.2023 20:31:39.359729', value='3797.000000', node='ubuntu', metric='rx', subsystem='enp0s25')
Telemetry(timestamp='29.05.2023 20:31:39.644292', value='4.864865', node='ubuntu', metric='cpu', subsystem=None)
Telemetry(timestamp='29.05.2023 20:31:39.644506', value='1045452.000000', node='ubuntu', metric='ram', subsystem=None)
Telemetry(timestamp='29.05.2023 20:31:39.646902', value='92.000000', node='ubuntu', metric='tx', subsystem='enp0s25')
Telemetry(timestamp='29.05.2023 20:31:39.687520', value='3650.000000', node='ubuntu', metric='rx', subsystem='enp0s25')
Telemetry(timestamp='29.05.2023 20:31:40.144371', value='6.951872', node='ubuntu', metric='cpu', subsystem=None)
Telemetry(timestamp='29.05.2023 20:31:40.145383', value='90.000000', node='ubuntu', metric='tx', subsystem='enp0s25')
Telemetry(timestamp='29.05.2023 20:31:40.386166', value='3522.000000', node='ubuntu', metric='rx', subsystem='enp0s25')
Telemetry(timestamp='29.05.2023 20:31:40.644848', value='1045452.000000', node='ubuntu', metric='ram', subsystem=None)
Telemetry(timestamp='29.05.2023 20:31:40.645245', value='3.278689', node='ubuntu', metric='cpu', subsystem=None)
Telemetry(timestamp='29.05.2023 20:31:40.645671', value='89.000000', node='ubuntu', metric='tx', subsystem='enp0s25')
Telemetry(timestamp='29.05.2023 20:31:40.791228', value='3548.000000', node='ubuntu', metric='rx', subsystem='enp0s25')
Telemetry(timestamp='29.05.2023 20:31:41.144801', value='5.405405', node='ubuntu', metric='cpu', subsystem=None)
Telemetry(timestamp='29.05.2023 20:31:41.145051', value='92.000000', node='ubuntu', metric='tx', subsystem='enp0s25')
Telemetry(timestamp='29.05.2023 20:31:41.297791', value='3608.000000', node='ubuntu', metric='rx', subsystem='enp0s25')
Telemetry(timestamp='29.05.2023 20:31:41.644247', value='0.150000', node='ubuntu', metric='load1', subsystem=None)
Telemetry(timestamp='29.05.2023 20:31:41.644252', value='0.090000', node='ubuntu', metric='load5', subsystem=None)
Telemetry(timestamp='29.05.2023 20:31:41.644388', value='3.783784', node='ubuntu', metric='cpu', subsystem=None)
Telemetry(timestamp='29.05.2023 20:31:41.644580', value='1045452.000000', node='ubuntu', metric='ram', subsystem=None)
Telemetry(timestamp='29.05.2023 20:31:41.645901', value='91.000000', node='ubuntu', metric='tx', subsystem='enp0s25')
Telemetry(timestamp='29.05.2023 20:31:41.815936', value='3556.000000', node='ubuntu', metric='rx', subsystem='enp0s25')
Telemetry(timestamp='29.05.2023 20:31:42.145208', value='90.000000', node='ubuntu', metric='tx', subsystem='enp0s25')
Telemetry(timestamp='29.05.2023 20:31:42.145252', value='12.365591', node='ubuntu', metric='cpu', subsystem=None)
Telemetry(timestamp='29.05.2023 20:31:42.304209', value='3578.000000', node='ubuntu', metric='rx', subsystem='enp0s25')
Telemetry(timestamp='29.05.2023 20:31:42.644868', value='4.761905', node='ubuntu', metric='cpu', subsystem=None)
Telemetry(timestamp='29.05.2023 20:31:42.645366', value='99.000000', node='ubuntu', metric='tx', subsystem='enp0s25')
Telemetry(timestamp='29.05.2023 20:31:42.645624', value='1063456.000000', node='ubuntu', metric='ram', subsystem=None)
Telemetry(timestamp='29.05.2023 20:31:42.827193', value='3650.000000', node='ubuntu', metric='rx', subsystem='enp0s25')
Telemetry(timestamp='29.05.2023 20:31:43.144519', value='5.945946', node='ubuntu', metric='cpu', subsystem=None)
Telemetry(timestamp='29.05.2023 20:31:43.147408', value='103.000000', node='ubuntu', metric='tx', subsystem='enp0s25')
Telemetry(timestamp='29.05.2023 20:31:43.353164', value='3366.000000', node='ubuntu', metric='rx', subsystem='enp0s25')
Telemetry(timestamp='29.05.2023 20:31:43.646255', value='98.000000', node='ubuntu', metric='tx', subsystem='enp0s25')
Telemetry(timestamp='29.05.2023 20:31:43.646371', value='3.783784', node='ubuntu', metric='cpu', subsystem=None)
Telemetry(timestamp='29.05.2023 20:31:43.648053', value='1063960.000000', node='ubuntu', metric='ram', subsystem=None)
Telemetry(timestamp='29.05.2023 20:31:43.857968', value='3422.000000', node='ubuntu', metric='rx', subsystem='enp0s25')
Telemetry(timestamp='29.05.2023 20:31:44.144799', value='4.301075', node='ubuntu', metric='cpu', subsystem=None)
Telemetry(timestamp='29.05.2023 20:31:44.145934', value='95.000000', node='ubuntu', metric='tx', subsystem='enp0s25')
Telemetry(timestamp='29.05.2023 20:31:44.373368', value='3624.000000', node='ubuntu', metric='rx', subsystem='enp0s25')
Telemetry(timestamp='29.05.2023 20:31:44.644659', value='1064452.000000', node='ubuntu', metric='ram', subsystem=None)
Telemetry(timestamp='29.05.2023 20:31:44.644841', value='3.846154', node='ubuntu', metric='cpu', subsystem=None)
Telemetry(timestamp='29.05.2023 20:31:44.646616', value='93.000000', node='ubuntu', metric='tx', subsystem='enp0s25')
Telemetry(timestamp='29.05.2023 20:31:44.789065', value='3638.000000', node='ubuntu', metric='rx', subsystem='enp0s25')
Telemetry(timestamp='29.05.2023 20:31:45.144863', value='4.891304', node='ubuntu', metric='cpu', subsystem=None)
Telemetry(timestamp='29.05.2023 20:31:45.145858', value='90.000000', node='ubuntu', metric='tx', subsystem='enp0s25')
Telemetry(timestamp='29.05.2023 20:31:45.295367', value='3770.000000', node='ubuntu', metric='rx', subsystem='enp0s25')
Telemetry(timestamp='29.05.2023 20:31:45.645166', value='1064452.000000', node='ubuntu', metric='ram', subsystem=None)
Telemetry(timestamp='29.05.2023 20:31:45.645459', value='91.000000', node='ubuntu', metric='tx', subsystem='enp0s25')
Telemetry(timestamp='29.05.2023 20:31:45.645771', value='5.464481', node='ubuntu', metric='cpu', subsystem=None)
Telemetry(timestamp='29.05.2023 20:31:45.796478', value='3844.000000', node='ubuntu', metric='rx', subsystem='enp0s25')
Telemetry(timestamp='29.05.2023 20:31:46.145125', value='4.864865', node='ubuntu', metric='cpu', subsystem=None)
Telemetry(timestamp='29.05.2023 20:31:46.145692', value='91.000000', node='ubuntu', metric='tx', subsystem='enp0s25')
Telemetry(timestamp='29.05.2023 20:31:46.321238', value='3766.000000', node='ubuntu', metric='rx', subsystem='enp0s25')
Telemetry(timestamp='29.05.2023 20:31:46.644107', value='0.140000', node='ubuntu', metric='load1', subsystem=None)
Telemetry(timestamp='29.05.2023 20:31:46.644254', value='1061380.000000', node='ubuntu', metric='ram', subsystem=None)
Telemetry(timestamp='29.05.2023 20:31:46.645096', value='20.430108', node='ubuntu', metric='cpu', subsystem=None)
Telemetry(timestamp='29.05.2023 20:31:46.646350', value='72.000000', node='ubuntu', metric='tx', subsystem='enp0s25')
Telemetry(timestamp='29.05.2023 20:31:46.700848', value='0.090000', node='ubuntu', metric='load5', subsystem=None)
Telemetry(timestamp='29.05.2023 20:31:46.752380', value='2745.000000', node='ubuntu', metric='rx', subsystem='enp0s25')
Telemetry(timestamp='29.05.2023 20:31:47.144406', value='9.239130', node='ubuntu', metric='cpu', subsystem=None)
Telemetry(timestamp='29.05.2023 20:31:47.145614', value='74.000000', node='ubuntu', metric='tx', subsystem='enp0s25')
Telemetry(timestamp='29.05.2023 20:31:47.188640', value='2771.000000', node='ubuntu', metric='rx', subsystem='enp0s25')
Telemetry(timestamp='29.05.2023 20:31:47.644849', value='1050220.000000', node='ubuntu', metric='ram', subsystem=None)
Telemetry(timestamp='29.05.2023 20:31:47.644873', value='91.000000', node='ubuntu', metric='tx', subsystem='enp0s25')
Telemetry(timestamp='29.05.2023 20:31:47.644993', value='4.395604', node='ubuntu', metric='cpu', subsystem=None)
Telemetry(timestamp='29.05.2023 20:31:47.845244', value='3624.000000', node='ubuntu', metric='rx', subsystem='enp0s25')
Telemetry(timestamp='29.05.2023 20:31:48.145483', value='3.174603', node='ubuntu', metric='cpu', subsystem=None)
Telemetry(timestamp='29.05.2023 20:31:48.145555', value='90.000000', node='ubuntu', metric='tx', subsystem='enp0s25')
Telemetry(timestamp='29.05.2023 20:31:48.367316', value='3533.000000', node='ubuntu', metric='rx', subsystem='enp0s25')
Telemetry(timestamp='29.05.2023 20:31:48.645402', value='1041612.000000', node='ubuntu', metric='ram', subsystem=None)
Telemetry(timestamp='29.05.2023 20:31:48.646302', value='91.000000', node='ubuntu', metric='tx', subsystem='enp0s25')
Telemetry(timestamp='29.05.2023 20:31:48.646333', value='5.882353', node='ubuntu', metric='cpu', subsystem=None)
Telemetry(timestamp='29.05.2023 20:31:48.878149', value='3619.000000', node='ubuntu', metric='rx', subsystem='enp0s25')
Telemetry(timestamp='29.05.2023 20:31:49.145077', value='4.945055', node='ubuntu', metric='cpu', subsystem=None)
Telemetry(timestamp='29.05.2023 20:31:49.145561', value='91.000000', node='ubuntu', metric='tx', subsystem='enp0s25')
Telemetry(timestamp='29.05.2023 20:31:49.291150', value='3692.000000', node='ubuntu', metric='rx', subsystem='enp0s25')
Telemetry(timestamp='29.05.2023 20:31:49.644722', value='1046476.000000', node='ubuntu', metric='ram', subsystem=None)
Telemetry(timestamp='29.05.2023 20:31:49.644757', value='4.278075', node='ubuntu', metric='cpu', subsystem=None)
Telemetry(timestamp='29.05.2023 20:31:49.646080', value='103.000000', node='ubuntu', metric='tx', subsystem='enp0s25')
Telemetry(timestamp='29.05.2023 20:31:49.813743', value='3565.000000', node='ubuntu', metric='rx', subsystem='enp0s25')
Telemetry(timestamp='29.05.2023 20:31:50.146100', value='102.000000', node='ubuntu', metric='tx', subsystem='enp0s25')
Telemetry(timestamp='29.05.2023 20:31:50.146125', value='3.783784', node='ubuntu', metric='cpu', subsystem=None)
Telemetry(timestamp='29.05.2023 20:31:50.318151', value='3314.000000', node='ubuntu', metric='rx', subsystem='enp0s25')
Telemetry(timestamp='29.05.2023 20:31:50.644528', value='4.371585', node='ubuntu', metric='cpu', subsystem=None)
Telemetry(timestamp='29.05.2023 20:31:50.645327', value='1046368.000000', node='ubuntu', metric='ram', subsystem=None)
Telemetry(timestamp='29.05.2023 20:31:50.645376', value='89.000000', node='ubuntu', metric='tx', subsystem='enp0s25')
Telemetry(timestamp='29.05.2023 20:31:50.826882', value='3583.000000', node='ubuntu', metric='rx', subsystem='enp0s25')
Telemetry(timestamp='29.05.2023 20:31:51.144865', value='5.376344', node='ubuntu', metric='cpu', subsystem=None)
Telemetry(timestamp='29.05.2023 20:31:51.145252', value='89.000000', node='ubuntu', metric='tx', subsystem='enp0s25')
Telemetry(timestamp='29.05.2023 20:31:51.327957', value='3853.000000', node='ubuntu', metric='rx', subsystem='enp0s25')
Telemetry(timestamp='29.05.2023 20:31:51.644772', value='0.130000', node='ubuntu', metric='load1', subsystem=None)
Telemetry(timestamp='29.05.2023 20:31:51.644776', value='0.090000', node='ubuntu', metric='load5', subsystem=None)
Telemetry(timestamp='29.05.2023 20:31:51.645045', value='6.486486', node='ubuntu', metric='cpu', subsystem=None)
Telemetry(timestamp='29.05.2023 20:31:51.645944', value='1062244.000000', node='ubuntu', metric='ram', subsystem=None)
Telemetry(timestamp='29.05.2023 20:31:51.646405', value='89.000000', node='ubuntu', metric='tx', subsystem='enp0s25')
Telemetry(timestamp='29.05.2023 20:31:51.854304', value='3749.000000', node='ubuntu', metric='rx', subsystem='enp0s25')
Telemetry(timestamp='29.05.2023 20:31:52.146269', value='8.333333', node='ubuntu', metric='cpu', subsystem=None)
Telemetry(timestamp='29.05.2023 20:31:52.148222', value='92.000000', node='ubuntu', metric='tx', subsystem='enp0s25')
Telemetry(timestamp='29.05.2023 20:31:52.361630', value='3799.000000', node='ubuntu', metric='rx', subsystem='enp0s25')
Telemetry(timestamp='29.05.2023 20:31:52.644295', value='1062496.000000', node='ubuntu', metric='ram', subsystem=None)
Telemetry(timestamp='29.05.2023 20:31:52.644449', value='3.723404', node='ubuntu', metric='cpu', subsystem=None)
Telemetry(timestamp='29.05.2023 20:31:52.645777', value='78.000000', node='ubuntu', metric='tx', subsystem='enp0s25')
Telemetry(timestamp='29.05.2023 20:31:52.788225', value='3167.000000', node='ubuntu', metric='rx', subsystem='enp0s25')
Telemetry(timestamp='29.05.2023 20:31:53.145302', value='4.891304', node='ubuntu', metric='cpu', subsystem=None)
Telemetry(timestamp='29.05.2023 20:31:53.145318', value='76.000000', node='ubuntu', metric='tx', subsystem='enp0s25')
Telemetry(timestamp='29.05.2023 20:31:53.278307', value='3083.000000', node='ubuntu', metric='rx', subsystem='enp0s25')
Telemetry(timestamp='29.05.2023 20:31:53.645532', value='89.000000', node='ubuntu', metric='tx', subsystem='enp0s25')
Telemetry(timestamp='29.05.2023 20:31:53.645585', value='5.347594', node='ubuntu', metric='cpu', subsystem=None)
Telemetry(timestamp='29.05.2023 20:31:53.646342', value='1062496.000000', node='ubuntu', metric='ram', subsystem=None)
Telemetry(timestamp='29.05.2023 20:31:53.785771', value='3615.000000', node='ubuntu', metric='rx', subsystem='enp0s25')
Telemetry(timestamp='29.05.2023 20:31:54.145016', value='3.846154', node='ubuntu', metric='cpu', subsystem=None)
Telemetry(timestamp='29.05.2023 20:31:54.146193', value='89.000000', node='ubuntu', metric='tx', subsystem='enp0s25')
Telemetry(timestamp='29.05.2023 20:31:54.271602', value='3633.000000', node='ubuntu', metric='rx', subsystem='enp0s25')
Telemetry(timestamp='29.05.2023 20:31:54.644825', value='6.486486', node='ubuntu', metric='cpu', subsystem=None)
Telemetry(timestamp='29.05.2023 20:31:54.645581', value='1062496.000000', node='ubuntu', metric='ram', subsystem=None)
Telemetry(timestamp='29.05.2023 20:31:54.646566', value='91.000000', node='ubuntu', metric='tx', subsystem='enp0s25')
Telemetry(timestamp='29.05.2023 20:31:54.820245', value='3744.000000', node='ubuntu', metric='rx', subsystem='enp0s25')
Telemetry(timestamp='29.05.2023 20:31:55.144818', value='5.913978', node='ubuntu', metric='cpu', subsystem=None)
Telemetry(timestamp='29.05.2023 20:31:55.145392', value='91.000000', node='ubuntu', metric='tx', subsystem='enp0s25')
Telemetry(timestamp='29.05.2023 20:31:55.331572', value='3756.000000', node='ubuntu', metric='rx', subsystem='enp0s25')
Telemetry(timestamp='29.05.2023 20:31:55.644310', value='4.419890', node='ubuntu', metric='cpu', subsystem=None)
Telemetry(timestamp='29.05.2023 20:31:55.644556', value='1065772.000000', node='ubuntu', metric='ram', subsystem=None)
Telemetry(timestamp='29.05.2023 20:31:55.645936', value='88.000000', node='ubuntu', metric='tx', subsystem='enp0s25')
Telemetry(timestamp='29.05.2023 20:31:55.835488', value='3581.000000', node='ubuntu', metric='rx', subsystem='enp0s25')
Telemetry(timestamp='29.05.2023 20:31:56.145413', value='74.000000', node='ubuntu', metric='tx', subsystem='enp0s25')
Telemetry(timestamp='29.05.2023 20:31:56.145763', value='15.343915', node='ubuntu', metric='cpu', subsystem=None)
Telemetry(timestamp='29.05.2023 20:31:56.347786', value='2819.000000', node='ubuntu', metric='rx', subsystem='enp0s25')
Telemetry(timestamp='29.05.2023 20:31:56.643955', value='0.200000', node='ubuntu', metric='load1', subsystem=None)
Telemetry(timestamp='29.05.2023 20:31:56.643960', value='0.100000', node='ubuntu', metric='load5', subsystem=None)
Telemetry(timestamp='29.05.2023 20:31:56.644867', value='1020660.000000', node='ubuntu', metric='ram', subsystem=None)
Telemetry(timestamp='29.05.2023 20:31:56.645541', value='77.000000', node='ubuntu', metric='tx', subsystem='enp0s25')
Telemetry(timestamp='29.05.2023 20:31:56.646707', value='5.882353', node='ubuntu', metric='cpu', subsystem=None)
Telemetry(timestamp='29.05.2023 20:31:56.871822', value='2965.000000', node='ubuntu', metric='rx', subsystem='enp0s25')
Telemetry(timestamp='29.05.2023 20:31:57.144742', value='10.928962', node='ubuntu', metric='cpu', subsystem=None)
Telemetry(timestamp='29.05.2023 20:31:57.145985', value='92.000000', node='ubuntu', metric='tx', subsystem='enp0s25')
Telemetry(timestamp='29.05.2023 20:31:57.385173', value='3744.000000', node='ubuntu', metric='rx', subsystem='enp0s25')
Telemetry(timestamp='29.05.2023 20:31:57.644862', value='3.804348', node='ubuntu', metric='cpu', subsystem=None)
Telemetry(timestamp='29.05.2023 20:31:57.645394', value='89.000000', node='ubuntu', metric='tx', subsystem='enp0s25')
Telemetry(timestamp='29.05.2023 20:31:57.646178', value='1017320.000000', node='ubuntu', metric='ram', subsystem=None)
Telemetry(timestamp='29.05.2023 20:31:57.781933', value='3503.000000', node='ubuntu', metric='rx', subsystem='enp0s25')
Telemetry(timestamp='29.05.2023 20:31:58.145165', value='6.451613', node='ubuntu', metric='cpu', subsystem=None)
Telemetry(timestamp='29.05.2023 20:31:58.146001', value='87.000000', node='ubuntu', metric='tx', subsystem='enp0s25')
Telemetry(timestamp='29.05.2023 20:31:58.310367', value='3437.000000', node='ubuntu', metric='rx', subsystem='enp0s25')
Telemetry(timestamp='29.05.2023 20:31:58.644181', value='1025636.000000', node='ubuntu', metric='ram', subsystem=None)
Telemetry(timestamp='29.05.2023 20:31:58.644851', value='5.913978', node='ubuntu', metric='cpu', subsystem=None)
Telemetry(timestamp='29.05.2023 20:31:58.646945', value='91.000000', node='ubuntu', metric='tx', subsystem='enp0s25')
Telemetry(timestamp='29.05.2023 20:31:58.802401', value='3773.000000', node='ubuntu', metric='rx', subsystem='enp0s25')
Telemetry(timestamp='29.05.2023 20:31:59.144987', value='3.243243', node='ubuntu', metric='cpu', subsystem=None)
Telemetry(timestamp='29.05.2023 20:31:59.146881', value='104.000000', node='ubuntu', metric='tx', subsystem='enp0s25')
Telemetry(timestamp='29.05.2023 20:31:59.325392', value='3622.000000', node='ubuntu', metric='rx', subsystem='enp0s25')
Telemetry(timestamp='29.05.2023 20:31:59.645090', value='4.812834', node='ubuntu', metric='cpu', subsystem=None)
Telemetry(timestamp='29.05.2023 20:31:59.645323', value='1026576.000000', node='ubuntu', metric='ram', subsystem=None)
Telemetry(timestamp='29.05.2023 20:31:59.645926', value='101.000000', node='ubuntu', metric='tx', subsystem='enp0s25')
Telemetry(timestamp='29.05.2023 20:31:59.855276', value='3266.000000', node='ubuntu', metric='rx', subsystem='enp0s25')
Telemetry(timestamp='29.05.2023 20:32:00.144646', value='6.417112', node='ubuntu', metric='cpu', subsystem=None)
Telemetry(timestamp='29.05.2023 20:32:00.145456', value='90.000000', node='ubuntu', metric='tx', subsystem='enp0s25')
Telemetry(timestamp='29.05.2023 20:32:00.348991', value='3551.000000', node='ubuntu', metric='rx', subsystem='enp0s25')
Telemetry(timestamp='29.05.2023 20:32:00.644967', value='1026576.000000', node='ubuntu', metric='ram', subsystem=None)
Telemetry(timestamp='29.05.2023 20:32:00.645599', value='6.914894', node='ubuntu', metric='cpu', subsystem=None)
Telemetry(timestamp='29.05.2023 20:32:00.645858', value='90.000000', node='ubuntu', metric='tx', subsystem='enp0s25')
Telemetry(timestamp='29.05.2023 20:32:00.873294', value='3797.000000', node='ubuntu', metric='rx', subsystem='enp0s25')
Telemetry(timestamp='29.05.2023 20:32:01.144977', value='5.882353', node='ubuntu', metric='cpu', subsystem=None)
Telemetry(timestamp='29.05.2023 20:32:01.146424', value='93.000000', node='ubuntu', metric='tx', subsystem='enp0s25')
Telemetry(timestamp='29.05.2023 20:32:01.378406', value='3783.000000', node='ubuntu', metric='rx', subsystem='enp0s25')
Telemetry(timestamp='29.05.2023 20:32:01.644722', value='0.180000', node='ubuntu', metric='load1', subsystem=None)
Telemetry(timestamp='29.05.2023 20:32:01.644725', value='0.100000', node='ubuntu', metric='load5', subsystem=None)
Telemetry(timestamp='29.05.2023 20:32:01.644817', value='4.301075', node='ubuntu', metric='cpu', subsystem=None)
Telemetry(timestamp='29.05.2023 20:32:01.645703', value='93.000000', node='ubuntu', metric='tx', subsystem='enp0s25')
Telemetry(timestamp='29.05.2023 20:32:01.646005', value='1042956.000000', node='ubuntu', metric='ram', subsystem=None)
Telemetry(timestamp='29.05.2023 20:32:01.780494', value='3765.000000', node='ubuntu', metric='rx', subsystem='enp0s25')
Telemetry(timestamp='29.05.2023 20:32:02.144846', value='91.000000', node='ubuntu', metric='tx', subsystem='enp0s25')
Telemetry(timestamp='29.05.2023 20:32:02.144892', value='11.956522', node='ubuntu', metric='cpu', subsystem=None)
Telemetry(timestamp='29.05.2023 20:32:02.304143', value='3700.000000', node='ubuntu', metric='rx', subsystem='enp0s25')
Telemetry(timestamp='29.05.2023 20:32:02.644428', value='6.914894', node='ubuntu', metric='cpu', subsystem=None)
Telemetry(timestamp='29.05.2023 20:32:02.645537', value='1049100.000000', node='ubuntu', metric='ram', subsystem=None)
Telemetry(timestamp='29.05.2023 20:32:02.646793', value='91.000000', node='ubuntu', metric='tx', subsystem='enp0s25')
Telemetry(timestamp='29.05.2023 20:32:02.809093', value='3835.000000', node='ubuntu', metric='rx', subsystem='enp0s25')
Telemetry(timestamp='29.05.2023 20:32:03.145204', value='90.000000', node='ubuntu', metric='tx', subsystem='enp0s25')
Telemetry(timestamp='29.05.2023 20:32:03.147506', value='5.319149', node='ubuntu', metric='cpu', subsystem=None)
Telemetry(timestamp='29.05.2023 20:32:03.313993', value='3871.000000', node='ubuntu', metric='rx', subsystem='enp0s25')
Telemetry(timestamp='29.05.2023 20:32:03.644276', value='1049324.000000', node='ubuntu', metric='ram', subsystem=None)
Telemetry(timestamp='29.05.2023 20:32:03.646585', value='90.000000', node='ubuntu', metric='tx', subsystem='enp0s25')
Telemetry(timestamp='29.05.2023 20:32:03.646684', value='4.812834', node='ubuntu', metric='cpu', subsystem=None)
Telemetry(timestamp='29.05.2023 20:32:03.830479', value='3725.000000', node='ubuntu', metric='rx', subsystem='enp0s25')
Telemetry(timestamp='29.05.2023 20:32:04.144898', value='5.405405', node='ubuntu', metric='cpu', subsystem=None)
Telemetry(timestamp='29.05.2023 20:32:04.145281', value='90.000000', node='ubuntu', metric='tx', subsystem='enp0s25')
Telemetry(timestamp='29.05.2023 20:32:04.349800', value='3771.000000', node='ubuntu', metric='rx', subsystem='enp0s25')
Telemetry(timestamp='29.05.2023 20:32:04.644826', value='4.301075', node='ubuntu', metric='cpu', subsystem=None)
Telemetry(timestamp='29.05.2023 20:32:04.644863', value='93.000000', node='ubuntu', metric='tx', subsystem='enp0s25')
Telemetry(timestamp='29.05.2023 20:32:04.645831', value='1049324.000000', node='ubuntu', metric='ram', subsystem=None)
Telemetry(timestamp='29.05.2023 20:32:04.843344', value='3791.000000', node='ubuntu', metric='rx', subsystem='enp0s25')
Telemetry(timestamp='29.05.2023 20:32:05.144596', value='17.894737', node='ubuntu', metric='cpu', subsystem=None)
Telemetry(timestamp='29.05.2023 20:32:05.146672', value='77.000000', node='ubuntu', metric='tx', subsystem='enp0s25')
Telemetry(timestamp='29.05.2023 20:32:05.369166', value='2885.000000', node='ubuntu', metric='rx', subsystem='enp0s25')
Telemetry(timestamp='29.05.2023 20:32:05.645026', value='7.526882', node='ubuntu', metric='cpu', subsystem=None)
Telemetry(timestamp='29.05.2023 20:32:05.645158', value='1037960.000000', node='ubuntu', metric='ram', subsystem=None)
Telemetry(timestamp='29.05.2023 20:32:05.646591', value='77.000000', node='ubuntu', metric='tx', subsystem='enp0s25')
Telemetry(timestamp='29.05.2023 20:32:05.881377', value='3020.000000', node='ubuntu', metric='rx', subsystem='enp0s25')
Telemetry(timestamp='29.05.2023 20:32:06.145215', value='4.918033', node='ubuntu', metric='cpu', subsystem=None)
Telemetry(timestamp='29.05.2023 20:32:06.146971', value='92.000000', node='ubuntu', metric='tx', subsystem='enp0s25')
Telemetry(timestamp='29.05.2023 20:32:06.290273', value='3830.000000', node='ubuntu', metric='rx', subsystem='enp0s25')
Telemetry(timestamp='29.05.2023 20:32:06.644463', value='0.170000', node='ubuntu', metric='load1', subsystem=None)
Telemetry(timestamp='29.05.2023 20:32:06.644469', value='0.100000', node='ubuntu', metric='load5', subsystem=None)
Telemetry(timestamp='29.05.2023 20:32:06.644616', value='5.913978', node='ubuntu', metric='cpu', subsystem=None)
Telemetry(timestamp='29.05.2023 20:32:06.645238', value='1039936.000000', node='ubuntu', metric='ram', subsystem=None)
Telemetry(timestamp='29.05.2023 20:32:06.646053', value='92.000000', node='ubuntu', metric='tx', subsystem='enp0s25')
Telemetry(timestamp='29.05.2023 20:32:06.817547', value='3773.000000', node='ubuntu', metric='rx', subsystem='enp0s25')
Telemetry(timestamp='29.05.2023 20:32:07.144615', value='8.743169', node='ubuntu', metric='cpu', subsystem=None)
Telemetry(timestamp='29.05.2023 20:32:07.148193', value='96.000000', node='ubuntu', metric='tx', subsystem='enp0s25')
Telemetry(timestamp='29.05.2023 20:32:07.306170', value='3846.000000', node='ubuntu', metric='rx', subsystem='enp0s25')
Telemetry(timestamp='29.05.2023 20:32:07.644489', value='5.882353', node='ubuntu', metric='cpu', subsystem=None)
Telemetry(timestamp='29.05.2023 20:32:07.645215', value='1047748.000000', node='ubuntu', metric='ram', subsystem=None)
Telemetry(timestamp='29.05.2023 20:32:07.645984', value='93.000000', node='ubuntu', metric='tx', subsystem='enp0s25')
Telemetry(timestamp='29.05.2023 20:32:07.832278', value='3770.000000', node='ubuntu', metric='rx', subsystem='enp0s25')
Telemetry(timestamp='29.05.2023 20:32:08.144759', value='2.777778', node='ubuntu', metric='cpu', subsystem=None)
Telemetry(timestamp='29.05.2023 20:32:08.145119', value='89.000000', node='ubuntu', metric='tx', subsystem='enp0s25')
Telemetry(timestamp='29.05.2023 20:32:08.321518', value='3674.000000', node='ubuntu', metric='rx', subsystem='enp0s25')
Telemetry(timestamp='29.05.2023 20:32:08.644939', value='1047748.000000', node='ubuntu', metric='ram', subsystem=None)
Telemetry(timestamp='29.05.2023 20:32:08.645395', value='4.324324', node='ubuntu', metric='cpu', subsystem=None)
Telemetry(timestamp='29.05.2023 20:32:08.645581', value='91.000000', node='ubuntu', metric='tx', subsystem='enp0s25')
Telemetry(timestamp='29.05.2023 20:32:08.849573', value='3662.000000', node='ubuntu', metric='rx', subsystem='enp0s25')
Telemetry(timestamp='29.05.2023 20:32:09.144737', value='4.891304', node='ubuntu', metric='cpu', subsystem=None)
Telemetry(timestamp='29.05.2023 20:32:09.146184', value='93.000000', node='ubuntu', metric='tx', subsystem='enp0s25')
Telemetry(timestamp='29.05.2023 20:32:09.359623', value='3669.000000', node='ubuntu', metric='rx', subsystem='enp0s25')
Telemetry(timestamp='29.05.2023 20:32:09.644973', value='1064632.000000', node='ubuntu', metric='ram', subsystem=None)
Telemetry(timestamp='29.05.2023 20:32:09.645223', value='6.521739', node='ubuntu', metric='cpu', subsystem=None)
Telemetry(timestamp='29.05.2023 20:32:09.646110', value='92.000000', node='ubuntu', metric='tx', subsystem='enp0s25')
Telemetry(timestamp='29.05.2023 20:32:09.882151', value='3707.000000', node='ubuntu', metric='rx', subsystem='enp0s25')
Telemetry(timestamp='29.05.2023 20:32:10.144708', value='3.703704', node='ubuntu', metric='cpu', subsystem=None)
Telemetry(timestamp='29.05.2023 20:32:10.146065', value='95.000000', node='ubuntu', metric='tx', subsystem='enp0s25')
Telemetry(timestamp='29.05.2023 20:32:10.273506', value='3745.000000', node='ubuntu', metric='rx', subsystem='enp0s25')
Telemetry(timestamp='29.05.2023 20:32:10.644431', value='4.864865', node='ubuntu', metric='cpu', subsystem=None)
Telemetry(timestamp='29.05.2023 20:32:10.645125', value='1066200.000000', node='ubuntu', metric='ram', subsystem=None)
Telemetry(timestamp='29.05.2023 20:32:10.645951', value='100.000000', node='ubuntu', metric='tx', subsystem='enp0s25')
Telemetry(timestamp='29.05.2023 20:32:10.789750', value='3480.000000', node='ubuntu', metric='rx', subsystem='enp0s25')
Telemetry(timestamp='29.05.2023 20:32:11.144870', value='93.000000', node='ubuntu', metric='tx', subsystem='enp0s25')
Telemetry(timestamp='29.05.2023 20:32:11.144961', value='6.349206', node='ubuntu', metric='cpu', subsystem=None)
Telemetry(timestamp='29.05.2023 20:32:11.308320', value='3392.000000', node='ubuntu', metric='rx', subsystem='enp0s25')
Telemetry(timestamp='29.05.2023 20:32:11.644886', value='4.301075', node='ubuntu', metric='cpu', subsystem=None)
Telemetry(timestamp='29.05.2023 20:32:11.645037', value='1066200.000000', node='ubuntu', metric='ram', subsystem=None)
Telemetry(timestamp='29.05.2023 20:32:11.645669', value='89.000000', node='ubuntu', metric='tx', subsystem='enp0s25')
Telemetry(timestamp='29.05.2023 20:32:11.645827', value='0.150000', node='ubuntu', metric='load1', subsystem=None)
Telemetry(timestamp='29.05.2023 20:32:11.810082', value='3653.000000', node='ubuntu', metric='rx', subsystem='enp0s25')
Telemetry(timestamp='29.05.2023 20:32:11.819131', value='0.100000', node='ubuntu', metric='load5', subsystem=None)
Telemetry(timestamp='29.05.2023 20:32:12.145076', value='91.000000', node='ubuntu', metric='tx', subsystem='enp0s25')
Telemetry(timestamp='29.05.2023 20:32:12.146672', value='11.827957', node='ubuntu', metric='cpu', subsystem=None)
Telemetry(timestamp='29.05.2023 20:32:12.324742', value='3700.000000', node='ubuntu', metric='rx', subsystem='enp0s25')
Telemetry(timestamp='29.05.2023 20:32:12.644574', value='1066200.000000', node='ubuntu', metric='ram', subsystem=None)
Telemetry(timestamp='29.05.2023 20:32:12.645190', value='5.882353', node='ubuntu', metric='cpu', subsystem=None)
Telemetry(timestamp='29.05.2023 20:32:12.646921', value='93.000000', node='ubuntu', metric='tx', subsystem='enp0s25')
Telemetry(timestamp='29.05.2023 20:32:12.850073', value='3767.000000', node='ubuntu', metric='rx', subsystem='enp0s25')
Telemetry(timestamp='29.05.2023 20:32:13.144477', value='7.486631', node='ubuntu', metric='cpu', subsystem=None)
Telemetry(timestamp='29.05.2023 20:32:13.147979', value='92.000000', node='ubuntu', metric='tx', subsystem='enp0s25')
Telemetry(timestamp='29.05.2023 20:32:13.175161', value='3830.000000', node='ubuntu', metric='rx', subsystem='enp0s25')
Telemetry(timestamp='29.05.2023 20:32:13.644744', value='8.947368', node='ubuntu', metric='cpu', subsystem=None)
Telemetry(timestamp='29.05.2023 20:32:13.645076', value='1089124.000000', node='ubuntu', metric='ram', subsystem=None)
Telemetry(timestamp='29.05.2023 20:32:13.645318', value='87.000000', node='ubuntu', metric='tx', subsystem='enp0s25')
Telemetry(timestamp='29.05.2023 20:32:13.870559', value='3577.000000', node='ubuntu', metric='rx', subsystem='enp0s25')
Telemetry(timestamp='29.05.2023 20:32:14.145467', value='16.489362', node='ubuntu', metric='cpu', subsystem=None)
Telemetry(timestamp='29.05.2023 20:32:14.148983', value='73.000000', node='ubuntu', metric='tx', subsystem='enp0s25')
Telemetry(timestamp='29.05.2023 20:32:14.303233', value='2827.000000', node='ubuntu', metric='rx', subsystem='enp0s25')
Telemetry(timestamp='29.05.2023 20:32:14.645178', value='4.864865', node='ubuntu', metric='cpu', subsystem=None)
Telemetry(timestamp='29.05.2023 20:32:14.645853', value='1017176.000000', node='ubuntu', metric='ram', subsystem=None)
Telemetry(timestamp='29.05.2023 20:32:14.646069', value='77.000000', node='ubuntu', metric='tx', subsystem='enp0s25')
Telemetry(timestamp='29.05.2023 20:32:14.787912', value='2965.000000', node='ubuntu', metric='rx', subsystem='enp0s25')
Telemetry(timestamp='29.05.2023 20:32:15.145375', value='92.000000', node='ubuntu', metric='tx', subsystem='enp0s25')
Telemetry(timestamp='29.05.2023 20:32:15.145461', value='6.382979', node='ubuntu', metric='cpu', subsystem=None)
Telemetry(timestamp='29.05.2023 20:32:15.297065', value='3704.000000', node='ubuntu', metric='rx', subsystem='enp0s25')
Telemetry(timestamp='29.05.2023 20:32:15.644655', value='6.451613', node='ubuntu', metric='cpu', subsystem=None)
Telemetry(timestamp='29.05.2023 20:32:15.645337', value='1009172.000000', node='ubuntu', metric='ram', subsystem=None)
Telemetry(timestamp='29.05.2023 20:32:15.647303', value='93.000000', node='ubuntu', metric='tx', subsystem='enp0s25')
Telemetry(timestamp='29.05.2023 20:32:15.679809', value='3806.000000', node='ubuntu', metric='rx', subsystem='enp0s25')
Telemetry(timestamp='29.05.2023 20:32:16.144712', value='5.945946', node='ubuntu', metric='cpu', subsystem=None)
Telemetry(timestamp='29.05.2023 20:32:16.146032', value='94.000000', node='ubuntu', metric='tx', subsystem='enp0s25')
Telemetry(timestamp='29.05.2023 20:32:16.328375', value='3736.000000', node='ubuntu', metric='rx', subsystem='enp0s25')
Telemetry(timestamp='29.05.2023 20:32:16.644872', value='0.140000', node='ubuntu', metric='load1', subsystem=None)
Telemetry(timestamp='29.05.2023 20:32:16.644942', value='4.188482', node='ubuntu', metric='cpu', subsystem=None)
Telemetry(timestamp='29.05.2023 20:32:16.645275', value='1015440.000000', node='ubuntu', metric='ram', subsystem=None)
Telemetry(timestamp='29.05.2023 20:32:16.646113', value='91.000000', node='ubuntu', metric='tx', subsystem='enp0s25')
Telemetry(timestamp='29.05.2023 20:32:16.815187', value='0.090000', node='ubuntu', metric='load5', subsystem=None)
Telemetry(timestamp='29.05.2023 20:32:16.846034', value='3704.000000', node='ubuntu', metric='rx', subsystem='enp0s25')
Telemetry(timestamp='29.05.2023 20:32:17.145225', value='9.944751', node='ubuntu', metric='cpu', subsystem=None)
Telemetry(timestamp='29.05.2023 20:32:17.145499', value='87.000000', node='ubuntu', metric='tx', subsystem='enp0s25')
Telemetry(timestamp='29.05.2023 20:32:17.356903', value='3598.000000', node='ubuntu', metric='rx', subsystem='enp0s25')
Telemetry(timestamp='29.05.2023 20:32:17.644710', value='3.278689', node='ubuntu', metric='cpu', subsystem=None)
Telemetry(timestamp='29.05.2023 20:32:17.644794', value='1015440.000000', node='ubuntu', metric='ram', subsystem=None)
Telemetry(timestamp='29.05.2023 20:32:17.646336', value='88.000000', node='ubuntu', metric='tx', subsystem='enp0s25')
Telemetry(timestamp='29.05.2023 20:32:17.849627', value='3343.000000', node='ubuntu', metric='rx', subsystem='enp0s25')
Telemetry(timestamp='29.05.2023 20:32:18.144324', value='4.395604', node='ubuntu', metric='cpu', subsystem=None)
Telemetry(timestamp='29.05.2023 20:32:18.145044', value='91.000000', node='ubuntu', metric='tx', subsystem='enp0s25')
Telemetry(timestamp='29.05.2023 20:32:18.356382', value='3524.000000', node='ubuntu', metric='rx', subsystem='enp0s25')
Telemetry(timestamp='29.05.2023 20:32:18.645696', value='96.000000', node='ubuntu', metric='tx', subsystem='enp0s25')
Telemetry(timestamp='29.05.2023 20:32:18.646873', value='1018456.000000', node='ubuntu', metric='ram', subsystem=None)
Telemetry(timestamp='29.05.2023 20:32:18.647276', value='3.867403', node='ubuntu', metric='cpu', subsystem=None)
Telemetry(timestamp='29.05.2023 20:32:18.668035', value='3811.000000', node='ubuntu', metric='rx', subsystem='enp0s25')
Telemetry(timestamp='29.05.2023 20:32:19.145191', value='6.593407', node='ubuntu', metric='cpu', subsystem=None)
Telemetry(timestamp='29.05.2023 20:32:19.145543', value='95.000000', node='ubuntu', metric='tx', subsystem='enp0s25')
Telemetry(timestamp='29.05.2023 20:32:19.287314', value='3838.000000', node='ubuntu', metric='rx', subsystem='enp0s25')
Telemetry(timestamp='29.05.2023 20:32:19.644757', value='4.891304', node='ubuntu', metric='cpu', subsystem=None)
Telemetry(timestamp='29.05.2023 20:32:19.645231', value='1031560.000000', node='ubuntu', metric='ram', subsystem=None)
Telemetry(timestamp='29.05.2023 20:32:19.647106', value='93.000000', node='ubuntu', metric='tx', subsystem='enp0s25')
Telemetry(timestamp='29.05.2023 20:32:19.805519', value='3824.000000', node='ubuntu', metric='rx', subsystem='enp0s25')
Telemetry(timestamp='29.05.2023 20:32:20.144783', value='4.663212', node='ubuntu', metric='cpu', subsystem=None)
Telemetry(timestamp='29.05.2023 20:32:20.145721', value='98.000000', node='ubuntu', metric='tx', subsystem='enp0s25')
Telemetry(timestamp='29.05.2023 20:32:20.332066', value='3782.000000', node='ubuntu', metric='rx', subsystem='enp0s25')
Telemetry(timestamp='29.05.2023 20:32:20.646798', value='98.000000', node='ubuntu', metric='tx', subsystem='enp0s25')
Telemetry(timestamp='29.05.2023 20:32:20.648488', value='5.319149', node='ubuntu', metric='cpu', subsystem=None)
Telemetry(timestamp='29.05.2023 20:32:20.649085', value='1032820.000000', node='ubuntu', metric='ram', subsystem=None)
Telemetry(timestamp='29.05.2023 20:32:20.834556', value='3510.000000', node='ubuntu', metric='rx', subsystem='enp0s25')
Telemetry(timestamp='29.05.2023 20:32:21.144876', value='4.891304', node='ubuntu', metric='cpu', subsystem=None)
Telemetry(timestamp='29.05.2023 20:32:21.146611', value='90.000000', node='ubuntu', metric='tx', subsystem='enp0s25')
Telemetry(timestamp='29.05.2023 20:32:21.345850', value='3392.000000', node='ubuntu', metric='rx', subsystem='enp0s25')
Telemetry(timestamp='29.05.2023 20:32:21.644433', value='0.130000', node='ubuntu', metric='load1', subsystem=None)
Telemetry(timestamp='29.05.2023 20:32:21.644437', value='0.090000', node='ubuntu', metric='load5', subsystem=None)
Telemetry(timestamp='29.05.2023 20:32:21.644626', value='4.324324', node='ubuntu', metric='cpu', subsystem=None)
Telemetry(timestamp='29.05.2023 20:32:21.645523', value='1032820.000000', node='ubuntu', metric='ram', subsystem=None)
Telemetry(timestamp='29.05.2023 20:32:21.648460', value='88.000000', node='ubuntu', metric='tx', subsystem='enp0s25')
Telemetry(timestamp='29.05.2023 20:32:21.768626', value='3568.000000', node='ubuntu', metric='rx', subsystem='enp0s25')
Telemetry(timestamp='29.05.2023 20:32:22.145013', value='90.000000', node='ubuntu', metric='tx', subsystem='enp0s25')
Telemetry(timestamp='29.05.2023 20:32:22.145288', value='9.340659', node='ubuntu', metric='cpu', subsystem=None)
Telemetry(timestamp='29.05.2023 20:32:22.356236', value='3632.000000', node='ubuntu', metric='rx', subsystem='enp0s25')
Telemetry(timestamp='29.05.2023 20:32:22.644692', value='6.382979', node='ubuntu', metric='cpu', subsystem=None)
Telemetry(timestamp='29.05.2023 20:32:22.645043', value='1032820.000000', node='ubuntu', metric='ram', subsystem=None)
Telemetry(timestamp='29.05.2023 20:32:22.646115', value='91.000000', node='ubuntu', metric='tx', subsystem='enp0s25')
Telemetry(timestamp='29.05.2023 20:32:22.886735', value='3759.000000', node='ubuntu', metric='rx', subsystem='enp0s25')
Telemetry(timestamp='29.05.2023 20:32:23.145423', value='75.000000', node='ubuntu', metric='tx', subsystem='enp0s25')
Telemetry(timestamp='29.05.2023 20:32:23.145444', value='18.324607', node='ubuntu', metric='cpu', subsystem=None)
Telemetry(timestamp='29.05.2023 20:32:23.276503', value='2931.000000', node='ubuntu', metric='rx', subsystem='enp0s25')
Telemetry(timestamp='29.05.2023 20:32:23.645052', value='3.174603', node='ubuntu', metric='cpu', subsystem=None)
Telemetry(timestamp='29.05.2023 20:32:23.646124', value='74.000000', node='ubuntu', metric='tx', subsystem='enp0s25')
Telemetry(timestamp='29.05.2023 20:32:23.646275', value='1010656.000000', node='ubuntu', metric='ram', subsystem=None)
Telemetry(timestamp='29.05.2023 20:32:23.781262', value='2839.000000', node='ubuntu', metric='rx', subsystem='enp0s25')
Telemetry(timestamp='29.05.2023 20:32:24.144538', value='89.000000', node='ubuntu', metric='tx', subsystem='enp0s25')
Telemetry(timestamp='29.05.2023 20:32:24.145235', value='5.434783', node='ubuntu', metric='cpu', subsystem=None)
Telemetry(timestamp='29.05.2023 20:32:24.286186', value='3672.000000', node='ubuntu', metric='rx', subsystem='enp0s25')
Telemetry(timestamp='29.05.2023 20:32:24.644528', value='1012892.000000', node='ubuntu', metric='ram', subsystem=None)
Telemetry(timestamp='29.05.2023 20:32:24.646306', value='91.000000', node='ubuntu', metric='tx', subsystem='enp0s25')
Telemetry(timestamp='29.05.2023 20:32:24.646622', value='7.446809', node='ubuntu', metric='cpu', subsystem=None)
Telemetry(timestamp='29.05.2023 20:32:24.815035', value='3655.000000', node='ubuntu', metric='rx', subsystem='enp0s25')
Telemetry(timestamp='29.05.2023 20:32:25.144881', value='5.376344', node='ubuntu', metric='cpu', subsystem=None)
Telemetry(timestamp='29.05.2023 20:32:25.146086', value='92.000000', node='ubuntu', metric='tx', subsystem='enp0s25')
Telemetry(timestamp='29.05.2023 20:32:25.339225', value='3684.000000', node='ubuntu', metric='rx', subsystem='enp0s25')
Telemetry(timestamp='29.05.2023 20:32:25.644579', value='1020956.000000', node='ubuntu', metric='ram', subsystem=None)
Telemetry(timestamp='29.05.2023 20:32:25.645344', value='6.451613', node='ubuntu', metric='cpu', subsystem=None)
Telemetry(timestamp='29.05.2023 20:32:25.645377', value='94.000000', node='ubuntu', metric='tx', subsystem='enp0s25')
Telemetry(timestamp='29.05.2023 20:32:25.849679', value='3622.000000', node='ubuntu', metric='rx', subsystem='enp0s25')
Telemetry(timestamp='29.05.2023 20:32:26.144428', value='5.882353', node='ubuntu', metric='cpu', subsystem=None)
Telemetry(timestamp='29.05.2023 20:32:26.146705', value='90.000000', node='ubuntu', metric='tx', subsystem='enp0s25')
Telemetry(timestamp='29.05.2023 20:32:26.351211', value='3533.000000', node='ubuntu', metric='rx', subsystem='enp0s25')
Telemetry(timestamp='29.05.2023 20:32:26.644081', value='0.120000', node='ubuntu', metric='load1', subsystem=None)
Telemetry(timestamp='29.05.2023 20:32:26.644085', value='0.090000', node='ubuntu', metric='load5', subsystem=None)
Telemetry(timestamp='29.05.2023 20:32:26.644279', value='1020956.000000', node='ubuntu', metric='ram', subsystem=None)
Telemetry(timestamp='29.05.2023 20:32:26.645041', value='3.260870', node='ubuntu', metric='cpu', subsystem=None)
Telemetry(timestamp='29.05.2023 20:32:26.645395', value='89.000000', node='ubuntu', metric='tx', subsystem='enp0s25')
Telemetry(timestamp='29.05.2023 20:32:26.895535', value='3674.000000', node='ubuntu', metric='rx', subsystem='enp0s25')
Telemetry(timestamp='29.05.2023 20:32:27.144971', value='9.340659', node='ubuntu', metric='cpu', subsystem=None)
Telemetry(timestamp='29.05.2023 20:32:27.145794', value='91.000000', node='ubuntu', metric='tx', subsystem='enp0s25')
Telemetry(timestamp='29.05.2023 20:32:27.283115', value='3640.000000', node='ubuntu', metric='rx', subsystem='enp0s25')
Telemetry(timestamp='29.05.2023 20:32:27.644793', value='1020956.000000', node='ubuntu', metric='ram', subsystem=None)
Telemetry(timestamp='29.05.2023 20:32:27.645282', value='90.000000', node='ubuntu', metric='tx', subsystem='enp0s25')
Telemetry(timestamp='29.05.2023 20:32:27.646053', value='4.324324', node='ubuntu', metric='cpu', subsystem=None)
Telemetry(timestamp='29.05.2023 20:32:27.791895', value='3489.000000', node='ubuntu', metric='rx', subsystem='enp0s25')
Telemetry(timestamp='29.05.2023 20:32:28.144891', value='5.464481', node='ubuntu', metric='cpu', subsystem=None)
Telemetry(timestamp='29.05.2023 20:32:28.145921', value='92.000000', node='ubuntu', metric='tx', subsystem='enp0s25')
Telemetry(timestamp='29.05.2023 20:32:28.300805', value='3635.000000', node='ubuntu', metric='rx', subsystem='enp0s25')
Telemetry(timestamp='29.05.2023 20:32:28.645059', value='1037948.000000', node='ubuntu', metric='ram', subsystem=None)
Telemetry(timestamp='29.05.2023 20:32:28.645792', value='2.702703', node='ubuntu', metric='cpu', subsystem=None)
Telemetry(timestamp='29.05.2023 20:32:28.646822', value='104.000000', node='ubuntu', metric='tx', subsystem='enp0s25')
Telemetry(timestamp='29.05.2023 20:32:28.824082', value='3485.000000', node='ubuntu', metric='rx', subsystem='enp0s25')
Telemetry(timestamp='29.05.2023 20:32:29.145065', value='2.688172', node='ubuntu', metric='cpu', subsystem=None)
Telemetry(timestamp='29.05.2023 20:32:29.146260', value='104.000000', node='ubuntu', metric='tx', subsystem='enp0s25')
Telemetry(timestamp='29.05.2023 20:32:29.342396', value='3255.000000', node='ubuntu', metric='rx', subsystem='enp0s25')
Telemetry(timestamp='29.05.2023 20:32:29.645217', value='1038192.000000', node='ubuntu', metric='ram', subsystem=None)
Telemetry(timestamp='29.05.2023 20:32:29.645347', value='3.867403', node='ubuntu', metric='cpu', subsystem=None)
Telemetry(timestamp='29.05.2023 20:32:29.645857', value='91.000000', node='ubuntu', metric='tx', subsystem='enp0s25')
Telemetry(timestamp='29.05.2023 20:32:29.839437', value='3656.000000', node='ubuntu', metric='rx', subsystem='enp0s25')
Telemetry(timestamp='29.05.2023 20:32:30.144796', value='4.371585', node='ubuntu', metric='cpu', subsystem=None)
Telemetry(timestamp='29.05.2023 20:32:30.145991', value='86.000000', node='ubuntu', metric='tx', subsystem='enp0s25')
Telemetry(timestamp='29.05.2023 20:32:30.356806', value='3959.000000', node='ubuntu', metric='rx', subsystem='enp0s25')
Telemetry(timestamp='29.05.2023 20:32:30.644724', value='1038192.000000', node='ubuntu', metric='ram', subsystem=None)
Telemetry(timestamp='29.05.2023 20:32:30.645034', value='4.945055', node='ubuntu', metric='cpu', subsystem=None)
Telemetry(timestamp='29.05.2023 20:32:30.646325', value='87.000000', node='ubuntu', metric='tx', subsystem='enp0s25')
Telemetry(timestamp='29.05.2023 20:32:30.865308', value='3994.000000', node='ubuntu', metric='rx', subsystem='enp0s25')