Telemetry(timestamp='28.05.2023 10:17:00.650130', value='991756.000000', node='ubuntu', metric='ram', subsystem=None)
Telemetry(timestamp='28.05.2023 10:17:00.650868', value='2.475248', node='ubuntu', metric='cpu', subsystem=None)
Telemetry(timestamp='28.05.2023 10:17:00.651347', value='8.000000', node='ubuntu', metric='tx', subsystem='enp0s25')
Telemetry(timestamp='28.05.2023 10:17:00.880900', value='3.000000', node='ubuntu', metric='rx', subsystem='enp0s25')
Telemetry(timestamp='28.05.2023 10:17:01.150990', value='1.000000', node='ubuntu', metric='cpu', subsystem=None)
Telemetry(timestamp='28.05.2023 10:17:01.151526', value='8.000000', node='ubuntu', metric='tx', subsystem='enp0s25')
Telemetry(timestamp='28.05.2023 10:17:01.295527', value='3.000000', node='ubuntu', metric='rx', subsystem='enp0s25')
Telemetry(timestamp='28.05.2023 10:17:01.650282', value='0.000000', node='ubuntu', metric='load1', subsystem=None)
Telemetry(timestamp='28.05.2023 10:17:01.650286', value='0.020000', node='ubuntu', metric='load5', subsystem=None)
Telemetry(timestamp='28.05.2023 10:17:01.650611', value='992252.000000', node='ubuntu', metric='ram', subsystem=None)
Telemetry(timestamp='28.05.2023 10:17:01.650757', value='2.970297', node='ubuntu', metric='cpu', subsystem=None)
Telemetry(timestamp='28.05.2023 10:17:01.651716', value='8.000000', node='ubuntu', metric='tx', subsystem='enp0s25')
Telemetry(timestamp='28.05.2023 10:17:01.820600', value='3.000000', node='ubuntu', metric='rx', subsystem='enp0s25')
Telemetry(timestamp='28.05.2023 10:17:02.150944', value='8.000000', node='ubuntu', metric='tx', subsystem='enp0s25')
Telemetry(timestamp='28.05.2023 10:17:02.151537', value='1.005025', node='ubuntu', metric='cpu', subsystem=None)
Telemetry(timestamp='28.05.2023 10:17:02.304876', value='3.000000', node='ubuntu', metric='rx', subsystem='enp0s25')
Telemetry(timestamp='28.05.2023 10:17:02.650360', value='992236.000000', node='ubuntu', metric='ram', subsystem=None)
Telemetry(timestamp='28.05.2023 10:17:02.651671', value='1.522843', node='ubuntu', metric='cpu', subsystem=None)
Telemetry(timestamp='28.05.2023 10:17:02.651754', value='8.000000', node='ubuntu', metric='tx', subsystem='enp0s25')
Telemetry(timestamp='28.05.2023 10:17:02.820398', value='4.000000', node='ubuntu', metric='rx', subsystem='enp0s25')
Telemetry(timestamp='28.05.2023 10:17:03.150270', value='0.502513', node='ubuntu', metric='cpu', subsystem=None)
Telemetry(timestamp='28.05.2023 10:17:03.151639', value='8.000000', node='ubuntu', metric='tx', subsystem='enp0s25')
Telemetry(timestamp='28.05.2023 10:17:03.175857', value='4.000000', node='ubuntu', metric='rx', subsystem='enp0s25')
Telemetry(timestamp='28.05.2023 10:17:03.650010', value='992236.000000', node='ubuntu', metric='ram', subsystem=None)
Telemetry(timestamp='28.05.2023 10:17:03.650823', value='8.000000', node='ubuntu', metric='tx', subsystem='enp0s25')
Telemetry(timestamp='28.05.2023 10:17:03.650952', value='1.500000', node='ubuntu', metric='cpu', subsystem=None)
Telemetry(timestamp='28.05.2023 10:17:03.683705', value='4.000000', node='ubuntu', metric='rx', subsystem='enp0s25')
Telemetry(timestamp='28.05.2023 10:17:04.150961', value='1.005025', node='ubuntu', metric='cpu', subsystem=None)
Telemetry(timestamp='28.05.2023 10:17:04.150964', value='8.000000', node='ubuntu', metric='tx', subsystem='enp0s25')
Telemetry(timestamp='28.05.2023 10:17:04.249853', value='4.000000', node='ubuntu', metric='rx', subsystem='enp0s25')
Telemetry(timestamp='28.05.2023 10:17:04.649720', value='992236.000000', node='ubuntu', metric='ram', subsystem=None)
Telemetry(timestamp='28.05.2023 10:17:04.650436', value='8.000000', node='ubuntu', metric='tx', subsystem='enp0s25')
Telemetry(timestamp='28.05.2023 10:17:04.650573', value='0.502513', node='ubuntu', metric='cpu', subsystem=None)
Telemetry(timestamp='28.05.2023 10:17:04.678780', value='4.000000', node='ubuntu', metric='rx', subsystem='enp0s25')
Telemetry(timestamp='28.05.2023 10:17:05.149959', value='6.500000', node='ubuntu', metric='cpu', subsystem=None)
Telemetry(timestamp='28.05.2023 10:17:05.151244', value='8.000000', node='ubuntu', metric='tx', subsystem='enp0s25')
Telemetry(timestamp='28.05.2023 10:17:05.178229', value='4.000000', node='ubuntu', metric='rx', subsystem='enp0s25')
Telemetry(timestamp='28.05.2023 10:17:05.649780', value='992236.000000', node='ubuntu', metric='ram', subsystem=None)
Telemetry(timestamp='28.05.2023 10:17:05.649911', value='0.000000', node='ubuntu', metric='cpu', subsystem=None)
Telemetry(timestamp='28.05.2023 10:17:05.651216', value='8.000000', node='ubuntu', metric='tx', subsystem='enp0s25')
Telemetry(timestamp='28.05.2023 10:17:05.683847', value='4.000000', node='ubuntu', metric='rx', subsystem='enp0s25')
Telemetry(timestamp='28.05.2023 10:17:06.150255', value='1.492537', node='ubuntu', metric='cpu', subsystem=None)
Telemetry(timestamp='28.05.2023 10:17:06.150331', value='8.000000', node='ubuntu', metric='tx', subsystem='enp0s25')
Telemetry(timestamp='28.05.2023 10:17:06.280922', value='4.000000', node='ubuntu', metric='rx', subsystem='enp0s25')
Telemetry(timestamp='28.05.2023 10:17:06.650802', value='8.000000', node='ubuntu', metric='tx', subsystem='enp0s25')
Telemetry(timestamp='28.05.2023 10:17:06.651028', value='0.000000', node='ubuntu', metric='load1', subsystem=None)
Telemetry(timestamp='28.05.2023 10:17:06.651614', value='992236.000000', node='ubuntu', metric='ram', subsystem=None)
Telemetry(timestamp='28.05.2023 10:17:06.653085', value='1.990050', node='ubuntu', metric='cpu', subsystem=None)
Telemetry(timestamp='28.05.2023 10:17:06.665396', value='4.000000', node='ubuntu', metric='rx', subsystem='enp0s25')
Telemetry(timestamp='28.05.2023 10:17:06.673345', value='0.020000', node='ubuntu', metric='load5', subsystem=None)
Telemetry(timestamp='28.05.2023 10:17:07.152443', value='0.505051', node='ubuntu', metric='cpu', subsystem=None)
Telemetry(timestamp='28.05.2023 10:17:07.152474', value='8.000000', node='ubuntu', metric='tx', subsystem='enp0s25')
Telemetry(timestamp='28.05.2023 10:17:07.326112', value='4.000000', node='ubuntu', metric='rx', subsystem='enp0s25')
Telemetry(timestamp='28.05.2023 10:17:07.650567', value='992232.000000', node='ubuntu', metric='ram', subsystem=None)
Telemetry(timestamp='28.05.2023 10:17:07.651376', value='3.960396', node='ubuntu', metric='cpu', subsystem=None)
Telemetry(timestamp='28.05.2023 10:17:07.651775', value='8.000000', node='ubuntu', metric='tx', subsystem='enp0s25')
Telemetry(timestamp='28.05.2023 10:17:07.842281', value='4.000000', node='ubuntu', metric='rx', subsystem='enp0s25')
Telemetry(timestamp='28.05.2023 10:17:08.151682', value='8.000000', node='ubuntu', metric='tx', subsystem='enp0s25')
Telemetry(timestamp='28.05.2023 10:17:08.151707', value='1.005025', node='ubuntu', metric='cpu', subsystem=None)
Telemetry(timestamp='28.05.2023 10:17:08.199987', value='3.000000', node='ubuntu', metric='rx', subsystem='enp0s25')
Telemetry(timestamp='28.05.2023 10:17:08.649925', value='0.000000', node='ubuntu', metric='cpu', subsystem=None)
Telemetry(timestamp='28.05.2023 10:17:08.650034', value='992232.000000', node='ubuntu', metric='ram', subsystem=None)
Telemetry(timestamp='28.05.2023 10:17:08.652180', value='8.000000', node='ubuntu', metric='tx', subsystem='enp0s25')
Telemetry(timestamp='28.05.2023 10:17:08.813994', value='4.000000', node='ubuntu', metric='rx', subsystem='enp0s25')
Telemetry(timestamp='28.05.2023 10:17:09.150425', value='8.000000', node='ubuntu', metric='tx', subsystem='enp0s25')
Telemetry(timestamp='28.05.2023 10:17:09.151463', value='68.393782', node='ubuntu', metric='cpu', subsystem=None)
Telemetry(timestamp='28.05.2023 10:17:09.355489', value='4.000000', node='ubuntu', metric='rx', subsystem='enp0s25')
Telemetry(timestamp='28.05.2023 10:17:09.650526', value='1186168.000000', node='ubuntu', metric='ram', subsystem=None)
Telemetry(timestamp='28.05.2023 10:17:09.650856', value='100.000000', node='ubuntu', metric='cpu', subsystem=None)
Telemetry(timestamp='28.05.2023 10:17:09.651002', value='8.000000', node='ubuntu', metric='tx', subsystem='enp0s25')
Telemetry(timestamp='28.05.2023 10:17:09.682351', value='4.000000', node='ubuntu', metric='rx', subsystem='enp0s25')
Telemetry(timestamp='28.05.2023 10:17:10.151523', value='8.000000', node='ubuntu', metric='tx', subsystem='enp0s25')
Telemetry(timestamp='28.05.2023 10:17:10.151683', value='100.000000', node='ubuntu', metric='cpu', subsystem=None)
Telemetry(timestamp='28.05.2023 10:17:10.167371', value='3.000000', node='ubuntu', metric='rx', subsystem='enp0s25')
Telemetry(timestamp='28.05.2023 10:17:10.649652', value='1220756.000000', node='ubuntu', metric='ram', subsystem=None)
Telemetry(timestamp='28.05.2023 10:17:10.650433', value='52.261307', node='ubuntu', metric='cpu', subsystem=None)
Telemetry(timestamp='28.05.2023 10:17:10.651651', value='8.000000', node='ubuntu', metric='tx', subsystem='enp0s25')
Telemetry(timestamp='28.05.2023 10:17:10.815418', value='3.000000', node='ubuntu', metric='rx', subsystem='enp0s25')
Telemetry(timestamp='28.05.2023 10:17:11.150355', value='3.015075', node='ubuntu', metric='cpu', subsystem=None)
Telemetry(timestamp='28.05.2023 10:17:11.150806', value='8.000000', node='ubuntu', metric='tx', subsystem='enp0s25')
Telemetry(timestamp='28.05.2023 10:17:11.317188', value='7.000000', node='ubuntu', metric='rx', subsystem='enp0s25')
Telemetry(timestamp='28.05.2023 10:17:11.649828', value='0.000000', node='ubuntu', metric='load1', subsystem=None)
Telemetry(timestamp='28.05.2023 10:17:11.649831', value='0.020000', node='ubuntu', metric='load5', subsystem=None)
Telemetry(timestamp='28.05.2023 10:17:11.650086', value='1227308.000000', node='ubuntu', metric='ram', subsystem=None)
Telemetry(timestamp='28.05.2023 10:17:11.651111', value='8.000000', node='ubuntu', metric='tx', subsystem='enp0s25')
Telemetry(timestamp='28.05.2023 10:17:11.651385', value='1.005025', node='ubuntu', metric='cpu', subsystem=None)
Telemetry(timestamp='28.05.2023 10:17:11.844048', value='7.000000', node='ubuntu', metric='rx', subsystem='enp0s25')
Telemetry(timestamp='28.05.2023 10:17:12.151435', value='8.629442', node='ubuntu', metric='cpu', subsystem=None)
Telemetry(timestamp='28.05.2023 10:17:12.151562', value='28.000000', node='ubuntu', metric='tx', subsystem='enp0s25')
Telemetry(timestamp='28.05.2023 10:17:12.336365', value='590.000000', node='ubuntu', metric='rx', subsystem='enp0s25')
Telemetry(timestamp='28.05.2023 10:17:12.650313', value='4.145078', node='ubuntu', metric='cpu', subsystem=None)
Telemetry(timestamp='28.05.2023 10:17:12.650543', value='1242652.000000', node='ubuntu', metric='ram', subsystem=None)
Telemetry(timestamp='28.05.2023 10:17:12.651748', value='78.000000', node='ubuntu', metric='tx', subsystem='enp0s25')
Telemetry(timestamp='28.05.2023 10:17:12.866442', value='2105.000000', node='ubuntu', metric='rx', subsystem='enp0s25')
Telemetry(timestamp='28.05.2023 10:17:13.150523', value='100.000000', node='ubuntu', metric='tx', subsystem='enp0s25')
Telemetry(timestamp='28.05.2023 10:17:13.150755', value='3.664921', node='ubuntu', metric='cpu', subsystem=None)
Telemetry(timestamp='28.05.2023 10:17:13.367536', value='3510.000000', node='ubuntu', metric='rx', subsystem='enp0s25')
Telemetry(timestamp='28.05.2023 10:17:13.650052', value='1242904.000000', node='ubuntu', metric='ram', subsystem=None)
Telemetry(timestamp='28.05.2023 10:17:13.652240', value='91.000000', node='ubuntu', metric='tx', subsystem='enp0s25')
Telemetry(timestamp='28.05.2023 10:17:13.652646', value='4.123711', node='ubuntu', metric='cpu', subsystem=None)
Telemetry(timestamp='28.05.2023 10:17:13.787064', value='3873.000000', node='ubuntu', metric='rx', subsystem='enp0s25')
Telemetry(timestamp='28.05.2023 10:17:14.150558', value='3.141361', node='ubuntu', metric='cpu', subsystem=None)
Telemetry(timestamp='28.05.2023 10:17:14.151361', value='90.000000', node='ubuntu', metric='tx', subsystem='enp0s25')
Telemetry(timestamp='28.05.2023 10:17:14.299963', value='3791.000000', node='ubuntu', metric='rx', subsystem='enp0s25')
Telemetry(timestamp='28.05.2023 10:17:14.650204', value='1243380.000000', node='ubuntu', metric='ram', subsystem=None)
Telemetry(timestamp='28.05.2023 10:17:14.651619', value='3.108808', node='ubuntu', metric='cpu', subsystem=None)
Telemetry(timestamp='28.05.2023 10:17:14.652899', value='89.000000', node='ubuntu', metric='tx', subsystem='enp0s25')
Telemetry(timestamp='28.05.2023 10:17:14.697381', value='3815.000000', node='ubuntu', metric='rx', subsystem='enp0s25')
Telemetry(timestamp='28.05.2023 10:17:15.150995', value='5.759162', node='ubuntu', metric='cpu', subsystem=None)
Telemetry(timestamp='28.05.2023 10:17:15.151131', value='90.000000', node='ubuntu', metric='tx', subsystem='enp0s25')
Telemetry(timestamp='28.05.2023 10:17:15.311786', value='3871.000000', node='ubuntu', metric='rx', subsystem='enp0s25')
Telemetry(timestamp='28.05.2023 10:17:15.649886', value='1243376.000000', node='ubuntu', metric='ram', subsystem=None)
Telemetry(timestamp='28.05.2023 10:17:15.650036', value='3.608247', node='ubuntu', metric='cpu', subsystem=None)
Telemetry(timestamp='28.05.2023 10:17:15.652306', value='91.000000', node='ubuntu', metric='tx', subsystem='enp0s25')
Telemetry(timestamp='28.05.2023 10:17:15.705933', value='3896.000000', node='ubuntu', metric='rx', subsystem='enp0s25')
Telemetry(timestamp='28.05.2023 10:17:16.150610', value='90.000000', node='ubuntu', metric='tx', subsystem='enp0s25')
Telemetry(timestamp='28.05.2023 10:17:16.150919', value='4.123711', node='ubuntu', metric='cpu', subsystem=None)
Telemetry(timestamp='28.05.2023 10:17:16.323275', value='3777.000000', node='ubuntu', metric='rx', subsystem='enp0s25')
Telemetry(timestamp='28.05.2023 10:17:16.649339', value='0.000000', node='ubuntu', metric='load1', subsystem=None)
Telemetry(timestamp='28.05.2023 10:17:16.649430', value='1254464.000000', node='ubuntu', metric='ram', subsystem=None)
Telemetry(timestamp='28.05.2023 10:17:16.651249', value='14.948454', node='ubuntu', metric='cpu', subsystem=None)
Telemetry(timestamp='28.05.2023 10:17:16.651305', value='68.000000', node='ubuntu', metric='tx', subsystem='enp0s25')
Telemetry(timestamp='28.05.2023 10:17:16.835626', value='0.020000', node='ubuntu', metric='load5', subsystem=None)
Telemetry(timestamp='28.05.2023 10:17:16.861621', value='2729.000000', node='ubuntu', metric='rx', subsystem='enp0s25')
Telemetry(timestamp='28.05.2023 10:17:17.150653', value='25.125628', node='ubuntu', metric='cpu', subsystem=None)
Telemetry(timestamp='28.05.2023 10:17:17.151799', value='27.000000', node='ubuntu', metric='tx', subsystem='enp0s25')
Telemetry(timestamp='28.05.2023 10:17:17.358860', value='873.000000', node='ubuntu', metric='rx', subsystem='enp0s25')
Telemetry(timestamp='28.05.2023 10:17:17.650104', value='25.628141', node='ubuntu', metric='cpu', subsystem=None)
Telemetry(timestamp='28.05.2023 10:17:17.650154', value='8.000000', node='ubuntu', metric='tx', subsystem='enp0s25')
Telemetry(timestamp='28.05.2023 10:17:17.650461', value='1331828.000000', node='ubuntu', metric='ram', subsystem=None)
Telemetry(timestamp='28.05.2023 10:17:17.857366', value='4.000000', node='ubuntu', metric='rx', subsystem='enp0s25')
Telemetry(timestamp='28.05.2023 10:17:18.150277', value='9.000000', node='ubuntu', metric='tx', subsystem='enp0s25')
Telemetry(timestamp='28.05.2023 10:17:18.151438', value='28.205128', node='ubuntu', metric='cpu', subsystem=None)
Telemetry(timestamp='28.05.2023 10:17:18.284181', value='4.000000', node='ubuntu', metric='rx', subsystem='enp0s25')
Telemetry(timestamp='28.05.2023 10:17:18.650156', value='25.757576', node='ubuntu', metric='cpu', subsystem=None)
Telemetry(timestamp='28.05.2023 10:17:18.650207', value='1325212.000000', node='ubuntu', metric='ram', subsystem=None)
Telemetry(timestamp='28.05.2023 10:17:18.650808', value='10.000000', node='ubuntu', metric='tx', subsystem='enp0s25')
Telemetry(timestamp='28.05.2023 10:17:18.706634', value='4.000000', node='ubuntu', metric='rx', subsystem='enp0s25')
Telemetry(timestamp='28.05.2023 10:17:19.150181', value='9.000000', node='ubuntu', metric='tx', subsystem='enp0s25')
Telemetry(timestamp='28.05.2023 10:17:19.151483', value='25.000000', node='ubuntu', metric='cpu', subsystem=None)
Telemetry(timestamp='28.05.2023 10:17:19.296565', value='4.000000', node='ubuntu', metric='rx', subsystem='enp0s25')
Telemetry(timestamp='28.05.2023 10:17:19.650042', value='1308776.000000', node='ubuntu', metric='ram', subsystem=None)
Telemetry(timestamp='28.05.2023 10:17:19.650124', value='30.150754', node='ubuntu', metric='cpu', subsystem=None)
Telemetry(timestamp='28.05.2023 10:17:19.650691', value='8.000000', node='ubuntu', metric='tx', subsystem='enp0s25')
Telemetry(timestamp='28.05.2023 10:17:19.825308', value='4.000000', node='ubuntu', metric='rx', subsystem='enp0s25')
Telemetry(timestamp='28.05.2023 10:17:20.150883', value='27.777778', node='ubuntu', metric='cpu', subsystem=None)
Telemetry(timestamp='28.05.2023 10:17:20.150964', value='9.000000', node='ubuntu', metric='tx', subsystem='enp0s25')
Telemetry(timestamp='28.05.2023 10:17:20.223453', value='4.000000', node='ubuntu', metric='rx', subsystem='enp0s25')
Telemetry(timestamp='28.05.2023 10:17:20.649763', value='25.500000', node='ubuntu', metric='cpu', subsystem=None)
Telemetry(timestamp='28.05.2023 10:17:20.649932', value='1282748.000000', node='ubuntu', metric='ram', subsystem=None)
Telemetry(timestamp='28.05.2023 10:17:20.650659', value='8.000000', node='ubuntu', metric='tx', subsystem='enp0s25')
Telemetry(timestamp='28.05.2023 10:17:20.765484', value='4.000000', node='ubuntu', metric='rx', subsystem='enp0s25')
Telemetry(timestamp='28.05.2023 10:17:21.150124', value='8.000000', node='ubuntu', metric='tx', subsystem='enp0s25')
Telemetry(timestamp='28.05.2023 10:17:21.150292', value='28.282828', node='ubuntu', metric='cpu', subsystem=None)
Telemetry(timestamp='28.05.2023 10:17:21.337876', value='4.000000', node='ubuntu', metric='rx', subsystem='enp0s25')
Telemetry(timestamp='28.05.2023 10:17:21.649646', value='0.080000', node='ubuntu', metric='load1', subsystem=None)
Telemetry(timestamp='28.05.2023 10:17:21.649647', value='0.040000', node='ubuntu', metric='load5', subsystem=None)
Telemetry(timestamp='28.05.2023 10:17:21.649713', value='1265440.000000', node='ubuntu', metric='ram', subsystem=None)
Telemetry(timestamp='28.05.2023 10:17:21.650388', value='8.000000', node='ubuntu', metric='tx', subsystem='enp0s25')
Telemetry(timestamp='28.05.2023 10:17:21.650432', value='25.870647', node='ubuntu', metric='cpu', subsystem=None)
Telemetry(timestamp='28.05.2023 10:17:21.897885', value='4.000000', node='ubuntu', metric='rx', subsystem='enp0s25')
Telemetry(timestamp='28.05.2023 10:17:22.150112', value='27.551020', node='ubuntu', metric='cpu', subsystem=None)
Telemetry(timestamp='28.05.2023 10:17:22.151260', value='9.000000', node='ubuntu', metric='tx', subsystem='enp0s25')
Telemetry(timestamp='28.05.2023 10:17:22.276536', value='4.000000', node='ubuntu', metric='rx', subsystem='enp0s25')
Telemetry(timestamp='28.05.2023 10:17:22.649925', value='29.081633', node='ubuntu', metric='cpu', subsystem=None)
Telemetry(timestamp='28.05.2023 10:17:22.650120', value='1219100.000000', node='ubuntu', metric='ram', subsystem=None)
Telemetry(timestamp='28.05.2023 10:17:22.650148', value='10.000000', node='ubuntu', metric='tx', subsystem='enp0s25')
Telemetry(timestamp='28.05.2023 10:17:22.795291', value='4.000000', node='ubuntu', metric='rx', subsystem='enp0s25')
Telemetry(timestamp='28.05.2023 10:17:23.150646', value='25.742574', node='ubuntu', metric='cpu', subsystem=None)
Telemetry(timestamp='28.05.2023 10:17:23.150736', value='8.000000', node='ubuntu', metric='tx', subsystem='enp0s25')
Telemetry(timestamp='28.05.2023 10:17:23.305897', value='4.000000', node='ubuntu', metric='rx', subsystem='enp0s25')
Telemetry(timestamp='28.05.2023 10:17:23.649483', value='1223816.000000', node='ubuntu', metric='ram', subsystem=None)
Telemetry(timestamp='28.05.2023 10:17:23.649601', value='28.282828', node='ubuntu', metric='cpu', subsystem=None)
Telemetry(timestamp='28.05.2023 10:17:23.651366', value='9.000000', node='ubuntu', metric='tx', subsystem='enp0s25')
Telemetry(timestamp='28.05.2023 10:17:23.818335', value='4.000000', node='ubuntu', metric='rx', subsystem='enp0s25')
Telemetry(timestamp='28.05.2023 10:17:24.149600', value='27.692308', node='ubuntu', metric='cpu', subsystem=None)
Telemetry(timestamp='28.05.2023 10:17:24.149633', value='9.000000', node='ubuntu', metric='tx', subsystem='enp0s25')
Telemetry(timestamp='28.05.2023 10:17:24.350561', value='4.000000', node='ubuntu', metric='rx', subsystem='enp0s25')
Telemetry(timestamp='28.05.2023 10:17:24.649698', value='27.551020', node='ubuntu', metric='cpu', subsystem=None)
Telemetry(timestamp='28.05.2023 10:17:24.649765', value='1164576.000000', node='ubuntu', metric='ram', subsystem=None)
Telemetry(timestamp='28.05.2023 10:17:24.649929', value='9.000000', node='ubuntu', metric='tx', subsystem='enp0s25')
Telemetry(timestamp='28.05.2023 10:17:24.832397', value='4.000000', node='ubuntu', metric='rx', subsystem='enp0s25')
Telemetry(timestamp='28.05.2023 10:17:25.150182', value='25.773196', node='ubuntu', metric='cpu', subsystem=None)
Telemetry(timestamp='28.05.2023 10:17:25.150201', value='9.000000', node='ubuntu', metric='tx', subsystem='enp0s25')
Telemetry(timestamp='28.05.2023 10:17:25.334204', value='4.000000', node='ubuntu', metric='rx', subsystem='enp0s25')
Telemetry(timestamp='28.05.2023 10:17:25.649886', value='1007420.000000', node='ubuntu', metric='ram', subsystem=None)
Telemetry(timestamp='28.05.2023 10:17:25.650711', value='1.000000', node='ubuntu', metric='cpu', subsystem=None)
Telemetry(timestamp='28.05.2023 10:17:25.651002', value='9.000000', node='ubuntu', metric='tx', subsystem='enp0s25')
Telemetry(timestamp='28.05.2023 10:17:25.873259', value='4.000000', node='ubuntu', metric='rx', subsystem='enp0s25')
Telemetry(timestamp='28.05.2023 10:17:26.150448', value='1.005025', node='ubuntu', metric='cpu', subsystem=None)
Telemetry(timestamp='28.05.2023 10:17:26.150934', value='8.000000', node='ubuntu', metric='tx', subsystem='enp0s25')
Telemetry(timestamp='28.05.2023 10:17:26.372566', value='3.000000', node='ubuntu', metric='rx', subsystem='enp0s25')
Telemetry(timestamp='28.05.2023 10:17:26.651128', value='1007428.000000', node='ubuntu', metric='ram', subsystem=None)
Telemetry(timestamp='28.05.2023 10:17:26.651254', value='0.150000', node='ubuntu', metric='load1', subsystem=None)
Telemetry(timestamp='28.05.2023 10:17:26.651257', value='8.000000', node='ubuntu', metric='tx', subsystem='enp0s25')
Telemetry(timestamp='28.05.2023 10:17:26.651763', value='1.990050', node='ubuntu', metric='cpu', subsystem=None)
Telemetry(timestamp='28.05.2023 10:17:26.788127', value='0.050000', node='ubuntu', metric='load5', subsystem=None)
Telemetry(timestamp='28.05.2023 10:17:26.790604', value='3.000000', node='ubuntu', metric='rx', subsystem='enp0s25')
Telemetry(timestamp='28.05.2023 10:17:27.151136', value='2.500000', node='ubuntu', metric='cpu', subsystem=None)
Telemetry(timestamp='28.05.2023 10:17:27.151569', value='8.000000', node='ubuntu', metric='tx', subsystem='enp0s25')
Telemetry(timestamp='28.05.2023 10:17:27.295181', value='4.000000', node='ubuntu', metric='rx', subsystem='enp0s25')
Telemetry(timestamp='28.05.2023 10:17:27.650305', value='1007428.000000', node='ubuntu', metric='ram', subsystem=None)
Telemetry(timestamp='28.05.2023 10:17:27.651050', value='2.512563', node='ubuntu', metric='cpu', subsystem=None)
Telemetry(timestamp='28.05.2023 10:17:27.652387', value='8.000000', node='ubuntu', metric='tx', subsystem='enp0s25')
Telemetry(timestamp='28.05.2023 10:17:27.812961', value='3.000000', node='ubuntu', metric='rx', subsystem='enp0s25')
Telemetry(timestamp='28.05.2023 10:17:28.151726', value='8.910891', node='ubuntu', metric='cpu', subsystem=None)
Telemetry(timestamp='28.05.2023 10:17:28.152223', value='8.000000', node='ubuntu', metric='tx', subsystem='enp0s25')
Telemetry(timestamp='28.05.2023 10:17:28.313512', value='3.000000', node='ubuntu', metric='rx', subsystem='enp0s25')
Telemetry(timestamp='28.05.2023 10:17:28.651607', value='1007412.000000', node='ubuntu', metric='ram', subsystem=None)
Telemetry(timestamp='28.05.2023 10:17:28.651644', value='2.000000', node='ubuntu', metric='cpu', subsystem=None)
Telemetry(timestamp='28.05.2023 10:17:28.651749', value='8.000000', node='ubuntu', metric='tx', subsystem='enp0s25')
Telemetry(timestamp='28.05.2023 10:17:28.837133', value='3.000000', node='ubuntu', metric='rx', subsystem='enp0s25')
Telemetry(timestamp='28.05.2023 10:17:29.152174', value='1.000000', node='ubuntu', metric='cpu', subsystem=None)
Telemetry(timestamp='28.05.2023 10:17:29.153760', value='8.000000', node='ubuntu', metric='tx', subsystem='enp0s25')
Telemetry(timestamp='28.05.2023 10:17:29.346251', value='3.000000', node='ubuntu', metric='rx', subsystem='enp0s25')
Telemetry(timestamp='28.05.2023 10:17:29.649717', value='1007412.000000', node='ubuntu', metric='ram', subsystem=None)
Telemetry(timestamp='28.05.2023 10:17:29.651898', value='8.000000', node='ubuntu', metric='tx', subsystem='enp0s25')
Telemetry(timestamp='28.05.2023 10:17:29.651939', value='1.492537', node='ubuntu', metric='cpu', subsystem=None)
Telemetry(timestamp='28.05.2023 10:17:29.860441', value='3.000000', node='ubuntu', metric='rx', subsystem='enp0s25')
Telemetry(timestamp='28.05.2023 10:17:30.150257', value='0.000000', node='ubuntu', metric='cpu', subsystem=None)
Telemetry(timestamp='28.05.2023 10:17:30.151680', value='8.000000', node='ubuntu', metric='tx', subsystem='enp0s25')
Telemetry(timestamp='28.05.2023 10:17:30.361502', value='3.000000', node='ubuntu', metric='rx', subsystem='enp0s25')
Telemetry(timestamp='28.05.2023 10:17:30.650250', value='0.502513', node='ubuntu', metric='cpu', subsystem=None)
Telemetry(timestamp='28.05.2023 10:17:30.650631', value='8.000000', node='ubuntu', metric='tx', subsystem='enp0s25')