Telemetry(timestamp='28.05.2023 10:43:44.650071', value='1007068.000000', node='ubuntu', metric='ram', subsystem=None)
Telemetry(timestamp='28.05.2023 10:43:44.650795', value='1.990050', node='ubuntu', metric='cpu', subsystem=None)
Telemetry(timestamp='28.05.2023 10:43:44.651276', value='8.000000', node='ubuntu', metric='tx', subsystem='enp0s25')
Telemetry(timestamp='28.05.2023 10:43:44.785938', value='3.000000', node='ubuntu', metric='rx', subsystem='enp0s25')
Telemetry(timestamp='28.05.2023 10:43:45.150462', value='1.507538', node='ubuntu', metric='cpu', subsystem=None)
Telemetry(timestamp='28.05.2023 10:43:45.151294', value='8.000000', node='ubuntu', metric='tx', subsystem='enp0s25')
Telemetry(timestamp='28.05.2023 10:43:45.302018', value='3.000000', node='ubuntu', metric='rx', subsystem='enp0s25')
Telemetry(timestamp='28.05.2023 10:43:45.650623', value='1.492537', node='ubuntu', metric='cpu', subsystem=None)
Telemetry(timestamp='28.05.2023 10:43:45.651425', value='1007068.000000', node='ubuntu', metric='ram', subsystem=None)
Telemetry(timestamp='28.05.2023 10:43:45.651840', value='8.000000', node='ubuntu', metric='tx', subsystem='enp0s25')
Telemetry(timestamp='28.05.2023 10:43:45.832195', value='3.000000', node='ubuntu', metric='rx', subsystem='enp0s25')
Telemetry(timestamp='28.05.2023 10:43:46.151062', value='8.000000', node='ubuntu', metric='tx', subsystem='enp0s25')
Telemetry(timestamp='28.05.2023 10:43:46.152530', value='1.000000', node='ubuntu', metric='cpu', subsystem=None)
Telemetry(timestamp='28.05.2023 10:43:46.329830', value='4.000000', node='ubuntu', metric='rx', subsystem='enp0s25')
Telemetry(timestamp='28.05.2023 10:43:46.649948', value='0.320000', node='ubuntu', metric='load1', subsystem=None)
Telemetry(timestamp='28.05.2023 10:43:46.649951', value='0.390000', node='ubuntu', metric='load5', subsystem=None)
Telemetry(timestamp='28.05.2023 10:43:46.650195', value='1007068.000000', node='ubuntu', metric='ram', subsystem=None)
Telemetry(timestamp='28.05.2023 10:43:46.652726', value='8.000000', node='ubuntu', metric='tx', subsystem='enp0s25')
Telemetry(timestamp='28.05.2023 10:43:46.653039', value='2.475248', node='ubuntu', metric='cpu', subsystem=None)
Telemetry(timestamp='28.05.2023 10:43:46.873966', value='4.000000', node='ubuntu', metric='rx', subsystem='enp0s25')
Telemetry(timestamp='28.05.2023 10:43:47.150544', value='1.005025', node='ubuntu', metric='cpu', subsystem=None)
Telemetry(timestamp='28.05.2023 10:43:47.152544', value='8.000000', node='ubuntu', metric='tx', subsystem='enp0s25')
Telemetry(timestamp='28.05.2023 10:43:47.254562', value='4.000000', node='ubuntu', metric='rx', subsystem='enp0s25')
Telemetry(timestamp='28.05.2023 10:43:47.649905', value='1007064.000000', node='ubuntu', metric='ram', subsystem=None)
Telemetry(timestamp='28.05.2023 10:43:47.650204', value='3.015075', node='ubuntu', metric='cpu', subsystem=None)
Telemetry(timestamp='28.05.2023 10:43:47.652485', value='9.000000', node='ubuntu', metric='tx', subsystem='enp0s25')
Telemetry(timestamp='28.05.2023 10:43:47.687055', value='4.000000', node='ubuntu', metric='rx', subsystem='enp0s25')
Telemetry(timestamp='28.05.2023 10:43:48.150679', value='8.000000', node='ubuntu', metric='tx', subsystem='enp0s25')
Telemetry(timestamp='28.05.2023 10:43:48.151044', value='1.005025', node='ubuntu', metric='cpu', subsystem=None)
Telemetry(timestamp='28.05.2023 10:43:48.177222', value='8.000000', node='ubuntu', metric='rx', subsystem='enp0s25')
Telemetry(timestamp='28.05.2023 10:43:48.651536', value='3.015075', node='ubuntu', metric='cpu', subsystem=None)
Telemetry(timestamp='28.05.2023 10:43:48.651781', value='8.000000', node='ubuntu', metric='tx', subsystem='enp0s25')
Telemetry(timestamp='28.05.2023 10:43:48.651881', value='1007280.000000', node='ubuntu', metric='ram', subsystem=None)
Telemetry(timestamp='28.05.2023 10:43:48.725128', value='7.000000', node='ubuntu', metric='rx', subsystem='enp0s25')
Telemetry(timestamp='28.05.2023 10:43:49.150239', value='1.507538', node='ubuntu', metric='cpu', subsystem=None)
Telemetry(timestamp='28.05.2023 10:43:49.152219', value='8.000000', node='ubuntu', metric='tx', subsystem='enp0s25')
Telemetry(timestamp='28.05.2023 10:43:49.208686', value='4.000000', node='ubuntu', metric='rx', subsystem='enp0s25')
Telemetry(timestamp='28.05.2023 10:43:49.649710', value='1007280.000000', node='ubuntu', metric='ram', subsystem=None)
Telemetry(timestamp='28.05.2023 10:43:49.650598', value='1.990050', node='ubuntu', metric='cpu', subsystem=None)
Telemetry(timestamp='28.05.2023 10:43:49.652260', value='9.000000', node='ubuntu', metric='tx', subsystem='enp0s25')
Telemetry(timestamp='28.05.2023 10:43:49.711337', value='4.000000', node='ubuntu', metric='rx', subsystem='enp0s25')
Telemetry(timestamp='28.05.2023 10:43:50.150919', value='1.500000', node='ubuntu', metric='cpu', subsystem=None)
Telemetry(timestamp='28.05.2023 10:43:50.151157', value='8.000000', node='ubuntu', metric='tx', subsystem='enp0s25')
Telemetry(timestamp='28.05.2023 10:43:50.179498', value='5.000000', node='ubuntu', metric='rx', subsystem='enp0s25')
Telemetry(timestamp='28.05.2023 10:43:50.649940', value='1007280.000000', node='ubuntu', metric='ram', subsystem=None)
Telemetry(timestamp='28.05.2023 10:43:50.650374', value='1.000000', node='ubuntu', metric='cpu', subsystem=None)
Telemetry(timestamp='28.05.2023 10:43:50.650888', value='8.000000', node='ubuntu', metric='tx', subsystem='enp0s25')
Telemetry(timestamp='28.05.2023 10:43:50.827623', value='4.000000', node='ubuntu', metric='rx', subsystem='enp0s25')
Telemetry(timestamp='28.05.2023 10:43:51.150796', value='8.000000', node='ubuntu', metric='tx', subsystem='enp0s25')
Telemetry(timestamp='28.05.2023 10:43:51.151018', value='2.475248', node='ubuntu', metric='cpu', subsystem=None)
Telemetry(timestamp='28.05.2023 10:43:51.342114', value='4.000000', node='ubuntu', metric='rx', subsystem='enp0s25')
Telemetry(timestamp='28.05.2023 10:43:51.650623', value='1007280.000000', node='ubuntu', metric='ram', subsystem=None)
Telemetry(timestamp='28.05.2023 10:43:51.651913', value='8.000000', node='ubuntu', metric='tx', subsystem='enp0s25')
Telemetry(timestamp='28.05.2023 10:43:51.652160', value='1.000000', node='ubuntu', metric='cpu', subsystem=None)
Telemetry(timestamp='28.05.2023 10:43:51.652209', value='0.290000', node='ubuntu', metric='load1', subsystem=None)
Telemetry(timestamp='28.05.2023 10:43:51.864630', value='4.000000', node='ubuntu', metric='rx', subsystem='enp0s25')
Telemetry(timestamp='28.05.2023 10:43:51.877820', value='0.380000', node='ubuntu', metric='load5', subsystem=None)
Telemetry(timestamp='28.05.2023 10:43:52.152293', value='1.000000', node='ubuntu', metric='cpu', subsystem=None)
Telemetry(timestamp='28.05.2023 10:43:52.152385', value='8.000000', node='ubuntu', metric='tx', subsystem='enp0s25')
Telemetry(timestamp='28.05.2023 10:43:52.364564', value='4.000000', node='ubuntu', metric='rx', subsystem='enp0s25')
Telemetry(timestamp='28.05.2023 10:43:52.650441', value='1007280.000000', node='ubuntu', metric='ram', subsystem=None)
Telemetry(timestamp='28.05.2023 10:43:52.650737', value='2.020202', node='ubuntu', metric='cpu', subsystem=None)
Telemetry(timestamp='28.05.2023 10:43:52.652191', value='8.000000', node='ubuntu', metric='tx', subsystem='enp0s25')
Telemetry(timestamp='28.05.2023 10:43:52.884804', value='4.000000', node='ubuntu', metric='rx', subsystem='enp0s25')
Telemetry(timestamp='28.05.2023 10:43:53.150385', value='0.000000', node='ubuntu', metric='cpu', subsystem=None)
Telemetry(timestamp='28.05.2023 10:43:53.151187', value='8.000000', node='ubuntu', metric='tx', subsystem='enp0s25')
Telemetry(timestamp='28.05.2023 10:43:53.293597', value='4.000000', node='ubuntu', metric='rx', subsystem='enp0s25')
Telemetry(timestamp='28.05.2023 10:43:53.654639', value='8.000000', node='ubuntu', metric='tx', subsystem='enp0s25')
Telemetry(timestamp='28.05.2023 10:43:53.654640', value='4.000000', node='ubuntu', metric='rx', subsystem='enp0s25')
Telemetry(timestamp='28.05.2023 10:43:53.654999', value='1125216.000000', node='ubuntu', metric='ram', subsystem=None)
Telemetry(timestamp='28.05.2023 10:43:53.656672', value='66.834171', node='ubuntu', metric='cpu', subsystem=None)
Telemetry(timestamp='28.05.2023 10:43:54.151657', value='8.000000', node='ubuntu', metric='tx', subsystem='enp0s25')
Telemetry(timestamp='28.05.2023 10:43:54.157069', value='100.000000', node='ubuntu', metric='cpu', subsystem=None)
Telemetry(timestamp='28.05.2023 10:43:54.417219', value='4.000000', node='ubuntu', metric='rx', subsystem='enp0s25')
Telemetry(timestamp='28.05.2023 10:43:54.650446', value='1204904.000000', node='ubuntu', metric='ram', subsystem=None)
Telemetry(timestamp='28.05.2023 10:43:54.651590', value='100.000000', node='ubuntu', metric='cpu', subsystem=None)
Telemetry(timestamp='28.05.2023 10:43:54.656415', value='8.000000', node='ubuntu', metric='tx', subsystem='enp0s25')
Telemetry(timestamp='28.05.2023 10:43:54.900082', value='4.000000', node='ubuntu', metric='rx', subsystem='enp0s25')
Telemetry(timestamp='28.05.2023 10:43:55.150886', value='45.454545', node='ubuntu', metric='cpu', subsystem=None)
Telemetry(timestamp='28.05.2023 10:43:55.150889', value='8.000000', node='ubuntu', metric='tx', subsystem='enp0s25')
Telemetry(timestamp='28.05.2023 10:43:55.338086', value='3.000000', node='ubuntu', metric='rx', subsystem='enp0s25')
Telemetry(timestamp='28.05.2023 10:43:55.650071', value='23.737374', node='ubuntu', metric='cpu', subsystem=None)
Telemetry(timestamp='28.05.2023 10:43:55.650338', value='1283708.000000', node='ubuntu', metric='ram', subsystem=None)
Telemetry(timestamp='28.05.2023 10:43:55.651072', value='10.000000', node='ubuntu', metric='tx', subsystem='enp0s25')
Telemetry(timestamp='28.05.2023 10:43:55.851115', value='93.000000', node='ubuntu', metric='rx', subsystem='enp0s25')
Telemetry(timestamp='28.05.2023 10:43:56.150279', value='56.000000', node='ubuntu', metric='tx', subsystem='enp0s25')
Telemetry(timestamp='28.05.2023 10:43:56.150650', value='6.666667', node='ubuntu', metric='cpu', subsystem=None)
Telemetry(timestamp='28.05.2023 10:43:56.354942', value='1257.000000', node='ubuntu', metric='rx', subsystem='enp0s25')
Telemetry(timestamp='28.05.2023 10:43:56.650237', value='0.270000', node='ubuntu', metric='load1', subsystem=None)
Telemetry(timestamp='28.05.2023 10:43:56.650441', value='1293788.000000', node='ubuntu', metric='ram', subsystem=None)
Telemetry(timestamp='28.05.2023 10:43:56.650721', value='100.000000', node='ubuntu', metric='tx', subsystem='enp0s25')
Telemetry(timestamp='28.05.2023 10:43:56.650844', value='3.608247', node='ubuntu', metric='cpu', subsystem=None)
Telemetry(timestamp='28.05.2023 10:43:56.845615', value='0.380000', node='ubuntu', metric='load5', subsystem=None)
Telemetry(timestamp='28.05.2023 10:43:56.861173', value='3051.000000', node='ubuntu', metric='rx', subsystem='enp0s25')
Telemetry(timestamp='28.05.2023 10:43:57.151280', value='4.166667', node='ubuntu', metric='cpu', subsystem=None)
Telemetry(timestamp='28.05.2023 10:43:57.151461', value='97.000000', node='ubuntu', metric='tx', subsystem='enp0s25')
Telemetry(timestamp='28.05.2023 10:43:57.435443', value='3943.000000', node='ubuntu', metric='rx', subsystem='enp0s25')
Telemetry(timestamp='28.05.2023 10:43:57.650848', value='1294012.000000', node='ubuntu', metric='ram', subsystem=None)
Telemetry(timestamp='28.05.2023 10:43:57.651453', value='93.000000', node='ubuntu', metric='tx', subsystem='enp0s25')
Telemetry(timestamp='28.05.2023 10:43:57.651756', value='4.210526', node='ubuntu', metric='cpu', subsystem=None)
Telemetry(timestamp='28.05.2023 10:43:57.784839', value='4039.000000', node='ubuntu', metric='rx', subsystem='enp0s25')
Telemetry(timestamp='28.05.2023 10:43:58.150955', value='4.166667', node='ubuntu', metric='cpu', subsystem=None)
Telemetry(timestamp='28.05.2023 10:43:58.151198', value='92.000000', node='ubuntu', metric='tx', subsystem='enp0s25')
Telemetry(timestamp='28.05.2023 10:43:58.309459', value='3990.000000', node='ubuntu', metric='rx', subsystem='enp0s25')
Telemetry(timestamp='28.05.2023 10:43:58.650240', value='1294756.000000', node='ubuntu', metric='ram', subsystem=None)
Telemetry(timestamp='28.05.2023 10:43:58.651082', value='5.820106', node='ubuntu', metric='cpu', subsystem=None)
Telemetry(timestamp='28.05.2023 10:43:58.651586', value='91.000000', node='ubuntu', metric='tx', subsystem='enp0s25')
Telemetry(timestamp='28.05.2023 10:43:58.820178', value='3966.000000', node='ubuntu', metric='rx', subsystem='enp0s25')
Telemetry(timestamp='28.05.2023 10:43:59.151916', value='88.000000', node='ubuntu', metric='tx', subsystem='enp0s25')
Telemetry(timestamp='28.05.2023 10:43:59.152031', value='2.116402', node='ubuntu', metric='cpu', subsystem=None)
Telemetry(timestamp='28.05.2023 10:43:59.317750', value='3798.000000', node='ubuntu', metric='rx', subsystem='enp0s25')
Telemetry(timestamp='28.05.2023 10:43:59.650345', value='1294744.000000', node='ubuntu', metric='ram', subsystem=None)
Telemetry(timestamp='28.05.2023 10:43:59.650570', value='3.608247', node='ubuntu', metric='cpu', subsystem=None)
Telemetry(timestamp='28.05.2023 10:43:59.651983', value='89.000000', node='ubuntu', metric='tx', subsystem='enp0s25')
Telemetry(timestamp='28.05.2023 10:43:59.853627', value='3684.000000', node='ubuntu', metric='rx', subsystem='enp0s25')
Telemetry(timestamp='28.05.2023 10:44:00.150626', value='4.081633', node='ubuntu', metric='cpu', subsystem=None)
Telemetry(timestamp='28.05.2023 10:44:00.150795', value='91.000000', node='ubuntu', metric='tx', subsystem='enp0s25')
Telemetry(timestamp='28.05.2023 10:44:00.380884', value='3748.000000', node='ubuntu', metric='rx', subsystem='enp0s25')
Telemetry(timestamp='28.05.2023 10:44:00.650449', value='1294744.000000', node='ubuntu', metric='ram', subsystem=None)
Telemetry(timestamp='28.05.2023 10:44:00.651719', value='3.108808', node='ubuntu', metric='cpu', subsystem=None)
Telemetry(timestamp='28.05.2023 10:44:00.651812', value='92.000000', node='ubuntu', metric='tx', subsystem='enp0s25')
Telemetry(timestamp='28.05.2023 10:44:00.872920', value='3807.000000', node='ubuntu', metric='rx', subsystem='enp0s25')
Telemetry(timestamp='28.05.2023 10:44:01.151493', value='92.000000', node='ubuntu', metric='tx', subsystem='enp0s25')
Telemetry(timestamp='28.05.2023 10:44:01.152262', value='3.108808', node='ubuntu', metric='cpu', subsystem=None)
Telemetry(timestamp='28.05.2023 10:44:01.404368', value='3783.000000', node='ubuntu', metric='rx', subsystem='enp0s25')
Telemetry(timestamp='28.05.2023 10:44:01.649447', value='0.250000', node='ubuntu', metric='load1', subsystem=None)
Telemetry(timestamp='28.05.2023 10:44:01.649450', value='0.370000', node='ubuntu', metric='load5', subsystem=None)
Telemetry(timestamp='28.05.2023 10:44:01.649755', value='1294744.000000', node='ubuntu', metric='ram', subsystem=None)
Telemetry(timestamp='28.05.2023 10:44:01.650640', value='4.615385', node='ubuntu', metric='cpu', subsystem=None)
Telemetry(timestamp='28.05.2023 10:44:01.652446', value='89.000000', node='ubuntu', metric='tx', subsystem='enp0s25')
Telemetry(timestamp='28.05.2023 10:44:01.800229', value='3690.000000', node='ubuntu', metric='rx', subsystem='enp0s25')
Telemetry(timestamp='28.05.2023 10:44:02.150148', value='3.125000', node='ubuntu', metric='cpu', subsystem=None)
Telemetry(timestamp='28.05.2023 10:44:02.151700', value='91.000000', node='ubuntu', metric='tx', subsystem='enp0s25')
Telemetry(timestamp='28.05.2023 10:44:02.295366', value='3742.000000', node='ubuntu', metric='rx', subsystem='enp0s25')
Telemetry(timestamp='28.05.2023 10:44:02.650445', value='3.092784', node='ubuntu', metric='cpu', subsystem=None)
Telemetry(timestamp='28.05.2023 10:44:02.650743', value='93.000000', node='ubuntu', metric='tx', subsystem='enp0s25')
Telemetry(timestamp='28.05.2023 10:44:02.651169', value='1295864.000000', node='ubuntu', metric='ram', subsystem=None)
Telemetry(timestamp='28.05.2023 10:44:02.802651', value='3749.000000', node='ubuntu', metric='rx', subsystem='enp0s25')
Telemetry(timestamp='28.05.2023 10:44:03.150589', value='92.000000', node='ubuntu', metric='tx', subsystem='enp0s25')
Telemetry(timestamp='28.05.2023 10:44:03.152479', value='2.604167', node='ubuntu', metric='cpu', subsystem=None)
Telemetry(timestamp='28.05.2023 10:44:03.307800', value='3599.000000', node='ubuntu', metric='rx', subsystem='enp0s25')
Telemetry(timestamp='28.05.2023 10:44:03.649841', value='1295864.000000', node='ubuntu', metric='ram', subsystem=None)
Telemetry(timestamp='28.05.2023 10:44:03.651862', value='2.083333', node='ubuntu', metric='cpu', subsystem=None)
Telemetry(timestamp='28.05.2023 10:44:03.652082', value='93.000000', node='ubuntu', metric='tx', subsystem='enp0s25')
Telemetry(timestamp='28.05.2023 10:44:03.905976', value='3669.000000', node='ubuntu', metric='rx', subsystem='enp0s25')
Telemetry(timestamp='28.05.2023 10:44:04.150447', value='2.631579', node='ubuntu', metric='cpu', subsystem=None)
Telemetry(timestamp='28.05.2023 10:44:04.151511', value='92.000000', node='ubuntu', metric='tx', subsystem='enp0s25')
Telemetry(timestamp='28.05.2023 10:44:04.497130', value='3882.000000', node='ubuntu', metric='rx', subsystem='enp0s25')
Telemetry(timestamp='28.05.2023 10:44:04.650014', value='1295864.000000', node='ubuntu', metric='ram', subsystem=None)
Telemetry(timestamp='28.05.2023 10:44:04.650775', value='3.626943', node='ubuntu', metric='cpu', subsystem=None)
Telemetry(timestamp='28.05.2023 10:44:04.651356', value='91.000000', node='ubuntu', metric='tx', subsystem='enp0s25')
Telemetry(timestamp='28.05.2023 10:44:04.687052', value='4087.000000', node='ubuntu', metric='rx', subsystem='enp0s25')
Telemetry(timestamp='28.05.2023 10:44:05.151314', value='3.626943', node='ubuntu', metric='cpu', subsystem=None)
Telemetry(timestamp='28.05.2023 10:44:05.151339', value='91.000000', node='ubuntu', metric='tx', subsystem='enp0s25')
Telemetry(timestamp='28.05.2023 10:44:05.379407', value='4107.000000', node='ubuntu', metric='rx', subsystem='enp0s25')
Telemetry(timestamp='28.05.2023 10:44:05.649943', value='1296108.000000', node='ubuntu', metric='ram', subsystem=None)
Telemetry(timestamp='28.05.2023 10:44:05.651735', value='92.000000', node='ubuntu', metric='tx', subsystem='enp0s25')
Telemetry(timestamp='28.05.2023 10:44:05.651894', value='5.102041', node='ubuntu', metric='cpu', subsystem=None)
Telemetry(timestamp='28.05.2023 10:44:05.871936', value='4005.000000', node='ubuntu', metric='rx', subsystem='enp0s25')
Telemetry(timestamp='28.05.2023 10:44:06.150240', value='3.108808', node='ubuntu', metric='cpu', subsystem=None)
Telemetry(timestamp='28.05.2023 10:44:06.151990', value='90.000000', node='ubuntu', metric='tx', subsystem='enp0s25')
Telemetry(timestamp='28.05.2023 10:44:06.289178', value='3787.000000', node='ubuntu', metric='rx', subsystem='enp0s25')
Telemetry(timestamp='28.05.2023 10:44:06.650042', value='0.230000', node='ubuntu', metric='load1', subsystem=None)
Telemetry(timestamp='28.05.2023 10:44:06.650046', value='0.360000', node='ubuntu', metric='load5', subsystem=None)
Telemetry(timestamp='28.05.2023 10:44:06.650114', value='2.094241', node='ubuntu', metric='cpu', subsystem=None)
Telemetry(timestamp='28.05.2023 10:44:06.650627', value='91.000000', node='ubuntu', metric='tx', subsystem='enp0s25')
Telemetry(timestamp='28.05.2023 10:44:06.650715', value='1296108.000000', node='ubuntu', metric='ram', subsystem=None)
Telemetry(timestamp='28.05.2023 10:44:06.802458', value='3714.000000', node='ubuntu', metric='rx', subsystem='enp0s25')
Telemetry(timestamp='28.05.2023 10:44:07.150761', value='94.000000', node='ubuntu', metric='tx', subsystem='enp0s25')
Telemetry(timestamp='28.05.2023 10:44:07.152328', value='3.608247', node='ubuntu', metric='cpu', subsystem=None)
Telemetry(timestamp='28.05.2023 10:44:07.377542', value='3862.000000', node='ubuntu', metric='rx', subsystem='enp0s25')
Telemetry(timestamp='28.05.2023 10:44:07.649804', value='1296108.000000', node='ubuntu', metric='ram', subsystem=None)
Telemetry(timestamp='28.05.2023 10:44:07.651852', value='4.210526', node='ubuntu', metric='cpu', subsystem=None)
Telemetry(timestamp='28.05.2023 10:44:07.651873', value='93.000000', node='ubuntu', metric='tx', subsystem='enp0s25')
Telemetry(timestamp='28.05.2023 10:44:07.821325', value='3828.000000', node='ubuntu', metric='rx', subsystem='enp0s25')
Telemetry(timestamp='28.05.2023 10:44:08.150144', value='2.604167', node='ubuntu', metric='cpu', subsystem=None)
Telemetry(timestamp='28.05.2023 10:44:08.151688', value='93.000000', node='ubuntu', metric='tx', subsystem='enp0s25')
Telemetry(timestamp='28.05.2023 10:44:08.339171', value='3770.000000', node='ubuntu', metric='rx', subsystem='enp0s25')
Telemetry(timestamp='28.05.2023 10:44:08.650135', value='3.174603', node='ubuntu', metric='cpu', subsystem=None)
Telemetry(timestamp='28.05.2023 10:44:08.651430', value='92.000000', node='ubuntu', metric='tx', subsystem='enp0s25')
Telemetry(timestamp='28.05.2023 10:44:08.651436', value='1296108.000000', node='ubuntu', metric='ram', subsystem=None)
Telemetry(timestamp='28.05.2023 10:44:08.860380', value='3736.000000', node='ubuntu', metric='rx', subsystem='enp0s25')
Telemetry(timestamp='28.05.2023 10:44:09.150342', value='90.000000', node='ubuntu', metric='tx', subsystem='enp0s25')
Telemetry(timestamp='28.05.2023 10:44:09.151822', value='3.092784', node='ubuntu', metric='cpu', subsystem=None)
Telemetry(timestamp='28.05.2023 10:44:09.369255', value='3656.000000', node='ubuntu', metric='rx', subsystem='enp0s25')
Telemetry(timestamp='28.05.2023 10:44:09.650199', value='1296108.000000', node='ubuntu', metric='ram', subsystem=None)
Telemetry(timestamp='28.05.2023 10:44:09.650347', value='3.645833', node='ubuntu', metric='cpu', subsystem=None)
Telemetry(timestamp='28.05.2023 10:44:09.651592', value='92.000000', node='ubuntu', metric='tx', subsystem='enp0s25')
Telemetry(timestamp='28.05.2023 10:44:09.883364', value='3794.000000', node='ubuntu', metric='rx', subsystem='enp0s25')
Telemetry(timestamp='28.05.2023 10:44:10.150930', value='4.639175', node='ubuntu', metric='cpu', subsystem=None)
Telemetry(timestamp='28.05.2023 10:44:10.150986', value='92.000000', node='ubuntu', metric='tx', subsystem='enp0s25')
Telemetry(timestamp='28.05.2023 10:44:10.290086', value='4005.000000', node='ubuntu', metric='rx', subsystem='enp0s25')
Telemetry(timestamp='28.05.2023 10:44:10.649879', value='1296108.000000', node='ubuntu', metric='ram', subsystem=None)
Telemetry(timestamp='28.05.2023 10:44:10.650831', value='3.108808', node='ubuntu', metric='cpu', subsystem=None)
Telemetry(timestamp='28.05.2023 10:44:10.651576', value='90.000000', node='ubuntu', metric='tx', subsystem='enp0s25')
Telemetry(timestamp='28.05.2023 10:44:10.823281', value='3889.000000', node='ubuntu', metric='rx', subsystem='enp0s25')
Telemetry(timestamp='28.05.2023 10:44:11.150429', value='3.608247', node='ubuntu', metric='cpu', subsystem=None)
Telemetry(timestamp='28.05.2023 10:44:11.151660', value='91.000000', node='ubuntu', metric='tx', subsystem='enp0s25')
Telemetry(timestamp='28.05.2023 10:44:11.312718', value='3750.000000', node='ubuntu', metric='rx', subsystem='enp0s25')
Telemetry(timestamp='28.05.2023 10:44:11.649494', value='0.210000', node='ubuntu', metric='load1', subsystem=None)
Telemetry(timestamp='28.05.2023 10:44:11.649497', value='0.360000', node='ubuntu', metric='load5', subsystem=None)
Telemetry(timestamp='28.05.2023 10:44:11.649802', value='1296108.000000', node='ubuntu', metric='ram', subsystem=None)
Telemetry(timestamp='28.05.2023 10:44:11.650799', value='3.108808', node='ubuntu', metric='cpu', subsystem=None)
Telemetry(timestamp='28.05.2023 10:44:11.651335', value='91.000000', node='ubuntu', metric='tx', subsystem='enp0s25')
Telemetry(timestamp='28.05.2023 10:44:11.830308', value='3751.000000', node='ubuntu', metric='rx', subsystem='enp0s25')
Telemetry(timestamp='28.05.2023 10:44:12.150892', value='2.116402', node='ubuntu', metric='cpu', subsystem=None)
Telemetry(timestamp='28.05.2023 10:44:12.151315', value='92.000000', node='ubuntu', metric='tx', subsystem='enp0s25')
Telemetry(timestamp='28.05.2023 10:44:12.345617', value='3793.000000', node='ubuntu', metric='rx', subsystem='enp0s25')
Telemetry(timestamp='28.05.2023 10:44:12.650150', value='1296108.000000', node='ubuntu', metric='ram', subsystem=None)
Telemetry(timestamp='28.05.2023 10:44:12.650692', value='4.166667', node='ubuntu', metric='cpu', subsystem=None)
Telemetry(timestamp='28.05.2023 10:44:12.651518', value='92.000000', node='ubuntu', metric='tx', subsystem='enp0s25')
Telemetry(timestamp='28.05.2023 10:44:12.852523', value='3803.000000', node='ubuntu', metric='rx', subsystem='enp0s25')
Telemetry(timestamp='28.05.2023 10:44:13.150766', value='12.371134', node='ubuntu', metric='cpu', subsystem=None)
Telemetry(timestamp='28.05.2023 10:44:13.151957', value='74.000000', node='ubuntu', metric='tx', subsystem='enp0s25')
Telemetry(timestamp='28.05.2023 10:44:13.363750', value='2972.000000', node='ubuntu', metric='rx', subsystem='enp0s25')
Telemetry(timestamp='28.05.2023 10:44:13.649487', value='25.125628', node='ubuntu', metric='cpu', subsystem=None)
Telemetry(timestamp='28.05.2023 10:44:13.649596', value='1341468.000000', node='ubuntu', metric='ram', subsystem=None)
Telemetry(timestamp='28.05.2023 10:44:13.651593', value='32.000000', node='ubuntu', metric='tx', subsystem='enp0s25')
Telemetry(timestamp='28.05.2023 10:44:13.900747', value='1099.000000', node='ubuntu', metric='rx', subsystem='enp0s25')
Telemetry(timestamp='28.05.2023 10:44:14.149730', value='25.125628', node='ubuntu', metric='cpu', subsystem=None)
Telemetry(timestamp='28.05.2023 10:44:14.150002', value='8.000000', node='ubuntu', metric='tx', subsystem='enp0s25')
Telemetry(timestamp='28.05.2023 10:44:14.446757', value='3.000000', node='ubuntu', metric='rx', subsystem='enp0s25')
Telemetry(timestamp='28.05.2023 10:44:14.650264', value='8.000000', node='ubuntu', metric='tx', subsystem='enp0s25')
Telemetry(timestamp='28.05.2023 10:44:14.650417', value='1374984.000000', node='ubuntu', metric='ram', subsystem=None)
Telemetry(timestamp='28.05.2023 10:44:14.650620', value='25.742574', node='ubuntu', metric='cpu', subsystem=None)
Telemetry(timestamp='28.05.2023 10:44:14.769525', value='4.000000', node='ubuntu', metric='rx', subsystem='enp0s25')
Telemetry(timestamp='28.05.2023 10:44:15.150172', value='8.000000', node='ubuntu', metric='tx', subsystem='enp0s25')
Telemetry(timestamp='28.05.2023 10:44:15.151242', value='25.870647', node='ubuntu', metric='cpu', subsystem=None)
Telemetry(timestamp='28.05.2023 10:44:15.304970', value='4.000000', node='ubuntu', metric='rx', subsystem='enp0s25')
Telemetry(timestamp='28.05.2023 10:44:15.650116', value='25.742574', node='ubuntu', metric='cpu', subsystem=None)
Telemetry(timestamp='28.05.2023 10:44:15.650224', value='1399680.000000', node='ubuntu', metric='ram', subsystem=None)
Telemetry(timestamp='28.05.2023 10:44:15.650699', value='8.000000', node='ubuntu', metric='tx', subsystem='enp0s25')
Telemetry(timestamp='28.05.2023 10:44:15.811475', value='3.000000', node='ubuntu', metric='rx', subsystem='enp0s25')
Telemetry(timestamp='28.05.2023 10:44:16.150680', value='25.500000', node='ubuntu', metric='cpu', subsystem=None)
Telemetry(timestamp='28.05.2023 10:44:16.150812', value='8.000000', node='ubuntu', metric='tx', subsystem='enp0s25')
Telemetry(timestamp='28.05.2023 10:44:16.329680', value='3.000000', node='ubuntu', metric='rx', subsystem='enp0s25')
Telemetry(timestamp='28.05.2023 10:44:16.649762', value='0.190000', node='ubuntu', metric='load1', subsystem=None)
Telemetry(timestamp='28.05.2023 10:44:16.649763', value='0.350000', node='ubuntu', metric='load5', subsystem=None)
Telemetry(timestamp='28.05.2023 10:44:16.649781', value='25.000000', node='ubuntu', metric='cpu', subsystem=None)
Telemetry(timestamp='28.05.2023 10:44:16.650352', value='1438488.000000', node='ubuntu', metric='ram', subsystem=None)
Telemetry(timestamp='28.05.2023 10:44:16.650632', value='8.000000', node='ubuntu', metric='tx', subsystem='enp0s25')
Telemetry(timestamp='28.05.2023 10:44:16.847528', value='3.000000', node='ubuntu', metric='rx', subsystem='enp0s25')
Telemetry(timestamp='28.05.2023 10:44:17.149696', value='8.000000', node='ubuntu', metric='tx', subsystem='enp0s25')
Telemetry(timestamp='28.05.2023 10:44:17.150063', value='25.500000', node='ubuntu', metric='cpu', subsystem=None)
Telemetry(timestamp='28.05.2023 10:44:17.338481', value='4.000000', node='ubuntu', metric='rx', subsystem='enp0s25')
Telemetry(timestamp='28.05.2023 10:44:17.649799', value='1549244.000000', node='ubuntu', metric='ram', subsystem=None)
Telemetry(timestamp='28.05.2023 10:44:17.649848', value='26.000000', node='ubuntu', metric='cpu', subsystem=None)
Telemetry(timestamp='28.05.2023 10:44:17.650396', value='8.000000', node='ubuntu', metric='tx', subsystem='enp0s25')
Telemetry(timestamp='28.05.2023 10:44:17.862826', value='4.000000', node='ubuntu', metric='rx', subsystem='enp0s25')
Telemetry(timestamp='28.05.2023 10:44:18.150222', value='8.000000', node='ubuntu', metric='tx', subsystem='enp0s25')
Telemetry(timestamp='28.05.2023 10:44:18.150648', value='29.797980', node='ubuntu', metric='cpu', subsystem=None)
Telemetry(timestamp='28.05.2023 10:44:18.351994', value='7.000000', node='ubuntu', metric='rx', subsystem='enp0s25')
Telemetry(timestamp='28.05.2023 10:44:18.650289', value='8.000000', node='ubuntu', metric='tx', subsystem='enp0s25')
Telemetry(timestamp='28.05.2023 10:44:18.650707', value='1474196.000000', node='ubuntu', metric='ram', subsystem=None)
Telemetry(timestamp='28.05.2023 10:44:18.650852', value='27.586207', node='ubuntu', metric='cpu', subsystem=None)
Telemetry(timestamp='28.05.2023 10:44:18.768159', value='7.000000', node='ubuntu', metric='rx', subsystem='enp0s25')
Telemetry(timestamp='28.05.2023 10:44:19.151227', value='26.108374', node='ubuntu', metric='cpu', subsystem=None)
Telemetry(timestamp='28.05.2023 10:44:19.151322', value='8.000000', node='ubuntu', metric='tx', subsystem='enp0s25')
Telemetry(timestamp='28.05.2023 10:44:19.297608', value='3.000000', node='ubuntu', metric='rx', subsystem='enp0s25')
Telemetry(timestamp='28.05.2023 10:44:19.649911', value='1474668.000000', node='ubuntu', metric='ram', subsystem=None)
Telemetry(timestamp='28.05.2023 10:44:19.650048', value='27.135678', node='ubuntu', metric='cpu', subsystem=None)
Telemetry(timestamp='28.05.2023 10:44:19.651702', value='8.000000', node='ubuntu', metric='tx', subsystem='enp0s25')
Telemetry(timestamp='28.05.2023 10:44:19.816544', value='4.000000', node='ubuntu', metric='rx', subsystem='enp0s25')
Telemetry(timestamp='28.05.2023 10:44:20.150188', value='25.125628', node='ubuntu', metric='cpu', subsystem=None)
Telemetry(timestamp='28.05.2023 10:44:20.150527', value='8.000000', node='ubuntu', metric='tx', subsystem='enp0s25')
Telemetry(timestamp='28.05.2023 10:44:20.329056', value='3.000000', node='ubuntu', metric='rx', subsystem='enp0s25')
Telemetry(timestamp='28.05.2023 10:44:20.650146', value='8.000000', node='ubuntu', metric='tx', subsystem='enp0s25')
Telemetry(timestamp='28.05.2023 10:44:20.650421', value='1538836.000000', node='ubuntu', metric='ram', subsystem=None)
Telemetry(timestamp='28.05.2023 10:44:20.650424', value='26.368159', node='ubuntu', metric='cpu', subsystem=None)
Telemetry(timestamp='28.05.2023 10:44:20.812652', value='3.000000', node='ubuntu', metric='rx', subsystem='enp0s25')
Telemetry(timestamp='28.05.2023 10:44:21.151027', value='25.500000', node='ubuntu', metric='cpu', subsystem=None)
Telemetry(timestamp='28.05.2023 10:44:21.151146', value='8.000000', node='ubuntu', metric='tx', subsystem='enp0s25')
Telemetry(timestamp='28.05.2023 10:44:21.348042', value='3.000000', node='ubuntu', metric='rx', subsystem='enp0s25')
Telemetry(timestamp='28.05.2023 10:44:21.649548', value='1443020.000000', node='ubuntu', metric='ram', subsystem=None)
Telemetry(timestamp='28.05.2023 10:44:21.649640', value='0.420000', node='ubuntu', metric='load1', subsystem=None)
Telemetry(timestamp='28.05.2023 10:44:21.650394', value='28.787879', node='ubuntu', metric='cpu', subsystem=None)
Telemetry(timestamp='28.05.2023 10:44:21.650646', value='8.000000', node='ubuntu', metric='tx', subsystem='enp0s25')
Telemetry(timestamp='28.05.2023 10:44:21.849199', value='0.390000', node='ubuntu', metric='load5', subsystem=None)
Telemetry(timestamp='28.05.2023 10:44:21.871922', value='4.000000', node='ubuntu', metric='rx', subsystem='enp0s25')
Telemetry(timestamp='28.05.2023 10:44:22.150062', value='8.000000', node='ubuntu', metric='tx', subsystem='enp0s25')
Telemetry(timestamp='28.05.2023 10:44:22.150439', value='25.500000', node='ubuntu', metric='cpu', subsystem=None)
Telemetry(timestamp='28.05.2023 10:44:22.347750', value='4.000000', node='ubuntu', metric='rx', subsystem='enp0s25')
Telemetry(timestamp='28.05.2023 10:44:22.649474', value='1443344.000000', node='ubuntu', metric='ram', subsystem=None)
Telemetry(timestamp='28.05.2023 10:44:22.649900', value='8.000000', node='ubuntu', metric='tx', subsystem='enp0s25')
Telemetry(timestamp='28.05.2023 10:44:22.650529', value='27.500000', node='ubuntu', metric='cpu', subsystem=None)
Telemetry(timestamp='28.05.2023 10:44:22.886834', value='3.000000', node='ubuntu', metric='rx', subsystem='enp0s25')
Telemetry(timestamp='28.05.2023 10:44:23.149874', value='25.500000', node='ubuntu', metric='cpu', subsystem=None)
Telemetry(timestamp='28.05.2023 10:44:23.151399', value='8.000000', node='ubuntu', metric='tx', subsystem='enp0s25')
Telemetry(timestamp='28.05.2023 10:44:23.293876', value='4.000000', node='ubuntu', metric='rx', subsystem='enp0s25')
Telemetry(timestamp='28.05.2023 10:44:23.650001', value='25.125628', node='ubuntu', metric='cpu', subsystem=None)
Telemetry(timestamp='28.05.2023 10:44:23.650098', value='8.000000', node='ubuntu', metric='tx', subsystem='enp0s25')
Telemetry(timestamp='28.05.2023 10:44:23.650129', value='1443344.000000', node='ubuntu', metric='ram', subsystem=None)
Telemetry(timestamp='28.05.2023 10:44:23.808475', value='4.000000', node='ubuntu', metric='rx', subsystem='enp0s25')
Telemetry(timestamp='28.05.2023 10:44:24.150872', value='25.870647', node='ubuntu', metric='cpu', subsystem=None)
Telemetry(timestamp='28.05.2023 10:44:24.151027', value='8.000000', node='ubuntu', metric='tx', subsystem='enp0s25')
Telemetry(timestamp='28.05.2023 10:44:24.442810', value='3.000000', node='ubuntu', metric='rx', subsystem='enp0s25')
Telemetry(timestamp='28.05.2023 10:44:24.649738', value='29.081633', node='ubuntu', metric='cpu', subsystem=None)
Telemetry(timestamp='28.05.2023 10:44:24.649755', value='1423936.000000', node='ubuntu', metric='ram', subsystem=None)
Telemetry(timestamp='28.05.2023 10:44:24.650605', value='9.000000', node='ubuntu', metric='tx', subsystem='enp0s25')
Telemetry(timestamp='28.05.2023 10:44:24.710367', value='4.000000', node='ubuntu', metric='rx', subsystem='enp0s25')
Telemetry(timestamp='28.05.2023 10:44:25.150139', value='8.000000', node='ubuntu', metric='tx', subsystem='enp0s25')
Telemetry(timestamp='28.05.2023 10:44:25.150181', value='25.742574', node='ubuntu', metric='cpu', subsystem=None)
Telemetry(timestamp='28.05.2023 10:44:25.316930', value='4.000000', node='ubuntu', metric='rx', subsystem='enp0s25')
Telemetry(timestamp='28.05.2023 10:44:25.649811', value='1423548.000000', node='ubuntu', metric='ram', subsystem=None)
Telemetry(timestamp='28.05.2023 10:44:25.650282', value='27.638191', node='ubuntu', metric='cpu', subsystem=None)
Telemetry(timestamp='28.05.2023 10:44:25.650423', value='8.000000', node='ubuntu', metric='tx', subsystem='enp0s25')
Telemetry(timestamp='28.05.2023 10:44:25.856354', value='3.000000', node='ubuntu', metric='rx', subsystem='enp0s25')
Telemetry(timestamp='28.05.2023 10:44:26.150220', value='25.870647', node='ubuntu', metric='cpu', subsystem=None)
Telemetry(timestamp='28.05.2023 10:44:26.151563', value='8.000000', node='ubuntu', metric='tx', subsystem='enp0s25')
Telemetry(timestamp='28.05.2023 10:44:26.367307', value='4.000000', node='ubuntu', metric='rx', subsystem='enp0s25')
Telemetry(timestamp='28.05.2023 10:44:26.649339', value='0.460000', node='ubuntu', metric='load1', subsystem=None)
Telemetry(timestamp='28.05.2023 10:44:26.649554', value='1424024.000000', node='ubuntu', metric='ram', subsystem=None)
Telemetry(timestamp='28.05.2023 10:44:26.650227', value='25.252525', node='ubuntu', metric='cpu', subsystem=None)
Telemetry(timestamp='28.05.2023 10:44:26.650379', value='8.000000', node='ubuntu', metric='tx', subsystem='enp0s25')
Telemetry(timestamp='28.05.2023 10:44:26.881415', value='0.410000', node='ubuntu', metric='load5', subsystem=None)
Telemetry(timestamp='28.05.2023 10:44:26.934042', value='4.000000', node='ubuntu', metric='rx', subsystem='enp0s25')
Telemetry(timestamp='28.05.2023 10:44:27.150373', value='8.000000', node='ubuntu', metric='tx', subsystem='enp0s25')
Telemetry(timestamp='28.05.2023 10:44:27.150451', value='25.628141', node='ubuntu', metric='cpu', subsystem=None)
Telemetry(timestamp='28.05.2023 10:44:27.270210', value='4.000000', node='ubuntu', metric='rx', subsystem='enp0s25')
Telemetry(timestamp='28.05.2023 10:44:27.650276', value='8.000000', node='ubuntu', metric='tx', subsystem='enp0s25')
Telemetry(timestamp='28.05.2023 10:44:27.650504', value='1539416.000000', node='ubuntu', metric='ram', subsystem=None)
Telemetry(timestamp='28.05.2023 10:44:27.650785', value='26.732673', node='ubuntu', metric='cpu', subsystem=None)
Telemetry(timestamp='28.05.2023 10:44:27.790368', value='4.000000', node='ubuntu', metric='rx', subsystem='enp0s25')
Telemetry(timestamp='28.05.2023 10:44:28.151169', value='29.292929', node='ubuntu', metric='cpu', subsystem=None)
Telemetry(timestamp='28.05.2023 10:44:28.151236', value='8.000000', node='ubuntu', metric='tx', subsystem='enp0s25')
Telemetry(timestamp='28.05.2023 10:44:28.300268', value='4.000000', node='ubuntu', metric='rx', subsystem='enp0s25')
Telemetry(timestamp='28.05.2023 10:44:28.650073', value='29.000000', node='ubuntu', metric='cpu', subsystem=None)
Telemetry(timestamp='28.05.2023 10:44:28.650241', value='1402224.000000', node='ubuntu', metric='ram', subsystem=None)
Telemetry(timestamp='28.05.2023 10:44:28.650852', value='8.000000', node='ubuntu', metric='tx', subsystem='enp0s25')
Telemetry(timestamp='28.05.2023 10:44:28.830794', value='4.000000', node='ubuntu', metric='rx', subsystem='enp0s25')
Telemetry(timestamp='28.05.2023 10:44:29.150700', value='26.237624', node='ubuntu', metric='cpu', subsystem=None)
Telemetry(timestamp='28.05.2023 10:44:29.150778', value='8.000000', node='ubuntu', metric='tx', subsystem='enp0s25')
Telemetry(timestamp='28.05.2023 10:44:29.325498', value='3.000000', node='ubuntu', metric='rx', subsystem='enp0s25')
Telemetry(timestamp='28.05.2023 10:44:29.649480', value='1402244.000000', node='ubuntu', metric='ram', subsystem=None)
Telemetry(timestamp='28.05.2023 10:44:29.649573', value='25.500000', node='ubuntu', metric='cpu', subsystem=None)
Telemetry(timestamp='28.05.2023 10:44:29.650663', value='8.000000', node='ubuntu', metric='tx', subsystem='enp0s25')
Telemetry(timestamp='28.05.2023 10:44:29.856660', value='3.000000', node='ubuntu', metric='rx', subsystem='enp0s25')
Telemetry(timestamp='28.05.2023 10:44:30.149773', value='8.000000', node='ubuntu', metric='tx', subsystem='enp0s25')
Telemetry(timestamp='28.05.2023 10:44:30.150412', value='25.870647', node='ubuntu', metric='cpu', subsystem=None)
Telemetry(timestamp='28.05.2023 10:44:30.335246', value='3.000000', node='ubuntu', metric='rx', subsystem='enp0s25')
Telemetry(timestamp='28.05.2023 10:44:30.650092', value='8.000000', node='ubuntu', metric='tx', subsystem='enp0s25')
Telemetry(timestamp='28.05.2023 10:44:30.650144', value='25.500000', node='ubuntu', metric='cpu', subsystem=None)
Telemetry(timestamp='28.05.2023 10:44:30.650294', value='1463140.000000', node='ubuntu', metric='ram', subsystem=None)
Telemetry(timestamp='28.05.2023 10:44:30.846505', value='3.000000', node='ubuntu', metric='rx', subsystem='enp0s25')
Telemetry(timestamp='28.05.2023 10:44:31.150837', value='26.000000', node='ubuntu', metric='cpu', subsystem=None)
Telemetry(timestamp='28.05.2023 10:44:31.150955', value='8.000000', node='ubuntu', metric='tx', subsystem='enp0s25')
Telemetry(timestamp='28.05.2023 10:44:31.393007', value='3.000000', node='ubuntu', metric='rx', subsystem='enp0s25')
Telemetry(timestamp='28.05.2023 10:44:31.649533', value='0.830000', node='ubuntu', metric='load1', subsystem=None)
Telemetry(timestamp='28.05.2023 10:44:31.649534', value='0.480000', node='ubuntu', metric='load5', subsystem=None)
Telemetry(timestamp='28.05.2023 10:44:31.649626', value='1368248.000000', node='ubuntu', metric='ram', subsystem=None)
Telemetry(timestamp='28.05.2023 10:44:31.649726', value='28.282828', node='ubuntu', metric='cpu', subsystem=None)
Telemetry(timestamp='28.05.2023 10:44:31.650655', value='9.000000', node='ubuntu', metric='tx', subsystem='enp0s25')
Telemetry(timestamp='28.05.2023 10:44:31.807371', value='4.000000', node='ubuntu', metric='rx', subsystem='enp0s25')
Telemetry(timestamp='28.05.2023 10:44:32.150154', value='25.500000', node='ubuntu', metric='cpu', subsystem=None)
Telemetry(timestamp='28.05.2023 10:44:32.150222', value='9.000000', node='ubuntu', metric='tx', subsystem='enp0s25')
Telemetry(timestamp='28.05.2023 10:44:32.312003', value='4.000000', node='ubuntu', metric='rx', subsystem='enp0s25')
Telemetry(timestamp='28.05.2023 10:44:32.649509', value='1368156.000000', node='ubuntu', metric='ram', subsystem=None)
Telemetry(timestamp='28.05.2023 10:44:32.650132', value='27.638191', node='ubuntu', metric='cpu', subsystem=None)
Telemetry(timestamp='28.05.2023 10:44:32.650160', value='8.000000', node='ubuntu', metric='tx', subsystem='enp0s25')
Telemetry(timestamp='28.05.2023 10:44:32.823686', value='3.000000', node='ubuntu', metric='rx', subsystem='enp0s25')
Telemetry(timestamp='28.05.2023 10:44:33.150800', value='8.000000', node='ubuntu', metric='tx', subsystem='enp0s25')
Telemetry(timestamp='28.05.2023 10:44:33.150804', value='25.500000', node='ubuntu', metric='cpu', subsystem=None)
Telemetry(timestamp='28.05.2023 10:44:33.317425', value='3.000000', node='ubuntu', metric='rx', subsystem='enp0s25')
Telemetry(timestamp='28.05.2023 10:44:33.650016', value='8.000000', node='ubuntu', metric='tx', subsystem='enp0s25')
Telemetry(timestamp='28.05.2023 10:44:33.650114', value='25.500000', node='ubuntu', metric='cpu', subsystem=None)
Telemetry(timestamp='28.05.2023 10:44:33.650152', value='1368140.000000', node='ubuntu', metric='ram', subsystem=None)
Telemetry(timestamp='28.05.2023 10:44:33.818851', value='3.000000', node='ubuntu', metric='rx', subsystem='enp0s25')
Telemetry(timestamp='28.05.2023 10:44:34.149820', value='8.000000', node='ubuntu', metric='tx', subsystem='enp0s25')
Telemetry(timestamp='28.05.2023 10:44:34.150121', value='25.500000', node='ubuntu', metric='cpu', subsystem=None)
Telemetry(timestamp='28.05.2023 10:44:34.343107', value='3.000000', node='ubuntu', metric='rx', subsystem='enp0s25')
Telemetry(timestamp='28.05.2023 10:44:34.649746', value='1375120.000000', node='ubuntu', metric='ram', subsystem=None)
Telemetry(timestamp='28.05.2023 10:44:34.650042', value='28.426396', node='ubuntu', metric='cpu', subsystem=None)
Telemetry(timestamp='28.05.2023 10:44:34.651648', value='8.000000', node='ubuntu', metric='tx', subsystem='enp0s25')
Telemetry(timestamp='28.05.2023 10:44:34.682277', value='4.000000', node='ubuntu', metric='rx', subsystem='enp0s25')
Telemetry(timestamp='28.05.2023 10:44:35.149869', value='25.500000', node='ubuntu', metric='cpu', subsystem=None)
Telemetry(timestamp='28.05.2023 10:44:35.150333', value='8.000000', node='ubuntu', metric='tx', subsystem='enp0s25')
Telemetry(timestamp='28.05.2023 10:44:35.379093', value='4.000000', node='ubuntu', metric='rx', subsystem='enp0s25')
Telemetry(timestamp='28.05.2023 10:44:35.650329', value='27.135678', node='ubuntu', metric='cpu', subsystem=None)
Telemetry(timestamp='28.05.2023 10:44:35.650421', value='1375056.000000', node='ubuntu', metric='ram', subsystem=None)
Telemetry(timestamp='28.05.2023 10:44:35.650668', value='8.000000', node='ubuntu', metric='tx', subsystem='enp0s25')
Telemetry(timestamp='28.05.2023 10:44:35.786198', value='3.000000', node='ubuntu', metric='rx', subsystem='enp0s25')
Telemetry(timestamp='28.05.2023 10:44:36.150607', value='26.237624', node='ubuntu', metric='cpu', subsystem=None)
Telemetry(timestamp='28.05.2023 10:44:36.150734', value='8.000000', node='ubuntu', metric='tx', subsystem='enp0s25')
Telemetry(timestamp='28.05.2023 10:44:36.302508', value='3.000000', node='ubuntu', metric='rx', subsystem='enp0s25')
Telemetry(timestamp='28.05.2023 10:44:36.649978', value='0.840000', node='ubuntu', metric='load1', subsystem=None)
Telemetry(timestamp='28.05.2023 10:44:36.649980', value='0.490000', node='ubuntu', metric='load5', subsystem=None)
Telemetry(timestamp='28.05.2023 10:44:36.650081', value='1375056.000000', node='ubuntu', metric='ram', subsystem=None)
Telemetry(timestamp='28.05.2023 10:44:36.650550', value='8.000000', node='ubuntu', metric='tx', subsystem='enp0s25')
Telemetry(timestamp='28.05.2023 10:44:36.650686', value='26.600985', node='ubuntu', metric='cpu', subsystem=None)
Telemetry(timestamp='28.05.2023 10:44:36.814059', value='3.000000', node='ubuntu', metric='rx', subsystem='enp0s25')
Telemetry(timestamp='28.05.2023 10:44:37.150759', value='25.742574', node='ubuntu', metric='cpu', subsystem=None)
Telemetry(timestamp='28.05.2023 10:44:37.150845', value='8.000000', node='ubuntu', metric='tx', subsystem='enp0s25')
Telemetry(timestamp='28.05.2023 10:44:37.321450', value='4.000000', node='ubuntu', metric='rx', subsystem='enp0s25')
Telemetry(timestamp='28.05.2023 10:44:37.650133', value='25.757576', node='ubuntu', metric='cpu', subsystem=None)
Telemetry(timestamp='28.05.2023 10:44:37.650376', value='1640700.000000', node='ubuntu', metric='ram', subsystem=None)
Telemetry(timestamp='28.05.2023 10:44:37.651292', value='8.000000', node='ubuntu', metric='tx', subsystem='enp0s25')
Telemetry(timestamp='28.05.2023 10:44:37.730288', value='4.000000', node='ubuntu', metric='rx', subsystem='enp0s25')
Telemetry(timestamp='28.05.2023 10:44:38.149719', value='8.000000', node='ubuntu', metric='tx', subsystem='enp0s25')
Telemetry(timestamp='28.05.2023 10:44:38.151864', value='28.426396', node='ubuntu', metric='cpu', subsystem=None)
Telemetry(timestamp='28.05.2023 10:44:38.343447', value='4.000000', node='ubuntu', metric='rx', subsystem='enp0s25')
Telemetry(timestamp='28.05.2023 10:44:38.649915', value='28.426396', node='ubuntu', metric='cpu', subsystem=None)
Telemetry(timestamp='28.05.2023 10:44:38.650112', value='1338456.000000', node='ubuntu', metric='ram', subsystem=None)
Telemetry(timestamp='28.05.2023 10:44:38.651848', value='8.000000', node='ubuntu', metric='tx', subsystem='enp0s25')
Telemetry(timestamp='28.05.2023 10:44:38.855674', value='4.000000', node='ubuntu', metric='rx', subsystem='enp0s25')
Telemetry(timestamp='28.05.2023 10:44:39.149751', value='8.000000', node='ubuntu', metric='tx', subsystem='enp0s25')
Telemetry(timestamp='28.05.2023 10:44:39.150819', value='25.870647', node='ubuntu', metric='cpu', subsystem=None)
Telemetry(timestamp='28.05.2023 10:44:39.367108', value='3.000000', node='ubuntu', metric='rx', subsystem='enp0s25')
Telemetry(timestamp='28.05.2023 10:44:39.650165', value='25.500000', node='ubuntu', metric='cpu', subsystem=None)
Telemetry(timestamp='28.05.2023 10:44:39.650387', value='8.000000', node='ubuntu', metric='tx', subsystem='enp0s25')
Telemetry(timestamp='28.05.2023 10:44:39.650610', value='1338708.000000', node='ubuntu', metric='ram', subsystem=None)
Telemetry(timestamp='28.05.2023 10:44:39.877834', value='3.000000', node='ubuntu', metric='rx', subsystem='enp0s25')
Telemetry(timestamp='28.05.2023 10:44:40.150245', value='8.000000', node='ubuntu', metric='tx', subsystem='enp0s25')
Telemetry(timestamp='28.05.2023 10:44:40.150721', value='25.742574', node='ubuntu', metric='cpu', subsystem=None)
Telemetry(timestamp='28.05.2023 10:44:40.269533', value='3.000000', node='ubuntu', metric='rx', subsystem='enp0s25')
Telemetry(timestamp='28.05.2023 10:44:40.649976', value='1400864.000000', node='ubuntu', metric='ram', subsystem=None)
Telemetry(timestamp='28.05.2023 10:44:40.650357', value='25.500000', node='ubuntu', metric='cpu', subsystem=None)
Telemetry(timestamp='28.05.2023 10:44:40.650897', value='8.000000', node='ubuntu', metric='tx', subsystem='enp0s25')
Telemetry(timestamp='28.05.2023 10:44:40.823480', value='3.000000', node='ubuntu', metric='rx', subsystem='enp0s25')
Telemetry(timestamp='28.05.2023 10:44:41.150773', value='9.000000', node='ubuntu', metric='tx', subsystem='enp0s25')
Telemetry(timestamp='28.05.2023 10:44:41.150787', value='29.797980', node='ubuntu', metric='cpu', subsystem=None)
Telemetry(timestamp='28.05.2023 10:44:41.203543', value='3.000000', node='ubuntu', metric='rx', subsystem='enp0s25')
Telemetry(timestamp='28.05.2023 10:44:41.649854', value='0.850000', node='ubuntu', metric='load1', subsystem=None)
Telemetry(timestamp='28.05.2023 10:44:41.649856', value='0.500000', node='ubuntu', metric='load5', subsystem=None)
Telemetry(timestamp='28.05.2023 10:44:41.649967', value='1314668.000000', node='ubuntu', metric='ram', subsystem=None)
Telemetry(timestamp='28.05.2023 10:44:41.650370', value='27.135678', node='ubuntu', metric='cpu', subsystem=None)
Telemetry(timestamp='28.05.2023 10:44:41.650462', value='9.000000', node='ubuntu', metric='tx', subsystem='enp0s25')
Telemetry(timestamp='28.05.2023 10:44:41.841636', value='4.000000', node='ubuntu', metric='rx', subsystem='enp0s25')
Telemetry(timestamp='28.05.2023 10:44:42.149760', value='8.000000', node='ubuntu', metric='tx', subsystem='enp0s25')
Telemetry(timestamp='28.05.2023 10:44:42.150829', value='25.870647', node='ubuntu', metric='cpu', subsystem=None)
Telemetry(timestamp='28.05.2023 10:44:42.339889', value='4.000000', node='ubuntu', metric='rx', subsystem='enp0s25')
Telemetry(timestamp='28.05.2023 10:44:42.650143', value='25.500000', node='ubuntu', metric='cpu', subsystem=None)
Telemetry(timestamp='28.05.2023 10:44:42.650310', value='1314536.000000', node='ubuntu', metric='ram', subsystem=None)
Telemetry(timestamp='28.05.2023 10:44:42.650708', value='8.000000', node='ubuntu', metric='tx', subsystem='enp0s25')
Telemetry(timestamp='28.05.2023 10:44:42.844809', value='3.000000', node='ubuntu', metric='rx', subsystem='enp0s25')
Telemetry(timestamp='28.05.2023 10:44:43.149881', value='8.000000', node='ubuntu', metric='tx', subsystem='enp0s25')
Telemetry(timestamp='28.05.2023 10:44:43.151341', value='26.237624', node='ubuntu', metric='cpu', subsystem=None)
Telemetry(timestamp='28.05.2023 10:44:43.340611', value='3.000000', node='ubuntu', metric='rx', subsystem='enp0s25')
Telemetry(timestamp='28.05.2023 10:44:43.649553', value='1378204.000000', node='ubuntu', metric='ram', subsystem=None)
Telemetry(timestamp='28.05.2023 10:44:43.650284', value='25.125628', node='ubuntu', metric='cpu', subsystem=None)
Telemetry(timestamp='28.05.2023 10:44:43.651421', value='8.000000', node='ubuntu', metric='tx', subsystem='enp0s25')
Telemetry(timestamp='28.05.2023 10:44:43.871440', value='3.000000', node='ubuntu', metric='rx', subsystem='enp0s25')
Telemetry(timestamp='28.05.2023 10:44:44.150717', value='25.000000', node='ubuntu', metric='cpu', subsystem=None)
Telemetry(timestamp='28.05.2023 10:44:44.150846', value='8.000000', node='ubuntu', metric='tx', subsystem='enp0s25')
Telemetry(timestamp='28.05.2023 10:44:44.310610', value='3.000000', node='ubuntu', metric='rx', subsystem='enp0s25')
Telemetry(timestamp='28.05.2023 10:44:44.649584', value='1290836.000000', node='ubuntu', metric='ram', subsystem=None)
Telemetry(timestamp='28.05.2023 10:44:44.650576', value='8.000000', node='ubuntu', metric='tx', subsystem='enp0s25')
Telemetry(timestamp='28.05.2023 10:44:44.650776', value='28.934010', node='ubuntu', metric='cpu', subsystem=None)
Telemetry(timestamp='28.05.2023 10:44:44.793727', value='4.000000', node='ubuntu', metric='rx', subsystem='enp0s25')
Telemetry(timestamp='28.05.2023 10:44:45.149578', value='8.000000', node='ubuntu', metric='tx', subsystem='enp0s25')
Telemetry(timestamp='28.05.2023 10:44:45.149718', value='25.870647', node='ubuntu', metric='cpu', subsystem=None)
Telemetry(timestamp='28.05.2023 10:44:45.294272', value='4.000000', node='ubuntu', metric='rx', subsystem='enp0s25')
Telemetry(timestamp='28.05.2023 10:44:45.650480', value='25.000000', node='ubuntu', metric='cpu', subsystem=None)
Telemetry(timestamp='28.05.2023 10:44:45.650522', value='8.000000', node='ubuntu', metric='tx', subsystem='enp0s25')
Telemetry(timestamp='28.05.2023 10:44:45.650685', value='1290812.000000', node='ubuntu', metric='ram', subsystem=None)
Telemetry(timestamp='28.05.2023 10:44:45.813089', value='3.000000', node='ubuntu', metric='rx', subsystem='enp0s25')
Telemetry(timestamp='28.05.2023 10:44:46.150160', value='8.000000', node='ubuntu', metric='tx', subsystem='enp0s25')
Telemetry(timestamp='28.05.2023 10:44:46.150497', value='27.638191', node='ubuntu', metric='cpu', subsystem=None)
Telemetry(timestamp='28.05.2023 10:44:46.315804', value='3.000000', node='ubuntu', metric='rx', subsystem='enp0s25')
Telemetry(timestamp='28.05.2023 10:44:46.649420', value='1290812.000000', node='ubuntu', metric='ram', subsystem=None)
Telemetry(timestamp='28.05.2023 10:44:46.649535', value='0.870000', node='ubuntu', metric='load1', subsystem=None)
Telemetry(timestamp='28.05.2023 10:44:46.651355', value='25.742574', node='ubuntu', metric='cpu', subsystem=None)
Telemetry(timestamp='28.05.2023 10:44:46.651435', value='8.000000', node='ubuntu', metric='tx', subsystem='enp0s25')
Telemetry(timestamp='28.05.2023 10:44:46.828300', value='0.510000', node='ubuntu', metric='load5', subsystem=None)
Telemetry(timestamp='28.05.2023 10:44:46.878686', value='3.000000', node='ubuntu', metric='rx', subsystem='enp0s25')
Telemetry(timestamp='28.05.2023 10:44:47.149924', value='24.747475', node='ubuntu', metric='cpu', subsystem=None)
Telemetry(timestamp='28.05.2023 10:44:47.151499', value='8.000000', node='ubuntu', metric='tx', subsystem='enp0s25')
Telemetry(timestamp='28.05.2023 10:44:47.355669', value='3.000000', node='ubuntu', metric='rx', subsystem='enp0s25')
Telemetry(timestamp='28.05.2023 10:44:47.649752', value='9.000000', node='ubuntu', metric='tx', subsystem='enp0s25')
Telemetry(timestamp='28.05.2023 10:44:47.649778', value='1015548.000000', node='ubuntu', metric='ram', subsystem=None)
Telemetry(timestamp='28.05.2023 10:44:47.650623', value='29.949239', node='ubuntu', metric='cpu', subsystem=None)
Telemetry(timestamp='28.05.2023 10:44:47.770944', value='4.000000', node='ubuntu', metric='rx', subsystem='enp0s25')