Telemetry(timestamp='28.05.2023 09:48:45.151591', value='5.050505', node='ubuntu', metric='cpu', subsystem=None)
Telemetry(timestamp='28.05.2023 09:48:45.151692', value='8.000000', node='ubuntu', metric='tx', subsystem='enp0s25')
Telemetry(timestamp='28.05.2023 09:48:45.321738', value='3.000000', node='ubuntu', metric='rx', subsystem='enp0s25')
Telemetry(timestamp='28.05.2023 09:48:45.649973', value='962996.000000', node='ubuntu', metric='ram', subsystem=None)
Telemetry(timestamp='28.05.2023 09:48:45.650452', value='1.000000', node='ubuntu', metric='cpu', subsystem=None)
Telemetry(timestamp='28.05.2023 09:48:45.652236', value='8.000000', node='ubuntu', metric='tx', subsystem='enp0s25')
Telemetry(timestamp='28.05.2023 09:48:45.840889', value='4.000000', node='ubuntu', metric='rx', subsystem='enp0s25')
Telemetry(timestamp='28.05.2023 09:48:46.150600', value='8.000000', node='ubuntu', metric='tx', subsystem='enp0s25')
Telemetry(timestamp='28.05.2023 09:48:46.151814', value='1.000000', node='ubuntu', metric='cpu', subsystem=None)
Telemetry(timestamp='28.05.2023 09:48:46.352012', value='5.000000', node='ubuntu', metric='rx', subsystem='enp0s25')
Telemetry(timestamp='28.05.2023 09:48:46.650169', value='1.980198', node='ubuntu', metric='cpu', subsystem=None)
Telemetry(timestamp='28.05.2023 09:48:46.650794', value='8.000000', node='ubuntu', metric='tx', subsystem='enp0s25')
Telemetry(timestamp='28.05.2023 09:48:46.650946', value='0.670000', node='ubuntu', metric='load1', subsystem=None)
Telemetry(timestamp='28.05.2023 09:48:46.651283', value='962996.000000', node='ubuntu', metric='ram', subsystem=None)
Telemetry(timestamp='28.05.2023 09:48:46.870045', value='6.000000', node='ubuntu', metric='rx', subsystem='enp0s25')
Telemetry(timestamp='28.05.2023 09:48:46.883981', value='0.660000', node='ubuntu', metric='load5', subsystem=None)
Telemetry(timestamp='28.05.2023 09:48:47.150565', value='8.000000', node='ubuntu', metric='tx', subsystem='enp0s25')
Telemetry(timestamp='28.05.2023 09:48:47.150866', value='1.507538', node='ubuntu', metric='cpu', subsystem=None)
Telemetry(timestamp='28.05.2023 09:48:47.358767', value='7.000000', node='ubuntu', metric='rx', subsystem='enp0s25')
Telemetry(timestamp='28.05.2023 09:48:47.649739', value='962996.000000', node='ubuntu', metric='ram', subsystem=None)
Telemetry(timestamp='28.05.2023 09:48:47.651904', value='3.000000', node='ubuntu', metric='cpu', subsystem=None)
Telemetry(timestamp='28.05.2023 09:48:47.652090', value='8.000000', node='ubuntu', metric='tx', subsystem='enp0s25')
Telemetry(timestamp='28.05.2023 09:48:47.899229', value='5.000000', node='ubuntu', metric='rx', subsystem='enp0s25')
Telemetry(timestamp='28.05.2023 09:48:48.150176', value='1.500000', node='ubuntu', metric='cpu', subsystem=None)
Telemetry(timestamp='28.05.2023 09:48:48.151745', value='8.000000', node='ubuntu', metric='tx', subsystem='enp0s25')
Telemetry(timestamp='28.05.2023 09:48:48.285735', value='4.000000', node='ubuntu', metric='rx', subsystem='enp0s25')
Telemetry(timestamp='28.05.2023 09:48:48.649842', value='0.505051', node='ubuntu', metric='cpu', subsystem=None)
Telemetry(timestamp='28.05.2023 09:48:48.650381', value='962996.000000', node='ubuntu', metric='ram', subsystem=None)
Telemetry(timestamp='28.05.2023 09:48:48.650761', value='8.000000', node='ubuntu', metric='tx', subsystem='enp0s25')
Telemetry(timestamp='28.05.2023 09:48:48.800254', value='5.000000', node='ubuntu', metric='rx', subsystem='enp0s25')
Telemetry(timestamp='28.05.2023 09:48:49.150159', value='8.000000', node='ubuntu', metric='tx', subsystem='enp0s25')
Telemetry(timestamp='28.05.2023 09:48:49.152154', value='1.000000', node='ubuntu', metric='cpu', subsystem=None)
Telemetry(timestamp='28.05.2023 09:48:49.300419', value='5.000000', node='ubuntu', metric='rx', subsystem='enp0s25')
Telemetry(timestamp='28.05.2023 09:48:49.649918', value='962996.000000', node='ubuntu', metric='ram', subsystem=None)
Telemetry(timestamp='28.05.2023 09:48:49.650195', value='1.492537', node='ubuntu', metric='cpu', subsystem=None)
Telemetry(timestamp='28.05.2023 09:48:49.651436', value='8.000000', node='ubuntu', metric='tx', subsystem='enp0s25')
Telemetry(timestamp='28.05.2023 09:48:49.696099', value='4.000000', node='ubuntu', metric='rx', subsystem='enp0s25')
Telemetry(timestamp='28.05.2023 09:48:50.151365', value='92.708333', node='ubuntu', metric='cpu', subsystem=None)
Telemetry(timestamp='28.05.2023 09:48:50.151491', value='8.000000', node='ubuntu', metric='tx', subsystem='enp0s25')
Telemetry(timestamp='28.05.2023 09:48:50.346804', value='4.000000', node='ubuntu', metric='rx', subsystem='enp0s25')
Telemetry(timestamp='28.05.2023 09:48:50.650653', value='100.000000', node='ubuntu', metric='cpu', subsystem=None)
Telemetry(timestamp='28.05.2023 09:48:50.650793', value='1175340.000000', node='ubuntu', metric='ram', subsystem=None)
Telemetry(timestamp='28.05.2023 09:48:50.651986', value='8.000000', node='ubuntu', metric='tx', subsystem='enp0s25')
Telemetry(timestamp='28.05.2023 09:48:50.860335', value='4.000000', node='ubuntu', metric='rx', subsystem='enp0s25')
Telemetry(timestamp='28.05.2023 09:48:51.150012', value='8.000000', node='ubuntu', metric='tx', subsystem='enp0s25')
Telemetry(timestamp='28.05.2023 09:48:51.150140', value='100.000000', node='ubuntu', metric='cpu', subsystem=None)
Telemetry(timestamp='28.05.2023 09:48:51.351048', value='4.000000', node='ubuntu', metric='rx', subsystem='enp0s25')
Telemetry(timestamp='28.05.2023 09:48:51.650038', value='28.000000', node='ubuntu', metric='cpu', subsystem=None)
Telemetry(timestamp='28.05.2023 09:48:51.650549', value='1209044.000000', node='ubuntu', metric='ram', subsystem=None)
Telemetry(timestamp='28.05.2023 09:48:51.651223', value='8.000000', node='ubuntu', metric='tx', subsystem='enp0s25')
Telemetry(timestamp='28.05.2023 09:48:51.651350', value='1.500000', node='ubuntu', metric='load1', subsystem=None)
Telemetry(timestamp='28.05.2023 09:48:51.882386', value='4.000000', node='ubuntu', metric='rx', subsystem='enp0s25')
Telemetry(timestamp='28.05.2023 09:48:51.890547', value='0.830000', node='ubuntu', metric='load5', subsystem=None)
Telemetry(timestamp='28.05.2023 09:48:52.150241', value='56.000000', node='ubuntu', metric='tx', subsystem='enp0s25')
Telemetry(timestamp='28.05.2023 09:48:52.152009', value='5.128205', node='ubuntu', metric='cpu', subsystem=None)
Telemetry(timestamp='28.05.2023 09:48:52.281422', value='1327.000000', node='ubuntu', metric='rx', subsystem='enp0s25')
Telemetry(timestamp='28.05.2023 09:48:52.649964', value='1210920.000000', node='ubuntu', metric='ram', subsystem=None)
Telemetry(timestamp='28.05.2023 09:48:52.650013', value='20.942408', node='ubuntu', metric='cpu', subsystem=None)
Telemetry(timestamp='28.05.2023 09:48:52.651079', value='75.000000', node='ubuntu', metric='tx', subsystem='enp0s25')
Telemetry(timestamp='28.05.2023 09:48:52.806082', value='2172.000000', node='ubuntu', metric='rx', subsystem='enp0s25')
Telemetry(timestamp='28.05.2023 09:48:53.150060', value='35.789474', node='ubuntu', metric='cpu', subsystem=None)
Telemetry(timestamp='28.05.2023 09:48:53.151490', value='29.000000', node='ubuntu', metric='tx', subsystem='enp0s25')
Telemetry(timestamp='28.05.2023 09:48:53.323053', value='851.000000', node='ubuntu', metric='rx', subsystem='enp0s25')
Telemetry(timestamp='28.05.2023 09:48:53.650143', value='35.751295', node='ubuntu', metric='cpu', subsystem=None)
Telemetry(timestamp='28.05.2023 09:48:53.650305', value='1041892.000000', node='ubuntu', metric='ram', subsystem=None)
Telemetry(timestamp='28.05.2023 09:48:53.650441', value='11.000000', node='ubuntu', metric='tx', subsystem='enp0s25')
Telemetry(timestamp='28.05.2023 09:48:53.671016', value='6.000000', node='ubuntu', metric='rx', subsystem='enp0s25')
Telemetry(timestamp='28.05.2023 09:48:54.150537', value='10.000000', node='ubuntu', metric='tx', subsystem='enp0s25')
Telemetry(timestamp='28.05.2023 09:48:54.150578', value='9.743590', node='ubuntu', metric='cpu', subsystem=None)
Telemetry(timestamp='28.05.2023 09:48:54.335257', value='6.000000', node='ubuntu', metric='rx', subsystem='enp0s25')
Telemetry(timestamp='28.05.2023 09:48:54.649814', value='967604.000000', node='ubuntu', metric='ram', subsystem=None)
Telemetry(timestamp='28.05.2023 09:48:54.650895', value='1.500000', node='ubuntu', metric='cpu', subsystem=None)
Telemetry(timestamp='28.05.2023 09:48:54.650910', value='9.000000', node='ubuntu', metric='tx', subsystem='enp0s25')
Telemetry(timestamp='28.05.2023 09:48:54.843602', value='5.000000', node='ubuntu', metric='rx', subsystem='enp0s25')
Telemetry(timestamp='28.05.2023 09:48:55.150830', value='4.500000', node='ubuntu', metric='cpu', subsystem=None)
Telemetry(timestamp='28.05.2023 09:48:55.152139', value='8.000000', node='ubuntu', metric='tx', subsystem='enp0s25')
Telemetry(timestamp='28.05.2023 09:48:55.377264', value='4.000000', node='ubuntu', metric='rx', subsystem='enp0s25')
Telemetry(timestamp='28.05.2023 09:48:55.651890', value='8.000000', node='ubuntu', metric='tx', subsystem='enp0s25')
Telemetry(timestamp='28.05.2023 09:48:55.651908', value='1.492537', node='ubuntu', metric='cpu', subsystem=None)
Telemetry(timestamp='28.05.2023 09:48:55.652761', value='970116.000000', node='ubuntu', metric='ram', subsystem=None)
Telemetry(timestamp='28.05.2023 09:48:55.863112', value='5.000000', node='ubuntu', metric='rx', subsystem='enp0s25')
Telemetry(timestamp='28.05.2023 09:48:56.150648', value='8.000000', node='ubuntu', metric='tx', subsystem='enp0s25')
Telemetry(timestamp='28.05.2023 09:48:56.153563', value='1.500000', node='ubuntu', metric='cpu', subsystem=None)
Telemetry(timestamp='28.05.2023 09:48:56.384784', value='6.000000', node='ubuntu', metric='rx', subsystem='enp0s25')
Telemetry(timestamp='28.05.2023 09:48:56.650630', value='1.380000', node='ubuntu', metric='load1', subsystem=None)
Telemetry(timestamp='28.05.2023 09:48:56.650794', value='970116.000000', node='ubuntu', metric='ram', subsystem=None)
Telemetry(timestamp='28.05.2023 09:48:56.651566', value='1.005025', node='ubuntu', metric='cpu', subsystem=None)
Telemetry(timestamp='28.05.2023 09:48:56.654250', value='8.000000', node='ubuntu', metric='tx', subsystem='enp0s25')
Telemetry(timestamp='28.05.2023 09:48:56.765014', value='0.820000', node='ubuntu', metric='load5', subsystem=None)
Telemetry(timestamp='28.05.2023 09:48:56.802298', value='7.000000', node='ubuntu', metric='rx', subsystem='enp0s25')
Telemetry(timestamp='28.05.2023 09:48:57.151502', value='9.000000', node='ubuntu', metric='tx', subsystem='enp0s25')
Telemetry(timestamp='28.05.2023 09:48:57.151598', value='4.000000', node='ubuntu', metric='cpu', subsystem=None)
Telemetry(timestamp='28.05.2023 09:48:57.327714', value='6.000000', node='ubuntu', metric='rx', subsystem='enp0s25')
Telemetry(timestamp='28.05.2023 09:48:57.650612', value='970368.000000', node='ubuntu', metric='ram', subsystem=None)
Telemetry(timestamp='28.05.2023 09:48:57.651632', value='9.000000', node='ubuntu', metric='tx', subsystem='enp0s25')
Telemetry(timestamp='28.05.2023 09:48:57.651760', value='2.538071', node='ubuntu', metric='cpu', subsystem=None)
Telemetry(timestamp='28.05.2023 09:48:57.816588', value='6.000000', node='ubuntu', metric='rx', subsystem='enp0s25')
Telemetry(timestamp='28.05.2023 09:48:58.151576', value='8.000000', node='ubuntu', metric='tx', subsystem='enp0s25')
Telemetry(timestamp='28.05.2023 09:48:58.151640', value='2.010050', node='ubuntu', metric='cpu', subsystem=None)
Telemetry(timestamp='28.05.2023 09:48:58.329579', value='6.000000', node='ubuntu', metric='rx', subsystem='enp0s25')
Telemetry(timestamp='28.05.2023 09:48:58.650200', value='0.502513', node='ubuntu', metric='cpu', subsystem=None)
Telemetry(timestamp='28.05.2023 09:48:58.650644', value='970368.000000', node='ubuntu', metric='ram', subsystem=None)
Telemetry(timestamp='28.05.2023 09:48:58.651500', value='8.000000', node='ubuntu', metric='tx', subsystem='enp0s25')
Telemetry(timestamp='28.05.2023 09:48:58.991326', value='4.000000', node='ubuntu', metric='rx', subsystem='enp0s25')
Telemetry(timestamp='28.05.2023 09:48:59.150435', value='8.000000', node='ubuntu', metric='tx', subsystem='enp0s25')
Telemetry(timestamp='28.05.2023 09:48:59.151742', value='1.010101', node='ubuntu', metric='cpu', subsystem=None)
Telemetry(timestamp='28.05.2023 09:48:59.177113', value='3.000000', node='ubuntu', metric='rx', subsystem='enp0s25')
Telemetry(timestamp='28.05.2023 09:48:59.649900', value='970364.000000', node='ubuntu', metric='ram', subsystem=None)
Telemetry(timestamp='28.05.2023 09:48:59.649955', value='0.505051', node='ubuntu', metric='cpu', subsystem=None)
Telemetry(timestamp='28.05.2023 09:48:59.652054', value='8.000000', node='ubuntu', metric='tx', subsystem='enp0s25')
Telemetry(timestamp='28.05.2023 09:48:59.860471', value='3.000000', node='ubuntu', metric='rx', subsystem='enp0s25')