Telemetry(timestamp='28.05.2023 10:04:53.151736', value='0.000000', node='ubuntu', metric='cpu', subsystem=None)
Telemetry(timestamp='28.05.2023 10:04:53.151902', value='8.000000', node='ubuntu', metric='tx', subsystem='enp0s25')
Telemetry(timestamp='28.05.2023 10:04:53.334347', value='3.000000', node='ubuntu', metric='rx', subsystem='enp0s25')
Telemetry(timestamp='28.05.2023 10:04:53.650074', value='0.502513', node='ubuntu', metric='cpu', subsystem=None)
Telemetry(timestamp='28.05.2023 10:04:53.650363', value='984324.000000', node='ubuntu', metric='ram', subsystem=None)
Telemetry(timestamp='28.05.2023 10:04:53.651915', value='8.000000', node='ubuntu', metric='tx', subsystem='enp0s25')
Telemetry(timestamp='28.05.2023 10:04:53.855148', value='3.000000', node='ubuntu', metric='rx', subsystem='enp0s25')
Telemetry(timestamp='28.05.2023 10:04:54.150455', value='8.000000', node='ubuntu', metric='tx', subsystem='enp0s25')
Telemetry(timestamp='28.05.2023 10:04:54.150612', value='2.475248', node='ubuntu', metric='cpu', subsystem=None)
Telemetry(timestamp='28.05.2023 10:04:54.314517', value='3.000000', node='ubuntu', metric='rx', subsystem='enp0s25')
Telemetry(timestamp='28.05.2023 10:04:54.650452', value='1.990050', node='ubuntu', metric='cpu', subsystem=None)
Telemetry(timestamp='28.05.2023 10:04:54.650552', value='984324.000000', node='ubuntu', metric='ram', subsystem=None)
Telemetry(timestamp='28.05.2023 10:04:54.651696', value='8.000000', node='ubuntu', metric='tx', subsystem='enp0s25')
Telemetry(timestamp='28.05.2023 10:04:54.862044', value='3.000000', node='ubuntu', metric='rx', subsystem='enp0s25')
Telemetry(timestamp='28.05.2023 10:04:55.151120', value='6.030151', node='ubuntu', metric='cpu', subsystem=None)
Telemetry(timestamp='28.05.2023 10:04:55.151474', value='8.000000', node='ubuntu', metric='tx', subsystem='enp0s25')
Telemetry(timestamp='28.05.2023 10:04:55.360431', value='4.000000', node='ubuntu', metric='rx', subsystem='enp0s25')
Telemetry(timestamp='28.05.2023 10:04:55.650695', value='984324.000000', node='ubuntu', metric='ram', subsystem=None)
Telemetry(timestamp='28.05.2023 10:04:55.650837', value='1.500000', node='ubuntu', metric='cpu', subsystem=None)
Telemetry(timestamp='28.05.2023 10:04:55.651793', value='9.000000', node='ubuntu', metric='tx', subsystem='enp0s25')
Telemetry(timestamp='28.05.2023 10:04:55.705770', value='4.000000', node='ubuntu', metric='rx', subsystem='enp0s25')
Telemetry(timestamp='28.05.2023 10:04:56.152321', value='1.005025', node='ubuntu', metric='cpu', subsystem=None)
Telemetry(timestamp='28.05.2023 10:04:56.152493', value='9.000000', node='ubuntu', metric='tx', subsystem='enp0s25')
Telemetry(timestamp='28.05.2023 10:04:56.292612', value='4.000000', node='ubuntu', metric='rx', subsystem='enp0s25')
Telemetry(timestamp='28.05.2023 10:04:56.649600', value='0.120000', node='ubuntu', metric='load1', subsystem=None)
Telemetry(timestamp='28.05.2023 10:04:56.649671', value='1067476.000000', node='ubuntu', metric='ram', subsystem=None)
Telemetry(timestamp='28.05.2023 10:04:56.650677', value='27.722772', node='ubuntu', metric='cpu', subsystem=None)
Telemetry(timestamp='28.05.2023 10:04:56.652516', value='8.000000', node='ubuntu', metric='tx', subsystem='enp0s25')
Telemetry(timestamp='28.05.2023 10:04:56.776437', value='0.110000', node='ubuntu', metric='load5', subsystem=None)
Telemetry(timestamp='28.05.2023 10:04:56.822623', value='4.000000', node='ubuntu', metric='rx', subsystem='enp0s25')
Telemetry(timestamp='28.05.2023 10:04:57.150866', value='100.000000', node='ubuntu', metric='cpu', subsystem=None)
Telemetry(timestamp='28.05.2023 10:04:57.150881', value='8.000000', node='ubuntu', metric='tx', subsystem='enp0s25')
Telemetry(timestamp='28.05.2023 10:04:57.314250', value='4.000000', node='ubuntu', metric='rx', subsystem='enp0s25')
Telemetry(timestamp='28.05.2023 10:04:57.650437', value='1177840.000000', node='ubuntu', metric='ram', subsystem=None)
Telemetry(timestamp='28.05.2023 10:04:57.650971', value='100.000000', node='ubuntu', metric='cpu', subsystem=None)
Telemetry(timestamp='28.05.2023 10:04:57.651068', value='8.000000', node='ubuntu', metric='tx', subsystem='enp0s25')
Telemetry(timestamp='28.05.2023 10:04:57.833533', value='3.000000', node='ubuntu', metric='rx', subsystem='enp0s25')
Telemetry(timestamp='28.05.2023 10:04:58.150977', value='85.074627', node='ubuntu', metric='cpu', subsystem=None)
Telemetry(timestamp='28.05.2023 10:04:58.151052', value='8.000000', node='ubuntu', metric='tx', subsystem='enp0s25')
Telemetry(timestamp='28.05.2023 10:04:58.333078', value='3.000000', node='ubuntu', metric='rx', subsystem='enp0s25')
Telemetry(timestamp='28.05.2023 10:04:58.650179', value='1219916.000000', node='ubuntu', metric='ram', subsystem=None)
Telemetry(timestamp='28.05.2023 10:04:58.650562', value='14.572864', node='ubuntu', metric='cpu', subsystem=None)
Telemetry(timestamp='28.05.2023 10:04:58.650734', value='26.000000', node='ubuntu', metric='tx', subsystem='enp0s25')
Telemetry(timestamp='28.05.2023 10:04:58.844792', value='511.000000', node='ubuntu', metric='rx', subsystem='enp0s25')
Telemetry(timestamp='28.05.2023 10:04:59.150209', value='78.000000', node='ubuntu', metric='tx', subsystem='enp0s25')
Telemetry(timestamp='28.05.2023 10:04:59.150807', value='2.577320', node='ubuntu', metric='cpu', subsystem=None)
Telemetry(timestamp='28.05.2023 10:04:59.392742', value='1819.000000', node='ubuntu', metric='rx', subsystem='enp0s25')
Telemetry(timestamp='28.05.2023 10:04:59.650289', value='1219916.000000', node='ubuntu', metric='ram', subsystem=None)
Telemetry(timestamp='28.05.2023 10:04:59.650818', value='4.123711', node='ubuntu', metric='cpu', subsystem=None)
Telemetry(timestamp='28.05.2023 10:04:59.651069', value='99.000000', node='ubuntu', metric='tx', subsystem='enp0s25')
Telemetry(timestamp='28.05.2023 10:04:59.677408', value='3156.000000', node='ubuntu', metric='rx', subsystem='enp0s25')
Telemetry(timestamp='28.05.2023 10:05:00.150393', value='3.108808', node='ubuntu', metric='cpu', subsystem=None)
Telemetry(timestamp='28.05.2023 10:05:00.151382', value='89.000000', node='ubuntu', metric='tx', subsystem='enp0s25')
Telemetry(timestamp='28.05.2023 10:05:00.291557', value='3715.000000', node='ubuntu', metric='rx', subsystem='enp0s25')
Telemetry(timestamp='28.05.2023 10:05:00.650132', value='1221932.000000', node='ubuntu', metric='ram', subsystem=None)
Telemetry(timestamp='28.05.2023 10:05:00.651045', value='92.000000', node='ubuntu', metric='tx', subsystem='enp0s25')
Telemetry(timestamp='28.05.2023 10:05:00.651175', value='5.263158', node='ubuntu', metric='cpu', subsystem=None)
Telemetry(timestamp='28.05.2023 10:05:00.795574', value='3845.000000', node='ubuntu', metric='rx', subsystem='enp0s25')
Telemetry(timestamp='28.05.2023 10:05:01.150137', value='11.734694', node='ubuntu', metric='cpu', subsystem=None)
Telemetry(timestamp='28.05.2023 10:05:01.150452', value='76.000000', node='ubuntu', metric='tx', subsystem='enp0s25')
Telemetry(timestamp='28.05.2023 10:05:01.309074', value='3179.000000', node='ubuntu', metric='rx', subsystem='enp0s25')
Telemetry(timestamp='28.05.2023 10:05:01.650040', value='0.190000', node='ubuntu', metric='load1', subsystem=None)
Telemetry(timestamp='28.05.2023 10:05:01.650204', value='1263008.000000', node='ubuntu', metric='ram', subsystem=None)
Telemetry(timestamp='28.05.2023 10:05:01.650281', value='25.500000', node='ubuntu', metric='cpu', subsystem=None)
Telemetry(timestamp='28.05.2023 10:05:01.650999', value='33.000000', node='ubuntu', metric='tx', subsystem='enp0s25')
Telemetry(timestamp='28.05.2023 10:05:01.797480', value='0.120000', node='ubuntu', metric='load5', subsystem=None)
Telemetry(timestamp='28.05.2023 10:05:01.844566', value='1196.000000', node='ubuntu', metric='rx', subsystem='enp0s25')
Telemetry(timestamp='28.05.2023 10:05:02.150586', value='9.000000', node='ubuntu', metric='tx', subsystem='enp0s25')
Telemetry(timestamp='28.05.2023 10:05:02.150659', value='30.964467', node='ubuntu', metric='cpu', subsystem=None)
Telemetry(timestamp='28.05.2023 10:05:02.304947', value='4.000000', node='ubuntu', metric='rx', subsystem='enp0s25')
Telemetry(timestamp='28.05.2023 10:05:02.650378', value='1220272.000000', node='ubuntu', metric='ram', subsystem=None)
Telemetry(timestamp='28.05.2023 10:05:02.650521', value='30.102041', node='ubuntu', metric='cpu', subsystem=None)
Telemetry(timestamp='28.05.2023 10:05:02.650623', value='10.000000', node='ubuntu', metric='tx', subsystem='enp0s25')
Telemetry(timestamp='28.05.2023 10:05:02.738326', value='4.000000', node='ubuntu', metric='rx', subsystem='enp0s25')
Telemetry(timestamp='28.05.2023 10:05:03.150146', value='9.000000', node='ubuntu', metric='tx', subsystem='enp0s25')
Telemetry(timestamp='28.05.2023 10:05:03.150373', value='28.282828', node='ubuntu', metric='cpu', subsystem=None)
Telemetry(timestamp='28.05.2023 10:05:03.167679', value='4.000000', node='ubuntu', metric='rx', subsystem='enp0s25')
Telemetry(timestamp='28.05.2023 10:05:03.649599', value='1185440.000000', node='ubuntu', metric='ram', subsystem=None)
Telemetry(timestamp='28.05.2023 10:05:03.650076', value='9.000000', node='ubuntu', metric='tx', subsystem='enp0s25')
Telemetry(timestamp='28.05.2023 10:05:03.650438', value='27.179487', node='ubuntu', metric='cpu', subsystem=None)
Telemetry(timestamp='28.05.2023 10:05:03.705250', value='4.000000', node='ubuntu', metric='rx', subsystem='enp0s25')
Telemetry(timestamp='28.05.2023 10:05:04.150043', value='27.918782', node='ubuntu', metric='cpu', subsystem=None)
Telemetry(timestamp='28.05.2023 10:05:04.151282', value='9.000000', node='ubuntu', metric='tx', subsystem='enp0s25')
Telemetry(timestamp='28.05.2023 10:05:04.379530', value='4.000000', node='ubuntu', metric='rx', subsystem='enp0s25')
Telemetry(timestamp='28.05.2023 10:05:04.649684', value='1122416.000000', node='ubuntu', metric='ram', subsystem=None)
Telemetry(timestamp='28.05.2023 10:05:04.650037', value='27.551020', node='ubuntu', metric='cpu', subsystem=None)
Telemetry(timestamp='28.05.2023 10:05:04.650120', value='9.000000', node='ubuntu', metric='tx', subsystem='enp0s25')
Telemetry(timestamp='28.05.2023 10:05:04.787637', value='4.000000', node='ubuntu', metric='rx', subsystem='enp0s25')
Telemetry(timestamp='28.05.2023 10:05:05.150739', value='9.000000', node='ubuntu', metric='tx', subsystem='enp0s25')
Telemetry(timestamp='28.05.2023 10:05:05.150749', value='29.797980', node='ubuntu', metric='cpu', subsystem=None)
Telemetry(timestamp='28.05.2023 10:05:05.302656', value='4.000000', node='ubuntu', metric='rx', subsystem='enp0s25')
Telemetry(timestamp='28.05.2023 10:05:05.650277', value='9.000000', node='ubuntu', metric='tx', subsystem='enp0s25')
Telemetry(timestamp='28.05.2023 10:05:05.650425', value='28.717949', node='ubuntu', metric='cpu', subsystem=None)
Telemetry(timestamp='28.05.2023 10:05:05.650522', value='1094808.000000', node='ubuntu', metric='ram', subsystem=None)
Telemetry(timestamp='28.05.2023 10:05:05.794490', value='4.000000', node='ubuntu', metric='rx', subsystem='enp0s25')
Telemetry(timestamp='28.05.2023 10:05:06.150398', value='9.000000', node='ubuntu', metric='tx', subsystem='enp0s25')
Telemetry(timestamp='28.05.2023 10:05:06.151090', value='10.937500', node='ubuntu', metric='cpu', subsystem=None)
Telemetry(timestamp='28.05.2023 10:05:06.303966', value='4.000000', node='ubuntu', metric='rx', subsystem='enp0s25')
Telemetry(timestamp='28.05.2023 10:05:06.650033', value='0.180000', node='ubuntu', metric='load1', subsystem=None)
Telemetry(timestamp='28.05.2023 10:05:06.650036', value='0.120000', node='ubuntu', metric='load5', subsystem=None)
Telemetry(timestamp='28.05.2023 10:05:06.650297', value='976604.000000', node='ubuntu', metric='ram', subsystem=None)
Telemetry(timestamp='28.05.2023 10:05:06.651048', value='9.000000', node='ubuntu', metric='tx', subsystem='enp0s25')
Telemetry(timestamp='28.05.2023 10:05:06.651541', value='1.990050', node='ubuntu', metric='cpu', subsystem=None)
Telemetry(timestamp='28.05.2023 10:05:06.838144', value='5.000000', node='ubuntu', metric='rx', subsystem='enp0s25')
Telemetry(timestamp='28.05.2023 10:05:07.151827', value='0.000000', node='ubuntu', metric='cpu', subsystem=None)
Telemetry(timestamp='28.05.2023 10:05:07.152196', value='9.000000', node='ubuntu', metric='tx', subsystem='enp0s25')
Telemetry(timestamp='28.05.2023 10:05:07.353201', value='5.000000', node='ubuntu', metric='rx', subsystem='enp0s25')
Telemetry(timestamp='28.05.2023 10:05:07.650351', value='2.020202', node='ubuntu', metric='cpu', subsystem=None)
Telemetry(timestamp='28.05.2023 10:05:07.650574', value='976604.000000', node='ubuntu', metric='ram', subsystem=None)
Telemetry(timestamp='28.05.2023 10:05:07.651426', value='8.000000', node='ubuntu', metric='tx', subsystem='enp0s25')
Telemetry(timestamp='28.05.2023 10:05:07.872361', value='7.000000', node='ubuntu', metric='rx', subsystem='enp0s25')