Telemetry(timestamp='04.06.2023 10:26:29.756383', value='2.985075', node='ubuntu', metric='cpu', subsystem=None)
Telemetry(timestamp='04.06.2023 10:26:29.758282', value='17.000000', node='ubuntu', metric='tx', subsystem='enp0s25')
Telemetry(timestamp='04.06.2023 10:26:29.784188', value='7.000000', node='ubuntu', metric='rx', subsystem='enp0s25')
Telemetry(timestamp='04.06.2023 10:26:29.805130', value='3.465347', node='ubuntu', metric='cpu', subsystem=None)
Telemetry(timestamp='04.06.2023 10:26:29.805347', value='1112588.000000', node='ubuntu', metric='ram', subsystem=None)
Telemetry(timestamp='04.06.2023 10:26:29.805679', value='17.000000', node='ubuntu', metric='tx', subsystem='enp0s25')
Telemetry(timestamp='04.06.2023 10:26:29.832106', value='8.000000', node='ubuntu', metric='rx', subsystem='enp0s25')
Telemetry(timestamp='04.06.2023 10:26:30.256601', value='0.507614', node='ubuntu', metric='cpu', subsystem=None)
Telemetry(timestamp='04.06.2023 10:26:30.256920', value='0.170000', node='ubuntu', metric='load1', subsystem=None)
Telemetry(timestamp='04.06.2023 10:26:30.306441', value='0.507614', node='ubuntu', metric='cpu', subsystem=None)
Telemetry(timestamp='04.06.2023 10:26:30.257036', value='16.000000', node='ubuntu', metric='tx', subsystem='enp0s25')
Telemetry(timestamp='04.06.2023 10:26:30.306488', value='17.000000', node='ubuntu', metric='tx', subsystem='enp0s25')
Telemetry(timestamp='04.06.2023 10:26:30.257246', value='1112588.000000', node='ubuntu', metric='ram', subsystem=None)
Telemetry(timestamp='04.06.2023 10:26:30.452825', value='0.100000', node='ubuntu', metric='load5', subsystem=None)
Telemetry(timestamp='04.06.2023 10:26:30.454777', value='7.000000', node='ubuntu', metric='rx', subsystem='enp0s25')
Telemetry(timestamp='04.06.2023 10:26:30.460053', value='7.000000', node='ubuntu', metric='rx', subsystem='enp0s25')
Telemetry(timestamp='04.06.2023 10:26:30.804603', value='0.000000', node='ubuntu', metric='cpu', subsystem=None)
Telemetry(timestamp='04.06.2023 10:26:30.804713', value='1112588.000000', node='ubuntu', metric='ram', subsystem=None)
Telemetry(timestamp='04.06.2023 10:26:30.757373', value='17.000000', node='ubuntu', metric='tx', subsystem='enp0s25')
Telemetry(timestamp='04.06.2023 10:26:30.758568', value='0.510204', node='ubuntu', metric='cpu', subsystem=None)
Telemetry(timestamp='04.06.2023 10:26:30.806838', value='14.000000', node='ubuntu', metric='tx', subsystem='enp0s25')
Telemetry(timestamp='04.06.2023 10:26:30.973089', value='8.000000', node='ubuntu', metric='rx', subsystem='enp0s25')
Telemetry(timestamp='04.06.2023 10:26:30.975015', value='6.000000', node='ubuntu', metric='rx', subsystem='enp0s25')
Telemetry(timestamp='04.06.2023 10:26:31.256162', value='1112588.000000', node='ubuntu', metric='ram', subsystem=None)
Telemetry(timestamp='04.06.2023 10:26:31.304641', value='0.000000', node='ubuntu', metric='cpu', subsystem=None)
Telemetry(timestamp='04.06.2023 10:26:31.304886', value='17.000000', node='ubuntu', metric='tx', subsystem='enp0s25')
Telemetry(timestamp='04.06.2023 10:26:31.256930', value='0.000000', node='ubuntu', metric='cpu', subsystem=None)
Telemetry(timestamp='04.06.2023 10:26:31.258279', value='17.000000', node='ubuntu', metric='tx', subsystem='enp0s25')
Telemetry(timestamp='04.06.2023 10:26:31.461457', value='8.000000', node='ubuntu', metric='rx', subsystem='enp0s25')
Telemetry(timestamp='04.06.2023 10:26:31.474837', value='8.000000', node='ubuntu', metric='rx', subsystem='enp0s25')
Telemetry(timestamp='04.06.2023 10:26:31.756452', value='0.000000', node='ubuntu', metric='cpu', subsystem=None)
Telemetry(timestamp='04.06.2023 10:26:31.805071', value='0.000000', node='ubuntu', metric='cpu', subsystem=None)
Telemetry(timestamp='04.06.2023 10:26:31.805149', value='0.170000', node='ubuntu', metric='load1', subsystem=None)
Telemetry(timestamp='04.06.2023 10:26:31.805736', value='17.000000', node='ubuntu', metric='tx', subsystem='enp0s25')
Telemetry(timestamp='04.06.2023 10:26:31.757334', value='17.000000', node='ubuntu', metric='tx', subsystem='enp0s25')
Telemetry(timestamp='04.06.2023 10:26:31.806138', value='1112588.000000', node='ubuntu', metric='ram', subsystem=None)
Telemetry(timestamp='04.06.2023 10:26:31.958309', value='0.100000', node='ubuntu', metric='load5', subsystem=None)
Telemetry(timestamp='04.06.2023 10:26:31.973329', value='7.000000', node='ubuntu', metric='rx', subsystem='enp0s25')
Telemetry(timestamp='04.06.2023 10:26:31.993557', value='7.000000', node='ubuntu', metric='rx', subsystem='enp0s25')
Telemetry(timestamp='04.06.2023 10:26:32.306197', value='9.045226', node='ubuntu', metric='cpu', subsystem=None)
Telemetry(timestamp='04.06.2023 10:26:32.256844', value='8.080808', node='ubuntu', metric='cpu', subsystem=None)
Telemetry(timestamp='04.06.2023 10:26:32.306239', value='17.000000', node='ubuntu', metric='tx', subsystem='enp0s25')
Telemetry(timestamp='04.06.2023 10:26:32.257133', value='17.000000', node='ubuntu', metric='tx', subsystem='enp0s25')
Telemetry(timestamp='04.06.2023 10:26:32.257434', value='1112588.000000', node='ubuntu', metric='ram', subsystem=None)
Telemetry(timestamp='04.06.2023 10:26:32.388957', value='7.000000', node='ubuntu', metric='rx', subsystem='enp0s25')
Telemetry(timestamp='04.06.2023 10:26:32.404492', value='7.000000', node='ubuntu', metric='rx', subsystem='enp0s25')
Telemetry(timestamp='04.06.2023 10:26:32.757855', value='17.000000', node='ubuntu', metric='tx', subsystem='enp0s25')
Telemetry(timestamp='04.06.2023 10:26:32.804960', value='0.510204', node='ubuntu', metric='cpu', subsystem=None)
Telemetry(timestamp='04.06.2023 10:26:32.758068', value='1.515152', node='ubuntu', metric='cpu', subsystem=None)
Telemetry(timestamp='04.06.2023 10:26:32.805743', value='1112828.000000', node='ubuntu', metric='ram', subsystem=None)
Telemetry(timestamp='04.06.2023 10:26:32.803207', value='7.000000', node='ubuntu', metric='rx', subsystem='enp0s25')
Telemetry(timestamp='04.06.2023 10:26:32.807298', value='19.000000', node='ubuntu', metric='tx', subsystem='enp0s25')
Telemetry(timestamp='04.06.2023 10:26:32.836628', value='8.000000', node='ubuntu', metric='rx', subsystem='enp0s25')
Telemetry(timestamp='04.06.2023 10:26:33.256556', value='1.515152', node='ubuntu', metric='cpu', subsystem=None)
Telemetry(timestamp='04.06.2023 10:26:33.256931', value='1112828.000000', node='ubuntu', metric='ram', subsystem=None)
Telemetry(timestamp='04.06.2023 10:26:33.304725', value='18.000000', node='ubuntu', metric='tx', subsystem='enp0s25')
Telemetry(timestamp='04.06.2023 10:26:33.258025', value='17.000000', node='ubuntu', metric='tx', subsystem='enp0s25')
Telemetry(timestamp='04.06.2023 10:26:33.326619', value='8.000000', node='ubuntu', metric='rx', subsystem='enp0s25')
Telemetry(timestamp='04.06.2023 10:26:33.305181', value='1.515152', node='ubuntu', metric='cpu', subsystem=None)
Telemetry(timestamp='04.06.2023 10:26:33.309916', value='8.000000', node='ubuntu', metric='rx', subsystem='enp0s25')
Telemetry(timestamp='04.06.2023 10:26:33.804435', value='1112828.000000', node='ubuntu', metric='ram', subsystem=None)
Telemetry(timestamp='04.06.2023 10:26:33.756761', value='17.000000', node='ubuntu', metric='tx', subsystem='enp0s25')
Telemetry(timestamp='04.06.2023 10:26:33.804565', value='1.507538', node='ubuntu', metric='cpu', subsystem=None)
Telemetry(timestamp='04.06.2023 10:26:33.757051', value='1.507538', node='ubuntu', metric='cpu', subsystem=None)
Telemetry(timestamp='04.06.2023 10:26:33.806364', value='16.000000', node='ubuntu', metric='tx', subsystem='enp0s25')
Telemetry(timestamp='04.06.2023 10:26:33.910942', value='8.000000', node='ubuntu', metric='rx', subsystem='enp0s25')
Telemetry(timestamp='04.06.2023 10:26:33.927875', value='7.000000', node='ubuntu', metric='rx', subsystem='enp0s25')
Telemetry(timestamp='04.06.2023 10:26:34.304447', value='1.015228', node='ubuntu', metric='cpu', subsystem=None)
Telemetry(timestamp='04.06.2023 10:26:34.256875', value='1112828.000000', node='ubuntu', metric='ram', subsystem=None)
Telemetry(timestamp='04.06.2023 10:26:34.305259', value='16.000000', node='ubuntu', metric='tx', subsystem='enp0s25')
Telemetry(timestamp='04.06.2023 10:26:34.257691', value='17.000000', node='ubuntu', metric='tx', subsystem='enp0s25')
Telemetry(timestamp='04.06.2023 10:26:34.257859', value='1.015228', node='ubuntu', metric='cpu', subsystem=None)
Telemetry(timestamp='04.06.2023 10:26:34.431081', value='7.000000', node='ubuntu', metric='rx', subsystem='enp0s25')
Telemetry(timestamp='04.06.2023 10:26:34.440579', value='8.000000', node='ubuntu', metric='rx', subsystem='enp0s25')
Telemetry(timestamp='04.06.2023 10:26:34.805321', value='17.000000', node='ubuntu', metric='tx', subsystem='enp0s25')
Telemetry(timestamp='04.06.2023 10:26:34.757055', value='1.515152', node='ubuntu', metric='cpu', subsystem=None)
Telemetry(timestamp='04.06.2023 10:26:34.758789', value='17.000000', node='ubuntu', metric='tx', subsystem='enp0s25')
Telemetry(timestamp='04.06.2023 10:26:34.806131', value='1.515152', node='ubuntu', metric='cpu', subsystem=None)
Telemetry(timestamp='04.06.2023 10:26:34.806317', value='1113080.000000', node='ubuntu', metric='ram', subsystem=None)
Telemetry(timestamp='04.06.2023 10:26:34.908824', value='8.000000', node='ubuntu', metric='rx', subsystem='enp0s25')
Telemetry(timestamp='04.06.2023 10:26:34.958750', value='8.000000', node='ubuntu', metric='rx', subsystem='enp0s25')
Telemetry(timestamp='04.06.2023 10:26:35.256083', value='0.150000', node='ubuntu', metric='load1', subsystem=None)
Telemetry(timestamp='04.06.2023 10:26:35.256197', value='1137556.000000', node='ubuntu', metric='ram', subsystem=None)
Telemetry(timestamp='04.06.2023 10:26:35.256464', value='19.689119', node='ubuntu', metric='cpu', subsystem=None)
Telemetry(timestamp='04.06.2023 10:26:35.305254', value='17.000000', node='ubuntu', metric='tx', subsystem='enp0s25')
Telemetry(timestamp='04.06.2023 10:26:35.306201', value='21.761658', node='ubuntu', metric='cpu', subsystem=None)
Telemetry(timestamp='04.06.2023 10:26:35.258010', value='17.000000', node='ubuntu', metric='tx', subsystem='enp0s25')
Telemetry(timestamp='04.06.2023 10:26:35.449728', value='0.100000', node='ubuntu', metric='load5', subsystem=None)
Telemetry(timestamp='04.06.2023 10:26:35.467606', value='8.000000', node='ubuntu', metric='rx', subsystem='enp0s25')
Telemetry(timestamp='04.06.2023 10:26:35.481067', value='8.000000', node='ubuntu', metric='rx', subsystem='enp0s25')
Telemetry(timestamp='04.06.2023 10:26:35.756063', value='25.380711', node='ubuntu', metric='cpu', subsystem=None)
Telemetry(timestamp='04.06.2023 10:26:35.757422', value='17.000000', node='ubuntu', metric='tx', subsystem='enp0s25')
Telemetry(timestamp='04.06.2023 10:26:35.804598', value='25.757576', node='ubuntu', metric='cpu', subsystem=None)
Telemetry(timestamp='04.06.2023 10:26:35.786742', value='8.000000', node='ubuntu', metric='rx', subsystem='enp0s25')
Telemetry(timestamp='04.06.2023 10:26:35.805007', value='1153604.000000', node='ubuntu', metric='ram', subsystem=None)
Telemetry(timestamp='04.06.2023 10:26:35.806728', value='21.000000', node='ubuntu', metric='tx', subsystem='enp0s25')
Telemetry(timestamp='04.06.2023 10:26:35.831961', value='9.000000', node='ubuntu', metric='rx', subsystem='enp0s25')
Telemetry(timestamp='04.06.2023 10:26:36.256105', value='25.252525', node='ubuntu', metric='cpu', subsystem=None)
Telemetry(timestamp='04.06.2023 10:26:36.305599', value='25.125628', node='ubuntu', metric='cpu', subsystem=None)
Telemetry(timestamp='04.06.2023 10:26:36.256393', value='1166960.000000', node='ubuntu', metric='ram', subsystem=None)
Telemetry(timestamp='04.06.2023 10:26:36.305680', value='17.000000', node='ubuntu', metric='tx', subsystem='enp0s25')
Telemetry(timestamp='04.06.2023 10:26:36.256770', value='17.000000', node='ubuntu', metric='tx', subsystem='enp0s25')
Telemetry(timestamp='04.06.2023 10:26:36.404122', value='8.000000', node='ubuntu', metric='rx', subsystem='enp0s25')
Telemetry(timestamp='04.06.2023 10:26:36.413989', value='8.000000', node='ubuntu', metric='rx', subsystem='enp0s25')
Telemetry(timestamp='04.06.2023 10:26:36.757007', value='17.000000', node='ubuntu', metric='tx', subsystem='enp0s25')
Telemetry(timestamp='04.06.2023 10:26:36.757114', value='25.125628', node='ubuntu', metric='cpu', subsystem=None)
Telemetry(timestamp='04.06.2023 10:26:36.772677', value='7.000000', node='ubuntu', metric='rx', subsystem='enp0s25')
Telemetry(timestamp='04.06.2023 10:26:36.804310', value='0.150000', node='ubuntu', metric='load1', subsystem=None)
Telemetry(timestamp='04.06.2023 10:26:36.804311', value='0.100000', node='ubuntu', metric='load5', subsystem=None)
Telemetry(timestamp='04.06.2023 10:26:36.804631', value='1162728.000000', node='ubuntu', metric='ram', subsystem=None)
Telemetry(timestamp='04.06.2023 10:26:36.804754', value='25.125628', node='ubuntu', metric='cpu', subsystem=None)
Telemetry(timestamp='04.06.2023 10:26:36.805201', value='16.000000', node='ubuntu', metric='tx', subsystem='enp0s25')
Telemetry(timestamp='04.06.2023 10:26:36.839749', value='7.000000', node='ubuntu', metric='rx', subsystem='enp0s25')
Telemetry(timestamp='04.06.2023 10:26:37.304694', value='17.000000', node='ubuntu', metric='tx', subsystem='enp0s25')
Telemetry(timestamp='04.06.2023 10:26:37.304695', value='8.000000', node='ubuntu', metric='rx', subsystem='enp0s25')
Telemetry(timestamp='04.06.2023 10:26:37.255680', value='27.135678', node='ubuntu', metric='cpu', subsystem=None)
Telemetry(timestamp='04.06.2023 10:26:37.255726', value='1162728.000000', node='ubuntu', metric='ram', subsystem=None)
Telemetry(timestamp='04.06.2023 10:26:37.304774', value='26.767677', node='ubuntu', metric='cpu', subsystem=None)
Telemetry(timestamp='04.06.2023 10:26:37.256674', value='17.000000', node='ubuntu', metric='tx', subsystem='enp0s25')
Telemetry(timestamp='04.06.2023 10:26:37.422430', value='8.000000', node='ubuntu', metric='rx', subsystem='enp0s25')
Telemetry(timestamp='04.06.2023 10:26:37.755922', value='17.000000', node='ubuntu', metric='tx', subsystem='enp0s25')
Telemetry(timestamp='04.06.2023 10:26:37.755944', value='25.252525', node='ubuntu', metric='cpu', subsystem=None)
Telemetry(timestamp='04.06.2023 10:26:37.804243', value='1162676.000000', node='ubuntu', metric='ram', subsystem=None)
Telemetry(timestamp='04.06.2023 10:26:37.788583', value='8.000000', node='ubuntu', metric='rx', subsystem='enp0s25')
Telemetry(timestamp='04.06.2023 10:26:37.804536', value='17.000000', node='ubuntu', metric='tx', subsystem='enp0s25')
Telemetry(timestamp='04.06.2023 10:26:37.804848', value='25.500000', node='ubuntu', metric='cpu', subsystem=None)
Telemetry(timestamp='04.06.2023 10:26:37.838633', value='8.000000', node='ubuntu', metric='rx', subsystem='enp0s25')
Telemetry(timestamp='04.06.2023 10:26:38.304842', value='25.125628', node='ubuntu', metric='cpu', subsystem=None)
Telemetry(timestamp='04.06.2023 10:26:38.256145', value='25.125628', node='ubuntu', metric='cpu', subsystem=None)
Telemetry(timestamp='04.06.2023 10:26:38.305150', value='17.000000', node='ubuntu', metric='tx', subsystem='enp0s25')
Telemetry(timestamp='04.06.2023 10:26:38.256305', value='17.000000', node='ubuntu', metric='tx', subsystem='enp0s25')
Telemetry(timestamp='04.06.2023 10:26:38.256548', value='1162676.000000', node='ubuntu', metric='ram', subsystem=None)
Telemetry(timestamp='04.06.2023 10:26:38.424287', value='7.000000', node='ubuntu', metric='rx', subsystem='enp0s25')
Telemetry(timestamp='04.06.2023 10:26:38.425990', value='7.000000', node='ubuntu', metric='rx', subsystem='enp0s25')
Telemetry(timestamp='04.06.2023 10:26:38.804055', value='1162676.000000', node='ubuntu', metric='ram', subsystem=None)
Telemetry(timestamp='04.06.2023 10:26:38.756399', value='16.000000', node='ubuntu', metric='tx', subsystem='enp0s25')
Telemetry(timestamp='04.06.2023 10:26:38.804501', value='13.000000', node='ubuntu', metric='tx', subsystem='enp0s25')
Telemetry(timestamp='04.06.2023 10:26:38.757337', value='25.125628', node='ubuntu', metric='cpu', subsystem=None)
Telemetry(timestamp='04.06.2023 10:26:38.927610', value='7.000000', node='ubuntu', metric='rx', subsystem='enp0s25')
Telemetry(timestamp='04.06.2023 10:26:38.806038', value='25.252525', node='ubuntu', metric='cpu', subsystem=None)
Telemetry(timestamp='04.06.2023 10:26:38.948104', value='6.000000', node='ubuntu', metric='rx', subsystem='enp0s25')
Telemetry(timestamp='04.06.2023 10:26:39.304223', value='23.737374', node='ubuntu', metric='cpu', subsystem=None)
Telemetry(timestamp='04.06.2023 10:26:39.305715', value='18.000000', node='ubuntu', metric='tx', subsystem='enp0s25')
Telemetry(timestamp='04.06.2023 10:26:39.256861', value='1178096.000000', node='ubuntu', metric='ram', subsystem=None)
Telemetry(timestamp='04.06.2023 10:26:39.256899', value='17.000000', node='ubuntu', metric='tx', subsystem='enp0s25')
Telemetry(timestamp='04.06.2023 10:26:39.256918', value='25.628141', node='ubuntu', metric='cpu', subsystem=None)
Telemetry(timestamp='04.06.2023 10:26:39.399154', value='7.000000', node='ubuntu', metric='rx', subsystem='enp0s25')
Telemetry(timestamp='04.06.2023 10:26:39.402602', value='7.000000', node='ubuntu', metric='rx', subsystem='enp0s25')
Telemetry(timestamp='04.06.2023 10:26:39.756587', value='4.060914', node='ubuntu', metric='cpu', subsystem=None)
Telemetry(timestamp='04.06.2023 10:26:39.804929', value='20.000000', node='ubuntu', metric='tx', subsystem='enp0s25')
Telemetry(timestamp='04.06.2023 10:26:39.805056', value='3.535354', node='ubuntu', metric='cpu', subsystem=None)
Telemetry(timestamp='04.06.2023 10:26:39.757237', value='20.000000', node='ubuntu', metric='tx', subsystem='enp0s25')
Telemetry(timestamp='04.06.2023 10:26:39.805837', value='1186032.000000', node='ubuntu', metric='ram', subsystem=None)
Telemetry(timestamp='04.06.2023 10:26:39.951515', value='9.000000', node='ubuntu', metric='rx', subsystem='enp0s25')
Telemetry(timestamp='04.06.2023 10:26:39.970644', value='9.000000', node='ubuntu', metric='rx', subsystem='enp0s25')
Telemetry(timestamp='04.06.2023 10:26:40.304885', value='18.000000', node='ubuntu', metric='tx', subsystem='enp0s25')
Telemetry(timestamp='04.06.2023 10:26:40.256422', value='0.220000', node='ubuntu', metric='load1', subsystem=None)
Telemetry(timestamp='04.06.2023 10:26:40.257067', value='0.512821', node='ubuntu', metric='cpu', subsystem=None)
Telemetry(timestamp='04.06.2023 10:26:40.257378', value='1186012.000000', node='ubuntu', metric='ram', subsystem=None)
Telemetry(timestamp='04.06.2023 10:26:40.257442', value='19.000000', node='ubuntu', metric='tx', subsystem='enp0s25')
Telemetry(timestamp='04.06.2023 10:26:40.305864', value='0.512821', node='ubuntu', metric='cpu', subsystem=None)
Telemetry(timestamp='04.06.2023 10:26:40.466170', value='9.000000', node='ubuntu', metric='rx', subsystem='enp0s25')
Telemetry(timestamp='04.06.2023 10:26:40.468272', value='0.110000', node='ubuntu', metric='load5', subsystem=None)
Telemetry(timestamp='04.06.2023 10:26:40.492236', value='9.000000', node='ubuntu', metric='rx', subsystem='enp0s25')
Telemetry(timestamp='04.06.2023 10:26:40.804246', value='1186012.000000', node='ubuntu', metric='ram', subsystem=None)
Telemetry(timestamp='04.06.2023 10:26:40.756405', value='1.507538', node='ubuntu', metric='cpu', subsystem=None)
Telemetry(timestamp='04.06.2023 10:26:40.806029', value='1.515152', node='ubuntu', metric='cpu', subsystem=None)
Telemetry(timestamp='04.06.2023 10:26:40.757245', value='17.000000', node='ubuntu', metric='tx', subsystem='enp0s25')
Telemetry(timestamp='04.06.2023 10:26:40.806350', value='17.000000', node='ubuntu', metric='tx', subsystem='enp0s25')
Telemetry(timestamp='04.06.2023 10:26:40.892870', value='7.000000', node='ubuntu', metric='rx', subsystem='enp0s25')
Telemetry(timestamp='04.06.2023 10:26:40.903760', value='7.000000', node='ubuntu', metric='rx', subsystem='enp0s25')
Telemetry(timestamp='04.06.2023 10:26:41.304293', value='1.515152', node='ubuntu', metric='cpu', subsystem=None)
Telemetry(timestamp='04.06.2023 10:26:41.256713', value='1.515152', node='ubuntu', metric='cpu', subsystem=None)
Telemetry(timestamp='04.06.2023 10:26:41.256758', value='1186012.000000', node='ubuntu', metric='ram', subsystem=None)
Telemetry(timestamp='04.06.2023 10:26:41.306603', value='17.000000', node='ubuntu', metric='tx', subsystem='enp0s25')
Telemetry(timestamp='04.06.2023 10:26:41.257218', value='17.000000', node='ubuntu', metric='tx', subsystem='enp0s25')
Telemetry(timestamp='04.06.2023 10:26:41.402743', value='8.000000', node='ubuntu', metric='rx', subsystem='enp0s25')
Telemetry(timestamp='04.06.2023 10:26:41.433304', value='8.000000', node='ubuntu', metric='rx', subsystem='enp0s25')
Telemetry(timestamp='04.06.2023 10:26:41.804775', value='0.220000', node='ubuntu', metric='load1', subsystem=None)
Telemetry(timestamp='04.06.2023 10:26:41.804964', value='17.766497', node='ubuntu', metric='cpu', subsystem=None)
Telemetry(timestamp='04.06.2023 10:26:41.805218', value='1190916.000000', node='ubuntu', metric='ram', subsystem=None)
Telemetry(timestamp='04.06.2023 10:26:41.805839', value='39.000000', node='ubuntu', metric='tx', subsystem='enp0s25')
Telemetry(timestamp='04.06.2023 10:26:41.896270', value='0.110000', node='ubuntu', metric='load5', subsystem=None)
Telemetry(timestamp='04.06.2023 10:26:41.963919', value='764.000000', node='ubuntu', metric='rx', subsystem='enp0s25')
Telemetry(timestamp='04.06.2023 10:26:41.757586', value='14.871795', node='ubuntu', metric='cpu', subsystem=None)
Telemetry(timestamp='04.06.2023 10:26:41.757648', value='34.000000', node='ubuntu', metric='tx', subsystem='enp0s25')
Telemetry(timestamp='04.06.2023 10:26:42.512647', value='595.000000', node='ubuntu', metric='rx', subsystem='enp0s25')
Telemetry(timestamp='04.06.2023 10:26:42.256620', value='1200796.000000', node='ubuntu', metric='ram', subsystem=None)
Telemetry(timestamp='04.06.2023 10:26:42.256658', value='23.404255', node='ubuntu', metric='cpu', subsystem=None)
Telemetry(timestamp='04.06.2023 10:26:42.258337', value='66.000000', node='ubuntu', metric='tx', subsystem='enp0s25')
Telemetry(timestamp='04.06.2023 10:26:42.305146', value='71.000000', node='ubuntu', metric='tx', subsystem='enp0s25')
Telemetry(timestamp='04.06.2023 10:26:42.305804', value='23.655914', node='ubuntu', metric='cpu', subsystem=None)
Telemetry(timestamp='04.06.2023 10:26:42.319213', value='2173.000000', node='ubuntu', metric='rx', subsystem='enp0s25')
Telemetry(timestamp='04.06.2023 10:26:42.353442', value='2175.000000', node='ubuntu', metric='rx', subsystem='enp0s25')
Telemetry(timestamp='04.06.2023 10:26:42.804318', value='1204556.000000', node='ubuntu', metric='ram', subsystem=None)
Telemetry(timestamp='04.06.2023 10:26:42.804602', value='22.680412', node='ubuntu', metric='cpu', subsystem=None)
Telemetry(timestamp='04.06.2023 10:26:42.756549', value='25.906736', node='ubuntu', metric='cpu', subsystem=None)
Telemetry(timestamp='04.06.2023 10:26:42.758525', value='54.000000', node='ubuntu', metric='tx', subsystem='enp0s25')
Telemetry(timestamp='04.06.2023 10:26:42.806565', value='49.000000', node='ubuntu', metric='tx', subsystem='enp0s25')
Telemetry(timestamp='04.06.2023 10:26:42.848334', value='1589.000000', node='ubuntu', metric='rx', subsystem='enp0s25')
Telemetry(timestamp='04.06.2023 10:26:42.856165', value='1420.000000', node='ubuntu', metric='rx', subsystem='enp0s25')
Telemetry(timestamp='04.06.2023 10:26:43.256690', value='2.538071', node='ubuntu', metric='cpu', subsystem=None)
Telemetry(timestamp='04.06.2023 10:26:43.305261', value='17.000000', node='ubuntu', metric='tx', subsystem='enp0s25')
Telemetry(timestamp='04.06.2023 10:26:43.256946', value='1204556.000000', node='ubuntu', metric='ram', subsystem=None)
Telemetry(timestamp='04.06.2023 10:26:43.305712', value='2.551020', node='ubuntu', metric='cpu', subsystem=None)
Telemetry(timestamp='04.06.2023 10:26:43.257260', value='22.000000', node='ubuntu', metric='tx', subsystem='enp0s25')
Telemetry(timestamp='04.06.2023 10:26:43.310882', value='8.000000', node='ubuntu', metric='rx', subsystem='enp0s25')
Telemetry(timestamp='04.06.2023 10:26:43.332515', value='10.000000', node='ubuntu', metric='rx', subsystem='enp0s25')
Telemetry(timestamp='04.06.2023 10:26:43.806213', value='1204556.000000', node='ubuntu', metric='ram', subsystem=None)
Telemetry(timestamp='04.06.2023 10:26:43.806226', value='0.000000', node='ubuntu', metric='cpu', subsystem=None)
Telemetry(timestamp='04.06.2023 10:26:43.806370', value='17.000000', node='ubuntu', metric='tx', subsystem='enp0s25')
Telemetry(timestamp='04.06.2023 10:26:43.883670', value='8.000000', node='ubuntu', metric='rx', subsystem='enp0s25')
Telemetry(timestamp='04.06.2023 10:26:43.756940', value='0.000000', node='ubuntu', metric='cpu', subsystem=None)
Telemetry(timestamp='04.06.2023 10:26:43.757117', value='17.000000', node='ubuntu', metric='tx', subsystem='enp0s25')
Telemetry(timestamp='04.06.2023 10:26:43.991487', value='8.000000', node='ubuntu', metric='rx', subsystem='enp0s25')
Telemetry(timestamp='04.06.2023 10:26:44.256045', value='2.010050', node='ubuntu', metric='cpu', subsystem=None)
Telemetry(timestamp='04.06.2023 10:26:44.306038', value='2.010050', node='ubuntu', metric='cpu', subsystem=None)
Telemetry(timestamp='04.06.2023 10:26:44.256909', value='1204556.000000', node='ubuntu', metric='ram', subsystem=None)
Telemetry(timestamp='04.06.2023 10:26:44.306531', value='16.000000', node='ubuntu', metric='tx', subsystem='enp0s25')
Telemetry(timestamp='04.06.2023 10:26:44.258102', value='17.000000', node='ubuntu', metric='tx', subsystem='enp0s25')
Telemetry(timestamp='04.06.2023 10:26:44.531677', value='7.000000', node='ubuntu', metric='rx', subsystem='enp0s25')
Telemetry(timestamp='04.06.2023 10:26:44.532551', value='7.000000', node='ubuntu', metric='rx', subsystem='enp0s25')
Telemetry(timestamp='04.06.2023 10:26:44.803978', value='1204484.000000', node='ubuntu', metric='ram', subsystem=None)
Telemetry(timestamp='04.06.2023 10:26:44.756957', value='49.000000', node='ubuntu', metric='tx', subsystem='enp0s25')
Telemetry(timestamp='04.06.2023 10:26:44.804824', value='14.871795', node='ubuntu', metric='cpu', subsystem=None)
Telemetry(timestamp='04.06.2023 10:26:44.756995', value='13.265306', node='ubuntu', metric='cpu', subsystem=None)
Telemetry(timestamp='04.06.2023 10:26:44.806011', value='51.000000', node='ubuntu', metric='tx', subsystem='enp0s25')
Telemetry(timestamp='04.06.2023 10:26:44.981684', value='1136.000000', node='ubuntu', metric='rx', subsystem='enp0s25')
Telemetry(timestamp='04.06.2023 10:26:44.996112', value='1263.000000', node='ubuntu', metric='rx', subsystem='enp0s25')
Telemetry(timestamp='04.06.2023 10:26:45.256364', value='24.607330', node='ubuntu', metric='cpu', subsystem=None)
Telemetry(timestamp='04.06.2023 10:26:45.256626', value='1190768.000000', node='ubuntu', metric='ram', subsystem=None)
Telemetry(timestamp='04.06.2023 10:26:45.256722', value='74.000000', node='ubuntu', metric='tx', subsystem='enp0s25')
Telemetry(timestamp='04.06.2023 10:26:45.256846', value='0.200000', node='ubuntu', metric='load1', subsystem=None)
Telemetry(timestamp='04.06.2023 10:26:45.278817', value='2175.000000', node='ubuntu', metric='rx', subsystem='enp0s25')
Telemetry(timestamp='04.06.2023 10:26:45.304843', value='27.604167', node='ubuntu', metric='cpu', subsystem=None)
Telemetry(timestamp='04.06.2023 10:26:45.284914', value='0.110000', node='ubuntu', metric='load5', subsystem=None)
Telemetry(timestamp='04.06.2023 10:26:45.304937', value='77.000000', node='ubuntu', metric='tx', subsystem='enp0s25')
Telemetry(timestamp='04.06.2023 10:26:45.317491', value='2177.000000', node='ubuntu', metric='rx', subsystem='enp0s25')
Telemetry(timestamp='04.06.2023 10:26:45.804385', value='1196936.000000', node='ubuntu', metric='ram', subsystem=None)
Telemetry(timestamp='04.06.2023 10:26:45.757395', value='44.000000', node='ubuntu', metric='tx', subsystem='enp0s25')
Telemetry(timestamp='04.06.2023 10:26:45.804685', value='42.000000', node='ubuntu', metric='tx', subsystem='enp0s25')
Telemetry(timestamp='04.06.2023 10:26:45.757644', value='12.755102', node='ubuntu', metric='cpu', subsystem=None)
Telemetry(timestamp='04.06.2023 10:26:45.805377', value='9.137056', node='ubuntu', metric='cpu', subsystem=None)
Telemetry(timestamp='04.06.2023 10:26:45.898459', value='1047.000000', node='ubuntu', metric='rx', subsystem='enp0s25')
Telemetry(timestamp='04.06.2023 10:26:45.904532', value='928.000000', node='ubuntu', metric='rx', subsystem='enp0s25')
Telemetry(timestamp='04.06.2023 10:26:46.304965', value='1.515152', node='ubuntu', metric='cpu', subsystem=None)
Telemetry(timestamp='04.06.2023 10:26:46.257205', value='1196936.000000', node='ubuntu', metric='ram', subsystem=None)
Telemetry(timestamp='04.06.2023 10:26:46.305681', value='15.000000', node='ubuntu', metric='tx', subsystem='enp0s25')
Telemetry(timestamp='04.06.2023 10:26:46.257797', value='18.000000', node='ubuntu', metric='tx', subsystem='enp0s25')
Telemetry(timestamp='04.06.2023 10:26:46.259218', value='2.500000', node='ubuntu', metric='cpu', subsystem=None)
Telemetry(timestamp='04.06.2023 10:26:46.432927', value='7.000000', node='ubuntu', metric='rx', subsystem='enp0s25')
Telemetry(timestamp='04.06.2023 10:26:46.438271', value='8.000000', node='ubuntu', metric='rx', subsystem='enp0s25')
Telemetry(timestamp='04.06.2023 10:26:46.804612', value='0.200000', node='ubuntu', metric='load1', subsystem=None)
Telemetry(timestamp='04.06.2023 10:26:46.804615', value='0.110000', node='ubuntu', metric='load5', subsystem=None)
Telemetry(timestamp='04.06.2023 10:26:46.805432', value='17.000000', node='ubuntu', metric='tx', subsystem='enp0s25')
Telemetry(timestamp='04.06.2023 10:26:46.758592', value='1.507538', node='ubuntu', metric='cpu', subsystem=None)
Telemetry(timestamp='04.06.2023 10:26:46.805560', value='0.507614', node='ubuntu', metric='cpu', subsystem=None)
Telemetry(timestamp='04.06.2023 10:26:46.760606', value='17.000000', node='ubuntu', metric='tx', subsystem='enp0s25')
Telemetry(timestamp='04.06.2023 10:26:46.805942', value='1196936.000000', node='ubuntu', metric='ram', subsystem=None)
Telemetry(timestamp='04.06.2023 10:26:46.930977', value='7.000000', node='ubuntu', metric='rx', subsystem='enp0s25')
Telemetry(timestamp='04.06.2023 10:26:46.954978', value='7.000000', node='ubuntu', metric='rx', subsystem='enp0s25')
Telemetry(timestamp='04.06.2023 10:26:47.256495', value='1197188.000000', node='ubuntu', metric='ram', subsystem=None)
Telemetry(timestamp='04.06.2023 10:26:47.258248', value='17.000000', node='ubuntu', metric='tx', subsystem='enp0s25')
Telemetry(timestamp='04.06.2023 10:26:47.258301', value='6.666667', node='ubuntu', metric='cpu', subsystem=None)
Telemetry(timestamp='04.06.2023 10:26:47.362458', value='8.000000', node='ubuntu', metric='rx', subsystem='enp0s25')
Telemetry(timestamp='04.06.2023 10:26:47.305685', value='8.205128', node='ubuntu', metric='cpu', subsystem=None)
Telemetry(timestamp='04.06.2023 10:26:47.306899', value='19.000000', node='ubuntu', metric='tx', subsystem='enp0s25')
Telemetry(timestamp='04.06.2023 10:26:47.450404', value='48.000000', node='ubuntu', metric='rx', subsystem='enp0s25')
Telemetry(timestamp='04.06.2023 10:26:47.804262', value='1197188.000000', node='ubuntu', metric='ram', subsystem=None)
Telemetry(timestamp='04.06.2023 10:26:47.804521', value='16.842105', node='ubuntu', metric='cpu', subsystem=None)
Telemetry(timestamp='04.06.2023 10:26:47.756521', value='16.931217', node='ubuntu', metric='cpu', subsystem=None)
Telemetry(timestamp='04.06.2023 10:26:47.805213', value='59.000000', node='ubuntu', metric='tx', subsystem='enp0s25')
Telemetry(timestamp='04.06.2023 10:26:47.757899', value='55.000000', node='ubuntu', metric='tx', subsystem='enp0s25')
Telemetry(timestamp='04.06.2023 10:26:47.848875', value='1825.000000', node='ubuntu', metric='rx', subsystem='enp0s25')
Telemetry(timestamp='04.06.2023 10:26:47.849847', value='1644.000000', node='ubuntu', metric='rx', subsystem='enp0s25')
Telemetry(timestamp='04.06.2023 10:26:48.304170', value='35.233161', node='ubuntu', metric='cpu', subsystem=None)
Telemetry(timestamp='04.06.2023 10:26:48.256535', value='1203888.000000', node='ubuntu', metric='ram', subsystem=None)
Telemetry(timestamp='04.06.2023 10:26:48.305393', value='68.000000', node='ubuntu', metric='tx', subsystem='enp0s25')
Telemetry(timestamp='04.06.2023 10:26:48.256772', value='70.000000', node='ubuntu', metric='tx', subsystem='enp0s25')
Telemetry(timestamp='04.06.2023 10:26:48.256805', value='33.854167', node='ubuntu', metric='cpu', subsystem=None)
Telemetry(timestamp='04.06.2023 10:26:48.476777', value='2144.000000', node='ubuntu', metric='rx', subsystem='enp0s25')
Telemetry(timestamp='04.06.2023 10:26:48.483172', value='2175.000000', node='ubuntu', metric='rx', subsystem='enp0s25')
Telemetry(timestamp='04.06.2023 10:26:48.804308', value='1204816.000000', node='ubuntu', metric='ram', subsystem=None)
Telemetry(timestamp='04.06.2023 10:26:48.804531', value='3.030303', node='ubuntu', metric='cpu', subsystem=None)
Telemetry(timestamp='04.06.2023 10:26:48.805342', value='29.000000', node='ubuntu', metric='tx', subsystem='enp0s25')
Telemetry(timestamp='04.06.2023 10:26:48.756850', value='33.000000', node='ubuntu', metric='tx', subsystem='enp0s25')
Telemetry(timestamp='04.06.2023 10:26:48.756976', value='6.030151', node='ubuntu', metric='cpu', subsystem=None)
Telemetry(timestamp='04.06.2023 10:26:48.990787', value='359.000000', node='ubuntu', metric='rx', subsystem='enp0s25')
Telemetry(timestamp='04.06.2023 10:26:48.995024', value='545.000000', node='ubuntu', metric='rx', subsystem='enp0s25')
Telemetry(timestamp='04.06.2023 10:26:49.256145', value='1205068.000000', node='ubuntu', metric='ram', subsystem=None)
Telemetry(timestamp='04.06.2023 10:26:49.256269', value='0.000000', node='ubuntu', metric='cpu', subsystem=None)
Telemetry(timestamp='04.06.2023 10:26:49.256850', value='18.000000', node='ubuntu', metric='tx', subsystem='enp0s25')
Telemetry(timestamp='04.06.2023 10:26:49.304731', value='20.000000', node='ubuntu', metric='tx', subsystem='enp0s25')
Telemetry(timestamp='04.06.2023 10:26:49.304876', value='0.000000', node='ubuntu', metric='cpu', subsystem=None)
Telemetry(timestamp='04.06.2023 10:26:49.305324', value='8.000000', node='ubuntu', metric='rx', subsystem='enp0s25')
Telemetry(timestamp='04.06.2023 10:26:49.318481', value='9.000000', node='ubuntu', metric='rx', subsystem='enp0s25')
Telemetry(timestamp='04.06.2023 10:26:49.804873', value='2.000000', node='ubuntu', metric='cpu', subsystem=None)
Telemetry(timestamp='04.06.2023 10:26:49.756291', value='2.010050', node='ubuntu', metric='cpu', subsystem=None)
Telemetry(timestamp='04.06.2023 10:26:49.805136', value='17.000000', node='ubuntu', metric='tx', subsystem='enp0s25')
Telemetry(timestamp='04.06.2023 10:26:49.805193', value='1205068.000000', node='ubuntu', metric='ram', subsystem=None)
Telemetry(timestamp='04.06.2023 10:26:49.757334', value='17.000000', node='ubuntu', metric='tx', subsystem='enp0s25')
Telemetry(timestamp='04.06.2023 10:26:49.888794', value='7.000000', node='ubuntu', metric='rx', subsystem='enp0s25')
Telemetry(timestamp='04.06.2023 10:26:49.923407', value='7.000000', node='ubuntu', metric='rx', subsystem='enp0s25')
Telemetry(timestamp='04.06.2023 10:26:50.256125', value='0.190000', node='ubuntu', metric='load1', subsystem=None)
Telemetry(timestamp='04.06.2023 10:26:50.256296', value='1205068.000000', node='ubuntu', metric='ram', subsystem=None)
Telemetry(timestamp='04.06.2023 10:26:50.256561', value='25.000000', node='ubuntu', metric='tx', subsystem='enp0s25')
Telemetry(timestamp='04.06.2023 10:26:50.256967', value='10.101010', node='ubuntu', metric='cpu', subsystem=None)
Telemetry(timestamp='04.06.2023 10:26:50.268502', value='0.110000', node='ubuntu', metric='load5', subsystem=None)
Telemetry(timestamp='04.06.2023 10:26:50.294283', value='337.000000', node='ubuntu', metric='rx', subsystem='enp0s25')
Telemetry(timestamp='04.06.2023 10:26:50.306365', value='31.000000', node='ubuntu', metric='tx', subsystem='enp0s25')
Telemetry(timestamp='04.06.2023 10:26:50.308092', value='10.659898', node='ubuntu', metric='cpu', subsystem=None)
Telemetry(timestamp='04.06.2023 10:26:50.354064', value='591.000000', node='ubuntu', metric='rx', subsystem='enp0s25')
Telemetry(timestamp='04.06.2023 10:26:50.804822', value='1191008.000000', node='ubuntu', metric='ram', subsystem=None)
Telemetry(timestamp='04.06.2023 10:26:50.756154', value='19.587629', node='ubuntu', metric='cpu', subsystem=None)
Telemetry(timestamp='04.06.2023 10:26:50.757486', value='67.000000', node='ubuntu', metric='tx', subsystem='enp0s25')
Telemetry(timestamp='04.06.2023 10:26:50.805699', value='21.761658', node='ubuntu', metric='cpu', subsystem=None)
Telemetry(timestamp='04.06.2023 10:26:50.808038', value='67.000000', node='ubuntu', metric='tx', subsystem='enp0s25')
Telemetry(timestamp='04.06.2023 10:26:50.828438', value='2174.000000', node='ubuntu', metric='rx', subsystem='enp0s25')
Telemetry(timestamp='04.06.2023 10:26:50.851514', value='2175.000000', node='ubuntu', metric='rx', subsystem='enp0s25')
Telemetry(timestamp='04.06.2023 10:26:51.256276', value='1204084.000000', node='ubuntu', metric='ram', subsystem=None)
Telemetry(timestamp='04.06.2023 10:26:51.305002', value='18.461538', node='ubuntu', metric='cpu', subsystem=None)
Telemetry(timestamp='04.06.2023 10:26:51.256341', value='21.649485', node='ubuntu', metric='cpu', subsystem=None)
Telemetry(timestamp='04.06.2023 10:26:51.305484', value='52.000000', node='ubuntu', metric='tx', subsystem='enp0s25')
Telemetry(timestamp='04.06.2023 10:26:51.256849', value='60.000000', node='ubuntu', metric='tx', subsystem='enp0s25')
Telemetry(timestamp='04.06.2023 10:26:51.455291', value='1602.000000', node='ubuntu', metric='rx', subsystem='enp0s25')
Telemetry(timestamp='04.06.2023 10:26:51.454967', value='1846.000000', node='ubuntu', metric='rx', subsystem='enp0s25')
Telemetry(timestamp='04.06.2023 10:26:51.804608', value='1.515152', node='ubuntu', metric='cpu', subsystem=None)
Telemetry(timestamp='04.06.2023 10:26:51.804830', value='0.190000', node='ubuntu', metric='load1', subsystem=None)
Telemetry(timestamp='04.06.2023 10:26:51.756611', value='18.000000', node='ubuntu', metric='tx', subsystem='enp0s25')
Telemetry(timestamp='04.06.2023 10:26:51.756657', value='1.507538', node='ubuntu', metric='cpu', subsystem=None)
Telemetry(timestamp='04.06.2023 10:26:51.805202', value='18.000000', node='ubuntu', metric='tx', subsystem='enp0s25')
Telemetry(timestamp='04.06.2023 10:26:51.806193', value='1204108.000000', node='ubuntu', metric='ram', subsystem=None)
Telemetry(timestamp='04.06.2023 10:26:51.926710', value='0.110000', node='ubuntu', metric='load5', subsystem=None)
Telemetry(timestamp='04.06.2023 10:26:51.934245', value='8.000000', node='ubuntu', metric='rx', subsystem='enp0s25')
Telemetry(timestamp='04.06.2023 10:26:51.938113', value='8.000000', node='ubuntu', metric='rx', subsystem='enp0s25')
Telemetry(timestamp='04.06.2023 10:26:52.256977', value='1204360.000000', node='ubuntu', metric='ram', subsystem=None)
Telemetry(timestamp='04.06.2023 10:26:52.304983', value='6.122449', node='ubuntu', metric='cpu', subsystem=None)
Telemetry(timestamp='04.06.2023 10:26:52.257399', value='6.122449', node='ubuntu', metric='cpu', subsystem=None)
Telemetry(timestamp='04.06.2023 10:26:52.305187', value='17.000000', node='ubuntu', metric='tx', subsystem='enp0s25')
Telemetry(timestamp='04.06.2023 10:26:52.257611', value='17.000000', node='ubuntu', metric='tx', subsystem='enp0s25')
Telemetry(timestamp='04.06.2023 10:26:52.472003', value='7.000000', node='ubuntu', metric='rx', subsystem='enp0s25')
Telemetry(timestamp='04.06.2023 10:26:52.478741', value='7.000000', node='ubuntu', metric='rx', subsystem='enp0s25')
Telemetry(timestamp='04.06.2023 10:26:52.803926', value='1204368.000000', node='ubuntu', metric='ram', subsystem=None)
Telemetry(timestamp='04.06.2023 10:26:52.804328', value='4.522613', node='ubuntu', metric='cpu', subsystem=None)
Telemetry(timestamp='04.06.2023 10:26:52.805750', value='17.000000', node='ubuntu', metric='tx', subsystem='enp0s25')
Telemetry(timestamp='04.06.2023 10:26:52.757946', value='17.000000', node='ubuntu', metric='tx', subsystem='enp0s25')
Telemetry(timestamp='04.06.2023 10:26:52.757949', value='2.020202', node='ubuntu', metric='cpu', subsystem=None)
Telemetry(timestamp='04.06.2023 10:26:53.146921', value='8.000000', node='ubuntu', metric='rx', subsystem='enp0s25')
Telemetry(timestamp='04.06.2023 10:26:52.999251', value='8.000000', node='ubuntu', metric='rx', subsystem='enp0s25')
Telemetry(timestamp='04.06.2023 10:26:53.304582', value='3.571429', node='ubuntu', metric='cpu', subsystem=None)
Telemetry(timestamp='04.06.2023 10:26:53.256325', value='6.091371', node='ubuntu', metric='cpu', subsystem=None)
Telemetry(timestamp='04.06.2023 10:26:53.257088', value='1204368.000000', node='ubuntu', metric='ram', subsystem=None)
Telemetry(timestamp='04.06.2023 10:26:53.305054', value='17.000000', node='ubuntu', metric='tx', subsystem='enp0s25')
Telemetry(timestamp='04.06.2023 10:26:53.258616', value='17.000000', node='ubuntu', metric='tx', subsystem='enp0s25')
Telemetry(timestamp='04.06.2023 10:26:53.492981', value='8.000000', node='ubuntu', metric='rx', subsystem='enp0s25')
Telemetry(timestamp='04.06.2023 10:26:53.515935', value='8.000000', node='ubuntu', metric='rx', subsystem='enp0s25')
Telemetry(timestamp='04.06.2023 10:26:53.756728', value='17.000000', node='ubuntu', metric='tx', subsystem='enp0s25')
Telemetry(timestamp='04.06.2023 10:26:53.758430', value='1.010101', node='ubuntu', metric='cpu', subsystem=None)
Telemetry(timestamp='04.06.2023 10:26:53.777367', value='8.000000', node='ubuntu', metric='rx', subsystem='enp0s25')
Telemetry(timestamp='04.06.2023 10:26:53.805542', value='20.000000', node='ubuntu', metric='tx', subsystem='enp0s25')
Telemetry(timestamp='04.06.2023 10:26:53.805589', value='1.015228', node='ubuntu', metric='cpu', subsystem=None)
Telemetry(timestamp='04.06.2023 10:26:53.806249', value='1204368.000000', node='ubuntu', metric='ram', subsystem=None)
Telemetry(timestamp='04.06.2023 10:26:53.832072', value='9.000000', node='ubuntu', metric='rx', subsystem='enp0s25')
Telemetry(timestamp='04.06.2023 10:26:54.256118', value='1204816.000000', node='ubuntu', metric='ram', subsystem=None)
Telemetry(timestamp='04.06.2023 10:26:54.256270', value='11.282051', node='ubuntu', metric='cpu', subsystem=None)
Telemetry(timestamp='04.06.2023 10:26:54.305582', value='13.930348', node='ubuntu', metric='cpu', subsystem=None)
Telemetry(timestamp='04.06.2023 10:26:54.256975', value='43.000000', node='ubuntu', metric='tx', subsystem='enp0s25')
Telemetry(timestamp='04.06.2023 10:26:54.305750', value='47.000000', node='ubuntu', metric='tx', subsystem='enp0s25')
Telemetry(timestamp='04.06.2023 10:26:54.433687', value='1498.000000', node='ubuntu', metric='rx', subsystem='enp0s25')
Telemetry(timestamp='04.06.2023 10:26:54.432326', value='1265.000000', node='ubuntu', metric='rx', subsystem='enp0s25')
Telemetry(timestamp='04.06.2023 10:26:54.804841', value='1204332.000000', node='ubuntu', metric='ram', subsystem=None)
Telemetry(timestamp='04.06.2023 10:26:54.757216', value='32.124352', node='ubuntu', metric='cpu', subsystem=None)
Telemetry(timestamp='04.06.2023 10:26:54.757307', value='65.000000', node='ubuntu', metric='tx', subsystem='enp0s25')
Telemetry(timestamp='04.06.2023 10:26:54.993639', value='2175.000000', node='ubuntu', metric='rx', subsystem='enp0s25')
Telemetry(timestamp='04.06.2023 10:26:54.805208', value='32.446809', node='ubuntu', metric='cpu', subsystem=None)
Telemetry(timestamp='04.06.2023 10:26:54.806738', value='62.000000', node='ubuntu', metric='tx', subsystem='enp0s25')
Telemetry(timestamp='04.06.2023 10:26:55.117057', value='2173.000000', node='ubuntu', metric='rx', subsystem='enp0s25')
Telemetry(timestamp='04.06.2023 10:26:55.256169', value='8.673469', node='ubuntu', metric='cpu', subsystem=None)
Telemetry(timestamp='04.06.2023 10:26:55.256738', value='40.000000', node='ubuntu', metric='tx', subsystem='enp0s25')
Telemetry(timestamp='04.06.2023 10:26:55.256943', value='1209284.000000', node='ubuntu', metric='ram', subsystem=None)
Telemetry(timestamp='04.06.2023 10:26:55.257021', value='0.170000', node='ubuntu', metric='load1', subsystem=None)
Telemetry(timestamp='04.06.2023 10:26:55.305065', value='6.666667', node='ubuntu', metric='cpu', subsystem=None)
Telemetry(timestamp='04.06.2023 10:26:55.280917', value='918.000000', node='ubuntu', metric='rx', subsystem='enp0s25')
Telemetry(timestamp='04.06.2023 10:26:55.285364', value='0.110000', node='ubuntu', metric='load5', subsystem=None)
Telemetry(timestamp='04.06.2023 10:26:55.305664', value='38.000000', node='ubuntu', metric='tx', subsystem='enp0s25')
Telemetry(timestamp='04.06.2023 10:26:55.322405', value='689.000000', node='ubuntu', metric='rx', subsystem='enp0s25')
Telemetry(timestamp='04.06.2023 10:26:55.804630', value='1209284.000000', node='ubuntu', metric='ram', subsystem=None)
Telemetry(timestamp='04.06.2023 10:26:55.805310', value='18.000000', node='ubuntu', metric='tx', subsystem='enp0s25')
Telemetry(timestamp='04.06.2023 10:26:55.756538', value='18.000000', node='ubuntu', metric='tx', subsystem='enp0s25')
Telemetry(timestamp='04.06.2023 10:26:55.805627', value='0.507614', node='ubuntu', metric='cpu', subsystem=None)
Telemetry(timestamp='04.06.2023 10:26:55.758493', value='1.010101', node='ubuntu', metric='cpu', subsystem=None)
Telemetry(timestamp='04.06.2023 10:26:55.962823', value='8.000000', node='ubuntu', metric='rx', subsystem='enp0s25')
Telemetry(timestamp='04.06.2023 10:26:55.965141', value='8.000000', node='ubuntu', metric='rx', subsystem='enp0s25')
Telemetry(timestamp='04.06.2023 10:26:56.256057', value='1209284.000000', node='ubuntu', metric='ram', subsystem=None)
Telemetry(timestamp='04.06.2023 10:26:56.304612', value='0.510204', node='ubuntu', metric='cpu', subsystem=None)
Telemetry(timestamp='04.06.2023 10:26:56.256878', value='0.507614', node='ubuntu', metric='cpu', subsystem=None)
Telemetry(timestamp='04.06.2023 10:26:56.306334', value='14.000000', node='ubuntu', metric='tx', subsystem='enp0s25')
Telemetry(timestamp='04.06.2023 10:26:56.258286', value='17.000000', node='ubuntu', metric='tx', subsystem='enp0s25')
Telemetry(timestamp='04.06.2023 10:26:56.447590', value='6.000000', node='ubuntu', metric='rx', subsystem='enp0s25')
Telemetry(timestamp='04.06.2023 10:26:56.459776', value='7.000000', node='ubuntu', metric='rx', subsystem='enp0s25')
Telemetry(timestamp='04.06.2023 10:26:56.757023', value='8.080808', node='ubuntu', metric='cpu', subsystem=None)
Telemetry(timestamp='04.06.2023 10:26:56.757096', value='21.000000', node='ubuntu', metric='tx', subsystem='enp0s25')
Telemetry(timestamp='04.06.2023 10:26:56.804277', value='0.170000', node='ubuntu', metric='load1', subsystem=None)
Telemetry(timestamp='04.06.2023 10:26:56.804278', value='0.110000', node='ubuntu', metric='load5', subsystem=None)
Telemetry(timestamp='04.06.2023 10:26:56.804280', value='9.595960', node='ubuntu', metric='cpu', subsystem=None)
Telemetry(timestamp='04.06.2023 10:26:56.785813', value='109.000000', node='ubuntu', metric='rx', subsystem='enp0s25')
Telemetry(timestamp='04.06.2023 10:26:56.804630', value='1209284.000000', node='ubuntu', metric='ram', subsystem=None)
Telemetry(timestamp='04.06.2023 10:26:56.805719', value='27.000000', node='ubuntu', metric='tx', subsystem='enp0s25')
Telemetry(timestamp='04.06.2023 10:26:56.852681', value='309.000000', node='ubuntu', metric='rx', subsystem='enp0s25')
Telemetry(timestamp='04.06.2023 10:26:57.256359', value='22.051282', node='ubuntu', metric='cpu', subsystem=None)
Telemetry(timestamp='04.06.2023 10:26:57.305207', value='62.000000', node='ubuntu', metric='tx', subsystem='enp0s25')
Telemetry(timestamp='04.06.2023 10:26:57.256869', value='1209508.000000', node='ubuntu', metric='ram', subsystem=None)
Telemetry(timestamp='04.06.2023 10:26:57.257059', value='58.000000', node='ubuntu', metric='tx', subsystem='enp0s25')
Telemetry(timestamp='04.06.2023 10:26:57.305699', value='22.164948', node='ubuntu', metric='cpu', subsystem=None)
Telemetry(timestamp='04.06.2023 10:26:57.504397', value='1977.000000', node='ubuntu', metric='rx', subsystem='enp0s25')
Telemetry(timestamp='04.06.2023 10:26:57.544470', value='1775.000000', node='ubuntu', metric='rx', subsystem='enp0s25')
Telemetry(timestamp='04.06.2023 10:26:57.804014', value='1203336.000000', node='ubuntu', metric='ram', subsystem=None)
Telemetry(timestamp='04.06.2023 10:26:57.755936', value='66.000000', node='ubuntu', metric='tx', subsystem='enp0s25')
Telemetry(timestamp='04.06.2023 10:26:57.758152', value='30.000000', node='ubuntu', metric='cpu', subsystem=None)
Telemetry(timestamp='04.06.2023 10:26:57.804894', value='60.000000', node='ubuntu', metric='tx', subsystem='enp0s25')
Telemetry(timestamp='04.06.2023 10:26:57.805977', value='30.366492', node='ubuntu', metric='cpu', subsystem=None)
Telemetry(timestamp='04.06.2023 10:26:57.870405', value='2076.000000', node='ubuntu', metric='rx', subsystem='enp0s25')
Telemetry(timestamp='04.06.2023 10:26:57.876955', value='1877.000000', node='ubuntu', metric='rx', subsystem='enp0s25')
Telemetry(timestamp='04.06.2023 10:26:58.256411', value='3.030303', node='ubuntu', metric='cpu', subsystem=None)
Telemetry(timestamp='04.06.2023 10:26:58.304418', value='1.020408', node='ubuntu', metric='cpu', subsystem=None)
Telemetry(timestamp='04.06.2023 10:26:58.306682', value='26.000000', node='ubuntu', metric='tx', subsystem='enp0s25')
Telemetry(timestamp='04.06.2023 10:26:58.257383', value='30.000000', node='ubuntu', metric='tx', subsystem='enp0s25')
Telemetry(timestamp='04.06.2023 10:26:58.257881', value='1204084.000000', node='ubuntu', metric='ram', subsystem=None)
Telemetry(timestamp='04.06.2023 10:26:58.398128', value='205.000000', node='ubuntu', metric='rx', subsystem='enp0s25')
Telemetry(timestamp='04.06.2023 10:26:58.397885', value='408.000000', node='ubuntu', metric='rx', subsystem='enp0s25')
Telemetry(timestamp='04.06.2023 10:26:58.804986', value='17.000000', node='ubuntu', metric='tx', subsystem='enp0s25')
Telemetry(timestamp='04.06.2023 10:26:58.804990', value='8.000000', node='ubuntu', metric='rx', subsystem='enp0s25')
Telemetry(timestamp='04.06.2023 10:26:58.805146', value='0.000000', node='ubuntu', metric='cpu', subsystem=None)
Telemetry(timestamp='04.06.2023 10:26:58.756470', value='18.000000', node='ubuntu', metric='tx', subsystem='enp0s25')
Telemetry(timestamp='04.06.2023 10:26:58.756860', value='0.000000', node='ubuntu', metric='cpu', subsystem=None)
Telemetry(timestamp='04.06.2023 10:26:58.805965', value='1204084.000000', node='ubuntu', metric='ram', subsystem=None)
Telemetry(timestamp='04.06.2023 10:26:58.903409', value='8.000000', node='ubuntu', metric='rx', subsystem='enp0s25')
Telemetry(timestamp='04.06.2023 10:26:59.256923', value='1204084.000000', node='ubuntu', metric='ram', subsystem=None)
Telemetry(timestamp='04.06.2023 10:26:59.257193', value='1.515152', node='ubuntu', metric='cpu', subsystem=None)
Telemetry(timestamp='04.06.2023 10:26:59.305631', value='17.000000', node='ubuntu', metric='tx', subsystem='enp0s25')
Telemetry(timestamp='04.06.2023 10:26:59.306856', value='1.515152', node='ubuntu', metric='cpu', subsystem=None)
Telemetry(timestamp='04.06.2023 10:26:59.258117', value='17.000000', node='ubuntu', metric='tx', subsystem='enp0s25')
Telemetry(timestamp='04.06.2023 10:26:59.444394', value='7.000000', node='ubuntu', metric='rx', subsystem='enp0s25')
Telemetry(timestamp='04.06.2023 10:26:59.454955', value='7.000000', node='ubuntu', metric='rx', subsystem='enp0s25')
Telemetry(timestamp='04.06.2023 10:26:59.758239', value='10.101010', node='ubuntu', metric='cpu', subsystem=None)
Telemetry(timestamp='04.06.2023 10:26:59.758772', value='26.000000', node='ubuntu', metric='tx', subsystem='enp0s25')
Telemetry(timestamp='04.06.2023 10:26:59.804384', value='1204228.000000', node='ubuntu', metric='ram', subsystem=None)
Telemetry(timestamp='04.06.2023 10:26:59.804759', value='13.065327', node='ubuntu', metric='cpu', subsystem=None)
Telemetry(timestamp='04.06.2023 10:26:59.794141', value='276.000000', node='ubuntu', metric='rx', subsystem='enp0s25')
Telemetry(timestamp='04.06.2023 10:26:59.807010', value='34.000000', node='ubuntu', metric='tx', subsystem='enp0s25')
Telemetry(timestamp='04.06.2023 10:26:59.841359', value='419.000000', node='ubuntu', metric='rx', subsystem='enp0s25')
Telemetry(timestamp='04.06.2023 10:27:00.304394', value='16.326531', node='ubuntu', metric='cpu', subsystem=None)
Telemetry(timestamp='04.06.2023 10:27:00.256366', value='0.240000', node='ubuntu', metric='load1', subsystem=None)
Telemetry(timestamp='04.06.2023 10:27:00.256603', value='1204224.000000', node='ubuntu', metric='ram', subsystem=None)
Telemetry(timestamp='04.06.2023 10:27:00.305662', value='69.000000', node='ubuntu', metric='tx', subsystem='enp0s25')
Telemetry(timestamp='04.06.2023 10:27:00.257323', value='67.000000', node='ubuntu', metric='tx', subsystem='enp0s25')
Telemetry(timestamp='04.06.2023 10:27:00.257349', value='16.751269', node='ubuntu', metric='cpu', subsystem=None)
Telemetry(timestamp='04.06.2023 10:27:00.462039', value='2172.000000', node='ubuntu', metric='rx', subsystem='enp0s25')
Telemetry(timestamp='04.06.2023 10:27:00.443645', value='0.120000', node='ubuntu', metric='load5', subsystem=None)
Telemetry(timestamp='04.06.2023 10:27:00.466100', value='2096.000000', node='ubuntu', metric='rx', subsystem='enp0s25')
Telemetry(timestamp='04.06.2023 10:27:00.756995', value='29.842932', node='ubuntu', metric='cpu', subsystem=None)
Telemetry(timestamp='04.06.2023 10:27:00.757026', value='66.000000', node='ubuntu', metric='tx', subsystem='enp0s25')
Telemetry(timestamp='04.06.2023 10:27:00.777786', value='1908.000000', node='ubuntu', metric='rx', subsystem='enp0s25')
Telemetry(timestamp='04.06.2023 10:27:00.804906', value='60.000000', node='ubuntu', metric='tx', subsystem='enp0s25')
Telemetry(timestamp='04.06.2023 10:27:00.805056', value='1205204.000000', node='ubuntu', metric='ram', subsystem=None)
Telemetry(timestamp='04.06.2023 10:27:00.805248', value='27.368421', node='ubuntu', metric='cpu', subsystem=None)
Telemetry(timestamp='04.06.2023 10:27:00.833968', value='1770.000000', node='ubuntu', metric='rx', subsystem='enp0s25')
Telemetry(timestamp='04.06.2023 10:27:01.256530', value='0.000000', node='ubuntu', metric='cpu', subsystem=None)
Telemetry(timestamp='04.06.2023 10:27:01.304766', value='22.000000', node='ubuntu', metric='tx', subsystem='enp0s25')
Telemetry(timestamp='04.06.2023 10:27:01.256912', value='1205204.000000', node='ubuntu', metric='ram', subsystem=None)
Telemetry(timestamp='04.06.2023 10:27:01.257720', value='24.000000', node='ubuntu', metric='tx', subsystem='enp0s25')
Telemetry(timestamp='04.06.2023 10:27:01.305274', value='0.000000', node='ubuntu', metric='cpu', subsystem=None)
Telemetry(timestamp='04.06.2023 10:27:01.470045', value='10.000000', node='ubuntu', metric='rx', subsystem='enp0s25')
Telemetry(timestamp='04.06.2023 10:27:01.490523', value='88.000000', node='ubuntu', metric='rx', subsystem='enp0s25')
Telemetry(timestamp='04.06.2023 10:27:01.757163', value='17.000000', node='ubuntu', metric='tx', subsystem='enp0s25')
Telemetry(timestamp='04.06.2023 10:27:01.757281', value='0.507614', node='ubuntu', metric='cpu', subsystem=None)
Telemetry(timestamp='04.06.2023 10:27:01.996110', value='7.000000', node='ubuntu', metric='rx', subsystem='enp0s25')
Telemetry(timestamp='04.06.2023 10:27:01.805184', value='1205204.000000', node='ubuntu', metric='ram', subsystem=None)
Telemetry(timestamp='04.06.2023 10:27:01.805313', value='0.507614', node='ubuntu', metric='cpu', subsystem=None)
Telemetry(timestamp='04.06.2023 10:27:01.805647', value='0.240000', node='ubuntu', metric='load1', subsystem=None)
Telemetry(timestamp='04.06.2023 10:27:01.805749', value='14.000000', node='ubuntu', metric='tx', subsystem='enp0s25')
Telemetry(timestamp='04.06.2023 10:27:02.956502', value='0.120000', node='ubuntu', metric='load5', subsystem=None)
Telemetry(timestamp='04.06.2023 10:27:02.999549', value='6.000000', node='ubuntu', metric='rx', subsystem='enp0s25')
Telemetry(timestamp='04.06.2023 10:27:02.256984', value='1205204.000000', node='ubuntu', metric='ram', subsystem=None)
Telemetry(timestamp='04.06.2023 10:27:02.257469', value='17.000000', node='ubuntu', metric='tx', subsystem='enp0s25')
Telemetry(timestamp='04.06.2023 10:27:02.257819', value='5.181347', node='ubuntu', metric='cpu', subsystem=None)
Telemetry(timestamp='04.06.2023 10:27:02.304569', value='5.699482', node='ubuntu', metric='cpu', subsystem=None)
Telemetry(timestamp='04.06.2023 10:27:02.283152', value='8.000000', node='ubuntu', metric='rx', subsystem='enp0s25')
Telemetry(timestamp='04.06.2023 10:27:02.305279', value='20.000000', node='ubuntu', metric='tx', subsystem='enp0s25')
Telemetry(timestamp='04.06.2023 10:27:02.327310', value='9.000000', node='ubuntu', metric='rx', subsystem='enp0s25')
Telemetry(timestamp='04.06.2023 10:27:02.804157', value='1205068.000000', node='ubuntu', metric='ram', subsystem=None)
Telemetry(timestamp='04.06.2023 10:27:02.756678', value='14.948454', node='ubuntu', metric='cpu', subsystem=None)
Telemetry(timestamp='04.06.2023 10:27:02.804551', value='15.463918', node='ubuntu', metric='cpu', subsystem=None)
Telemetry(timestamp='04.06.2023 10:27:02.804842', value='40.000000', node='ubuntu', metric='tx', subsystem='enp0s25')
Telemetry(timestamp='04.06.2023 10:27:02.757993', value='35.000000', node='ubuntu', metric='tx', subsystem='enp0s25')
Telemetry(timestamp='04.06.2023 10:27:02.901493', value='978.000000', node='ubuntu', metric='rx', subsystem='enp0s25')
Telemetry(timestamp='04.06.2023 10:27:02.910764', value='767.000000', node='ubuntu', metric='rx', subsystem='enp0s25')
Telemetry(timestamp='04.06.2023 10:27:03.257219', value='21.465969', node='ubuntu', metric='cpu', subsystem=None)
Telemetry(timestamp='04.06.2023 10:27:03.257461', value='1209368.000000', node='ubuntu', metric='ram', subsystem=None)
Telemetry(timestamp='04.06.2023 10:27:03.258591', value='68.000000', node='ubuntu', metric='tx', subsystem='enp0s25')
Telemetry(timestamp='04.06.2023 10:27:03.305069', value='24.210526', node='ubuntu', metric='cpu', subsystem=None)
Telemetry(timestamp='04.06.2023 10:27:03.333318', value='2173.000000', node='ubuntu', metric='rx', subsystem='enp0s25')
Telemetry(timestamp='04.06.2023 10:27:03.305310', value='67.000000', node='ubuntu', metric='tx', subsystem='enp0s25')
Telemetry(timestamp='04.06.2023 10:27:03.366135', value='2173.000000', node='ubuntu', metric='rx', subsystem='enp0s25')
Telemetry(timestamp='04.06.2023 10:27:03.756994', value='52.000000', node='ubuntu', metric='tx', subsystem='enp0s25')
Telemetry(timestamp='04.06.2023 10:27:03.758142', value='22.680412', node='ubuntu', metric='cpu', subsystem=None)
Telemetry(timestamp='04.06.2023 10:27:03.805095', value='19.587629', node='ubuntu', metric='cpu', subsystem=None)
Telemetry(timestamp='04.06.2023 10:27:03.798732', value='1418.000000', node='ubuntu', metric='rx', subsystem='enp0s25')
Telemetry(timestamp='04.06.2023 10:27:03.805873', value='50.000000', node='ubuntu', metric='tx', subsystem='enp0s25')
Telemetry(timestamp='04.06.2023 10:27:03.806035', value='1202820.000000', node='ubuntu', metric='ram', subsystem=None)
Telemetry(timestamp='04.06.2023 10:27:03.841109', value='1208.000000', node='ubuntu', metric='rx', subsystem='enp0s25')
Telemetry(timestamp='04.06.2023 10:27:04.256582', value='2.538071', node='ubuntu', metric='cpu', subsystem=None)
Telemetry(timestamp='04.06.2023 10:27:04.257052', value='1202820.000000', node='ubuntu', metric='ram', subsystem=None)
Telemetry(timestamp='04.06.2023 10:27:04.258975', value='19.000000', node='ubuntu', metric='tx', subsystem='enp0s25')
Telemetry(timestamp='04.06.2023 10:27:04.305918', value='2.512563', node='ubuntu', metric='cpu', subsystem=None)
Telemetry(timestamp='04.06.2023 10:27:04.306162', value='17.000000', node='ubuntu', metric='tx', subsystem='enp0s25')
Telemetry(timestamp='04.06.2023 10:27:04.443651', value='9.000000', node='ubuntu', metric='rx', subsystem='enp0s25')
Telemetry(timestamp='04.06.2023 10:27:04.451329', value='8.000000', node='ubuntu', metric='rx', subsystem='enp0s25')
Telemetry(timestamp='04.06.2023 10:27:04.804319', value='1202820.000000', node='ubuntu', metric='ram', subsystem=None)
Telemetry(timestamp='04.06.2023 10:27:04.756788', value='16.000000', node='ubuntu', metric='tx', subsystem='enp0s25')
Telemetry(timestamp='04.06.2023 10:27:04.805222', value='1.507538', node='ubuntu', metric='cpu', subsystem=None)
Telemetry(timestamp='04.06.2023 10:27:04.757602', value='2.010050', node='ubuntu', metric='cpu', subsystem=None)
Telemetry(timestamp='04.06.2023 10:27:04.806762', value='14.000000', node='ubuntu', metric='tx', subsystem='enp0s25')
Telemetry(timestamp='04.06.2023 10:27:04.963176', value='7.000000', node='ubuntu', metric='rx', subsystem='enp0s25')
Telemetry(timestamp='04.06.2023 10:27:04.990815', value='6.000000', node='ubuntu', metric='rx', subsystem='enp0s25')
Telemetry(timestamp='04.06.2023 10:27:05.304790', value='3.553299', node='ubuntu', metric='cpu', subsystem=None)
Telemetry(timestamp='04.06.2023 10:27:05.256225', value='0.300000', node='ubuntu', metric='load1', subsystem=None)
Telemetry(timestamp='04.06.2023 10:27:05.256370', value='1202820.000000', node='ubuntu', metric='ram', subsystem=None)
Telemetry(timestamp='04.06.2023 10:27:05.257225', value='1.015228', node='ubuntu', metric='cpu', subsystem=None)
Telemetry(timestamp='04.06.2023 10:27:05.306359', value='17.000000', node='ubuntu', metric='tx', subsystem='enp0s25')
Telemetry(timestamp='04.06.2023 10:27:05.257934', value='17.000000', node='ubuntu', metric='tx', subsystem='enp0s25')
Telemetry(timestamp='04.06.2023 10:27:05.558454', value='0.140000', node='ubuntu', metric='load5', subsystem=None)
Telemetry(timestamp='04.06.2023 10:27:05.585200', value='7.000000', node='ubuntu', metric='rx', subsystem='enp0s25')
Telemetry(timestamp='04.06.2023 10:27:05.595264', value='7.000000', node='ubuntu', metric='rx', subsystem='enp0s25')
Telemetry(timestamp='04.06.2023 10:27:05.756255', value='17.553191', node='ubuntu', metric='cpu', subsystem=None)
Telemetry(timestamp='04.06.2023 10:27:05.758477', value='44.000000', node='ubuntu', metric='tx', subsystem='enp0s25')
Telemetry(timestamp='04.06.2023 10:27:05.780994', value='1070.000000', node='ubuntu', metric='rx', subsystem='enp0s25')
Telemetry(timestamp='04.06.2023 10:27:05.804924', value='48.000000', node='ubuntu', metric='tx', subsystem='enp0s25')
Telemetry(timestamp='04.06.2023 10:27:05.804957', value='18.085106', node='ubuntu', metric='cpu', subsystem=None)
Telemetry(timestamp='04.06.2023 10:27:05.805628', value='1203268.000000', node='ubuntu', metric='ram', subsystem=None)
Telemetry(timestamp='04.06.2023 10:27:05.808943', value='1193.000000', node='ubuntu', metric='rx', subsystem='enp0s25')
Telemetry(timestamp='04.06.2023 10:27:06.256329', value='1202768.000000', node='ubuntu', metric='ram', subsystem=None)
Telemetry(timestamp='04.06.2023 10:27:06.256869', value='25.263158', node='ubuntu', metric='cpu', subsystem=None)
Telemetry(timestamp='04.06.2023 10:27:06.256882', value='68.000000', node='ubuntu', metric='tx', subsystem='enp0s25')
Telemetry(timestamp='04.06.2023 10:27:06.305867', value='70.000000', node='ubuntu', metric='tx', subsystem='enp0s25')
Telemetry(timestamp='04.06.2023 10:27:06.306926', value='25.130890', node='ubuntu', metric='cpu', subsystem=None)
Telemetry(timestamp='04.06.2023 10:27:06.318479', value='2174.000000', node='ubuntu', metric='rx', subsystem='enp0s25')
Telemetry(timestamp='04.06.2023 10:27:06.341172', value='2176.000000', node='ubuntu', metric='rx', subsystem='enp0s25')
Telemetry(timestamp='04.06.2023 10:27:06.757053', value='11.675127', node='ubuntu', metric='cpu', subsystem=None)
Telemetry(timestamp='04.06.2023 10:27:06.758541', value='43.000000', node='ubuntu', metric='tx', subsystem='enp0s25')
Telemetry(timestamp='04.06.2023 10:27:06.804538', value='9.644670', node='ubuntu', metric='cpu', subsystem=None)
Telemetry(timestamp='04.06.2023 10:27:06.783767', value='1119.000000', node='ubuntu', metric='rx', subsystem='enp0s25')
Telemetry(timestamp='04.06.2023 10:27:06.805062', value='0.300000', node='ubuntu', metric='load1', subsystem=None)
Telemetry(timestamp='04.06.2023 10:27:06.805121', value='1207680.000000', node='ubuntu', metric='ram', subsystem=None)
Telemetry(timestamp='04.06.2023 10:27:06.806565', value='41.000000', node='ubuntu', metric='tx', subsystem='enp0s25')
Telemetry(timestamp='04.06.2023 10:27:06.821882', value='0.140000', node='ubuntu', metric='load5', subsystem=None)
Telemetry(timestamp='04.06.2023 10:27:06.834068', value='991.000000', node='ubuntu', metric='rx', subsystem='enp0s25')
Telemetry(timestamp='04.06.2023 10:27:07.256379', value='7.291667', node='ubuntu', metric='cpu', subsystem=None)
Telemetry(timestamp='04.06.2023 10:27:07.256389', value='1207932.000000', node='ubuntu', metric='ram', subsystem=None)
Telemetry(timestamp='04.06.2023 10:27:07.305168', value='18.000000', node='ubuntu', metric='tx', subsystem='enp0s25')
Telemetry(timestamp='04.06.2023 10:27:07.256810', value='19.000000', node='ubuntu', metric='tx', subsystem='enp0s25')
Telemetry(timestamp='04.06.2023 10:27:07.305306', value='6.250000', node='ubuntu', metric='cpu', subsystem=None)
Telemetry(timestamp='04.06.2023 10:27:07.316956', value='8.000000', node='ubuntu', metric='rx', subsystem='enp0s25')
Telemetry(timestamp='04.06.2023 10:27:07.321493', value='9.000000', node='ubuntu', metric='rx', subsystem='enp0s25')
Telemetry(timestamp='04.06.2023 10:27:07.756443', value='0.000000', node='ubuntu', metric='cpu', subsystem=None)
Telemetry(timestamp='04.06.2023 10:27:07.759658', value='17.000000', node='ubuntu', metric='tx', subsystem='enp0s25')
Telemetry(timestamp='04.06.2023 10:27:07.785405', value='8.000000', node='ubuntu', metric='rx', subsystem='enp0s25')
Telemetry(timestamp='04.06.2023 10:27:07.804729', value='1207932.000000', node='ubuntu', metric='ram', subsystem=None)
Telemetry(timestamp='04.06.2023 10:27:07.804821', value='18.000000', node='ubuntu', metric='tx', subsystem='enp0s25')
Telemetry(timestamp='04.06.2023 10:27:07.805749', value='0.000000', node='ubuntu', metric='cpu', subsystem=None)
Telemetry(timestamp='04.06.2023 10:27:07.814347', value='8.000000', node='ubuntu', metric='rx', subsystem='enp0s25')
Telemetry(timestamp='04.06.2023 10:27:08.256242', value='5.583756', node='ubuntu', metric='cpu', subsystem=None)
Telemetry(timestamp='04.06.2023 10:27:08.256438', value='1207932.000000', node='ubuntu', metric='ram', subsystem=None)
Telemetry(timestamp='04.06.2023 10:27:08.257296', value='17.000000', node='ubuntu', metric='tx', subsystem='enp0s25')
Telemetry(timestamp='04.06.2023 10:27:08.283916', value='8.000000', node='ubuntu', metric='rx', subsystem='enp0s25')
Telemetry(timestamp='04.06.2023 10:27:08.305750', value='7.070707', node='ubuntu', metric='cpu', subsystem=None)
Telemetry(timestamp='04.06.2023 10:27:08.306970', value='21.000000', node='ubuntu', metric='tx', subsystem='enp0s25')
Telemetry(timestamp='04.06.2023 10:27:08.383384', value='60.000000', node='ubuntu', metric='rx', subsystem='enp0s25')
Telemetry(timestamp='04.06.2023 10:27:08.756650', value='17.258883', node='ubuntu', metric='cpu', subsystem=None)
Telemetry(timestamp='04.06.2023 10:27:08.756951', value='54.000000', node='ubuntu', metric='tx', subsystem='enp0s25')
Telemetry(timestamp='04.06.2023 10:27:08.804810', value='17.435897', node='ubuntu', metric='cpu', subsystem=None)
Telemetry(timestamp='04.06.2023 10:27:08.805355', value='1207932.000000', node='ubuntu', metric='ram', subsystem=None)
Telemetry(timestamp='04.06.2023 10:27:08.784165', value='1651.000000', node='ubuntu', metric='rx', subsystem='enp0s25')
Telemetry(timestamp='04.06.2023 10:27:08.806920', value='57.000000', node='ubuntu', metric='tx', subsystem='enp0s25')
Telemetry(timestamp='04.06.2023 10:27:08.838120', value='1857.000000', node='ubuntu', metric='rx', subsystem='enp0s25')
Telemetry(timestamp='04.06.2023 10:27:09.255910', value='1121016.000000', node='ubuntu', metric='ram', subsystem=None)
Telemetry(timestamp='04.06.2023 10:27:09.304707', value='63.000000', node='ubuntu', metric='tx', subsystem='enp0s25')
Telemetry(timestamp='04.06.2023 10:27:09.304708', value='35.978836', node='ubuntu', metric='cpu', subsystem=None)
Telemetry(timestamp='04.06.2023 10:27:09.256757', value='68.000000', node='ubuntu', metric='tx', subsystem='enp0s25')
Telemetry(timestamp='04.06.2023 10:27:09.257890', value='35.638298', node='ubuntu', metric='cpu', subsystem=None)
Telemetry(timestamp='04.06.2023 10:27:09.500095', value='2173.000000', node='ubuntu', metric='rx', subsystem='enp0s25')
Telemetry(timestamp='04.06.2023 10:27:09.494690', value='2125.000000', node='ubuntu', metric='rx', subsystem='enp0s25')
Telemetry(timestamp='04.06.2023 10:27:09.804351', value='1120656.000000', node='ubuntu', metric='ram', subsystem=None)
Telemetry(timestamp='04.06.2023 10:27:09.804567', value='2.525253', node='ubuntu', metric='cpu', subsystem=None)
Telemetry(timestamp='04.06.2023 10:27:09.756216', value='4.568528', node='ubuntu', metric='cpu', subsystem=None)
Telemetry(timestamp='04.06.2023 10:27:09.758008', value='32.000000', node='ubuntu', metric='tx', subsystem='enp0s25')
Telemetry(timestamp='04.06.2023 10:27:09.805081', value='26.000000', node='ubuntu', metric='tx', subsystem='enp0s25')
Telemetry(timestamp='04.06.2023 10:27:09.973395', value='528.000000', node='ubuntu', metric='rx', subsystem='enp0s25')
Telemetry(timestamp='04.06.2023 10:27:09.980516', value='338.000000', node='ubuntu', metric='rx', subsystem='enp0s25')
Telemetry(timestamp='04.06.2023 10:27:10.304458', value='0.510204', node='ubuntu', metric='cpu', subsystem=None)
Telemetry(timestamp='04.06.2023 10:27:10.256100', value='0.350000', node='ubuntu', metric='load1', subsystem=None)
Telemetry(timestamp='04.06.2023 10:27:10.256242', value='0.510204', node='ubuntu', metric='cpu', subsystem=None)
Telemetry(timestamp='04.06.2023 10:27:10.305000', value='18.000000', node='ubuntu', metric='tx', subsystem='enp0s25')
Telemetry(timestamp='04.06.2023 10:27:10.256817', value='18.000000', node='ubuntu', metric='tx', subsystem='enp0s25')
Telemetry(timestamp='04.06.2023 10:27:10.257329', value='1120656.000000', node='ubuntu', metric='ram', subsystem=None)
Telemetry(timestamp='04.06.2023 10:27:10.476089', value='8.000000', node='ubuntu', metric='rx', subsystem='enp0s25')
Telemetry(timestamp='04.06.2023 10:27:10.468436', value='0.150000', node='ubuntu', metric='load5', subsystem=None)
Telemetry(timestamp='04.06.2023 10:27:10.487379', value='8.000000', node='ubuntu', metric='rx', subsystem='enp0s25')
Telemetry(timestamp='04.06.2023 10:27:10.804875', value='17.000000', node='ubuntu', metric='tx', subsystem='enp0s25')
Telemetry(timestamp='04.06.2023 10:27:10.805339', value='1.522843', node='ubuntu', metric='cpu', subsystem=None)
Telemetry(timestamp='04.06.2023 10:27:10.756716', value='1.522843', node='ubuntu', metric='cpu', subsystem=None)
Telemetry(timestamp='04.06.2023 10:27:10.756808', value='17.000000', node='ubuntu', metric='tx', subsystem='enp0s25')
Telemetry(timestamp='04.06.2023 10:27:10.806185', value='1120656.000000', node='ubuntu', metric='ram', subsystem=None)
Telemetry(timestamp='04.06.2023 10:27:10.874996', value='7.000000', node='ubuntu', metric='rx', subsystem='enp0s25')
Telemetry(timestamp='04.06.2023 10:27:10.902029', value='7.000000', node='ubuntu', metric='rx', subsystem='enp0s25')
Telemetry(timestamp='04.06.2023 10:27:11.256159', value='1120656.000000', node='ubuntu', metric='ram', subsystem=None)
Telemetry(timestamp='04.06.2023 10:27:11.306433', value='17.000000', node='ubuntu', metric='tx', subsystem='enp0s25')
Telemetry(timestamp='04.06.2023 10:27:11.256293', value='0.510204', node='ubuntu', metric='cpu', subsystem=None)
Telemetry(timestamp='04.06.2023 10:27:11.306569', value='1.015228', node='ubuntu', metric='cpu', subsystem=None)
Telemetry(timestamp='04.06.2023 10:27:11.257280', value='17.000000', node='ubuntu', metric='tx', subsystem='enp0s25')
Telemetry(timestamp='04.06.2023 10:27:11.397742', value='8.000000', node='ubuntu', metric='rx', subsystem='enp0s25')
Telemetry(timestamp='04.06.2023 10:27:11.414973', value='8.000000', node='ubuntu', metric='rx', subsystem='enp0s25')
Telemetry(timestamp='04.06.2023 10:27:11.756099', value='2.010050', node='ubuntu', metric='cpu', subsystem=None)
Telemetry(timestamp='04.06.2023 10:27:11.805144', value='1120656.000000', node='ubuntu', metric='ram', subsystem=None)
Telemetry(timestamp='04.06.2023 10:27:11.805265', value='0.350000', node='ubuntu', metric='load1', subsystem=None)
Telemetry(timestamp='04.06.2023 10:27:11.806446', value='17.000000', node='ubuntu', metric='tx', subsystem='enp0s25')
Telemetry(timestamp='04.06.2023 10:27:11.756845', value='17.000000', node='ubuntu', metric='tx', subsystem='enp0s25')
Telemetry(timestamp='04.06.2023 10:27:11.806641', value='1.522843', node='ubuntu', metric='cpu', subsystem=None)
Telemetry(timestamp='04.06.2023 10:27:11.950507', value='0.150000', node='ubuntu', metric='load5', subsystem=None)
Telemetry(timestamp='04.06.2023 10:27:12.207218', value='8.000000', node='ubuntu', metric='rx', subsystem='enp0s25')
Telemetry(timestamp='04.06.2023 10:27:12.170175', value='8.000000', node='ubuntu', metric='rx', subsystem='enp0s25')
Telemetry(timestamp='04.06.2023 10:27:12.257063', value='6.217617', node='ubuntu', metric='cpu', subsystem=None)
Telemetry(timestamp='04.06.2023 10:27:12.257102', value='17.000000', node='ubuntu', metric='tx', subsystem='enp0s25')
Telemetry(timestamp='04.06.2023 10:27:12.257305', value='1120656.000000', node='ubuntu', metric='ram', subsystem=None)
Telemetry(timestamp='04.06.2023 10:27:12.304945', value='6.250000', node='ubuntu', metric='cpu', subsystem=None)
Telemetry(timestamp='04.06.2023 10:27:12.284352', value='8.000000', node='ubuntu', metric='rx', subsystem='enp0s25')
Telemetry(timestamp='04.06.2023 10:27:12.307184', value='20.000000', node='ubuntu', metric='tx', subsystem='enp0s25')
Telemetry(timestamp='04.06.2023 10:27:12.372601', value='9.000000', node='ubuntu', metric='rx', subsystem='enp0s25')
Telemetry(timestamp='04.06.2023 10:27:12.804514', value='1120656.000000', node='ubuntu', metric='ram', subsystem=None)
Telemetry(timestamp='04.06.2023 10:27:12.756369', value='17.000000', node='ubuntu', metric='tx', subsystem='enp0s25')
Telemetry(timestamp='04.06.2023 10:27:12.804797', value='17.000000', node='ubuntu', metric='tx', subsystem='enp0s25')
Telemetry(timestamp='04.06.2023 10:27:12.805788', value='2.000000', node='ubuntu', metric='cpu', subsystem=None)
Telemetry(timestamp='04.06.2023 10:27:12.757498', value='2.020202', node='ubuntu', metric='cpu', subsystem=None)
Telemetry(timestamp='04.06.2023 10:27:12.925641', value='8.000000', node='ubuntu', metric='rx', subsystem='enp0s25')
Telemetry(timestamp='04.06.2023 10:27:12.941477', value='8.000000', node='ubuntu', metric='rx', subsystem='enp0s25')
Telemetry(timestamp='04.06.2023 10:27:13.256294', value='1120656.000000', node='ubuntu', metric='ram', subsystem=None)
Telemetry(timestamp='04.06.2023 10:27:13.257907', value='1.020408', node='ubuntu', metric='cpu', subsystem=None)
Telemetry(timestamp='04.06.2023 10:27:13.258156', value='17.000000', node='ubuntu', metric='tx', subsystem='enp0s25')