Telemetry(timestamp='03.06.2023 17:48:09.853628', value='10.000000', node='ubuntu', metric='tx', subsystem='enp0s25')
Telemetry(timestamp='03.06.2023 17:48:09.853845', value='1.507538', node='ubuntu', metric='cpu', subsystem=None)
Telemetry(timestamp='03.06.2023 17:48:10.897267', value='4.000000', node='ubuntu', metric='rx', subsystem='enp0s25')
Telemetry(timestamp='03.06.2023 17:48:10.352708', value='14.650000', node='ubuntu', metric='load1', subsystem=None)
Telemetry(timestamp='03.06.2023 17:48:10.352710', value='7.860000', node='ubuntu', metric='load5', subsystem=None)
Telemetry(timestamp='03.06.2023 17:48:10.354879', value='8.000000', node='ubuntu', metric='tx', subsystem='enp0s25')
Telemetry(timestamp='03.06.2023 17:48:10.354991', value='0.000000', node='ubuntu', metric='cpu', subsystem=None)
Telemetry(timestamp='03.06.2023 17:48:10.355193', value='1062708.000000', node='ubuntu', metric='ram', subsystem=None)
Telemetry(timestamp='03.06.2023 17:48:10.564406', value='3.000000', node='ubuntu', metric='rx', subsystem='enp0s25')
Telemetry(timestamp='03.06.2023 17:48:10.853214', value='1.015228', node='ubuntu', metric='cpu', subsystem=None)
Telemetry(timestamp='03.06.2023 17:48:10.855497', value='8.000000', node='ubuntu', metric='tx', subsystem='enp0s25')
Telemetry(timestamp='03.06.2023 17:48:11.205580', value='4.000000', node='ubuntu', metric='rx', subsystem='enp0s25')
Telemetry(timestamp='03.06.2023 17:48:11.354039', value='5.612245', node='ubuntu', metric='cpu', subsystem=None)
Telemetry(timestamp='03.06.2023 17:48:11.354318', value='1062660.000000', node='ubuntu', metric='ram', subsystem=None)
Telemetry(timestamp='03.06.2023 17:48:11.354668', value='8.000000', node='ubuntu', metric='tx', subsystem='enp0s25')
Telemetry(timestamp='03.06.2023 17:48:11.531070', value='4.000000', node='ubuntu', metric='rx', subsystem='enp0s25')
Telemetry(timestamp='03.06.2023 17:48:11.853681', value='0.505051', node='ubuntu', metric='cpu', subsystem=None)
Telemetry(timestamp='03.06.2023 17:48:11.853931', value='8.000000', node='ubuntu', metric='tx', subsystem='enp0s25')
Telemetry(timestamp='03.06.2023 17:48:12.428782', value='3.000000', node='ubuntu', metric='rx', subsystem='enp0s25')
Telemetry(timestamp='03.06.2023 17:48:12.353225', value='1.000000', node='ubuntu', metric='cpu', subsystem=None)
Telemetry(timestamp='03.06.2023 17:48:12.353938', value='1062660.000000', node='ubuntu', metric='ram', subsystem=None)
Telemetry(timestamp='03.06.2023 17:48:12.354254', value='8.000000', node='ubuntu', metric='tx', subsystem='enp0s25')
Telemetry(timestamp='03.06.2023 17:48:12.386039', value='3.000000', node='ubuntu', metric='rx', subsystem='enp0s25')
Telemetry(timestamp='03.06.2023 17:48:12.853622', value='1.010101', node='ubuntu', metric='cpu', subsystem=None)
Telemetry(timestamp='03.06.2023 17:48:12.854259', value='9.000000', node='ubuntu', metric='tx', subsystem='enp0s25')
Telemetry(timestamp='03.06.2023 17:48:12.897675', value='4.000000', node='ubuntu', metric='rx', subsystem='enp0s25')
Telemetry(timestamp='03.06.2023 17:48:13.353117', value='1.005025', node='ubuntu', metric='cpu', subsystem=None)
Telemetry(timestamp='03.06.2023 17:48:13.354598', value='9.000000', node='ubuntu', metric='tx', subsystem='enp0s25')
Telemetry(timestamp='03.06.2023 17:48:13.354709', value='1062660.000000', node='ubuntu', metric='ram', subsystem=None)
Telemetry(timestamp='03.06.2023 17:48:13.590497', value='4.000000', node='ubuntu', metric='rx', subsystem='enp0s25')
Telemetry(timestamp='03.06.2023 17:48:13.853461', value='8.000000', node='ubuntu', metric='tx', subsystem='enp0s25')
Telemetry(timestamp='03.06.2023 17:48:13.853551', value='1.500000', node='ubuntu', metric='cpu', subsystem=None)
Telemetry(timestamp='03.06.2023 17:48:13.980113', value='4.000000', node='ubuntu', metric='rx', subsystem='enp0s25')
Telemetry(timestamp='03.06.2023 17:48:14.353293', value='0.000000', node='ubuntu', metric='cpu', subsystem=None)
Telemetry(timestamp='03.06.2023 17:48:14.353447', value='1062660.000000', node='ubuntu', metric='ram', subsystem=None)
Telemetry(timestamp='03.06.2023 17:48:14.355507', value='8.000000', node='ubuntu', metric='tx', subsystem='enp0s25')
Telemetry(timestamp='03.06.2023 17:48:14.508107', value='4.000000', node='ubuntu', metric='rx', subsystem='enp0s25')
Telemetry(timestamp='03.06.2023 17:48:14.853269', value='0.000000', node='ubuntu', metric='cpu', subsystem=None)
Telemetry(timestamp='03.06.2023 17:48:14.853847', value='8.000000', node='ubuntu', metric='tx', subsystem='enp0s25')
Telemetry(timestamp='03.06.2023 17:48:14.869458', value='4.000000', node='ubuntu', metric='rx', subsystem='enp0s25')
Telemetry(timestamp='03.06.2023 17:48:15.353648', value='0.000000', node='ubuntu', metric='cpu', subsystem=None)
Telemetry(timestamp='03.06.2023 17:48:15.353868', value='13.470000', node='ubuntu', metric='load1', subsystem=None)
Telemetry(timestamp='03.06.2023 17:48:15.353909', value='8.000000', node='ubuntu', metric='tx', subsystem='enp0s25')
Telemetry(timestamp='03.06.2023 17:48:15.354347', value='1062660.000000', node='ubuntu', metric='ram', subsystem=None)
Telemetry(timestamp='03.06.2023 17:48:15.524640', value='7.730000', node='ubuntu', metric='load5', subsystem=None)
Telemetry(timestamp='03.06.2023 17:48:15.526831', value='4.000000', node='ubuntu', metric='rx', subsystem='enp0s25')
Telemetry(timestamp='03.06.2023 17:48:15.853913', value='9.000000', node='ubuntu', metric='tx', subsystem='enp0s25')
Telemetry(timestamp='03.06.2023 17:48:15.855616', value='1.980198', node='ubuntu', metric='cpu', subsystem=None)
Telemetry(timestamp='03.06.2023 17:48:15.874855', value='4.000000', node='ubuntu', metric='rx', subsystem='enp0s25')
Telemetry(timestamp='03.06.2023 17:48:16.353518', value='1062660.000000', node='ubuntu', metric='ram', subsystem=None)
Telemetry(timestamp='03.06.2023 17:48:16.353659', value='5.641026', node='ubuntu', metric='cpu', subsystem=None)
Telemetry(timestamp='03.06.2023 17:48:16.355285', value='8.000000', node='ubuntu', metric='tx', subsystem='enp0s25')
Telemetry(timestamp='03.06.2023 17:48:16.549479', value='4.000000', node='ubuntu', metric='rx', subsystem='enp0s25')
Telemetry(timestamp='03.06.2023 17:48:16.853191', value='0.505051', node='ubuntu', metric='cpu', subsystem=None)
Telemetry(timestamp='03.06.2023 17:48:16.854809', value='8.000000', node='ubuntu', metric='tx', subsystem='enp0s25')
Telemetry(timestamp='03.06.2023 17:48:17.598501', value='3.000000', node='ubuntu', metric='rx', subsystem='enp0s25')
Telemetry(timestamp='03.06.2023 17:48:17.353112', value='1.000000', node='ubuntu', metric='cpu', subsystem=None)
Telemetry(timestamp='03.06.2023 17:48:17.353733', value='8.000000', node='ubuntu', metric='tx', subsystem='enp0s25')
Telemetry(timestamp='03.06.2023 17:48:17.353835', value='1062660.000000', node='ubuntu', metric='ram', subsystem=None)
Telemetry(timestamp='03.06.2023 17:48:17.573317', value='4.000000', node='ubuntu', metric='rx', subsystem='enp0s25')
Telemetry(timestamp='03.06.2023 17:48:17.853455', value='8.000000', node='ubuntu', metric='tx', subsystem='enp0s25')
Telemetry(timestamp='03.06.2023 17:48:17.854198', value='1.500000', node='ubuntu', metric='cpu', subsystem=None)
Telemetry(timestamp='03.06.2023 17:48:17.862495', value='4.000000', node='ubuntu', metric='rx', subsystem='enp0s25')
Telemetry(timestamp='03.06.2023 17:48:18.353519', value='0.000000', node='ubuntu', metric='cpu', subsystem=None)
Telemetry(timestamp='03.06.2023 17:48:18.353743', value='1062660.000000', node='ubuntu', metric='ram', subsystem=None)
Telemetry(timestamp='03.06.2023 17:48:18.354987', value='8.000000', node='ubuntu', metric='tx', subsystem='enp0s25')
Telemetry(timestamp='03.06.2023 17:48:18.378804', value='3.000000', node='ubuntu', metric='rx', subsystem='enp0s25')
Telemetry(timestamp='03.06.2023 17:48:18.853026', value='1.492537', node='ubuntu', metric='cpu', subsystem=None)
Telemetry(timestamp='03.06.2023 17:48:18.854942', value='8.000000', node='ubuntu', metric='tx', subsystem='enp0s25')
Telemetry(timestamp='03.06.2023 17:48:19.391812', value='3.000000', node='ubuntu', metric='rx', subsystem='enp0s25')
Telemetry(timestamp='03.06.2023 17:48:19.353458', value='1.000000', node='ubuntu', metric='cpu', subsystem=None)
Telemetry(timestamp='03.06.2023 17:48:19.353534', value='8.000000', node='ubuntu', metric='tx', subsystem='enp0s25')
Telemetry(timestamp='03.06.2023 17:48:19.354203', value='1062660.000000', node='ubuntu', metric='ram', subsystem=None)
Telemetry(timestamp='03.06.2023 17:48:19.501430', value='3.000000', node='ubuntu', metric='rx', subsystem='enp0s25')
Telemetry(timestamp='03.06.2023 17:48:19.853543', value='8.000000', node='ubuntu', metric='tx', subsystem='enp0s25')
Telemetry(timestamp='03.06.2023 17:48:19.853547', value='3.000000', node='ubuntu', metric='rx', subsystem='enp0s25')
Telemetry(timestamp='03.06.2023 17:48:19.854337', value='1.500000', node='ubuntu', metric='cpu', subsystem=None)
Telemetry(timestamp='03.06.2023 17:48:20.352537', value='12.390000', node='ubuntu', metric='load1', subsystem=None)
Telemetry(timestamp='03.06.2023 17:48:20.352540', value='7.600000', node='ubuntu', metric='load5', subsystem=None)
Telemetry(timestamp='03.06.2023 17:48:20.353519', value='1062648.000000', node='ubuntu', metric='ram', subsystem=None)
Telemetry(timestamp='03.06.2023 17:48:20.353770', value='0.505051', node='ubuntu', metric='cpu', subsystem=None)
Telemetry(timestamp='03.06.2023 17:48:20.355132', value='8.000000', node='ubuntu', metric='tx', subsystem='enp0s25')
Telemetry(timestamp='03.06.2023 17:48:20.549444', value='3.000000', node='ubuntu', metric='rx', subsystem='enp0s25')
Telemetry(timestamp='03.06.2023 17:48:20.852845', value='1.005025', node='ubuntu', metric='cpu', subsystem=None)
Telemetry(timestamp='03.06.2023 17:48:20.854822', value='8.000000', node='ubuntu', metric='tx', subsystem='enp0s25')
Telemetry(timestamp='03.06.2023 17:48:21.424775', value='3.000000', node='ubuntu', metric='rx', subsystem='enp0s25')
Telemetry(timestamp='03.06.2023 17:48:21.353605', value='6.060606', node='ubuntu', metric='cpu', subsystem=None)
Telemetry(timestamp='03.06.2023 17:48:21.353878', value='8.000000', node='ubuntu', metric='tx', subsystem='enp0s25')
Telemetry(timestamp='03.06.2023 17:48:21.354734', value='1062648.000000', node='ubuntu', metric='ram', subsystem=None)
Telemetry(timestamp='03.06.2023 17:48:21.568802', value='4.000000', node='ubuntu', metric='rx', subsystem='enp0s25')
Telemetry(timestamp='03.06.2023 17:48:21.853639', value='8.000000', node='ubuntu', metric='tx', subsystem='enp0s25')
Telemetry(timestamp='03.06.2023 17:48:21.853643', value='3.000000', node='ubuntu', metric='rx', subsystem='enp0s25')
Telemetry(timestamp='03.06.2023 17:48:21.854792', value='2.955665', node='ubuntu', metric='cpu', subsystem=None)
Telemetry(timestamp='03.06.2023 17:48:22.353744', value='1062648.000000', node='ubuntu', metric='ram', subsystem=None)
Telemetry(timestamp='03.06.2023 17:48:22.354895', value='8.000000', node='ubuntu', metric='tx', subsystem='enp0s25')
Telemetry(timestamp='03.06.2023 17:48:22.355215', value='1.492537', node='ubuntu', metric='cpu', subsystem=None)
Telemetry(timestamp='03.06.2023 17:48:22.483353', value='3.000000', node='ubuntu', metric='rx', subsystem='enp0s25')
Telemetry(timestamp='03.06.2023 17:48:22.853082', value='0.000000', node='ubuntu', metric='cpu', subsystem=None)
Telemetry(timestamp='03.06.2023 17:48:22.855063', value='8.000000', node='ubuntu', metric='tx', subsystem='enp0s25')
Telemetry(timestamp='03.06.2023 17:48:23.820366', value='3.000000', node='ubuntu', metric='rx', subsystem='enp0s25')
Telemetry(timestamp='03.06.2023 17:48:23.353390', value='1.990050', node='ubuntu', metric='cpu', subsystem=None)
Telemetry(timestamp='03.06.2023 17:48:23.353634', value='10.000000', node='ubuntu', metric='tx', subsystem='enp0s25')
Telemetry(timestamp='03.06.2023 17:48:23.353841', value='1062648.000000', node='ubuntu', metric='ram', subsystem=None)
Telemetry(timestamp='03.06.2023 17:48:23.398514', value='5.000000', node='ubuntu', metric='rx', subsystem='enp0s25')
Telemetry(timestamp='03.06.2023 17:48:23.853689', value='11.000000', node='ubuntu', metric='tx', subsystem='enp0s25')
Telemetry(timestamp='03.06.2023 17:48:23.853953', value='0.505051', node='ubuntu', metric='cpu', subsystem=None)
Telemetry(timestamp='03.06.2023 17:48:24.109858', value='6.000000', node='ubuntu', metric='rx', subsystem='enp0s25')
Telemetry(timestamp='03.06.2023 17:48:24.353589', value='1.000000', node='ubuntu', metric='cpu', subsystem=None)
Telemetry(timestamp='03.06.2023 17:48:24.353879', value='1062640.000000', node='ubuntu', metric='ram', subsystem=None)
Telemetry(timestamp='03.06.2023 17:48:24.354631', value='8.000000', node='ubuntu', metric='tx', subsystem='enp0s25')
Telemetry(timestamp='03.06.2023 17:48:24.535659', value='4.000000', node='ubuntu', metric='rx', subsystem='enp0s25')
Telemetry(timestamp='03.06.2023 17:48:24.856820', value='8.000000', node='ubuntu', metric='tx', subsystem='enp0s25')
Telemetry(timestamp='03.06.2023 17:48:24.857007', value='30.845771', node='ubuntu', metric='cpu', subsystem=None)
Telemetry(timestamp='03.06.2023 17:48:24.884514', value='4.000000', node='ubuntu', metric='rx', subsystem='enp0s25')
Telemetry(timestamp='03.06.2023 17:48:25.352968', value='1422864.000000', node='ubuntu', metric='ram', subsystem=None)
Telemetry(timestamp='03.06.2023 17:48:25.353071', value='11.400000', node='ubuntu', metric='load1', subsystem=None)
Telemetry(timestamp='03.06.2023 17:48:25.353595', value='100.000000', node='ubuntu', metric='cpu', subsystem=None)
Telemetry(timestamp='03.06.2023 17:48:25.353860', value='8.000000', node='ubuntu', metric='tx', subsystem='enp0s25')
Telemetry(timestamp='03.06.2023 17:48:25.549668', value='7.470000', node='ubuntu', metric='load5', subsystem=None)
Telemetry(timestamp='03.06.2023 17:48:25.569320', value='4.000000', node='ubuntu', metric='rx', subsystem='enp0s25')
Telemetry(timestamp='03.06.2023 17:48:25.853605', value='9.000000', node='ubuntu', metric='tx', subsystem='enp0s25')
Telemetry(timestamp='03.06.2023 17:48:25.853701', value='100.000000', node='ubuntu', metric='cpu', subsystem=None)
Telemetry(timestamp='03.06.2023 17:48:26.117289', value='4.000000', node='ubuntu', metric='rx', subsystem='enp0s25')
Telemetry(timestamp='03.06.2023 17:48:26.353416', value='8.000000', node='ubuntu', metric='tx', subsystem='enp0s25')
Telemetry(timestamp='03.06.2023 17:48:26.354983', value='2051392.000000', node='ubuntu', metric='ram', subsystem=None)
Telemetry(timestamp='03.06.2023 17:48:26.355685', value='100.000000', node='ubuntu', metric='cpu', subsystem=None)
Telemetry(timestamp='03.06.2023 17:48:26.563825', value='4.000000', node='ubuntu', metric='rx', subsystem='enp0s25')
Telemetry(timestamp='03.06.2023 17:48:26.853847', value='9.000000', node='ubuntu', metric='tx', subsystem='enp0s25')
Telemetry(timestamp='03.06.2023 17:48:26.856802', value='100.000000', node='ubuntu', metric='cpu', subsystem=None)
Telemetry(timestamp='03.06.2023 17:48:27.662741', value='3.000000', node='ubuntu', metric='rx', subsystem='enp0s25')
Telemetry(timestamp='03.06.2023 17:48:27.353081', value='2486384.000000', node='ubuntu', metric='ram', subsystem=None)
Telemetry(timestamp='03.06.2023 17:48:27.361346', value='100.000000', node='ubuntu', metric='cpu', subsystem=None)
Telemetry(timestamp='03.06.2023 17:48:27.361385', value='10.000000', node='ubuntu', metric='tx', subsystem='enp0s25')
Telemetry(timestamp='03.06.2023 17:48:27.522774', value='4.000000', node='ubuntu', metric='rx', subsystem='enp0s25')
Telemetry(timestamp='03.06.2023 17:48:27.852919', value='100.000000', node='ubuntu', metric='cpu', subsystem=None)
Telemetry(timestamp='03.06.2023 17:48:27.853456', value='9.000000', node='ubuntu', metric='tx', subsystem='enp0s25')
Telemetry(timestamp='03.06.2023 17:48:27.883109', value='4.000000', node='ubuntu', metric='rx', subsystem='enp0s25')
Telemetry(timestamp='03.06.2023 17:48:28.353222', value='100.000000', node='ubuntu', metric='cpu', subsystem=None)
Telemetry(timestamp='03.06.2023 17:48:28.354500', value='2881376.000000', node='ubuntu', metric='ram', subsystem=None)
Telemetry(timestamp='03.06.2023 17:48:28.354883', value='8.000000', node='ubuntu', metric='tx', subsystem='enp0s25')
Telemetry(timestamp='03.06.2023 17:48:28.456062', value='4.000000', node='ubuntu', metric='rx', subsystem='enp0s25')
Telemetry(timestamp='03.06.2023 17:48:28.858363', value='100.000000', node='ubuntu', metric='cpu', subsystem=None)
Telemetry(timestamp='03.06.2023 17:48:28.859229', value='9.000000', node='ubuntu', metric='tx', subsystem='enp0s25')
Telemetry(timestamp='03.06.2023 17:48:29.647162', value='4.000000', node='ubuntu', metric='rx', subsystem='enp0s25')
Telemetry(timestamp='03.06.2023 17:48:29.356836', value='8.000000', node='ubuntu', metric='tx', subsystem='enp0s25')
Telemetry(timestamp='03.06.2023 17:48:29.358788', value='3246976.000000', node='ubuntu', metric='ram', subsystem=None)
Telemetry(timestamp='03.06.2023 17:48:29.358861', value='100.000000', node='ubuntu', metric='cpu', subsystem=None)
Telemetry(timestamp='03.06.2023 17:48:29.550071', value='4.000000', node='ubuntu', metric='rx', subsystem='enp0s25')
Telemetry(timestamp='03.06.2023 17:48:29.854029', value='10.000000', node='ubuntu', metric='tx', subsystem='enp0s25')
Telemetry(timestamp='03.06.2023 17:48:29.858217', value='100.000000', node='ubuntu', metric='cpu', subsystem=None)
Telemetry(timestamp='03.06.2023 17:48:29.867706', value='4.000000', node='ubuntu', metric='rx', subsystem='enp0s25')
Telemetry(timestamp='03.06.2023 17:48:30.360027', value='3757884.000000', node='ubuntu', metric='ram', subsystem=None)
Telemetry(timestamp='03.06.2023 17:48:30.360314', value='42.600000', node='ubuntu', metric='load1', subsystem=None)
Telemetry(timestamp='03.06.2023 17:48:30.360513', value='10.000000', node='ubuntu', metric='tx', subsystem='enp0s25')
Telemetry(timestamp='03.06.2023 17:48:30.361292', value='100.000000', node='ubuntu', metric='cpu', subsystem=None)
Telemetry(timestamp='03.06.2023 17:48:30.598667', value='14.010000', node='ubuntu', metric='load5', subsystem=None)
Telemetry(timestamp='03.06.2023 17:48:30.610348', value='4.000000', node='ubuntu', metric='rx', subsystem='enp0s25')
Telemetry(timestamp='03.06.2023 17:48:30.854352', value='9.000000', node='ubuntu', metric='tx', subsystem='enp0s25')
Telemetry(timestamp='03.06.2023 17:48:30.861145', value='100.000000', node='ubuntu', metric='cpu', subsystem=None)
Telemetry(timestamp='03.06.2023 17:48:31.231370', value='4.000000', node='ubuntu', metric='rx', subsystem='enp0s25')
Telemetry(timestamp='03.06.2023 17:48:31.353932', value='3971168.000000', node='ubuntu', metric='ram', subsystem=None)
Telemetry(timestamp='03.06.2023 17:48:31.354779', value='100.000000', node='ubuntu', metric='cpu', subsystem=None)
Telemetry(timestamp='03.06.2023 17:48:31.361624', value='11.000000', node='ubuntu', metric='tx', subsystem='enp0s25')
Telemetry(timestamp='03.06.2023 17:48:31.397514', value='5.000000', node='ubuntu', metric='rx', subsystem='enp0s25')
Telemetry(timestamp='03.06.2023 17:48:31.853244', value='100.000000', node='ubuntu', metric='cpu', subsystem=None)
Telemetry(timestamp='03.06.2023 17:48:31.853863', value='13.000000', node='ubuntu', metric='tx', subsystem='enp0s25')
Telemetry(timestamp='03.06.2023 17:48:31.912906', value='6.000000', node='ubuntu', metric='rx', subsystem='enp0s25')
Telemetry(timestamp='03.06.2023 17:48:32.359015', value='4084352.000000', node='ubuntu', metric='ram', subsystem=None)
Telemetry(timestamp='03.06.2023 17:48:32.359111', value='100.000000', node='ubuntu', metric='cpu', subsystem=None)
Telemetry(timestamp='03.06.2023 17:48:32.359289', value='13.000000', node='ubuntu', metric='tx', subsystem='enp0s25')
Telemetry(timestamp='03.06.2023 17:48:32.385627', value='6.000000', node='ubuntu', metric='rx', subsystem='enp0s25')
Telemetry(timestamp='03.06.2023 17:48:32.852973', value='12.000000', node='ubuntu', metric='tx', subsystem='enp0s25')
Telemetry(timestamp='03.06.2023 17:48:32.860030', value='100.000000', node='ubuntu', metric='cpu', subsystem=None)
Telemetry(timestamp='03.06.2023 17:48:33.346608', value='5.000000', node='ubuntu', metric='rx', subsystem='enp0s25')
Telemetry(timestamp='03.06.2023 17:48:33.352572', value='100.000000', node='ubuntu', metric='cpu', subsystem=None)
Telemetry(timestamp='03.06.2023 17:48:33.353801', value='4155692.000000', node='ubuntu', metric='ram', subsystem=None)
Telemetry(timestamp='03.06.2023 17:48:33.360846', value='15.000000', node='ubuntu', metric='tx', subsystem='enp0s25')
Telemetry(timestamp='03.06.2023 17:48:33.401242', value='7.000000', node='ubuntu', metric='rx', subsystem='enp0s25')
Telemetry(timestamp='03.06.2023 17:48:33.854155', value='21.000000', node='ubuntu', metric='tx', subsystem='enp0s25')
Telemetry(timestamp='03.06.2023 17:48:33.854442', value='100.000000', node='ubuntu', metric='cpu', subsystem=None)
Telemetry(timestamp='03.06.2023 17:48:33.880468', value='9.000000', node='ubuntu', metric='rx', subsystem='enp0s25')
Telemetry(timestamp='03.06.2023 17:48:34.359935', value='4275804.000000', node='ubuntu', metric='ram', subsystem=None)
Telemetry(timestamp='03.06.2023 17:48:34.360014', value='100.000000', node='ubuntu', metric='cpu', subsystem=None)
Telemetry(timestamp='03.06.2023 17:48:34.360148', value='23.000000', node='ubuntu', metric='tx', subsystem='enp0s25')
Telemetry(timestamp='03.06.2023 17:48:34.601122', value='10.000000', node='ubuntu', metric='rx', subsystem='enp0s25')
Telemetry(timestamp='03.06.2023 17:48:34.854068', value='17.000000', node='ubuntu', metric='tx', subsystem='enp0s25')
Telemetry(timestamp='03.06.2023 17:48:34.860303', value='100.000000', node='ubuntu', metric='cpu', subsystem=None)
Telemetry(timestamp='03.06.2023 17:48:34.879342', value='7.000000', node='ubuntu', metric='rx', subsystem='enp0s25')
Telemetry(timestamp='03.06.2023 17:48:35.355649', value='42.550000', node='ubuntu', metric='load1', subsystem=None)
Telemetry(timestamp='03.06.2023 17:48:35.355651', value='14.470000', node='ubuntu', metric='load5', subsystem=None)
Telemetry(timestamp='03.06.2023 17:48:35.357644', value='4479980.000000', node='ubuntu', metric='ram', subsystem=None)
Telemetry(timestamp='03.06.2023 17:48:35.357743', value='100.000000', node='ubuntu', metric='cpu', subsystem=None)
Telemetry(timestamp='03.06.2023 17:48:35.363810', value='10.000000', node='ubuntu', metric='tx', subsystem='enp0s25')
Telemetry(timestamp='03.06.2023 17:48:35.498431', value='4.000000', node='ubuntu', metric='rx', subsystem='enp0s25')
Telemetry(timestamp='03.06.2023 17:48:35.855948', value='8.000000', node='ubuntu', metric='tx', subsystem='enp0s25')
Telemetry(timestamp='03.06.2023 17:48:35.861571', value='100.000000', node='ubuntu', metric='cpu', subsystem=None)
Telemetry(timestamp='03.06.2023 17:48:36.936335', value='4.000000', node='ubuntu', metric='rx', subsystem='enp0s25')
Telemetry(timestamp='03.06.2023 17:48:36.355747', value='4662568.000000', node='ubuntu', metric='ram', subsystem=None)
Telemetry(timestamp='03.06.2023 17:48:36.355824', value='100.000000', node='ubuntu', metric='cpu', subsystem=None)
Telemetry(timestamp='03.06.2023 17:48:36.356453', value='9.000000', node='ubuntu', metric='tx', subsystem='enp0s25')
Telemetry(timestamp='03.06.2023 17:48:36.544017', value='4.000000', node='ubuntu', metric='rx', subsystem='enp0s25')
Telemetry(timestamp='03.06.2023 17:48:36.856424', value='9.000000', node='ubuntu', metric='tx', subsystem='enp0s25')
Telemetry(timestamp='03.06.2023 17:48:36.856592', value='100.000000', node='ubuntu', metric='cpu', subsystem=None)
Telemetry(timestamp='03.06.2023 17:48:37.567500', value='4.000000', node='ubuntu', metric='rx', subsystem='enp0s25')
Telemetry(timestamp='03.06.2023 17:48:37.353630', value='11.000000', node='ubuntu', metric='tx', subsystem='enp0s25')
Telemetry(timestamp='03.06.2023 17:48:37.354935', value='4856144.000000', node='ubuntu', metric='ram', subsystem=None)
Telemetry(timestamp='03.06.2023 17:48:37.355642', value='100.000000', node='ubuntu', metric='cpu', subsystem=None)
Telemetry(timestamp='03.06.2023 17:48:37.527617', value='5.000000', node='ubuntu', metric='rx', subsystem='enp0s25')
Telemetry(timestamp='03.06.2023 17:48:37.854211', value='14.000000', node='ubuntu', metric='tx', subsystem='enp0s25')
Telemetry(timestamp='03.06.2023 17:48:37.854330', value='100.000000', node='ubuntu', metric='cpu', subsystem=None)
Telemetry(timestamp='03.06.2023 17:48:37.865987', value='7.000000', node='ubuntu', metric='rx', subsystem='enp0s25')
Telemetry(timestamp='03.06.2023 17:48:38.354316', value='5043996.000000', node='ubuntu', metric='ram', subsystem=None)
Telemetry(timestamp='03.06.2023 17:48:38.355713', value='100.000000', node='ubuntu', metric='cpu', subsystem=None)
Telemetry(timestamp='03.06.2023 17:48:38.355860', value='16.000000', node='ubuntu', metric='tx', subsystem='enp0s25')
Telemetry(timestamp='03.06.2023 17:48:38.483895', value='6.000000', node='ubuntu', metric='rx', subsystem='enp0s25')
Telemetry(timestamp='03.06.2023 17:48:38.854540', value='100.000000', node='ubuntu', metric='cpu', subsystem=None)
Telemetry(timestamp='03.06.2023 17:48:38.854702', value='12.000000', node='ubuntu', metric='tx', subsystem='enp0s25')
Telemetry(timestamp='03.06.2023 17:48:39.857627', value='6.000000', node='ubuntu', metric='rx', subsystem='enp0s25')
Telemetry(timestamp='03.06.2023 17:48:39.353737', value='100.000000', node='ubuntu', metric='cpu', subsystem=None)
Telemetry(timestamp='03.06.2023 17:48:39.355076', value='5174304.000000', node='ubuntu', metric='ram', subsystem=None)
Telemetry(timestamp='03.06.2023 17:48:39.357535', value='10.000000', node='ubuntu', metric='tx', subsystem='enp0s25')
Telemetry(timestamp='03.06.2023 17:48:39.493440', value='5.000000', node='ubuntu', metric='rx', subsystem='enp0s25')
Telemetry(timestamp='03.06.2023 17:48:39.853236', value='10.000000', node='ubuntu', metric='tx', subsystem='enp0s25')
Telemetry(timestamp='03.06.2023 17:48:39.856225', value='100.000000', node='ubuntu', metric='cpu', subsystem=None)
Telemetry(timestamp='03.06.2023 17:48:39.988852', value='5.000000', node='ubuntu', metric='rx', subsystem='enp0s25')
Telemetry(timestamp='03.06.2023 17:48:40.352586', value='48.350000', node='ubuntu', metric='load1', subsystem=None)
Telemetry(timestamp='03.06.2023 17:48:40.354184', value='100.000000', node='ubuntu', metric='cpu', subsystem=None)
Telemetry(timestamp='03.06.2023 17:48:40.354315', value='5301616.000000', node='ubuntu', metric='ram', subsystem=None)
Telemetry(timestamp='03.06.2023 17:48:40.354721', value='9.000000', node='ubuntu', metric='tx', subsystem='enp0s25')
Telemetry(timestamp='03.06.2023 17:48:40.360112', value='16.140000', node='ubuntu', metric='load5', subsystem=None)
Telemetry(timestamp='03.06.2023 17:48:40.382906', value='4.000000', node='ubuntu', metric='rx', subsystem='enp0s25')
Telemetry(timestamp='03.06.2023 17:48:40.854236', value='9.000000', node='ubuntu', metric='tx', subsystem='enp0s25')
Telemetry(timestamp='03.06.2023 17:48:40.854477', value='100.000000', node='ubuntu', metric='cpu', subsystem=None)
Telemetry(timestamp='03.06.2023 17:48:40.926814', value='4.000000', node='ubuntu', metric='rx', subsystem='enp0s25')
Telemetry(timestamp='03.06.2023 17:48:41.353504', value='10.000000', node='ubuntu', metric='tx', subsystem='enp0s25')
Telemetry(timestamp='03.06.2023 17:48:41.354753', value='100.000000', node='ubuntu', metric='cpu', subsystem=None)
Telemetry(timestamp='03.06.2023 17:48:41.354940', value='5373100.000000', node='ubuntu', metric='ram', subsystem=None)
Telemetry(timestamp='03.06.2023 17:48:41.438949', value='4.000000', node='ubuntu', metric='rx', subsystem='enp0s25')
Telemetry(timestamp='03.06.2023 17:48:41.855375', value='100.000000', node='ubuntu', metric='cpu', subsystem=None)
Telemetry(timestamp='03.06.2023 17:48:41.855517', value='10.000000', node='ubuntu', metric='tx', subsystem='enp0s25')
Telemetry(timestamp='03.06.2023 17:48:41.964730', value='5.000000', node='ubuntu', metric='rx', subsystem='enp0s25')
Telemetry(timestamp='03.06.2023 17:48:42.353894', value='5461980.000000', node='ubuntu', metric='ram', subsystem=None)
Telemetry(timestamp='03.06.2023 17:48:42.354287', value='100.000000', node='ubuntu', metric='cpu', subsystem=None)
Telemetry(timestamp='03.06.2023 17:48:42.354527', value='9.000000', node='ubuntu', metric='tx', subsystem='enp0s25')
Telemetry(timestamp='03.06.2023 17:48:42.560481', value='4.000000', node='ubuntu', metric='rx', subsystem='enp0s25')
Telemetry(timestamp='03.06.2023 17:48:42.852972', value='100.000000', node='ubuntu', metric='cpu', subsystem=None)
Telemetry(timestamp='03.06.2023 17:48:42.854320', value='8.000000', node='ubuntu', metric='tx', subsystem='enp0s25')
Telemetry(timestamp='03.06.2023 17:48:43.704041', value='4.000000', node='ubuntu', metric='rx', subsystem='enp0s25')
Telemetry(timestamp='03.06.2023 17:48:43.354151', value='100.000000', node='ubuntu', metric='cpu', subsystem=None)
Telemetry(timestamp='03.06.2023 17:48:43.354748', value='8.000000', node='ubuntu', metric='tx', subsystem='enp0s25')
Telemetry(timestamp='03.06.2023 17:48:43.355232', value='5539768.000000', node='ubuntu', metric='ram', subsystem=None)
Telemetry(timestamp='03.06.2023 17:48:43.480247', value='3.000000', node='ubuntu', metric='rx', subsystem='enp0s25')
Telemetry(timestamp='03.06.2023 17:48:43.853868', value='9.000000', node='ubuntu', metric='tx', subsystem='enp0s25')
Telemetry(timestamp='03.06.2023 17:48:43.854973', value='100.000000', node='ubuntu', metric='cpu', subsystem=None)
Telemetry(timestamp='03.06.2023 17:48:43.890035', value='4.000000', node='ubuntu', metric='rx', subsystem='enp0s25')
Telemetry(timestamp='03.06.2023 17:48:44.353438', value='100.000000', node='ubuntu', metric='cpu', subsystem=None)
Telemetry(timestamp='03.06.2023 17:48:44.354761', value='5612620.000000', node='ubuntu', metric='ram', subsystem=None)
Telemetry(timestamp='03.06.2023 17:48:44.355087', value='11.000000', node='ubuntu', metric='tx', subsystem='enp0s25')
Telemetry(timestamp='03.06.2023 17:48:44.512702', value='5.000000', node='ubuntu', metric='rx', subsystem='enp0s25')
Telemetry(timestamp='03.06.2023 17:48:44.853396', value='12.000000', node='ubuntu', metric='tx', subsystem='enp0s25')
Telemetry(timestamp='03.06.2023 17:48:44.854925', value='100.000000', node='ubuntu', metric='cpu', subsystem=None)
Telemetry(timestamp='03.06.2023 17:48:44.872119', value='6.000000', node='ubuntu', metric='rx', subsystem='enp0s25')
Telemetry(timestamp='03.06.2023 17:48:45.354119', value='100.000000', node='ubuntu', metric='cpu', subsystem=None)
Telemetry(timestamp='03.06.2023 17:48:45.354369', value='5706248.000000', node='ubuntu', metric='ram', subsystem=None)
Telemetry(timestamp='03.06.2023 17:48:45.354414', value='58.420000', node='ubuntu', metric='load1', subsystem=None)
Telemetry(timestamp='03.06.2023 17:48:45.356375', value='11.000000', node='ubuntu', metric='tx', subsystem='enp0s25')
Telemetry(timestamp='03.06.2023 17:48:45.447438', value='18.760000', node='ubuntu', metric='load5', subsystem=None)
Telemetry(timestamp='03.06.2023 17:48:45.460414', value='5.000000', node='ubuntu', metric='rx', subsystem='enp0s25')
Telemetry(timestamp='03.06.2023 17:48:45.854311', value='100.000000', node='ubuntu', metric='cpu', subsystem=None)
Telemetry(timestamp='03.06.2023 17:48:45.854463', value='15.000000', node='ubuntu', metric='tx', subsystem='enp0s25')
Telemetry(timestamp='03.06.2023 17:48:45.882478', value='7.000000', node='ubuntu', metric='rx', subsystem='enp0s25')
Telemetry(timestamp='03.06.2023 17:48:46.355022', value='5831880.000000', node='ubuntu', metric='ram', subsystem=None)
Telemetry(timestamp='03.06.2023 17:48:46.355247', value='100.000000', node='ubuntu', metric='cpu', subsystem=None)
Telemetry(timestamp='03.06.2023 17:48:46.355341', value='17.000000', node='ubuntu', metric='tx', subsystem='enp0s25')
Telemetry(timestamp='03.06.2023 17:48:46.381052', value='8.000000', node='ubuntu', metric='rx', subsystem='enp0s25')
Telemetry(timestamp='03.06.2023 17:48:46.854864', value='18.000000', node='ubuntu', metric='tx', subsystem='enp0s25')
Telemetry(timestamp='03.06.2023 17:48:46.857500', value='100.000000', node='ubuntu', metric='cpu', subsystem=None)
Telemetry(timestamp='03.06.2023 17:48:46.887981', value='8.000000', node='ubuntu', metric='rx', subsystem='enp0s25')
Telemetry(timestamp='03.06.2023 17:48:47.354110', value='5946864.000000', node='ubuntu', metric='ram', subsystem=None)
Telemetry(timestamp='03.06.2023 17:48:47.354188', value='100.000000', node='ubuntu', metric='cpu', subsystem=None)
Telemetry(timestamp='03.06.2023 17:48:47.356667', value='20.000000', node='ubuntu', metric='tx', subsystem='enp0s25')
Telemetry(timestamp='03.06.2023 17:48:47.398319', value='9.000000', node='ubuntu', metric='rx', subsystem='enp0s25')
Telemetry(timestamp='03.06.2023 17:48:47.853492', value='100.000000', node='ubuntu', metric='cpu', subsystem=None)
Telemetry(timestamp='03.06.2023 17:48:47.854903', value='18.000000', node='ubuntu', metric='tx', subsystem='enp0s25')
Telemetry(timestamp='03.06.2023 17:48:47.885906', value='8.000000', node='ubuntu', metric='rx', subsystem='enp0s25')
Telemetry(timestamp='03.06.2023 17:48:48.353349', value='100.000000', node='ubuntu', metric='cpu', subsystem=None)
Telemetry(timestamp='03.06.2023 17:48:48.353721', value='15.000000', node='ubuntu', metric='tx', subsystem='enp0s25')
Telemetry(timestamp='03.06.2023 17:48:48.354040', value='6035820.000000', node='ubuntu', metric='ram', subsystem=None)
Telemetry(timestamp='03.06.2023 17:48:48.382512', value='6.000000', node='ubuntu', metric='rx', subsystem='enp0s25')
Telemetry(timestamp='03.06.2023 17:48:48.853625', value='15.000000', node='ubuntu', metric='tx', subsystem='enp0s25')
Telemetry(timestamp='03.06.2023 17:48:48.855018', value='100.000000', node='ubuntu', metric='cpu', subsystem=None)
Telemetry(timestamp='03.06.2023 17:48:48.874047', value='7.000000', node='ubuntu', metric='rx', subsystem='enp0s25')
Telemetry(timestamp='03.06.2023 17:48:49.353141', value='15.000000', node='ubuntu', metric='tx', subsystem='enp0s25')
Telemetry(timestamp='03.06.2023 17:48:49.354500', value='6099916.000000', node='ubuntu', metric='ram', subsystem=None)
Telemetry(timestamp='03.06.2023 17:48:49.354605', value='100.000000', node='ubuntu', metric='cpu', subsystem=None)
Telemetry(timestamp='03.06.2023 17:48:49.359251', value='8.000000', node='ubuntu', metric='rx', subsystem='enp0s25')
Telemetry(timestamp='03.06.2023 17:48:49.853508', value='16.000000', node='ubuntu', metric='tx', subsystem='enp0s25')
Telemetry(timestamp='03.06.2023 17:48:49.853703', value='100.000000', node='ubuntu', metric='cpu', subsystem=None)
Telemetry(timestamp='03.06.2023 17:48:49.869703', value='7.000000', node='ubuntu', metric='rx', subsystem='enp0s25')
Telemetry(timestamp='03.06.2023 17:48:50.353219', value='67.190000', node='ubuntu', metric='load1', subsystem=None)
Telemetry(timestamp='03.06.2023 17:48:50.355167', value='6174420.000000', node='ubuntu', metric='ram', subsystem=None)
Telemetry(timestamp='03.06.2023 17:48:50.355249', value='100.000000', node='ubuntu', metric='cpu', subsystem=None)
Telemetry(timestamp='03.06.2023 17:48:50.355739', value='24.000000', node='ubuntu', metric='tx', subsystem='enp0s25')
Telemetry(timestamp='03.06.2023 17:48:50.363146', value='21.240000', node='ubuntu', metric='load5', subsystem=None)
Telemetry(timestamp='03.06.2023 17:48:50.397305', value='10.000000', node='ubuntu', metric='rx', subsystem='enp0s25')
Telemetry(timestamp='03.06.2023 17:48:50.853220', value='26.000000', node='ubuntu', metric='tx', subsystem='enp0s25')
Telemetry(timestamp='03.06.2023 17:48:50.855773', value='100.000000', node='ubuntu', metric='cpu', subsystem=None)
Telemetry(timestamp='03.06.2023 17:48:50.860922', value='12.000000', node='ubuntu', metric='rx', subsystem='enp0s25')
Telemetry(timestamp='03.06.2023 17:48:51.353597', value='25.000000', node='ubuntu', metric='tx', subsystem='enp0s25')
Telemetry(timestamp='03.06.2023 17:48:51.354052', value='100.000000', node='ubuntu', metric='cpu', subsystem=None)
Telemetry(timestamp='03.06.2023 17:48:51.354823', value='6218000.000000', node='ubuntu', metric='ram', subsystem=None)
Telemetry(timestamp='03.06.2023 17:48:51.357656', value='12.000000', node='ubuntu', metric='rx', subsystem='enp0s25')
Telemetry(timestamp='03.06.2023 17:48:51.853266', value='22.000000', node='ubuntu', metric='tx', subsystem='enp0s25')
Telemetry(timestamp='03.06.2023 17:48:51.854960', value='100.000000', node='ubuntu', metric='cpu', subsystem=None)
Telemetry(timestamp='03.06.2023 17:48:51.867032', value='9.000000', node='ubuntu', metric='rx', subsystem='enp0s25')
Telemetry(timestamp='03.06.2023 17:48:52.353430', value='100.000000', node='ubuntu', metric='cpu', subsystem=None)
Telemetry(timestamp='03.06.2023 17:48:52.354638', value='6238988.000000', node='ubuntu', metric='ram', subsystem=None)
Telemetry(timestamp='03.06.2023 17:48:52.354822', value='19.000000', node='ubuntu', metric='tx', subsystem='enp0s25')
Telemetry(timestamp='03.06.2023 17:48:52.381922', value='8.000000', node='ubuntu', metric='rx', subsystem='enp0s25')
Telemetry(timestamp='03.06.2023 17:48:52.854742', value='100.000000', node='ubuntu', metric='cpu', subsystem=None)
Telemetry(timestamp='03.06.2023 17:48:52.854868', value='25.000000', node='ubuntu', metric='tx', subsystem='enp0s25')
Telemetry(timestamp='03.06.2023 17:48:52.900536', value='11.000000', node='ubuntu', metric='rx', subsystem='enp0s25')
Telemetry(timestamp='03.06.2023 17:48:53.354093', value='6297556.000000', node='ubuntu', metric='ram', subsystem=None)
Telemetry(timestamp='03.06.2023 17:48:53.354320', value='25.000000', node='ubuntu', metric='tx', subsystem='enp0s25')
Telemetry(timestamp='03.06.2023 17:48:53.354444', value='100.000000', node='ubuntu', metric='cpu', subsystem=None)
Telemetry(timestamp='03.06.2023 17:48:53.378911', value='11.000000', node='ubuntu', metric='rx', subsystem='enp0s25')
Telemetry(timestamp='03.06.2023 17:48:53.856472', value='26.000000', node='ubuntu', metric='tx', subsystem='enp0s25')
Telemetry(timestamp='03.06.2023 17:48:53.857409', value='100.000000', node='ubuntu', metric='cpu', subsystem=None)
Telemetry(timestamp='03.06.2023 17:48:53.881292', value='11.000000', node='ubuntu', metric='rx', subsystem='enp0s25')
Telemetry(timestamp='03.06.2023 17:48:54.354064', value='6379916.000000', node='ubuntu', metric='ram', subsystem=None)
Telemetry(timestamp='03.06.2023 17:48:54.354313', value='26.000000', node='ubuntu', metric='tx', subsystem='enp0s25')
Telemetry(timestamp='03.06.2023 17:48:54.357597', value='100.000000', node='ubuntu', metric='cpu', subsystem=None)
Telemetry(timestamp='03.06.2023 17:48:54.380821', value='12.000000', node='ubuntu', metric='rx', subsystem='enp0s25')
Telemetry(timestamp='03.06.2023 17:48:54.853461', value='26.000000', node='ubuntu', metric='tx', subsystem='enp0s25')
Telemetry(timestamp='03.06.2023 17:48:54.855518', value='100.000000', node='ubuntu', metric='cpu', subsystem=None)
Telemetry(timestamp='03.06.2023 17:48:54.867259', value='12.000000', node='ubuntu', metric='rx', subsystem='enp0s25')
Telemetry(timestamp='03.06.2023 17:48:55.353825', value='68.940000', node='ubuntu', metric='load1', subsystem=None)
Telemetry(timestamp='03.06.2023 17:48:55.354002', value='27.000000', node='ubuntu', metric='tx', subsystem='enp0s25')
Telemetry(timestamp='03.06.2023 17:48:55.354049', value='100.000000', node='ubuntu', metric='cpu', subsystem=None)
Telemetry(timestamp='03.06.2023 17:48:55.355824', value='6464804.000000', node='ubuntu', metric='ram', subsystem=None)
Telemetry(timestamp='03.06.2023 17:48:55.358009', value='22.360000', node='ubuntu', metric='load5', subsystem=None)
Telemetry(timestamp='03.06.2023 17:48:55.362637', value='11.000000', node='ubuntu', metric='rx', subsystem='enp0s25')
Telemetry(timestamp='03.06.2023 17:48:55.854595', value='34.000000', node='ubuntu', metric='tx', subsystem='enp0s25')
Telemetry(timestamp='03.06.2023 17:48:55.856866', value='100.000000', node='ubuntu', metric='cpu', subsystem=None)
Telemetry(timestamp='03.06.2023 17:48:55.869173', value='15.000000', node='ubuntu', metric='rx', subsystem='enp0s25')
Telemetry(timestamp='03.06.2023 17:48:56.353398', value='6657580.000000', node='ubuntu', metric='ram', subsystem=None)
Telemetry(timestamp='03.06.2023 17:48:56.353440', value='100.000000', node='ubuntu', metric='cpu', subsystem=None)
Telemetry(timestamp='03.06.2023 17:48:56.355222', value='48.000000', node='ubuntu', metric='tx', subsystem='enp0s25')
Telemetry(timestamp='03.06.2023 17:48:56.392132', value='19.000000', node='ubuntu', metric='rx', subsystem='enp0s25')
Telemetry(timestamp='03.06.2023 17:48:56.853077', value='54.000000', node='ubuntu', metric='tx', subsystem='enp0s25')
Telemetry(timestamp='03.06.2023 17:48:56.853190', value='60.500000', node='ubuntu', metric='cpu', subsystem=None)
Telemetry(timestamp='03.06.2023 17:48:56.989918', value='21.000000', node='ubuntu', metric='rx', subsystem='enp0s25')
Telemetry(timestamp='03.06.2023 17:48:57.353202', value='31.000000', node='ubuntu', metric='tx', subsystem='enp0s25')
Telemetry(timestamp='03.06.2023 17:48:57.353406', value='25.500000', node='ubuntu', metric='cpu', subsystem=None)
Telemetry(timestamp='03.06.2023 17:48:57.353511', value='6772060.000000', node='ubuntu', metric='ram', subsystem=None)
Telemetry(timestamp='03.06.2023 17:48:57.501261', value='12.000000', node='ubuntu', metric='rx', subsystem='enp0s25')
Telemetry(timestamp='03.06.2023 17:48:57.854234', value='25.125628', node='ubuntu', metric='cpu', subsystem=None)
Telemetry(timestamp='03.06.2023 17:48:57.854406', value='8.000000', node='ubuntu', metric='tx', subsystem='enp0s25')
Telemetry(timestamp='03.06.2023 17:48:57.881225', value='3.000000', node='ubuntu', metric='rx', subsystem='enp0s25')
Telemetry(timestamp='03.06.2023 17:48:58.352815', value='6769656.000000', node='ubuntu', metric='ram', subsystem=None)
Telemetry(timestamp='03.06.2023 17:48:58.353626', value='8.000000', node='ubuntu', metric='tx', subsystem='enp0s25')
Telemetry(timestamp='03.06.2023 17:48:58.353636', value='25.125628', node='ubuntu', metric='cpu', subsystem=None)
Telemetry(timestamp='03.06.2023 17:48:58.528757', value='3.000000', node='ubuntu', metric='rx', subsystem='enp0s25')
Telemetry(timestamp='03.06.2023 17:48:58.852783', value='25.125628', node='ubuntu', metric='cpu', subsystem=None)
Telemetry(timestamp='03.06.2023 17:48:58.853164', value='8.000000', node='ubuntu', metric='tx', subsystem='enp0s25')
Telemetry(timestamp='03.06.2023 17:48:59.477206', value='3.000000', node='ubuntu', metric='rx', subsystem='enp0s25')
Telemetry(timestamp='03.06.2023 17:48:59.352834', value='25.125628', node='ubuntu', metric='cpu', subsystem=None)
Telemetry(timestamp='03.06.2023 17:48:59.353278', value='6769788.000000', node='ubuntu', metric='ram', subsystem=None)
Telemetry(timestamp='03.06.2023 17:48:59.353379', value='8.000000', node='ubuntu', metric='tx', subsystem='enp0s25')
Telemetry(timestamp='03.06.2023 17:48:59.563367', value='3.000000', node='ubuntu', metric='rx', subsystem='enp0s25')
Telemetry(timestamp='03.06.2023 17:48:59.853495', value='25.125628', node='ubuntu', metric='cpu', subsystem=None)
Telemetry(timestamp='03.06.2023 17:48:59.853591', value='8.000000', node='ubuntu', metric='tx', subsystem='enp0s25')
Telemetry(timestamp='03.06.2023 17:49:00.734591', value='3.000000', node='ubuntu', metric='rx', subsystem='enp0s25')
Telemetry(timestamp='03.06.2023 17:49:00.352422', value='63.500000', node='ubuntu', metric='load1', subsystem=None)
Telemetry(timestamp='03.06.2023 17:49:00.352729', value='25.500000', node='ubuntu', metric='cpu', subsystem=None)
Telemetry(timestamp='03.06.2023 17:49:00.352817', value='6769788.000000', node='ubuntu', metric='ram', subsystem=None)
Telemetry(timestamp='03.06.2023 17:49:00.353266', value='8.000000', node='ubuntu', metric='tx', subsystem='enp0s25')
Telemetry(timestamp='03.06.2023 17:49:00.563504', value='22.010000', node='ubuntu', metric='load5', subsystem=None)
Telemetry(timestamp='03.06.2023 17:49:00.613899', value='3.000000', node='ubuntu', metric='rx', subsystem='enp0s25')
Telemetry(timestamp='03.06.2023 17:49:00.852957', value='14.000000', node='ubuntu', metric='tx', subsystem='enp0s25')
Telemetry(timestamp='03.06.2023 17:49:00.853033', value='14.795918', node='ubuntu', metric='cpu', subsystem=None)
Telemetry(timestamp='03.06.2023 17:49:00.867369', value='68.000000', node='ubuntu', metric='rx', subsystem='enp0s25')
Telemetry(timestamp='03.06.2023 17:49:01.353102', value='53.000000', node='ubuntu', metric='tx', subsystem='enp0s25')
Telemetry(timestamp='03.06.2023 17:49:01.353502', value='17.112299', node='ubuntu', metric='cpu', subsystem=None)
Telemetry(timestamp='03.06.2023 17:49:01.354252', value='6804620.000000', node='ubuntu', metric='ram', subsystem=None)
Telemetry(timestamp='03.06.2023 17:49:01.525957', value='1839.000000', node='ubuntu', metric='rx', subsystem='enp0s25')
Telemetry(timestamp='03.06.2023 17:49:01.852947', value='22.959184', node='ubuntu', metric='cpu', subsystem=None)
Telemetry(timestamp='03.06.2023 17:49:01.853314', value='77.000000', node='ubuntu', metric='tx', subsystem='enp0s25')
Telemetry(timestamp='03.06.2023 17:49:02.365567', value='2693.000000', node='ubuntu', metric='rx', subsystem='enp0s25')
Telemetry(timestamp='03.06.2023 17:49:02.353511', value='6806160.000000', node='ubuntu', metric='ram', subsystem=None)
Telemetry(timestamp='03.06.2023 17:49:02.354115', value='80.000000', node='ubuntu', metric='tx', subsystem='enp0s25')
Telemetry(timestamp='03.06.2023 17:49:02.354188', value='21.354167', node='ubuntu', metric='cpu', subsystem=None)
Telemetry(timestamp='03.06.2023 17:49:02.559596', value='2506.000000', node='ubuntu', metric='rx', subsystem='enp0s25')
Telemetry(timestamp='03.06.2023 17:49:02.853346', value='24.226804', node='ubuntu', metric='cpu', subsystem=None)
Telemetry(timestamp='03.06.2023 17:49:02.853625', value='77.000000', node='ubuntu', metric='tx', subsystem='enp0s25')
Telemetry(timestamp='03.06.2023 17:49:03.391657', value='2579.000000', node='ubuntu', metric='rx', subsystem='enp0s25')
Telemetry(timestamp='03.06.2023 17:49:03.353394', value='21.989529', node='ubuntu', metric='cpu', subsystem=None)
Telemetry(timestamp='03.06.2023 17:49:03.354242', value='6781912.000000', node='ubuntu', metric='ram', subsystem=None)
Telemetry(timestamp='03.06.2023 17:49:03.354462', value='65.000000', node='ubuntu', metric='tx', subsystem='enp0s25')
Telemetry(timestamp='03.06.2023 17:49:03.490206', value='2172.000000', node='ubuntu', metric='rx', subsystem='enp0s25')
Telemetry(timestamp='03.06.2023 17:49:03.853916', value='10.714286', node='ubuntu', metric='cpu', subsystem=None)
Telemetry(timestamp='03.06.2023 17:49:03.854878', value='39.000000', node='ubuntu', metric='tx', subsystem='enp0s25')
Telemetry(timestamp='03.06.2023 17:49:04.638927', value='1181.000000', node='ubuntu', metric='rx', subsystem='enp0s25')
Telemetry(timestamp='03.06.2023 17:49:04.353752', value='9.000000', node='ubuntu', metric='tx', subsystem='enp0s25')
Telemetry(timestamp='03.06.2023 17:49:04.354710', value='3.015075', node='ubuntu', metric='cpu', subsystem=None)
Telemetry(timestamp='03.06.2023 17:49:04.354809', value='6689080.000000', node='ubuntu', metric='ram', subsystem=None)
Telemetry(timestamp='03.06.2023 17:49:04.568079', value='4.000000', node='ubuntu', metric='rx', subsystem='enp0s25')
Telemetry(timestamp='03.06.2023 17:49:04.853592', value='0.502513', node='ubuntu', metric='cpu', subsystem=None)
Telemetry(timestamp='03.06.2023 17:49:04.855463', value='8.000000', node='ubuntu', metric='tx', subsystem='enp0s25')
Telemetry(timestamp='03.06.2023 17:49:04.876414', value='3.000000', node='ubuntu', metric='rx', subsystem='enp0s25')
Telemetry(timestamp='03.06.2023 17:49:05.353368', value='58.410000', node='ubuntu', metric='load1', subsystem=None)
Telemetry(timestamp='03.06.2023 17:49:05.353372', value='21.640000', node='ubuntu', metric='load5', subsystem=None)
Telemetry(timestamp='03.06.2023 17:49:05.353565', value='1.010101', node='ubuntu', metric='cpu', subsystem=None)
Telemetry(timestamp='03.06.2023 17:49:05.354089', value='6689080.000000', node='ubuntu', metric='ram', subsystem=None)
Telemetry(timestamp='03.06.2023 17:49:05.354162', value='8.000000', node='ubuntu', metric='tx', subsystem='enp0s25')
Telemetry(timestamp='03.06.2023 17:49:05.500804', value='3.000000', node='ubuntu', metric='rx', subsystem='enp0s25')
Telemetry(timestamp='03.06.2023 17:49:05.853422', value='1.990050', node='ubuntu', metric='cpu', subsystem=None)
Telemetry(timestamp='03.06.2023 17:49:05.854235', value='8.000000', node='ubuntu', metric='tx', subsystem='enp0s25')
Telemetry(timestamp='03.06.2023 17:49:06.134395', value='4.000000', node='ubuntu', metric='rx', subsystem='enp0s25')
Telemetry(timestamp='03.06.2023 17:49:06.353463', value='4.663212', node='ubuntu', metric='cpu', subsystem=None)
Telemetry(timestamp='03.06.2023 17:49:06.354165', value='6689080.000000', node='ubuntu', metric='ram', subsystem=None)
Telemetry(timestamp='03.06.2023 17:49:06.354576', value='8.000000', node='ubuntu', metric='tx', subsystem='enp0s25')
Telemetry(timestamp='03.06.2023 17:49:06.522302', value='4.000000', node='ubuntu', metric='rx', subsystem='enp0s25')
Telemetry(timestamp='03.06.2023 17:49:06.853587', value='8.000000', node='ubuntu', metric='tx', subsystem='enp0s25')
Telemetry(timestamp='03.06.2023 17:49:06.854948', value='1.020408', node='ubuntu', metric='cpu', subsystem=None)
Telemetry(timestamp='03.06.2023 17:49:07.424067', value='3.000000', node='ubuntu', metric='rx', subsystem='enp0s25')
Telemetry(timestamp='03.06.2023 17:49:07.353597', value='0.000000', node='ubuntu', metric='cpu', subsystem=None)
Telemetry(timestamp='03.06.2023 17:49:07.354036', value='6689308.000000', node='ubuntu', metric='ram', subsystem=None)
Telemetry(timestamp='03.06.2023 17:49:07.354802', value='8.000000', node='ubuntu', metric='tx', subsystem='enp0s25')
Telemetry(timestamp='03.06.2023 17:49:07.548925', value='3.000000', node='ubuntu', metric='rx', subsystem='enp0s25')
Telemetry(timestamp='03.06.2023 17:49:07.853571', value='8.000000', node='ubuntu', metric='tx', subsystem='enp0s25')
Telemetry(timestamp='03.06.2023 17:49:07.854096', value='1.492537', node='ubuntu', metric='cpu', subsystem=None)
Telemetry(timestamp='03.06.2023 17:49:07.876236', value='3.000000', node='ubuntu', metric='rx', subsystem='enp0s25')
Telemetry(timestamp='03.06.2023 17:49:08.353559', value='6689308.000000', node='ubuntu', metric='ram', subsystem=None)
Telemetry(timestamp='03.06.2023 17:49:08.353720', value='1.500000', node='ubuntu', metric='cpu', subsystem=None)
Telemetry(timestamp='03.06.2023 17:49:08.355744', value='8.000000', node='ubuntu', metric='tx', subsystem='enp0s25')
Telemetry(timestamp='03.06.2023 17:49:08.571539', value='3.000000', node='ubuntu', metric='rx', subsystem='enp0s25')
Telemetry(timestamp='03.06.2023 17:49:08.853158', value='0.507614', node='ubuntu', metric='cpu', subsystem=None)
Telemetry(timestamp='03.06.2023 17:49:08.855026', value='8.000000', node='ubuntu', metric='tx', subsystem='enp0s25')
Telemetry(timestamp='03.06.2023 17:49:09.730386', value='3.000000', node='ubuntu', metric='rx', subsystem='enp0s25')
Telemetry(timestamp='03.06.2023 17:49:09.353520', value='0.502513', node='ubuntu', metric='cpu', subsystem=None)
Telemetry(timestamp='03.06.2023 17:49:09.353866', value='8.000000', node='ubuntu', metric='tx', subsystem='enp0s25')
Telemetry(timestamp='03.06.2023 17:49:09.355078', value='6689308.000000', node='ubuntu', metric='ram', subsystem=None)
Telemetry(timestamp='03.06.2023 17:49:09.476442', value='4.000000', node='ubuntu', metric='rx', subsystem='enp0s25')
Telemetry(timestamp='03.06.2023 17:49:09.853997', value='8.000000', node='ubuntu', metric='tx', subsystem='enp0s25')
Telemetry(timestamp='03.06.2023 17:49:09.855602', value='1.005025', node='ubuntu', metric='cpu', subsystem=None)
Telemetry(timestamp='03.06.2023 17:49:10.120696', value='4.000000', node='ubuntu', metric='rx', subsystem='enp0s25')
Telemetry(timestamp='03.06.2023 17:49:10.352605', value='53.730000', node='ubuntu', metric='load1', subsystem=None)
Telemetry(timestamp='03.06.2023 17:49:10.352936', value='6689296.000000', node='ubuntu', metric='ram', subsystem=None)
Telemetry(timestamp='03.06.2023 17:49:10.353593', value='0.000000', node='ubuntu', metric='cpu', subsystem=None)
Telemetry(timestamp='03.06.2023 17:49:10.354967', value='8.000000', node='ubuntu', metric='tx', subsystem='enp0s25')
Telemetry(timestamp='03.06.2023 17:49:10.493991', value='21.280000', node='ubuntu', metric='load5', subsystem=None)
Telemetry(timestamp='03.06.2023 17:49:10.520583', value='3.000000', node='ubuntu', metric='rx', subsystem='enp0s25')
Telemetry(timestamp='03.06.2023 17:49:10.853018', value='1.015228', node='ubuntu', metric='cpu', subsystem=None)
Telemetry(timestamp='03.06.2023 17:49:10.855214', value='8.000000', node='ubuntu', metric='tx', subsystem='enp0s25')
Telemetry(timestamp='03.06.2023 17:49:11.717078', value='3.000000', node='ubuntu', metric='rx', subsystem='enp0s25')
Telemetry(timestamp='03.06.2023 17:49:11.353648', value='6689296.000000', node='ubuntu', metric='ram', subsystem=None)
Telemetry(timestamp='03.06.2023 17:49:11.353714', value='8.000000', node='ubuntu', metric='tx', subsystem='enp0s25')
Telemetry(timestamp='03.06.2023 17:49:11.353992', value='4.040404', node='ubuntu', metric='cpu', subsystem=None)
Telemetry(timestamp='03.06.2023 17:49:11.537365', value='4.000000', node='ubuntu', metric='rx', subsystem='enp0s25')
Telemetry(timestamp='03.06.2023 17:49:11.853638', value='1.005025', node='ubuntu', metric='cpu', subsystem=None)
Telemetry(timestamp='03.06.2023 17:49:11.853851', value='8.000000', node='ubuntu', metric='tx', subsystem='enp0s25')
Telemetry(timestamp='03.06.2023 17:49:12.407019', value='3.000000', node='ubuntu', metric='rx', subsystem='enp0s25')
Telemetry(timestamp='03.06.2023 17:49:12.353389', value='8.000000', node='ubuntu', metric='tx', subsystem='enp0s25')
Telemetry(timestamp='03.06.2023 17:49:12.354095', value='6689296.000000', node='ubuntu', metric='ram', subsystem=None)
Telemetry(timestamp='03.06.2023 17:49:12.355803', value='2.463054', node='ubuntu', metric='cpu', subsystem=None)
Telemetry(timestamp='03.06.2023 17:49:12.364535', value='3.000000', node='ubuntu', metric='rx', subsystem='enp0s25')
Telemetry(timestamp='03.06.2023 17:49:12.854453', value='8.000000', node='ubuntu', metric='tx', subsystem='enp0s25')
Telemetry(timestamp='03.06.2023 17:49:12.854647', value='1.507538', node='ubuntu', metric='cpu', subsystem=None)
Telemetry(timestamp='03.06.2023 17:49:13.700768', value='3.000000', node='ubuntu', metric='rx', subsystem='enp0s25')
Telemetry(timestamp='03.06.2023 17:49:13.353672', value='1.005025', node='ubuntu', metric='cpu', subsystem=None)
Telemetry(timestamp='03.06.2023 17:49:13.354455', value='6689296.000000', node='ubuntu', metric='ram', subsystem=None)
Telemetry(timestamp='03.06.2023 17:49:13.354945', value='8.000000', node='ubuntu', metric='tx', subsystem='enp0s25')
Telemetry(timestamp='03.06.2023 17:49:13.393525', value='3.000000', node='ubuntu', metric='rx', subsystem='enp0s25')
Telemetry(timestamp='03.06.2023 17:49:13.854385', value='8.000000', node='ubuntu', metric='tx', subsystem='enp0s25')
Telemetry(timestamp='03.06.2023 17:49:13.855651', value='0.000000', node='ubuntu', metric='cpu', subsystem=None)
Telemetry(timestamp='03.06.2023 17:49:14.203324', value='3.000000', node='ubuntu', metric='rx', subsystem='enp0s25')
Telemetry(timestamp='03.06.2023 17:49:14.353472', value='2.030457', node='ubuntu', metric='cpu', subsystem=None)
Telemetry(timestamp='03.06.2023 17:49:14.353570', value='6689296.000000', node='ubuntu', metric='ram', subsystem=None)
Telemetry(timestamp='03.06.2023 17:49:14.354853', value='8.000000', node='ubuntu', metric='tx', subsystem='enp0s25')
Telemetry(timestamp='03.06.2023 17:49:14.376785', value='3.000000', node='ubuntu', metric='rx', subsystem='enp0s25')
Telemetry(timestamp='03.06.2023 17:49:14.853331', value='0.505051', node='ubuntu', metric='cpu', subsystem=None)
Telemetry(timestamp='03.06.2023 17:49:14.853968', value='8.000000', node='ubuntu', metric='tx', subsystem='enp0s25')
Telemetry(timestamp='03.06.2023 17:49:14.880503', value='3.000000', node='ubuntu', metric='rx', subsystem='enp0s25')
Telemetry(timestamp='03.06.2023 17:49:15.353354', value='1.005025', node='ubuntu', metric='cpu', subsystem=None)
Telemetry(timestamp='03.06.2023 17:49:15.353575', value='8.000000', node='ubuntu', metric='tx', subsystem='enp0s25')
Telemetry(timestamp='03.06.2023 17:49:15.353752', value='49.430000', node='ubuntu', metric='load1', subsystem=None)
Telemetry(timestamp='03.06.2023 17:49:15.354840', value='6689296.000000', node='ubuntu', metric='ram', subsystem=None)
Telemetry(timestamp='03.06.2023 17:49:15.518145', value='3.000000', node='ubuntu', metric='rx', subsystem='enp0s25')
Telemetry(timestamp='03.06.2023 17:49:15.524813', value='20.930000', node='ubuntu', metric='load5', subsystem=None)
Telemetry(timestamp='03.06.2023 17:49:15.853795', value='1.005025', node='ubuntu', metric='cpu', subsystem=None)
Telemetry(timestamp='03.06.2023 17:49:15.855536', value='8.000000', node='ubuntu', metric='tx', subsystem='enp0s25')
Telemetry(timestamp='03.06.2023 17:49:16.505957', value='4.000000', node='ubuntu', metric='rx', subsystem='enp0s25')
Telemetry(timestamp='03.06.2023 17:49:16.353297', value='5.076142', node='ubuntu', metric='cpu', subsystem=None)
Telemetry(timestamp='03.06.2023 17:49:16.353610', value='6689516.000000', node='ubuntu', metric='ram', subsystem=None)
Telemetry(timestamp='03.06.2023 17:49:16.354780', value='8.000000', node='ubuntu', metric='tx', subsystem='enp0s25')
Telemetry(timestamp='03.06.2023 17:49:16.571530', value='3.000000', node='ubuntu', metric='rx', subsystem='enp0s25')
Telemetry(timestamp='03.06.2023 17:49:16.853784', value='1.005025', node='ubuntu', metric='cpu', subsystem=None)
Telemetry(timestamp='03.06.2023 17:49:16.854470', value='8.000000', node='ubuntu', metric='tx', subsystem='enp0s25')
Telemetry(timestamp='03.06.2023 17:49:17.733780', value='3.000000', node='ubuntu', metric='rx', subsystem='enp0s25')
Telemetry(timestamp='03.06.2023 17:49:17.353873', value='6689516.000000', node='ubuntu', metric='ram', subsystem=None)
Telemetry(timestamp='03.06.2023 17:49:17.353954', value='0.502513', node='ubuntu', metric='cpu', subsystem=None)
Telemetry(timestamp='03.06.2023 17:49:17.354107', value='8.000000', node='ubuntu', metric='tx', subsystem='enp0s25')
Telemetry(timestamp='03.06.2023 17:49:17.587983', value='3.000000', node='ubuntu', metric='rx', subsystem='enp0s25')
Telemetry(timestamp='03.06.2023 17:49:17.853239', value='1.005025', node='ubuntu', metric='cpu', subsystem=None)
Telemetry(timestamp='03.06.2023 17:49:17.854916', value='8.000000', node='ubuntu', metric='tx', subsystem='enp0s25')
Telemetry(timestamp='03.06.2023 17:49:17.877901', value='3.000000', node='ubuntu', metric='rx', subsystem='enp0s25')
Telemetry(timestamp='03.06.2023 17:49:18.353073', value='0.000000', node='ubuntu', metric='cpu', subsystem=None)
Telemetry(timestamp='03.06.2023 17:49:18.353341', value='6689516.000000', node='ubuntu', metric='ram', subsystem=None)
Telemetry(timestamp='03.06.2023 17:49:18.353734', value='8.000000', node='ubuntu', metric='tx', subsystem='enp0s25')
Telemetry(timestamp='03.06.2023 17:49:18.525353', value='3.000000', node='ubuntu', metric='rx', subsystem='enp0s25')
Telemetry(timestamp='03.06.2023 17:49:18.853131', value='0.505051', node='ubuntu', metric='cpu', subsystem=None)
Telemetry(timestamp='03.06.2023 17:49:18.853887', value='8.000000', node='ubuntu', metric='tx', subsystem='enp0s25')
Telemetry(timestamp='03.06.2023 17:49:19.258307', value='3.000000', node='ubuntu', metric='rx', subsystem='enp0s25')
Telemetry(timestamp='03.06.2023 17:49:19.353401', value='1.000000', node='ubuntu', metric='cpu', subsystem=None)
Telemetry(timestamp='03.06.2023 17:49:19.353651', value='8.000000', node='ubuntu', metric='tx', subsystem='enp0s25')
Telemetry(timestamp='03.06.2023 17:49:19.353918', value='6689516.000000', node='ubuntu', metric='ram', subsystem=None)
Telemetry(timestamp='03.06.2023 17:49:19.364721', value='3.000000', node='ubuntu', metric='rx', subsystem='enp0s25')
Telemetry(timestamp='03.06.2023 17:49:19.853846', value='8.000000', node='ubuntu', metric='tx', subsystem='enp0s25')
Telemetry(timestamp='03.06.2023 17:49:19.855215', value='1.000000', node='ubuntu', metric='cpu', subsystem=None)
Telemetry(timestamp='03.06.2023 17:49:20.391037', value='3.000000', node='ubuntu', metric='rx', subsystem='enp0s25')
Telemetry(timestamp='03.06.2023 17:49:20.353397', value='45.470000', node='ubuntu', metric='load1', subsystem=None)
Telemetry(timestamp='03.06.2023 17:49:20.353445', value='0.502513', node='ubuntu', metric='cpu', subsystem=None)
Telemetry(timestamp='03.06.2023 17:49:20.353945', value='6689516.000000', node='ubuntu', metric='ram', subsystem=None)
Telemetry(timestamp='03.06.2023 17:49:20.355477', value='8.000000', node='ubuntu', metric='tx', subsystem='enp0s25')
Telemetry(timestamp='03.06.2023 17:49:20.528811', value='20.580000', node='ubuntu', metric='load5', subsystem=None)
Telemetry(timestamp='03.06.2023 17:49:20.561346', value='3.000000', node='ubuntu', metric='rx', subsystem='enp0s25')
Telemetry(timestamp='03.06.2023 17:49:20.853602', value='8.000000', node='ubuntu', metric='tx', subsystem='enp0s25')
Telemetry(timestamp='03.06.2023 17:49:20.854923', value='0.505051', node='ubuntu', metric='cpu', subsystem=None)
Telemetry(timestamp='03.06.2023 17:49:21.640148', value='3.000000', node='ubuntu', metric='rx', subsystem='enp0s25')
Telemetry(timestamp='03.06.2023 17:49:21.353696', value='5.128205', node='ubuntu', metric='cpu', subsystem=None)
Telemetry(timestamp='03.06.2023 17:49:21.354522', value='8.000000', node='ubuntu', metric='tx', subsystem='enp0s25')
Telemetry(timestamp='03.06.2023 17:49:21.355025', value='6689500.000000', node='ubuntu', metric='ram', subsystem=None)
Telemetry(timestamp='03.06.2023 17:49:21.473777', value='4.000000', node='ubuntu', metric='rx', subsystem='enp0s25')
Telemetry(timestamp='03.06.2023 17:49:21.853499', value='8.000000', node='ubuntu', metric='tx', subsystem='enp0s25')
Telemetry(timestamp='03.06.2023 17:49:21.855452', value='0.000000', node='ubuntu', metric='cpu', subsystem=None)
Telemetry(timestamp='03.06.2023 17:49:21.967522', value='3.000000', node='ubuntu', metric='rx', subsystem='enp0s25')
Telemetry(timestamp='03.06.2023 17:49:22.353530', value='0.000000', node='ubuntu', metric='cpu', subsystem=None)
Telemetry(timestamp='03.06.2023 17:49:22.353578', value='6689500.000000', node='ubuntu', metric='ram', subsystem=None)
Telemetry(timestamp='03.06.2023 17:49:22.354982', value='8.000000', node='ubuntu', metric='tx', subsystem='enp0s25')
Telemetry(timestamp='03.06.2023 17:49:22.495860', value='3.000000', node='ubuntu', metric='rx', subsystem='enp0s25')
Telemetry(timestamp='03.06.2023 17:49:22.853338', value='0.502513', node='ubuntu', metric='cpu', subsystem=None)
Telemetry(timestamp='03.06.2023 17:49:22.854668', value='8.000000', node='ubuntu', metric='tx', subsystem='enp0s25')
Telemetry(timestamp='03.06.2023 17:49:23.120249', value='3.000000', node='ubuntu', metric='rx', subsystem='enp0s25')
Telemetry(timestamp='03.06.2023 17:49:23.354234', value='8.000000', node='ubuntu', metric='tx', subsystem='enp0s25')
Telemetry(timestamp='03.06.2023 17:49:23.354328', value='0.505051', node='ubuntu', metric='cpu', subsystem=None)
Telemetry(timestamp='03.06.2023 17:49:23.356053', value='6689500.000000', node='ubuntu', metric='ram', subsystem=None)
Telemetry(timestamp='03.06.2023 17:49:23.516772', value='3.000000', node='ubuntu', metric='rx', subsystem='enp0s25')
Telemetry(timestamp='03.06.2023 17:49:23.853081', value='1.990050', node='ubuntu', metric='cpu', subsystem=None)
Telemetry(timestamp='03.06.2023 17:49:23.854755', value='8.000000', node='ubuntu', metric='tx', subsystem='enp0s25')
Telemetry(timestamp='03.06.2023 17:49:24.426040', value='3.000000', node='ubuntu', metric='rx', subsystem='enp0s25')
Telemetry(timestamp='03.06.2023 17:49:24.353788', value='2.020202', node='ubuntu', metric='cpu', subsystem=None)
Telemetry(timestamp='03.06.2023 17:49:24.354119', value='6689500.000000', node='ubuntu', metric='ram', subsystem=None)
Telemetry(timestamp='03.06.2023 17:49:24.355613', value='8.000000', node='ubuntu', metric='tx', subsystem='enp0s25')
Telemetry(timestamp='03.06.2023 17:49:24.555766', value='3.000000', node='ubuntu', metric='rx', subsystem='enp0s25')
Telemetry(timestamp='03.06.2023 17:49:24.853455', value='1.515152', node='ubuntu', metric='cpu', subsystem=None)
Telemetry(timestamp='03.06.2023 17:49:24.853649', value='8.000000', node='ubuntu', metric='tx', subsystem='enp0s25')
Telemetry(timestamp='03.06.2023 17:49:24.876514', value='3.000000', node='ubuntu', metric='rx', subsystem='enp0s25')
Telemetry(timestamp='03.06.2023 17:49:25.353355', value='1.005025', node='ubuntu', metric='cpu', subsystem=None)
Telemetry(timestamp='03.06.2023 17:49:25.353533', value='8.000000', node='ubuntu', metric='tx', subsystem='enp0s25')
Telemetry(timestamp='03.06.2023 17:49:25.354048', value='6689500.000000', node='ubuntu', metric='ram', subsystem=None)
Telemetry(timestamp='03.06.2023 17:49:25.354087', value='41.830000', node='ubuntu', metric='load1', subsystem=None)
Telemetry(timestamp='03.06.2023 17:49:25.546845', value='3.000000', node='ubuntu', metric='rx', subsystem='enp0s25')
Telemetry(timestamp='03.06.2023 17:49:25.567864', value='20.240000', node='ubuntu', metric='load5', subsystem=None)
Telemetry(timestamp='03.06.2023 17:49:25.853451', value='8.000000', node='ubuntu', metric='tx', subsystem='enp0s25')
Telemetry(timestamp='03.06.2023 17:49:25.854357', value='1.005025', node='ubuntu', metric='cpu', subsystem=None)
Telemetry(timestamp='03.06.2023 17:49:26.612722', value='4.000000', node='ubuntu', metric='rx', subsystem='enp0s25')
Telemetry(timestamp='03.06.2023 17:49:26.353182', value='6688812.000000', node='ubuntu', metric='ram', subsystem=None)
Telemetry(timestamp='03.06.2023 17:49:26.353689', value='4.145078', node='ubuntu', metric='cpu', subsystem=None)
Telemetry(timestamp='03.06.2023 17:49:26.355237', value='8.000000', node='ubuntu', metric='tx', subsystem='enp0s25')
Telemetry(timestamp='03.06.2023 17:49:26.496003', value='4.000000', node='ubuntu', metric='rx', subsystem='enp0s25')
Telemetry(timestamp='03.06.2023 17:49:26.853178', value='2.010050', node='ubuntu', metric='cpu', subsystem=None)
Telemetry(timestamp='03.06.2023 17:49:26.854833', value='8.000000', node='ubuntu', metric='tx', subsystem='enp0s25')
Telemetry(timestamp='03.06.2023 17:49:26.901758', value='3.000000', node='ubuntu', metric='rx', subsystem='enp0s25')
Telemetry(timestamp='03.06.2023 17:49:27.352908', value='1.000000', node='ubuntu', metric='cpu', subsystem=None)
Telemetry(timestamp='03.06.2023 17:49:27.353320', value='6688744.000000', node='ubuntu', metric='ram', subsystem=None)
Telemetry(timestamp='03.06.2023 17:49:27.353714', value='8.000000', node='ubuntu', metric='tx', subsystem='enp0s25')
Telemetry(timestamp='03.06.2023 17:49:27.511804', value='3.000000', node='ubuntu', metric='rx', subsystem='enp0s25')
Telemetry(timestamp='03.06.2023 17:49:27.853758', value='8.000000', node='ubuntu', metric='tx', subsystem='enp0s25')
Telemetry(timestamp='03.06.2023 17:49:27.854755', value='1.990050', node='ubuntu', metric='cpu', subsystem=None)
Telemetry(timestamp='03.06.2023 17:49:27.872334', value='3.000000', node='ubuntu', metric='rx', subsystem='enp0s25')
Telemetry(timestamp='03.06.2023 17:49:28.353584', value='8.000000', node='ubuntu', metric='tx', subsystem='enp0s25')
Telemetry(timestamp='03.06.2023 17:49:28.354063', value='6688744.000000', node='ubuntu', metric='ram', subsystem=None)
Telemetry(timestamp='03.06.2023 17:49:28.354396', value='1.005025', node='ubuntu', metric='cpu', subsystem=None)
Telemetry(timestamp='03.06.2023 17:49:28.524602', value='3.000000', node='ubuntu', metric='rx', subsystem='enp0s25')
Telemetry(timestamp='03.06.2023 17:49:28.853511', value='0.000000', node='ubuntu', metric='cpu', subsystem=None)
Telemetry(timestamp='03.06.2023 17:49:28.854706', value='8.000000', node='ubuntu', metric='tx', subsystem='enp0s25')
Telemetry(timestamp='03.06.2023 17:49:29.497408', value='3.000000', node='ubuntu', metric='rx', subsystem='enp0s25')
Telemetry(timestamp='03.06.2023 17:49:29.353847', value='8.000000', node='ubuntu', metric='tx', subsystem='enp0s25')
Telemetry(timestamp='03.06.2023 17:49:29.354283', value='6688744.000000', node='ubuntu', metric='ram', subsystem=None)
Telemetry(timestamp='03.06.2023 17:49:29.355487', value='2.463054', node='ubuntu', metric='cpu', subsystem=None)
Telemetry(timestamp='03.06.2023 17:49:29.402202', value='3.000000', node='ubuntu', metric='rx', subsystem='enp0s25')
Telemetry(timestamp='03.06.2023 17:49:29.853541', value='0.507614', node='ubuntu', metric='cpu', subsystem=None)
Telemetry(timestamp='03.06.2023 17:49:29.854230', value='8.000000', node='ubuntu', metric='tx', subsystem='enp0s25')
Telemetry(timestamp='03.06.2023 17:49:30.711399', value='4.000000', node='ubuntu', metric='rx', subsystem='enp0s25')
Telemetry(timestamp='03.06.2023 17:49:30.352657', value='38.480000', node='ubuntu', metric='load1', subsystem=None)
Telemetry(timestamp='03.06.2023 17:49:30.352660', value='19.910000', node='ubuntu', metric='load5', subsystem=None)
Telemetry(timestamp='03.06.2023 17:49:30.353376', value='6688740.000000', node='ubuntu', metric='ram', subsystem=None)
Telemetry(timestamp='03.06.2023 17:49:30.353752', value='1.500000', node='ubuntu', metric='cpu', subsystem=None)
Telemetry(timestamp='03.06.2023 17:49:30.354323', value='8.000000', node='ubuntu', metric='tx', subsystem='enp0s25')
Telemetry(timestamp='03.06.2023 17:49:30.494213', value='4.000000', node='ubuntu', metric='rx', subsystem='enp0s25')
Telemetry(timestamp='03.06.2023 17:49:30.853134', value='1.005025', node='ubuntu', metric='cpu', subsystem=None)
Telemetry(timestamp='03.06.2023 17:49:30.855644', value='8.000000', node='ubuntu', metric='tx', subsystem='enp0s25')
Telemetry(timestamp='03.06.2023 17:49:31.877302', value='3.000000', node='ubuntu', metric='rx', subsystem='enp0s25')
Telemetry(timestamp='03.06.2023 17:49:31.354036', value='8.000000', node='ubuntu', metric='tx', subsystem='enp0s25')
Telemetry(timestamp='03.06.2023 17:49:31.354211', value='5.102041', node='ubuntu', metric='cpu', subsystem=None)
Telemetry(timestamp='03.06.2023 17:49:31.354888', value='6688740.000000', node='ubuntu', metric='ram', subsystem=None)
Telemetry(timestamp='03.06.2023 17:49:31.503472', value='4.000000', node='ubuntu', metric='rx', subsystem='enp0s25')
Telemetry(timestamp='03.06.2023 17:49:31.853974', value='1.005025', node='ubuntu', metric='cpu', subsystem=None)
Telemetry(timestamp='03.06.2023 17:49:31.854068', value='8.000000', node='ubuntu', metric='tx', subsystem='enp0s25')
Telemetry(timestamp='03.06.2023 17:49:32.221265', value='3.000000', node='ubuntu', metric='rx', subsystem='enp0s25')
Telemetry(timestamp='03.06.2023 17:49:32.353445', value='0.505051', node='ubuntu', metric='cpu', subsystem=None)
Telemetry(timestamp='03.06.2023 17:49:32.353611', value='6688732.000000', node='ubuntu', metric='ram', subsystem=None)
Telemetry(timestamp='03.06.2023 17:49:32.354333', value='8.000000', node='ubuntu', metric='tx', subsystem='enp0s25')
Telemetry(timestamp='03.06.2023 17:49:32.544365', value='3.000000', node='ubuntu', metric='rx', subsystem='enp0s25')
Telemetry(timestamp='03.06.2023 17:49:32.852907', value='1.000000', node='ubuntu', metric='cpu', subsystem=None)
Telemetry(timestamp='03.06.2023 17:49:32.855017', value='8.000000', node='ubuntu', metric='tx', subsystem='enp0s25')
Telemetry(timestamp='03.06.2023 17:49:33.458370', value='3.000000', node='ubuntu', metric='rx', subsystem='enp0s25')
Telemetry(timestamp='03.06.2023 17:49:33.353140', value='0.000000', node='ubuntu', metric='cpu', subsystem=None)
Telemetry(timestamp='03.06.2023 17:49:33.353429', value='8.000000', node='ubuntu', metric='tx', subsystem='enp0s25')
Telemetry(timestamp='03.06.2023 17:49:33.353778', value='6688732.000000', node='ubuntu', metric='ram', subsystem=None)
Telemetry(timestamp='03.06.2023 17:49:33.382315', value='3.000000', node='ubuntu', metric='rx', subsystem='enp0s25')
Telemetry(timestamp='03.06.2023 17:49:33.853583', value='1.000000', node='ubuntu', metric='cpu', subsystem=None)
Telemetry(timestamp='03.06.2023 17:49:33.853694', value='8.000000', node='ubuntu', metric='tx', subsystem='enp0s25')
Telemetry(timestamp='03.06.2023 17:49:34.495012', value='3.000000', node='ubuntu', metric='rx', subsystem='enp0s25')
Telemetry(timestamp='03.06.2023 17:49:34.354183', value='8.000000', node='ubuntu', metric='tx', subsystem='enp0s25')
Telemetry(timestamp='03.06.2023 17:49:34.354680', value='3.500000', node='ubuntu', metric='cpu', subsystem=None)
Telemetry(timestamp='03.06.2023 17:49:34.354746', value='6688732.000000', node='ubuntu', metric='ram', subsystem=None)
Telemetry(timestamp='03.06.2023 17:49:34.572793', value='3.000000', node='ubuntu', metric='rx', subsystem='enp0s25')
Telemetry(timestamp='03.06.2023 17:49:34.854668', value='2.475248', node='ubuntu', metric='cpu', subsystem=None)
Telemetry(timestamp='03.06.2023 17:49:34.855058', value='8.000000', node='ubuntu', metric='tx', subsystem='enp0s25')
Telemetry(timestamp='03.06.2023 17:49:34.887691', value='3.000000', node='ubuntu', metric='rx', subsystem='enp0s25')
Telemetry(timestamp='03.06.2023 17:49:35.353281', value='35.400000', node='ubuntu', metric='load1', subsystem=None)
Telemetry(timestamp='03.06.2023 17:49:35.353285', value='19.570000', node='ubuntu', metric='load5', subsystem=None)
Telemetry(timestamp='03.06.2023 17:49:35.353358', value='1.500000', node='ubuntu', metric='cpu', subsystem=None)
Telemetry(timestamp='03.06.2023 17:49:35.354242', value='8.000000', node='ubuntu', metric='tx', subsystem='enp0s25')
Telemetry(timestamp='03.06.2023 17:49:35.354935', value='6688732.000000', node='ubuntu', metric='ram', subsystem=None)
Telemetry(timestamp='03.06.2023 17:49:35.500248', value='3.000000', node='ubuntu', metric='rx', subsystem='enp0s25')
Telemetry(timestamp='03.06.2023 17:49:35.853567', value='8.000000', node='ubuntu', metric='tx', subsystem='enp0s25')
Telemetry(timestamp='03.06.2023 17:49:35.853704', value='1.507538', node='ubuntu', metric='cpu', subsystem=None)
Telemetry(timestamp='03.06.2023 17:49:36.158281', value='4.000000', node='ubuntu', metric='rx', subsystem='enp0s25')
Telemetry(timestamp='03.06.2023 17:49:36.354441', value='6688724.000000', node='ubuntu', metric='ram', subsystem=None)
Telemetry(timestamp='03.06.2023 17:49:36.354698', value='6.632653', node='ubuntu', metric='cpu', subsystem=None)
Telemetry(timestamp='03.06.2023 17:49:36.354757', value='8.000000', node='ubuntu', metric='tx', subsystem='enp0s25')
Telemetry(timestamp='03.06.2023 17:49:36.527370', value='4.000000', node='ubuntu', metric='rx', subsystem='enp0s25')
Telemetry(timestamp='03.06.2023 17:49:36.853871', value='8.000000', node='ubuntu', metric='tx', subsystem='enp0s25')
Telemetry(timestamp='03.06.2023 17:49:36.853874', value='1.005025', node='ubuntu', metric='cpu', subsystem=None)
Telemetry(timestamp='03.06.2023 17:49:37.251401', value='3.000000', node='ubuntu', metric='rx', subsystem='enp0s25')
Telemetry(timestamp='03.06.2023 17:49:37.353613', value='8.000000', node='ubuntu', metric='tx', subsystem='enp0s25')
Telemetry(timestamp='03.06.2023 17:49:37.354098', value='6688724.000000', node='ubuntu', metric='ram', subsystem=None)
Telemetry(timestamp='03.06.2023 17:49:37.355206', value='1.500000', node='ubuntu', metric='cpu', subsystem=None)
Telemetry(timestamp='03.06.2023 17:49:37.541404', value='3.000000', node='ubuntu', metric='rx', subsystem='enp0s25')
Telemetry(timestamp='03.06.2023 17:49:37.853514', value='1.010101', node='ubuntu', metric='cpu', subsystem=None)
Telemetry(timestamp='03.06.2023 17:49:37.855147', value='8.000000', node='ubuntu', metric='tx', subsystem='enp0s25')
Telemetry(timestamp='03.06.2023 17:49:37.873920', value='3.000000', node='ubuntu', metric='rx', subsystem='enp0s25')
Telemetry(timestamp='03.06.2023 17:49:38.353995', value='6688724.000000', node='ubuntu', metric='ram', subsystem=None)
Telemetry(timestamp='03.06.2023 17:49:38.354389', value='1.005025', node='ubuntu', metric='cpu', subsystem=None)
Telemetry(timestamp='03.06.2023 17:49:38.354612', value='8.000000', node='ubuntu', metric='tx', subsystem='enp0s25')
Telemetry(timestamp='03.06.2023 17:49:38.585195', value='3.000000', node='ubuntu', metric='rx', subsystem='enp0s25')
Telemetry(timestamp='03.06.2023 17:49:38.853410', value='1.005025', node='ubuntu', metric='cpu', subsystem=None)
Telemetry(timestamp='03.06.2023 17:49:38.856690', value='8.000000', node='ubuntu', metric='tx', subsystem='enp0s25')
Telemetry(timestamp='03.06.2023 17:49:38.992220', value='3.000000', node='ubuntu', metric='rx', subsystem='enp0s25')
Telemetry(timestamp='03.06.2023 17:49:39.353558', value='0.000000', node='ubuntu', metric='cpu', subsystem=None)
Telemetry(timestamp='03.06.2023 17:49:39.353886', value='6688724.000000', node='ubuntu', metric='ram', subsystem=None)
Telemetry(timestamp='03.06.2023 17:49:39.354123', value='8.000000', node='ubuntu', metric='tx', subsystem='enp0s25')
Telemetry(timestamp='03.06.2023 17:49:39.381337', value='3.000000', node='ubuntu', metric='rx', subsystem='enp0s25')
Telemetry(timestamp='03.06.2023 17:49:39.853495', value='8.000000', node='ubuntu', metric='tx', subsystem='enp0s25')
Telemetry(timestamp='03.06.2023 17:49:39.855194', value='1.990050', node='ubuntu', metric='cpu', subsystem=None)
Telemetry(timestamp='03.06.2023 17:49:40.829815', value='3.000000', node='ubuntu', metric='rx', subsystem='enp0s25')
Telemetry(timestamp='03.06.2023 17:49:40.353251', value='3.030303', node='ubuntu', metric='cpu', subsystem=None)
Telemetry(timestamp='03.06.2023 17:49:40.353541', value='8.000000', node='ubuntu', metric='tx', subsystem='enp0s25')
Telemetry(timestamp='03.06.2023 17:49:40.353745', value='32.560000', node='ubuntu', metric='load1', subsystem=None)
Telemetry(timestamp='03.06.2023 17:49:40.354011', value='6688724.000000', node='ubuntu', metric='ram', subsystem=None)
Telemetry(timestamp='03.06.2023 17:49:40.510763', value='3.000000', node='ubuntu', metric='rx', subsystem='enp0s25')
Telemetry(timestamp='03.06.2023 17:49:40.518770', value='19.250000', node='ubuntu', metric='load5', subsystem=None)
Telemetry(timestamp='03.06.2023 17:49:40.853479', value='8.000000', node='ubuntu', metric='tx', subsystem='enp0s25')
Telemetry(timestamp='03.06.2023 17:49:40.855129', value='0.502513', node='ubuntu', metric='cpu', subsystem=None)
Telemetry(timestamp='03.06.2023 17:49:41.253120', value='4.000000', node='ubuntu', metric='rx', subsystem='enp0s25')
Telemetry(timestamp='03.06.2023 17:49:41.353399', value='7.500000', node='ubuntu', metric='cpu', subsystem=None)
Telemetry(timestamp='03.06.2023 17:49:41.354239', value='6687876.000000', node='ubuntu', metric='ram', subsystem=None)
Telemetry(timestamp='03.06.2023 17:49:41.355134', value='8.000000', node='ubuntu', metric='tx', subsystem='enp0s25')
Telemetry(timestamp='03.06.2023 17:49:41.401608', value='4.000000', node='ubuntu', metric='rx', subsystem='enp0s25')
Telemetry(timestamp='03.06.2023 17:49:41.853879', value='8.000000', node='ubuntu', metric='tx', subsystem='enp0s25')
Telemetry(timestamp='03.06.2023 17:49:41.854594', value='1.507538', node='ubuntu', metric='cpu', subsystem=None)
Telemetry(timestamp='03.06.2023 17:49:42.490752', value='3.000000', node='ubuntu', metric='rx', subsystem='enp0s25')
Telemetry(timestamp='03.06.2023 17:49:42.353008', value='6687716.000000', node='ubuntu', metric='ram', subsystem=None)
Telemetry(timestamp='03.06.2023 17:49:42.354906', value='1.492537', node='ubuntu', metric='cpu', subsystem=None)
Telemetry(timestamp='03.06.2023 17:49:42.355093', value='8.000000', node='ubuntu', metric='tx', subsystem='enp0s25')
Telemetry(timestamp='03.06.2023 17:49:42.473462', value='3.000000', node='ubuntu', metric='rx', subsystem='enp0s25')
Telemetry(timestamp='03.06.2023 17:49:42.853635', value='1.005025', node='ubuntu', metric='cpu', subsystem=None)
Telemetry(timestamp='03.06.2023 17:49:42.855049', value='8.000000', node='ubuntu', metric='tx', subsystem='enp0s25')
Telemetry(timestamp='03.06.2023 17:49:43.131938', value='3.000000', node='ubuntu', metric='rx', subsystem='enp0s25')
Telemetry(timestamp='03.06.2023 17:49:43.352962', value='0.505051', node='ubuntu', metric='cpu', subsystem=None)
Telemetry(timestamp='03.06.2023 17:49:43.353575', value='8.000000', node='ubuntu', metric='tx', subsystem='enp0s25')
Telemetry(timestamp='03.06.2023 17:49:43.354077', value='6687716.000000', node='ubuntu', metric='ram', subsystem=None)
Telemetry(timestamp='03.06.2023 17:49:43.486689', value='4.000000', node='ubuntu', metric='rx', subsystem='enp0s25')
Telemetry(timestamp='03.06.2023 17:49:43.853302', value='0.502513', node='ubuntu', metric='cpu', subsystem=None)
Telemetry(timestamp='03.06.2023 17:49:43.853703', value='8.000000', node='ubuntu', metric='tx', subsystem='enp0s25')
Telemetry(timestamp='03.06.2023 17:49:43.994036', value='4.000000', node='ubuntu', metric='rx', subsystem='enp0s25')
Telemetry(timestamp='03.06.2023 17:49:44.353496', value='2.020202', node='ubuntu', metric='cpu', subsystem=None)
Telemetry(timestamp='03.06.2023 17:49:44.353915', value='6687716.000000', node='ubuntu', metric='ram', subsystem=None)
Telemetry(timestamp='03.06.2023 17:49:44.354345', value='8.000000', node='ubuntu', metric='tx', subsystem='enp0s25')
Telemetry(timestamp='03.06.2023 17:49:44.523066', value='3.000000', node='ubuntu', metric='rx', subsystem='enp0s25')
Telemetry(timestamp='03.06.2023 17:49:44.853327', value='1.010101', node='ubuntu', metric='cpu', subsystem=None)
Telemetry(timestamp='03.06.2023 17:49:44.855335', value='8.000000', node='ubuntu', metric='tx', subsystem='enp0s25')
Telemetry(timestamp='03.06.2023 17:49:44.884444', value='3.000000', node='ubuntu', metric='rx', subsystem='enp0s25')
Telemetry(timestamp='03.06.2023 17:49:45.352837', value='29.960000', node='ubuntu', metric='load1', subsystem=None)
Telemetry(timestamp='03.06.2023 17:49:45.353054', value='1.010101', node='ubuntu', metric='cpu', subsystem=None)
Telemetry(timestamp='03.06.2023 17:49:45.353928', value='6687716.000000', node='ubuntu', metric='ram', subsystem=None)
Telemetry(timestamp='03.06.2023 17:49:45.355483', value='8.000000', node='ubuntu', metric='tx', subsystem='enp0s25')
Telemetry(timestamp='03.06.2023 17:49:45.356243', value='18.930000', node='ubuntu', metric='load5', subsystem=None)
Telemetry(timestamp='03.06.2023 17:49:45.379171', value='3.000000', node='ubuntu', metric='rx', subsystem='enp0s25')
Telemetry(timestamp='03.06.2023 17:49:45.853633', value='1.005025', node='ubuntu', metric='cpu', subsystem=None)
Telemetry(timestamp='03.06.2023 17:49:45.853878', value='8.000000', node='ubuntu', metric='tx', subsystem='enp0s25')
Telemetry(timestamp='03.06.2023 17:49:46.595230', value='4.000000', node='ubuntu', metric='rx', subsystem='enp0s25')
Telemetry(timestamp='03.06.2023 17:49:46.353242', value='5.583756', node='ubuntu', metric='cpu', subsystem=None)
Telemetry(timestamp='03.06.2023 17:49:46.353818', value='6675896.000000', node='ubuntu', metric='ram', subsystem=None)
Telemetry(timestamp='03.06.2023 17:49:46.354375', value='8.000000', node='ubuntu', metric='tx', subsystem='enp0s25')
Telemetry(timestamp='03.06.2023 17:49:46.566040', value='3.000000', node='ubuntu', metric='rx', subsystem='enp0s25')
Telemetry(timestamp='03.06.2023 17:49:46.853319', value='0.505051', node='ubuntu', metric='cpu', subsystem=None)
Telemetry(timestamp='03.06.2023 17:49:46.854918', value='8.000000', node='ubuntu', metric='tx', subsystem='enp0s25')
Telemetry(timestamp='03.06.2023 17:49:47.769460', value='3.000000', node='ubuntu', metric='rx', subsystem='enp0s25')
Telemetry(timestamp='03.06.2023 17:49:47.353051', value='6676000.000000', node='ubuntu', metric='ram', subsystem=None)
Telemetry(timestamp='03.06.2023 17:49:47.353183', value='1.005025', node='ubuntu', metric='cpu', subsystem=None)
Telemetry(timestamp='03.06.2023 17:49:47.354068', value='8.000000', node='ubuntu', metric='tx', subsystem='enp0s25')
Telemetry(timestamp='03.06.2023 17:49:47.484037', value='3.000000', node='ubuntu', metric='rx', subsystem='enp0s25')
Telemetry(timestamp='03.06.2023 17:49:47.853283', value='0.502513', node='ubuntu', metric='cpu', subsystem=None)
Telemetry(timestamp='03.06.2023 17:49:47.853627', value='8.000000', node='ubuntu', metric='tx', subsystem='enp0s25')
Telemetry(timestamp='03.06.2023 17:49:47.867764', value='3.000000', node='ubuntu', metric='rx', subsystem='enp0s25')
Telemetry(timestamp='03.06.2023 17:49:48.353740', value='8.000000', node='ubuntu', metric='tx', subsystem='enp0s25')
Telemetry(timestamp='03.06.2023 17:49:48.354494', value='6676000.000000', node='ubuntu', metric='ram', subsystem=None)
Telemetry(timestamp='03.06.2023 17:49:48.354709', value='0.502513', node='ubuntu', metric='cpu', subsystem=None)
Telemetry(timestamp='03.06.2023 17:49:48.489806', value='3.000000', node='ubuntu', metric='rx', subsystem='enp0s25')
Telemetry(timestamp='03.06.2023 17:49:48.854910', value='8.000000', node='ubuntu', metric='tx', subsystem='enp0s25')
Telemetry(timestamp='03.06.2023 17:49:48.855041', value='0.000000', node='ubuntu', metric='cpu', subsystem=None)
Telemetry(timestamp='03.06.2023 17:49:49.113394', value='3.000000', node='ubuntu', metric='rx', subsystem='enp0s25')
Telemetry(timestamp='03.06.2023 17:49:49.352886', value='0.000000', node='ubuntu', metric='cpu', subsystem=None)
Telemetry(timestamp='03.06.2023 17:49:49.353509', value='6676000.000000', node='ubuntu', metric='ram', subsystem=None)
Telemetry(timestamp='03.06.2023 17:49:49.355255', value='8.000000', node='ubuntu', metric='tx', subsystem='enp0s25')
Telemetry(timestamp='03.06.2023 17:49:49.541142', value='3.000000', node='ubuntu', metric='rx', subsystem='enp0s25')
Telemetry(timestamp='03.06.2023 17:49:49.853582', value='8.000000', node='ubuntu', metric='tx', subsystem='enp0s25')
Telemetry(timestamp='03.06.2023 17:49:49.854210', value='1.000000', node='ubuntu', metric='cpu', subsystem=None)
Telemetry(timestamp='03.06.2023 17:49:50.335462', value='3.000000', node='ubuntu', metric='rx', subsystem='enp0s25')
Telemetry(timestamp='03.06.2023 17:49:50.352538', value='27.560000', node='ubuntu', metric='load1', subsystem=None)
Telemetry(timestamp='03.06.2023 17:49:50.352541', value='18.620000', node='ubuntu', metric='load5', subsystem=None)
Telemetry(timestamp='03.06.2023 17:49:50.353810', value='6676000.000000', node='ubuntu', metric='ram', subsystem=None)
Telemetry(timestamp='03.06.2023 17:49:50.353965', value='8.000000', node='ubuntu', metric='tx', subsystem='enp0s25')
Telemetry(timestamp='03.06.2023 17:49:50.355177', value='0.000000', node='ubuntu', metric='cpu', subsystem=None)
Telemetry(timestamp='03.06.2023 17:49:50.568730', value='3.000000', node='ubuntu', metric='rx', subsystem='enp0s25')
Telemetry(timestamp='03.06.2023 17:49:50.852900', value='1.000000', node='ubuntu', metric='cpu', subsystem=None)
Telemetry(timestamp='03.06.2023 17:49:50.854985', value='8.000000', node='ubuntu', metric='tx', subsystem='enp0s25')
Telemetry(timestamp='03.06.2023 17:49:51.510102', value='3.000000', node='ubuntu', metric='rx', subsystem='enp0s25')
Telemetry(timestamp='03.06.2023 17:49:51.353002', value='6.598985', node='ubuntu', metric='cpu', subsystem=None)
Telemetry(timestamp='03.06.2023 17:49:51.353237', value='8.000000', node='ubuntu', metric='tx', subsystem='enp0s25')
Telemetry(timestamp='03.06.2023 17:49:51.353425', value='6676252.000000', node='ubuntu', metric='ram', subsystem=None)
Telemetry(timestamp='03.06.2023 17:49:51.579279', value='4.000000', node='ubuntu', metric='rx', subsystem='enp0s25')
Telemetry(timestamp='03.06.2023 17:49:51.853127', value='0.000000', node='ubuntu', metric='cpu', subsystem=None)
Telemetry(timestamp='03.06.2023 17:49:51.853510', value='8.000000', node='ubuntu', metric='tx', subsystem='enp0s25')
Telemetry(timestamp='03.06.2023 17:49:52.160455', value='3.000000', node='ubuntu', metric='rx', subsystem='enp0s25')
Telemetry(timestamp='03.06.2023 17:49:52.353357', value='1.000000', node='ubuntu', metric='cpu', subsystem=None)
Telemetry(timestamp='03.06.2023 17:49:52.353707', value='8.000000', node='ubuntu', metric='tx', subsystem='enp0s25')
Telemetry(timestamp='03.06.2023 17:49:52.354328', value='6676252.000000', node='ubuntu', metric='ram', subsystem=None)
Telemetry(timestamp='03.06.2023 17:49:52.489628', value='3.000000', node='ubuntu', metric='rx', subsystem='enp0s25')