Telemetry(timestamp='03.06.2023 10:54:36.614041', value='0.505051', node='ubuntu', metric='cpu', subsystem=None)
Telemetry(timestamp='03.06.2023 10:54:36.614295', value='10.000000', node='ubuntu', metric='tx', subsystem='enp0s25')
Telemetry(timestamp='03.06.2023 10:54:36.842777', value='4.000000', node='ubuntu', metric='rx', subsystem='enp0s25')
Telemetry(timestamp='03.06.2023 10:54:37.113691', value='2.538071', node='ubuntu', metric='cpu', subsystem=None)
Telemetry(timestamp='03.06.2023 10:54:37.114163', value='1040928.000000', node='ubuntu', metric='ram', subsystem=None)
Telemetry(timestamp='03.06.2023 10:54:37.114744', value='10.000000', node='ubuntu', metric='tx', subsystem='enp0s25')
Telemetry(timestamp='03.06.2023 10:54:37.177754', value='5.000000', node='ubuntu', metric='rx', subsystem='enp0s25')
Telemetry(timestamp='03.06.2023 10:54:37.613539', value='10.000000', node='ubuntu', metric='tx', subsystem='enp0s25')
Telemetry(timestamp='03.06.2023 10:54:37.614206', value='4.060914', node='ubuntu', metric='cpu', subsystem=None)
Telemetry(timestamp='03.06.2023 10:54:37.997274', value='6.000000', node='ubuntu', metric='rx', subsystem='enp0s25')
Telemetry(timestamp='03.06.2023 10:54:38.113292', value='0.505051', node='ubuntu', metric='cpu', subsystem=None)
Telemetry(timestamp='03.06.2023 10:54:38.113875', value='1040928.000000', node='ubuntu', metric='ram', subsystem=None)
Telemetry(timestamp='03.06.2023 10:54:38.115803', value='10.000000', node='ubuntu', metric='tx', subsystem='enp0s25')
Telemetry(timestamp='03.06.2023 10:54:38.201550', value='7.000000', node='ubuntu', metric='rx', subsystem='enp0s25')
Telemetry(timestamp='03.06.2023 10:54:38.613838', value='0.505051', node='ubuntu', metric='cpu', subsystem=None)
Telemetry(timestamp='03.06.2023 10:54:38.614572', value='10.000000', node='ubuntu', metric='tx', subsystem='enp0s25')
Telemetry(timestamp='03.06.2023 10:54:38.805923', value='6.000000', node='ubuntu', metric='rx', subsystem='enp0s25')
Telemetry(timestamp='03.06.2023 10:54:39.114532', value='10.000000', node='ubuntu', metric='tx', subsystem='enp0s25')
Telemetry(timestamp='03.06.2023 10:54:39.114844', value='1.005025', node='ubuntu', metric='cpu', subsystem=None)
Telemetry(timestamp='03.06.2023 10:54:39.271850', value='5.000000', node='ubuntu', metric='rx', subsystem='enp0s25')
Telemetry(timestamp='03.06.2023 10:54:39.113890', value='1040928.000000', node='ubuntu', metric='ram', subsystem=None)
Telemetry(timestamp='03.06.2023 10:54:39.613497', value='1.010101', node='ubuntu', metric='cpu', subsystem=None)
Telemetry(timestamp='03.06.2023 10:54:39.613697', value='11.000000', node='ubuntu', metric='tx', subsystem='enp0s25')
Telemetry(timestamp='03.06.2023 10:54:39.617382', value='6.000000', node='ubuntu', metric='rx', subsystem='enp0s25')
Telemetry(timestamp='03.06.2023 10:54:40.113273', value='1040928.000000', node='ubuntu', metric='ram', subsystem=None)
Telemetry(timestamp='03.06.2023 10:54:40.114083', value='0.507614', node='ubuntu', metric='cpu', subsystem=None)
Telemetry(timestamp='03.06.2023 10:54:40.114335', value='10.000000', node='ubuntu', metric='tx', subsystem='enp0s25')
Telemetry(timestamp='03.06.2023 10:54:40.249361', value='6.000000', node='ubuntu', metric='rx', subsystem='enp0s25')
Telemetry(timestamp='03.06.2023 10:54:40.613732', value='0.502513', node='ubuntu', metric='cpu', subsystem=None)
Telemetry(timestamp='03.06.2023 10:54:40.613876', value='9.000000', node='ubuntu', metric='tx', subsystem='enp0s25')
Telemetry(timestamp='03.06.2023 10:54:40.673478', value='5.000000', node='ubuntu', metric='rx', subsystem='enp0s25')
Telemetry(timestamp='03.06.2023 10:54:41.113524', value='0.000000', node='ubuntu', metric='load1', subsystem=None)
Telemetry(timestamp='03.06.2023 10:54:41.113527', value='0.250000', node='ubuntu', metric='load5', subsystem=None)
Telemetry(timestamp='03.06.2023 10:54:41.114081', value='0.505051', node='ubuntu', metric='cpu', subsystem=None)
Telemetry(timestamp='03.06.2023 10:54:41.113917', value='9.000000', node='ubuntu', metric='tx', subsystem='enp0s25')
Telemetry(timestamp='03.06.2023 10:54:41.114186', value='1040928.000000', node='ubuntu', metric='ram', subsystem=None)
Telemetry(timestamp='03.06.2023 10:54:41.254396', value='4.000000', node='ubuntu', metric='rx', subsystem='enp0s25')
Telemetry(timestamp='03.06.2023 10:54:41.614507', value='0.000000', node='ubuntu', metric='cpu', subsystem=None)
Telemetry(timestamp='03.06.2023 10:54:41.614828', value='10.000000', node='ubuntu', metric='tx', subsystem='enp0s25')
Telemetry(timestamp='03.06.2023 10:54:41.627691', value='5.000000', node='ubuntu', metric='rx', subsystem='enp0s25')
Telemetry(timestamp='03.06.2023 10:54:42.113331', value='1040928.000000', node='ubuntu', metric='ram', subsystem=None)
Telemetry(timestamp='03.06.2023 10:54:42.114032', value='2.551020', node='ubuntu', metric='cpu', subsystem=None)
Telemetry(timestamp='03.06.2023 10:54:42.115047', value='10.000000', node='ubuntu', metric='tx', subsystem='enp0s25')
Telemetry(timestamp='03.06.2023 10:54:42.281539', value='4.000000', node='ubuntu', metric='rx', subsystem='enp0s25')
Telemetry(timestamp='03.06.2023 10:54:42.613507', value='3.553299', node='ubuntu', metric='cpu', subsystem=None)
Telemetry(timestamp='03.06.2023 10:54:42.615340', value='9.000000', node='ubuntu', metric='tx', subsystem='enp0s25')
Telemetry(timestamp='03.06.2023 10:54:42.767999', value='4.000000', node='ubuntu', metric='rx', subsystem='enp0s25')
Telemetry(timestamp='03.06.2023 10:54:43.113162', value='23.857868', node='ubuntu', metric='cpu', subsystem=None)
Telemetry(timestamp='03.06.2023 10:54:43.113367', value='1097120.000000', node='ubuntu', metric='ram', subsystem=None)
Telemetry(timestamp='03.06.2023 10:54:43.115357', value='29.000000', node='ubuntu', metric='tx', subsystem='enp0s25')
Telemetry(timestamp='03.06.2023 10:54:43.142281', value='536.000000', node='ubuntu', metric='rx', subsystem='enp0s25')
Telemetry(timestamp='03.06.2023 10:54:43.613194', value='78.000000', node='ubuntu', metric='tx', subsystem='enp0s25')
Telemetry(timestamp='03.06.2023 10:54:43.613621', value='25.757576', node='ubuntu', metric='cpu', subsystem=None)
Telemetry(timestamp='03.06.2023 10:54:43.815940', value='2169.000000', node='ubuntu', metric='rx', subsystem='enp0s25')
Telemetry(timestamp='03.06.2023 10:54:44.113467', value='58.000000', node='ubuntu', metric='tx', subsystem='enp0s25')
Telemetry(timestamp='03.06.2023 10:54:44.113559', value='1098356.000000', node='ubuntu', metric='ram', subsystem=None)
Telemetry(timestamp='03.06.2023 10:54:44.113795', value='25.125628', node='ubuntu', metric='cpu', subsystem=None)
Telemetry(timestamp='03.06.2023 10:54:44.116666', value='1643.000000', node='ubuntu', metric='rx', subsystem='enp0s25')
Telemetry(timestamp='03.06.2023 10:54:44.613493', value='47.500000', node='ubuntu', metric='cpu', subsystem=None)
Telemetry(timestamp='03.06.2023 10:54:44.614014', value='10.000000', node='ubuntu', metric='tx', subsystem='enp0s25')
Telemetry(timestamp='03.06.2023 10:54:44.782624', value='5.000000', node='ubuntu', metric='rx', subsystem='enp0s25')
Telemetry(timestamp='03.06.2023 10:54:45.113074', value='1104644.000000', node='ubuntu', metric='ram', subsystem=None)
Telemetry(timestamp='03.06.2023 10:54:45.113665', value='12.000000', node='ubuntu', metric='tx', subsystem='enp0s25')
Telemetry(timestamp='03.06.2023 10:54:45.114043', value='47.500000', node='ubuntu', metric='cpu', subsystem=None)
Telemetry(timestamp='03.06.2023 10:54:45.251600', value='4.000000', node='ubuntu', metric='rx', subsystem='enp0s25')
Telemetry(timestamp='03.06.2023 10:54:45.613282', value='48.743719', node='ubuntu', metric='cpu', subsystem=None)
Telemetry(timestamp='03.06.2023 10:54:45.614246', value='12.000000', node='ubuntu', metric='tx', subsystem='enp0s25')
Telemetry(timestamp='03.06.2023 10:54:45.701302', value='5.000000', node='ubuntu', metric='rx', subsystem='enp0s25')
Telemetry(timestamp='03.06.2023 10:54:46.112557', value='1104884.000000', node='ubuntu', metric='ram', subsystem=None)
Telemetry(timestamp='03.06.2023 10:54:46.112616', value='0.000000', node='ubuntu', metric='load1', subsystem=None)
Telemetry(timestamp='03.06.2023 10:54:46.113401', value='15.000000', node='ubuntu', metric='tx', subsystem='enp0s25')
Telemetry(timestamp='03.06.2023 10:54:46.113435', value='46.464646', node='ubuntu', metric='cpu', subsystem=None)
Telemetry(timestamp='03.06.2023 10:54:46.168186', value='0.250000', node='ubuntu', metric='load5', subsystem=None)
Telemetry(timestamp='03.06.2023 10:54:46.173675', value='6.000000', node='ubuntu', metric='rx', subsystem='enp0s25')
Telemetry(timestamp='03.06.2023 10:54:46.613313', value='48.743719', node='ubuntu', metric='cpu', subsystem=None)
Telemetry(timestamp='03.06.2023 10:54:46.615289', value='16.000000', node='ubuntu', metric='tx', subsystem='enp0s25')
Telemetry(timestamp='03.06.2023 10:54:46.792827', value='7.000000', node='ubuntu', metric='rx', subsystem='enp0s25')
Telemetry(timestamp='03.06.2023 10:54:47.113237', value='1107124.000000', node='ubuntu', metric='ram', subsystem=None)
Telemetry(timestamp='03.06.2023 10:54:47.113238', value='14.000000', node='ubuntu', metric='tx', subsystem='enp0s25')
Telemetry(timestamp='03.06.2023 10:54:47.113472', value='48.500000', node='ubuntu', metric='cpu', subsystem=None)
Telemetry(timestamp='03.06.2023 10:54:47.297478', value='6.000000', node='ubuntu', metric='rx', subsystem='enp0s25')
Telemetry(timestamp='03.06.2023 10:54:47.614043', value='15.000000', node='ubuntu', metric='tx', subsystem='enp0s25')
Telemetry(timestamp='03.06.2023 10:54:47.614087', value='46.969697', node='ubuntu', metric='cpu', subsystem=None)
Telemetry(timestamp='03.06.2023 10:54:47.711272', value='6.000000', node='ubuntu', metric='rx', subsystem='enp0s25')
Telemetry(timestamp='03.06.2023 10:54:48.113147', value='48.258706', node='ubuntu', metric='cpu', subsystem=None)
Telemetry(timestamp='03.06.2023 10:54:48.113280', value='1101860.000000', node='ubuntu', metric='ram', subsystem=None)
Telemetry(timestamp='03.06.2023 10:54:48.114196', value='14.000000', node='ubuntu', metric='tx', subsystem='enp0s25')
Telemetry(timestamp='03.06.2023 10:54:48.329684', value='6.000000', node='ubuntu', metric='rx', subsystem='enp0s25')
Telemetry(timestamp='03.06.2023 10:54:48.613300', value='15.000000', node='ubuntu', metric='tx', subsystem='enp0s25')
Telemetry(timestamp='03.06.2023 10:54:48.613842', value='47.500000', node='ubuntu', metric='cpu', subsystem=None)
Telemetry(timestamp='03.06.2023 10:54:48.617670', value='6.000000', node='ubuntu', metric='rx', subsystem='enp0s25')
Telemetry(timestamp='03.06.2023 10:54:49.113457', value='48.484848', node='ubuntu', metric='cpu', subsystem=None)
Telemetry(timestamp='03.06.2023 10:54:49.113590', value='1097612.000000', node='ubuntu', metric='ram', subsystem=None)
Telemetry(timestamp='03.06.2023 10:54:49.114893', value='14.000000', node='ubuntu', metric='tx', subsystem='enp0s25')
Telemetry(timestamp='03.06.2023 10:54:49.131881', value='5.000000', node='ubuntu', metric='rx', subsystem='enp0s25')
Telemetry(timestamp='03.06.2023 10:54:49.612702', value='47.000000', node='ubuntu', metric='cpu', subsystem=None)
Telemetry(timestamp='03.06.2023 10:54:49.614231', value='14.000000', node='ubuntu', metric='tx', subsystem='enp0s25')
Telemetry(timestamp='03.06.2023 10:54:49.660685', value='5.000000', node='ubuntu', metric='rx', subsystem='enp0s25')
Telemetry(timestamp='03.06.2023 10:54:50.113472', value='46.733668', node='ubuntu', metric='cpu', subsystem=None)
Telemetry(timestamp='03.06.2023 10:54:50.113662', value='1105676.000000', node='ubuntu', metric='ram', subsystem=None)
Telemetry(timestamp='03.06.2023 10:54:50.114240', value='15.000000', node='ubuntu', metric='tx', subsystem='enp0s25')
Telemetry(timestamp='03.06.2023 10:54:50.284626', value='6.000000', node='ubuntu', metric='rx', subsystem='enp0s25')
Telemetry(timestamp='03.06.2023 10:54:50.613168', value='14.000000', node='ubuntu', metric='tx', subsystem='enp0s25')
Telemetry(timestamp='03.06.2023 10:54:50.614460', value='48.241206', node='ubuntu', metric='cpu', subsystem=None)
Telemetry(timestamp='03.06.2023 10:54:50.804517', value='6.000000', node='ubuntu', metric='rx', subsystem='enp0s25')
Telemetry(timestamp='03.06.2023 10:54:51.113373', value='0.280000', node='ubuntu', metric='load5', subsystem=None)
Telemetry(timestamp='03.06.2023 10:54:51.113372', value='0.160000', node='ubuntu', metric='load1', subsystem=None)
Telemetry(timestamp='03.06.2023 10:54:51.113236', value='47.000000', node='ubuntu', metric='cpu', subsystem=None)
Telemetry(timestamp='03.06.2023 10:54:51.113585', value='1101544.000000', node='ubuntu', metric='ram', subsystem=None)
Telemetry(timestamp='03.06.2023 10:54:51.114563', value='14.000000', node='ubuntu', metric='tx', subsystem='enp0s25')
Telemetry(timestamp='03.06.2023 10:54:51.206856', value='5.000000', node='ubuntu', metric='rx', subsystem='enp0s25')
Telemetry(timestamp='03.06.2023 10:54:51.614489', value='48.500000', node='ubuntu', metric='cpu', subsystem=None)
Telemetry(timestamp='03.06.2023 10:54:51.613427', value='14.000000', node='ubuntu', metric='tx', subsystem='enp0s25')
Telemetry(timestamp='03.06.2023 10:54:51.824258', value='5.000000', node='ubuntu', metric='rx', subsystem='enp0s25')
Telemetry(timestamp='03.06.2023 10:54:52.113505', value='1107832.000000', node='ubuntu', metric='ram', subsystem=None)
Telemetry(timestamp='03.06.2023 10:54:52.117046', value='48.743719', node='ubuntu', metric='cpu', subsystem=None)
Telemetry(timestamp='03.06.2023 10:54:52.117277', value='14.000000', node='ubuntu', metric='tx', subsystem='enp0s25')
Telemetry(timestamp='03.06.2023 10:54:52.320638', value='6.000000', node='ubuntu', metric='rx', subsystem='enp0s25')
Telemetry(timestamp='03.06.2023 10:54:52.613528', value='15.000000', node='ubuntu', metric='tx', subsystem='enp0s25')
Telemetry(timestamp='03.06.2023 10:54:52.613973', value='47.000000', node='ubuntu', metric='cpu', subsystem=None)
Telemetry(timestamp='03.06.2023 10:54:52.730918', value='6.000000', node='ubuntu', metric='rx', subsystem='enp0s25')
Telemetry(timestamp='03.06.2023 10:54:53.113038', value='1093312.000000', node='ubuntu', metric='ram', subsystem=None)
Telemetry(timestamp='03.06.2023 10:54:53.113904', value='48.743719', node='ubuntu', metric='cpu', subsystem=None)
Telemetry(timestamp='03.06.2023 10:54:53.115206', value='14.000000', node='ubuntu', metric='tx', subsystem='enp0s25')
Telemetry(timestamp='03.06.2023 10:54:53.243652', value='5.000000', node='ubuntu', metric='rx', subsystem='enp0s25')
Telemetry(timestamp='03.06.2023 10:54:53.613151', value='47.263682', node='ubuntu', metric='cpu', subsystem=None)
Telemetry(timestamp='03.06.2023 10:54:53.614467', value='14.000000', node='ubuntu', metric='tx', subsystem='enp0s25')
Telemetry(timestamp='03.06.2023 10:54:53.653722', value='5.000000', node='ubuntu', metric='rx', subsystem='enp0s25')
Telemetry(timestamp='03.06.2023 10:54:54.112856', value='48.241206', node='ubuntu', metric='cpu', subsystem=None)
Telemetry(timestamp='03.06.2023 10:54:54.113086', value='1099612.000000', node='ubuntu', metric='ram', subsystem=None)
Telemetry(timestamp='03.06.2023 10:54:54.113987', value='14.000000', node='ubuntu', metric='tx', subsystem='enp0s25')
Telemetry(timestamp='03.06.2023 10:54:54.378964', value='5.000000', node='ubuntu', metric='rx', subsystem='enp0s25')
Telemetry(timestamp='03.06.2023 10:54:54.613805', value='15.000000', node='ubuntu', metric='tx', subsystem='enp0s25')
Telemetry(timestamp='03.06.2023 10:54:54.614979', value='46.464646', node='ubuntu', metric='cpu', subsystem=None)
Telemetry(timestamp='03.06.2023 10:54:54.789569', value='6.000000', node='ubuntu', metric='rx', subsystem='enp0s25')
Telemetry(timestamp='03.06.2023 10:54:55.113266', value='1097820.000000', node='ubuntu', metric='ram', subsystem=None)
Telemetry(timestamp='03.06.2023 10:54:55.113606', value='16.000000', node='ubuntu', metric='tx', subsystem='enp0s25')
Telemetry(timestamp='03.06.2023 10:54:55.113709', value='46.733668', node='ubuntu', metric='cpu', subsystem=None)
Telemetry(timestamp='03.06.2023 10:54:55.185904', value='6.000000', node='ubuntu', metric='rx', subsystem='enp0s25')
Telemetry(timestamp='03.06.2023 10:54:55.613642', value='14.000000', node='ubuntu', metric='tx', subsystem='enp0s25')
Telemetry(timestamp='03.06.2023 10:54:55.613800', value='49.000000', node='ubuntu', metric='cpu', subsystem=None)
Telemetry(timestamp='03.06.2023 10:54:55.798071', value='5.000000', node='ubuntu', metric='rx', subsystem='enp0s25')
Telemetry(timestamp='03.06.2023 10:54:56.113003', value='0.310000', node='ubuntu', metric='load1', subsystem=None)
Telemetry(timestamp='03.06.2023 10:54:56.113004', value='0.310000', node='ubuntu', metric='load5', subsystem=None)
Telemetry(timestamp='03.06.2023 10:54:56.113219', value='1093420.000000', node='ubuntu', metric='ram', subsystem=None)
Telemetry(timestamp='03.06.2023 10:54:56.113829', value='46.733668', node='ubuntu', metric='cpu', subsystem=None)
Telemetry(timestamp='03.06.2023 10:54:56.114199', value='14.000000', node='ubuntu', metric='tx', subsystem='enp0s25')
Telemetry(timestamp='03.06.2023 10:54:56.183296', value='6.000000', node='ubuntu', metric='rx', subsystem='enp0s25')
Telemetry(timestamp='03.06.2023 10:54:56.613535', value='48.743719', node='ubuntu', metric='cpu', subsystem=None)
Telemetry(timestamp='03.06.2023 10:54:56.614130', value='14.000000', node='ubuntu', metric='tx', subsystem='enp0s25')
Telemetry(timestamp='03.06.2023 10:54:56.832968', value='6.000000', node='ubuntu', metric='rx', subsystem='enp0s25')
Telemetry(timestamp='03.06.2023 10:54:57.113019', value='1099720.000000', node='ubuntu', metric='ram', subsystem=None)
Telemetry(timestamp='03.06.2023 10:54:57.114116', value='48.241206', node='ubuntu', metric='cpu', subsystem=None)
Telemetry(timestamp='03.06.2023 10:54:57.114131', value='14.000000', node='ubuntu', metric='tx', subsystem='enp0s25')
Telemetry(timestamp='03.06.2023 10:54:57.236385', value='6.000000', node='ubuntu', metric='rx', subsystem='enp0s25')
Telemetry(timestamp='03.06.2023 10:54:57.614428', value='46.464646', node='ubuntu', metric='cpu', subsystem=None)
Telemetry(timestamp='03.06.2023 10:54:57.614532', value='15.000000', node='ubuntu', metric='tx', subsystem='enp0s25')
Telemetry(timestamp='03.06.2023 10:54:57.757183', value='5.000000', node='ubuntu', metric='rx', subsystem='enp0s25')
Telemetry(timestamp='03.06.2023 10:54:58.113400', value='1105768.000000', node='ubuntu', metric='ram', subsystem=None)
Telemetry(timestamp='03.06.2023 10:54:58.114133', value='48.743719', node='ubuntu', metric='cpu', subsystem=None)
Telemetry(timestamp='03.06.2023 10:54:58.114354', value='14.000000', node='ubuntu', metric='tx', subsystem='enp0s25')
Telemetry(timestamp='03.06.2023 10:54:58.258503', value='5.000000', node='ubuntu', metric='rx', subsystem='enp0s25')
Telemetry(timestamp='03.06.2023 10:54:58.613513', value='14.000000', node='ubuntu', metric='tx', subsystem='enp0s25')
Telemetry(timestamp='03.06.2023 10:54:58.613845', value='46.733668', node='ubuntu', metric='cpu', subsystem=None)
Telemetry(timestamp='03.06.2023 10:54:58.673088', value='5.000000', node='ubuntu', metric='rx', subsystem='enp0s25')
Telemetry(timestamp='03.06.2023 10:54:59.113218', value='48.223350', node='ubuntu', metric='cpu', subsystem=None)
Telemetry(timestamp='03.06.2023 10:54:59.114154', value='14.000000', node='ubuntu', metric='tx', subsystem='enp0s25')
Telemetry(timestamp='03.06.2023 10:54:59.114567', value='1090828.000000', node='ubuntu', metric='ram', subsystem=None)
Telemetry(timestamp='03.06.2023 10:54:59.284346', value='5.000000', node='ubuntu', metric='rx', subsystem='enp0s25')
Telemetry(timestamp='03.06.2023 10:54:59.613580', value='14.000000', node='ubuntu', metric='tx', subsystem='enp0s25')
Telemetry(timestamp='03.06.2023 10:54:59.614883', value='46.766169', node='ubuntu', metric='cpu', subsystem=None)
Telemetry(timestamp='03.06.2023 10:54:59.797142', value='6.000000', node='ubuntu', metric='rx', subsystem='enp0s25')
Telemetry(timestamp='03.06.2023 10:55:00.113788', value='15.000000', node='ubuntu', metric='tx', subsystem='enp0s25')
Telemetry(timestamp='03.06.2023 10:55:00.114048', value='46.969697', node='ubuntu', metric='cpu', subsystem=None)
Telemetry(timestamp='03.06.2023 10:55:00.114418', value='1099144.000000', node='ubuntu', metric='ram', subsystem=None)
Telemetry(timestamp='03.06.2023 10:55:00.165652', value='5.000000', node='ubuntu', metric='rx', subsystem='enp0s25')
Telemetry(timestamp='03.06.2023 10:55:00.614615', value='48.500000', node='ubuntu', metric='cpu', subsystem=None)
Telemetry(timestamp='03.06.2023 10:55:00.614626', value='14.000000', node='ubuntu', metric='tx', subsystem='enp0s25')
Telemetry(timestamp='03.06.2023 10:55:00.817335', value='6.000000', node='ubuntu', metric='rx', subsystem='enp0s25')
Telemetry(timestamp='03.06.2023 10:55:01.112846', value='0.440000', node='ubuntu', metric='load1', subsystem=None)
Telemetry(timestamp='03.06.2023 10:55:01.112847', value='0.330000', node='ubuntu', metric='load5', subsystem=None)
Telemetry(timestamp='03.06.2023 10:55:01.113115', value='47.263682', node='ubuntu', metric='cpu', subsystem=None)
Telemetry(timestamp='03.06.2023 10:55:01.113492', value='1094928.000000', node='ubuntu', metric='ram', subsystem=None)
Telemetry(timestamp='03.06.2023 10:55:01.115636', value='14.000000', node='ubuntu', metric='tx', subsystem='enp0s25')
Telemetry(timestamp='03.06.2023 10:55:01.127287', value='6.000000', node='ubuntu', metric='rx', subsystem='enp0s25')
Telemetry(timestamp='03.06.2023 10:55:01.613330', value='14.000000', node='ubuntu', metric='tx', subsystem='enp0s25')
Telemetry(timestamp='03.06.2023 10:55:01.613526', value='47.979798', node='ubuntu', metric='cpu', subsystem=None)
Telemetry(timestamp='03.06.2023 10:55:01.739264', value='6.000000', node='ubuntu', metric='rx', subsystem='enp0s25')
Telemetry(timestamp='03.06.2023 10:55:02.113475', value='1100976.000000', node='ubuntu', metric='ram', subsystem=None)
Telemetry(timestamp='03.06.2023 10:55:02.114628', value='14.000000', node='ubuntu', metric='tx', subsystem='enp0s25')
Telemetry(timestamp='03.06.2023 10:55:02.114724', value='47.979798', node='ubuntu', metric='cpu', subsystem=None)
Telemetry(timestamp='03.06.2023 10:55:02.253854', value='5.000000', node='ubuntu', metric='rx', subsystem='enp0s25')
Telemetry(timestamp='03.06.2023 10:55:02.614150', value='47.000000', node='ubuntu', metric='cpu', subsystem=None)
Telemetry(timestamp='03.06.2023 10:55:02.614325', value='15.000000', node='ubuntu', metric='tx', subsystem='enp0s25')
Telemetry(timestamp='03.06.2023 10:55:02.664145', value='5.000000', node='ubuntu', metric='rx', subsystem='enp0s25')
Telemetry(timestamp='03.06.2023 10:55:03.113329', value='48.223350', node='ubuntu', metric='cpu', subsystem=None)
Telemetry(timestamp='03.06.2023 10:55:03.113483', value='1096904.000000', node='ubuntu', metric='ram', subsystem=None)
Telemetry(timestamp='03.06.2023 10:55:03.114370', value='14.000000', node='ubuntu', metric='tx', subsystem='enp0s25')
Telemetry(timestamp='03.06.2023 10:55:03.275150', value='5.000000', node='ubuntu', metric='rx', subsystem='enp0s25')
Telemetry(timestamp='03.06.2023 10:55:03.613478', value='13.000000', node='ubuntu', metric='tx', subsystem='enp0s25')
Telemetry(timestamp='03.06.2023 10:55:03.613479', value='5.000000', node='ubuntu', metric='rx', subsystem='enp0s25')
Telemetry(timestamp='03.06.2023 10:55:03.613747', value='46.464646', node='ubuntu', metric='cpu', subsystem=None)
Telemetry(timestamp='03.06.2023 10:55:04.113652', value='1105208.000000', node='ubuntu', metric='ram', subsystem=None)
Telemetry(timestamp='03.06.2023 10:55:04.113854', value='47.500000', node='ubuntu', metric='cpu', subsystem=None)
Telemetry(timestamp='03.06.2023 10:55:04.114078', value='14.000000', node='ubuntu', metric='tx', subsystem='enp0s25')
Telemetry(timestamp='03.06.2023 10:55:04.300044', value='5.000000', node='ubuntu', metric='rx', subsystem='enp0s25')
Telemetry(timestamp='03.06.2023 10:55:04.613923', value='47.474747', node='ubuntu', metric='cpu', subsystem=None)
Telemetry(timestamp='03.06.2023 10:55:04.614269', value='14.000000', node='ubuntu', metric='tx', subsystem='enp0s25')
Telemetry(timestamp='03.06.2023 10:55:04.814638', value='6.000000', node='ubuntu', metric='rx', subsystem='enp0s25')
Telemetry(timestamp='03.06.2023 10:55:05.113516', value='1101128.000000', node='ubuntu', metric='ram', subsystem=None)
Telemetry(timestamp='03.06.2023 10:55:05.114013', value='16.000000', node='ubuntu', metric='tx', subsystem='enp0s25')
Telemetry(timestamp='03.06.2023 10:55:05.114060', value='46.733668', node='ubuntu', metric='cpu', subsystem=None)
Telemetry(timestamp='03.06.2023 10:55:05.148064', value='6.000000', node='ubuntu', metric='rx', subsystem='enp0s25')
Telemetry(timestamp='03.06.2023 10:55:05.614821', value='14.000000', node='ubuntu', metric='tx', subsystem='enp0s25')
Telemetry(timestamp='03.06.2023 10:55:05.614722', value='49.000000', node='ubuntu', metric='cpu', subsystem=None)
Telemetry(timestamp='03.06.2023 10:55:05.634945', value='5.000000', node='ubuntu', metric='rx', subsystem='enp0s25')
Telemetry(timestamp='03.06.2023 10:55:06.113178', value='0.360000', node='ubuntu', metric='load5', subsystem=None)
Telemetry(timestamp='03.06.2023 10:55:06.113177', value='0.570000', node='ubuntu', metric='load1', subsystem=None)
Telemetry(timestamp='03.06.2023 10:55:06.113408', value='1097048.000000', node='ubuntu', metric='ram', subsystem=None)
Telemetry(timestamp='03.06.2023 10:55:06.114007', value='13.000000', node='ubuntu', metric='tx', subsystem='enp0s25')
Telemetry(timestamp='03.06.2023 10:55:06.114288', value='46.464646', node='ubuntu', metric='cpu', subsystem=None)
Telemetry(timestamp='03.06.2023 10:55:06.138914', value='6.000000', node='ubuntu', metric='rx', subsystem='enp0s25')
Telemetry(timestamp='03.06.2023 10:55:06.613482', value='47.263682', node='ubuntu', metric='cpu', subsystem=None)
Telemetry(timestamp='03.06.2023 10:55:06.615146', value='14.000000', node='ubuntu', metric='tx', subsystem='enp0s25')
Telemetry(timestamp='03.06.2023 10:55:06.773508', value='6.000000', node='ubuntu', metric='rx', subsystem='enp0s25')
Telemetry(timestamp='03.06.2023 10:55:07.113568', value='1103580.000000', node='ubuntu', metric='ram', subsystem=None)
Telemetry(timestamp='03.06.2023 10:55:07.113657', value='49.748744', node='ubuntu', metric='cpu', subsystem=None)
Telemetry(timestamp='03.06.2023 10:55:07.114342', value='14.000000', node='ubuntu', metric='tx', subsystem='enp0s25')
Telemetry(timestamp='03.06.2023 10:55:07.269867', value='6.000000', node='ubuntu', metric='rx', subsystem='enp0s25')
Telemetry(timestamp='03.06.2023 10:55:07.614549', value='15.000000', node='ubuntu', metric='tx', subsystem='enp0s25')
Telemetry(timestamp='03.06.2023 10:55:07.614748', value='46.733668', node='ubuntu', metric='cpu', subsystem=None)
Telemetry(timestamp='03.06.2023 10:55:07.676048', value='5.000000', node='ubuntu', metric='rx', subsystem='enp0s25')
Telemetry(timestamp='03.06.2023 10:55:08.113358', value='1099412.000000', node='ubuntu', metric='ram', subsystem=None)
Telemetry(timestamp='03.06.2023 10:55:08.115127', value='48.743719', node='ubuntu', metric='cpu', subsystem=None)
Telemetry(timestamp='03.06.2023 10:55:08.115232', value='14.000000', node='ubuntu', metric='tx', subsystem='enp0s25')
Telemetry(timestamp='03.06.2023 10:55:08.293328', value='5.000000', node='ubuntu', metric='rx', subsystem='enp0s25')
Telemetry(timestamp='03.06.2023 10:55:08.613494', value='14.000000', node='ubuntu', metric='tx', subsystem='enp0s25')
Telemetry(timestamp='03.06.2023 10:55:08.615202', value='47.000000', node='ubuntu', metric='cpu', subsystem=None)
Telemetry(timestamp='03.06.2023 10:55:08.969320', value='6.000000', node='ubuntu', metric='rx', subsystem='enp0s25')
Telemetry(timestamp='03.06.2023 10:55:09.112891', value='1097528.000000', node='ubuntu', metric='ram', subsystem=None)
Telemetry(timestamp='03.06.2023 10:55:09.113550', value='46.733668', node='ubuntu', metric='cpu', subsystem=None)
Telemetry(timestamp='03.06.2023 10:55:09.115239', value='13.000000', node='ubuntu', metric='tx', subsystem='enp0s25')
Telemetry(timestamp='03.06.2023 10:55:09.201411', value='5.000000', node='ubuntu', metric='rx', subsystem='enp0s25')
Telemetry(timestamp='03.06.2023 10:55:09.613206', value='48.241206', node='ubuntu', metric='cpu', subsystem=None)
Telemetry(timestamp='03.06.2023 10:55:09.613537', value='14.000000', node='ubuntu', metric='tx', subsystem='enp0s25')
Telemetry(timestamp='03.06.2023 10:55:09.741304', value='6.000000', node='ubuntu', metric='rx', subsystem='enp0s25')
Telemetry(timestamp='03.06.2023 10:55:10.112926', value='1093580.000000', node='ubuntu', metric='ram', subsystem=None)
Telemetry(timestamp='03.06.2023 10:55:10.113730', value='16.000000', node='ubuntu', metric='tx', subsystem='enp0s25')
Telemetry(timestamp='03.06.2023 10:55:10.113898', value='46.733668', node='ubuntu', metric='cpu', subsystem=None)
Telemetry(timestamp='03.06.2023 10:55:10.146364', value='6.000000', node='ubuntu', metric='rx', subsystem='enp0s25')
Telemetry(timestamp='03.06.2023 10:55:10.613256', value='48.484848', node='ubuntu', metric='cpu', subsystem=None)
Telemetry(timestamp='03.06.2023 10:55:10.613876', value='14.000000', node='ubuntu', metric='tx', subsystem='enp0s25')
Telemetry(timestamp='03.06.2023 10:55:11.112749', value='0.680000', node='ubuntu', metric='load1', subsystem=None)
Telemetry(timestamp='03.06.2023 10:55:11.112793', value='1099876.000000', node='ubuntu', metric='ram', subsystem=None)
Telemetry(timestamp='03.06.2023 10:55:11.113795', value='11.000000', node='ubuntu', metric='tx', subsystem='enp0s25')
Telemetry(timestamp='03.06.2023 10:55:11.113910', value='47.263682', node='ubuntu', metric='cpu', subsystem=None)
Telemetry(timestamp='03.06.2023 10:55:11.168565', value='5.000000', node='ubuntu', metric='rx', subsystem='enp0s25')
Telemetry(timestamp='03.06.2023 10:55:11.202153', value='0.390000', node='ubuntu', metric='load5', subsystem=None)
Telemetry(timestamp='03.06.2023 10:55:11.246012', value='4.000000', node='ubuntu', metric='rx', subsystem='enp0s25')
Telemetry(timestamp='03.06.2023 10:55:11.612911', value='47.000000', node='ubuntu', metric='cpu', subsystem=None)
Telemetry(timestamp='03.06.2023 10:55:11.614426', value='16.000000', node='ubuntu', metric='tx', subsystem='enp0s25')
Telemetry(timestamp='03.06.2023 10:55:11.623508', value='6.000000', node='ubuntu', metric='rx', subsystem='enp0s25')
Telemetry(timestamp='03.06.2023 10:55:12.112900', value='1096584.000000', node='ubuntu', metric='ram', subsystem=None)
Telemetry(timestamp='03.06.2023 10:55:12.116698', value='50.500000', node='ubuntu', metric='cpu', subsystem=None)
Telemetry(timestamp='03.06.2023 10:55:12.116879', value='17.000000', node='ubuntu', metric='tx', subsystem='enp0s25')
Telemetry(timestamp='03.06.2023 10:55:12.197034', value='8.000000', node='ubuntu', metric='rx', subsystem='enp0s25')
Telemetry(timestamp='03.06.2023 10:55:12.613756', value='14.000000', node='ubuntu', metric='tx', subsystem='enp0s25')
Telemetry(timestamp='03.06.2023 10:55:12.613770', value='47.236181', node='ubuntu', metric='cpu', subsystem=None)
Telemetry(timestamp='03.06.2023 10:55:12.814233', value='5.000000', node='ubuntu', metric='rx', subsystem='enp0s25')
Telemetry(timestamp='03.06.2023 10:55:13.112777', value='1091420.000000', node='ubuntu', metric='ram', subsystem=None)
Telemetry(timestamp='03.06.2023 10:55:13.113724', value='48.743719', node='ubuntu', metric='cpu', subsystem=None)
Telemetry(timestamp='03.06.2023 10:55:13.113821', value='14.000000', node='ubuntu', metric='tx', subsystem='enp0s25')
Telemetry(timestamp='03.06.2023 10:55:13.227069', value='5.000000', node='ubuntu', metric='rx', subsystem='enp0s25')
Telemetry(timestamp='03.06.2023 10:55:13.613164', value='46.733668', node='ubuntu', metric='cpu', subsystem=None)
Telemetry(timestamp='03.06.2023 10:55:13.613716', value='14.000000', node='ubuntu', metric='tx', subsystem='enp0s25')
Telemetry(timestamp='03.06.2023 10:55:13.631046', value='6.000000', node='ubuntu', metric='rx', subsystem='enp0s25')
Telemetry(timestamp='03.06.2023 10:55:14.113060', value='1099480.000000', node='ubuntu', metric='ram', subsystem=None)
Telemetry(timestamp='03.06.2023 10:55:14.113102', value='15.000000', node='ubuntu', metric='tx', subsystem='enp0s25')
Telemetry(timestamp='03.06.2023 10:55:14.113331', value='46.733668', node='ubuntu', metric='cpu', subsystem=None)
Telemetry(timestamp='03.06.2023 10:55:14.229822', value='5.000000', node='ubuntu', metric='rx', subsystem='enp0s25')
Telemetry(timestamp='03.06.2023 10:55:14.613021', value='47.979798', node='ubuntu', metric='cpu', subsystem=None)
Telemetry(timestamp='03.06.2023 10:55:14.614424', value='14.000000', node='ubuntu', metric='tx', subsystem='enp0s25')
Telemetry(timestamp='03.06.2023 10:55:14.748750', value='5.000000', node='ubuntu', metric='rx', subsystem='enp0s25')
Telemetry(timestamp='03.06.2023 10:55:15.112741', value='46.733668', node='ubuntu', metric='cpu', subsystem=None)
Telemetry(timestamp='03.06.2023 10:55:15.112676', value='1099728.000000', node='ubuntu', metric='ram', subsystem=None)
Telemetry(timestamp='03.06.2023 10:55:15.113311', value='14.000000', node='ubuntu', metric='tx', subsystem='enp0s25')
Telemetry(timestamp='03.06.2023 10:55:15.155405', value='5.000000', node='ubuntu', metric='rx', subsystem='enp0s25')
Telemetry(timestamp='03.06.2023 10:55:15.613636', value='49.246231', node='ubuntu', metric='cpu', subsystem=None)
Telemetry(timestamp='03.06.2023 10:55:15.613594', value='13.000000', node='ubuntu', metric='tx', subsystem='enp0s25')
Telemetry(timestamp='03.06.2023 10:55:15.762176', value='5.000000', node='ubuntu', metric='rx', subsystem='enp0s25')
Telemetry(timestamp='03.06.2023 10:55:16.112791', value='55.000000', node='ubuntu', metric='tx', subsystem='enp0s25')
Telemetry(timestamp='03.06.2023 10:55:16.112843', value='1088624.000000', node='ubuntu', metric='ram', subsystem=None)
Telemetry(timestamp='03.06.2023 10:55:16.113153', value='0.790000', node='ubuntu', metric='load1', subsystem=None)
Telemetry(timestamp='03.06.2023 10:55:16.114719', value='26.633166', node='ubuntu', metric='cpu', subsystem=None)
Telemetry(timestamp='03.06.2023 10:55:16.274288', value='1874.000000', node='ubuntu', metric='rx', subsystem='enp0s25')
Telemetry(timestamp='03.06.2023 10:55:16.290570', value='0.420000', node='ubuntu', metric='load5', subsystem=None)
Telemetry(timestamp='03.06.2023 10:55:16.612850', value='25.870647', node='ubuntu', metric='cpu', subsystem=None)
Telemetry(timestamp='03.06.2023 10:55:16.614251', value='60.000000', node='ubuntu', metric='tx', subsystem='enp0s25')
Telemetry(timestamp='03.06.2023 10:55:16.809265', value='2169.000000', node='ubuntu', metric='rx', subsystem='enp0s25')
Telemetry(timestamp='03.06.2023 10:55:17.113781', value='1045028.000000', node='ubuntu', metric='ram', subsystem=None)
Telemetry(timestamp='03.06.2023 10:55:17.113868', value='11.224490', node='ubuntu', metric='cpu', subsystem=None)
Telemetry(timestamp='03.06.2023 10:55:17.114623', value='17.000000', node='ubuntu', metric='tx', subsystem='enp0s25')
Telemetry(timestamp='03.06.2023 10:55:17.305403', value='300.000000', node='ubuntu', metric='rx', subsystem='enp0s25')
Telemetry(timestamp='03.06.2023 10:55:17.613756', value='10.000000', node='ubuntu', metric='tx', subsystem='enp0s25')
Telemetry(timestamp='03.06.2023 10:55:17.617110', value='3.553299', node='ubuntu', metric='cpu', subsystem=None)
Telemetry(timestamp='03.06.2023 10:55:17.811688', value='4.000000', node='ubuntu', metric='rx', subsystem='enp0s25')
Telemetry(timestamp='03.06.2023 10:55:18.113488', value='1045028.000000', node='ubuntu', metric='ram', subsystem=None)
Telemetry(timestamp='03.06.2023 10:55:18.114137', value='0.502513', node='ubuntu', metric='cpu', subsystem=None)
Telemetry(timestamp='03.06.2023 10:55:18.115436', value='9.000000', node='ubuntu', metric='tx', subsystem='enp0s25')
Telemetry(timestamp='03.06.2023 10:55:18.228820', value='4.000000', node='ubuntu', metric='rx', subsystem='enp0s25')
Telemetry(timestamp='03.06.2023 10:55:18.613569', value='0.505051', node='ubuntu', metric='cpu', subsystem=None)
Telemetry(timestamp='03.06.2023 10:55:18.615569', value='9.000000', node='ubuntu', metric='tx', subsystem='enp0s25')
Telemetry(timestamp='03.06.2023 10:55:18.742909', value='4.000000', node='ubuntu', metric='rx', subsystem='enp0s25')
Telemetry(timestamp='03.06.2023 10:55:19.112931', value='1045028.000000', node='ubuntu', metric='ram', subsystem=None)
Telemetry(timestamp='03.06.2023 10:55:19.115598', value='9.000000', node='ubuntu', metric='tx', subsystem='enp0s25')
Telemetry(timestamp='03.06.2023 10:55:19.115656', value='0.000000', node='ubuntu', metric='cpu', subsystem=None)
Telemetry(timestamp='03.06.2023 10:55:19.257291', value='4.000000', node='ubuntu', metric='rx', subsystem='enp0s25')
Telemetry(timestamp='03.06.2023 10:55:19.613298', value='1.010101', node='ubuntu', metric='cpu', subsystem=None)
Telemetry(timestamp='03.06.2023 10:55:19.613839', value='9.000000', node='ubuntu', metric='tx', subsystem='enp0s25')
Telemetry(timestamp='03.06.2023 10:55:19.767369', value='4.000000', node='ubuntu', metric='rx', subsystem='enp0s25')
Telemetry(timestamp='03.06.2023 10:55:20.113819', value='1045028.000000', node='ubuntu', metric='ram', subsystem=None)
Telemetry(timestamp='03.06.2023 10:55:20.113823', value='0.000000', node='ubuntu', metric='cpu', subsystem=None)
Telemetry(timestamp='03.06.2023 10:55:20.115991', value='9.000000', node='ubuntu', metric='tx', subsystem='enp0s25')
Telemetry(timestamp='03.06.2023 10:55:20.278805', value='4.000000', node='ubuntu', metric='rx', subsystem='enp0s25')
Telemetry(timestamp='03.06.2023 10:55:20.614010', value='0.502513', node='ubuntu', metric='cpu', subsystem=None)
Telemetry(timestamp='03.06.2023 10:55:20.614922', value='9.000000', node='ubuntu', metric='tx', subsystem='enp0s25')
Telemetry(timestamp='03.06.2023 10:55:20.832112', value='4.000000', node='ubuntu', metric='rx', subsystem='enp0s25')
Telemetry(timestamp='03.06.2023 10:55:21.113578', value='0.810000', node='ubuntu', metric='load1', subsystem=None)
Telemetry(timestamp='03.06.2023 10:55:21.113729', value='0.000000', node='ubuntu', metric='cpu', subsystem=None)
Telemetry(timestamp='03.06.2023 10:55:21.113582', value='0.430000', node='ubuntu', metric='load5', subsystem=None)
Telemetry(timestamp='03.06.2023 10:55:21.114066', value='1045028.000000', node='ubuntu', metric='ram', subsystem=None)
Telemetry(timestamp='03.06.2023 10:55:21.114664', value='9.000000', node='ubuntu', metric='tx', subsystem='enp0s25')
Telemetry(timestamp='03.06.2023 10:55:21.310193', value='4.000000', node='ubuntu', metric='rx', subsystem='enp0s25')
Telemetry(timestamp='03.06.2023 10:55:21.613962', value='9.000000', node='ubuntu', metric='tx', subsystem='enp0s25')
Telemetry(timestamp='03.06.2023 10:55:21.614260', value='1.492537', node='ubuntu', metric='cpu', subsystem=None)
Telemetry(timestamp='03.06.2023 10:55:21.814536', value='4.000000', node='ubuntu', metric='rx', subsystem='enp0s25')
Telemetry(timestamp='03.06.2023 10:55:22.113867', value='1045028.000000', node='ubuntu', metric='ram', subsystem=None)
Telemetry(timestamp='03.06.2023 10:55:22.114125', value='2.051282', node='ubuntu', metric='cpu', subsystem=None)
Telemetry(timestamp='03.06.2023 10:55:22.116790', value='9.000000', node='ubuntu', metric='tx', subsystem='enp0s25')
Telemetry(timestamp='03.06.2023 10:55:22.329203', value='4.000000', node='ubuntu', metric='rx', subsystem='enp0s25')
Telemetry(timestamp='03.06.2023 10:55:22.613941', value='5.050505', node='ubuntu', metric='cpu', subsystem=None)
Telemetry(timestamp='03.06.2023 10:55:22.613984', value='9.000000', node='ubuntu', metric='tx', subsystem='enp0s25')
Telemetry(timestamp='03.06.2023 10:55:22.731934', value='4.000000', node='ubuntu', metric='rx', subsystem='enp0s25')
Telemetry(timestamp='03.06.2023 10:55:23.113795', value='1045280.000000', node='ubuntu', metric='ram', subsystem=None)
Telemetry(timestamp='03.06.2023 10:55:23.114295', value='0.000000', node='ubuntu', metric='cpu', subsystem=None)
Telemetry(timestamp='03.06.2023 10:55:23.114363', value='9.000000', node='ubuntu', metric='tx', subsystem='enp0s25')
Telemetry(timestamp='03.06.2023 10:55:23.247642', value='4.000000', node='ubuntu', metric='rx', subsystem='enp0s25')
Telemetry(timestamp='03.06.2023 10:55:23.613429', value='0.507614', node='ubuntu', metric='cpu', subsystem=None)
Telemetry(timestamp='03.06.2023 10:55:23.614928', value='10.000000', node='ubuntu', metric='tx', subsystem='enp0s25')
Telemetry(timestamp='03.06.2023 10:55:23.752085', value='4.000000', node='ubuntu', metric='rx', subsystem='enp0s25')
Telemetry(timestamp='03.06.2023 10:55:24.113132', value='1.492537', node='ubuntu', metric='cpu', subsystem=None)
Telemetry(timestamp='03.06.2023 10:55:24.113489', value='1045268.000000', node='ubuntu', metric='ram', subsystem=None)
Telemetry(timestamp='03.06.2023 10:55:24.114403', value='9.000000', node='ubuntu', metric='tx', subsystem='enp0s25')
Telemetry(timestamp='03.06.2023 10:55:24.270690', value='4.000000', node='ubuntu', metric='rx', subsystem='enp0s25')
Telemetry(timestamp='03.06.2023 10:55:24.613652', value='9.000000', node='ubuntu', metric='tx', subsystem='enp0s25')
Telemetry(timestamp='03.06.2023 10:55:24.613911', value='1.010101', node='ubuntu', metric='cpu', subsystem=None)
Telemetry(timestamp='03.06.2023 10:55:24.779732', value='4.000000', node='ubuntu', metric='rx', subsystem='enp0s25')
Telemetry(timestamp='03.06.2023 10:55:25.112955', value='1045268.000000', node='ubuntu', metric='ram', subsystem=None)
Telemetry(timestamp='03.06.2023 10:55:25.112994', value='0.000000', node='ubuntu', metric='cpu', subsystem=None)
Telemetry(timestamp='03.06.2023 10:55:25.113883', value='9.000000', node='ubuntu', metric='tx', subsystem='enp0s25')
Telemetry(timestamp='03.06.2023 10:55:25.290460', value='4.000000', node='ubuntu', metric='rx', subsystem='enp0s25')
Telemetry(timestamp='03.06.2023 10:55:25.613598', value='9.000000', node='ubuntu', metric='tx', subsystem='enp0s25')
Telemetry(timestamp='03.06.2023 10:55:25.613601', value='4.000000', node='ubuntu', metric='rx', subsystem='enp0s25')
Telemetry(timestamp='03.06.2023 10:55:25.616441', value='2.000000', node='ubuntu', metric='cpu', subsystem=None)
Telemetry(timestamp='03.06.2023 10:55:26.112817', value='0.740000', node='ubuntu', metric='load1', subsystem=None)
Telemetry(timestamp='03.06.2023 10:55:26.112820', value='0.420000', node='ubuntu', metric='load5', subsystem=None)
Telemetry(timestamp='03.06.2023 10:55:26.113953', value='1045268.000000', node='ubuntu', metric='ram', subsystem=None)
Telemetry(timestamp='03.06.2023 10:55:26.114254', value='1.005025', node='ubuntu', metric='cpu', subsystem=None)
Telemetry(timestamp='03.06.2023 10:55:26.114355', value='9.000000', node='ubuntu', metric='tx', subsystem='enp0s25')
Telemetry(timestamp='03.06.2023 10:55:26.328501', value='4.000000', node='ubuntu', metric='rx', subsystem='enp0s25')
Telemetry(timestamp='03.06.2023 10:55:26.613443', value='0.505051', node='ubuntu', metric='cpu', subsystem=None)
Telemetry(timestamp='03.06.2023 10:55:26.616286', value='10.000000', node='ubuntu', metric='tx', subsystem='enp0s25')
Telemetry(timestamp='03.06.2023 10:55:26.622419', value='4.000000', node='ubuntu', metric='rx', subsystem='enp0s25')
Telemetry(timestamp='03.06.2023 10:55:27.113497', value='1045096.000000', node='ubuntu', metric='ram', subsystem=None)
Telemetry(timestamp='03.06.2023 10:55:27.114145', value='9.000000', node='ubuntu', metric='tx', subsystem='enp0s25')
Telemetry(timestamp='03.06.2023 10:55:27.114647', value='4.522613', node='ubuntu', metric='cpu', subsystem=None)
Telemetry(timestamp='03.06.2023 10:55:27.240331', value='4.000000', node='ubuntu', metric='rx', subsystem='enp0s25')
Telemetry(timestamp='03.06.2023 10:55:27.613430', value='9.000000', node='ubuntu', metric='tx', subsystem='enp0s25')
Telemetry(timestamp='03.06.2023 10:55:27.613433', value='4.000000', node='ubuntu', metric='rx', subsystem='enp0s25')
Telemetry(timestamp='03.06.2023 10:55:27.613787', value='5.612245', node='ubuntu', metric='cpu', subsystem=None)
Telemetry(timestamp='03.06.2023 10:55:28.113716', value='1044984.000000', node='ubuntu', metric='ram', subsystem=None)
Telemetry(timestamp='03.06.2023 10:55:28.114393', value='1.507538', node='ubuntu', metric='cpu', subsystem=None)
Telemetry(timestamp='03.06.2023 10:55:28.114863', value='9.000000', node='ubuntu', metric='tx', subsystem='enp0s25')
Telemetry(timestamp='03.06.2023 10:55:28.270671', value='4.000000', node='ubuntu', metric='rx', subsystem='enp0s25')
Telemetry(timestamp='03.06.2023 10:55:28.613531', value='0.505051', node='ubuntu', metric='cpu', subsystem=None)
Telemetry(timestamp='03.06.2023 10:55:28.615398', value='9.000000', node='ubuntu', metric='tx', subsystem='enp0s25')
Telemetry(timestamp='03.06.2023 10:55:28.782541', value='4.000000', node='ubuntu', metric='rx', subsystem='enp0s25')
Telemetry(timestamp='03.06.2023 10:55:29.113166', value='1.000000', node='ubuntu', metric='cpu', subsystem=None)
Telemetry(timestamp='03.06.2023 10:55:29.113575', value='1044984.000000', node='ubuntu', metric='ram', subsystem=None)
Telemetry(timestamp='03.06.2023 10:55:29.114495', value='9.000000', node='ubuntu', metric='tx', subsystem='enp0s25')
Telemetry(timestamp='03.06.2023 10:55:29.305449', value='4.000000', node='ubuntu', metric='rx', subsystem='enp0s25')
Telemetry(timestamp='03.06.2023 10:55:29.613079', value='0.505051', node='ubuntu', metric='cpu', subsystem=None)
Telemetry(timestamp='03.06.2023 10:55:29.613952', value='9.000000', node='ubuntu', metric='tx', subsystem='enp0s25')
Telemetry(timestamp='03.06.2023 10:55:29.799877', value='4.000000', node='ubuntu', metric='rx', subsystem='enp0s25')
Telemetry(timestamp='03.06.2023 10:55:30.113177', value='0.502513', node='ubuntu', metric='cpu', subsystem=None)
Telemetry(timestamp='03.06.2023 10:55:30.113417', value='1044984.000000', node='ubuntu', metric='ram', subsystem=None)
Telemetry(timestamp='03.06.2023 10:55:30.113836', value='9.000000', node='ubuntu', metric='tx', subsystem='enp0s25')
Telemetry(timestamp='03.06.2023 10:55:30.304787', value='4.000000', node='ubuntu', metric='rx', subsystem='enp0s25')
Telemetry(timestamp='03.06.2023 10:55:30.613311', value='9.000000', node='ubuntu', metric='tx', subsystem='enp0s25')
Telemetry(timestamp='03.06.2023 10:55:30.615022', value='0.505051', node='ubuntu', metric='cpu', subsystem=None)
Telemetry(timestamp='03.06.2023 10:55:30.827158', value='4.000000', node='ubuntu', metric='rx', subsystem='enp0s25')
Telemetry(timestamp='03.06.2023 10:55:31.113492', value='1.000000', node='ubuntu', metric='cpu', subsystem=None)
Telemetry(timestamp='03.06.2023 10:55:31.113729', value='1044984.000000', node='ubuntu', metric='ram', subsystem=None)
Telemetry(timestamp='03.06.2023 10:55:31.114011', value='9.000000', node='ubuntu', metric='tx', subsystem='enp0s25')
Telemetry(timestamp='03.06.2023 10:55:31.114262', value='0.680000', node='ubuntu', metric='load1', subsystem=None)
Telemetry(timestamp='03.06.2023 10:55:31.126797', value='4.000000', node='ubuntu', metric='rx', subsystem='enp0s25')
Telemetry(timestamp='03.06.2023 10:55:31.135174', value='0.410000', node='ubuntu', metric='load5', subsystem=None)
Telemetry(timestamp='03.06.2023 10:55:31.613260', value='9.000000', node='ubuntu', metric='tx', subsystem='enp0s25')
Telemetry(timestamp='03.06.2023 10:55:31.614166', value='1.500000', node='ubuntu', metric='cpu', subsystem=None)
Telemetry(timestamp='03.06.2023 10:55:31.739768', value='4.000000', node='ubuntu', metric='rx', subsystem='enp0s25')
Telemetry(timestamp='03.06.2023 10:55:32.113496', value='1044980.000000', node='ubuntu', metric='ram', subsystem=None)
Telemetry(timestamp='03.06.2023 10:55:32.113800', value='1.538462', node='ubuntu', metric='cpu', subsystem=None)
Telemetry(timestamp='03.06.2023 10:55:32.116301', value='9.000000', node='ubuntu', metric='tx', subsystem='enp0s25')
Telemetry(timestamp='03.06.2023 10:55:32.260233', value='4.000000', node='ubuntu', metric='rx', subsystem='enp0s25')
Telemetry(timestamp='03.06.2023 10:55:32.615262', value='9.000000', node='ubuntu', metric='tx', subsystem='enp0s25')
Telemetry(timestamp='03.06.2023 10:55:32.615646', value='3.045685', node='ubuntu', metric='cpu', subsystem=None)
Telemetry(timestamp='03.06.2023 10:55:32.766734', value='4.000000', node='ubuntu', metric='rx', subsystem='enp0s25')
Telemetry(timestamp='03.06.2023 10:55:33.113512', value='0.000000', node='ubuntu', metric='cpu', subsystem=None)
Telemetry(timestamp='03.06.2023 10:55:33.113963', value='1044720.000000', node='ubuntu', metric='ram', subsystem=None)
Telemetry(timestamp='03.06.2023 10:55:33.116055', value='9.000000', node='ubuntu', metric='tx', subsystem='enp0s25')
Telemetry(timestamp='03.06.2023 10:55:33.287611', value='4.000000', node='ubuntu', metric='rx', subsystem='enp0s25')
Telemetry(timestamp='03.06.2023 10:55:33.613526', value='1.005025', node='ubuntu', metric='cpu', subsystem=None)
Telemetry(timestamp='03.06.2023 10:55:33.613874', value='10.000000', node='ubuntu', metric='tx', subsystem='enp0s25')
Telemetry(timestamp='03.06.2023 10:55:33.789657', value='4.000000', node='ubuntu', metric='rx', subsystem='enp0s25')
Telemetry(timestamp='03.06.2023 10:55:34.113385', value='0.502513', node='ubuntu', metric='cpu', subsystem=None)
Telemetry(timestamp='03.06.2023 10:55:34.113865', value='1044720.000000', node='ubuntu', metric='ram', subsystem=None)
Telemetry(timestamp='03.06.2023 10:55:34.114834', value='9.000000', node='ubuntu', metric='tx', subsystem='enp0s25')
Telemetry(timestamp='03.06.2023 10:55:34.306171', value='4.000000', node='ubuntu', metric='rx', subsystem='enp0s25')
Telemetry(timestamp='03.06.2023 10:55:34.613662', value='1.500000', node='ubuntu', metric='cpu', subsystem=None)
Telemetry(timestamp='03.06.2023 10:55:34.613735', value='9.000000', node='ubuntu', metric='tx', subsystem='enp0s25')
Telemetry(timestamp='03.06.2023 10:55:34.817369', value='4.000000', node='ubuntu', metric='rx', subsystem='enp0s25')
Telemetry(timestamp='03.06.2023 10:55:35.113650', value='1044720.000000', node='ubuntu', metric='ram', subsystem=None)
Telemetry(timestamp='03.06.2023 10:55:35.114421', value='0.000000', node='ubuntu', metric='cpu', subsystem=None)
Telemetry(timestamp='03.06.2023 10:55:35.114676', value='9.000000', node='ubuntu', metric='tx', subsystem='enp0s25')
Telemetry(timestamp='03.06.2023 10:55:35.164264', value='4.000000', node='ubuntu', metric='rx', subsystem='enp0s25')
Telemetry(timestamp='03.06.2023 10:55:35.613610', value='1.507538', node='ubuntu', metric='cpu', subsystem=None)
Telemetry(timestamp='03.06.2023 10:55:35.615495', value='9.000000', node='ubuntu', metric='tx', subsystem='enp0s25')
Telemetry(timestamp='03.06.2023 10:55:35.740565', value='4.000000', node='ubuntu', metric='rx', subsystem='enp0s25')
Telemetry(timestamp='03.06.2023 10:55:36.113691', value='0.630000', node='ubuntu', metric='load1', subsystem=None)
Telemetry(timestamp='03.06.2023 10:55:36.113695', value='0.400000', node='ubuntu', metric='load5', subsystem=None)
Telemetry(timestamp='03.06.2023 10:55:36.113747', value='0.502513', node='ubuntu', metric='cpu', subsystem=None)
Telemetry(timestamp='03.06.2023 10:55:36.114362', value='9.000000', node='ubuntu', metric='tx', subsystem='enp0s25')
Telemetry(timestamp='03.06.2023 10:55:36.114432', value='1044720.000000', node='ubuntu', metric='ram', subsystem=None)
Telemetry(timestamp='03.06.2023 10:55:36.249030', value='4.000000', node='ubuntu', metric='rx', subsystem='enp0s25')
Telemetry(timestamp='03.06.2023 10:55:36.613980', value='9.000000', node='ubuntu', metric='tx', subsystem='enp0s25')
Telemetry(timestamp='03.06.2023 10:55:36.614250', value='1.005025', node='ubuntu', metric='cpu', subsystem=None)
Telemetry(timestamp='03.06.2023 10:55:36.763125', value='4.000000', node='ubuntu', metric='rx', subsystem='enp0s25')
Telemetry(timestamp='03.06.2023 10:55:37.113566', value='1044720.000000', node='ubuntu', metric='ram', subsystem=None)
Telemetry(timestamp='03.06.2023 10:55:37.115477', value='2.551020', node='ubuntu', metric='cpu', subsystem=None)
Telemetry(timestamp='03.06.2023 10:55:37.116082', value='9.000000', node='ubuntu', metric='tx', subsystem='enp0s25')
Telemetry(timestamp='03.06.2023 10:55:37.278457', value='4.000000', node='ubuntu', metric='rx', subsystem='enp0s25')
Telemetry(timestamp='03.06.2023 10:55:37.613239', value='3.535354', node='ubuntu', metric='cpu', subsystem=None)
Telemetry(timestamp='03.06.2023 10:55:37.615491', value='9.000000', node='ubuntu', metric='tx', subsystem='enp0s25')
Telemetry(timestamp='03.06.2023 10:55:37.790855', value='4.000000', node='ubuntu', metric='rx', subsystem='enp0s25')
Telemetry(timestamp='03.06.2023 10:55:38.113146', value='1044720.000000', node='ubuntu', metric='ram', subsystem=None)
Telemetry(timestamp='03.06.2023 10:55:38.113698', value='0.000000', node='ubuntu', metric='cpu', subsystem=None)
Telemetry(timestamp='03.06.2023 10:55:38.114031', value='9.000000', node='ubuntu', metric='tx', subsystem='enp0s25')
Telemetry(timestamp='03.06.2023 10:55:38.128150', value='4.000000', node='ubuntu', metric='rx', subsystem='enp0s25')
Telemetry(timestamp='03.06.2023 10:55:38.613450', value='1.000000', node='ubuntu', metric='cpu', subsystem=None)
Telemetry(timestamp='03.06.2023 10:55:38.614398', value='9.000000', node='ubuntu', metric='tx', subsystem='enp0s25')
Telemetry(timestamp='03.06.2023 10:55:38.820650', value='4.000000', node='ubuntu', metric='rx', subsystem='enp0s25')
Telemetry(timestamp='03.06.2023 10:55:39.113818', value='1044720.000000', node='ubuntu', metric='ram', subsystem=None)
Telemetry(timestamp='03.06.2023 10:55:39.113882', value='0.505051', node='ubuntu', metric='cpu', subsystem=None)
Telemetry(timestamp='03.06.2023 10:55:39.115452', value='9.000000', node='ubuntu', metric='tx', subsystem='enp0s25')
Telemetry(timestamp='03.06.2023 10:55:39.324083', value='4.000000', node='ubuntu', metric='rx', subsystem='enp0s25')
Telemetry(timestamp='03.06.2023 10:55:39.614089', value='1.015228', node='ubuntu', metric='cpu', subsystem=None)
Telemetry(timestamp='03.06.2023 10:55:39.614323', value='9.000000', node='ubuntu', metric='tx', subsystem='enp0s25')
Telemetry(timestamp='03.06.2023 10:55:39.732120', value='4.000000', node='ubuntu', metric='rx', subsystem='enp0s25')
Telemetry(timestamp='03.06.2023 10:55:40.114124', value='1044720.000000', node='ubuntu', metric='ram', subsystem=None)
Telemetry(timestamp='03.06.2023 10:55:40.114367', value='9.000000', node='ubuntu', metric='tx', subsystem='enp0s25')
Telemetry(timestamp='03.06.2023 10:55:40.114488', value='0.000000', node='ubuntu', metric='cpu', subsystem=None)
Telemetry(timestamp='03.06.2023 10:55:40.239861', value='4.000000', node='ubuntu', metric='rx', subsystem='enp0s25')
Telemetry(timestamp='03.06.2023 10:55:40.613817', value='1.000000', node='ubuntu', metric='cpu', subsystem=None)
Telemetry(timestamp='03.06.2023 10:55:40.614147', value='9.000000', node='ubuntu', metric='tx', subsystem='enp0s25')
Telemetry(timestamp='03.06.2023 10:55:40.753048', value='4.000000', node='ubuntu', metric='rx', subsystem='enp0s25')
Telemetry(timestamp='03.06.2023 10:55:41.112882', value='0.450000', node='ubuntu', metric='load5', subsystem=None)
Telemetry(timestamp='03.06.2023 10:55:41.112878', value='0.820000', node='ubuntu', metric='load1', subsystem=None)
Telemetry(timestamp='03.06.2023 10:55:41.113497', value='1044720.000000', node='ubuntu', metric='ram', subsystem=None)
Telemetry(timestamp='03.06.2023 10:55:41.114119', value='0.000000', node='ubuntu', metric='cpu', subsystem=None)
Telemetry(timestamp='03.06.2023 10:55:41.115509', value='9.000000', node='ubuntu', metric='tx', subsystem='enp0s25')
Telemetry(timestamp='03.06.2023 10:55:41.126194', value='4.000000', node='ubuntu', metric='rx', subsystem='enp0s25')
Telemetry(timestamp='03.06.2023 10:55:41.613561', value='1.000000', node='ubuntu', metric='cpu', subsystem=None)
Telemetry(timestamp='03.06.2023 10:55:41.614088', value='10.000000', node='ubuntu', metric='tx', subsystem='enp0s25')
Telemetry(timestamp='03.06.2023 10:55:41.776375', value='4.000000', node='ubuntu', metric='rx', subsystem='enp0s25')
Telemetry(timestamp='03.06.2023 10:55:42.113483', value='1044032.000000', node='ubuntu', metric='ram', subsystem=None)
Telemetry(timestamp='03.06.2023 10:55:42.113795', value='9.000000', node='ubuntu', metric='tx', subsystem='enp0s25')
Telemetry(timestamp='03.06.2023 10:55:42.114356', value='3.076923', node='ubuntu', metric='cpu', subsystem=None)
Telemetry(timestamp='03.06.2023 10:55:42.292855', value='4.000000', node='ubuntu', metric='rx', subsystem='enp0s25')
Telemetry(timestamp='03.06.2023 10:55:42.613479', value='4.522613', node='ubuntu', metric='cpu', subsystem=None)
Telemetry(timestamp='03.06.2023 10:55:42.613825', value='9.000000', node='ubuntu', metric='tx', subsystem='enp0s25')
Telemetry(timestamp='03.06.2023 10:55:42.697469', value='4.000000', node='ubuntu', metric='rx', subsystem='enp0s25')
Telemetry(timestamp='03.06.2023 10:55:43.113621', value='1.010101', node='ubuntu', metric='cpu', subsystem=None)
Telemetry(timestamp='03.06.2023 10:55:43.113713', value='1043964.000000', node='ubuntu', metric='ram', subsystem=None)