Telemetry(timestamp='28.05.2023 14:35:00.612739', value='0.502513', node='ubuntu', metric='cpu', subsystem=None)
Telemetry(timestamp='28.05.2023 14:35:00.612867', value='8.000000', node='ubuntu', metric='tx', subsystem='enp0s25')
Telemetry(timestamp='28.05.2023 14:35:00.743209', value='3.000000', node='ubuntu', metric='rx', subsystem='enp0s25')
Telemetry(timestamp='28.05.2023 14:35:01.111194', value='1277840.000000', node='ubuntu', metric='ram', subsystem=None)
Telemetry(timestamp='28.05.2023 14:35:01.111801', value='0.502513', node='ubuntu', metric='cpu', subsystem=None)
Telemetry(timestamp='28.05.2023 14:35:01.113051', value='8.000000', node='ubuntu', metric='tx', subsystem='enp0s25')
Telemetry(timestamp='28.05.2023 14:35:01.281682', value='3.000000', node='ubuntu', metric='rx', subsystem='enp0s25')
Telemetry(timestamp='28.05.2023 14:35:01.611465', value='8.000000', node='ubuntu', metric='tx', subsystem='enp0s25')
Telemetry(timestamp='28.05.2023 14:35:01.611819', value='1.005025', node='ubuntu', metric='cpu', subsystem=None)
Telemetry(timestamp='28.05.2023 14:35:01.620547', value='3.000000', node='ubuntu', metric='rx', subsystem='enp0s25')
Telemetry(timestamp='28.05.2023 14:35:02.111413', value='0.502513', node='ubuntu', metric='cpu', subsystem=None)
Telemetry(timestamp='28.05.2023 14:35:02.111871', value='1277840.000000', node='ubuntu', metric='ram', subsystem=None)
Telemetry(timestamp='28.05.2023 14:35:02.112081', value='9.000000', node='ubuntu', metric='tx', subsystem='enp0s25')
Telemetry(timestamp='28.05.2023 14:35:02.142839', value='4.000000', node='ubuntu', metric='rx', subsystem='enp0s25')
Telemetry(timestamp='28.05.2023 14:35:02.611779', value='10.000000', node='ubuntu', metric='tx', subsystem='enp0s25')
Telemetry(timestamp='28.05.2023 14:35:02.613036', value='3.045685', node='ubuntu', metric='cpu', subsystem=None)
Telemetry(timestamp='28.05.2023 14:35:02.696818', value='5.000000', node='ubuntu', metric='rx', subsystem='enp0s25')
Telemetry(timestamp='28.05.2023 14:35:03.110793', value='0.130000', node='ubuntu', metric='load1', subsystem=None)
Telemetry(timestamp='28.05.2023 14:35:03.111104', value='1277840.000000', node='ubuntu', metric='ram', subsystem=None)
Telemetry(timestamp='28.05.2023 14:35:03.111492', value='0.505051', node='ubuntu', metric='cpu', subsystem=None)
Telemetry(timestamp='28.05.2023 14:35:03.112920', value='9.000000', node='ubuntu', metric='tx', subsystem='enp0s25')
Telemetry(timestamp='28.05.2023 14:35:03.254195', value='0.220000', node='ubuntu', metric='load5', subsystem=None)
Telemetry(timestamp='28.05.2023 14:35:03.272477', value='4.000000', node='ubuntu', metric='rx', subsystem='enp0s25')
Telemetry(timestamp='28.05.2023 14:35:03.611036', value='0.505051', node='ubuntu', metric='cpu', subsystem=None)
Telemetry(timestamp='28.05.2023 14:35:03.612339', value='9.000000', node='ubuntu', metric='tx', subsystem='enp0s25')
Telemetry(timestamp='28.05.2023 14:35:03.621006', value='4.000000', node='ubuntu', metric='rx', subsystem='enp0s25')
Telemetry(timestamp='28.05.2023 14:35:04.111197', value='1277840.000000', node='ubuntu', metric='ram', subsystem=None)
Telemetry(timestamp='28.05.2023 14:35:04.111365', value='0.000000', node='ubuntu', metric='cpu', subsystem=None)
Telemetry(timestamp='28.05.2023 14:35:04.111936', value='9.000000', node='ubuntu', metric='tx', subsystem='enp0s25')
Telemetry(timestamp='28.05.2023 14:35:04.327418', value='5.000000', node='ubuntu', metric='rx', subsystem='enp0s25')
Telemetry(timestamp='28.05.2023 14:35:04.611534', value='1.005025', node='ubuntu', metric='cpu', subsystem=None)
Telemetry(timestamp='28.05.2023 14:35:04.613873', value='9.000000', node='ubuntu', metric='tx', subsystem='enp0s25')
Telemetry(timestamp='28.05.2023 14:35:04.661097', value='4.000000', node='ubuntu', metric='rx', subsystem='enp0s25')
Telemetry(timestamp='28.05.2023 14:35:05.110924', value='1277840.000000', node='ubuntu', metric='ram', subsystem=None)
Telemetry(timestamp='28.05.2023 14:35:05.111995', value='1.005025', node='ubuntu', metric='cpu', subsystem=None)
Telemetry(timestamp='28.05.2023 14:35:05.112382', value='9.000000', node='ubuntu', metric='tx', subsystem='enp0s25')
Telemetry(timestamp='28.05.2023 14:35:05.130749', value='4.000000', node='ubuntu', metric='rx', subsystem='enp0s25')
Telemetry(timestamp='28.05.2023 14:35:05.611104', value='1.500000', node='ubuntu', metric='cpu', subsystem=None)
Telemetry(timestamp='28.05.2023 14:35:05.612870', value='9.000000', node='ubuntu', metric='tx', subsystem='enp0s25')
Telemetry(timestamp='28.05.2023 14:35:05.671165', value='4.000000', node='ubuntu', metric='rx', subsystem='enp0s25')
Telemetry(timestamp='28.05.2023 14:35:06.111604', value='1.000000', node='ubuntu', metric='cpu', subsystem=None)
Telemetry(timestamp='28.05.2023 14:35:06.112017', value='9.000000', node='ubuntu', metric='tx', subsystem='enp0s25')
Telemetry(timestamp='28.05.2023 14:35:06.112145', value='1277840.000000', node='ubuntu', metric='ram', subsystem=None)
Telemetry(timestamp='28.05.2023 14:35:06.270727', value='4.000000', node='ubuntu', metric='rx', subsystem='enp0s25')
Telemetry(timestamp='28.05.2023 14:35:06.611718', value='8.000000', node='ubuntu', metric='tx', subsystem='enp0s25')
Telemetry(timestamp='28.05.2023 14:35:06.612286', value='0.505051', node='ubuntu', metric='cpu', subsystem=None)
Telemetry(timestamp='28.05.2023 14:35:06.745537', value='4.000000', node='ubuntu', metric='rx', subsystem='enp0s25')
Telemetry(timestamp='28.05.2023 14:35:07.111494', value='1277840.000000', node='ubuntu', metric='ram', subsystem=None)
Telemetry(timestamp='28.05.2023 14:35:07.112523', value='1.515152', node='ubuntu', metric='cpu', subsystem=None)
Telemetry(timestamp='28.05.2023 14:35:07.113895', value='9.000000', node='ubuntu', metric='tx', subsystem='enp0s25')
Telemetry(timestamp='28.05.2023 14:35:07.140874', value='4.000000', node='ubuntu', metric='rx', subsystem='enp0s25')
Telemetry(timestamp='28.05.2023 14:35:07.612871', value='15.183246', node='ubuntu', metric='cpu', subsystem=None)
Telemetry(timestamp='28.05.2023 14:35:07.612964', value='47.000000', node='ubuntu', metric='tx', subsystem='enp0s25')
Telemetry(timestamp='28.05.2023 14:35:07.805678', value='1044.000000', node='ubuntu', metric='rx', subsystem='enp0s25')
Telemetry(timestamp='28.05.2023 14:35:08.110682', value='0.210000', node='ubuntu', metric='load5', subsystem=None)
Telemetry(timestamp='28.05.2023 14:35:08.110678', value='0.120000', node='ubuntu', metric='load1', subsystem=None)
Telemetry(timestamp='28.05.2023 14:35:08.110890', value='1299484.000000', node='ubuntu', metric='ram', subsystem=None)
Telemetry(timestamp='28.05.2023 14:35:08.111204', value='1.554404', node='ubuntu', metric='cpu', subsystem=None)
Telemetry(timestamp='28.05.2023 14:35:08.112157', value='99.000000', node='ubuntu', metric='tx', subsystem='enp0s25')
Telemetry(timestamp='28.05.2023 14:35:08.326851', value='2605.000000', node='ubuntu', metric='rx', subsystem='enp0s25')
Telemetry(timestamp='28.05.2023 14:35:08.611274', value='4.663212', node='ubuntu', metric='cpu', subsystem=None)
Telemetry(timestamp='28.05.2023 14:35:08.611946', value='102.000000', node='ubuntu', metric='tx', subsystem='enp0s25')
Telemetry(timestamp='28.05.2023 14:35:08.731626', value='3437.000000', node='ubuntu', metric='rx', subsystem='enp0s25')
Telemetry(timestamp='28.05.2023 14:35:09.111917', value='1299484.000000', node='ubuntu', metric='ram', subsystem=None)
Telemetry(timestamp='28.05.2023 14:35:09.111943', value='66.000000', node='ubuntu', metric='tx', subsystem='enp0s25')
Telemetry(timestamp='28.05.2023 14:35:09.112607', value='6.666667', node='ubuntu', metric='cpu', subsystem=None)
Telemetry(timestamp='28.05.2023 14:35:09.247201', value='2648.000000', node='ubuntu', metric='rx', subsystem='enp0s25')
Telemetry(timestamp='28.05.2023 14:35:09.612383', value='1.578947', node='ubuntu', metric='cpu', subsystem=None)
Telemetry(timestamp='28.05.2023 14:35:09.612780', value='66.000000', node='ubuntu', metric='tx', subsystem='enp0s25')
Telemetry(timestamp='28.05.2023 14:35:09.756047', value='2602.000000', node='ubuntu', metric='rx', subsystem='enp0s25')
Telemetry(timestamp='28.05.2023 14:35:10.111549', value='1302256.000000', node='ubuntu', metric='ram', subsystem=None)
Telemetry(timestamp='28.05.2023 14:35:10.112045', value='6.770833', node='ubuntu', metric='cpu', subsystem=None)
Telemetry(timestamp='28.05.2023 14:35:10.114022', value='83.000000', node='ubuntu', metric='tx', subsystem='enp0s25')
Telemetry(timestamp='28.05.2023 14:35:10.269525', value='3449.000000', node='ubuntu', metric='rx', subsystem='enp0s25')
Telemetry(timestamp='28.05.2023 14:35:10.611587', value='31.313131', node='ubuntu', metric='cpu', subsystem=None)
Telemetry(timestamp='28.05.2023 14:35:10.612818', value='44.000000', node='ubuntu', metric='tx', subsystem='enp0s25')
Telemetry(timestamp='28.05.2023 14:35:10.784777', value='1624.000000', node='ubuntu', metric='rx', subsystem='enp0s25')
Telemetry(timestamp='28.05.2023 14:35:11.111797', value='1319140.000000', node='ubuntu', metric='ram', subsystem=None)
Telemetry(timestamp='28.05.2023 14:35:11.112162', value='8.000000', node='ubuntu', metric='tx', subsystem='enp0s25')
Telemetry(timestamp='28.05.2023 14:35:11.112487', value='25.870647', node='ubuntu', metric='cpu', subsystem=None)
Telemetry(timestamp='28.05.2023 14:35:11.360302', value='3.000000', node='ubuntu', metric='rx', subsystem='enp0s25')
Telemetry(timestamp='28.05.2023 14:35:11.611801', value='9.000000', node='ubuntu', metric='tx', subsystem='enp0s25')
Telemetry(timestamp='28.05.2023 14:35:11.612153', value='29.000000', node='ubuntu', metric='cpu', subsystem=None)
Telemetry(timestamp='28.05.2023 14:35:11.633781', value='4.000000', node='ubuntu', metric='rx', subsystem='enp0s25')
Telemetry(timestamp='28.05.2023 14:35:12.111562', value='1323172.000000', node='ubuntu', metric='ram', subsystem=None)
Telemetry(timestamp='28.05.2023 14:35:12.111938', value='28.140704', node='ubuntu', metric='cpu', subsystem=None)
Telemetry(timestamp='28.05.2023 14:35:12.113424', value='9.000000', node='ubuntu', metric='tx', subsystem='enp0s25')
Telemetry(timestamp='28.05.2023 14:35:12.318907', value='4.000000', node='ubuntu', metric='rx', subsystem='enp0s25')
Telemetry(timestamp='28.05.2023 14:35:12.611935', value='26.633166', node='ubuntu', metric='cpu', subsystem=None)
Telemetry(timestamp='28.05.2023 14:35:12.612075', value='8.000000', node='ubuntu', metric='tx', subsystem='enp0s25')
Telemetry(timestamp='28.05.2023 14:35:12.834532', value='3.000000', node='ubuntu', metric='rx', subsystem='enp0s25')
Telemetry(timestamp='28.05.2023 14:35:13.110571', value='0.110000', node='ubuntu', metric='load1', subsystem=None)
Telemetry(timestamp='28.05.2023 14:35:13.110572', value='0.210000', node='ubuntu', metric='load5', subsystem=None)
Telemetry(timestamp='28.05.2023 14:35:13.110833', value='1323424.000000', node='ubuntu', metric='ram', subsystem=None)
Telemetry(timestamp='28.05.2023 14:35:13.111081', value='32.000000', node='ubuntu', metric='cpu', subsystem=None)
Telemetry(timestamp='28.05.2023 14:35:13.112643', value='9.000000', node='ubuntu', metric='tx', subsystem='enp0s25')
Telemetry(timestamp='28.05.2023 14:35:13.243084', value='4.000000', node='ubuntu', metric='rx', subsystem='enp0s25')
Telemetry(timestamp='28.05.2023 14:35:13.611067', value='9.000000', node='ubuntu', metric='tx', subsystem='enp0s25')
Telemetry(timestamp='28.05.2023 14:35:13.611304', value='25.125628', node='ubuntu', metric='cpu', subsystem=None)
Telemetry(timestamp='28.05.2023 14:35:13.743835', value='4.000000', node='ubuntu', metric='rx', subsystem='enp0s25')
Telemetry(timestamp='28.05.2023 14:35:14.111346', value='1323420.000000', node='ubuntu', metric='ram', subsystem=None)
Telemetry(timestamp='28.05.2023 14:35:14.112128', value='30.000000', node='ubuntu', metric='cpu', subsystem=None)
Telemetry(timestamp='28.05.2023 14:35:14.112303', value='9.000000', node='ubuntu', metric='tx', subsystem='enp0s25')
Telemetry(timestamp='28.05.2023 14:35:14.161887', value='7.000000', node='ubuntu', metric='rx', subsystem='enp0s25')
Telemetry(timestamp='28.05.2023 14:35:14.612353', value='26.130653', node='ubuntu', metric='cpu', subsystem=None)
Telemetry(timestamp='28.05.2023 14:35:14.612494', value='9.000000', node='ubuntu', metric='tx', subsystem='enp0s25')
Telemetry(timestamp='28.05.2023 14:35:14.794059', value='7.000000', node='ubuntu', metric='rx', subsystem='enp0s25')
Telemetry(timestamp='28.05.2023 14:35:15.111349', value='25.125628', node='ubuntu', metric='cpu', subsystem=None)
Telemetry(timestamp='28.05.2023 14:35:15.111491', value='1323644.000000', node='ubuntu', metric='ram', subsystem=None)
Telemetry(timestamp='28.05.2023 14:35:15.111860', value='8.000000', node='ubuntu', metric='tx', subsystem='enp0s25')
Telemetry(timestamp='28.05.2023 14:35:15.309113', value='3.000000', node='ubuntu', metric='rx', subsystem='enp0s25')
Telemetry(timestamp='28.05.2023 14:35:15.612001', value='31.683168', node='ubuntu', metric='cpu', subsystem=None)
Telemetry(timestamp='28.05.2023 14:35:15.612030', value='9.000000', node='ubuntu', metric='tx', subsystem='enp0s25')
Telemetry(timestamp='28.05.2023 14:35:15.790989', value='4.000000', node='ubuntu', metric='rx', subsystem='enp0s25')
Telemetry(timestamp='28.05.2023 14:35:16.111135', value='1331500.000000', node='ubuntu', metric='ram', subsystem=None)
Telemetry(timestamp='28.05.2023 14:35:16.111534', value='25.000000', node='ubuntu', metric='cpu', subsystem=None)
Telemetry(timestamp='28.05.2023 14:35:16.112086', value='9.000000', node='ubuntu', metric='tx', subsystem='enp0s25')
Telemetry(timestamp='28.05.2023 14:35:16.312344', value='4.000000', node='ubuntu', metric='rx', subsystem='enp0s25')
Telemetry(timestamp='28.05.2023 14:35:16.610988', value='8.000000', node='ubuntu', metric='tx', subsystem='enp0s25')
Telemetry(timestamp='28.05.2023 14:35:16.611300', value='31.818182', node='ubuntu', metric='cpu', subsystem=None)
Telemetry(timestamp='28.05.2023 14:35:16.814620', value='4.000000', node='ubuntu', metric='rx', subsystem='enp0s25')
Telemetry(timestamp='28.05.2023 14:35:17.111337', value='25.000000', node='ubuntu', metric='cpu', subsystem=None)
Telemetry(timestamp='28.05.2023 14:35:17.111632', value='9.000000', node='ubuntu', metric='tx', subsystem='enp0s25')
Telemetry(timestamp='28.05.2023 14:35:17.111950', value='1331740.000000', node='ubuntu', metric='ram', subsystem=None)
Telemetry(timestamp='28.05.2023 14:35:17.231048', value='4.000000', node='ubuntu', metric='rx', subsystem='enp0s25')
Telemetry(timestamp='28.05.2023 14:35:17.611390', value='8.000000', node='ubuntu', metric='tx', subsystem='enp0s25')
Telemetry(timestamp='28.05.2023 14:35:17.612694', value='26.130653', node='ubuntu', metric='cpu', subsystem=None)
Telemetry(timestamp='28.05.2023 14:35:17.739296', value='3.000000', node='ubuntu', metric='rx', subsystem='enp0s25')
Telemetry(timestamp='28.05.2023 14:35:18.111325', value='0.180000', node='ubuntu', metric='load1', subsystem=None)
Telemetry(timestamp='28.05.2023 14:35:18.111326', value='0.220000', node='ubuntu', metric='load5', subsystem=None)
Telemetry(timestamp='28.05.2023 14:35:18.111441', value='1331740.000000', node='ubuntu', metric='ram', subsystem=None)
Telemetry(timestamp='28.05.2023 14:35:18.111476', value='31.155779', node='ubuntu', metric='cpu', subsystem=None)
Telemetry(timestamp='28.05.2023 14:35:18.112164', value='9.000000', node='ubuntu', metric='tx', subsystem='enp0s25')
Telemetry(timestamp='28.05.2023 14:35:18.279692', value='4.000000', node='ubuntu', metric='rx', subsystem='enp0s25')
Telemetry(timestamp='28.05.2023 14:35:18.612238', value='25.125628', node='ubuntu', metric='cpu', subsystem=None)
Telemetry(timestamp='28.05.2023 14:35:18.612321', value='9.000000', node='ubuntu', metric='tx', subsystem='enp0s25')
Telemetry(timestamp='28.05.2023 14:35:18.764311', value='4.000000', node='ubuntu', metric='rx', subsystem='enp0s25')
Telemetry(timestamp='28.05.2023 14:35:19.111403', value='32.160804', node='ubuntu', metric='cpu', subsystem=None)
Telemetry(timestamp='28.05.2023 14:35:19.111565', value='1331740.000000', node='ubuntu', metric='ram', subsystem=None)
Telemetry(timestamp='28.05.2023 14:35:19.111989', value='9.000000', node='ubuntu', metric='tx', subsystem='enp0s25')
Telemetry(timestamp='28.05.2023 14:35:19.122453', value='4.000000', node='ubuntu', metric='rx', subsystem='enp0s25')
Telemetry(timestamp='28.05.2023 14:35:19.611199', value='8.000000', node='ubuntu', metric='tx', subsystem='enp0s25')
Telemetry(timestamp='28.05.2023 14:35:19.612599', value='25.125628', node='ubuntu', metric='cpu', subsystem=None)
Telemetry(timestamp='28.05.2023 14:35:19.790957', value='4.000000', node='ubuntu', metric='rx', subsystem='enp0s25')
Telemetry(timestamp='28.05.2023 14:35:20.110776', value='1331740.000000', node='ubuntu', metric='ram', subsystem=None)
Telemetry(timestamp='28.05.2023 14:35:20.111350', value='25.500000', node='ubuntu', metric='cpu', subsystem=None)
Telemetry(timestamp='28.05.2023 14:35:20.112640', value='9.000000', node='ubuntu', metric='tx', subsystem='enp0s25')
Telemetry(timestamp='28.05.2023 14:35:20.209809', value='3.000000', node='ubuntu', metric='rx', subsystem='enp0s25')
Telemetry(timestamp='28.05.2023 14:35:20.610882', value='30.653266', node='ubuntu', metric='cpu', subsystem=None)
Telemetry(timestamp='28.05.2023 14:35:20.612103', value='9.000000', node='ubuntu', metric='tx', subsystem='enp0s25')
Telemetry(timestamp='28.05.2023 14:35:20.815734', value='4.000000', node='ubuntu', metric='rx', subsystem='enp0s25')
Telemetry(timestamp='28.05.2023 14:35:21.111281', value='8.000000', node='ubuntu', metric='tx', subsystem='enp0s25')
Telemetry(timestamp='28.05.2023 14:35:21.111327', value='25.500000', node='ubuntu', metric='cpu', subsystem=None)
Telemetry(timestamp='28.05.2023 14:35:21.111535', value='1331740.000000', node='ubuntu', metric='ram', subsystem=None)
Telemetry(timestamp='28.05.2023 14:35:21.468949', value='4.000000', node='ubuntu', metric='rx', subsystem='enp0s25')
Telemetry(timestamp='28.05.2023 14:35:21.611381', value='9.000000', node='ubuntu', metric='tx', subsystem='enp0s25')